 =======================================================
 |                                                     |
 |         \/\/\/\/\/\___________/\/\/\/\/\/           |
 |                   |     \     |                     |
 |                   |     /     |                     |
 |                   |     \     |                     |
 |         /\/\/\/\/\|_____/_____|/\/\/\/\/\           |
 |                                                     |
 | Light-by-light scattering at next-to-leading order  |
 |                   (VERSION 0.5)                     |
 |                                                     |
 |    Authors:                                         |
 |            Ajjath A.H. (LPTHE Paris)                |
 |            Ekta Chaubey (Bonn)                      |
 |            Mathijs Fraaije (Bern)                   |
 |            Valentin Hirschi (Bern)                  |
 |            Hua-Sheng Shao (LPTHE Paris)             |
 |                                                     |
 |    Please cite                                      |
 |            PLB 851 (2024) 138555 [arXiv:2312.16956] |
 |            JHEP 03 (2024) 121    [arXiv:2312.16966] |
 |                                                     |
 =======================================================
 ---------------------------------------------------
         the cuts in the lab frame                  
 min transverse momentum of photon    0.0000000000000000     
 max (pseudo-)rapidity of photon    5.0000000000000000     
 min (pseudo-)rapidity of photon   -5.0000000000000000     
 min invariant mass of di-photon    0.0000000000000000     
 ---------------------------------------------------
 max=   2399998.8222271558     
 min=   0.0000000000000000     
       n_pass,     n_total
       10000       10000
  
 ====================NCALL=20K===========================
  
 ITERATION            1 :
   407273.61825962941      +\-   237.25554686319106     
 precision:   5.8254582724271873E-004
 WARNING: outside the range of the grid (xs,xt)=   189.80319468752037       -189.79402083905882     
 WARNING: set the 2-loop amplitudes to zero
 max=   2440486.5002678842     
 min=   0.0000000000000000     
       n_pass,     n_total
       20000       20005
 max=   2440486.5002678842     
 min=   0.0000000000000000     
       n_pass,     n_total
       30000       30005
 WARNING: outside the range of the grid (xs,xt)=   189.80319468752037       -8.6687380282574472E-003
 WARNING: set the 2-loop amplitudes to zero
 ITERATION            2 :
   406782.16790508426      +\-   75.416046561230857     
 precision:   1.8539663857346843E-004
 max=   2440486.5002678842     
 min=   0.0000000000000000     
       n_pass,     n_total
       40000       40024
 max=   2440486.5002678842     
 min=   0.0000000000000000     
       n_pass,     n_total
       50000       50024
 ITERATION            3 :
   406693.65561596648      +\-   75.497182231298666     
 precision:   1.8563648876438165E-004
 WARNING: outside the range of the grid (xs,xt)=   189.80319468752037       -189.79373330494187     
 WARNING: set the 2-loop amplitudes to zero
 max=   2488338.5024688845     
 min=   0.0000000000000000     
       n_pass,     n_total
       60000       60054
 max=   2488338.5024688845     
 min=   0.0000000000000000     
       n_pass,     n_total
       70000       70054
 WARNING: outside the range of the grid (xs,xt)=   189.80319468752037       -8.7820867934987057E-003
 WARNING: set the 2-loop amplitudes to zero
 WARNING: outside the range of the grid (xs,xt)=   189.80319468752037       -9.3534186273336456E-003
 WARNING: set the 2-loop amplitudes to zero
 INFO: will suppress the further warning
 ITERATION            4 :
   406640.45992721058      +\-   68.993890564312238     
 precision:   1.6966804182904542E-004
 max=   2489914.3571042870     
 min=   0.0000000000000000     
       n_pass,     n_total
       80000       80092
 max=   2489914.3571042870     
 min=   0.0000000000000000     
       n_pass,     n_total
       90000       90092
 ITERATION            5 :
   406691.31546986499      +\-   61.317534079757493     
 precision:   1.5077168296282687E-004
 max=   2493079.7634002920     
 min=   0.0000000000000000     
       n_pass,     n_total
      100000      100145
 max=   2493079.7634002920     
 min=   0.0000000000000000     
       n_pass,     n_total
      110000      110145
 ITERATION            6 :
   406643.58121990762      +\-   57.249865498073930     
 precision:   1.4078634987014325E-004
 max=   2493098.2520453520     
 min=   0.0000000000000000     
       n_pass,     n_total
      120000      120193
 max=   2493098.2520453520     
 min=   0.0000000000000000     
       n_pass,     n_total
      130000      130193
 ITERATION            7 :
   406760.03551153553      +\-   55.861112835939331     
 precision:   1.3733186143935995E-004
 max=   2493110.0446102633     
 min=   0.0000000000000000     
       n_pass,     n_total
      140000      140254
 max=   2493110.0446102633     
 min=   0.0000000000000000     
       n_pass,     n_total
      150000      150254
 ITERATION            8 :
   406566.25280486437      +\-   55.423562544721932     
 precision:   1.3632110919772536E-004
 max=   2516235.1921160035     
 min=   0.0000000000000000     
       n_pass,     n_total
      160000      160326
 max=   2516235.1921160035     
 min=   0.0000000000000000     
       n_pass,     n_total
      170000      170326
 ITERATION            9 :
   406692.81066790159      +\-   53.851411147546713     
 precision:   1.3241299018565848E-004
 max=   2516235.1921160035     
 min=   0.0000000000000000     
       n_pass,     n_total
      180000      180395
 max=   2516235.1921160035     
 min=   0.0000000000000000     
       n_pass,     n_total
      190000      190395
 ITERATION           10 :
   406735.42471357301      +\-   54.614698834634176     
 precision:   1.3427573679645525E-004
 ====================NCALL=40K ===========================
  
 max=   2525579.0978232943     
 min=   0.0000000000000000     
       n_pass,     n_total
      200000      200533
 max=   2525579.0978232943     
 min=   0.0000000000000000     
       n_pass,     n_total
      210000      210533
 max=   2525579.0978232943     
 min=   0.0000000000000000     
       n_pass,     n_total
      220000      220533
 max=   2525579.0978232943     
 min=   0.0000000000000000     
       n_pass,     n_total
      230000      230533
   406687.41684467107      +\-   27.629971532816342     
 precision:   6.7939086355772957E-005
 ====================NCALL=80K ===========================
  
 max=   2525579.0978232943     
 min=   0.0000000000000000     
       n_pass,     n_total
      240000      240860
 max=   2525579.0978232943     
 min=   0.0000000000000000     
       n_pass,     n_total
      250000      250860
 max=   2525579.0978232943     
 min=   0.0000000000000000     
       n_pass,     n_total
      260000      260860
 max=   2525579.0978232943     
 min=   0.0000000000000000     
       n_pass,     n_total
      270000      270860
 max=   2525579.0978232943     
 min=   0.0000000000000000     
       n_pass,     n_total
      280000      280860
 max=   2525579.0978232943     
 min=   0.0000000000000000     
       n_pass,     n_total
      290000      290860
 max=   2525579.0978232943     
 min=   0.0000000000000000     
       n_pass,     n_total
      300000      300860
 max=   2525579.0978232943     
 min=   0.0000000000000000     
       n_pass,     n_total
      310000      310860
   406651.00122392178      +\-   13.725156609701225     
 precision:   3.3751685274084666E-005
 sigma (pb)                   sd (pb)
   406651.00122392178        13.725156609701225     
