 =======================================================
 |                                                     |
 |         \/\/\/\/\/\___________/\/\/\/\/\/           |
 |                   |     \     |                     |
 |                   |     /     |                     |
 |                   |     \     |                     |
 |         /\/\/\/\/\|_____/_____|/\/\/\/\/\           |
 |                                                     |
 | Light-by-light scattering at next-to-leading order  |
 |                   (VERSION 0.5)                     |
 |                                                     |
 |    Authors:                                         |
 |            Ajjath A.H. (LPTHE Paris)                |
 |            Ekta Chaubey (Bonn)                      |
 |            Mathijs Fraaije (Bern)                   |
 |            Valentin Hirschi (Bern)                  |
 |            Hua-Sheng Shao (LPTHE Paris)             |
 |                                                     |
 |    Please cite                                      |
 |            PLB 851 (2024) 138555 [arXiv:2312.16956] |
 |            JHEP 03 (2024) 121    [arXiv:2312.16966] |
 |                                                     |
 =======================================================
 ---------------------------------------------------
         the cuts in the lab frame                  
 min transverse momentum of photon    0.0000000000000000     
 max (pseudo-)rapidity of photon    5.0000000000000000     
 min (pseudo-)rapidity of photon   -5.0000000000000000     
 min invariant mass of di-photon    0.0000000000000000     
 ---------------------------------------------------
 max=   11.343549494120056     
 min=   0.0000000000000000     
       n_pass,     n_total
       10000       10000
  
 ====================NCALL=20K===========================
  
 ITERATION            1 :
   2.0839593615082429E-002 +\-   1.5327706586457910E-003
 precision:   7.3550890048857037E-002
 WARNING: outside the range of the grid (xs,xt)=   34417777.777777776       -34416056.993691169     
 WARNING: set the 2-loop amplitudes to zero
 WARNING: outside the range of the grid (xs,xt)=   3432243.7673130194       -3432072.1655758503     
 WARNING: set the 2-loop amplitudes to zero
 WARNING: outside the range of the grid (xs,xt)=   2587.4569815229374       -2587.3276165526786     
 WARNING: set the 2-loop amplitudes to zero
 WARNING: outside the range of the grid (xs,xt)=   24523953.765506797       -24522727.642494060     
 WARNING: set the 2-loop amplitudes to zero
 max=   12.265363642591836     
 min=   0.0000000000000000     
       n_pass,     n_total
       20000       20010
 max=   12.265363642591836     
 min=   0.0000000000000000     
       n_pass,     n_total
       30000       30010
 ITERATION            2 :
   1.9574583178379016E-002 +\-   3.8300661440421704E-004
 precision:   1.9566527211024580E-002
 WARNING: outside the range of the grid (xs,xt)=   34417777.777777776       -34416076.715139180     
 WARNING: set the 2-loop amplitudes to zero
 INFO: will suppress the further warning
 max=   12.437625340250955     
 min=   0.0000000000000000     
       n_pass,     n_total
       40000       40059
 max=   12.437625340250955     
 min=   0.0000000000000000     
       n_pass,     n_total
       50000       50059
 ITERATION            3 :
   1.9731962137231412E-002 +\-   9.3543518844715369E-005
 precision:   4.7407104369114935E-003
 max=   12.463697453290926     
 min=   0.0000000000000000     
       n_pass,     n_total
       60000       60360
 max=   12.463697453290926     
 min=   0.0000000000000000     
       n_pass,     n_total
       70000       70360
 ITERATION            4 :
   1.9646738029080141E-002 +\-   2.6570112413339814E-005
 precision:   1.3523930727845016E-003
 max=   12.464026313600060     
 min=   0.0000000000000000     
       n_pass,     n_total
       80000       81253
 max=   12.464026313600060     
 min=   0.0000000000000000     
       n_pass,     n_total
       90000       91253
 ITERATION            5 :
   1.9645002094899170E-002 +\-   1.4196280976155185E-005
 precision:   7.2264084816978731E-004
 max=   12.466095684300278     
 min=   0.0000000000000000     
       n_pass,     n_total
      100000      102820
 max=   12.466095684300278     
 min=   0.0000000000000000     
       n_pass,     n_total
      110000      112820
 ITERATION            6 :
   1.9635789509673329E-002 +\-   1.2152994686080428E-005
 precision:   6.1892060312081698E-004
 max=   12.466095684300278     
 min=   0.0000000000000000     
       n_pass,     n_total
      120000      124528
 max=   12.466095684300278     
 min=   0.0000000000000000     
       n_pass,     n_total
      130000      134528
 ITERATION            7 :
   1.9660466607057007E-002 +\-   1.2300411536719989E-005
 precision:   6.2564189256346695E-004
 max=   12.466095684300278     
 min=   0.0000000000000000     
       n_pass,     n_total
      140000      146933
 ITERATION            8 :
   1.9634179703060355E-002 +\-   1.1646398616684802E-005
 precision:   5.9316960488395103E-004
 max=   12.466095684300278     
 min=   0.0000000000000000     
       n_pass,     n_total
      150000      158934
 max=   12.466095684300278     
 min=   0.0000000000000000     
       n_pass,     n_total
      160000      168934
 ITERATION            9 :
   1.9650304405646416E-002 +\-   1.1131678032558202E-005
 precision:   5.6648883410475670E-004
 max=   12.466095684300278     
 min=   0.0000000000000000     
       n_pass,     n_total
      170000      179872
 max=   12.466095684300278     
 min=   0.0000000000000000     
       n_pass,     n_total
      180000      189872
 ITERATION           10 :
   1.9662740929974786E-002 +\-   9.9465114396366038E-006
 precision:   5.0585579472664890E-004
 ====================NCALL=40K ===========================
  
 max=   12.466095684300278     
 min=   0.0000000000000000     
       n_pass,     n_total
      190000      201715
 max=   12.466095684300278     
 min=   0.0000000000000000     
       n_pass,     n_total
      200000      211715
 max=   12.466095684300278     
 min=   0.0000000000000000     
       n_pass,     n_total
      210000      221715
 max=   12.466095684300278     
 min=   0.0000000000000000     
       n_pass,     n_total
      220000      231715
   1.9643970095050818E-002 +\-   7.2268238169285040E-006
 precision:   3.6789018624851499E-004
 ====================NCALL=80K ===========================
  
 max=   12.466095684300278     
 min=   0.0000000000000000     
       n_pass,     n_total
      230000      248449
 max=   12.466095684300278     
 min=   0.0000000000000000     
       n_pass,     n_total
      240000      258449
 max=   12.466095684300278     
 min=   0.0000000000000000     
       n_pass,     n_total
      250000      268449
 max=   12.466095684300278     
 min=   0.0000000000000000     
       n_pass,     n_total
      260000      278449
 max=   12.466095684300278     
 min=   0.0000000000000000     
       n_pass,     n_total
      270000      288449
 max=   12.466095684300278     
 min=   0.0000000000000000     
       n_pass,     n_total
      280000      298449
 max=   12.466095684300278     
 min=   0.0000000000000000     
       n_pass,     n_total
      290000      308449
   1.9648613572761691E-002 +\-   2.9209708051324467E-006
 precision:   1.4866040264447487E-004
 sigma (pb)                   sd (pb)
   1.9648613572761691E-002   2.9209708051324467E-006
