 =======================================================
 |                                                     |
 |         \/\/\/\/\/\___________/\/\/\/\/\/           |
 |                   |     \     |                     |
 |                   |     /     |                     |
 |                   |     \     |                     |
 |         /\/\/\/\/\|_____/_____|/\/\/\/\/\           |
 |                                                     |
 | Light-by-light scattering at next-to-leading order  |
 |                   (VERSION 0.5)                     |
 |                                                     |
 |    Authors:                                         |
 |            Ajjath A.H. (LPTHE Paris)                |
 |            Ekta Chaubey (Bonn)                      |
 |            Mathijs Fraaije (Bern)                   |
 |            Valentin Hirschi (Bern)                  |
 |            Hua-Sheng Shao (LPTHE Paris)             |
 |                                                     |
 |    Please cite                                      |
 |            PLB 851 (2024) 138555 [arXiv:2312.16956] |
 |            JHEP 03 (2024) 121    [arXiv:2312.16966] |
 |                                                     |
 =======================================================
 ---------------------------------------------------
         the cuts in the lab frame                  
 min transverse momentum of photon    0.0000000000000000     
 max (pseudo-)rapidity of photon    5.0000000000000000     
 min (pseudo-)rapidity of photon   -5.0000000000000000     
 min invariant mass of di-photon    0.0000000000000000     
 ---------------------------------------------------
 max=   5.4680799526155964E-007
 min=   0.0000000000000000     
       n_pass,     n_total
       10000       10000
  
 ====================NCALL=20K===========================
  
 ITERATION            1 :
   3.8099037213156439E-007 +\-   7.5491748906499733E-010
 precision:   1.9814608039604416E-003
 max=   2.5607597082281658E-006
 min=   0.0000000000000000     
       n_pass,     n_total
       20000       20001
 max=   2.5607597082281658E-006
 min=   0.0000000000000000     
       n_pass,     n_total
       30000       30001
 ITERATION            2 :
   3.8094956833612052E-007 +\-   5.7460043352810782E-010
 precision:   1.5083372742428853E-003
 max=   2.5607597082281658E-006
 min=   0.0000000000000000     
       n_pass,     n_total
       40000       40002
 max=   2.5607597082281658E-006
 min=   0.0000000000000000     
       n_pass,     n_total
       50000       50002
 ITERATION            3 :
   3.8050828601884832E-007 +\-   4.9069775693981495E-010
 precision:   1.2895849445851710E-003
 max=   2.5619696709936985E-006
 min=   0.0000000000000000     
       n_pass,     n_total
       60000       60003
 max=   2.5619696709936985E-006
 min=   0.0000000000000000     
       n_pass,     n_total
       70000       70003
 ITERATION            4 :
   3.8200544749794734E-007 +\-   5.5293546452246017E-010
 precision:   1.4474543966429465E-003
 max=   2.5619696709936985E-006
 min=   0.0000000000000000     
       n_pass,     n_total
       80000       80004
 max=   2.5619696709936985E-006
 min=   0.0000000000000000     
       n_pass,     n_total
       90000       90004
 ITERATION            5 :
   3.8130126050987463E-007 +\-   5.6446588467989381E-010
 precision:   1.4803672139061174E-003
 max=   2.5619696709936985E-006
 min=   0.0000000000000000     
       n_pass,     n_total
      100000      100005
 max=   2.5619696709936985E-006
 min=   0.0000000000000000     
       n_pass,     n_total
      110000      110005
 ITERATION            6 :
   3.8139705207652404E-007 +\-   5.8859619777651819E-010
 precision:   1.5432636266376318E-003
 max=   2.5619696709936985E-006
 min=   0.0000000000000000     
       n_pass,     n_total
      120000      120008
 max=   2.5619696709936985E-006
 min=   0.0000000000000000     
       n_pass,     n_total
      130000      130008
 ITERATION            7 :
   3.8088817539124909E-007 +\-   5.0892841640505136E-010
 precision:   1.3361622893183257E-003
 max=   2.5619696709936985E-006
 min=   0.0000000000000000     
       n_pass,     n_total
      140000      140010
 max=   2.5619696709936985E-006
 min=   0.0000000000000000     
       n_pass,     n_total
      150000      150010
 ITERATION            8 :
   3.7998358127467654E-007 +\-   5.8762260852499203E-010
 precision:   1.5464421029818673E-003
 max=   2.5619696709936985E-006
 min=   0.0000000000000000     
       n_pass,     n_total
      160000      160012
 max=   2.5619696709936985E-006
 min=   0.0000000000000000     
       n_pass,     n_total
      170000      170012
 ITERATION            9 :
   3.8144534380749055E-007 +\-   5.0811688825276976E-010
 precision:   1.3320830795334295E-003
 max=   2.5619757981889831E-006
 min=   0.0000000000000000     
       n_pass,     n_total
      180000      180015
 max=   2.5619757981889831E-006
 min=   0.0000000000000000     
       n_pass,     n_total
      190000      190015
 ITERATION           10 :
   3.8090338677994950E-007 +\-   5.2839761369599834E-010
 precision:   1.3872221461797012E-003
 ====================NCALL=40K ===========================
  
 max=   2.5619757981889831E-006
 min=   0.0000000000000000     
       n_pass,     n_total
      200000      200017
 max=   2.5619757981889831E-006
 min=   0.0000000000000000     
       n_pass,     n_total
      210000      210017
 max=   2.5619757981889831E-006
 min=   0.0000000000000000     
       n_pass,     n_total
      220000      220017
 max=   2.5619757981889831E-006
 min=   0.0000000000000000     
       n_pass,     n_total
      230000      230017
   3.8091767482275278E-007 +\-   2.9608741188700681E-010
 precision:   7.7730027104880631E-004
 ====================NCALL=80K ===========================
  
 max=   2.5620712650211494E-006
 min=   0.0000000000000000     
       n_pass,     n_total
      240000      240020
 max=   2.5620712650211494E-006
 min=   0.0000000000000000     
       n_pass,     n_total
      250000      250020
 max=   2.5620712650211494E-006
 min=   0.0000000000000000     
       n_pass,     n_total
      260000      260020
 max=   2.5620712650211494E-006
 min=   0.0000000000000000     
       n_pass,     n_total
      270000      270020
 max=   2.5620712650211494E-006
 min=   0.0000000000000000     
       n_pass,     n_total
      280000      280020
 max=   2.5620712650211494E-006
 min=   0.0000000000000000     
       n_pass,     n_total
      290000      290020
 max=   2.5620712650211494E-006
 min=   0.0000000000000000     
       n_pass,     n_total
      300000      300020
 max=   2.5620712650211494E-006
 min=   0.0000000000000000     
       n_pass,     n_total
      310000      310020
   3.8073992337430835E-007 +\-   1.7372938917652994E-010
 precision:   4.5629412234171000E-004
 sigma (pb)                   sd (pb)
   3.8073992337430835E-007   1.7372938917652994E-010
