 =======================================================
 |                                                     |
 |         \/\/\/\/\/\___________/\/\/\/\/\/           |
 |                   |     \     |                     |
 |                   |     /     |                     |
 |                   |     \     |                     |
 |         /\/\/\/\/\|_____/_____|/\/\/\/\/\           |
 |                                                     |
 | Light-by-light scattering at next-to-leading order  |
 |                   (VERSION 0.5)                     |
 |                                                     |
 |    Authors:                                         |
 |            Ajjath A.H. (LPTHE Paris)                |
 |            Ekta Chaubey (Bonn)                      |
 |            Mathijs Fraaije (Bern)                   |
 |            Valentin Hirschi (Bern)                  |
 |            Hua-Sheng Shao (LPTHE Paris)             |
 |                                                     |
 |    Please cite                                      |
 |            PLB 851 (2024) 138555 [arXiv:2312.16956] |
 |            JHEP 03 (2024) 121    [arXiv:2312.16966] |
 |                                                     |
 =======================================================
 ---------------------------------------------------
         the cuts in the lab frame                  
 min transverse momentum of photon    0.0000000000000000     
 max (pseudo-)rapidity of photon    5.0000000000000000     
 min (pseudo-)rapidity of photon   -5.0000000000000000     
 min invariant mass of di-photon    0.0000000000000000     
 ---------------------------------------------------
 max=   1579939.0599025907     
 min=   0.0000000000000000     
       n_pass,     n_total
       10000       10000
  
 ====================NCALL=20K===========================
  
 ITERATION            1 :
   130967.28376854255      +\-   241.79432545869386     
 precision:   1.8462192885210559E-003
 max=   1586834.5951555748     
 min=   0.0000000000000000     
       n_pass,     n_total
       20000       20007
 max=   1586834.5951555748     
 min=   0.0000000000000000     
       n_pass,     n_total
       30000       30007
 ITERATION            2 :
   130467.89049581692      +\-   45.883499405017140     
 precision:   3.5168422843847750E-004
 WARNING: outside the range of the grid (xs,xt)=   681.50627486873896       -681.47259774339977     
 WARNING: set the 2-loop amplitudes to zero
 WARNING: outside the range of the grid (xs,xt)=   1.3838389493886258E-002  -1.3837705659863499E-002
 WARNING: set the 2-loop amplitudes to zero
 max=   1599808.1500583561     
 min=   0.0000000000000000     
       n_pass,     n_total
       40000       40030
 max=   1599808.1500583561     
 min=   0.0000000000000000     
       n_pass,     n_total
       50000       50030
 WARNING: outside the range of the grid (xs,xt)=   681.50627486873896       -3.3197445567371260E-002
 WARNING: set the 2-loop amplitudes to zero
 WARNING: outside the range of the grid (xs,xt)=   1.3838389493886258E-002  -6.7409384022451384E-007
 WARNING: set the 2-loop amplitudes to zero
 ITERATION            3 :
   130410.04481617539      +\-   34.761699209325300     
 precision:   2.6655691483217430E-004
 WARNING: outside the range of the grid (xs,xt)=   681.50627486873896       -681.47319178476141     
 WARNING: set the 2-loop amplitudes to zero
 INFO: will suppress the further warning
 max=   1599808.1500583561     
 min=   0.0000000000000000     
       n_pass,     n_total
       60000       60080
 max=   1599808.1500583561     
 min=   0.0000000000000000     
       n_pass,     n_total
       70000       70080
 ITERATION            4 :
   130415.36943306981      +\-   29.510610254902911     
 precision:   2.2628169044176951E-004
 max=   1599808.1500583561     
 min=   0.0000000000000000     
       n_pass,     n_total
       80000       80158
 max=   1599808.1500583561     
 min=   0.0000000000000000     
       n_pass,     n_total
       90000       90158
 ITERATION            5 :
   130423.76127969626      +\-   26.215379889661907     
 precision:   2.0100156315414430E-004
 max=   1602802.2156111081     
 min=   0.0000000000000000     
       n_pass,     n_total
      100000      100275
 max=   1602802.2156111081     
 min=   0.0000000000000000     
       n_pass,     n_total
      110000      110275
 ITERATION            6 :
   130409.55596831295      +\-   25.098383340223016     
 precision:   1.9245816116666672E-004
 max=   1605501.6305511910     
 min=   0.0000000000000000     
       n_pass,     n_total
      120000      120401
 max=   1605501.6305511910     
 min=   0.0000000000000000     
       n_pass,     n_total
      130000      130401
 ITERATION            7 :
   130465.32650493800      +\-   24.117669262635058     
 precision:   1.8485884264216534E-004
 max=   1605501.6305511910     
 min=   0.0000000000000000     
       n_pass,     n_total
      140000      140550
 max=   1605501.6305511910     
 min=   0.0000000000000000     
       n_pass,     n_total
      150000      150550
 ITERATION            8 :
   130381.74025928641      +\-   23.728620362617772     
 precision:   1.8199343186729483E-004
 max=   1605501.6305511910     
 min=   0.0000000000000000     
       n_pass,     n_total
      160000      160709
 max=   1605501.6305511910     
 min=   0.0000000000000000     
       n_pass,     n_total
      170000      170709
 ITERATION            9 :
   130422.00233420152      +\-   23.146195159027528     
 precision:   1.7747155192201594E-004
 max=   1605501.6305511910     
 min=   0.0000000000000000     
       n_pass,     n_total
      180000      180886
 max=   1605501.6305511910     
 min=   0.0000000000000000     
       n_pass,     n_total
      190000      190886
 ITERATION           10 :
   130439.85315464335      +\-   23.143903668545011     
 precision:   1.7742969735719258E-004
 ====================NCALL=40K ===========================
  
 max=   1605501.6305511910     
 min=   0.0000000000000000     
       n_pass,     n_total
      200000      201171
 max=   1605501.6305511910     
 min=   0.0000000000000000     
       n_pass,     n_total
      210000      211171
 max=   1605501.6305511910     
 min=   0.0000000000000000     
       n_pass,     n_total
      220000      221171
 max=   1605501.6305511910     
 min=   0.0000000000000000     
       n_pass,     n_total
      230000      231171
   130441.54519551256      +\-   11.411456904445645     
 precision:   8.7483300564567527E-005
 ====================NCALL=80K ===========================
  
 max=   1605863.8193240454     
 min=   0.0000000000000000     
       n_pass,     n_total
      240000      241722
 max=   1605863.8193240454     
 min=   0.0000000000000000     
       n_pass,     n_total
      250000      251722
 max=   1605863.8193240454     
 min=   0.0000000000000000     
       n_pass,     n_total
      260000      261722
 max=   1605863.8193240454     
 min=   0.0000000000000000     
       n_pass,     n_total
      270000      271722
 max=   1605863.8193240454     
 min=   0.0000000000000000     
       n_pass,     n_total
      280000      281722
 max=   1605863.8193240454     
 min=   0.0000000000000000     
       n_pass,     n_total
      290000      291722
 max=   1605863.8193240454     
 min=   0.0000000000000000     
       n_pass,     n_total
      300000      301722
 max=   1605863.8193240454     
 min=   0.0000000000000000     
       n_pass,     n_total
      310000      311722
   130423.37287753470      +\-   5.2229378831684912     
 precision:   4.0046026781355673E-005
 sigma (pb)                   sd (pb)
   130423.37287753470        5.2229378831684912     
