 =======================================================
 |                                                     |
 |         \/\/\/\/\/\___________/\/\/\/\/\/           |
 |                   |     \     |                     |
 |                   |     /     |                     |
 |                   |     \     |                     |
 |         /\/\/\/\/\|_____/_____|/\/\/\/\/\           |
 |                                                     |
 | Light-by-light scattering at next-to-leading order  |
 |                   (VERSION 0.5)                     |
 |                                                     |
 |    Authors:                                         |
 |            Ajjath A.H. (LPTHE Paris)                |
 |            Ekta Chaubey (Bonn)                      |
 |            Mathijs Fraaije (Bern)                   |
 |            Valentin Hirschi (Bern)                  |
 |            Hua-Sheng Shao (LPTHE Paris)             |
 |                                                     |
 |    Please cite                                      |
 |            PLB 851 (2024) 138555 [arXiv:2312.16956] |
 |            JHEP 03 (2024) 121    [arXiv:2312.16966] |
 |                                                     |
 =======================================================
 ---------------------------------------------------
         the cuts in the lab frame                  
 min transverse momentum of photon    0.0000000000000000     
 max (pseudo-)rapidity of photon    5.0000000000000000     
 min (pseudo-)rapidity of photon   -5.0000000000000000     
 min invariant mass of di-photon    0.0000000000000000     
 ---------------------------------------------------
 max=   103436.66446428826     
 min=   0.0000000000000000     
       n_pass,     n_total
       10000       10000
  
 ====================NCALL=20K===========================
  
 ITERATION            1 :
   1574.1173262928041      +\-   13.109140217524367     
 precision:   8.3279308337184995E-003
 WARNING: outside the range of the grid (xs,xt)=  0.13789583426152816      -0.13788918785568358     
 WARNING: set the 2-loop amplitudes to zero
 WARNING: outside the range of the grid (xs,xt)=  0.13386989619377160      -0.13386344383308035     
 WARNING: set the 2-loop amplitudes to zero
 WARNING: outside the range of the grid (xs,xt)=   6.4453810912119949E-002  -6.4450704319467284E-002
 WARNING: set the 2-loop amplitudes to zero
 WARNING: outside the range of the grid (xs,xt)=   59265.091662485975       -59262.235159577722     
 WARNING: set the 2-loop amplitudes to zero
 WARNING: outside the range of the grid (xs,xt)=   1.2034128694916466       -1.2033548665043043     
 WARNING: set the 2-loop amplitudes to zero
 INFO: will suppress the further warning
 max=   111172.50950792737     
 min=   0.0000000000000000     
       n_pass,     n_total
       20000       20009
 max=   111172.50950792737     
 min=   0.0000000000000000     
       n_pass,     n_total
       30000       30009
 ITERATION            2 :
   1558.4357285555395      +\-   3.2409302116126035     
 precision:   2.0796046652604085E-003
 max=   113698.23906547045     
 min=   0.0000000000000000     
       n_pass,     n_total
       40000       40044
 max=   113698.23906547045     
 min=   0.0000000000000000     
       n_pass,     n_total
       50000       50044
 ITERATION            3 :
   1557.9902032656271      +\-   1.1047172062160084     
 precision:   7.0906556658730251E-004
 max=   114508.70772786434     
 min=   0.0000000000000000     
       n_pass,     n_total
       60000       60177
 max=   114508.70772786434     
 min=   0.0000000000000000     
       n_pass,     n_total
       70000       70177
 ITERATION            4 :
   1558.6130388741963      +\-  0.68718565727956893     
 precision:   4.4089561689791254E-004
 max=   114624.60014313424     
 min=   0.0000000000000000     
       n_pass,     n_total
       80000       80490
 max=   114624.60014313424     
 min=   0.0000000000000000     
       n_pass,     n_total
       90000       90490
 ITERATION            5 :
   1558.1036829638749      +\-  0.46408527928008597     
 precision:   2.9785262967692115E-004
 max=   114624.60014313424     
 min=   0.0000000000000000     
       n_pass,     n_total
      100000      100914
 max=   114624.60014313424     
 min=   0.0000000000000000     
       n_pass,     n_total
      110000      110914
 ITERATION            6 :
   1558.1973481902680      +\-  0.36835884657766138     
 precision:   2.3640063757359310E-004
 max=   114633.99070389662     
 min=   0.0000000000000000     
       n_pass,     n_total
      120000      121210
 max=   114633.99070389662     
 min=   0.0000000000000000     
       n_pass,     n_total
      130000      131210
 ITERATION            7 :
   1559.1655159173272      +\-  0.46232730402924460     
 precision:   2.9652227381211460E-004
 max=   114644.81296198948     
 min=   0.0000000000000000     
       n_pass,     n_total
      140000      141692
 max=   114644.81296198948     
 min=   0.0000000000000000     
       n_pass,     n_total
      150000      151692
 ITERATION            8 :
   1557.7982629986545      +\-  0.47532448017544365     
 precision:   3.0512582499641304E-004
 max=   114644.81296198948     
 min=   0.0000000000000000     
       n_pass,     n_total
      160000      162145
 max=   114644.81296198948     
 min=   0.0000000000000000     
       n_pass,     n_total
      170000      172145
 ITERATION            9 :
   1558.1260946997240      +\-  0.41644437273598700     
 precision:   2.6727257450639291E-004
 max=   114644.81296198948     
 min=   0.0000000000000000     
       n_pass,     n_total
      180000      182797
 max=   114644.81296198948     
 min=   0.0000000000000000     
       n_pass,     n_total
      190000      192797
 ITERATION           10 :
   1558.6786017246395      +\-  0.39512152484304469     
 precision:   2.5349775406286612E-004
 ====================NCALL=40K ===========================
  
 max=   114644.81296198948     
 min=   0.0000000000000000     
       n_pass,     n_total
      200000      203902
 max=   114644.81296198948     
 min=   0.0000000000000000     
       n_pass,     n_total
      210000      213902
 max=   114644.81296198948     
 min=   0.0000000000000000     
       n_pass,     n_total
      220000      223902
 max=   114644.81296198948     
 min=   0.0000000000000000     
       n_pass,     n_total
      230000      233902
   1558.4368122742719      +\-  0.18905752247287694     
 precision:   1.2131227970480230E-004
 ====================NCALL=80K ===========================
  
 max=   114651.68804668116     
 min=   0.0000000000000000     
       n_pass,     n_total
      240000      246509
 max=   114651.68804668116     
 min=   0.0000000000000000     
       n_pass,     n_total
      250000      256509
 max=   114651.68804668116     
 min=   0.0000000000000000     
       n_pass,     n_total
      260000      266509
 max=   114651.68804668116     
 min=   0.0000000000000000     
       n_pass,     n_total
      270000      276509
 max=   114651.68804668116     
 min=   0.0000000000000000     
       n_pass,     n_total
      280000      286509
 max=   114651.68804668116     
 min=   0.0000000000000000     
       n_pass,     n_total
      290000      296509
 max=   114651.68804668116     
 min=   0.0000000000000000     
       n_pass,     n_total
      300000      306509
   1558.2233485524491      +\-   9.1990103244593238E-002
 precision:   5.9035248913481989E-005
 sigma (pb)                   sd (pb)
   1558.2233485524491        9.1990103244593238E-002
