 =======================================================
 |                                                     |
 |         \/\/\/\/\/\___________/\/\/\/\/\/           |
 |                   |     \     |                     |
 |                   |     /     |                     |
 |                   |     \     |                     |
 |         /\/\/\/\/\|_____/_____|/\/\/\/\/\           |
 |                                                     |
 | Light-by-light scattering at next-to-leading order  |
 |                   (VERSION 0.5)                     |
 |                                                     |
 |    Authors:                                         |
 |            Ajjath A.H. (LPTHE Paris)                |
 |            Ekta Chaubey (Bonn)                      |
 |            Mathijs Fraaije (Bern)                   |
 |            Valentin Hirschi (Bern)                  |
 |            Hua-Sheng Shao (LPTHE Paris)             |
 |                                                     |
 |    Please cite                                      |
 |            PLB 851 (2024) 138555 [arXiv:2312.16956] |
 |            JHEP 03 (2024) 121    [arXiv:2312.16966] |
 |                                                     |
 =======================================================
 ---------------------------------------------------
         the cuts in the lab frame                  
 min transverse momentum of photon    0.0000000000000000     
 max (pseudo-)rapidity of photon    5.0000000000000000     
 min (pseudo-)rapidity of photon   -5.0000000000000000     
 min invariant mass of di-photon    0.0000000000000000     
 ---------------------------------------------------
 max=   1477743.0036163633     
 min=   0.0000000000000000     
       n_pass,     n_total
       10000       10000
  
 ====================NCALL=20K===========================
  
 ITERATION            1 :
   111863.48619949956      +\-   235.01528527807551     
 precision:   2.1009115061812449E-003
 max=   1484287.3417648983     
 min=   0.0000000000000000     
       n_pass,     n_total
       20000       20007
 max=   1484287.3417648983     
 min=   0.0000000000000000     
       n_pass,     n_total
       30000       30007
 ITERATION            2 :
   111383.06725932882      +\-   41.821657142319978     
 precision:   3.7547589747145550E-004
 WARNING: outside the range of the grid (xs,xt)=   806.29325102155713       -806.25502359440918     
 WARNING: set the 2-loop amplitudes to zero
 WARNING: outside the range of the grid (xs,xt)=   1.6372263125643490E-002  -1.6371486895041174E-002
 WARNING: set the 2-loop amplitudes to zero
 max=   1494471.4513413201     
 min=   0.0000000000000000     
       n_pass,     n_total
       40000       40030
 max=   1494471.4513413201     
 min=   0.0000000000000000     
       n_pass,     n_total
       50000       50030
 WARNING: outside the range of the grid (xs,xt)=   806.29325102155713       -3.9230478309517369E-002
 WARNING: set the 2-loop amplitudes to zero
 WARNING: outside the range of the grid (xs,xt)=   1.6372263125643490E-002  -7.9659815162101066E-007
 WARNING: set the 2-loop amplitudes to zero
 WARNING: outside the range of the grid (xs,xt)=   806.29325102155713       -3.7634205506771899E-002
 WARNING: set the 2-loop amplitudes to zero
 INFO: will suppress the further warning
 ITERATION            3 :
   111337.10167494252      +\-   30.845109520901872     
 precision:   2.7704250476141015E-004
 max=   1494471.4513413201     
 min=   0.0000000000000000     
       n_pass,     n_total
       60000       60084
 max=   1494471.4513413201     
 min=   0.0000000000000000     
       n_pass,     n_total
       70000       70084
 ITERATION            4 :
   111337.15418756739      +\-   26.271962331339534     
 precision:   2.3596761137867513E-004
 max=   1494471.4513413201     
 min=   0.0000000000000000     
       n_pass,     n_total
       80000       80171
 max=   1494471.4513413201     
 min=   0.0000000000000000     
       n_pass,     n_total
       90000       90171
 ITERATION            5 :
   111339.86807466560      +\-   23.094956417273227     
 precision:   2.0742755328024572E-004
 max=   1494471.4513413201     
 min=   0.0000000000000000     
       n_pass,     n_total
      100000      100303
 max=   1494471.4513413201     
 min=   0.0000000000000000     
       n_pass,     n_total
      110000      110303
 ITERATION            6 :
   111324.92459359167      +\-   22.097086490986509     
 precision:   1.9849181638034104E-004
 max=   1494646.9633560185     
 min=   0.0000000000000000     
       n_pass,     n_total
      120000      120448
 max=   1494646.9633560185     
 min=   0.0000000000000000     
       n_pass,     n_total
      130000      130448
 ITERATION            7 :
   111382.81686075620      +\-   21.327662506028677     
 precision:   1.9148072482931709E-004
 max=   1494646.9633560185     
 min=   0.0000000000000000     
       n_pass,     n_total
      140000      140607
 max=   1494646.9633560185     
 min=   0.0000000000000000     
       n_pass,     n_total
      150000      150607
 ITERATION            8 :
   111309.94071341866      +\-   20.862590205076174     
 precision:   1.8742791588389682E-004
 max=   1494948.8122770304     
 min=   0.0000000000000000     
       n_pass,     n_total
      160000      160783
 max=   1494948.8122770304     
 min=   0.0000000000000000     
       n_pass,     n_total
      170000      170783
 ITERATION            9 :
   111340.21104318621      +\-   20.409197274177806     
 precision:   1.8330481937259456E-004
 max=   1494948.8122770304     
 min=   0.0000000000000000     
       n_pass,     n_total
      180000      180973
 max=   1494948.8122770304     
 min=   0.0000000000000000     
       n_pass,     n_total
      190000      190973
 ITERATION           10 :
   111361.81621640801      +\-   20.528998618921324     
 precision:   1.8434504138319351E-004
 ====================NCALL=40K ===========================
  
 max=   1494948.8122770304     
 min=   0.0000000000000000     
       n_pass,     n_total
      200000      201276
 max=   1494948.8122770304     
 min=   0.0000000000000000     
       n_pass,     n_total
      210000      211276
 max=   1494948.8122770304     
 min=   0.0000000000000000     
       n_pass,     n_total
      220000      221276
 max=   1494948.8122770304     
 min=   0.0000000000000000     
       n_pass,     n_total
      230000      231276
   111358.37500862763      +\-   10.031786987155076     
 precision:   9.0085608616126547E-005
 ====================NCALL=80K ===========================
  
 max=   1498631.7313126868     
 min=   0.0000000000000000     
       n_pass,     n_total
      240000      241854
 max=   1498631.7313126868     
 min=   0.0000000000000000     
       n_pass,     n_total
      250000      251854
 max=   1498631.7313126868     
 min=   0.0000000000000000     
       n_pass,     n_total
      260000      261854
 max=   1498631.7313126868     
 min=   0.0000000000000000     
       n_pass,     n_total
      270000      271854
 max=   1498631.7313126868     
 min=   0.0000000000000000     
       n_pass,     n_total
      280000      281854
 max=   1498631.7313126868     
 min=   0.0000000000000000     
       n_pass,     n_total
      290000      291854
 max=   1498631.7313126868     
 min=   0.0000000000000000     
       n_pass,     n_total
      300000      301854
 max=   1498631.7313126868     
 min=   0.0000000000000000     
       n_pass,     n_total
      310000      311854
   111345.19122067718      +\-   4.6415527666937786     
 precision:   4.1686153805193035E-005
 sigma (pb)                   sd (pb)
   111345.19122067718        4.6415527666937786     
