 =======================================================
 |                                                     |
 |         \/\/\/\/\/\___________/\/\/\/\/\/           |
 |                   |     \     |                     |
 |                   |     /     |                     |
 |                   |     \     |                     |
 |         /\/\/\/\/\|_____/_____|/\/\/\/\/\           |
 |                                                     |
 | Light-by-light scattering at next-to-leading order  |
 |                   (VERSION 0.5)                     |
 |                                                     |
 |    Authors:                                         |
 |            Ajjath A.H. (LPTHE Paris)                |
 |            Ekta Chaubey (Bonn)                      |
 |            Mathijs Fraaije (Bern)                   |
 |            Valentin Hirschi (Bern)                  |
 |            Hua-Sheng Shao (LPTHE Paris)             |
 |                                                     |
 |    Please cite                                      |
 |            PLB 851 (2024) 138555 [arXiv:2312.16956] |
 |            JHEP 03 (2024) 121    [arXiv:2312.16966] |
 |                                                     |
 =======================================================
 ---------------------------------------------------
         the cuts in the lab frame                  
 min transverse momentum of photon    0.0000000000000000     
 max (pseudo-)rapidity of photon    5.0000000000000000     
 min (pseudo-)rapidity of photon   -5.0000000000000000     
 min invariant mass of di-photon    0.0000000000000000     
 ---------------------------------------------------
 max=   3127839.1249098484     
 min=   0.0000000000000000     
       n_pass,     n_total
       10000       10000
  
 ====================NCALL=20K===========================
  
 ITERATION            1 :
   1835979.0600265560      +\-   62.456103840482896     
 precision:   3.4017873733036757E-005
 max=   4554943.3361928826     
 min=   0.0000000000000000     
       n_pass,     n_total
       20000       20002
 max=   4554943.3361928826     
 min=   0.0000000000000000     
       n_pass,     n_total
       30000       30002
 WARNING: outside the range of the grid (xs,xt)=   10.413566890445429       -4.8254659714813767E-004
 WARNING: set the 2-loop amplitudes to zero
 ITERATION            2 :
   1835888.3662941160      +\-   93.289262806201791     
 precision:   5.0814234960545803E-005
 WARNING: outside the range of the grid (xs,xt)=   10.413566890445429       -10.413055785117310     
 WARNING: set the 2-loop amplitudes to zero
 WARNING: outside the range of the grid (xs,xt)=   10.413566890445429       -10.413089441939395     
 WARNING: set the 2-loop amplitudes to zero
 WARNING: outside the range of the grid (xs,xt)=   10.413566890445429       -10.413066743517502     
 WARNING: set the 2-loop amplitudes to zero
 WARNING: outside the range of the grid (xs,xt)=   10.413566890445429       -10.413068728506252     
 WARNING: set the 2-loop amplitudes to zero
 INFO: will suppress the further warning
 max=   4554943.3361928826     
 min=   0.0000000000000000     
       n_pass,     n_total
       40000       40014
 max=   4554943.3361928826     
 min=   0.0000000000000000     
       n_pass,     n_total
       50000       50014
 ITERATION            3 :
   1835831.9560798232      +\-   101.68708156862319     
 precision:   5.5390190388537811E-005
 max=   6090865.2085015858     
 min=   0.0000000000000000     
       n_pass,     n_total
       60000       60042
 max=   6090865.2085015858     
 min=   0.0000000000000000     
       n_pass,     n_total
       70000       70042
 ITERATION            4 :
   1835708.1177616860      +\-   94.950100169530401     
 precision:   5.1723963766802359E-005
 max=   6796893.1459404379     
 min=   0.0000000000000000     
       n_pass,     n_total
       80000       80071
 max=   6796893.1459404379     
 min=   0.0000000000000000     
       n_pass,     n_total
       90000       90071
 ITERATION            5 :
   1835735.4134067609      +\-   73.209637413902655     
 precision:   3.9880277342386766E-005
 max=   6796893.1459404379     
 min=   0.0000000000000000     
       n_pass,     n_total
      100000      100124
 max=   6796893.1459404379     
 min=   0.0000000000000000     
       n_pass,     n_total
      110000      110124
 ITERATION            6 :
   1835718.0762644568      +\-   62.493691559170792     
 precision:   3.4043185806799145E-005
 max=   7549607.2325988701     
 min=   0.0000000000000000     
       n_pass,     n_total
      120000      120178
 max=   7549607.2325988701     
 min=   0.0000000000000000     
       n_pass,     n_total
      130000      130178
 ITERATION            7 :
   1835775.6489889119      +\-   57.349817343848983     
 precision:   3.1240101357393797E-005
 max=   8584047.0234625824     
 min=   0.0000000000000000     
       n_pass,     n_total
      140000      140269
 max=   8584047.0234625824     
 min=   0.0000000000000000     
       n_pass,     n_total
      150000      150269
 ITERATION            8 :
   1835633.0981520924      +\-   55.958109223678747     
 precision:   3.0484364920207114E-005
 max=   8584047.0234625824     
 min=   0.0000000000000000     
       n_pass,     n_total
      160000      160396
 max=   8584047.0234625824     
 min=   0.0000000000000000     
       n_pass,     n_total
      170000      170396
 ITERATION            9 :
   1835715.7704084695      +\-   53.592435305147312     
 precision:   2.9194299122473808E-005
 max=   8584047.0234625824     
 min=   0.0000000000000000     
       n_pass,     n_total
      180000      180538
 max=   8584047.0234625824     
 min=   0.0000000000000000     
       n_pass,     n_total
      190000      190538
 ITERATION           10 :
   1835739.2687702535      +\-   51.801461648108216     
 precision:   2.8218311025622710E-005
 ====================NCALL=40K ===========================
  
 max=   8584047.0234625824     
 min=   0.0000000000000000     
       n_pass,     n_total
      200000      200782
 max=   8584047.0234625824     
 min=   0.0000000000000000     
       n_pass,     n_total
      210000      210782
 max=   8584047.0234625824     
 min=   0.0000000000000000     
       n_pass,     n_total
      220000      220782
 max=   8584047.0234625824     
 min=   0.0000000000000000     
       n_pass,     n_total
      230000      230782
   1835753.0371576448      +\-   26.401436785194871     
 precision:   1.4381802045700582E-005
 ====================NCALL=80K ===========================
  
 max=   8584047.0234625824     
 min=   0.0000000000000000     
       n_pass,     n_total
      240000      241394
 max=   8584047.0234625824     
 min=   0.0000000000000000     
       n_pass,     n_total
      250000      251394
 max=   8584047.0234625824     
 min=   0.0000000000000000     
       n_pass,     n_total
      260000      261394
 max=   8584047.0234625824     
 min=   0.0000000000000000     
       n_pass,     n_total
      270000      271394
 max=   8584047.0234625824     
 min=   0.0000000000000000     
       n_pass,     n_total
      280000      281394
 max=   8584047.0234625824     
 min=   0.0000000000000000     
       n_pass,     n_total
      290000      291394
 max=   8584047.0234625824     
 min=   0.0000000000000000     
       n_pass,     n_total
      300000      301394
 max=   8584047.0234625824     
 min=   0.0000000000000000     
       n_pass,     n_total
      310000      311394
   1835709.2761114608      +\-   12.261970984534152     
 precision:   6.6796911385164390E-006
 sigma (pb)                   sd (pb)
   1835709.2761114608        12.261970984534152     
