 =======================================================
 |                                                     |
 |         \/\/\/\/\/\___________/\/\/\/\/\/           |
 |                   |     \     |                     |
 |                   |     /     |                     |
 |                   |     \     |                     |
 |         /\/\/\/\/\|_____/_____|/\/\/\/\/\           |
 |                                                     |
 | Light-by-light scattering at next-to-leading order  |
 |                   (VERSION 0.5)                     |
 |                                                     |
 |    Authors:                                         |
 |            Ajjath A.H. (LPTHE Paris)                |
 |            Ekta Chaubey (Bonn)                      |
 |            Mathijs Fraaije (Bern)                   |
 |            Valentin Hirschi (Bern)                  |
 |            Hua-Sheng Shao (LPTHE Paris)             |
 |                                                     |
 |    Please cite                                      |
 |            PLB 851 (2024) 138555 [arXiv:2312.16956] |
 |            JHEP 03 (2024) 121    [arXiv:2312.16966] |
 |                                                     |
 =======================================================
 ---------------------------------------------------
         the cuts in the lab frame                  
 min transverse momentum of photon    0.0000000000000000     
 max (pseudo-)rapidity of photon    5.0000000000000000     
 min (pseudo-)rapidity of photon   -5.0000000000000000     
 min invariant mass of di-photon    0.0000000000000000     
 ---------------------------------------------------
 max=   74768.205657495797     
 min=   0.0000000000000000     
       n_pass,     n_total
       10000       10000
  
 ====================NCALL=20K===========================
  
 ITERATION            1 :
   1086.9799364673427      +\-   9.2109296178763884     
 precision:   8.4738727080940213E-003
 WARNING: outside the range of the grid (xs,xt)=  0.19702998440632655      -0.19702057217011917     
 WARNING: set the 2-loop amplitudes to zero
 WARNING: outside the range of the grid (xs,xt)=  0.19127759515570930      -0.19126845771446041     
 WARNING: set the 2-loop amplitudes to zero
 WARNING: outside the range of the grid (xs,xt)=   9.2093669304456477E-002  -9.2089269936658183E-002
 WARNING: set the 2-loop amplitudes to zero
 WARNING: outside the range of the grid (xs,xt)=   84679.861060581112       -84675.815854686633     
 WARNING: set the 2-loop amplitudes to zero
 WARNING: outside the range of the grid (xs,xt)=   1.7194748498393413       -1.7193927095321788     
 WARNING: set the 2-loop amplitudes to zero
 INFO: will suppress the further warning
 max=   81779.305002071414     
 min=   0.0000000000000000     
       n_pass,     n_total
       20000       20009
 max=   81779.305002071414     
 min=   0.0000000000000000     
       n_pass,     n_total
       30000       30009
 ITERATION            2 :
   1076.1548368929361      +\-   2.3344008521057544     
 precision:   2.1692053708977548E-003
 max=   83367.619344974650     
 min=   0.0000000000000000     
       n_pass,     n_total
       40000       40044
 max=   83367.619344974650     
 min=   0.0000000000000000     
       n_pass,     n_total
       50000       50044
 ITERATION            3 :
   1075.9785520424477      +\-  0.78538029418915689     
 precision:   7.2992188617359481E-004
 max=   83768.786987885454     
 min=   0.0000000000000000     
       n_pass,     n_total
       60000       60180
 max=   83768.786987885454     
 min=   0.0000000000000000     
       n_pass,     n_total
       70000       70180
 ITERATION            4 :
   1076.3324056582655      +\-  0.48683055060647890     
 precision:   4.5230502031455799E-004
 max=   83910.436514929985     
 min=   0.0000000000000000     
       n_pass,     n_total
       80000       80501
 max=   83910.436514929985     
 min=   0.0000000000000000     
       n_pass,     n_total
       90000       90501
 ITERATION            5 :
   1075.9999322438630      +\-  0.32960849561602268     
 precision:   3.0632761744572368E-004
 max=   83937.190966405164     
 min=   0.0000000000000000     
       n_pass,     n_total
      100000      100969
 max=   83937.190966405164     
 min=   0.0000000000000000     
       n_pass,     n_total
      110000      110969
 ITERATION            6 :
   1076.0828984696334      +\-  0.28216872446418928     
 precision:   2.6221838936895991E-004
 max=   83937.190966405164     
 min=   0.0000000000000000     
       n_pass,     n_total
      120000      121478
 max=   83937.190966405164     
 min=   0.0000000000000000     
       n_pass,     n_total
      130000      131478
 ITERATION            7 :
   1076.4254397881623      +\-  0.28542696680028390     
 precision:   2.6516185538726691E-004
 max=   83938.807923262881     
 min=   0.0000000000000000     
       n_pass,     n_total
      140000      142118
 max=   83938.807923262881     
 min=   0.0000000000000000     
       n_pass,     n_total
      150000      152118
 ITERATION            8 :
   1075.6067073889526      +\-  0.27644175670564686     
 precision:   2.5701007143839064E-004
 max=   83938.807923262881     
 min=   0.0000000000000000     
       n_pass,     n_total
      160000      162848
 max=   83938.807923262881     
 min=   0.0000000000000000     
       n_pass,     n_total
      170000      172848
 ITERATION            9 :
   1076.1693530728280      +\-  0.27082541958553752     
 precision:   2.5165687799251968E-004
 max=   83938.807923262881     
 min=   0.0000000000000000     
       n_pass,     n_total
      180000      183406
 max=   83938.807923262881     
 min=   0.0000000000000000     
       n_pass,     n_total
      190000      193406
 ITERATION           10 :
   1076.6286172484611      +\-  0.26685311455840394     
 precision:   2.4785994936712741E-004
 ====================NCALL=40K ===========================
  
 max=   83938.807923262881     
 min=   0.0000000000000000     
       n_pass,     n_total
      200000      204589
 max=   83938.807923262881     
 min=   0.0000000000000000     
       n_pass,     n_total
      210000      214589
 max=   83938.807923262881     
 min=   0.0000000000000000     
       n_pass,     n_total
      220000      224589
 max=   83938.807923262881     
 min=   0.0000000000000000     
       n_pass,     n_total
      230000      234589
   1076.2497116250968      +\-  0.14031568338544809     
 precision:   1.3037465364202204E-004
 ====================NCALL=80K ===========================
  
 max=   83941.667824514283     
 min=   0.0000000000000000     
       n_pass,     n_total
      240000      246556
 max=   83941.667824514283     
 min=   0.0000000000000000     
       n_pass,     n_total
      250000      256556
 max=   83941.667824514283     
 min=   0.0000000000000000     
       n_pass,     n_total
      260000      266556
 max=   83941.667824514283     
 min=   0.0000000000000000     
       n_pass,     n_total
      270000      276556
 max=   83941.667824514283     
 min=   0.0000000000000000     
       n_pass,     n_total
      280000      286556
 max=   83941.667824514283     
 min=   0.0000000000000000     
       n_pass,     n_total
      290000      296556
 max=   83941.667824514283     
 min=   0.0000000000000000     
       n_pass,     n_total
      300000      306556
   1076.0960577433755      +\-   6.5562486472572554E-002
 precision:   6.0926239809910840E-005
 sigma (pb)                   sd (pb)
   1076.0960577433755        6.5562486472572554E-002
