 =======================================================
 |                                                     |
 |         \/\/\/\/\/\___________/\/\/\/\/\/           |
 |                   |     \     |                     |
 |                   |     /     |                     |
 |                   |     \     |                     |
 |         /\/\/\/\/\|_____/_____|/\/\/\/\/\           |
 |                                                     |
 | Light-by-light scattering at next-to-leading order  |
 |                   (VERSION 0.5)                     |
 |                                                     |
 |    Authors:                                         |
 |            Ajjath A.H. (LPTHE Paris)                |
 |            Ekta Chaubey (Bonn)                      |
 |            Mathijs Fraaije (Bern)                   |
 |            Valentin Hirschi (Bern)                  |
 |            Hua-Sheng Shao (LPTHE Paris)             |
 |                                                     |
 |    Please cite                                      |
 |            PLB 851 (2024) 138555 [arXiv:2312.16956] |
 |            JHEP 03 (2024) 121    [arXiv:2312.16966] |
 |                                                     |
 =======================================================
 ---------------------------------------------------
         the cuts in the lab frame                  
 min transverse momentum of photon    0.0000000000000000     
 max (pseudo-)rapidity of photon    5.0000000000000000     
 min (pseudo-)rapidity of photon   -5.0000000000000000     
 min invariant mass of di-photon    0.0000000000000000     
 ---------------------------------------------------
 max=   3151101.5378559157     
 min=   0.0000000000000000     
       n_pass,     n_total
       10000       10000
  
 ====================NCALL=20K===========================
  
 ITERATION            1 :
   1468497.5816567410      +\-   118.97209770074278     
 precision:   8.1016202673292738E-005
 max=   3570131.7819342678     
 min=   0.0000000000000000     
       n_pass,     n_total
       20000       20002
 max=   3570131.7819342678     
 min=   0.0000000000000000     
       n_pass,     n_total
       30000       30002
 ITERATION            2 :
   1468248.6557676813      +\-   120.91132926493169     
 precision:   8.2350716814865802E-005
 WARNING: outside the range of the grid (xs,xt)=   26.489252109175442       -26.487966974696178     
 WARNING: set the 2-loop amplitudes to zero
 WARNING: outside the range of the grid (xs,xt)=   26.489252109175442       -26.487985991190985     
 WARNING: set the 2-loop amplitudes to zero
 max=   3617802.2482857569     
 min=   0.0000000000000000     
       n_pass,     n_total
       40000       40010
 max=   3617802.2482857569     
 min=   0.0000000000000000     
       n_pass,     n_total
       50000       50010
 ITERATION            3 :
   1468041.0740823890      +\-   117.01604186140241     
 precision:   7.9708969951364767E-005
 max=   3698481.1293585249     
 min=   0.0000000000000000     
       n_pass,     n_total
       60000       60033
 max=   3698481.1293585249     
 min=   0.0000000000000000     
       n_pass,     n_total
       70000       70033
 ITERATION            4 :
   1468039.8904052803      +\-   107.61514487206452     
 precision:   7.3305327447441033E-005
 max=   4166144.6472488246     
 min=   0.0000000000000000     
       n_pass,     n_total
       80000       80060
 max=   4166144.6472488246     
 min=   0.0000000000000000     
       n_pass,     n_total
       90000       90060
 ITERATION            5 :
   1468126.0322591972      +\-   95.108070695219624     
 precision:   6.4781952370168393E-005
 WARNING: outside the range of the grid (xs,xt)=   26.489252109175442       -26.488049272246297     
 WARNING: set the 2-loop amplitudes to zero
 WARNING: outside the range of the grid (xs,xt)=   26.489252109175442       -26.487955726562618     
 WARNING: set the 2-loop amplitudes to zero
 max=   4166144.6472488246     
 min=   0.0000000000000000     
       n_pass,     n_total
      100000      100093
 max=   4166144.6472488246     
 min=   0.0000000000000000     
       n_pass,     n_total
      110000      110093
 WARNING: outside the range of the grid (xs,xt)=   26.489252109175442       -1.2636489249837814E-003
 WARNING: set the 2-loop amplitudes to zero
 INFO: will suppress the further warning
 ITERATION            6 :
   1468059.8829480663      +\-   88.324427556135745     
 precision:   6.0164049560953969E-005
 max=   4166144.6472488246     
 min=   0.0000000000000000     
       n_pass,     n_total
      120000      120127
 max=   4166144.6472488246     
 min=   0.0000000000000000     
       n_pass,     n_total
      130000      130127
 ITERATION            7 :
   1468199.6406758453      +\-   86.232859657479949     
 precision:   5.8733742515959906E-005
 max=   4302682.8924792325     
 min=   0.0000000000000000     
       n_pass,     n_total
      140000      140165
 max=   4302682.8924792325     
 min=   0.0000000000000000     
       n_pass,     n_total
      150000      150165
 ITERATION            8 :
   1467943.4222592229      +\-   84.815661002668492     
 precision:   5.7778562658861765E-005
 max=   4302682.8924792325     
 min=   0.0000000000000000     
       n_pass,     n_total
      160000      160214
 max=   4302682.8924792325     
 min=   0.0000000000000000     
       n_pass,     n_total
      170000      170214
 ITERATION            9 :
   1468073.1982037453      +\-   83.754767501767375     
 precision:   5.7050811638169791E-005
 max=   4302682.8924792325     
 min=   0.0000000000000000     
       n_pass,     n_total
      180000      180261
 max=   4302682.8924792325     
 min=   0.0000000000000000     
       n_pass,     n_total
      190000      190261
 ITERATION           10 :
   1468193.2944936971      +\-   83.425982411956596     
 precision:   5.6822206398051861E-005
 ====================NCALL=40K ===========================
  
 max=   4585856.2240211116     
 min=   0.0000000000000000     
       n_pass,     n_total
      200000      200353
 max=   4585856.2240211116     
 min=   0.0000000000000000     
       n_pass,     n_total
      210000      210353
 max=   4585856.2240211116     
 min=   0.0000000000000000     
       n_pass,     n_total
      220000      220353
 max=   4585856.2240211116     
 min=   0.0000000000000000     
       n_pass,     n_total
      230000      230353
   1468142.4712540559      +\-   42.815578288997258     
 precision:   2.9163094949787201E-005
 ====================NCALL=80K ===========================
  
 max=   4585856.2240211116     
 min=   0.0000000000000000     
       n_pass,     n_total
      240000      240585
 max=   4585856.2240211116     
 min=   0.0000000000000000     
       n_pass,     n_total
      250000      250585
 max=   4585856.2240211116     
 min=   0.0000000000000000     
       n_pass,     n_total
      260000      260585
 max=   4585856.2240211116     
 min=   0.0000000000000000     
       n_pass,     n_total
      270000      270585
 max=   4585856.2240211116     
 min=   0.0000000000000000     
       n_pass,     n_total
      280000      280585
 max=   4585856.2240211116     
 min=   0.0000000000000000     
       n_pass,     n_total
      290000      290585
 max=   4585856.2240211116     
 min=   0.0000000000000000     
       n_pass,     n_total
      300000      300585
 max=   4585856.2240211116     
 min=   0.0000000000000000     
       n_pass,     n_total
      310000      310585
   1468067.1637552886      +\-   22.050677025674695     
 precision:   1.5020209953657346E-005
 sigma (pb)                   sd (pb)
   1468067.1637552886        22.050677025674695     
