 =======================================================
 |                                                     |
 |         \/\/\/\/\/\___________/\/\/\/\/\/           |
 |                   |     \     |                     |
 |                   |     /     |                     |
 |                   |     \     |                     |
 |         /\/\/\/\/\|_____/_____|/\/\/\/\/\           |
 |                                                     |
 | Light-by-light scattering at next-to-leading order  |
 |                   (VERSION 0.5)                     |
 |                                                     |
 |    Authors:                                         |
 |            Ajjath A.H. (LPTHE Paris)                |
 |            Ekta Chaubey (Bonn)                      |
 |            Mathijs Fraaije (Bern)                   |
 |            Valentin Hirschi (Bern)                  |
 |            Hua-Sheng Shao (LPTHE Paris)             |
 |                                                     |
 |    Please cite                                      |
 |            PLB 851 (2024) 138555 [arXiv:2312.16956] |
 |            JHEP 03 (2024) 121    [arXiv:2312.16966] |
 |                                                     |
 =======================================================
 ---------------------------------------------------
         the cuts in the lab frame                  
 min transverse momentum of photon    0.0000000000000000     
 max (pseudo-)rapidity of photon    5.0000000000000000     
 min (pseudo-)rapidity of photon   -5.0000000000000000     
 min invariant mass of di-photon    0.0000000000000000     
 ---------------------------------------------------
 max=   3124475.7626851187     
 min=   0.0000000000000000     
       n_pass,     n_total
       10000       10000
  
 ====================NCALL=20K===========================
  
 ITERATION            1 :
   1841160.9930392485      +\-   58.089864271552486     
 precision:   3.1550670740456084E-005
 max=   7345888.9150470048     
 min=   0.0000000000000000     
       n_pass,     n_total
       20000       20002
 max=   7345888.9150470048     
 min=   0.0000000000000000     
       n_pass,     n_total
       30000       30002
 WARNING: outside the range of the grid (xs,xt)=   9.0941785608970562       -4.5194222290211651E-004
 WARNING: set the 2-loop amplitudes to zero
 ITERATION            2 :
   1841135.3734973185      +\-   115.30952580652414     
 precision:   6.2629574916856092E-005
 max=   7345888.9150470048     
 min=   0.0000000000000000     
       n_pass,     n_total
       40000       40020
 max=   7345888.9150470048     
 min=   0.0000000000000000     
       n_pass,     n_total
       50000       50020
 WARNING: outside the range of the grid (xs,xt)=   9.0941785608970562       -4.2629314791855485E-004
 WARNING: set the 2-loop amplitudes to zero
 ITERATION            3 :
   1841086.7605718984      +\-   84.022421130732354     
 precision:   4.5637404455959694E-005
 WARNING: outside the range of the grid (xs,xt)=   9.0941785608970562       -9.0937424272000431     
 WARNING: set the 2-loop amplitudes to zero
 WARNING: outside the range of the grid (xs,xt)=   9.0941785608970562       -9.0937387168140091     
 WARNING: set the 2-loop amplitudes to zero
 WARNING: outside the range of the grid (xs,xt)=   9.0941785608970562       -9.0937408216652837     
 WARNING: set the 2-loop amplitudes to zero
 INFO: will suppress the further warning
 max=   7455376.8250419358     
 min=   0.0000000000000000     
       n_pass,     n_total
       60000       60052
 max=   7455376.8250419358     
 min=   0.0000000000000000     
       n_pass,     n_total
       70000       70052
 ITERATION            4 :
   1841012.6079261065      +\-   80.455414927462854     
 precision:   4.3701718598274873E-005
 max=   7455376.8250419358     
 min=   0.0000000000000000     
       n_pass,     n_total
       80000       80091
 max=   7455376.8250419358     
 min=   0.0000000000000000     
       n_pass,     n_total
       90000       90091
 ITERATION            5 :
   1840917.0908212897      +\-   64.344623578844676     
 precision:   3.4952483139878155E-005
 max=   7455376.8250419358     
 min=   0.0000000000000000     
       n_pass,     n_total
      100000      100154
 max=   7455376.8250419358     
 min=   0.0000000000000000     
       n_pass,     n_total
      110000      110154
 ITERATION            6 :
   1840900.3604681022      +\-   55.860266323027552     
 precision:   3.0343992278226001E-005
 max=   7455376.8250419358     
 min=   0.0000000000000000     
       n_pass,     n_total
      120000      120221
 max=   7455376.8250419358     
 min=   0.0000000000000000     
       n_pass,     n_total
      130000      130221
 ITERATION            7 :
   1840990.3933497164      +\-   54.389727706047921     
 precision:   2.9543732494488901E-005
 max=   7455376.8250419358     
 min=   0.0000000000000000     
       n_pass,     n_total
      140000      140315
 max=   7455376.8250419358     
 min=   0.0000000000000000     
       n_pass,     n_total
      150000      150315
 ITERATION            8 :
   1840844.2182866842      +\-   50.566479023833978     
 precision:   2.7469178826493724E-005
 max=   7455376.8250419358     
 min=   0.0000000000000000     
       n_pass,     n_total
      160000      160461
 max=   7455376.8250419358     
 min=   0.0000000000000000     
       n_pass,     n_total
      170000      170461
 ITERATION            9 :
   1840908.1151327989      +\-   46.777513651248370     
 precision:   2.5410020884108030E-005
 max=   7455376.8250419358     
 min=   0.0000000000000000     
       n_pass,     n_total
      180000      180623
 max=   7455376.8250419358     
 min=   0.0000000000000000     
       n_pass,     n_total
      190000      190623
 ITERATION           10 :
   1840948.0442942262      +\-   45.822876599645603     
 precision:   2.4890912452237594E-005
 ====================NCALL=40K ===========================
  
 max=   7455454.0352073433     
 min=   0.0000000000000000     
       n_pass,     n_total
      200000      200923
 max=   7455454.0352073433     
 min=   0.0000000000000000     
       n_pass,     n_total
      210000      210923
 max=   7455454.0352073433     
 min=   0.0000000000000000     
       n_pass,     n_total
      220000      220923
 max=   7455454.0352073433     
 min=   0.0000000000000000     
       n_pass,     n_total
      230000      230923
   1840948.0044160550      +\-   22.952978889285518     
 precision:   1.2468021277203945E-005
 ====================NCALL=80K ===========================
  
 max=   8571492.2389131021     
 min=   0.0000000000000000     
       n_pass,     n_total
      240000      241595
 max=   8571492.2389131021     
 min=   0.0000000000000000     
       n_pass,     n_total
      250000      251595
 max=   8571492.2389131021     
 min=   0.0000000000000000     
       n_pass,     n_total
      260000      261595
 max=   8571492.2389131021     
 min=   0.0000000000000000     
       n_pass,     n_total
      270000      271595
 max=   8571492.2389131021     
 min=   0.0000000000000000     
       n_pass,     n_total
      280000      281595
 max=   8571492.2389131021     
 min=   0.0000000000000000     
       n_pass,     n_total
      290000      291595
 max=   8571492.2389131021     
 min=   0.0000000000000000     
       n_pass,     n_total
      300000      301595
 max=   8571492.2389131021     
 min=   0.0000000000000000     
       n_pass,     n_total
      310000      311595
   1840922.1898407068      +\-   11.296907065113201     
 precision:   6.1365478277442629E-006
 sigma (pb)                   sd (pb)
   1840922.1898407068        11.296907065113201     
