 =======================================================
 |                                                     |
 |         \/\/\/\/\/\___________/\/\/\/\/\/           |
 |                   |     \     |                     |
 |                   |     /     |                     |
 |                   |     \     |                     |
 |         /\/\/\/\/\|_____/_____|/\/\/\/\/\           |
 |                                                     |
 | Light-by-light scattering at next-to-leading order  |
 |                   (VERSION 0.5)                     |
 |                                                     |
 |    Authors:                                         |
 |            Ajjath A.H. (LPTHE Paris)                |
 |            Ekta Chaubey (Bonn)                      |
 |            Mathijs Fraaije (Bern)                   |
 |            Valentin Hirschi (Bern)                  |
 |            Hua-Sheng Shao (LPTHE Paris)             |
 |                                                     |
 |    Please cite                                      |
 |            PLB 851 (2024) 138555 [arXiv:2312.16956] |
 |            JHEP 03 (2024) 121    [arXiv:2312.16966] |
 |                                                     |
 =======================================================
 ---------------------------------------------------
         the cuts in the lab frame                  
 min transverse momentum of photon    0.0000000000000000     
 max (pseudo-)rapidity of photon    5.0000000000000000     
 min (pseudo-)rapidity of photon   -5.0000000000000000     
 min invariant mass of di-photon    0.0000000000000000     
 ---------------------------------------------------
 max=   1563454.7403291429     
 min=   0.0000000000000000     
       n_pass,     n_total
       10000       10000
  
 ====================NCALL=20K===========================
  
 ITERATION            1 :
   127728.71165894732      +\-   240.83038591124884     
 precision:   1.8854835595171278E-003
 max=   1569945.8172212706     
 min=   0.0000000000000000     
       n_pass,     n_total
       20000       20007
 max=   1569945.8172212706     
 min=   0.0000000000000000     
       n_pass,     n_total
       30000       30007
 ITERATION            2 :
   127232.07369764343      +\-   45.195845028022340     
 precision:   3.5522367681773824E-004
 WARNING: outside the range of the grid (xs,xt)=   700.02182896052045       -699.98748097972316     
 WARNING: set the 2-loop amplitudes to zero
 WARNING: outside the range of the grid (xs,xt)=   1.4214358811654521E-002  -1.4213661355513428E-002
 WARNING: set the 2-loop amplitudes to zero
 max=   1582386.4383952687     
 min=   0.0000000000000000     
       n_pass,     n_total
       40000       40030
 max=   1582386.4383952687     
 min=   0.0000000000000000     
       n_pass,     n_total
       50000       50030
 WARNING: outside the range of the grid (xs,xt)=   700.02182896052045       -3.3676285937667243E-002
 WARNING: set the 2-loop amplitudes to zero
 WARNING: outside the range of the grid (xs,xt)=   1.4214358811654521E-002  -6.8381697821151004E-007
 WARNING: set the 2-loop amplitudes to zero
 WARNING: outside the range of the grid (xs,xt)=   700.02182896052045       -3.4841734868892825E-002
 WARNING: set the 2-loop amplitudes to zero
 INFO: will suppress the further warning
 ITERATION            3 :
   127177.02096363623      +\-   34.050688284784940     
 precision:   2.6774245871446437E-004
 max=   1582386.4383952687     
 min=   0.0000000000000000     
       n_pass,     n_total
       60000       60081
 max=   1582386.4383952687     
 min=   0.0000000000000000     
       n_pass,     n_total
       70000       70081
 ITERATION            4 :
   127180.68440441914      +\-   28.931001701563936     
 precision:   2.2747952518927217E-004
 max=   1582719.6641344600     
 min=   0.0000000000000000     
       n_pass,     n_total
       80000       80162
 max=   1582719.6641344600     
 min=   0.0000000000000000     
       n_pass,     n_total
       90000       90162
 ITERATION            5 :
   127182.82181095886      +\-   25.827865076848656     
 precision:   2.0307667898136829E-004
 max=   1582719.6641344600     
 min=   0.0000000000000000     
       n_pass,     n_total
      100000      100283
 max=   1582719.6641344600     
 min=   0.0000000000000000     
       n_pass,     n_total
      110000      110283
 ITERATION            6 :
   127176.85027612762      +\-   24.580349105266670     
 precision:   1.9327691361987323E-004
 max=   1582719.6641344600     
 min=   0.0000000000000000     
       n_pass,     n_total
      120000      120414
 max=   1582719.6641344600     
 min=   0.0000000000000000     
       n_pass,     n_total
      130000      130414
 ITERATION            7 :
   127229.19784568393      +\-   23.508384297922525     
 precision:   1.8477192889666572E-004
 max=   1586692.0331831961     
 min=   0.0000000000000000     
       n_pass,     n_total
      140000      140565
 max=   1586692.0331831961     
 min=   0.0000000000000000     
       n_pass,     n_total
      150000      150565
 ITERATION            8 :
   127148.33012698354      +\-   23.090582297935413     
 precision:   1.8160350415042617E-004
 max=   1586692.0331831961     
 min=   0.0000000000000000     
       n_pass,     n_total
      160000      160728
 max=   1586692.0331831961     
 min=   0.0000000000000000     
       n_pass,     n_total
      170000      170728
 ITERATION            9 :
   127186.25074425065      +\-   22.624323797391586     
 precision:   1.7788340850525701E-004
 max=   1586692.0331831961     
 min=   0.0000000000000000     
       n_pass,     n_total
      180000      180907
 max=   1586692.0331831961     
 min=   0.0000000000000000     
       n_pass,     n_total
      190000      190907
 ITERATION           10 :
   127205.72735921701      +\-   22.719018066948394     
 precision:   1.7860059085855485E-004
 ====================NCALL=40K ===========================
  
 max=   1586692.0331831961     
 min=   0.0000000000000000     
       n_pass,     n_total
      200000      201197
 max=   1586692.0331831961     
 min=   0.0000000000000000     
       n_pass,     n_total
      210000      211197
 max=   1586692.0331831961     
 min=   0.0000000000000000     
       n_pass,     n_total
      220000      221197
 max=   1586692.0331831961     
 min=   0.0000000000000000     
       n_pass,     n_total
      230000      231197
   127205.32561037607      +\-   11.197848474217292     
 precision:   8.8029714325921975E-005
 ====================NCALL=80K ===========================
  
 max=   1589177.4707456364     
 min=   0.0000000000000000     
       n_pass,     n_total
      240000      241750
 max=   1589177.4707456364     
 min=   0.0000000000000000     
       n_pass,     n_total
      250000      251750
 max=   1589177.4707456364     
 min=   0.0000000000000000     
       n_pass,     n_total
      260000      261750
 max=   1589177.4707456364     
 min=   0.0000000000000000     
       n_pass,     n_total
      270000      271750
 max=   1589177.4707456364     
 min=   0.0000000000000000     
       n_pass,     n_total
      280000      281750
 max=   1589177.4707456364     
 min=   0.0000000000000000     
       n_pass,     n_total
      290000      291750
 max=   1589177.4707456364     
 min=   0.0000000000000000     
       n_pass,     n_total
      300000      301750
 max=   1589177.4707456364     
 min=   0.0000000000000000     
       n_pass,     n_total
      310000      311750
   127188.85349473503      +\-   5.1355417224612552     
 precision:   4.0377293932237866E-005
 sigma (pb)                   sd (pb)
   127188.85349473503        5.1355417224612552     
