 =======================================================
 |                                                     |
 |         \/\/\/\/\/\___________/\/\/\/\/\/           |
 |                   |     \     |                     |
 |                   |     /     |                     |
 |                   |     \     |                     |
 |         /\/\/\/\/\|_____/_____|/\/\/\/\/\           |
 |                                                     |
 | Light-by-light scattering at next-to-leading order  |
 |                   (VERSION 0.5)                     |
 |                                                     |
 |    Authors:                                         |
 |            Ajjath A.H. (LPTHE Paris)                |
 |            Ekta Chaubey (Bonn)                      |
 |            Mathijs Fraaije (Bern)                   |
 |            Valentin Hirschi (Bern)                  |
 |            Hua-Sheng Shao (LPTHE Paris)             |
 |                                                     |
 |    Please cite                                      |
 |            PLB 851 (2024) 138555 [arXiv:2312.16956] |
 |            JHEP 03 (2024) 121    [arXiv:2312.16966] |
 |                                                     |
 =======================================================
 ---------------------------------------------------
         the cuts in the lab frame                  
 min transverse momentum of photon    0.0000000000000000     
 max (pseudo-)rapidity of photon    5.0000000000000000     
 min (pseudo-)rapidity of photon   -5.0000000000000000     
 min invariant mass of di-photon    0.0000000000000000     
 ---------------------------------------------------
 max=   775310.60229497263     
 min=   0.0000000000000000     
       n_pass,     n_total
       10000       10000
  
 ====================NCALL=20K===========================
  
 ITERATION            1 :
   29309.244263035573      +\-   137.47094654822695     
 precision:   4.6903613520190100E-003
 max=   785381.35437819967     
 min=   0.0000000000000000     
       n_pass,     n_total
       20000       20007
 max=   785381.35437819967     
 min=   0.0000000000000000     
       n_pass,     n_total
       30000       30007
 ITERATION            2 :
   29069.006506872178      +\-   21.256217702536478     
 precision:   7.3123302984267160E-004
 WARNING: outside the range of the grid (xs,xt)=   3220.7290872813760       -3220.5719515029168     
 WARNING: set the 2-loop amplitudes to zero
 WARNING: outside the range of the grid (xs,xt)=   6.5398816133677984E-002  -6.5395625398411220E-002
 WARNING: set the 2-loop amplitudes to zero
 WARNING: outside the range of the grid (xs,xt)=   3220.7290872813760       -3220.5726699766728     
 WARNING: set the 2-loop amplitudes to zero
 WARNING: outside the range of the grid (xs,xt)=   6.5398816133677984E-002  -6.5395639987447365E-002
 WARNING: set the 2-loop amplitudes to zero
 max=   786762.02577927476     
 min=   0.0000000000000000     
       n_pass,     n_total
       40000       40036
 max=   786762.02577927476     
 min=   0.0000000000000000     
       n_pass,     n_total
       50000       50036
 WARNING: outside the range of the grid (xs,xt)=   3220.7290872813760      -0.14894468592938287     
 WARNING: set the 2-loop amplitudes to zero
 INFO: will suppress the further warning
 ITERATION            3 :
   29050.998885979454      +\-   11.481469478281616     
 precision:   3.9521771775712620E-004
 max=   786762.02577927476     
 min=   0.0000000000000000     
       n_pass,     n_total
       60000       60120
 max=   786762.02577927476     
 min=   0.0000000000000000     
       n_pass,     n_total
       70000       70120
 ITERATION            4 :
   29052.181980185036      +\-   8.8846987065180958     
 precision:   3.0581863739452965E-004
 max=   786863.54430232337     
 min=   0.0000000000000000     
       n_pass,     n_total
       80000       80289
 max=   786863.54430232337     
 min=   0.0000000000000000     
       n_pass,     n_total
       90000       90289
 ITERATION            5 :
   29045.372919014524      +\-   7.5061852634120978     
 precision:   2.5842963987211131E-004
 max=   786863.54430232337     
 min=   0.0000000000000000     
       n_pass,     n_total
      100000      100547
 max=   786863.54430232337     
 min=   0.0000000000000000     
       n_pass,     n_total
      110000      110547
 ITERATION            6 :
   29047.991547585225      +\-   6.6534535747519765     
 precision:   2.2905038249727396E-004
 max=   786946.16943840787     
 min=   0.0000000000000000     
       n_pass,     n_total
      120000      120804
 max=   786946.16943840787     
 min=   0.0000000000000000     
       n_pass,     n_total
      130000      130804
 ITERATION            7 :
   29062.451472468652      +\-   6.4743066301377210     
 precision:   2.2277221301413407E-004
 max=   786946.16943840787     
 min=   0.0000000000000000     
       n_pass,     n_total
      140000      141119
 max=   786946.16943840787     
 min=   0.0000000000000000     
       n_pass,     n_total
      150000      151119
 ITERATION            8 :
   29040.669234125311      +\-   6.3806363130903039     
 precision:   2.1971381794440542E-004
 max=   786946.16943840787     
 min=   0.0000000000000000     
       n_pass,     n_total
      160000      161373
 max=   786946.16943840787     
 min=   0.0000000000000000     
       n_pass,     n_total
      170000      171373
 ITERATION            9 :
   29051.203124494517      +\-   6.2274032803285300     
 precision:   2.1435956554508051E-004
 max=   787079.33100661018     
 min=   0.0000000000000000     
       n_pass,     n_total
      180000      181690
 max=   787079.33100661018     
 min=   0.0000000000000000     
       n_pass,     n_total
      190000      191690
 ITERATION           10 :
   29057.475876653301      +\-   6.1661882509579771     
 precision:   2.1220660311766103E-004
 ====================NCALL=40K ===========================
  
 max=   787079.33100661018     
 min=   0.0000000000000000     
       n_pass,     n_total
      200000      202084
 max=   787079.33100661018     
 min=   0.0000000000000000     
       n_pass,     n_total
      210000      212084
 max=   787079.33100661018     
 min=   0.0000000000000000     
       n_pass,     n_total
      220000      222084
 max=   787079.33100661018     
 min=   0.0000000000000000     
       n_pass,     n_total
      230000      232084
   29054.663539745823      +\-   2.9099129094176650     
 precision:   1.0015304102341436E-004
 ====================NCALL=80K ===========================
  
 max=   787079.33100661018     
 min=   0.0000000000000000     
       n_pass,     n_total
      240000      242866
 max=   787079.33100661018     
 min=   0.0000000000000000     
       n_pass,     n_total
      250000      252866
 max=   787079.33100661018     
 min=   0.0000000000000000     
       n_pass,     n_total
      260000      262866
 max=   787079.33100661018     
 min=   0.0000000000000000     
       n_pass,     n_total
      270000      272866
 max=   787079.33100661018     
 min=   0.0000000000000000     
       n_pass,     n_total
      280000      282866
 max=   787079.33100661018     
 min=   0.0000000000000000     
       n_pass,     n_total
      290000      292866
 max=   787079.33100661018     
 min=   0.0000000000000000     
       n_pass,     n_total
      300000      302866
 max=   787079.33100661018     
 min=   0.0000000000000000     
       n_pass,     n_total
      310000      312866
   29052.362573322112      +\-   1.5554534445945301     
 precision:   5.3539654156142703E-005
 sigma (pb)                   sd (pb)
   29052.362573322112        1.5554534445945301     
