 =======================================================
 |                                                     |
 |         \/\/\/\/\/\___________/\/\/\/\/\/           |
 |                   |     \     |                     |
 |                   |     /     |                     |
 |                   |     \     |                     |
 |         /\/\/\/\/\|_____/_____|/\/\/\/\/\           |
 |                                                     |
 | Light-by-light scattering at next-to-leading order  |
 |                   (VERSION 0.5)                     |
 |                                                     |
 |    Authors:                                         |
 |            Ajjath A.H. (LPTHE Paris)                |
 |            Ekta Chaubey (Bonn)                      |
 |            Mathijs Fraaije (Bern)                   |
 |            Valentin Hirschi (Bern)                  |
 |            Hua-Sheng Shao (LPTHE Paris)             |
 |                                                     |
 |    Please cite                                      |
 |            PLB 851 (2024) 138555 [arXiv:2312.16956] |
 |            JHEP 03 (2024) 121    [arXiv:2312.16966] |
 |                                                     |
 =======================================================
 ---------------------------------------------------
         the cuts in the lab frame                  
 min transverse momentum of photon    0.0000000000000000     
 max (pseudo-)rapidity of photon    5.0000000000000000     
 min (pseudo-)rapidity of photon   -5.0000000000000000     
 min invariant mass of di-photon    0.0000000000000000     
 ---------------------------------------------------
 max=   591595.38382995490     
 min=   0.0000000000000000     
       n_pass,     n_total
       10000       10000
  
 ====================NCALL=20K===========================
  
 ITERATION            1 :
   17994.803086114847      +\-   101.36086674813097     
 precision:   5.6327855471974050E-003
 max=   602603.33603627339     
 min=   0.0000000000000000     
       n_pass,     n_total
       20000       20007
 max=   602603.33603627339     
 min=   0.0000000000000000     
       n_pass,     n_total
       30000       30007
 ITERATION            2 :
   17831.148296728261      +\-   16.872824502386884     
 precision:   9.4625563208864034E-004
 WARNING: outside the range of the grid (xs,xt)=   1.2264736021385607E-002  -1.2264171231454991E-002
 WARNING: set the 2-loop amplitudes to zero
 WARNING: outside the range of the grid (xs,xt)=   1.1906660899653978E-002  -1.1906112599048758E-002
 WARNING: set the 2-loop amplitudes to zero
 WARNING: outside the range of the grid (xs,xt)=   5271.1578157252770       -5270.9150794077723     
 WARNING: set the 2-loop amplitudes to zero
 WARNING: outside the range of the grid (xs,xt)=  0.10703398872123152      -0.10702905981620185     
 WARNING: set the 2-loop amplitudes to zero
 WARNING: outside the range of the grid (xs,xt)=   1.2264736021385607E-002  -1.2264138358096125E-002
 WARNING: set the 2-loop amplitudes to zero
 INFO: will suppress the further warning
 max=   602603.33603627339     
 min=   0.0000000000000000     
       n_pass,     n_total
       40000       40036
 max=   602603.33603627339     
 min=   0.0000000000000000     
       n_pass,     n_total
       50000       50036
 ITERATION            3 :
   17814.783582570424      +\-   8.1867307234382647     
 precision:   4.5954702090504059E-004
 max=   602706.85228015913     
 min=   0.0000000000000000     
       n_pass,     n_total
       60000       60131
 max=   602706.85228015913     
 min=   0.0000000000000000     
       n_pass,     n_total
       70000       70131
 ITERATION            4 :
   17819.497938485820      +\-   5.9330900586984372     
 precision:   3.3295495076123287E-004
 max=   603608.13012326031     
 min=   0.0000000000000000     
       n_pass,     n_total
       80000       80333
 max=   603608.13012326031     
 min=   0.0000000000000000     
       n_pass,     n_total
       90000       90333
 ITERATION            5 :
   17814.847547668869      +\-   4.7349330764855084     
 precision:   2.6578577581513402E-004
 max=   603608.13012326031     
 min=   0.0000000000000000     
       n_pass,     n_total
      100000      100642
 max=   603608.13012326031     
 min=   0.0000000000000000     
       n_pass,     n_total
      110000      110642
 ITERATION            6 :
   17816.513023559019      +\-   4.2057497110095765     
 precision:   2.3605908212500707E-004
 max=   603608.13012326031     
 min=   0.0000000000000000     
       n_pass,     n_total
      120000      120918
 max=   603608.13012326031     
 min=   0.0000000000000000     
       n_pass,     n_total
      130000      130918
 ITERATION            7 :
   17827.016513461458      +\-   4.0450714452017982     
 precision:   2.2690680979328771E-004
 max=   603608.13012326031     
 min=   0.0000000000000000     
       n_pass,     n_total
      140000      141276
 max=   603608.13012326031     
 min=   0.0000000000000000     
       n_pass,     n_total
      150000      151276
 ITERATION            8 :
   17811.110931961313      +\-   4.0706728009578530     
 precision:   2.2854682206561278E-004
 max=   603608.13012326031     
 min=   0.0000000000000000     
       n_pass,     n_total
      160000      161503
 max=   603608.13012326031     
 min=   0.0000000000000000     
       n_pass,     n_total
      170000      171503
 ITERATION            9 :
   17818.259006789678      +\-   4.0669608220685376     
 precision:   2.2824681247022032E-004
 max=   603793.59964907879     
 min=   0.0000000000000000     
       n_pass,     n_total
      180000      181885
 max=   603793.59964907879     
 min=   0.0000000000000000     
       n_pass,     n_total
      190000      191885
 ITERATION           10 :
   17819.924438686314      +\-   4.5731605590501792     
 precision:   2.5663187152028758E-004
 ====================NCALL=40K ===========================
  
 max=   603793.59964907879     
 min=   0.0000000000000000     
       n_pass,     n_total
      200000      202125
 max=   603793.59964907879     
 min=   0.0000000000000000     
       n_pass,     n_total
      210000      212125
 max=   603793.59964907879     
 min=   0.0000000000000000     
       n_pass,     n_total
      220000      222125
 max=   603793.59964907879     
 min=   0.0000000000000000     
       n_pass,     n_total
      230000      232125
   17820.051332916555      +\-   2.3368659955133841     
 precision:   1.3113688349465131E-004
 ====================NCALL=80K ===========================
  
 max=   603821.83084639639     
 min=   0.0000000000000000     
       n_pass,     n_total
      240000      243359
 max=   603821.83084639639     
 min=   0.0000000000000000     
       n_pass,     n_total
      250000      253359
 max=   603821.83084639639     
 min=   0.0000000000000000     
       n_pass,     n_total
      260000      263359
 max=   603821.83084639639     
 min=   0.0000000000000000     
       n_pass,     n_total
      270000      273359
 max=   603821.83084639639     
 min=   0.0000000000000000     
       n_pass,     n_total
      280000      283359
 max=   603821.83084639639     
 min=   0.0000000000000000     
       n_pass,     n_total
      290000      293359
 max=   603821.83084639639     
 min=   0.0000000000000000     
       n_pass,     n_total
      300000      303359
 max=   603821.83084639639     
 min=   0.0000000000000000     
       n_pass,     n_total
      310000      313359
   17819.527043660481      +\-   1.0141920048064370     
 precision:   5.6914642140698590E-005
 sigma (pb)                   sd (pb)
   17819.527043660481        1.0141920048064370     
