 =======================================================
 |                                                     |
 |         \/\/\/\/\/\___________/\/\/\/\/\/           |
 |                   |     \     |                     |
 |                   |     /     |                     |
 |                   |     \     |                     |
 |         /\/\/\/\/\|_____/_____|/\/\/\/\/\           |
 |                                                     |
 | Light-by-light scattering at next-to-leading order  |
 |                   (VERSION 0.5)                     |
 |                                                     |
 |    Authors:                                         |
 |            Ajjath A.H. (LPTHE Paris)                |
 |            Ekta Chaubey (Bonn)                      |
 |            Mathijs Fraaije (Bern)                   |
 |            Valentin Hirschi (Bern)                  |
 |            Hua-Sheng Shao (LPTHE Paris)             |
 |                                                     |
 |    Please cite                                      |
 |            PLB 851 (2024) 138555 [arXiv:2312.16956] |
 |            JHEP 03 (2024) 121    [arXiv:2312.16966] |
 |                                                     |
 =======================================================
 ---------------------------------------------------
         the cuts in the lab frame                  
 min transverse momentum of photon    0.0000000000000000     
 max (pseudo-)rapidity of photon    5.0000000000000000     
 min (pseudo-)rapidity of photon   -5.0000000000000000     
 min invariant mass of di-photon    0.0000000000000000     
 ---------------------------------------------------
 WARNING: outside the range of the grid (xs,xt)=  0.50147582851985817      -0.50147582350564845     
 WARNING: set the 2-loop amplitudes to zero
 WARNING: outside the range of the grid (xs,xt)=  0.50170154782221243      -0.50170154280574608     
 WARNING: set the 2-loop amplitudes to zero
 WARNING: outside the range of the grid (xs,xt)=  0.50155422892360990      -0.50155422390861626     
 WARNING: set the 2-loop amplitudes to zero
 WARNING: outside the range of the grid (xs,xt)=  0.50172371168621588      -0.50172370666952792     
 WARNING: set the 2-loop amplitudes to zero
 WARNING: outside the range of the grid (xs,xt)=  0.50170289697601533      -0.50170289195953555     
 WARNING: set the 2-loop amplitudes to zero
 INFO: will suppress the further warning
 max=   432.03077955306497     
 min=   0.0000000000000000     
       n_pass,     n_total
       10000       10000
  
 ====================NCALL=20K===========================
  
 ITERATION            1 :
   310.93362639522644      +\-   8.9417746278479728E-003
 precision:   2.8757824399738998E-005
 max=   432.05149608328082     
 min=   0.0000000000000000     
       n_pass,     n_total
       20000       20002
 max=   432.05149608328082     
 min=   0.0000000000000000     
       n_pass,     n_total
       30000       30002
 ITERATION            2 :
   310.91012139543591      +\-   1.7573297881350178E-002
 precision:   5.6522115788566769E-005
 max=   432.05908162023371     
 min=   0.0000000000000000     
       n_pass,     n_total
       40000       40012
 max=   432.05908162023371     
 min=   0.0000000000000000     
       n_pass,     n_total
       50000       50012
 ITERATION            3 :
   310.91699440892307      +\-   1.3655495596551421E-002
 precision:   4.3920068192192452E-005
 max=   432.35698566774812     
 min=   0.0000000000000000     
       n_pass,     n_total
       60000       60039
 max=   432.35698566774812     
 min=   0.0000000000000000     
       n_pass,     n_total
       70000       70039
 ITERATION            4 :
   310.90077586784781      +\-   9.3407368872794449E-003
 precision:   3.0044109286011687E-005
 max=   432.35698566774812     
 min=   0.0000000000000000     
       n_pass,     n_total
       80000       80075
 max=   432.35698566774812     
 min=   0.0000000000000000     
       n_pass,     n_total
       90000       90075
 ITERATION            5 :
   310.89877067784670      +\-   1.4910654528727897E-002
 precision:   4.7959837525952514E-005
 max=   432.35698566774812     
 min=   0.0000000000000000     
       n_pass,     n_total
      100000      100116
 max=   432.35698566774812     
 min=   0.0000000000000000     
       n_pass,     n_total
      110000      110116
 ITERATION            6 :
   310.87555546367611      +\-   1.5076759315018300E-002
 precision:   4.8497731809537292E-005
 max=   432.35698566774812     
 min=   0.0000000000000000     
       n_pass,     n_total
      120000      120144
 max=   432.35698566774812     
 min=   0.0000000000000000     
       n_pass,     n_total
      130000      130144
 ITERATION            7 :
   310.89304066133923      +\-   1.1167614847734994E-002
 precision:   3.5921083418203806E-005
 max=   432.35698566774812     
 min=   0.0000000000000000     
       n_pass,     n_total
      140000      140184
 max=   432.35698566774812     
 min=   0.0000000000000000     
       n_pass,     n_total
      150000      150184
 ITERATION            8 :
   310.87633496580810      +\-   9.7034338322545301E-003
 precision:   3.1213163373538121E-005
 max=   432.35698566774812     
 min=   0.0000000000000000     
       n_pass,     n_total
      160000      160246
 max=   432.35698566774812     
 min=   0.0000000000000000     
       n_pass,     n_total
      170000      170246
 ITERATION            9 :
   310.89203033583067      +\-   8.8614745387984254E-003
 precision:   2.8503382763546930E-005
 max=   432.36648078307007     
 min=   0.0000000000000000     
       n_pass,     n_total
      180000      180314
 max=   432.36648078307007     
 min=   0.0000000000000000     
       n_pass,     n_total
      190000      190314
 ITERATION           10 :
   310.89576809669228      +\-   8.8906880408087720E-003
 precision:   2.8597005662822862E-005
 ====================NCALL=40K ===========================
  
 max=   432.36648078307007     
 min=   0.0000000000000000     
       n_pass,     n_total
      200000      200469
 max=   432.36648078307007     
 min=   0.0000000000000000     
       n_pass,     n_total
      210000      210469
 max=   432.36648078307007     
 min=   0.0000000000000000     
       n_pass,     n_total
      220000      220469
 max=   432.36648078307007     
 min=   0.0000000000000000     
       n_pass,     n_total
      230000      230469
   310.89174701524547      +\-   4.4515877737174095E-003
 precision:   1.4318771136433907E-005
 ====================NCALL=80K ===========================
  
 max=   432.36648078307007     
 min=   0.0000000000000000     
       n_pass,     n_total
      240000      240835
 max=   432.36648078307007     
 min=   0.0000000000000000     
       n_pass,     n_total
      250000      250835
 max=   432.36648078307007     
 min=   0.0000000000000000     
       n_pass,     n_total
      260000      260835
 max=   432.36648078307007     
 min=   0.0000000000000000     
       n_pass,     n_total
      270000      270835
 max=   432.36648078307007     
 min=   0.0000000000000000     
       n_pass,     n_total
      280000      280835
 max=   432.36648078307007     
 min=   0.0000000000000000     
       n_pass,     n_total
      290000      290835
 max=   432.36648078307007     
 min=   0.0000000000000000     
       n_pass,     n_total
      300000      300835
 max=   432.36648078307007     
 min=   0.0000000000000000     
       n_pass,     n_total
      310000      310835
   310.88586213226063      +\-   2.1306597594060788E-003
 precision:   6.8535112687100232E-006
 sigma (pb)                   sd (pb)
   310.88586213226063        2.1306597594060788E-003
