 =======================================================
 |                                                     |
 |         \/\/\/\/\/\___________/\/\/\/\/\/           |
 |                   |     \     |                     |
 |                   |     /     |                     |
 |                   |     \     |                     |
 |         /\/\/\/\/\|_____/_____|/\/\/\/\/\           |
 |                                                     |
 | Light-by-light scattering at next-to-leading order  |
 |                   (VERSION 0.5)                     |
 |                                                     |
 |    Authors:                                         |
 |            Ajjath A.H. (LPTHE Paris)                |
 |            Ekta Chaubey (Bonn)                      |
 |            Mathijs Fraaije (Bern)                   |
 |            Valentin Hirschi (Bern)                  |
 |            Hua-Sheng Shao (LPTHE Paris)             |
 |                                                     |
 |    Please cite                                      |
 |            PLB 851 (2024) 138555 [arXiv:2312.16956] |
 |            JHEP 03 (2024) 121    [arXiv:2312.16966] |
 |                                                     |
 =======================================================
 ---------------------------------------------------
         the cuts in the lab frame                  
 min transverse momentum of photon    0.0000000000000000     
 max (pseudo-)rapidity of photon    5.0000000000000000     
 min (pseudo-)rapidity of photon   -5.0000000000000000     
 min invariant mass of di-photon    0.0000000000000000     
 ---------------------------------------------------
 max=   150287.88793226660     
 min=   0.0000000000000000     
       n_pass,     n_total
       10000       10000
  
 ====================NCALL=20K===========================
  
 ITERATION            1 :
   2451.9076761099623      +\-   19.894917252480045     
 precision:   8.1140564330073103E-003
 WARNING: outside the range of the grid (xs,xt)=   8.9285007796836693E-002  -8.9280640696170754E-002
 WARNING: set the 2-loop amplitudes to zero
 WARNING: outside the range of the grid (xs,xt)=   8.6678287197231807E-002  -8.6674047596260920E-002
 WARNING: set the 2-loop amplitudes to zero
 WARNING: outside the range of the grid (xs,xt)=   4.1732653061224492E-002  -4.1730611837266826E-002
 WARNING: set the 2-loop amplitudes to zero
 WARNING: outside the range of the grid (xs,xt)=   38373.053105648338       -38371.176206156400     
 WARNING: set the 2-loop amplitudes to zero
 WARNING: outside the range of the grid (xs,xt)=  0.77918762383782947      -0.77914951227940643     
 WARNING: set the 2-loop amplitudes to zero
 INFO: will suppress the further warning
 max=   159743.45608913997     
 min=   0.0000000000000000     
       n_pass,     n_total
       20000       20008
 max=   159743.45608913997     
 min=   0.0000000000000000     
       n_pass,     n_total
       30000       30008
 ITERATION            2 :
   2428.1763546092261      +\-   4.6980204351765611     
 precision:   1.9347937501568448E-003
 max=   161450.66637141150     
 min=   0.0000000000000000     
       n_pass,     n_total
       40000       40043
 max=   161450.66637141150     
 min=   0.0000000000000000     
       n_pass,     n_total
       50000       50043
 ITERATION            3 :
   2426.1272665073843      +\-   1.6533082355976403     
 precision:   6.8145981392712246E-004
 max=   163045.22836309887     
 min=   0.0000000000000000     
       n_pass,     n_total
       60000       60173
 max=   163045.22836309887     
 min=   0.0000000000000000     
       n_pass,     n_total
       70000       70173
 ITERATION            4 :
   2427.2876714049262      +\-   1.0273771304322341     
 precision:   4.2326138040225909E-004
 max=   163045.22836309887     
 min=   0.0000000000000000     
       n_pass,     n_total
       80000       80478
 max=   163045.22836309887     
 min=   0.0000000000000000     
       n_pass,     n_total
       90000       90478
 ITERATION            5 :
   2426.2333242975774      +\-  0.71539380734035929     
 precision:   2.9485779466303968E-004
 max=   163045.22836309887     
 min=   0.0000000000000000     
       n_pass,     n_total
      100000      100878
 max=   163045.22836309887     
 min=   0.0000000000000000     
       n_pass,     n_total
      110000      110878
 ITERATION            6 :
   2426.5864749137668      +\-  0.60274068905536027     
 precision:   2.4839036040402382E-004
 max=   163071.27643053679     
 min=   0.0000000000000000     
       n_pass,     n_total
      120000      121223
 max=   163071.27643053679     
 min=   0.0000000000000000     
       n_pass,     n_total
      130000      131223
 ITERATION            7 :
   2427.6850929476982      +\-  0.60584463244824294     
 precision:   2.4955651546742645E-004
 max=   163080.67740634765     
 min=   0.0000000000000000     
       n_pass,     n_total
      140000      141673
 max=   163080.67740634765     
 min=   0.0000000000000000     
       n_pass,     n_total
      150000      151673
 ITERATION            8 :
   2425.8782811669535      +\-  0.60004314919085555     
 precision:   2.4735088889217007E-004
 max=   163080.67740634765     
 min=   0.0000000000000000     
       n_pass,     n_total
      160000      162154
 max=   163080.67740634765     
 min=   0.0000000000000000     
       n_pass,     n_total
      170000      172154
 ITERATION            9 :
   2426.8660932339508      +\-  0.60123785954615194     
 precision:   2.4774249441384088E-004
 max=   163080.67740634765     
 min=   0.0000000000000000     
       n_pass,     n_total
      180000      182663
 max=   163080.67740634765     
 min=   0.0000000000000000     
       n_pass,     n_total
      190000      192663
 ITERATION           10 :
   2427.5887199647323      +\-  0.61626763636396831     
 precision:   2.5385998513492903E-004
 ====================NCALL=40K ===========================
  
 max=   163122.04868333045     
 min=   0.0000000000000000     
       n_pass,     n_total
      200000      203615
 max=   163122.04868333045     
 min=   0.0000000000000000     
       n_pass,     n_total
      210000      213615
 max=   163122.04868333045     
 min=   0.0000000000000000     
       n_pass,     n_total
      220000      223615
 max=   163122.04868333045     
 min=   0.0000000000000000     
       n_pass,     n_total
      230000      233615
   2426.7799259989602      +\-  0.29833117973297668     
 precision:   1.2293293534236383E-004
 ====================NCALL=80K ===========================
  
 max=   163122.04868333045     
 min=   0.0000000000000000     
       n_pass,     n_total
      240000      246018
 max=   163122.04868333045     
 min=   0.0000000000000000     
       n_pass,     n_total
      250000      256018
 max=   163122.04868333045     
 min=   0.0000000000000000     
       n_pass,     n_total
      260000      266018
 max=   163122.04868333045     
 min=   0.0000000000000000     
       n_pass,     n_total
      270000      276018
 max=   163122.04868333045     
 min=   0.0000000000000000     
       n_pass,     n_total
      280000      286018
 max=   163122.04868333045     
 min=   0.0000000000000000     
       n_pass,     n_total
      290000      296018
 max=   163122.04868333045     
 min=   0.0000000000000000     
       n_pass,     n_total
      300000      306018
   2426.6949513034210      +\-  0.14582995736097878     
 precision:   6.0094062206974521E-005
 sigma (pb)                   sd (pb)
   2426.6949513034210       0.14582995736097878     
