 =======================================================
 |                                                     |
 |         \/\/\/\/\/\___________/\/\/\/\/\/           |
 |                   |     \     |                     |
 |                   |     /     |                     |
 |                   |     \     |                     |
 |         /\/\/\/\/\|_____/_____|/\/\/\/\/\           |
 |                                                     |
 | Light-by-light scattering at next-to-leading order  |
 |                   (VERSION 0.5)                     |
 |                                                     |
 |    Authors:                                         |
 |            Ajjath A.H. (LPTHE Paris)                |
 |            Ekta Chaubey (Bonn)                      |
 |            Mathijs Fraaije (Bern)                   |
 |            Valentin Hirschi (Bern)                  |
 |            Hua-Sheng Shao (LPTHE Paris)             |
 |                                                     |
 |    Please cite                                      |
 |            PLB 851 (2024) 138555 [arXiv:2312.16956] |
 |            JHEP 03 (2024) 121    [arXiv:2312.16966] |
 |                                                     |
 =======================================================
 ---------------------------------------------------
         the cuts in the lab frame                  
 min transverse momentum of photon    0.0000000000000000     
 max (pseudo-)rapidity of photon    5.0000000000000000     
 min (pseudo-)rapidity of photon   -5.0000000000000000     
 min invariant mass of di-photon    0.0000000000000000     
 ---------------------------------------------------
 max=   2880632.0059048077     
 min=   0.0000000000000000     
       n_pass,     n_total
       10000       10000
  
 ====================NCALL=20K===========================
  
 ITERATION            1 :
   801476.27107852744      +\-   192.85328455496759     
 precision:   2.4062257550738157E-004
 max=   2981819.5759650012     
 min=   0.0000000000000000     
       n_pass,     n_total
       20000       20003
 max=   2981819.5759650012     
 min=   0.0000000000000000     
       n_pass,     n_total
       30000       30003
 WARNING: outside the range of the grid (xs,xt)=   78.241121931977887       -3.7853862274082428E-003
 WARNING: set the 2-loop amplitudes to zero
 ITERATION            2 :
   801116.65396578109      +\-   103.01962877100704     
 precision:   1.2859504076095192E-004
 WARNING: outside the range of the grid (xs,xt)=   78.241121931977887       -78.237445910052642     
 WARNING: set the 2-loop amplitudes to zero
 max=   3144381.4646579833     
 min=   0.0000000000000000     
       n_pass,     n_total
       40000       40014
 max=   3144381.4646579833     
 min=   0.0000000000000000     
       n_pass,     n_total
       50000       50014
 WARNING: outside the range of the grid (xs,xt)=   78.241121931977887       -3.8775907422621573E-003
 WARNING: set the 2-loop amplitudes to zero
 WARNING: outside the range of the grid (xs,xt)=   78.241121931977887       -3.6177970532833923E-003
 WARNING: set the 2-loop amplitudes to zero
 ITERATION            3 :
   800926.78095378366      +\-   99.685893160955274     
 precision:   1.2446317882171991E-004
 WARNING: outside the range of the grid (xs,xt)=   78.241121931977887       -78.237530795259119     
 WARNING: set the 2-loop amplitudes to zero
 INFO: will suppress the further warning
 max=   3168375.9651338607     
 min=   0.0000000000000000     
       n_pass,     n_total
       60000       60038
 max=   3168375.9651338607     
 min=   0.0000000000000000     
       n_pass,     n_total
       70000       70038
 ITERATION            4 :
   800929.56786477368      +\-   92.831822202735125     
 precision:   1.1590510068222197E-004
 max=   3173335.9136466631     
 min=   0.0000000000000000     
       n_pass,     n_total
       80000       80065
 max=   3173335.9136466631     
 min=   0.0000000000000000     
       n_pass,     n_total
       90000       90065
 ITERATION            5 :
   800968.57951913937      +\-   84.844560324689340     
 precision:   1.0592745145586819E-004
 max=   3173335.9136466631     
 min=   0.0000000000000000     
       n_pass,     n_total
      100000      100098
 max=   3173335.9136466631     
 min=   0.0000000000000000     
       n_pass,     n_total
      110000      110098
 ITERATION            6 :
   800902.62794935738      +\-   82.590931459952941     
 precision:   1.0312231297257690E-004
 max=   3173335.9136466631     
 min=   0.0000000000000000     
       n_pass,     n_total
      120000      120131
 max=   3173335.9136466631     
 min=   0.0000000000000000     
       n_pass,     n_total
      130000      130131
 ITERATION            7 :
   801033.76686341187      +\-   80.574721796626207     
 precision:   1.0058842102515935E-004
 max=   3173335.9136466631     
 min=   0.0000000000000000     
       n_pass,     n_total
      140000      140170
 max=   3173335.9136466631     
 min=   0.0000000000000000     
       n_pass,     n_total
      150000      150170
 ITERATION            8 :
   800788.52782070625      +\-   79.839709073552072     
 precision:   9.9701364717137784E-005
 max=   3173335.9136466631     
 min=   0.0000000000000000     
       n_pass,     n_total
      160000      160220
 max=   3173335.9136466631     
 min=   0.0000000000000000     
       n_pass,     n_total
      170000      170220
 ITERATION            9 :
   800926.28491892235      +\-   79.129137932459571     
 precision:   9.8797029667305528E-005
 max=   3265377.4370592725     
 min=   0.0000000000000000     
       n_pass,     n_total
      180000      180268
 max=   3265377.4370592725     
 min=   0.0000000000000000     
       n_pass,     n_total
      190000      190268
 ITERATION           10 :
   801028.15528824471      +\-   78.877139779128385     
 precision:   9.8469871824598932E-005
 ====================NCALL=40K ===========================
  
 max=   3265377.4370592725     
 min=   0.0000000000000000     
       n_pass,     n_total
      200000      200361
 max=   3265377.4370592725     
 min=   0.0000000000000000     
       n_pass,     n_total
      210000      210361
 max=   3265377.4370592725     
 min=   0.0000000000000000     
       n_pass,     n_total
      220000      220361
 max=   3265377.4370592725     
 min=   0.0000000000000000     
       n_pass,     n_total
      230000      230361
   800972.02318467025      +\-   40.442479956969606     
 precision:   5.0491751005447143E-005
 ====================NCALL=80K ===========================
  
 max=   3265377.4370592725     
 min=   0.0000000000000000     
       n_pass,     n_total
      240000      240597
 max=   3265377.4370592725     
 min=   0.0000000000000000     
       n_pass,     n_total
      250000      250597
 max=   3265377.4370592725     
 min=   0.0000000000000000     
       n_pass,     n_total
      260000      260597
 max=   3265377.4370592725     
 min=   0.0000000000000000     
       n_pass,     n_total
      270000      270597
 max=   3265377.4370592725     
 min=   0.0000000000000000     
       n_pass,     n_total
      280000      280597
 max=   3265377.4370592725     
 min=   0.0000000000000000     
       n_pass,     n_total
      290000      290597
 max=   3265377.4370592725     
 min=   0.0000000000000000     
       n_pass,     n_total
      300000      300597
 max=   3265377.4370592725     
 min=   0.0000000000000000     
       n_pass,     n_total
      310000      310597
   800909.40927054372      +\-   20.740917350022332     
 precision:   2.5896708304267331E-005
 sigma (pb)                   sd (pb)
   800909.40927054372        20.740917350022332     
