 =======================================================
 |                                                     |
 |         \/\/\/\/\/\___________/\/\/\/\/\/           |
 |                   |     \     |                     |
 |                   |     /     |                     |
 |                   |     \     |                     |
 |         /\/\/\/\/\|_____/_____|/\/\/\/\/\           |
 |                                                     |
 | Light-by-light scattering at next-to-leading order  |
 |                   (VERSION 0.5)                     |
 |                                                     |
 |    Authors:                                         |
 |            Ajjath A.H. (LPTHE Paris)                |
 |            Ekta Chaubey (Bonn)                      |
 |            Mathijs Fraaije (Bern)                   |
 |            Valentin Hirschi (Bern)                  |
 |            Hua-Sheng Shao (LPTHE Paris)             |
 |                                                     |
 |    Please cite                                      |
 |            PLB 851 (2024) 138555 [arXiv:2312.16956] |
 |            JHEP 03 (2024) 121    [arXiv:2312.16966] |
 |                                                     |
 =======================================================
 ---------------------------------------------------
         the cuts in the lab frame                  
 min transverse momentum of photon    0.0000000000000000     
 max (pseudo-)rapidity of photon    5.0000000000000000     
 min (pseudo-)rapidity of photon   -5.0000000000000000     
 min invariant mass of di-photon    0.0000000000000000     
 ---------------------------------------------------
 max=   946.11655931703024     
 min=   0.0000000000000000     
       n_pass,     n_total
       10000       10000
  
 ====================NCALL=20K===========================
  
 ITERATION            1 :
   40.852604582088624      +\-  0.11069100964014800     
 precision:   2.7095214802700550E-003
 max=   1060.2726756040881     
 min=   0.0000000000000000     
       n_pass,     n_total
       20000       20007
 max=   1060.2726756040881     
 min=   0.0000000000000000     
       n_pass,     n_total
       30000       30007
 ITERATION            2 :
   40.698451796080654      +\-   2.7995915916104317E-002
 precision:   6.8788650871482002E-004
 WARNING: outside the range of the grid (xs,xt)=   27.226589440855420       -27.225335618342989     
 WARNING: set the 2-loop amplitudes to zero
 WARNING: outside the range of the grid (xs,xt)=   26.431695501730097       -26.430478285194997     
 WARNING: set the 2-loop amplitudes to zero
 WARNING: outside the range of the grid (xs,xt)=   12.725964181591005       -12.725378133146783     
 WARNING: set the 2-loop amplitudes to zero
 WARNING: outside the range of the grid (xs,xt)=   1.3580017777777778       -1.3579392398971299     
 WARNING: set the 2-loop amplitudes to zero
 WARNING: outside the range of the grid (xs,xt)=  0.13542399999999999      -0.13541776353544785     
 WARNING: set the 2-loop amplitudes to zero
 INFO: will suppress the further warning
 max=   1061.3697900775437     
 min=   0.0000000000000000     
       n_pass,     n_total
       40000       40035
 max=   1061.3697900775437     
 min=   0.0000000000000000     
       n_pass,     n_total
       50000       50035
 ITERATION            3 :
   40.674085252223641      +\-   1.3085779455102954E-002
 precision:   3.2172277198016537E-004
 max=   1061.3697900775437     
 min=   0.0000000000000000     
       n_pass,     n_total
       60000       60115
 max=   1061.3697900775437     
 min=   0.0000000000000000     
       n_pass,     n_total
       70000       70115
 ITERATION            4 :
   40.682164961188597      +\-   1.0377909020932510E-002
 precision:   2.5509726512424285E-004
 max=   1061.3697900775437     
 min=   0.0000000000000000     
       n_pass,     n_total
       80000       80285
 max=   1061.3697900775437     
 min=   0.0000000000000000     
       n_pass,     n_total
       90000       90285
 ITERATION            5 :
   40.674801133500502      +\-   8.6294539158892555E-003
 precision:   2.1215724909302337E-004
 max=   1063.8626234519511     
 min=   0.0000000000000000     
       n_pass,     n_total
      100000      100558
 max=   1063.8626234519511     
 min=   0.0000000000000000     
       n_pass,     n_total
      110000      110558
 ITERATION            6 :
   40.679600946216688      +\-   7.4983410593679285E-003
 precision:   1.8432680962828605E-004
 max=   1063.8626234519511     
 min=   0.0000000000000000     
       n_pass,     n_total
      120000      120837
 max=   1063.8626234519511     
 min=   0.0000000000000000     
       n_pass,     n_total
      130000      130837
 ITERATION            7 :
   40.695323265478002      +\-   7.1097611468577630E-003
 precision:   1.7470708121611114E-004
 max=   1063.8626234519511     
 min=   0.0000000000000000     
       n_pass,     n_total
      140000      141188
 max=   1063.8626234519511     
 min=   0.0000000000000000     
       n_pass,     n_total
      150000      151188
 ITERATION            8 :
   40.669760698189314      +\-   6.9828652863040616E-003
 precision:   1.7169673896347639E-004
 max=   1063.8626234519511     
 min=   0.0000000000000000     
       n_pass,     n_total
      160000      161442
 max=   1063.8626234519511     
 min=   0.0000000000000000     
       n_pass,     n_total
      170000      171442
 ITERATION            9 :
   40.680090354738887      +\-   6.9461241541588642E-003
 precision:   1.7074996868461230E-004
 max=   1063.8626234519511     
 min=   0.0000000000000000     
       n_pass,     n_total
      180000      181811
 max=   1063.8626234519511     
 min=   0.0000000000000000     
       n_pass,     n_total
      190000      191811
 ITERATION           10 :
   40.688572746089676      +\-   7.1018531209083502E-003
 precision:   1.7454171138482277E-004
 ====================NCALL=40K ===========================
  
 max=   1063.8626234519511     
 min=   0.0000000000000000     
       n_pass,     n_total
      200000      202082
 max=   1063.8626234519511     
 min=   0.0000000000000000     
       n_pass,     n_total
      210000      212082
 max=   1063.8626234519511     
 min=   0.0000000000000000     
       n_pass,     n_total
      220000      222082
 max=   1063.8626234519511     
 min=   0.0000000000000000     
       n_pass,     n_total
      230000      232082
   40.686440539474667      +\-   3.9728392689199303E-003
 precision:   9.7645289591391385E-005
 ====================NCALL=80K ===========================
  
 max=   1063.8626234519511     
 min=   0.0000000000000000     
       n_pass,     n_total
      240000      243331
 max=   1063.8626234519511     
 min=   0.0000000000000000     
       n_pass,     n_total
      250000      253331
 max=   1063.8626234519511     
 min=   0.0000000000000000     
       n_pass,     n_total
      260000      263331
 max=   1063.8626234519511     
 min=   0.0000000000000000     
       n_pass,     n_total
      270000      273331
 max=   1063.8626234519511     
 min=   0.0000000000000000     
       n_pass,     n_total
      280000      283331
 max=   1063.8626234519511     
 min=   0.0000000000000000     
       n_pass,     n_total
      290000      293331
 max=   1063.8626234519511     
 min=   0.0000000000000000     
       n_pass,     n_total
      300000      303331
 max=   1063.8626234519511     
 min=   0.0000000000000000     
       n_pass,     n_total
      310000      313331
   40.683895668063720      +\-   1.7189463824600945E-003
 precision:   4.2251272997178661E-005
 sigma (pb)                   sd (pb)
   40.683895668063720        1.7189463824600945E-003
