 =======================================================
 |                                                     |
 |         \/\/\/\/\/\___________/\/\/\/\/\/           |
 |                   |     \     |                     |
 |                   |     /     |                     |
 |                   |     \     |                     |
 |         /\/\/\/\/\|_____/_____|/\/\/\/\/\           |
 |                                                     |
 | Light-by-light scattering at next-to-leading order  |
 |                   (VERSION 0.5)                     |
 |                                                     |
 |    Authors:                                         |
 |            Ajjath A.H. (LPTHE Paris)                |
 |            Ekta Chaubey (Bonn)                      |
 |            Mathijs Fraaije (Bern)                   |
 |            Valentin Hirschi (Bern)                  |
 |            Hua-Sheng Shao (LPTHE Paris)             |
 |                                                     |
 |    Please cite                                      |
 |            PLB 851 (2024) 138555 [arXiv:2312.16956] |
 |            JHEP 03 (2024) 121    [arXiv:2312.16966] |
 |                                                     |
 =======================================================
 ---------------------------------------------------
         the cuts in the lab frame                  
 min transverse momentum of photon    0.0000000000000000     
 max (pseudo-)rapidity of photon    5.0000000000000000     
 min (pseudo-)rapidity of photon   -5.0000000000000000     
 min invariant mass of di-photon    0.0000000000000000     
 ---------------------------------------------------
 max=   1.5089712547350045     
 min=   0.0000000000000000     
       n_pass,     n_total
       10000       10000
  
 ====================NCALL=20K===========================
  
 ITERATION            1 :
   2.1803119003563961E-002 +\-   3.1166226329061830E-004
 precision:   1.4294388946814153E-002
 WARNING: outside the range of the grid (xs,xt)=   69859656.939184666       -69856297.074629188     
 WARNING: set the 2-loop amplitudes to zero
 WARNING: outside the range of the grid (xs,xt)=   67820069.204152241       -67816807.432528213     
 WARNING: set the 2-loop amplitudes to zero
 WARNING: outside the range of the grid (xs,xt)=   32653061.224489797       -32651490.792171024     
 WARNING: set the 2-loop amplitudes to zero
 WARNING: outside the range of the grid (xs,xt)=   3484444.4444444445       -3484276.8618667834     
 WARNING: set the 2-loop amplitudes to zero
 WARNING: outside the range of the grid (xs,xt)=   347479.22437673132       -347462.51254073187     
 WARNING: set the 2-loop amplitudes to zero
 INFO: will suppress the further warning
 max=   1.5251887320689033     
 min=   0.0000000000000000     
       n_pass,     n_total
       20000       20007
 max=   1.5251887320689033     
 min=   0.0000000000000000     
       n_pass,     n_total
       30000       30007
 ITERATION            2 :
   2.1268607962850201E-002 +\-   3.6419020608506775E-005
 precision:   1.7123368239294148E-003
 max=   1.5267746220548253     
 min=   0.0000000000000000     
       n_pass,     n_total
       40000       40043
 max=   1.5267746220548253     
 min=   0.0000000000000000     
       n_pass,     n_total
       50000       50043
 ITERATION            3 :
   2.1225583802919921E-002 +\-   1.8133439039053160E-005
 precision:   8.5431991917973133E-004
 max=   1.5267746220548253     
 min=   0.0000000000000000     
       n_pass,     n_total
       60000       60170
 max=   1.5267746220548253     
 min=   0.0000000000000000     
       n_pass,     n_total
       70000       70170
 ITERATION            4 :
   2.1227740996266658E-002 +\-   1.1514515564932689E-005
 precision:   5.4242773957708247E-004
 max=   1.5267746220548253     
 min=   0.0000000000000000     
       n_pass,     n_total
       80000       80444
 max=   1.5267746220548253     
 min=   0.0000000000000000     
       n_pass,     n_total
       90000       90444
 ITERATION            5 :
   2.1221503544988852E-002 +\-   8.0359118681168345E-006
 precision:   3.7866835641880791E-004
 max=   1.5267746220548253     
 min=   0.0000000000000000     
       n_pass,     n_total
      100000      100796
 max=   1.5267746220548253     
 min=   0.0000000000000000     
       n_pass,     n_total
      110000      110796
 ITERATION            6 :
   2.1217604721220064E-002 +\-   8.3095794529173803E-006
 precision:   3.9163607589535484E-004
 max=   1.5267746220548253     
 min=   0.0000000000000000     
       n_pass,     n_total
      120000      121073
 max=   1.5267746220548253     
 min=   0.0000000000000000     
       n_pass,     n_total
      130000      131073
 ITERATION            7 :
   2.1235372113893085E-002 +\-   7.8876993324513970E-006
 precision:   3.7144154056480735E-004
 max=   1.5267746220548253     
 min=   0.0000000000000000     
       n_pass,     n_total
      140000      141528
 max=   1.5267746220548253     
 min=   0.0000000000000000     
       n_pass,     n_total
      150000      151528
 ITERATION            8 :
   2.1208671650581351E-002 +\-   7.2211305715878606E-006
 precision:   3.4048009656417695E-004
 max=   1.5267746220548253     
 min=   0.0000000000000000     
       n_pass,     n_total
      160000      161899
 max=   1.5267746220548253     
 min=   0.0000000000000000     
       n_pass,     n_total
      170000      171899
 ITERATION            9 :
   2.1225805983356865E-002 +\-   7.7601448341172626E-006
 precision:   3.6559953672439977E-004
 max=   1.5268433845958587     
 min=   0.0000000000000000     
       n_pass,     n_total
      180000      182363
 max=   1.5268433845958587     
 min=   0.0000000000000000     
       n_pass,     n_total
      190000      192363
 ITERATION           10 :
   2.1234175860183956E-002 +\-   7.6636579988669826E-006
 precision:   3.6091148765688856E-004
 ====================NCALL=40K ===========================
  
 max=   1.5268433845958587     
 min=   0.0000000000000000     
       n_pass,     n_total
      200000      202965
 max=   1.5268433845958587     
 min=   0.0000000000000000     
       n_pass,     n_total
      210000      212965
 max=   1.5268433845958587     
 min=   0.0000000000000000     
       n_pass,     n_total
      220000      222965
 max=   1.5268433845958587     
 min=   0.0000000000000000     
       n_pass,     n_total
      230000      232965
   2.1226623613701270E-002 +\-   3.7552487980582524E-006
 precision:   1.7691220546419499E-004
 ====================NCALL=80K ===========================
  
 max=   1.5268833349630984     
 min=   0.0000000000000000     
       n_pass,     n_total
      240000      244677
 max=   1.5268833349630984     
 min=   0.0000000000000000     
       n_pass,     n_total
      250000      254677
 max=   1.5268833349630984     
 min=   0.0000000000000000     
       n_pass,     n_total
      260000      264677
 max=   1.5268833349630984     
 min=   0.0000000000000000     
       n_pass,     n_total
      270000      274677
 max=   1.5268833349630984     
 min=   0.0000000000000000     
       n_pass,     n_total
      280000      284677
 max=   1.5268833349630984     
 min=   0.0000000000000000     
       n_pass,     n_total
      290000      294677
 max=   1.5268833349630984     
 min=   0.0000000000000000     
       n_pass,     n_total
      300000      304677
   2.1224252109861560E-002 +\-   1.7723886787626778E-006
 precision:   8.3507709463136350E-005
 sigma (pb)                   sd (pb)
   2.1224252109861560E-002   1.7723886787626778E-006
