 =======================================================
 |                                                     |
 |         \/\/\/\/\/\___________/\/\/\/\/\/           |
 |                   |     \     |                     |
 |                   |     /     |                     |
 |                   |     \     |                     |
 |         /\/\/\/\/\|_____/_____|/\/\/\/\/\           |
 |                                                     |
 | Light-by-light scattering at next-to-leading order  |
 |                   (VERSION 0.5)                     |
 |                                                     |
 |    Authors:                                         |
 |            Ajjath A.H. (LPTHE Paris)                |
 |            Ekta Chaubey (Bonn)                      |
 |            Mathijs Fraaije (Bern)                   |
 |            Valentin Hirschi (Bern)                  |
 |            Hua-Sheng Shao (LPTHE Paris)             |
 |                                                     |
 |    Please cite                                      |
 |            PLB 851 (2024) 138555 [arXiv:2312.16956] |
 |            JHEP 03 (2024) 121    [arXiv:2312.16966] |
 |                                                     |
 =======================================================
 ---------------------------------------------------
         the cuts in the lab frame                  
 min transverse momentum of photon    0.0000000000000000     
 max (pseudo-)rapidity of photon    5.0000000000000000     
 min (pseudo-)rapidity of photon   -5.0000000000000000     
 min invariant mass of di-photon    0.0000000000000000     
 ---------------------------------------------------
 max=   3135626.4629944633     
 min=   0.0000000000000000     
       n_pass,     n_total
       10000       10000
  
 ====================NCALL=20K===========================
  
 ITERATION            1 :
   1811131.2265183232      +\-   69.512576242118030     
 precision:   3.8380750783998903E-005
 max=   3135626.4629944633     
 min=   0.0000000000000000     
       n_pass,     n_total
       20000       20002
 max=   3135626.4629944633     
 min=   0.0000000000000000     
       n_pass,     n_total
       30000       30002
 ITERATION            2 :
   1810909.6989734303      +\-   117.61767419259030     
 precision:   6.4949497072805718E-005
 max=   3813594.0725554987     
 min=   0.0000000000000000     
       n_pass,     n_total
       40000       40012
 max=   3813594.0725554987     
 min=   0.0000000000000000     
       n_pass,     n_total
       50000       50012
 WARNING: outside the range of the grid (xs,xt)=   12.188433714638043       -5.7283441429458121E-004
 WARNING: set the 2-loop amplitudes to zero
 ITERATION            3 :
   1810711.6363007224      +\-   108.50278448405463     
 precision:   5.9922729996768254E-005
 WARNING: outside the range of the grid (xs,xt)=   12.188433714638043       -12.187876566864517     
 WARNING: set the 2-loop amplitudes to zero
 WARNING: outside the range of the grid (xs,xt)=   12.188433714638043       -12.187869807197075     
 WARNING: set the 2-loop amplitudes to zero
 WARNING: outside the range of the grid (xs,xt)=   12.188433714638043       -12.187857638784786     
 WARNING: set the 2-loop amplitudes to zero
 max=   5297345.5983419074     
 min=   0.0000000000000000     
       n_pass,     n_total
       60000       60038
 max=   5297345.5983419074     
 min=   0.0000000000000000     
       n_pass,     n_total
       70000       70038
 WARNING: outside the range of the grid (xs,xt)=   12.188433714638043       -5.6758454357783074E-004
 WARNING: set the 2-loop amplitudes to zero
 INFO: will suppress the further warning
 ITERATION            4 :
   1810797.2270441821      +\-   84.918439244550626     
 precision:   4.6895609279878073E-005
 max=   6152702.6790437344     
 min=   0.0000000000000000     
       n_pass,     n_total
       80000       80074
 max=   6152702.6790437344     
 min=   0.0000000000000000     
       n_pass,     n_total
       90000       90074
 ITERATION            5 :
   1810849.3309029064      +\-   71.702676736972151     
 precision:   3.9596158285140445E-005
 max=   6503158.3318378702     
 min=   0.0000000000000000     
       n_pass,     n_total
      100000      100131
 max=   6503158.3318378702     
 min=   0.0000000000000000     
       n_pass,     n_total
      110000      110131
 ITERATION            6 :
   1810802.4447409997      +\-   64.399690091080515     
 precision:   3.5564172269654542E-005
 max=   6503158.3318378702     
 min=   0.0000000000000000     
       n_pass,     n_total
      120000      120195
 max=   6503158.3318378702     
 min=   0.0000000000000000     
       n_pass,     n_total
      130000      130195
 ITERATION            7 :
   1810925.0703041339      +\-   61.072652885624045     
 precision:   3.3724560936895780E-005
 max=   6503158.3318378702     
 min=   0.0000000000000000     
       n_pass,     n_total
      140000      140280
 max=   6503158.3318378702     
 min=   0.0000000000000000     
       n_pass,     n_total
      150000      150280
 ITERATION            8 :
   1810741.3416863685      +\-   60.342667576135305     
 precision:   3.3324841150386141E-005
 max=   6503158.3318378702     
 min=   0.0000000000000000     
       n_pass,     n_total
      160000      160383
 max=   6503158.3318378702     
 min=   0.0000000000000000     
       n_pass,     n_total
      170000      170383
 ITERATION            9 :
   1810838.6383574456      +\-   58.461533287531829     
 precision:   3.2284231211545404E-005
 max=   6503158.3318378702     
 min=   0.0000000000000000     
       n_pass,     n_total
      180000      180491
 max=   6503158.3318378702     
 min=   0.0000000000000000     
       n_pass,     n_total
      190000      190491
 ITERATION           10 :
   1810884.4422472815      +\-   58.435554547952329     
 precision:   3.2269068740484976E-005
 ====================NCALL=40K ===========================
  
 max=   6503158.3318378702     
 min=   0.0000000000000000     
       n_pass,     n_total
      200000      200700
 max=   6503158.3318378702     
 min=   0.0000000000000000     
       n_pass,     n_total
      210000      210700
 max=   6503158.3318378702     
 min=   0.0000000000000000     
       n_pass,     n_total
      220000      220700
 max=   6503158.3318378702     
 min=   0.0000000000000000     
       n_pass,     n_total
      230000      230700
   1810875.2677054987      +\-   29.654867232113535     
 precision:   1.6375985558457736E-005
 ====================NCALL=80K ===========================
  
 max=   7578289.9478453258     
 min=   0.0000000000000000     
       n_pass,     n_total
      240000      241184
 max=   7578289.9478453258     
 min=   0.0000000000000000     
       n_pass,     n_total
      250000      251184
 max=   7578289.9478453258     
 min=   0.0000000000000000     
       n_pass,     n_total
      260000      261184
 max=   7578289.9478453258     
 min=   0.0000000000000000     
       n_pass,     n_total
      270000      271184
 max=   7578289.9478453258     
 min=   0.0000000000000000     
       n_pass,     n_total
      280000      281184
 max=   7578289.9478453258     
 min=   0.0000000000000000     
       n_pass,     n_total
      290000      291184
 max=   7578289.9478453258     
 min=   0.0000000000000000     
       n_pass,     n_total
      300000      301184
 max=   7578289.9478453258     
 min=   0.0000000000000000     
       n_pass,     n_total
      310000      311184
   1810833.9768130390      +\-   14.044761537336752     
 precision:   7.7559631181952438E-006
 sigma (pb)                   sd (pb)
   1810833.9768130390        14.044761537336752     
