 =======================================================
 |                                                     |
 |         \/\/\/\/\/\___________/\/\/\/\/\/           |
 |                   |     \     |                     |
 |                   |     /     |                     |
 |                   |     \     |                     |
 |         /\/\/\/\/\|_____/_____|/\/\/\/\/\           |
 |                                                     |
 | Light-by-light scattering at next-to-leading order  |
 |                   (VERSION 0.5)                     |
 |                                                     |
 |    Authors:                                         |
 |            Ajjath A.H. (LPTHE Paris)                |
 |            Ekta Chaubey (Bonn)                      |
 |            Mathijs Fraaije (Bern)                   |
 |            Valentin Hirschi (Bern)                  |
 |            Hua-Sheng Shao (LPTHE Paris)             |
 |                                                     |
 |    Please cite                                      |
 |            PLB 851 (2024) 138555 [arXiv:2312.16956] |
 |            JHEP 03 (2024) 121    [arXiv:2312.16966] |
 |                                                     |
 =======================================================
 ---------------------------------------------------
         the cuts in the lab frame                  
 min transverse momentum of photon    0.0000000000000000     
 max (pseudo-)rapidity of photon    5.0000000000000000     
 min (pseudo-)rapidity of photon   -5.0000000000000000     
 min invariant mass of di-photon    0.0000000000000000     
 ---------------------------------------------------
 WARNING: outside the range of the grid (xs,xt)=   9.1693193935883946E-002  -9.1693193018970359E-002
 WARNING: set the 2-loop amplitudes to zero
 WARNING: outside the range of the grid (xs,xt)=   9.1867740807952167E-002  -9.1867739889293171E-002
 WARNING: set the 2-loop amplitudes to zero
 WARNING: outside the range of the grid (xs,xt)=   9.1756882264148007E-002  -9.1756881346597569E-002
 WARNING: set the 2-loop amplitudes to zero
 WARNING: outside the range of the grid (xs,xt)=   9.1938255701904337E-002  -9.1938254782540252E-002
 WARNING: set the 2-loop amplitudes to zero
 WARNING: outside the range of the grid (xs,xt)=   9.1979638033327940E-002  -9.1979637113550020E-002
 WARNING: set the 2-loop amplitudes to zero
 INFO: will suppress the further warning
 max=   2.6150194899212194     
 min=   0.0000000000000000     
       n_pass,     n_total
       10000       10000
  
 ====================NCALL=20K===========================
  
 ITERATION            1 :
   1.8545047569285540      +\-   6.3486303979718006E-005
 precision:   3.4233562217906923E-005
 max=   2.6289210357133883     
 min=   0.0000000000000000     
       n_pass,     n_total
       20000       20002
 max=   2.6289210357133883     
 min=   0.0000000000000000     
       n_pass,     n_total
       30000       30002
 ITERATION            2 :
   1.8544008863381336      +\-   1.2022996599410561E-004
 precision:   6.4834937731033174E-005
 max=   2.6339330419448146     
 min=   0.0000000000000000     
       n_pass,     n_total
       40000       40010
 max=   2.6339330419448146     
 min=   0.0000000000000000     
       n_pass,     n_total
       50000       50010
 ITERATION            3 :
   1.8542515773448212      +\-   1.0291611107591652E-004
 precision:   5.5502776609895795E-005
 max=   2.6349905501166395     
 min=   0.0000000000000000     
       n_pass,     n_total
       60000       60033
 max=   2.6349905501166395     
 min=   0.0000000000000000     
       n_pass,     n_total
       70000       70033
 ITERATION            4 :
   1.8543037597903984      +\-   7.9300477982385920E-005
 precision:   4.2765635114362098E-005
 max=   2.6349905501166395     
 min=   0.0000000000000000     
       n_pass,     n_total
       80000       80064
 max=   2.6349905501166395     
 min=   0.0000000000000000     
       n_pass,     n_total
       90000       90064
 ITERATION            5 :
   1.8543600877331745      +\-   6.6569853551654980E-005
 precision:   3.5899097479514874E-005
 max=   2.6349905501166395     
 min=   0.0000000000000000     
       n_pass,     n_total
      100000      100107
 max=   2.6349905501166395     
 min=   0.0000000000000000     
       n_pass,     n_total
      110000      110107
 ITERATION            6 :
   1.8542814097541009      +\-   6.1624560178089209E-005
 precision:   3.3233661219879961E-005
 max=   2.6349905501166395     
 min=   0.0000000000000000     
       n_pass,     n_total
      120000      120150
 max=   2.6349905501166395     
 min=   0.0000000000000000     
       n_pass,     n_total
      130000      130150
 ITERATION            7 :
   1.8543979551567635      +\-   6.0710820432538970E-005
 precision:   3.2738830553448659E-005
 max=   2.6349905501166395     
 min=   0.0000000000000000     
       n_pass,     n_total
      140000      140204
 max=   2.6349905501166395     
 min=   0.0000000000000000     
       n_pass,     n_total
      150000      150204
 ITERATION            8 :
   1.8542434625342528      +\-   6.0117255111723684E-005
 precision:   3.2421446442399501E-005
 max=   2.6349905501166395     
 min=   0.0000000000000000     
       n_pass,     n_total
      160000      160271
 max=   2.6349905501166395     
 min=   0.0000000000000000     
       n_pass,     n_total
      170000      170271
 ITERATION            9 :
   1.8543502410812571      +\-   5.8141987799234313E-005
 precision:   3.1354372281544925E-005
 max=   2.6349905501166395     
 min=   0.0000000000000000     
       n_pass,     n_total
      180000      180340
 max=   2.6349905501166395     
 min=   0.0000000000000000     
       n_pass,     n_total
      190000      190340
 ITERATION           10 :
   1.8543605144573327      +\-   5.9828933325630855E-005
 precision:   3.2263916783808041E-005
 ====================NCALL=40K ===========================
  
 max=   2.6349905501166395     
 min=   0.0000000000000000     
       n_pass,     n_total
      200000      200476
 max=   2.6349905501166395     
 min=   0.0000000000000000     
       n_pass,     n_total
      210000      210476
 max=   2.6349905501166395     
 min=   0.0000000000000000     
       n_pass,     n_total
      220000      220476
 max=   2.6349905501166395     
 min=   0.0000000000000000     
       n_pass,     n_total
      230000      230476
   1.8543240098573506      +\-   3.0716554615452240E-005
 precision:   1.6564826024021121E-005
 ====================NCALL=80K ===========================
  
 max=   2.6349905501166395     
 min=   0.0000000000000000     
       n_pass,     n_total
      240000      240793
 max=   2.6349905501166395     
 min=   0.0000000000000000     
       n_pass,     n_total
      250000      250793
 max=   2.6349905501166395     
 min=   0.0000000000000000     
       n_pass,     n_total
      260000      260793
 max=   2.6349905501166395     
 min=   0.0000000000000000     
       n_pass,     n_total
      270000      270793
 max=   2.6349905501166395     
 min=   0.0000000000000000     
       n_pass,     n_total
      280000      280793
 max=   2.6349905501166395     
 min=   0.0000000000000000     
       n_pass,     n_total
      290000      290793
 max=   2.6349905501166395     
 min=   0.0000000000000000     
       n_pass,     n_total
      300000      300793
 max=   2.6349905501166395     
 min=   0.0000000000000000     
       n_pass,     n_total
      310000      310793
   1.8542978922580873      +\-   1.5459496332211403E-005
 precision:   8.3371158413956173E-006
 sigma (pb)                   sd (pb)
   1.8542978922580873        1.5459496332211403E-005
