 =======================================================
 |                                                     |
 |         \/\/\/\/\/\___________/\/\/\/\/\/           |
 |                   |     \     |                     |
 |                   |     /     |                     |
 |                   |     \     |                     |
 |         /\/\/\/\/\|_____/_____|/\/\/\/\/\           |
 |                                                     |
 | Light-by-light scattering at next-to-leading order  |
 |                   (VERSION 0.5)                     |
 |                                                     |
 |    Authors:                                         |
 |            Ajjath A.H. (LPTHE Paris)                |
 |            Ekta Chaubey (Bonn)                      |
 |            Mathijs Fraaije (Bern)                   |
 |            Valentin Hirschi (Bern)                  |
 |            Hua-Sheng Shao (LPTHE Paris)             |
 |                                                     |
 |    Please cite                                      |
 |            PLB 851 (2024) 138555 [arXiv:2312.16956] |
 |            JHEP 03 (2024) 121    [arXiv:2312.16966] |
 |                                                     |
 =======================================================
 ---------------------------------------------------
         the cuts in the lab frame                  
 min transverse momentum of photon    0.0000000000000000     
 max (pseudo-)rapidity of photon    5.0000000000000000     
 min (pseudo-)rapidity of photon   -5.0000000000000000     
 min invariant mass of di-photon    0.0000000000000000     
 ---------------------------------------------------
 max=   1.5844010183073316E-006
 min=   0.0000000000000000     
       n_pass,     n_total
       10000       10000
  
 ====================NCALL=20K===========================
  
 ITERATION            1 :
   5.1923551043865761E-007 +\-   4.1546937688615866E-010
 precision:   8.0015593797728545E-004
 max=   1.5844010183073316E-006
 min=   0.0000000000000000     
       n_pass,     n_total
       20000       20001
 max=   1.5844010183073316E-006
 min=   0.0000000000000000     
       n_pass,     n_total
       30000       30001
 ITERATION            2 :
   5.1933234402421600E-007 +\-   3.3707058177994694E-010
 precision:   6.4904600234995120E-004
 max=   1.5844010183073316E-006
 min=   0.0000000000000000     
       n_pass,     n_total
       40000       40001
 max=   1.5844010183073316E-006
 min=   0.0000000000000000     
       n_pass,     n_total
       50000       50001
 ITERATION            3 :
   5.1888221446602237E-007 +\-   3.5756445716377921E-010
 precision:   6.8910524815684042E-004
 max=   1.5844010183073316E-006
 min=   0.0000000000000000     
       n_pass,     n_total
       60000       60001
 max=   1.5844010183073316E-006
 min=   0.0000000000000000     
       n_pass,     n_total
       70000       70001
 ITERATION            4 :
   5.1966928341671219E-007 +\-   3.9756243728201234E-010
 precision:   7.6502970248332951E-004
 max=   1.5844010183073316E-006
 min=   0.0000000000000000     
       n_pass,     n_total
       80000       80002
 max=   1.5844010183073316E-006
 min=   0.0000000000000000     
       n_pass,     n_total
       90000       90002
 ITERATION            5 :
   5.1925408169192123E-007 +\-   4.0635447454568907E-010
 precision:   7.8257348160198643E-004
 max=   1.5844010183073316E-006
 min=   0.0000000000000000     
       n_pass,     n_total
      100000      100002
 max=   1.5844010183073316E-006
 min=   0.0000000000000000     
       n_pass,     n_total
      110000      110002
 ITERATION            6 :
   5.1942026344311393E-007 +\-   3.8224066055487602E-010
 precision:   7.3589863056380052E-004
 max=   1.5844010183073316E-006
 min=   0.0000000000000000     
       n_pass,     n_total
      120000      120005
 max=   1.5844010183073316E-006
 min=   0.0000000000000000     
       n_pass,     n_total
      130000      130005
 ITERATION            7 :
   5.1989115420538398E-007 +\-   4.0461003287812515E-010
 precision:   7.7825912136655277E-004
 max=   1.5844010183073316E-006
 min=   0.0000000000000000     
       n_pass,     n_total
      140000      140007
 max=   1.5844010183073316E-006
 min=   0.0000000000000000     
       n_pass,     n_total
      150000      150007
 ITERATION            8 :
   5.1884471431063505E-007 +\-   3.9410470641633409E-010
 precision:   7.5958123027226518E-004
 max=   1.5844010183073316E-006
 min=   0.0000000000000000     
       n_pass,     n_total
      160000      160011
 max=   1.5844010183073316E-006
 min=   0.0000000000000000     
       n_pass,     n_total
      170000      170011
 ITERATION            9 :
   5.1892902339197430E-007 +\-   3.7932983436823534E-010
 precision:   7.3098596777021593E-004
 max=   1.5844010183073316E-006
 min=   0.0000000000000000     
       n_pass,     n_total
      180000      180014
 max=   1.5844010183073316E-006
 min=   0.0000000000000000     
       n_pass,     n_total
      190000      190014
 ITERATION           10 :
   5.1895809533013475E-007 +\-   3.9062304731453713E-010
 precision:   7.5270633762065627E-004
 ====================NCALL=40K ===========================
  
 max=   1.5844010183073316E-006
 min=   0.0000000000000000     
       n_pass,     n_total
      200000      200016
 max=   1.5844010183073316E-006
 min=   0.0000000000000000     
       n_pass,     n_total
      210000      210016
 max=   1.5844010183073316E-006
 min=   0.0000000000000000     
       n_pass,     n_total
      220000      220016
 max=   1.5844010183073316E-006
 min=   0.0000000000000000     
       n_pass,     n_total
      230000      230016
   5.1949243004725526E-007 +\-   2.2902708849159373E-010
 precision:   4.4086703721700130E-004
 ====================NCALL=80K ===========================
  
 max=   1.5844010183073316E-006
 min=   0.0000000000000000     
       n_pass,     n_total
      240000      240020
 max=   1.5844010183073316E-006
 min=   0.0000000000000000     
       n_pass,     n_total
      250000      250020
 max=   1.5844010183073316E-006
 min=   0.0000000000000000     
       n_pass,     n_total
      260000      260020
 max=   1.5844010183073316E-006
 min=   0.0000000000000000     
       n_pass,     n_total
      270000      270020
 max=   1.5844010183073316E-006
 min=   0.0000000000000000     
       n_pass,     n_total
      280000      280020
 max=   1.5844010183073316E-006
 min=   0.0000000000000000     
       n_pass,     n_total
      290000      290020
 max=   1.5844010183073316E-006
 min=   0.0000000000000000     
       n_pass,     n_total
      300000      300020
 max=   1.5844010183073316E-006
 min=   0.0000000000000000     
       n_pass,     n_total
      310000      310020
   5.1925330099533248E-007 +\-   1.1958081255951059E-010
 precision:   2.3029379366542631E-004
 sigma (pb)                   sd (pb)
   5.1925330099533248E-007   1.1958081255951059E-010
