 =======================================================
 |                                                     |
 |         \/\/\/\/\/\___________/\/\/\/\/\/           |
 |                   |     \     |                     |
 |                   |     /     |                     |
 |                   |     \     |                     |
 |         /\/\/\/\/\|_____/_____|/\/\/\/\/\           |
 |                                                     |
 | Light-by-light scattering at next-to-leading order  |
 |                   (VERSION 0.5)                     |
 |                                                     |
 |    Authors:                                         |
 |            Ajjath A.H. (LPTHE Paris)                |
 |            Ekta Chaubey (Bonn)                      |
 |            Mathijs Fraaije (Bern)                   |
 |            Valentin Hirschi (Bern)                  |
 |            Hua-Sheng Shao (LPTHE Paris)             |
 |                                                     |
 |    Please cite                                      |
 |            PLB 851 (2024) 138555 [arXiv:2312.16956] |
 |            JHEP 03 (2024) 121    [arXiv:2312.16966] |
 |                                                     |
 =======================================================
 ---------------------------------------------------
         the cuts in the lab frame                  
 min transverse momentum of photon    0.0000000000000000     
 max (pseudo-)rapidity of photon    5.0000000000000000     
 min (pseudo-)rapidity of photon   -5.0000000000000000     
 min invariant mass of di-photon    0.0000000000000000     
 ---------------------------------------------------
 max=   7.5527364635297667E-004
 min=   0.0000000000000000     
       n_pass,     n_total
       10000       10000
  
 ====================NCALL=20K===========================
  
 ITERATION            1 :
   5.1361402905659591E-004 +\-   1.0333242647733276E-007
 precision:   2.0118692370442711E-004
 max=   7.5530301698921757E-004
 min=   0.0000000000000000     
       n_pass,     n_total
       20000       20001
 max=   7.5530301698921757E-004
 min=   0.0000000000000000     
       n_pass,     n_total
       30000       30001
 ITERATION            2 :
   5.1356220636196990E-004 +\-   5.2126185460551251E-008
 precision:   1.0149926301977832E-004
 max=   7.5534921124466065E-004
 min=   0.0000000000000000     
       n_pass,     n_total
       40000       40006
 max=   7.5534921124466065E-004
 min=   0.0000000000000000     
       n_pass,     n_total
       50000       50006
 ITERATION            3 :
   5.1353943863448629E-004 +\-   4.6194233295941514E-008
 precision:   8.9952649827193583E-005
 max=   7.5534921124466065E-004
 min=   0.0000000000000000     
       n_pass,     n_total
       60000       60020
 max=   7.5534921124466065E-004
 min=   0.0000000000000000     
       n_pass,     n_total
       70000       70020
 ITERATION            4 :
   5.1355940832017880E-004 +\-   3.8693977554327132E-008
 precision:   7.5344696110023088E-005
 max=   7.5535097775615882E-004
 min=   0.0000000000000000     
       n_pass,     n_total
       80000       80035
 max=   7.5535097775615882E-004
 min=   0.0000000000000000     
       n_pass,     n_total
       90000       90035
 ITERATION            5 :
   5.1354829413789282E-004 +\-   3.4129188684669173E-008
 precision:   6.6457603061388320E-005
 max=   7.5535426156527440E-004
 min=   0.0000000000000000     
       n_pass,     n_total
      100000      100051
 max=   7.5535426156527440E-004
 min=   0.0000000000000000     
       n_pass,     n_total
      110000      110051
 ITERATION            6 :
   5.1359538426235885E-004 +\-   3.2802993562191199E-008
 precision:   6.3869330931203455E-005
 max=   7.5535426156527440E-004
 min=   0.0000000000000000     
       n_pass,     n_total
      120000      120067
 max=   7.5535426156527440E-004
 min=   0.0000000000000000     
       n_pass,     n_total
      130000      130067
 ITERATION            7 :
   5.1363908286683815E-004 +\-   3.1453283971951439E-008
 precision:   6.1236157880349142E-005
 max=   7.5535426156527440E-004
 min=   0.0000000000000000     
       n_pass,     n_total
      140000      140090
 max=   7.5535426156527440E-004
 min=   0.0000000000000000     
       n_pass,     n_total
      150000      150090
 ITERATION            8 :
   5.1353235510877889E-004 +\-   2.9944144065149750E-008
 precision:   5.8310141059771857E-005
 max=   7.5535426156527440E-004
 min=   0.0000000000000000     
       n_pass,     n_total
      160000      160120
 max=   7.5535426156527440E-004
 min=   0.0000000000000000     
       n_pass,     n_total
      170000      170120
 ITERATION            9 :
   5.1360484384788292E-004 +\-   2.8618416813605916E-008
 precision:   5.5720691026196756E-005
 max=   7.5535426156527440E-004
 min=   0.0000000000000000     
       n_pass,     n_total
      180000      180142
 max=   7.5535426156527440E-004
 min=   0.0000000000000000     
       n_pass,     n_total
      190000      190142
 ITERATION           10 :
   5.1356236001643134E-004 +\-   2.8845799140491536E-008
 precision:   5.6168055500735336E-005
 ====================NCALL=40K ===========================
  
 max=   7.5535506688921431E-004
 min=   0.0000000000000000     
       n_pass,     n_total
      200000      200189
 max=   7.5535506688921431E-004
 min=   0.0000000000000000     
       n_pass,     n_total
      210000      210189
 max=   7.5535506688921431E-004
 min=   0.0000000000000000     
       n_pass,     n_total
      220000      220189
 max=   7.5535506688921431E-004
 min=   0.0000000000000000     
       n_pass,     n_total
      230000      230189
   5.1357814169535987E-004 +\-   1.6995715015882083E-008
 precision:   3.3092753830562094E-005
 ====================NCALL=80K ===========================
  
 max=   7.5535611913217092E-004
 min=   0.0000000000000000     
       n_pass,     n_total
      240000      240314
 max=   7.5535611913217092E-004
 min=   0.0000000000000000     
       n_pass,     n_total
      250000      250314
 max=   7.5535611913217092E-004
 min=   0.0000000000000000     
       n_pass,     n_total
      260000      260314
 max=   7.5535611913217092E-004
 min=   0.0000000000000000     
       n_pass,     n_total
      270000      270314
 max=   7.5535611913217092E-004
 min=   0.0000000000000000     
       n_pass,     n_total
      280000      280314
 max=   7.5535611913217092E-004
 min=   0.0000000000000000     
       n_pass,     n_total
      290000      290314
 max=   7.5535611913217092E-004
 min=   0.0000000000000000     
       n_pass,     n_total
      300000      300314
 max=   7.5535611913217092E-004
 min=   0.0000000000000000     
       n_pass,     n_total
      310000      310314
   5.1357564657488505E-004 +\-   9.4158095313755465E-009
 precision:   1.8333831820435857E-005
 sigma (pb)                   sd (pb)
   5.1357564657488505E-004   9.4158095313755465E-009
