 =======================================================
 |                                                     |
 |         \/\/\/\/\/\___________/\/\/\/\/\/           |
 |                   |     \     |                     |
 |                   |     /     |                     |
 |                   |     \     |                     |
 |         /\/\/\/\/\|_____/_____|/\/\/\/\/\           |
 |                                                     |
 | Light-by-light scattering at next-to-leading order  |
 |                   (VERSION 0.5)                     |
 |                                                     |
 |    Authors:                                         |
 |            Ajjath A.H. (LPTHE Paris)                |
 |            Ekta Chaubey (Bonn)                      |
 |            Mathijs Fraaije (Bern)                   |
 |            Valentin Hirschi (Bern)                  |
 |            Hua-Sheng Shao (LPTHE Paris)             |
 |                                                     |
 |    Please cite                                      |
 |            PLB 851 (2024) 138555 [arXiv:2312.16956] |
 |            JHEP 03 (2024) 121    [arXiv:2312.16966] |
 |                                                     |
 =======================================================
 ---------------------------------------------------
         the cuts in the lab frame                  
 min transverse momentum of photon    0.0000000000000000     
 max (pseudo-)rapidity of photon    5.0000000000000000     
 min (pseudo-)rapidity of photon   -5.0000000000000000     
 min invariant mass of di-photon    0.0000000000000000     
 ---------------------------------------------------
 max=   869.44358698873259     
 min=   0.0000000000000000     
       n_pass,     n_total
       10000       10000
  
 ====================NCALL=20K===========================
  
 ITERATION            1 :
   37.425765354670169      +\-  0.10213412130786856     
 precision:   2.7289788288891669E-003
 max=   970.35587475526074     
 min=   0.0000000000000000     
       n_pass,     n_total
       20000       20007
 max=   970.35587475526074     
 min=   0.0000000000000000     
       n_pass,     n_total
       30000       30007
 ITERATION            2 :
   37.282213625435837      +\-   2.5603230340777796E-002
 precision:   6.8674115217530864E-004
 WARNING: outside the range of the grid (xs,xt)=   30.397941635108037       -30.396538948793911     
 WARNING: set the 2-loop amplitudes to zero
 WARNING: outside the range of the grid (xs,xt)=   29.510458477508646       -29.509096743325230     
 WARNING: set the 2-loop amplitudes to zero
 WARNING: outside the range of the grid (xs,xt)=   14.208284048313203       -14.207628419526854     
 WARNING: set the 2-loop amplitudes to zero
 WARNING: outside the range of the grid (xs,xt)=   1.5161817777777777       -1.5161118149015098     
 WARNING: set the 2-loop amplitudes to zero
 WARNING: outside the range of the grid (xs,xt)=  0.15119818282548475      -0.15119120591815610     
 WARNING: set the 2-loop amplitudes to zero
 INFO: will suppress the further warning
 max=   970.99537486033137     
 min=   0.0000000000000000     
       n_pass,     n_total
       40000       40035
 max=   970.99537486033137     
 min=   0.0000000000000000     
       n_pass,     n_total
       50000       50035
 ITERATION            3 :
   37.259909872755784      +\-   1.2049544928486016E-002
 precision:   3.2339168209573603E-004
 max=   970.99537486033137     
 min=   0.0000000000000000     
       n_pass,     n_total
       60000       60115
 max=   970.99537486033137     
 min=   0.0000000000000000     
       n_pass,     n_total
       70000       70115
 ITERATION            4 :
   37.266978921011244      +\-   9.5696472483215896E-003
 precision:   2.5678623611011817E-004
 max=   971.27503195607721     
 min=   0.0000000000000000     
       n_pass,     n_total
       80000       80285
 max=   971.27503195607721     
 min=   0.0000000000000000     
       n_pass,     n_total
       90000       90285
 ITERATION            5 :
   37.260411634950344      +\-   7.9715708081890980E-003
 precision:   2.1394210258030932E-004
 max=   971.27503195607721     
 min=   0.0000000000000000     
       n_pass,     n_total
      100000      100554
 max=   971.27503195607721     
 min=   0.0000000000000000     
       n_pass,     n_total
      110000      110554
 ITERATION            6 :
   37.265559244945877      +\-   6.9279735014031434E-003
 precision:   1.8590821234871837E-004
 max=   971.48669900908226     
 min=   0.0000000000000000     
       n_pass,     n_total
      120000      120833
 max=   971.48669900908226     
 min=   0.0000000000000000     
       n_pass,     n_total
      130000      130833
 ITERATION            7 :
   37.279627411669495      +\-   6.5737573845119496E-003
 precision:   1.7633645615390973E-004
 max=   971.48669900908226     
 min=   0.0000000000000000     
       n_pass,     n_total
      140000      141183
 max=   971.48669900908226     
 min=   0.0000000000000000     
       n_pass,     n_total
      150000      151183
 ITERATION            8 :
   37.255880274141219      +\-   6.4525337934050976E-003
 precision:   1.7319504319654233E-004
 max=   971.48669900908226     
 min=   0.0000000000000000     
       n_pass,     n_total
      160000      161436
 max=   971.48669900908226     
 min=   0.0000000000000000     
       n_pass,     n_total
      170000      171436
 ITERATION            9 :
   37.266170901227980      +\-   6.4376061719159678E-003
 precision:   1.7274664974243001E-004
 max=   973.51048855107854     
 min=   0.0000000000000000     
       n_pass,     n_total
      180000      181802
 max=   973.51048855107854     
 min=   0.0000000000000000     
       n_pass,     n_total
      190000      191802
 ITERATION           10 :
   37.274758028412975      +\-   6.4909341527550884E-003
 precision:   1.7413752619956172E-004
 ====================NCALL=40K ===========================
  
 max=   973.77426176334802     
 min=   0.0000000000000000     
       n_pass,     n_total
      200000      202077
 max=   973.77426176334802     
 min=   0.0000000000000000     
       n_pass,     n_total
      210000      212077
 max=   973.77426176334802     
 min=   0.0000000000000000     
       n_pass,     n_total
      220000      222077
 max=   973.77426176334802     
 min=   0.0000000000000000     
       n_pass,     n_total
      230000      232077
   37.271372443224266      +\-   3.6702598199308159E-003
 precision:   9.8473964851220530E-005
 ====================NCALL=80K ===========================
  
 max=   973.77426176334802     
 min=   0.0000000000000000     
       n_pass,     n_total
      240000      243331
 max=   973.77426176334802     
 min=   0.0000000000000000     
       n_pass,     n_total
      250000      253331
 max=   973.77426176334802     
 min=   0.0000000000000000     
       n_pass,     n_total
      260000      263331
 max=   973.77426176334802     
 min=   0.0000000000000000     
       n_pass,     n_total
      270000      273331
 max=   973.77426176334802     
 min=   0.0000000000000000     
       n_pass,     n_total
      280000      283331
 max=   973.77426176334802     
 min=   0.0000000000000000     
       n_pass,     n_total
      290000      293331
 max=   973.77426176334802     
 min=   0.0000000000000000     
       n_pass,     n_total
      300000      303331
 max=   973.77426176334802     
 min=   0.0000000000000000     
       n_pass,     n_total
      310000      313331
   37.268945792536741      +\-   1.6021880683822405E-003
 precision:   4.2989895053674560E-005
 sigma (pb)                   sd (pb)
   37.268945792536741        1.6021880683822405E-003
