 =======================================================
 |                                                     |
 |         \/\/\/\/\/\___________/\/\/\/\/\/           |
 |                   |     \     |                     |
 |                   |     /     |                     |
 |                   |     \     |                     |
 |         /\/\/\/\/\|_____/_____|/\/\/\/\/\           |
 |                                                     |
 | Light-by-light scattering at next-to-leading order  |
 |                   (VERSION 0.5)                     |
 |                                                     |
 |    Authors:                                         |
 |            Ajjath A.H. (LPTHE Paris)                |
 |            Ekta Chaubey (Bonn)                      |
 |            Mathijs Fraaije (Bern)                   |
 |            Valentin Hirschi (Bern)                  |
 |            Hua-Sheng Shao (LPTHE Paris)             |
 |                                                     |
 |    Please cite                                      |
 |            PLB 851 (2024) 138555 [arXiv:2312.16956] |
 |            JHEP 03 (2024) 121    [arXiv:2312.16966] |
 |                                                     |
 =======================================================
 ---------------------------------------------------
         the cuts in the lab frame                  
 min transverse momentum of photon    0.0000000000000000     
 max (pseudo-)rapidity of photon    5.0000000000000000     
 min (pseudo-)rapidity of photon   -5.0000000000000000     
 min invariant mass of di-photon    0.0000000000000000     
 ---------------------------------------------------
 max=   2669188.6255364493     
 min=   0.0000000000000000     
       n_pass,     n_total
       10000       10000
  
 ====================NCALL=20K===========================
  
 ITERATION            1 :
   586686.25816689350      +\-   217.07780353015156     
 precision:   3.7000662706573889E-004
 WARNING: outside the range of the grid (xs,xt)=   120.09757928316758       -120.09180442447786     
 WARNING: set the 2-loop amplitudes to zero
 WARNING: outside the range of the grid (xs,xt)=   120.09757928316758       -120.09164224159213     
 WARNING: set the 2-loop amplitudes to zero
 max=   2743153.6017920324     
 min=   0.0000000000000000     
       n_pass,     n_total
       20000       20003
 max=   2743153.6017920324     
 min=   0.0000000000000000     
       n_pass,     n_total
       30000       30003
 ITERATION            2 :
   586268.29380026436      +\-   82.238027714004645     
 precision:   1.4027370844315573E-004
 WARNING: outside the range of the grid (xs,xt)=   120.09757928316758       -120.09205305628586     
 WARNING: set the 2-loop amplitudes to zero
 max=   2808818.2157803709     
 min=   0.0000000000000000     
       n_pass,     n_total
       40000       40016
 max=   2808818.2157803709     
 min=   0.0000000000000000     
       n_pass,     n_total
       50000       50016
 ITERATION            3 :
   586113.75859715568      +\-   96.881140039127345     
 precision:   1.6529408944606456E-004
 WARNING: outside the range of the grid (xs,xt)=   120.09757928316758       -120.09209786097560     
 WARNING: set the 2-loop amplitudes to zero
 WARNING: outside the range of the grid (xs,xt)=   120.09757928316758       -120.09205269947941     
 WARNING: set the 2-loop amplitudes to zero
 INFO: will suppress the further warning
 max=   2808818.2157803709     
 min=   0.0000000000000000     
       n_pass,     n_total
       60000       60040
 max=   2808818.2157803709     
 min=   0.0000000000000000     
       n_pass,     n_total
       70000       70040
 ITERATION            4 :
   586110.31826907909      +\-   86.301751508662036     
 precision:   1.4724489369771088E-004
 max=   2817981.1683364259     
 min=   0.0000000000000000     
       n_pass,     n_total
       80000       80068
 max=   2817981.1683364259     
 min=   0.0000000000000000     
       n_pass,     n_total
       90000       90068
 ITERATION            5 :
   586161.40280846145      +\-   73.884592345120467     
 precision:   1.2604820445549458E-004
 max=   2837322.4779873244     
 min=   0.0000000000000000     
       n_pass,     n_total
      100000      100104
 max=   2837322.4779873244     
 min=   0.0000000000000000     
       n_pass,     n_total
      110000      110104
 ITERATION            6 :
   586072.46740798501      +\-   71.899716205191780     
 precision:   1.2268059020615951E-004
 max=   2837322.4779873244     
 min=   0.0000000000000000     
       n_pass,     n_total
      120000      120144
 max=   2837322.4779873244     
 min=   0.0000000000000000     
       n_pass,     n_total
      130000      130144
 ITERATION            7 :
   586190.91983390693      +\-   70.662009999580832     
 precision:   1.2054436124599544E-004
 max=   2837322.4779873244     
 min=   0.0000000000000000     
       n_pass,     n_total
      140000      140189
 max=   2837322.4779873244     
 min=   0.0000000000000000     
       n_pass,     n_total
      150000      150189
 ITERATION            8 :
   585968.62497135589      +\-   71.312993508391131     
 precision:   1.2170104416747082E-004
 max=   2837322.4779873244     
 min=   0.0000000000000000     
       n_pass,     n_total
      160000      160244
 max=   2837322.4779873244     
 min=   0.0000000000000000     
       n_pass,     n_total
      170000      170244
 ITERATION            9 :
   586110.59196040081      +\-   69.194458998709166     
 precision:   1.1805700143938728E-004
 max=   2837322.4779873244     
 min=   0.0000000000000000     
       n_pass,     n_total
      180000      180301
 max=   2837322.4779873244     
 min=   0.0000000000000000     
       n_pass,     n_total
      190000      190301
 ITERATION           10 :
   586187.77816245565      +\-   68.869161782413400     
 precision:   1.1748651941925519E-004
 ====================NCALL=40K ===========================
  
 max=   2837322.4779873244     
 min=   0.0000000000000000     
       n_pass,     n_total
      200000      200409
 max=   2837322.4779873244     
 min=   0.0000000000000000     
       n_pass,     n_total
      210000      210409
 max=   2837322.4779873244     
 min=   0.0000000000000000     
       n_pass,     n_total
      220000      220409
 max=   2837322.4779873244     
 min=   0.0000000000000000     
       n_pass,     n_total
      230000      230409
   586143.23184650543      +\-   34.761231974486115     
 precision:   5.9305012982883190E-005
 ====================NCALL=80K ===========================
  
 max=   2891418.0208703638     
 min=   0.0000000000000000     
       n_pass,     n_total
      240000      240679
 max=   2891418.0208703638     
 min=   0.0000000000000000     
       n_pass,     n_total
      250000      250679
 max=   2891418.0208703638     
 min=   0.0000000000000000     
       n_pass,     n_total
      260000      260679
 max=   2891418.0208703638     
 min=   0.0000000000000000     
       n_pass,     n_total
      270000      270679
 max=   2891418.0208703638     
 min=   0.0000000000000000     
       n_pass,     n_total
      280000      280679
 max=   2891418.0208703638     
 min=   0.0000000000000000     
       n_pass,     n_total
      290000      290679
 max=   2891418.0208703638     
 min=   0.0000000000000000     
       n_pass,     n_total
      300000      300679
 max=   2891418.0208703638     
 min=   0.0000000000000000     
       n_pass,     n_total
      310000      310679
   586084.78806544514      +\-   17.362966264624390     
 precision:   2.9625348786028473E-005
 sigma (pb)                   sd (pb)
   586084.78806544514        17.362966264624390     
