 =======================================================
 |                                                     |
 |         \/\/\/\/\/\___________/\/\/\/\/\/           |
 |                   |     \     |                     |
 |                   |     /     |                     |
 |                   |     \     |                     |
 |         /\/\/\/\/\|_____/_____|/\/\/\/\/\           |
 |                                                     |
 | Light-by-light scattering at next-to-leading order  |
 |                   (VERSION 0.5)                     |
 |                                                     |
 |    Authors:                                         |
 |            Ajjath A.H. (LPTHE Paris)                |
 |            Ekta Chaubey (Bonn)                      |
 |            Mathijs Fraaije (Bern)                   |
 |            Valentin Hirschi (Bern)                  |
 |            Hua-Sheng Shao (LPTHE Paris)             |
 |                                                     |
 |    Please cite                                      |
 |            PLB 851 (2024) 138555 [arXiv:2312.16956] |
 |            JHEP 03 (2024) 121    [arXiv:2312.16966] |
 |                                                     |
 =======================================================
 ---------------------------------------------------
         the cuts in the lab frame                  
 min transverse momentum of photon    0.0000000000000000     
 max (pseudo-)rapidity of photon    5.0000000000000000     
 min (pseudo-)rapidity of photon   -5.0000000000000000     
 min invariant mass of di-photon    0.0000000000000000     
 ---------------------------------------------------
 max=   1132881.7275628089     
 min=   0.0000000000000000     
       n_pass,     n_total
       10000       10000
  
 ====================NCALL=20K===========================
  
 ITERATION            1 :
   62203.030140974843      +\-   197.62929215297493     
 precision:   3.1771650304667567E-003
 max=   1140321.1626160785     
 min=   0.0000000000000000     
       n_pass,     n_total
       20000       20007
 max=   1140321.1626160785     
 min=   0.0000000000000000     
       n_pass,     n_total
       30000       30007
 ITERATION            2 :
   61820.133414821990      +\-   30.804507825965054     
 precision:   4.9829248376515750E-004
 WARNING: outside the range of the grid (xs,xt)=   1490.7759238054393       -1490.7079083469780     
 WARNING: set the 2-loop amplitudes to zero
 WARNING: outside the range of the grid (xs,xt)=   3.0271090146163634E-002  -3.0269709051901558E-002
 WARNING: set the 2-loop amplitudes to zero
 WARNING: outside the range of the grid (xs,xt)=   1490.7759238054393       -1490.7077942890919     
 WARNING: set the 2-loop amplitudes to zero
 WARNING: outside the range of the grid (xs,xt)=   3.0271090146163634E-002  -3.0269706735888469E-002
 WARNING: set the 2-loop amplitudes to zero
 WARNING: outside the range of the grid (xs,xt)=   1490.7759238054393       -1490.7047357611980     
 WARNING: set the 2-loop amplitudes to zero
 INFO: will suppress the further warning
 max=   1142566.5208851048     
 min=   0.0000000000000000     
       n_pass,     n_total
       40000       40031
 max=   1142566.5208851048     
 min=   0.0000000000000000     
       n_pass,     n_total
       50000       50031
 ITERATION            3 :
   61801.971543205836      +\-   19.820982626076624     
 precision:   3.2071764267616851E-004
 max=   1144061.9233477393     
 min=   0.0000000000000000     
       n_pass,     n_total
       60000       60100
 max=   1144061.9233477393     
 min=   0.0000000000000000     
       n_pass,     n_total
       70000       70100
 ITERATION            4 :
   61790.441745814140      +\-   16.808365788355459     
 precision:   2.7202210104759620E-004
 max=   1146910.5836636692     
 min=   0.0000000000000000     
       n_pass,     n_total
       80000       80227
 max=   1146910.5836636692     
 min=   0.0000000000000000     
       n_pass,     n_total
       90000       90227
 ITERATION            5 :
   61786.045963913828      +\-   14.185930004760614     
 precision:   2.2959763460257538E-004
 max=   1146910.5836636692     
 min=   0.0000000000000000     
       n_pass,     n_total
      100000      100417
 max=   1146910.5836636692     
 min=   0.0000000000000000     
       n_pass,     n_total
      110000      110417
 ITERATION            6 :
   61783.242107038684      +\-   13.204687354972567     
 precision:   2.1372603483798427E-004
 max=   1147175.1850421343     
 min=   0.0000000000000000     
       n_pass,     n_total
      120000      120614
 max=   1147175.1850421343     
 min=   0.0000000000000000     
       n_pass,     n_total
      130000      130614
 ITERATION            7 :
   61817.177622466494      +\-   12.813868569635845     
 precision:   2.0728653527169193E-004
 max=   1147175.1850421343     
 min=   0.0000000000000000     
       n_pass,     n_total
      140000      140834
 max=   1147175.1850421343     
 min=   0.0000000000000000     
       n_pass,     n_total
      150000      150834
 ITERATION            8 :
   61776.082143876018      +\-   12.604260745927471     
 precision:   2.0403140355473249E-004
 max=   1147175.1850421343     
 min=   0.0000000000000000     
       n_pass,     n_total
      160000      161063
 max=   1147175.1850421343     
 min=   0.0000000000000000     
       n_pass,     n_total
      170000      171063
 ITERATION            9 :
   61792.528425804696      +\-   12.288476737386622     
 precision:   1.9886670849116649E-004
 max=   1147175.1850421343     
 min=   0.0000000000000000     
       n_pass,     n_total
      180000      181319
 max=   1147175.1850421343     
 min=   0.0000000000000000     
       n_pass,     n_total
      190000      191319
 ITERATION           10 :
   61802.296014587810      +\-   12.435800571559906     
 precision:   2.0121907070612004E-004
 ====================NCALL=40K ===========================
  
 max=   1147175.1850421343     
 min=   0.0000000000000000     
       n_pass,     n_total
      200000      201699
 max=   1147175.1850421343     
 min=   0.0000000000000000     
       n_pass,     n_total
      210000      211699
 max=   1147175.1850421343     
 min=   0.0000000000000000     
       n_pass,     n_total
      220000      221699
 max=   1147175.1850421343     
 min=   0.0000000000000000     
       n_pass,     n_total
      230000      231699
   61803.211152744690      +\-   5.9095232384955150     
 precision:   9.5618385004143466E-005
 ====================NCALL=80K ===========================
  
 max=   1147317.1374951280     
 min=   0.0000000000000000     
       n_pass,     n_total
      240000      242338
 max=   1147317.1374951280     
 min=   0.0000000000000000     
       n_pass,     n_total
      250000      252338
 max=   1147317.1374951280     
 min=   0.0000000000000000     
       n_pass,     n_total
      260000      262338
 max=   1147317.1374951280     
 min=   0.0000000000000000     
       n_pass,     n_total
      270000      272338
 max=   1147317.1374951280     
 min=   0.0000000000000000     
       n_pass,     n_total
      280000      282338
 max=   1147317.1374951280     
 min=   0.0000000000000000     
       n_pass,     n_total
      290000      292338
 max=   1147317.1374951280     
 min=   0.0000000000000000     
       n_pass,     n_total
      300000      302338
 max=   1147317.1374951280     
 min=   0.0000000000000000     
       n_pass,     n_total
      310000      312338
   61796.448315686452      +\-   2.8185132621237550     
 precision:   4.5609631927799669E-005
 sigma (pb)                   sd (pb)
   61796.448315686452        2.8185132621237550     
