 =======================================================
 |                                                     |
 |         \/\/\/\/\/\___________/\/\/\/\/\/           |
 |                   |     \     |                     |
 |                   |     /     |                     |
 |                   |     \     |                     |
 |         /\/\/\/\/\|_____/_____|/\/\/\/\/\           |
 |                                                     |
 | Light-by-light scattering at next-to-leading order  |
 |                   (VERSION 0.5)                     |
 |                                                     |
 |    Authors:                                         |
 |            Ajjath A.H. (LPTHE Paris)                |
 |            Ekta Chaubey (Bonn)                      |
 |            Mathijs Fraaije (Bern)                   |
 |            Valentin Hirschi (Bern)                  |
 |            Hua-Sheng Shao (LPTHE Paris)             |
 |                                                     |
 |    Please cite                                      |
 |            PLB 851 (2024) 138555 [arXiv:2312.16956] |
 |            JHEP 03 (2024) 121    [arXiv:2312.16966] |
 |                                                     |
 =======================================================
 ---------------------------------------------------
         the cuts in the lab frame                  
 min transverse momentum of photon    0.0000000000000000     
 max (pseudo-)rapidity of photon    5.0000000000000000     
 min (pseudo-)rapidity of photon   -5.0000000000000000     
 min invariant mass of di-photon    0.0000000000000000     
 ---------------------------------------------------
 WARNING: outside the range of the grid (xs,xt)=  0.14081521725595711      -0.14081521584784820     
 WARNING: set the 2-loop amplitudes to zero
 WARNING: outside the range of the grid (xs,xt)=  0.14092330274956266      -0.14092330134037298     
 WARNING: set the 2-loop amplitudes to zero
 WARNING: outside the range of the grid (xs,xt)=  0.14098673374219101      -0.14098673233236705     
 WARNING: set the 2-loop amplitudes to zero
 WARNING: outside the range of the grid (xs,xt)=  0.14086032066414869      -0.14086031925558881     
 WARNING: set the 2-loop amplitudes to zero
 WARNING: outside the range of the grid (xs,xt)=  0.14077148071337392      -0.14077147930570236     
 WARNING: set the 2-loop amplitudes to zero
 INFO: will suppress the further warning
 max=   9.4506369594948811     
 min=   0.0000000000000000     
       n_pass,     n_total
       10000       10000
  
 ====================NCALL=20K===========================
  
 ITERATION            1 :
   6.7009385622944242      +\-   2.0940382058843245E-004
 precision:   3.1249923968371959E-005
 max=   9.4723267015451924     
 min=   0.0000000000000000     
       n_pass,     n_total
       20000       20002
 max=   9.4723267015451924     
 min=   0.0000000000000000     
       n_pass,     n_total
       30000       30002
 ITERATION            2 :
   6.7004628867972160      +\-   3.7896893139339457E-004
 precision:   5.6558619575391693E-005
 max=   9.4874312385305117     
 min=   0.0000000000000000     
       n_pass,     n_total
       40000       40012
 max=   9.4874312385305117     
 min=   0.0000000000000000     
       n_pass,     n_total
       50000       50012
 ITERATION            3 :
   6.7004965027977681      +\-   3.3075866228982829E-004
 precision:   4.9363306458218612E-005
 max=   9.4937897096220052     
 min=   0.0000000000000000     
       n_pass,     n_total
       60000       60038
 max=   9.4937897096220052     
 min=   0.0000000000000000     
       n_pass,     n_total
       70000       70038
 ITERATION            4 :
   6.7001349740574501      +\-   3.2521020026953981E-004
 precision:   4.8537858047447642E-005
 max=   9.4937897096220052     
 min=   0.0000000000000000     
       n_pass,     n_total
       80000       80064
 max=   9.4937897096220052     
 min=   0.0000000000000000     
       n_pass,     n_total
       90000       90064
 ITERATION            5 :
   6.7001345594269202      +\-   2.6938610749242868E-004
 precision:   4.0206074236734430E-005
 max=   9.4939959759021022     
 min=   0.0000000000000000     
       n_pass,     n_total
      100000      100097
 max=   9.4939959759021022     
 min=   0.0000000000000000     
       n_pass,     n_total
      110000      110097
 ITERATION            6 :
   6.6999803111999530      +\-   2.3102091510848047E-004
 precision:   3.4480834924588771E-005
 max=   9.4941013704878809     
 min=   0.0000000000000000     
       n_pass,     n_total
      120000      120129
 max=   9.4941013704878809     
 min=   0.0000000000000000     
       n_pass,     n_total
      130000      130129
 ITERATION            7 :
   6.7002925903481811      +\-   2.1774005435929437E-004
 precision:   3.2497096421274269E-005
 max=   9.4941013704878809     
 min=   0.0000000000000000     
       n_pass,     n_total
      140000      140177
 max=   9.4941013704878809     
 min=   0.0000000000000000     
       n_pass,     n_total
      150000      150177
 ITERATION            8 :
   6.6996190412878489      +\-   2.1705012812631529E-004
 precision:   3.2397383610724283E-005
 max=   9.4941013704878809     
 min=   0.0000000000000000     
       n_pass,     n_total
      160000      160242
 max=   9.4941013704878809     
 min=   0.0000000000000000     
       n_pass,     n_total
      170000      170242
 ITERATION            9 :
   6.7000535086806545      +\-   2.0673485197170841E-004
 precision:   3.0855701630421414E-005
 max=   9.4942229707600845     
 min=   0.0000000000000000     
       n_pass,     n_total
      180000      180309
 max=   9.4942229707600845     
 min=   0.0000000000000000     
       n_pass,     n_total
      190000      190309
 ITERATION           10 :
   6.7002019362663923      +\-   2.0764751802231242E-004
 precision:   3.0991232801264128E-005
 ====================NCALL=40K ===========================
  
 max=   9.4942229707600845     
 min=   0.0000000000000000     
       n_pass,     n_total
      200000      200452
 max=   9.4942229707600845     
 min=   0.0000000000000000     
       n_pass,     n_total
      210000      210452
 max=   9.4942229707600845     
 min=   0.0000000000000000     
       n_pass,     n_total
      220000      220452
 max=   9.4942229707600845     
 min=   0.0000000000000000     
       n_pass,     n_total
      230000      230452
   6.7001028055412126      +\-   1.0376405131193768E-004
 precision:   1.5486934204370905E-005
 ====================NCALL=80K ===========================
  
 max=   9.4942229707600845     
 min=   0.0000000000000000     
       n_pass,     n_total
      240000      240812
 max=   9.4942229707600845     
 min=   0.0000000000000000     
       n_pass,     n_total
      250000      250812
 max=   9.4942229707600845     
 min=   0.0000000000000000     
       n_pass,     n_total
      260000      260812
 max=   9.4942229707600845     
 min=   0.0000000000000000     
       n_pass,     n_total
      270000      270812
 max=   9.4942229707600845     
 min=   0.0000000000000000     
       n_pass,     n_total
      280000      280812
 max=   9.4942229707600845     
 min=   0.0000000000000000     
       n_pass,     n_total
      290000      290812
 max=   9.4942229707600845     
 min=   0.0000000000000000     
       n_pass,     n_total
      300000      300812
 max=   9.4942229707600845     
 min=   0.0000000000000000     
       n_pass,     n_total
      310000      310812
   6.6999733604955605      +\-   5.0608859162888248E-005
 precision:   7.5535911025092473E-006
 sigma (pb)                   sd (pb)
   6.6999733604955605        5.0608859162888248E-005
