 =======================================================
 |                                                     |
 |         \/\/\/\/\/\___________/\/\/\/\/\/           |
 |                   |     \     |                     |
 |                   |     /     |                     |
 |                   |     \     |                     |
 |         /\/\/\/\/\|_____/_____|/\/\/\/\/\           |
 |                                                     |
 | Light-by-light scattering at next-to-leading order  |
 |                   (VERSION 0.5)                     |
 |                                                     |
 |    Authors:                                         |
 |            Ajjath A.H. (LPTHE Paris)                |
 |            Ekta Chaubey (Bonn)                      |
 |            Mathijs Fraaije (Bern)                   |
 |            Valentin Hirschi (Bern)                  |
 |            Hua-Sheng Shao (LPTHE Paris)             |
 |                                                     |
 |    Please cite                                      |
 |            PLB 851 (2024) 138555 [arXiv:2312.16956] |
 |            JHEP 03 (2024) 121    [arXiv:2312.16966] |
 |                                                     |
 =======================================================
 ---------------------------------------------------
         the cuts in the lab frame                  
 min transverse momentum of photon    0.0000000000000000     
 max (pseudo-)rapidity of photon    5.0000000000000000     
 min (pseudo-)rapidity of photon   -5.0000000000000000     
 min invariant mass of di-photon    0.0000000000000000     
 ---------------------------------------------------
 max=   1.6222199169609882E-004
 min=   0.0000000000000000     
       n_pass,     n_total
       10000       10000
  
 ====================NCALL=20K===========================
  
 ITERATION            1 :
   1.0607290177293449E-004 +\-   3.2905540895345095E-008
 precision:   3.1021627904348758E-004
 max=   1.6222199169609882E-004
 min=   0.0000000000000000     
       n_pass,     n_total
       20000       20001
 max=   1.6222199169609882E-004
 min=   0.0000000000000000     
       n_pass,     n_total
       30000       30001
 ITERATION            2 :
   1.0602403918067363E-004 +\-   1.3224624340716907E-008
 precision:   1.2473231960330304E-004
 max=   1.6223770352185684E-004
 min=   0.0000000000000000     
       n_pass,     n_total
       40000       40005
 max=   1.6223770352185684E-004
 min=   0.0000000000000000     
       n_pass,     n_total
       50000       50005
 ITERATION            3 :
   1.0600057339313475E-004 +\-   1.2024028156306439E-008
 precision:   1.1343361428538450E-004
 max=   1.6223958928898404E-004
 min=   0.0000000000000000     
       n_pass,     n_total
       60000       60017
 max=   1.6223958928898404E-004
 min=   0.0000000000000000     
       n_pass,     n_total
       70000       70017
 ITERATION            4 :
   1.0599427238132538E-004 +\-   9.3255519383739572E-009
 precision:   8.7981659092147148E-005
 max=   1.6223958928898404E-004
 min=   0.0000000000000000     
       n_pass,     n_total
       80000       80030
 max=   1.6223958928898404E-004
 min=   0.0000000000000000     
       n_pass,     n_total
       90000       90030
 ITERATION            5 :
   1.0599827635589559E-004 +\-   8.2872576237082994E-009
 precision:   7.8182947012113047E-005
 max=   1.6223958928898404E-004
 min=   0.0000000000000000     
       n_pass,     n_total
      100000      100045
 max=   1.6223958928898404E-004
 min=   0.0000000000000000     
       n_pass,     n_total
      110000      110045
 ITERATION            6 :
   1.0600666551694598E-004 +\-   7.5626586152867891E-009
 precision:   7.1341349889718388E-005
 max=   1.6223958928898404E-004
 min=   0.0000000000000000     
       n_pass,     n_total
      120000      120059
 max=   1.6223958928898404E-004
 min=   0.0000000000000000     
       n_pass,     n_total
      130000      130059
 ITERATION            7 :
   1.0600968391376683E-004 +\-   8.3412765416378919E-009
 precision:   7.8684099732087410E-005
 max=   1.6223958928898404E-004
 min=   0.0000000000000000     
       n_pass,     n_total
      140000      140080
 max=   1.6223958928898404E-004
 min=   0.0000000000000000     
       n_pass,     n_total
      150000      150080
 ITERATION            8 :
   1.0599810859858154E-004 +\-   7.6809341039878128E-009
 precision:   7.2462935476290180E-005
 max=   1.6223958928898404E-004
 min=   0.0000000000000000     
       n_pass,     n_total
      160000      160102
 max=   1.6223958928898404E-004
 min=   0.0000000000000000     
       n_pass,     n_total
      170000      170102
 ITERATION            9 :
   1.0600866298514719E-004 +\-   6.7398574719242827E-009
 precision:   6.3578365032946409E-005
 max=   1.6223958928898404E-004
 min=   0.0000000000000000     
       n_pass,     n_total
      180000      180120
 max=   1.6223958928898404E-004
 min=   0.0000000000000000     
       n_pass,     n_total
      190000      190120
 ITERATION           10 :
   1.0601654078765226E-004 +\-   6.6772026851772403E-009
 precision:   6.2982650023937902E-005
 ====================NCALL=40K ===========================
  
 max=   1.6223958928898404E-004
 min=   0.0000000000000000     
       n_pass,     n_total
      200000      200160
 max=   1.6223958928898404E-004
 min=   0.0000000000000000     
       n_pass,     n_total
      210000      210160
 max=   1.6223958928898404E-004
 min=   0.0000000000000000     
       n_pass,     n_total
      220000      220160
 max=   1.6223958928898404E-004
 min=   0.0000000000000000     
       n_pass,     n_total
      230000      230160
   1.0600797753868402E-004 +\-   3.7052847186770683E-009
 precision:   3.4952885666788145E-005
 ====================NCALL=80K ===========================
  
 max=   1.6223970764546054E-004
 min=   0.0000000000000000     
       n_pass,     n_total
      240000      240275
 max=   1.6223970764546054E-004
 min=   0.0000000000000000     
       n_pass,     n_total
      250000      250275
 max=   1.6223970764546054E-004
 min=   0.0000000000000000     
       n_pass,     n_total
      260000      260275
 max=   1.6223970764546054E-004
 min=   0.0000000000000000     
       n_pass,     n_total
      270000      270275
 max=   1.6223970764546054E-004
 min=   0.0000000000000000     
       n_pass,     n_total
      280000      280275
 max=   1.6223970764546054E-004
 min=   0.0000000000000000     
       n_pass,     n_total
      290000      290275
 max=   1.6223970764546054E-004
 min=   0.0000000000000000     
       n_pass,     n_total
      300000      300275
 max=   1.6223970764546054E-004
 min=   0.0000000000000000     
       n_pass,     n_total
      310000      310275
   1.0600731304526495E-004 +\-   2.0272425152640438E-009
 precision:   1.9123610032436295E-005
 sigma (pb)                   sd (pb)
   1.0600731304526495E-004   2.0272425152640438E-009
