 =======================================================
 |                                                     |
 |         \/\/\/\/\/\___________/\/\/\/\/\/           |
 |                   |     \     |                     |
 |                   |     /     |                     |
 |                   |     \     |                     |
 |         /\/\/\/\/\|_____/_____|/\/\/\/\/\           |
 |                                                     |
 | Light-by-light scattering at next-to-leading order  |
 |                   (VERSION 0.5)                     |
 |                                                     |
 |    Authors:                                         |
 |            Ajjath A.H. (LPTHE Paris)                |
 |            Ekta Chaubey (Bonn)                      |
 |            Mathijs Fraaije (Bern)                   |
 |            Valentin Hirschi (Bern)                  |
 |            Hua-Sheng Shao (LPTHE Paris)             |
 |                                                     |
 |    Please cite                                      |
 |            PLB 851 (2024) 138555 [arXiv:2312.16956] |
 |            JHEP 03 (2024) 121    [arXiv:2312.16966] |
 |                                                     |
 =======================================================
 ---------------------------------------------------
         the cuts in the lab frame                  
 min transverse momentum of photon    0.0000000000000000     
 max (pseudo-)rapidity of photon    5.0000000000000000     
 min (pseudo-)rapidity of photon   -5.0000000000000000     
 min invariant mass of di-photon    0.0000000000000000     
 ---------------------------------------------------
 max=   3.1287388045828810E-006
 min=   0.0000000000000000     
       n_pass,     n_total
       10000       10000
  
 ====================NCALL=20K===========================
  
 ITERATION            1 :
   1.2693427486578428E-006 +\-   5.8619258886379286E-010
 precision:   4.6180796280879358E-004
 max=   3.1287388045828810E-006
 min=   0.0000000000000000     
       n_pass,     n_total
       20000       20001
 max=   3.1287388045828810E-006
 min=   0.0000000000000000     
       n_pass,     n_total
       30000       30001
 ITERATION            2 :
   1.2685574554505927E-006 +\-   4.5485948923185943E-010
 precision:   3.5856435770998876E-004
 max=   3.1290362324514560E-006
 min=   0.0000000000000000     
       n_pass,     n_total
       40000       40001
 max=   3.1290362324514560E-006
 min=   0.0000000000000000     
       n_pass,     n_total
       50000       50001
 ITERATION            3 :
   1.2685217393371676E-006 +\-   3.7169225843163937E-010
 precision:   2.9301213129059758E-004
 max=   3.1290362324514560E-006
 min=   0.0000000000000000     
       n_pass,     n_total
       60000       60002
 max=   3.1290362324514560E-006
 min=   0.0000000000000000     
       n_pass,     n_total
       70000       70002
 ITERATION            4 :
   1.2684725599112430E-006 +\-   3.2761928109358840E-010
 precision:   2.5827857176233471E-004
 max=   3.1290362324514560E-006
 min=   0.0000000000000000     
       n_pass,     n_total
       80000       80004
 max=   3.1290362324514560E-006
 min=   0.0000000000000000     
       n_pass,     n_total
       90000       90004
 ITERATION            5 :
   1.2683301654223950E-006 +\-   3.8093169923859573E-010
 precision:   3.0034111749737747E-004
 max=   3.1290725218361024E-006
 min=   0.0000000000000000     
       n_pass,     n_total
      100000      100005
 max=   3.1290725218361024E-006
 min=   0.0000000000000000     
       n_pass,     n_total
      110000      110005
 ITERATION            6 :
   1.2681087904210606E-006 +\-   3.4968363980618084E-010
 precision:   2.7575208250868802E-004
 max=   3.1290725218361024E-006
 min=   0.0000000000000000     
       n_pass,     n_total
      120000      120008
 max=   3.1290725218361024E-006
 min=   0.0000000000000000     
       n_pass,     n_total
      130000      130008
 ITERATION            7 :
   1.2680037064217865E-006 +\-   3.6849298042801817E-010
 precision:   2.9060875655314791E-004
 max=   3.1290725218361024E-006
 min=   0.0000000000000000     
       n_pass,     n_total
      140000      140010
 max=   3.1290725218361024E-006
 min=   0.0000000000000000     
       n_pass,     n_total
      150000      150010
 ITERATION            8 :
   1.2682918077170706E-006 +\-   3.5790633361018547E-010
 precision:   2.8219557315789815E-004
 max=   3.1290725218361024E-006
 min=   0.0000000000000000     
       n_pass,     n_total
      160000      160016
 max=   3.1290725218361024E-006
 min=   0.0000000000000000     
       n_pass,     n_total
      170000      170016
 ITERATION            9 :
   1.2666418758384941E-006 +\-   7.6648364374986284E-010
 precision:   6.0513050955501098E-004
 max=   3.1290725218361024E-006
 min=   0.0000000000000000     
       n_pass,     n_total
      180000      180019
 max=   3.1290725218361024E-006
 min=   0.0000000000000000     
       n_pass,     n_total
      190000      190019
 ITERATION           10 :
   1.2687798615989412E-006 +\-   5.2190706083798219E-010
 precision:   4.1134563735923795E-004
 ====================NCALL=40K ===========================
  
 max=   3.1290725218361024E-006
 min=   0.0000000000000000     
       n_pass,     n_total
      200000      200022
 max=   3.1290725218361024E-006
 min=   0.0000000000000000     
       n_pass,     n_total
      210000      210022
 max=   3.1290725218361024E-006
 min=   0.0000000000000000     
       n_pass,     n_total
      220000      220022
 max=   3.1290725218361024E-006
 min=   0.0000000000000000     
       n_pass,     n_total
      230000      230022
   1.2684273615799523E-006 +\-   2.3209842053818865E-010
 precision:   1.8298124714771763E-004
 ====================NCALL=80K ===========================
  
 max=   3.1290725218361024E-006
 min=   0.0000000000000000     
       n_pass,     n_total
      240000      240030
 max=   3.1290725218361024E-006
 min=   0.0000000000000000     
       n_pass,     n_total
      250000      250030
 max=   3.1290725218361024E-006
 min=   0.0000000000000000     
       n_pass,     n_total
      260000      260030
 max=   3.1290725218361024E-006
 min=   0.0000000000000000     
       n_pass,     n_total
      270000      270030
 max=   3.1290725218361024E-006
 min=   0.0000000000000000     
       n_pass,     n_total
      280000      280030
 max=   3.1290725218361024E-006
 min=   0.0000000000000000     
       n_pass,     n_total
      290000      290030
 max=   3.1290725218361024E-006
 min=   0.0000000000000000     
       n_pass,     n_total
      300000      300030
 max=   3.1290725218361024E-006
 min=   0.0000000000000000     
       n_pass,     n_total
      310000      310030
   1.2683504541490486E-006 +\-   1.1146229060684206E-010
 precision:   8.7879726176802952E-005
 sigma (pb)                   sd (pb)
   1.2683504541490486E-006   1.1146229060684206E-010
