 =======================================================
 |                                                     |
 |         \/\/\/\/\/\___________/\/\/\/\/\/           |
 |                   |     \     |                     |
 |                   |     /     |                     |
 |                   |     \     |                     |
 |         /\/\/\/\/\|_____/_____|/\/\/\/\/\           |
 |                                                     |
 | Light-by-light scattering at next-to-leading order  |
 |                   (VERSION 0.5)                     |
 |                                                     |
 |    Authors:                                         |
 |            Ajjath A.H. (LPTHE Paris)                |
 |            Ekta Chaubey (Bonn)                      |
 |            Mathijs Fraaije (Bern)                   |
 |            Valentin Hirschi (Bern)                  |
 |            Hua-Sheng Shao (LPTHE Paris)             |
 |                                                     |
 |    Please cite                                      |
 |            PLB 851 (2024) 138555 [arXiv:2312.16956] |
 |            JHEP 03 (2024) 121    [arXiv:2312.16966] |
 |                                                     |
 =======================================================
 ---------------------------------------------------
         the cuts in the lab frame                  
 min transverse momentum of photon    0.0000000000000000     
 max (pseudo-)rapidity of photon    5.0000000000000000     
 min (pseudo-)rapidity of photon   -5.0000000000000000     
 min invariant mass of di-photon    0.0000000000000000     
 ---------------------------------------------------
 max=   314444.04834778112     
 min=   0.0000000000000000     
       n_pass,     n_total
       10000       10000
  
 ====================NCALL=20K===========================
  
 ITERATION            1 :
   6571.4860680937154      +\-   47.433980330460720     
 precision:   7.2181512429532659E-003
 WARNING: outside the range of the grid (xs,xt)=   3.3592871463577631E-002  -3.3591276552305122E-002
 WARNING: set the 2-loop amplitudes to zero
 WARNING: outside the range of the grid (xs,xt)=   3.2612110726643599E-002  -3.2610562379605905E-002
 WARNING: set the 2-loop amplitudes to zero
 WARNING: outside the range of the grid (xs,xt)=   1.5701624323198670E-002  -1.5700878846657405E-002
 WARNING: set the 2-loop amplitudes to zero
 WARNING: outside the range of the grid (xs,xt)=   14437.597895228653       -14436.912431717263     
 WARNING: set the 2-loop amplitudes to zero
 WARNING: outside the range of the grid (xs,xt)=  0.29316399627981055      -0.29315007753627986     
 WARNING: set the 2-loop amplitudes to zero
 INFO: will suppress the further warning
 max=   327435.43041374447     
 min=   0.0000000000000000     
       n_pass,     n_total
       20000       20007
 max=   327435.43041374447     
 min=   0.0000000000000000     
       n_pass,     n_total
       30000       30007
 ITERATION            2 :
   6508.2407106814990      +\-   9.6253752931684247     
 precision:   1.4789519504665833E-003
 max=   328378.03720173775     
 min=   0.0000000000000000     
       n_pass,     n_total
       40000       40040
 max=   328378.03720173775     
 min=   0.0000000000000000     
       n_pass,     n_total
       50000       50040
 ITERATION            3 :
   6500.4679472976813      +\-   3.7620455368754038     
 precision:   5.7873457224557646E-004
 max=   328378.03720173775     
 min=   0.0000000000000000     
       n_pass,     n_total
       60000       60159
 max=   328378.03720173775     
 min=   0.0000000000000000     
       n_pass,     n_total
       70000       70159
 ITERATION            4 :
   6502.5430466869002      +\-   2.3967149950958295     
 precision:   3.6858118091459243E-004
 max=   328378.03720173775     
 min=   0.0000000000000000     
       n_pass,     n_total
       80000       80417
 max=   328378.03720173775     
 min=   0.0000000000000000     
       n_pass,     n_total
       90000       90417
 ITERATION            5 :
   6500.7871857938817      +\-   1.7517837611726368     
 precision:   2.6947255941569599E-004
 max=   328378.03720173775     
 min=   0.0000000000000000     
       n_pass,     n_total
      100000      100757
 max=   328378.03720173775     
 min=   0.0000000000000000     
       n_pass,     n_total
      110000      110757
 ITERATION            6 :
   6500.9142311018531      +\-   1.6642172636150545     
 precision:   2.5599741889426264E-004
 max=   328378.03720173775     
 min=   0.0000000000000000     
       n_pass,     n_total
      120000      121096
 max=   328378.03720173775     
 min=   0.0000000000000000     
       n_pass,     n_total
      130000      131096
 ITERATION            7 :
   6503.1505137318381      +\-   1.5615291273323444     
 precision:   2.4011886608422655E-004
 max=   328378.03720173775     
 min=   0.0000000000000000     
       n_pass,     n_total
      140000      141430
 max=   328378.03720173775     
 min=   0.0000000000000000     
       n_pass,     n_total
      150000      151430
 ITERATION            8 :
   6500.4691149262435      +\-   1.8049581591115431     
 precision:   2.7766583106548961E-004
 max=   328382.56681758474     
 min=   0.0000000000000000     
       n_pass,     n_total
      160000      161927
 max=   328382.56681758474     
 min=   0.0000000000000000     
       n_pass,     n_total
      170000      171927
 ITERATION            9 :
   6501.4002136419840      +\-   1.5781192868357645     
 precision:   2.4273529316413617E-004
 max=   328382.56681758474     
 min=   0.0000000000000000     
       n_pass,     n_total
      180000      182356
 max=   328382.56681758474     
 min=   0.0000000000000000     
       n_pass,     n_total
      190000      192356
 ITERATION           10 :
   6504.1355809294055      +\-   1.7012573442447640     
 precision:   2.6156547985146147E-004
 ====================NCALL=40K ===========================
  
 max=   328382.56681758474     
 min=   0.0000000000000000     
       n_pass,     n_total
      200000      202833
 max=   328382.56681758474     
 min=   0.0000000000000000     
       n_pass,     n_total
      210000      212833
 max=   328382.56681758474     
 min=   0.0000000000000000     
       n_pass,     n_total
      220000      222833
 max=   328382.56681758474     
 min=   0.0000000000000000     
       n_pass,     n_total
      230000      232833
   6502.3302523280672      +\-  0.82062530196511285     
 precision:   1.2620480198945595E-004
 ====================NCALL=80K ===========================
  
 max=   328387.03342767764     
 min=   0.0000000000000000     
       n_pass,     n_total
      240000      244565
 max=   328387.03342767764     
 min=   0.0000000000000000     
       n_pass,     n_total
      250000      254565
 max=   328387.03342767764     
 min=   0.0000000000000000     
       n_pass,     n_total
      260000      264565
 max=   328387.03342767764     
 min=   0.0000000000000000     
       n_pass,     n_total
      270000      274565
 max=   328387.03342767764     
 min=   0.0000000000000000     
       n_pass,     n_total
      280000      284565
 max=   328387.03342767764     
 min=   0.0000000000000000     
       n_pass,     n_total
      290000      294565
 max=   328387.03342767764     
 min=   0.0000000000000000     
       n_pass,     n_total
      300000      304565
   6502.1223994406710      +\-  0.36572023374010043     
 precision:   5.6246285639218451E-005
 sigma (pb)                   sd (pb)
   6502.1223994406710       0.36572023374010043     
