 =======================================================
 |                                                     |
 |         \/\/\/\/\/\___________/\/\/\/\/\/           |
 |                   |     \     |                     |
 |                   |     /     |                     |
 |                   |     \     |                     |
 |         /\/\/\/\/\|_____/_____|/\/\/\/\/\           |
 |                                                     |
 | Light-by-light scattering at next-to-leading order  |
 |                   (VERSION 0.5)                     |
 |                                                     |
 |    Authors:                                         |
 |            Ajjath A.H. (LPTHE Paris)                |
 |            Ekta Chaubey (Bonn)                      |
 |            Mathijs Fraaije (Bern)                   |
 |            Valentin Hirschi (Bern)                  |
 |            Hua-Sheng Shao (LPTHE Paris)             |
 |                                                     |
 |    Please cite                                      |
 |            PLB 851 (2024) 138555 [arXiv:2312.16956] |
 |            JHEP 03 (2024) 121    [arXiv:2312.16966] |
 |                                                     |
 =======================================================
 ---------------------------------------------------
         the cuts in the lab frame                  
 min transverse momentum of photon    0.0000000000000000     
 max (pseudo-)rapidity of photon    5.0000000000000000     
 min (pseudo-)rapidity of photon   -5.0000000000000000     
 min invariant mass of di-photon    0.0000000000000000     
 ---------------------------------------------------
 max=   46032.756213872759     
 min=   0.0000000000000000     
       n_pass,     n_total
       10000       10000
  
 ====================NCALL=20K===========================
  
 ITERATION            1 :
   626.26390569052148      +\-   5.5266821281329008     
 precision:   8.8248453693641430E-003
 WARNING: outside the range of the grid (xs,xt)=  0.32507017153040763      -0.32505477774668967     
 WARNING: set the 2-loop amplitudes to zero
 WARNING: outside the range of the grid (xs,xt)=  0.31557958477508646      -0.31556464042060772     
 WARNING: set the 2-loop amplitudes to zero
 WARNING: outside the range of the grid (xs,xt)=  0.15194085797584342      -0.15193366277643591     
 WARNING: set the 2-loop amplitudes to zero
 WARNING: outside the range of the grid (xs,xt)=   1.6213777777777778E-002  -1.6213009970054336E-002
 WARNING: set the 2-loop amplitudes to zero
 WARNING: outside the range of the grid (xs,xt)=   139709.17697159556       -139702.56100666840     
 WARNING: set the 2-loop amplitudes to zero
 INFO: will suppress the further warning
 max=   51507.199656164463     
 min=   0.0000000000000000     
       n_pass,     n_total
       20000       20009
 max=   51507.199656164463     
 min=   0.0000000000000000     
       n_pass,     n_total
       30000       30009
 ITERATION            2 :
   619.87668867419984      +\-   1.4309752818638415     
 precision:   2.3084837807410205E-003
 max=   52512.337854167170     
 min=   0.0000000000000000     
       n_pass,     n_total
       40000       40044
 max=   52512.337854167170     
 min=   0.0000000000000000     
       n_pass,     n_total
       50000       50044
 ITERATION            3 :
   619.85063846262449      +\-  0.47748936049317064     
 precision:   7.7032970664909963E-004
 max=   52679.982734133140     
 min=   0.0000000000000000     
       n_pass,     n_total
       60000       60180
 max=   52679.982734133140     
 min=   0.0000000000000000     
       n_pass,     n_total
       70000       70180
 ITERATION            4 :
   620.09409699201649      +\-  0.29331226369006203     
 precision:   4.7301250747729394E-004
 max=   52679.982734133140     
 min=   0.0000000000000000     
       n_pass,     n_total
       80000       80514
 max=   52679.982734133140     
 min=   0.0000000000000000     
       n_pass,     n_total
       90000       90514
 ITERATION            5 :
   619.80687904194440      +\-  0.20102994857713105     
 precision:   3.2434288062092756E-004
 max=   52679.982734133140     
 min=   0.0000000000000000     
       n_pass,     n_total
      100000      101023
 max=   52679.982734133140     
 min=   0.0000000000000000     
       n_pass,     n_total
      110000      111023
 ITERATION            6 :
   619.83893797863857      +\-  0.17790521609429127     
 precision:   2.8701845785045275E-004
 max=   52711.224564824202     
 min=   0.0000000000000000     
       n_pass,     n_total
      120000      121636
 max=   52711.224564824202     
 min=   0.0000000000000000     
       n_pass,     n_total
      130000      131636
 ITERATION            7 :
   620.14035826384213      +\-  0.16651405475851960     
 precision:   2.6851026955364721E-004
 max=   52711.224564824202     
 min=   0.0000000000000000     
       n_pass,     n_total
      140000      142399
 max=   52711.224564824202     
 min=   0.0000000000000000     
       n_pass,     n_total
      150000      152399
 ITERATION            8 :
   619.66318196650320      +\-  0.15707716196419946     
 precision:   2.5348796981243028E-004
 max=   52711.224564824202     
 min=   0.0000000000000000     
       n_pass,     n_total
      160000      162902
 max=   52711.224564824202     
 min=   0.0000000000000000     
       n_pass,     n_total
      170000      172902
 ITERATION            9 :
   619.98631830129557      +\-  0.15951392459656755     
 precision:   2.5728620114331030E-004
 max=   52711.224564824202     
 min=   0.0000000000000000     
       n_pass,     n_total
      180000      183528
 max=   52711.224564824202     
 min=   0.0000000000000000     
       n_pass,     n_total
      190000      193528
 ITERATION           10 :
   620.02309871807142      +\-  0.16029655117886454     
 precision:   2.5853319257022141E-004
 ====================NCALL=40K ===========================
  
 max=   52711.224564824202     
 min=   0.0000000000000000     
       n_pass,     n_total
      200000      204210
 max=   52711.224564824202     
 min=   0.0000000000000000     
       n_pass,     n_total
      210000      214210
 max=   52711.224564824202     
 min=   0.0000000000000000     
       n_pass,     n_total
      220000      224210
 max=   52711.224564824202     
 min=   0.0000000000000000     
       n_pass,     n_total
      230000      234210
   619.97879580627898      +\-   8.6916773526286767E-002
 precision:   1.4019313904639592E-004
 ====================NCALL=80K ===========================
  
 max=   52711.224564824202     
 min=   0.0000000000000000     
       n_pass,     n_total
      240000      247111
 max=   52711.224564824202     
 min=   0.0000000000000000     
       n_pass,     n_total
      250000      257111
 max=   52711.224564824202     
 min=   0.0000000000000000     
       n_pass,     n_total
      260000      267111
 max=   52711.224564824202     
 min=   0.0000000000000000     
       n_pass,     n_total
      270000      277111
 max=   52711.224564824202     
 min=   0.0000000000000000     
       n_pass,     n_total
      280000      287111
 max=   52711.224564824202     
 min=   0.0000000000000000     
       n_pass,     n_total
      290000      297111
 max=   52711.224564824202     
 min=   0.0000000000000000     
       n_pass,     n_total
      300000      307111
   619.91137548064535      +\-   4.4291582445571478E-002
 precision:   7.1448249213414117E-005
 sigma (pb)                   sd (pb)
   619.91137548064535        4.4291582445571478E-002
