 =======================================================
 |                                                     |
 |         \/\/\/\/\/\___________/\/\/\/\/\/           |
 |                   |     \     |                     |
 |                   |     /     |                     |
 |                   |     \     |                     |
 |         /\/\/\/\/\|_____/_____|/\/\/\/\/\           |
 |                                                     |
 | Light-by-light scattering at next-to-leading order  |
 |                   (VERSION 0.5)                     |
 |                                                     |
 |    Authors:                                         |
 |            Ajjath A.H. (LPTHE Paris)                |
 |            Ekta Chaubey (Bonn)                      |
 |            Mathijs Fraaije (Bern)                   |
 |            Valentin Hirschi (Bern)                  |
 |            Hua-Sheng Shao (LPTHE Paris)             |
 |                                                     |
 |    Please cite                                      |
 |            PLB 851 (2024) 138555 [arXiv:2312.16956] |
 |            JHEP 03 (2024) 121    [arXiv:2312.16966] |
 |                                                     |
 =======================================================
 ---------------------------------------------------
         the cuts in the lab frame                  
 min transverse momentum of photon    0.0000000000000000     
 max (pseudo-)rapidity of photon    5.0000000000000000     
 min (pseudo-)rapidity of photon   -5.0000000000000000     
 min invariant mass of di-photon    0.0000000000000000     
 ---------------------------------------------------
 max=   683778.04814753216     
 min=   0.0000000000000000     
       n_pass,     n_total
       10000       10000
  
 ====================NCALL=20K===========================
  
 ITERATION            1 :
   23258.391180147333      +\-   119.69478959439597     
 precision:   5.1463056351276721E-003
 max=   694134.82655463379     
 min=   0.0000000000000000     
       n_pass,     n_total
       20000       20007
 max=   694134.82655463379     
 min=   0.0000000000000000     
       n_pass,     n_total
       30000       30007
 ITERATION            2 :
   23056.746031701659      +\-   19.054977629315808     
 precision:   8.2643828418443529E-004
 WARNING: outside the range of the grid (xs,xt)=   4069.9905407837746       -4069.7979717775529     
 WARNING: set the 2-loop amplitudes to zero
 WARNING: outside the range of the grid (xs,xt)=   8.2643574119176694E-002  -8.2639663891184933E-002
 WARNING: set the 2-loop amplitudes to zero
 WARNING: outside the range of the grid (xs,xt)=   4069.9905407837746       -4069.7930322428506     
 WARNING: set the 2-loop amplitudes to zero
 WARNING: outside the range of the grid (xs,xt)=   8.2643574119176694E-002  -8.2639563591000401E-002
 WARNING: set the 2-loop amplitudes to zero
 WARNING: outside the range of the grid (xs,xt)=   4069.9905407837746       -4069.7988522630708     
 WARNING: set the 2-loop amplitudes to zero
 INFO: will suppress the further warning
 max=   695286.43731497088     
 min=   0.0000000000000000     
       n_pass,     n_total
       40000       40036
 max=   695286.43731497088     
 min=   0.0000000000000000     
       n_pass,     n_total
       50000       50036
 ITERATION            3 :
   23037.054570074120      +\-   9.9804583358675245     
 precision:   4.3323499996533683E-004
 max=   695286.43731497088     
 min=   0.0000000000000000     
       n_pass,     n_total
       60000       60125
 max=   695286.43731497088     
 min=   0.0000000000000000     
       n_pass,     n_total
       70000       70125
 ITERATION            4 :
   23041.611668471469      +\-   7.3330230612784657     
 precision:   3.1825130840619373E-004
 max=   695286.43731497088     
 min=   0.0000000000000000     
       n_pass,     n_total
       80000       80317
 max=   695286.43731497088     
 min=   0.0000000000000000     
       n_pass,     n_total
       90000       90317
 ITERATION            5 :
   23037.231283496469      +\-   5.9703009492710706     
 precision:   2.5915878847594442E-004
 max=   695422.46886742394     
 min=   0.0000000000000000     
       n_pass,     n_total
      100000      100599
 max=   695422.46886742394     
 min=   0.0000000000000000     
       n_pass,     n_total
      110000      110599
 ITERATION            6 :
   23039.579767869247      +\-   5.3264418770762241     
 precision:   2.3118658980509808E-004
 max=   695422.46886742394     
 min=   0.0000000000000000     
       n_pass,     n_total
      120000      120869
 max=   695422.46886742394     
 min=   0.0000000000000000     
       n_pass,     n_total
      130000      130869
 ITERATION            7 :
   23050.997165720517      +\-   5.1914157882145577     
 precision:   2.2521436929135499E-004
 max=   695422.46886742394     
 min=   0.0000000000000000     
       n_pass,     n_total
      140000      141199
 max=   695422.46886742394     
 min=   0.0000000000000000     
       n_pass,     n_total
      150000      151199
 ITERATION            8 :
   23032.970884329981      +\-   5.1181446642430366     
 precision:   2.2220948786615553E-004
 max=   695422.46886742394     
 min=   0.0000000000000000     
       n_pass,     n_total
      160000      161465
 max=   695422.46886742394     
 min=   0.0000000000000000     
       n_pass,     n_total
      170000      171465
 ITERATION            9 :
   23041.171783788010      +\-   5.0065387933965750     
 precision:   2.1728663977581313E-004
 max=   695635.09620432067     
 min=   0.0000000000000000     
       n_pass,     n_total
      180000      181799
 max=   695635.09620432067     
 min=   0.0000000000000000     
       n_pass,     n_total
      190000      191799
 ITERATION           10 :
   23047.244302493556      +\-   5.0061880029345716     
 precision:   2.1721416830700822E-004
 ====================NCALL=40K ===========================
  
 max=   695635.09620432067     
 min=   0.0000000000000000     
       n_pass,     n_total
      200000      202166
 max=   695635.09620432067     
 min=   0.0000000000000000     
       n_pass,     n_total
      210000      212166
 max=   695635.09620432067     
 min=   0.0000000000000000     
       n_pass,     n_total
      220000      222166
 max=   695635.09620432067     
 min=   0.0000000000000000     
       n_pass,     n_total
      230000      232166
   23044.597398223887      +\-   2.4510414027035541     
 precision:   1.0636078211079803E-004
 ====================NCALL=80K ===========================
  
 max=   695663.88721507031     
 min=   0.0000000000000000     
       n_pass,     n_total
      240000      243136
 max=   695663.88721507031     
 min=   0.0000000000000000     
       n_pass,     n_total
      250000      253136
 max=   695663.88721507031     
 min=   0.0000000000000000     
       n_pass,     n_total
      260000      263136
 max=   695663.88721507031     
 min=   0.0000000000000000     
       n_pass,     n_total
      270000      273136
 max=   695663.88721507031     
 min=   0.0000000000000000     
       n_pass,     n_total
      280000      283136
 max=   695663.88721507031     
 min=   0.0000000000000000     
       n_pass,     n_total
      290000      293136
 max=   695663.88721507031     
 min=   0.0000000000000000     
       n_pass,     n_total
      300000      303136
 max=   695663.88721507031     
 min=   0.0000000000000000     
       n_pass,     n_total
      310000      313136
   23042.555598633568      +\-   1.2455218904593632     
 precision:   5.4053114253230797E-005
 sigma (pb)                   sd (pb)
   23042.555598633568        1.2455218904593632     
