 =======================================================
 |                                                     |
 |         \/\/\/\/\/\___________/\/\/\/\/\/           |
 |                   |     \     |                     |
 |                   |     /     |                     |
 |                   |     \     |                     |
 |         /\/\/\/\/\|_____/_____|/\/\/\/\/\           |
 |                                                     |
 | Light-by-light scattering at next-to-leading order  |
 |                   (VERSION 0.5)                     |
 |                                                     |
 |    Authors:                                         |
 |            Ajjath A.H. (LPTHE Paris)                |
 |            Ekta Chaubey (Bonn)                      |
 |            Mathijs Fraaije (Bern)                   |
 |            Valentin Hirschi (Bern)                  |
 |            Hua-Sheng Shao (LPTHE Paris)             |
 |                                                     |
 |    Please cite                                      |
 |            PLB 851 (2024) 138555 [arXiv:2312.16956] |
 |            JHEP 03 (2024) 121    [arXiv:2312.16966] |
 |                                                     |
 =======================================================
 ---------------------------------------------------
         the cuts in the lab frame                  
 min transverse momentum of photon    0.0000000000000000     
 max (pseudo-)rapidity of photon    5.0000000000000000     
 min (pseudo-)rapidity of photon   -5.0000000000000000     
 min invariant mass of di-photon    0.0000000000000000     
 ---------------------------------------------------
 max=   54876.487875217856     
 min=   0.0000000000000000     
       n_pass,     n_total
       10000       10000
  
 ====================NCALL=20K===========================
  
 ITERATION            1 :
   767.24258778162437      +\-   6.6377838152404447     
 precision:   8.6514798851725326E-003
 WARNING: outside the range of the grid (xs,xt)=  0.27226589440855425      -0.27225296498017060     
 WARNING: set the 2-loop amplitudes to zero
 WARNING: outside the range of the grid (xs,xt)=  0.26431695501730101      -0.26430440307006614     
 WARNING: set the 2-loop amplitudes to zero
 WARNING: outside the range of the grid (xs,xt)=  0.12725964181591007      -0.12725359847938214     
 WARNING: set the 2-loop amplitudes to zero
 WARNING: outside the range of the grid (xs,xt)=   1.3580017777777779E-002  -1.3579372886622067E-002
 WARNING: set the 2-loop amplitudes to zero
 WARNING: outside the range of the grid (xs,xt)=   117014.87050064915       -117009.31367028947     
 WARNING: set the 2-loop amplitudes to zero
 INFO: will suppress the further warning
 max=   60935.711448503869     
 min=   0.0000000000000000     
       n_pass,     n_total
       20000       20009
 max=   60935.711448503869     
 min=   0.0000000000000000     
       n_pass,     n_total
       30000       30009
 ITERATION            2 :
   759.53045425042785      +\-   1.7080506891821239     
 precision:   2.2488244936376910E-003
 max=   62150.386441346112     
 min=   0.0000000000000000     
       n_pass,     n_total
       40000       40044
 max=   62150.386441346112     
 min=   0.0000000000000000     
       n_pass,     n_total
       50000       50044
 ITERATION            3 :
   759.46878692743542      +\-  0.57143127363560520     
 precision:   7.5240916212953386E-004
 max=   62447.740718816400     
 min=   0.0000000000000000     
       n_pass,     n_total
       60000       60180
 max=   62447.740718816400     
 min=   0.0000000000000000     
       n_pass,     n_total
       70000       70180
 ITERATION            4 :
   759.73854477436919      +\-  0.35205247721613830     
 precision:   4.6338635789591607E-004
 max=   62447.740718816400     
 min=   0.0000000000000000     
       n_pass,     n_total
       80000       80511
 max=   62447.740718816400     
 min=   0.0000000000000000     
       n_pass,     n_total
       90000       90511
 ITERATION            5 :
   759.43404751977778      +\-  0.24017625832589223     
 precision:   3.1625690092547160E-004
 max=   62447.740718816400     
 min=   0.0000000000000000     
       n_pass,     n_total
      100000      101012
 max=   62447.740718816400     
 min=   0.0000000000000000     
       n_pass,     n_total
      110000      111012
 ITERATION            6 :
   759.50228297615115      +\-  0.21107393846797057     
 precision:   2.7791086768148452E-004
 max=   62447.740718816400     
 min=   0.0000000000000000     
       n_pass,     n_total
      120000      121595
 max=   62447.740718816400     
 min=   0.0000000000000000     
       n_pass,     n_total
      130000      131595
 ITERATION            7 :
   759.79959542867903      +\-  0.20346119398011653     
 precision:   2.6778270902516567E-004
 max=   62447.740718816400     
 min=   0.0000000000000000     
       n_pass,     n_total
      140000      142301
 max=   62447.740718816400     
 min=   0.0000000000000000     
       n_pass,     n_total
      150000      152301
 ITERATION            8 :
   759.14328295506596      +\-  0.19690492937836784     
 precision:   2.5937781944389900E-004
 max=   62447.757740770598     
 min=   0.0000000000000000     
       n_pass,     n_total
      160000      162964
 max=   62447.757740770598     
 min=   0.0000000000000000     
       n_pass,     n_total
      170000      172964
 ITERATION            9 :
   759.56439667406823      +\-  0.19487343630537066     
 precision:   2.5655946639767467E-004
 max=   62447.757740770598     
 min=   0.0000000000000000     
       n_pass,     n_total
      180000      183714
 max=   62447.757740770598     
 min=   0.0000000000000000     
       n_pass,     n_total
      190000      193714
 ITERATION           10 :
   759.66948417998663      +\-  0.18946251741734305     
 precision:   2.4940124799386330E-004
 ====================NCALL=40K ===========================
  
 max=   62447.757740770598     
 min=   0.0000000000000000     
       n_pass,     n_total
      200000      204429
 max=   62447.757740770598     
 min=   0.0000000000000000     
       n_pass,     n_total
      210000      214429
 max=   62447.757740770598     
 min=   0.0000000000000000     
       n_pass,     n_total
      220000      224429
 max=   62447.757740770598     
 min=   0.0000000000000000     
       n_pass,     n_total
      230000      234429
   759.63361878868170      +\-  0.10856179041970869     
 precision:   1.4291335682696911E-004
 ====================NCALL=80K ===========================
  
 max=   62449.629181192133     
 min=   0.0000000000000000     
       n_pass,     n_total
      240000      246989
 max=   62449.629181192133     
 min=   0.0000000000000000     
       n_pass,     n_total
      250000      256989
 max=   62449.629181192133     
 min=   0.0000000000000000     
       n_pass,     n_total
      260000      266989
 max=   62449.629181192133     
 min=   0.0000000000000000     
       n_pass,     n_total
      270000      276989
 max=   62449.629181192133     
 min=   0.0000000000000000     
       n_pass,     n_total
      280000      286989
 max=   62449.629181192133     
 min=   0.0000000000000000     
       n_pass,     n_total
      290000      296989
 max=   62449.629181192133     
 min=   0.0000000000000000     
       n_pass,     n_total
      300000      306989
   759.55239000031406      +\-   4.9019262661042652E-002
 precision:   6.4537039585936114E-005
 sigma (pb)                   sd (pb)
   759.55239000031406        4.9019262661042652E-002
