 =======================================================
 |                                                     |
 |         \/\/\/\/\/\___________/\/\/\/\/\/           |
 |                   |     \     |                     |
 |                   |     /     |                     |
 |                   |     \     |                     |
 |         /\/\/\/\/\|_____/_____|/\/\/\/\/\           |
 |                                                     |
 | Light-by-light scattering at next-to-leading order  |
 |                   (VERSION 0.5)                     |
 |                                                     |
 |    Authors:                                         |
 |            Ajjath A.H. (LPTHE Paris)                |
 |            Ekta Chaubey (Bonn)                      |
 |            Mathijs Fraaije (Bern)                   |
 |            Valentin Hirschi (Bern)                  |
 |            Hua-Sheng Shao (LPTHE Paris)             |
 |                                                     |
 |    Please cite                                      |
 |            PLB 851 (2024) 138555 [arXiv:2312.16956] |
 |            JHEP 03 (2024) 121    [arXiv:2312.16966] |
 |                                                     |
 =======================================================
 ---------------------------------------------------
         the cuts in the lab frame                  
 min transverse momentum of photon    0.0000000000000000     
 max (pseudo-)rapidity of photon    5.0000000000000000     
 min (pseudo-)rapidity of photon   -5.0000000000000000     
 min invariant mass of di-photon    0.0000000000000000     
 ---------------------------------------------------
 max=   531153.22451100731     
 min=   0.0000000000000000     
       n_pass,     n_total
       10000       10000
  
 ====================NCALL=20K===========================
  
 ITERATION            1 :
   14965.168276387833      +\-   89.275618347271134     
 precision:   5.9655606070351348E-003
 WARNING: outside the range of the grid (xs,xt)=   1.4760436622855868E-002  -1.4759699531241588E-002
 WARNING: set the 2-loop amplitudes to zero
 WARNING: outside the range of the grid (xs,xt)=   1.4329498269896192E-002  -1.4328782698041413E-002
 WARNING: set the 2-loop amplitudes to zero
 WARNING: outside the range of the grid (xs,xt)=   6343.7640021292818       -6343.4472137192633     
 WARNING: set the 2-loop amplitudes to zero
 WARNING: outside the range of the grid (xs,xt)=  0.12881389409902050      -0.12880746152229061     
 WARNING: set the 2-loop amplitudes to zero
 max=   542943.44805309270     
 min=   0.0000000000000000     
       n_pass,     n_total
       20000       20007
 max=   542943.44805309270     
 min=   0.0000000000000000     
       n_pass,     n_total
       30000       30007
 ITERATION            2 :
   14825.415464952583      +\-   15.414055223770369     
 precision:   1.0397047732125509E-003
 WARNING: outside the range of the grid (xs,xt)=   1.4760436622855868E-002  -1.4759727615858899E-002
 WARNING: set the 2-loop amplitudes to zero
 INFO: will suppress the further warning
 max=   542943.44805309270     
 min=   0.0000000000000000     
       n_pass,     n_total
       40000       40038
 max=   542943.44805309270     
 min=   0.0000000000000000     
       n_pass,     n_total
       50000       50038
 ITERATION            3 :
   14810.355164774999      +\-   7.2146432207404381     
 precision:   4.8713505790190439E-004
 max=   542943.44805309270     
 min=   0.0000000000000000     
       n_pass,     n_total
       60000       60140
 max=   542943.44805309270     
 min=   0.0000000000000000     
       n_pass,     n_total
       70000       70140
 ITERATION            4 :
   14814.678880352034      +\-   5.0663619157130677     
 precision:   3.4198256719774939E-004
 max=   543611.14741453715     
 min=   0.0000000000000000     
       n_pass,     n_total
       80000       80352
 max=   543611.14741453715     
 min=   0.0000000000000000     
       n_pass,     n_total
       90000       90352
 ITERATION            5 :
   14811.483085756805      +\-   3.9569676390579112     
 precision:   2.6715539667078025E-004
 max=   543611.14741453715     
 min=   0.0000000000000000     
       n_pass,     n_total
      100000      100671
 max=   543611.14741453715     
 min=   0.0000000000000000     
       n_pass,     n_total
      110000      110671
 ITERATION            6 :
   14812.472136323002      +\-   3.5133372898886130     
 precision:   2.3718777375946861E-004
 max=   543611.14741453715     
 min=   0.0000000000000000     
       n_pass,     n_total
      120000      120951
 max=   543611.14741453715     
 min=   0.0000000000000000     
       n_pass,     n_total
      130000      130951
 ITERATION            7 :
   14821.536014358797      +\-   3.4032538909473256     
 precision:   2.2961546547202151E-004
 max=   543611.14741453715     
 min=   0.0000000000000000     
       n_pass,     n_total
      140000      141329
 max=   543611.14741453715     
 min=   0.0000000000000000     
       n_pass,     n_total
      150000      151329
 ITERATION            8 :
   14809.136589209354      +\-   3.5594082715717894     
 precision:   2.4035218056975345E-004
 max=   543637.65189633425     
 min=   0.0000000000000000     
       n_pass,     n_total
      160000      161520
 max=   543637.65189633425     
 min=   0.0000000000000000     
       n_pass,     n_total
      170000      171520
 ITERATION            9 :
   14814.595514860814      +\-   3.6365597964070879     
 precision:   2.4547141990877733E-004
 max=   543649.89807130478     
 min=   0.0000000000000000     
       n_pass,     n_total
      180000      181910
 max=   543649.89807130478     
 min=   0.0000000000000000     
       n_pass,     n_total
      190000      191910
 ITERATION           10 :
   14818.192853382487      +\-   3.5547451488256714     
 precision:   2.3989059826645762E-004
 ====================NCALL=40K ===========================
  
 max=   543649.89807130478     
 min=   0.0000000000000000     
       n_pass,     n_total
      200000      202259
 max=   543649.89807130478     
 min=   0.0000000000000000     
       n_pass,     n_total
      210000      212259
 max=   543649.89807130478     
 min=   0.0000000000000000     
       n_pass,     n_total
      220000      222259
 max=   543649.89807130478     
 min=   0.0000000000000000     
       n_pass,     n_total
      230000      232259
   14816.406085155097      +\-   1.6841289629409886     
 precision:   1.1366649599516288E-004
 ====================NCALL=80K ===========================
  
 max=   543649.89807130478     
 min=   0.0000000000000000     
       n_pass,     n_total
      240000      243324
 max=   543649.89807130478     
 min=   0.0000000000000000     
       n_pass,     n_total
      250000      253324
 max=   543649.89807130478     
 min=   0.0000000000000000     
       n_pass,     n_total
      260000      263324
 max=   543649.89807130478     
 min=   0.0000000000000000     
       n_pass,     n_total
      270000      273324
 max=   543649.89807130478     
 min=   0.0000000000000000     
       n_pass,     n_total
      280000      283324
 max=   543649.89807130478     
 min=   0.0000000000000000     
       n_pass,     n_total
      290000      293324
 max=   543649.89807130478     
 min=   0.0000000000000000     
       n_pass,     n_total
      300000      303324
 max=   543649.89807130478     
 min=   0.0000000000000000     
       n_pass,     n_total
      310000      313324
   14814.953544808275      +\-  0.85348718290525349     
 precision:   5.7609845371695271E-005
 sigma (pb)                   sd (pb)
   14814.953544808275       0.85348718290525349     
