 =======================================================
 |                                                     |
 |         \/\/\/\/\/\___________/\/\/\/\/\/           |
 |                   |     \     |                     |
 |                   |     /     |                     |
 |                   |     \     |                     |
 |         /\/\/\/\/\|_____/_____|/\/\/\/\/\           |
 |                                                     |
 | Light-by-light scattering at next-to-leading order  |
 |                   (VERSION 0.5)                     |
 |                                                     |
 |    Authors:                                         |
 |            Ajjath A.H. (LPTHE Paris)                |
 |            Ekta Chaubey (Bonn)                      |
 |            Mathijs Fraaije (Bern)                   |
 |            Valentin Hirschi (Bern)                  |
 |            Hua-Sheng Shao (LPTHE Paris)             |
 |                                                     |
 |    Please cite                                      |
 |            PLB 851 (2024) 138555 [arXiv:2312.16956] |
 |            JHEP 03 (2024) 121    [arXiv:2312.16966] |
 |                                                     |
 =======================================================
 ---------------------------------------------------
         the cuts in the lab frame                  
 min transverse momentum of photon    0.0000000000000000     
 max (pseudo-)rapidity of photon    5.0000000000000000     
 min (pseudo-)rapidity of photon   -5.0000000000000000     
 min invariant mass of di-photon    0.0000000000000000     
 ---------------------------------------------------
 max=   1166933.0136768685     
 min=   0.0000000000000000     
       n_pass,     n_total
       10000       10000
  
 ====================NCALL=20K===========================
  
 ITERATION            1 :
   66224.397374961671      +\-   202.30923742111619     
 precision:   3.0549049208503016E-003
 max=   1173962.1110991128     
 min=   0.0000000000000000     
       n_pass,     n_total
       20000       20007
 max=   1173962.1110991128     
 min=   0.0000000000000000     
       n_pass,     n_total
       30000       30007
 ITERATION            2 :
   65829.770846105181      +\-   31.755949455307064     
 precision:   4.8239495667613895E-004
 WARNING: outside the range of the grid (xs,xt)=   1397.0917697159555       -1397.0275525903555     
 WARNING: set the 2-loop amplitudes to zero
 WARNING: outside the range of the grid (xs,xt)=   2.8368777780888300E-002  -2.8367473814029889E-002
 WARNING: set the 2-loop amplitudes to zero
 WARNING: outside the range of the grid (xs,xt)=   1397.0917697159555       -1397.0274449020487     
 WARNING: set the 2-loop amplitudes to zero
 WARNING: outside the range of the grid (xs,xt)=   2.8368777780888300E-002  -2.8367471627354885E-002
 WARNING: set the 2-loop amplitudes to zero
 WARNING: outside the range of the grid (xs,xt)=   1397.0917697159555       -1397.0245571780756     
 WARNING: set the 2-loop amplitudes to zero
 INFO: will suppress the further warning
 max=   1176419.0980964480     
 min=   0.0000000000000000     
       n_pass,     n_total
       40000       40031
 max=   1176419.0980964480     
 min=   0.0000000000000000     
       n_pass,     n_total
       50000       50031
 ITERATION            3 :
   65809.015749760467      +\-   20.787306681358835     
 precision:   3.1587323476167472E-004
 max=   1177297.5466211119     
 min=   0.0000000000000000     
       n_pass,     n_total
       60000       60099
 max=   1177297.5466211119     
 min=   0.0000000000000000     
       n_pass,     n_total
       70000       70099
 ITERATION            4 :
   65797.969299641380      +\-   17.637624888875763     
 precision:   2.6805728317472394E-004
 max=   1181323.8399244850     
 min=   0.0000000000000000     
       n_pass,     n_total
       80000       80222
 max=   1181323.8399244850     
 min=   0.0000000000000000     
       n_pass,     n_total
       90000       90222
 ITERATION            5 :
   65796.127750271684      +\-   15.018069804127313     
 precision:   2.2825157524661928E-004
 max=   1181323.8399244850     
 min=   0.0000000000000000     
       n_pass,     n_total
      100000      100407
 max=   1181323.8399244850     
 min=   0.0000000000000000     
       n_pass,     n_total
      110000      110407
 ITERATION            6 :
   65791.613362153439      +\-   13.917275621733960     
 precision:   2.1153570965231657E-004
 max=   1181323.8399244850     
 min=   0.0000000000000000     
       n_pass,     n_total
      120000      120599
 max=   1181323.8399244850     
 min=   0.0000000000000000     
       n_pass,     n_total
      130000      130599
 ITERATION            7 :
   65826.848753301616      +\-   13.489807206396637     
 precision:   2.0492864935631666E-004
 max=   1181323.8399244850     
 min=   0.0000000000000000     
       n_pass,     n_total
      140000      140811
 max=   1181323.8399244850     
 min=   0.0000000000000000     
       n_pass,     n_total
      150000      150811
 ITERATION            8 :
   65783.524852240051      +\-   13.335992083747996     
 precision:   2.0272541055990376E-004
 max=   1181323.8399244850     
 min=   0.0000000000000000     
       n_pass,     n_total
      160000      161033
 max=   1181323.8399244850     
 min=   0.0000000000000000     
       n_pass,     n_total
      170000      171033
 ITERATION            9 :
   65800.848723958799      +\-   12.957905220911321     
 precision:   1.9692611071433198E-004
 max=   1181323.8399244850     
 min=   0.0000000000000000     
       n_pass,     n_total
      180000      181283
 max=   1181323.8399244850     
 min=   0.0000000000000000     
       n_pass,     n_total
      190000      191283
 ITERATION           10 :
   65813.153750829035      +\-   13.127245666165175     
 precision:   1.9946234024683575E-004
 ====================NCALL=40K ===========================
  
 max=   1181323.8399244850     
 min=   0.0000000000000000     
       n_pass,     n_total
      200000      201652
 max=   1181323.8399244850     
 min=   0.0000000000000000     
       n_pass,     n_total
      210000      211652
 max=   1181323.8399244850     
 min=   0.0000000000000000     
       n_pass,     n_total
      220000      221652
 max=   1181323.8399244850     
 min=   0.0000000000000000     
       n_pass,     n_total
      230000      231652
   65813.701461894350      +\-   6.2561496887746815     
 precision:   9.5058468826539802E-005
 ====================NCALL=80K ===========================
  
 max=   1181323.8399244850     
 min=   0.0000000000000000     
       n_pass,     n_total
      240000      242252
 max=   1181323.8399244850     
 min=   0.0000000000000000     
       n_pass,     n_total
      250000      252252
 max=   1181323.8399244850     
 min=   0.0000000000000000     
       n_pass,     n_total
      260000      262252
 max=   1181323.8399244850     
 min=   0.0000000000000000     
       n_pass,     n_total
      270000      272252
 max=   1181323.8399244850     
 min=   0.0000000000000000     
       n_pass,     n_total
      280000      282252
 max=   1181323.8399244850     
 min=   0.0000000000000000     
       n_pass,     n_total
      290000      292252
 max=   1181323.8399244850     
 min=   0.0000000000000000     
       n_pass,     n_total
      300000      302252
 max=   1181323.8399244850     
 min=   0.0000000000000000     
       n_pass,     n_total
      310000      312252
   65805.290309758726      +\-   3.0349680286849634     
 precision:   4.6120426099463417E-005
 sigma (pb)                   sd (pb)
   65805.290309758726        3.0349680286849634     
