 =======================================================
 |                                                     |
 |         \/\/\/\/\/\___________/\/\/\/\/\/           |
 |                   |     \     |                     |
 |                   |     /     |                     |
 |                   |     \     |                     |
 |         /\/\/\/\/\|_____/_____|/\/\/\/\/\           |
 |                                                     |
 | Light-by-light scattering at next-to-leading order  |
 |                   (VERSION 0.5)                     |
 |                                                     |
 |    Authors:                                         |
 |            Ajjath A.H. (LPTHE Paris)                |
 |            Ekta Chaubey (Bonn)                      |
 |            Mathijs Fraaije (Bern)                   |
 |            Valentin Hirschi (Bern)                  |
 |            Hua-Sheng Shao (LPTHE Paris)             |
 |                                                     |
 |    Please cite                                      |
 |            PLB 851 (2024) 138555 [arXiv:2312.16956] |
 |            JHEP 03 (2024) 121    [arXiv:2312.16966] |
 |                                                     |
 =======================================================
 ---------------------------------------------------
         the cuts in the lab frame                  
 min transverse momentum of photon    0.0000000000000000     
 max (pseudo-)rapidity of photon    5.0000000000000000     
 min (pseudo-)rapidity of photon   -5.0000000000000000     
 min invariant mass of di-photon    0.0000000000000000     
 ---------------------------------------------------
 max=   12.938875155999595     
 min=   0.0000000000000000     
       n_pass,     n_total
       10000       10000
  
 ====================NCALL=20K===========================
  
 ITERATION            1 :
   3.4830696486542203E-003 +\-   9.3846700947993801E-004
 precision:  0.26943676243813858     
 WARNING: outside the range of the grid (xs,xt)=   334124.09368839586       -334108.16583763331     
 WARNING: set the 2-loop amplitudes to zero
 WARNING: outside the range of the grid (xs,xt)=   334124.09368839586       -334108.01579767023     
 WARNING: set the 2-loop amplitudes to zero
 WARNING: outside the range of the grid (xs,xt)=   334124.09368839586       -334108.64274009486     
 WARNING: set the 2-loop amplitudes to zero
 max=   25.980746749412489     
 min=   0.0000000000000000     
       n_pass,     n_total
       20000       20012
 max=   25.980746749412489     
 min=   0.0000000000000000     
       n_pass,     n_total
       30000       30012
 ITERATION            2 :
   3.8285975541188411E-003 +\-   7.0452880301727773E-004
 precision:  0.18401746150084097     
 WARNING: outside the range of the grid (xs,xt)=   334124.09368839586       -334108.12498880492     
 WARNING: set the 2-loop amplitudes to zero
 WARNING: outside the range of the grid (xs,xt)=   334124.09368839586       -334108.48035775026     
 WARNING: set the 2-loop amplitudes to zero
 INFO: will suppress the further warning
 max=   26.618934981432282     
 min=   0.0000000000000000     
       n_pass,     n_total
       40000       40074
 max=   26.618934981432282     
 min=   0.0000000000000000     
       n_pass,     n_total
       50000       50074
 ITERATION            3 :
   3.9871495302026558E-003 +\-   1.5373689072029751E-004
 precision:   3.8558095089171004E-002
 max=   26.618934981432282     
 min=   0.0000000000000000     
       n_pass,     n_total
       60000       60442
 max=   26.618934981432282     
 min=   0.0000000000000000     
       n_pass,     n_total
       70000       70442
 ITERATION            4 :
   3.8744866076091248E-003 +\-   3.2015102936925169E-005
 precision:   8.2630568070749134E-003
 max=   26.629081492894318     
 min=   0.0000000000000000     
       n_pass,     n_total
       80000       82326
 max=   26.629081492894318     
 min=   0.0000000000000000     
       n_pass,     n_total
       90000       92326
 ITERATION            5 :
   3.9412282160748661E-003 +\-   6.9355905208643281E-006
 precision:   1.7597535947237273E-003
 max=   26.700892964364389     
 min=   0.0000000000000000     
       n_pass,     n_total
      100000      106672
 max=   26.700892964364389     
 min=   0.0000000000000000     
       n_pass,     n_total
      110000      116672
 ITERATION            6 :
   3.9287396706371132E-003 +\-   5.5440483537077292E-006
 precision:   1.4111518752803151E-003
 max=   26.700892964364389     
 min=   0.0000000000000000     
       n_pass,     n_total
      120000      128375
 ITERATION            7 :
   3.9353287356970546E-003 +\-   4.5910632249398326E-006
 precision:   1.1666276271394211E-003
 max=   26.704182721689680     
 min=   0.0000000000000000     
       n_pass,     n_total
      130000      142482
 max=   26.704182721689680     
 min=   0.0000000000000000     
       n_pass,     n_total
      140000      152482
 ITERATION            8 :
   3.9262233870111397E-003 +\-   3.8202713276731349E-006
 precision:   9.7301425596706527E-004
 max=   26.704182721689680     
 min=   0.0000000000000000     
       n_pass,     n_total
      150000      164900
 ITERATION            9 :
   3.9319313333122247E-003 +\-   2.7867124202886109E-006
 precision:   7.0873883190149928E-004
 max=   26.704182721689680     
 min=   0.0000000000000000     
       n_pass,     n_total
      160000      177273
 max=   26.704182721689680     
 min=   0.0000000000000000     
       n_pass,     n_total
      170000      187273
 ITERATION           10 :
   3.9507804572148910E-003 +\-   1.4372905455038901E-005
 precision:   3.6379914325006821E-003
 ====================NCALL=40K ===========================
  
 max=   26.704182721689680     
 min=   0.0000000000000000     
       n_pass,     n_total
      180000      199120
 max=   26.704182721689680     
 min=   0.0000000000000000     
       n_pass,     n_total
      190000      209120
 max=   26.704182721689680     
 min=   0.0000000000000000     
       n_pass,     n_total
      200000      219120
   3.9348046225817354E-003 +\-   5.6117181578064047E-006
 precision:   1.4261745362402262E-003
 ====================NCALL=80K ===========================
  
 max=   26.704928043929858     
 min=   0.0000000000000000     
       n_pass,     n_total
      210000      253301
 max=   26.704928043929858     
 min=   0.0000000000000000     
       n_pass,     n_total
      220000      263301
 max=   26.704928043929858     
 min=   0.0000000000000000     
       n_pass,     n_total
      230000      273301
 max=   26.704928043929858     
 min=   0.0000000000000000     
       n_pass,     n_total
      240000      283301
 max=   26.704928043929858     
 min=   0.0000000000000000     
       n_pass,     n_total
      250000      293301
 max=   26.704928043929858     
 min=   0.0000000000000000     
       n_pass,     n_total
      260000      303301
   3.9326627314180173E-003 +\-   1.2549135010305423E-006
 precision:   3.1910020938359304E-004
 sigma (pb)                   sd (pb)
   3.9326627314180173E-003   1.2549135010305423E-006
