 =======================================================
 |                                                     |
 |         \/\/\/\/\/\___________/\/\/\/\/\/           |
 |                   |     \     |                     |
 |                   |     /     |                     |
 |                   |     \     |                     |
 |         /\/\/\/\/\|_____/_____|/\/\/\/\/\           |
 |                                                     |
 | Light-by-light scattering at next-to-leading order  |
 |                   (VERSION 0.5)                     |
 |                                                     |
 |    Authors:                                         |
 |            Ajjath A.H. (LPTHE Paris)                |
 |            Ekta Chaubey (Bonn)                      |
 |            Mathijs Fraaije (Bern)                   |
 |            Valentin Hirschi (Bern)                  |
 |            Hua-Sheng Shao (LPTHE Paris)             |
 |                                                     |
 |    Please cite                                      |
 |            PLB 851 (2024) 138555 [arXiv:2312.16956] |
 |            JHEP 03 (2024) 121    [arXiv:2312.16966] |
 |                                                     |
 =======================================================
 ---------------------------------------------------
         the cuts in the lab frame                  
 min transverse momentum of photon    0.0000000000000000     
 max (pseudo-)rapidity of photon    5.0000000000000000     
 min (pseudo-)rapidity of photon   -5.0000000000000000     
 min invariant mass of di-photon    0.0000000000000000     
 ---------------------------------------------------
 WARNING: outside the range of the grid (xs,xt)=   5.0203898468061503       -5.0203897966572271     
 WARNING: set the 2-loop amplitudes to zero
 max=   3919098381006178.5     
 min=   0.0000000000000000     
       n_pass,     n_total
       10000       10000
  
 ====================NCALL=20K===========================
  
 ITERATION            1 :
   199935259290.99652      +\-   199933597545.71606     
 precision:  0.99999168858316267     
 WARNING: outside the range of the grid (xs,xt)=   5.0204239536923652       -5.0204239035431018     
 WARNING: set the 2-loop amplitudes to zero
 WARNING: outside the range of the grid (xs,xt)=   5.0205099947493634       -5.0205099445992412     
 WARNING: set the 2-loop amplitudes to zero
 WARNING: outside the range of the grid (xs,xt)=   5.0205166541388762       -5.0205166039886882     
 WARNING: set the 2-loop amplitudes to zero
 WARNING: outside the range of the grid (xs,xt)=   5.0204627438297296       -5.0204626936800798     
 WARNING: set the 2-loop amplitudes to zero
 INFO: will suppress the further warning
 max=   9152089203963236.0     
 min=   0.0000000000000000     
       n_pass,     n_total
       20000       20017
 max=   9152089203963236.0     
 min=   0.0000000000000000     
       n_pass,     n_total
       30000       30017
 ITERATION            2 :
   15541010277.687283      +\-   5772132607.2115650     
 precision:  0.37141295862205287     
 max=   10102884770210794.     
 min=   0.0000000000000000     
       n_pass,     n_total
       40000       40285
 max=   10102884770210794.     
 min=   0.0000000000000000     
       n_pass,     n_total
       50000       50285
 ITERATION            3 :
   205056490722.20859      +\-   55332929943.888496     
 precision:  0.26984237245554149     
 max=   10148032798189268.     
 min=   0.0000000000000000     
       n_pass,     n_total
       60000       65033
 max=   10148032798189268.     
 min=   0.0000000000000000     
       n_pass,     n_total
       70000       75033
 ITERATION            4 :
   187261692909.76013      +\-   573500206.44848490     
 precision:   3.0625601933698737E-003
 max=   10151402743184082.     
 min=   0.0000000000000000     
       n_pass,     n_total
       80000       91943
 ITERATION            5 :
   186552396253.02170      +\-   106856237.80931129     
 precision:   5.7279477484910876E-004
 max=   10151402743184082.     
 min=   0.0000000000000000     
       n_pass,     n_total
       90000      105140
 max=   10151402743184082.     
 min=   0.0000000000000000     
       n_pass,     n_total
      100000      115140
 ITERATION            6 :
   186622396616.82718      +\-   36259491.527659290     
 precision:   1.9429335484372339E-004
 max=   10151421094602174.     
 min=   0.0000000000000000     
       n_pass,     n_total
      110000      127841
 ITERATION            7 :
   186578273737.46536      +\-   16651333.537370093     
 precision:   8.9245833417883456E-005
 max=   10151465722396214.     
 min=   0.0000000000000000     
       n_pass,     n_total
      120000      140022
 max=   10151465722396214.     
 min=   0.0000000000000000     
       n_pass,     n_total
      130000      150022
 ITERATION            8 :
   186588480728.80072      +\-   8135545.6078742333     
 precision:   4.3601542689545454E-005
 max=   10151465722396214.     
 min=   0.0000000000000000     
       n_pass,     n_total
      140000      160717
 max=   10151465722396214.     
 min=   0.0000000000000000     
       n_pass,     n_total
      150000      170717
 ITERATION            9 :
   186575798879.30417      +\-   10426507.779834840     
 precision:   5.5883495300372507E-005
 max=   10151465722396214.     
 min=   0.0000000000000000     
       n_pass,     n_total
      160000      182498
 max=   10151465722396214.     
 min=   0.0000000000000000     
       n_pass,     n_total
      170000      192498
 ITERATION           10 :
   186630227130.91760      +\-   117695323.02011929     
 precision:   6.3063376618814398E-004
 ====================NCALL=40K ===========================
  
 max=   10151465722396214.     
 min=   0.0000000000000000     
       n_pass,     n_total
      180000      218529
 max=   10151465722396214.     
 min=   0.0000000000000000     
       n_pass,     n_total
      190000      228529
   186368845847.24271      +\-   25553884.054782737     
 precision:   1.3711456943682522E-004
 ====================NCALL=80K ===========================
  
 max=   10151498599839112.     
 min=   0.0000000000000000     
       n_pass,     n_total
      200000      258410
 max=   10151498599839112.     
 min=   0.0000000000000000     
       n_pass,     n_total
      210000      268410
 max=   10151498599839112.     
 min=   0.0000000000000000     
       n_pass,     n_total
      220000      278410
 max=   10151498599839112.     
 min=   0.0000000000000000     
       n_pass,     n_total
      230000      288410
 max=   10151498599839112.     
 min=   0.0000000000000000     
       n_pass,     n_total
      240000      298410
 max=   10151498599839112.     
 min=   0.0000000000000000     
       n_pass,     n_total
      250000      308410
   184564369110.64777      +\-   3216973.0200323584     
 precision:   1.7430087050571274E-005
 sigma (pb)                   sd (pb)
   184564369110.64777        3216973.0200323584     
