 =======================================================
 |                                                     |
 |         \/\/\/\/\/\___________/\/\/\/\/\/           |
 |                   |     \     |                     |
 |                   |     /     |                     |
 |                   |     \     |                     |
 |         /\/\/\/\/\|_____/_____|/\/\/\/\/\           |
 |                                                     |
 | Light-by-light scattering at next-to-leading order  |
 |                   (VERSION 0.5)                     |
 |                                                     |
 |    Authors:                                         |
 |            Ajjath A.H. (LPTHE Paris)                |
 |            Ekta Chaubey (Bonn)                      |
 |            Mathijs Fraaije (Bern)                   |
 |            Valentin Hirschi (Bern)                  |
 |            Hua-Sheng Shao (LPTHE Paris)             |
 |                                                     |
 |    Please cite                                      |
 |            PLB 851 (2024) 138555 [arXiv:2312.16956] |
 |            JHEP 03 (2024) 121    [arXiv:2312.16966] |
 |                                                     |
 =======================================================
 ---------------------------------------------------
         the cuts in the lab frame                  
 min transverse momentum of photon    0.0000000000000000     
 max (pseudo-)rapidity of photon    5.0000000000000000     
 min (pseudo-)rapidity of photon   -5.0000000000000000     
 min invariant mass of di-photon    0.0000000000000000     
 ---------------------------------------------------
 WARNING: outside the range of the grid (xs,xt)=  0.34211746089496226      -0.34211745747404304     
 WARNING: set the 2-loop amplitudes to zero
 WARNING: outside the range of the grid (xs,xt)=  0.34227145139700560      -0.34227144797454673     
 WARNING: set the 2-loop amplitudes to zero
 WARNING: outside the range of the grid (xs,xt)=  0.34210037221321005      -0.34210036879246158     
 WARNING: set the 2-loop amplitudes to zero
 WARNING: outside the range of the grid (xs,xt)=  0.34208278796429437      -0.34208278454372182     
 WARNING: set the 2-loop amplitudes to zero
 WARNING: outside the range of the grid (xs,xt)=  0.34208949630893154      -0.34208949288829182     
 WARNING: set the 2-loop amplitudes to zero
 INFO: will suppress the further warning
 max=   136.24186433080791     
 min=   0.0000000000000000     
       n_pass,     n_total
       10000       10000
  
 ====================NCALL=20K===========================
  
 ITERATION            1 :
   97.333107116033901      +\-   2.8733852628856013E-003
 precision:   2.9521150079593647E-005
 max=   136.25072852610290     
 min=   0.0000000000000000     
       n_pass,     n_total
       20000       20002
 max=   136.25072852610290     
 min=   0.0000000000000000     
       n_pass,     n_total
       30000       30002
 ITERATION            2 :
   97.326631221350567      +\-   5.5543680128909484E-003
 precision:   5.7069354432484303E-005
 max=   136.33493682939309     
 min=   0.0000000000000000     
       n_pass,     n_total
       40000       40012
 max=   136.33493682939309     
 min=   0.0000000000000000     
       n_pass,     n_total
       50000       50012
 ITERATION            3 :
   97.329263654586128      +\-   4.3272012763943893E-003
 precision:   4.4459406286595210E-005
 max=   136.44356805292711     
 min=   0.0000000000000000     
       n_pass,     n_total
       60000       60039
 max=   136.44356805292711     
 min=   0.0000000000000000     
       n_pass,     n_total
       70000       70039
 ITERATION            4 :
   97.324384756746895      +\-   2.9899692547018727E-003
 precision:   3.0721686678780643E-005
 max=   136.44356805292711     
 min=   0.0000000000000000     
       n_pass,     n_total
       80000       80074
 max=   136.44356805292711     
 min=   0.0000000000000000     
       n_pass,     n_total
       90000       90074
 ITERATION            5 :
   97.323429735523519      +\-   4.7793657310766227E-003
 precision:   4.9108069290863999E-005
 max=   136.44356805292711     
 min=   0.0000000000000000     
       n_pass,     n_total
      100000      100114
 max=   136.44356805292711     
 min=   0.0000000000000000     
       n_pass,     n_total
      110000      110114
 ITERATION            6 :
   97.316346246558979      +\-   4.7824327380123974E-003
 precision:   4.9143159628041417E-005
 max=   136.44356805292711     
 min=   0.0000000000000000     
       n_pass,     n_total
      120000      120142
 max=   136.44356805292711     
 min=   0.0000000000000000     
       n_pass,     n_total
      130000      130142
 ITERATION            7 :
   97.321752179841610      +\-   3.5694062622066620E-003
 precision:   3.6676346060957972E-005
 max=   136.44356805292711     
 min=   0.0000000000000000     
       n_pass,     n_total
      140000      140184
 max=   136.44356805292711     
 min=   0.0000000000000000     
       n_pass,     n_total
      150000      150184
 ITERATION            8 :
   97.315950192814668      +\-   3.1160778712959239E-003
 precision:   3.2020217293485358E-005
 max=   136.44356805292711     
 min=   0.0000000000000000     
       n_pass,     n_total
      160000      160249
 max=   136.44356805292711     
 min=   0.0000000000000000     
       n_pass,     n_total
      170000      170249
 ITERATION            9 :
   97.321200121217785      +\-   2.8569324271706066E-003
 precision:   2.9355704857853920E-005
 max=   136.44356805292711     
 min=   0.0000000000000000     
       n_pass,     n_total
      180000      180322
 max=   136.44356805292711     
 min=   0.0000000000000000     
       n_pass,     n_total
      190000      190322
 ITERATION           10 :
   97.322588958728176      +\-   2.8357727003217323E-003
 precision:   2.9137867484436788E-005
 ====================NCALL=40K ===========================
  
 max=   136.44356805292711     
 min=   0.0000000000000000     
       n_pass,     n_total
      200000      200485
 max=   136.44356805292711     
 min=   0.0000000000000000     
       n_pass,     n_total
      210000      210485
 max=   136.44356805292711     
 min=   0.0000000000000000     
       n_pass,     n_total
      220000      220485
 max=   136.44356805292711     
 min=   0.0000000000000000     
       n_pass,     n_total
      230000      230485
   97.320855824944516      +\-   1.4221143565026199E-003
 precision:   1.4612637182934787E-005
 ====================NCALL=80K ===========================
  
 max=   136.44356805292711     
 min=   0.0000000000000000     
       n_pass,     n_total
      240000      240843
 max=   136.44356805292711     
 min=   0.0000000000000000     
       n_pass,     n_total
      250000      250843
 max=   136.44356805292711     
 min=   0.0000000000000000     
       n_pass,     n_total
      260000      260843
 max=   136.44356805292711     
 min=   0.0000000000000000     
       n_pass,     n_total
      270000      270843
 max=   136.44356805292711     
 min=   0.0000000000000000     
       n_pass,     n_total
      280000      280843
 max=   136.44356805292711     
 min=   0.0000000000000000     
       n_pass,     n_total
      290000      290843
 max=   136.44356805292711     
 min=   0.0000000000000000     
       n_pass,     n_total
      300000      300843
 max=   136.44356805292711     
 min=   0.0000000000000000     
       n_pass,     n_total
      310000      310843
   97.319363933953099      +\-   6.8615338258404908E-004
 precision:   7.0505329550829668E-006
 sigma (pb)                   sd (pb)
   97.319363933953099        6.8615338258404908E-004
