 =======================================================
 |                                                     |
 |         \/\/\/\/\/\___________/\/\/\/\/\/           |
 |                   |     \     |                     |
 |                   |     /     |                     |
 |                   |     \     |                     |
 |         /\/\/\/\/\|_____/_____|/\/\/\/\/\           |
 |                                                     |
 | Light-by-light scattering at next-to-leading order  |
 |                   (VERSION 0.5)                     |
 |                                                     |
 |    Authors:                                         |
 |            Ajjath A.H. (LPTHE Paris)                |
 |            Ekta Chaubey (Bonn)                      |
 |            Mathijs Fraaije (Bern)                   |
 |            Valentin Hirschi (Bern)                  |
 |            Hua-Sheng Shao (LPTHE Paris)             |
 |                                                     |
 |    Please cite                                      |
 |            PLB 851 (2024) 138555 [arXiv:2312.16956] |
 |            JHEP 03 (2024) 121    [arXiv:2312.16966] |
 |                                                     |
 =======================================================
 ---------------------------------------------------
         the cuts in the lab frame                  
 min transverse momentum of photon    0.0000000000000000     
 max (pseudo-)rapidity of photon    5.0000000000000000     
 min (pseudo-)rapidity of photon   -5.0000000000000000     
 min invariant mass of di-photon    0.0000000000000000     
 ---------------------------------------------------
 max=   3831.0693709028401     
 min=   0.0000000000000000     
       n_pass,     n_total
       10000       10000
  
 ====================NCALL=20K===========================
  
 ITERATION            1 :
   119.75103397993823      +\-  0.44330457038868720     
 precision:   3.7018851166074574E-003
 WARNING: outside the range of the grid (xs,xt)=   4.6449899754956547       -4.6447703623343530     
 WARNING: set the 2-loop amplitudes to zero
 WARNING: outside the range of the grid (xs,xt)=   4.5093771626297565       -4.5091639611848855     
 WARNING: set the 2-loop amplitudes to zero
 WARNING: outside the range of the grid (xs,xt)=   2.1711120366513952       -2.1710093873926399     
 WARNING: set the 2-loop amplitudes to zero
 WARNING: outside the range of the grid (xs,xt)=  0.23168177777777776      -0.23167082396132127     
 WARNING: set the 2-loop amplitudes to zero
 WARNING: outside the range of the grid (xs,xt)=   2.3104000000000000E-002  -2.3102907652652535E-002
 WARNING: set the 2-loop amplitudes to zero
 INFO: will suppress the further warning
 max=   4374.8785310039584     
 min=   0.0000000000000000     
       n_pass,     n_total
       20000       20007
 max=   4374.8785310039584     
 min=   0.0000000000000000     
       n_pass,     n_total
       30000       30007
 ITERATION            2 :
   119.24147013988441      +\-  0.11938866349358059     
 precision:   1.0012344141138438E-003
 max=   4374.8785310039584     
 min=   0.0000000000000000     
       n_pass,     n_total
       40000       40039
 max=   4374.8785310039584     
 min=   0.0000000000000000     
       n_pass,     n_total
       50000       50039
 ITERATION            3 :
   119.12515518031198      +\-   4.7563795462031377E-002
 precision:   3.9927583212829535E-004
 max=   4379.4325101742352     
 min=   0.0000000000000000     
       n_pass,     n_total
       60000       60141
 max=   4379.4325101742352     
 min=   0.0000000000000000     
       n_pass,     n_total
       70000       70141
 ITERATION            4 :
   119.16057248412254      +\-   3.4138154804453980E-002
 precision:   2.8648867736014519E-004
 max=   4429.5782717333741     
 min=   0.0000000000000000     
       n_pass,     n_total
       80000       80365
 max=   4429.5782717333741     
 min=   0.0000000000000000     
       n_pass,     n_total
       90000       90365
 ITERATION            5 :
   119.14908604412646      +\-   2.6210861222587884E-002
 precision:   2.1998373712141427E-004
 max=   4429.5782717333741     
 min=   0.0000000000000000     
       n_pass,     n_total
      100000      100714
 max=   4429.5782717333741     
 min=   0.0000000000000000     
       n_pass,     n_total
      110000      110714
 ITERATION            6 :
   119.16571735261756      +\-   2.2393596902563276E-002
 precision:   1.8791979270597984E-004
 max=   4429.5782717333741     
 min=   0.0000000000000000     
       n_pass,     n_total
      120000      120990
 max=   4429.5782717333741     
 min=   0.0000000000000000     
       n_pass,     n_total
      130000      130990
 ITERATION            7 :
   119.22078316572349      +\-   2.2535829026745714E-002
 precision:   1.8902601063624673E-004
 max=   4429.5782717333741     
 min=   0.0000000000000000     
       n_pass,     n_total
      140000      141435
 max=   4429.5782717333741     
 min=   0.0000000000000000     
       n_pass,     n_total
      150000      151435
 ITERATION            8 :
   119.14963276589091      +\-   2.2186784365583797E-002
 precision:   1.8620942297973436E-004
 max=   4442.5735820029295     
 min=   0.0000000000000000     
       n_pass,     n_total
      160000      161749
 max=   4442.5735820029295     
 min=   0.0000000000000000     
       n_pass,     n_total
      170000      171749
 ITERATION            9 :
   119.17813193032877      +\-   2.0914401631020957E-002
 precision:   1.7548858412420377E-004
 max=   4442.5735820029295     
 min=   0.0000000000000000     
       n_pass,     n_total
      180000      182161
 max=   4442.5735820029295     
 min=   0.0000000000000000     
       n_pass,     n_total
      190000      192161
 ITERATION           10 :
   119.19417043403855      +\-   2.0739815280910824E-002
 precision:   1.7400024854729058E-004
 ====================NCALL=40K ===========================
  
 max=   4442.5735820029295     
 min=   0.0000000000000000     
       n_pass,     n_total
      200000      202535
 max=   4442.5735820029295     
 min=   0.0000000000000000     
       n_pass,     n_total
      210000      212535
 max=   4442.5735820029295     
 min=   0.0000000000000000     
       n_pass,     n_total
      220000      222535
 max=   4442.5735820029295     
 min=   0.0000000000000000     
       n_pass,     n_total
      230000      232535
   119.18671380215979      +\-   1.1664705243809853E-002
 precision:   9.7869174102512064E-005
 ====================NCALL=80K ===========================
  
 max=   4442.5735820029295     
 min=   0.0000000000000000     
       n_pass,     n_total
      240000      244053
 max=   4442.5735820029295     
 min=   0.0000000000000000     
       n_pass,     n_total
      250000      254053
 max=   4442.5735820029295     
 min=   0.0000000000000000     
       n_pass,     n_total
      260000      264053
 max=   4442.5735820029295     
 min=   0.0000000000000000     
       n_pass,     n_total
      270000      274053
 max=   4442.5735820029295     
 min=   0.0000000000000000     
       n_pass,     n_total
      280000      284053
 max=   4442.5735820029295     
 min=   0.0000000000000000     
       n_pass,     n_total
      290000      294053
 max=   4442.5735820029295     
 min=   0.0000000000000000     
       n_pass,     n_total
      300000      304053
 max=   4442.5735820029295     
 min=   0.0000000000000000     
       n_pass,     n_total
      310000      314053
   119.17651156565077      +\-   5.3725624477581370E-003
 precision:   4.5080715798587153E-005
 sigma (pb)                   sd (pb)
   119.17651156565077        5.3725624477581370E-003
