 =======================================================
 |                                                     |
 |         \/\/\/\/\/\___________/\/\/\/\/\/           |
 |                   |     \     |                     |
 |                   |     /     |                     |
 |                   |     \     |                     |
 |         /\/\/\/\/\|_____/_____|/\/\/\/\/\           |
 |                                                     |
 | Light-by-light scattering at next-to-leading order  |
 |                   (VERSION 0.5)                     |
 |                                                     |
 |    Authors:                                         |
 |            Ajjath A.H. (LPTHE Paris)                |
 |            Ekta Chaubey (Bonn)                      |
 |            Mathijs Fraaije (Bern)                   |
 |            Valentin Hirschi (Bern)                  |
 |            Hua-Sheng Shao (LPTHE Paris)             |
 |                                                     |
 |    Please cite                                      |
 |            PLB 851 (2024) 138555 [arXiv:2312.16956] |
 |            JHEP 03 (2024) 121    [arXiv:2312.16966] |
 |                                                     |
 =======================================================
 ---------------------------------------------------
         the cuts in the lab frame                  
 min transverse momentum of photon    0.0000000000000000     
 max (pseudo-)rapidity of photon    5.0000000000000000     
 min (pseudo-)rapidity of photon   -5.0000000000000000     
 min invariant mass of di-photon    0.0000000000000000     
 ---------------------------------------------------
 max=   1631182.8670273733     
 min=   0.0000000000000000     
       n_pass,     n_total
       10000       10000
  
 ====================NCALL=20K===========================
  
 ITERATION            1 :
   141443.18870513534      +\-   244.47968500605361     
 precision:   1.7284655927526989E-003
 max=   1639651.7247546799     
 min=   0.0000000000000000     
       n_pass,     n_total
       20000       20007
 max=   1639651.7247546799     
 min=   0.0000000000000000     
       n_pass,     n_total
       30000       30007
 ITERATION            2 :
   140935.76356047043      +\-   48.016293732318573     
 precision:   3.4069630389958842E-004
 max=   1647690.0817784106     
 min=   0.0000000000000000     
       n_pass,     n_total
       40000       40030
 max=   1647690.0817784106     
 min=   0.0000000000000000     
       n_pass,     n_total
       50000       50030
 ITERATION            3 :
   140869.25178693995      +\-   37.034938414519445     
 precision:   2.6290292554782330E-004
 WARNING: outside the range of the grid (xs,xt)=   627.44857747940614       -627.41860006544323     
 WARNING: set the 2-loop amplitudes to zero
 WARNING: outside the range of the grid (xs,xt)=   1.2740715856530083E-002  -1.2740107147343187E-002
 WARNING: set the 2-loop amplitudes to zero
 WARNING: outside the range of the grid (xs,xt)=   627.44857747940614       -627.41746279159236     
 WARNING: set the 2-loop amplitudes to zero
 WARNING: outside the range of the grid (xs,xt)=   1.2740715856530083E-002  -1.2740084054322495E-002
 WARNING: set the 2-loop amplitudes to zero
 WARNING: outside the range of the grid (xs,xt)=   627.44857747940614       -627.41894249169468     
 WARNING: set the 2-loop amplitudes to zero
 INFO: will suppress the further warning
 max=   1657910.9701819562     
 min=   0.0000000000000000     
       n_pass,     n_total
       60000       60080
 max=   1657910.9701819562     
 min=   0.0000000000000000     
       n_pass,     n_total
       70000       70080
 ITERATION            4 :
   140876.32582822561      +\-   31.462550654220820     
 precision:   2.2333454872030078E-004
 max=   1657910.9701819562     
 min=   0.0000000000000000     
       n_pass,     n_total
       80000       80155
 max=   1657910.9701819562     
 min=   0.0000000000000000     
       n_pass,     n_total
       90000       90155
 ITERATION            5 :
   140890.01331538594      +\-   27.986691257648001     
 precision:   1.9864212231280771E-004
 max=   1657910.9701819562     
 min=   0.0000000000000000     
       n_pass,     n_total
      100000      100266
 max=   1657910.9701819562     
 min=   0.0000000000000000     
       n_pass,     n_total
      110000      110266
 ITERATION            6 :
   140875.08133611141      +\-   26.698430296038460     
 precision:   1.8951847298202538E-004
 max=   1657910.9701819562     
 min=   0.0000000000000000     
       n_pass,     n_total
      120000      120389
 max=   1657910.9701819562     
 min=   0.0000000000000000     
       n_pass,     n_total
      130000      130389
 ITERATION            7 :
   140929.50478051582      +\-   25.574939043901537     
 precision:   1.8147327689636069E-004
 max=   1657910.9701819562     
 min=   0.0000000000000000     
       n_pass,     n_total
      140000      140537
 max=   1657910.9701819562     
 min=   0.0000000000000000     
       n_pass,     n_total
      150000      150537
 ITERATION            8 :
   140840.23701563093      +\-   25.262773462710381     
 precision:   1.7937184712282634E-004
 max=   1657910.9701819562     
 min=   0.0000000000000000     
       n_pass,     n_total
      160000      160694
 max=   1657910.9701819562     
 min=   0.0000000000000000     
       n_pass,     n_total
      170000      170694
 ITERATION            9 :
   140885.07993425184      +\-   24.645719332960105     
 precision:   1.7493491393454690E-004
 max=   1657910.9701819562     
 min=   0.0000000000000000     
       n_pass,     n_total
      180000      180861
 max=   1657910.9701819562     
 min=   0.0000000000000000     
       n_pass,     n_total
      190000      190861
 ITERATION           10 :
   140909.41055706382      +\-   24.501954146726053     
 precision:   1.7388444142844202E-004
 ====================NCALL=40K ===========================
  
 max=   1657910.9701819562     
 min=   0.0000000000000000     
       n_pass,     n_total
      200000      201140
 max=   1657910.9701819562     
 min=   0.0000000000000000     
       n_pass,     n_total
      210000      211140
 max=   1657910.9701819562     
 min=   0.0000000000000000     
       n_pass,     n_total
      220000      221140
 max=   1657910.9701819562     
 min=   0.0000000000000000     
       n_pass,     n_total
      230000      231140
   140908.24776129014      +\-   12.128713927383306     
 precision:   8.6075259043248608E-005
 ====================NCALL=80K ===========================
  
 max=   1661781.0557858988     
 min=   0.0000000000000000     
       n_pass,     n_total
      240000      241675
 max=   1661781.0557858988     
 min=   0.0000000000000000     
       n_pass,     n_total
      250000      251675
 max=   1661781.0557858988     
 min=   0.0000000000000000     
       n_pass,     n_total
      260000      261675
 max=   1661781.0557858988     
 min=   0.0000000000000000     
       n_pass,     n_total
      270000      271675
 max=   1661781.0557858988     
 min=   0.0000000000000000     
       n_pass,     n_total
      280000      281675
 max=   1661781.0557858988     
 min=   0.0000000000000000     
       n_pass,     n_total
      290000      291675
 max=   1661781.0557858988     
 min=   0.0000000000000000     
       n_pass,     n_total
      300000      301675
 max=   1661781.0557858988     
 min=   0.0000000000000000     
       n_pass,     n_total
      310000      311675
   140887.84611835616      +\-   5.5053517729284485     
 precision:   3.9076129876409266E-005
 sigma (pb)                   sd (pb)
   140887.84611835616        5.5053517729284485     
