 =======================================================
 |                                                     |
 |         \/\/\/\/\/\___________/\/\/\/\/\/           |
 |                   |     \     |                     |
 |                   |     /     |                     |
 |                   |     \     |                     |
 |         /\/\/\/\/\|_____/_____|/\/\/\/\/\           |
 |                                                     |
 | Light-by-light scattering at next-to-leading order  |
 |                   (VERSION 0.5)                     |
 |                                                     |
 |    Authors:                                         |
 |            Ajjath A.H. (LPTHE Paris)                |
 |            Ekta Chaubey (Bonn)                      |
 |            Mathijs Fraaije (Bern)                   |
 |            Valentin Hirschi (Bern)                  |
 |            Hua-Sheng Shao (LPTHE Paris)             |
 |                                                     |
 |    Please cite                                      |
 |            PLB 851 (2024) 138555 [arXiv:2312.16956] |
 |            JHEP 03 (2024) 121    [arXiv:2312.16966] |
 |                                                     |
 =======================================================
 ---------------------------------------------------
         the cuts in the lab frame                  
 min transverse momentum of photon    0.0000000000000000     
 max (pseudo-)rapidity of photon    5.0000000000000000     
 min (pseudo-)rapidity of photon   -5.0000000000000000     
 min invariant mass of di-photon    0.0000000000000000     
 ---------------------------------------------------
 WARNING: outside the range of the grid (xs,xt)=   1.7030469831780450E-002  -1.7030469661476387E-002
 WARNING: set the 2-loop amplitudes to zero
 WARNING: outside the range of the grid (xs,xt)=   1.6984490501893771E-002  -1.6984490332049497E-002
 WARNING: set the 2-loop amplitudes to zero
 WARNING: outside the range of the grid (xs,xt)=   1.7062888979935208E-002  -1.7062888809306953E-002
 WARNING: set the 2-loop amplitudes to zero
 WARNING: outside the range of the grid (xs,xt)=   1.7042298868446971E-002  -1.7042298698024618E-002
 WARNING: set the 2-loop amplitudes to zero
 WARNING: outside the range of the grid (xs,xt)=   1.7075985936455058E-002  -1.7075985765695835E-002
 WARNING: set the 2-loop amplitudes to zero
 INFO: will suppress the further warning
 max=   1.6477004620394399E-002
 min=   0.0000000000000000     
       n_pass,     n_total
       10000       10000
  
 ====================NCALL=20K===========================
  
 ITERATION            1 :
   1.1771835824713682E-002 +\-   1.3005553630911374E-006
 precision:   1.1048024984860592E-004
 max=   1.6838100242672616E-002
 min=   0.0000000000000000     
       n_pass,     n_total
       20000       20002
 max=   1.6838100242672616E-002
 min=   0.0000000000000000     
       n_pass,     n_total
       30000       30002
 ITERATION            2 :
   1.1769901991447873E-002 +\-   8.5196391074738101E-007
 precision:   7.2384962199891422E-005
 max=   1.6876297105493883E-002
 min=   0.0000000000000000     
       n_pass,     n_total
       40000       40012
 max=   1.6876297105493883E-002
 min=   0.0000000000000000     
       n_pass,     n_total
       50000       50012
 ITERATION            3 :
   1.1768642385458853E-002 +\-   6.8746665851293483E-007
 precision:   5.8415120112950126E-005
 max=   1.6876583453399270E-002
 min=   0.0000000000000000     
       n_pass,     n_total
       60000       60035
 max=   1.6876583453399270E-002
 min=   0.0000000000000000     
       n_pass,     n_total
       70000       70035
 ITERATION            4 :
   1.1769357315505652E-002 +\-   5.8991610549678814E-007
 precision:   5.0123051725143694E-005
 max=   1.6876583453399270E-002
 min=   0.0000000000000000     
       n_pass,     n_total
       80000       80062
 max=   1.6876583453399270E-002
 min=   0.0000000000000000     
       n_pass,     n_total
       90000       90062
 ITERATION            5 :
   1.1769561406511279E-002 +\-   5.7548229898130989E-007
 precision:   4.8895815154414812E-005
 max=   1.6876583453399270E-002
 min=   0.0000000000000000     
       n_pass,     n_total
      100000      100093
 max=   1.6876583453399270E-002
 min=   0.0000000000000000     
       n_pass,     n_total
      110000      110093
 ITERATION            6 :
   1.1769297403672531E-002 +\-   5.2968476432105777E-007
 precision:   4.5005640196990276E-005
 max=   1.6876583453399270E-002
 min=   0.0000000000000000     
       n_pass,     n_total
      120000      120121
 max=   1.6876583453399270E-002
 min=   0.0000000000000000     
       n_pass,     n_total
      130000      130121
 ITERATION            7 :
   1.1769843805182591E-002 +\-   5.1729901464134246E-007
 precision:   4.3951221715751336E-005
 max=   1.6876583453399270E-002
 min=   0.0000000000000000     
       n_pass,     n_total
      140000      140153
 max=   1.6876583453399270E-002
 min=   0.0000000000000000     
       n_pass,     n_total
      150000      150153
 ITERATION            8 :
   1.1769045240894423E-002 +\-   5.1416024640671408E-007
 precision:   4.3687507005252957E-005
 max=   1.6876583453399270E-002
 min=   0.0000000000000000     
       n_pass,     n_total
      160000      160199
 max=   1.6876583453399270E-002
 min=   0.0000000000000000     
       n_pass,     n_total
      170000      170199
 ITERATION            9 :
   1.1770183193456959E-002 +\-   5.0859042755690277E-007
 precision:   4.3210068968138751E-005
 max=   1.6876676008099216E-002
 min=   0.0000000000000000     
       n_pass,     n_total
      180000      180240
 max=   1.6876676008099216E-002
 min=   0.0000000000000000     
       n_pass,     n_total
      190000      190240
 ITERATION           10 :
   1.1770086292700042E-002 +\-   5.1031004057482780E-007
 precision:   4.3356524997724835E-005
 ====================NCALL=40K ===========================
  
 max=   1.6876717146857852E-002
 min=   0.0000000000000000     
       n_pass,     n_total
      200000      200321
 max=   1.6876717146857852E-002
 min=   0.0000000000000000     
       n_pass,     n_total
      210000      210321
 max=   1.6876717146857852E-002
 min=   0.0000000000000000     
       n_pass,     n_total
      220000      220321
 max=   1.6876717146857852E-002
 min=   0.0000000000000000     
       n_pass,     n_total
      230000      230321
   1.1769684868858276E-002 +\-   2.7186996555752576E-007
 precision:   2.3099171183153234E-005
 ====================NCALL=80K ===========================
  
 max=   1.6876717146857852E-002
 min=   0.0000000000000000     
       n_pass,     n_total
      240000      240497
 max=   1.6876717146857852E-002
 min=   0.0000000000000000     
       n_pass,     n_total
      250000      250497
 max=   1.6876717146857852E-002
 min=   0.0000000000000000     
       n_pass,     n_total
      260000      260497
 max=   1.6876717146857852E-002
 min=   0.0000000000000000     
       n_pass,     n_total
      270000      270497
 max=   1.6876717146857852E-002
 min=   0.0000000000000000     
       n_pass,     n_total
      280000      280497
 max=   1.6876717146857852E-002
 min=   0.0000000000000000     
       n_pass,     n_total
      290000      290497
 max=   1.6876717146857852E-002
 min=   0.0000000000000000     
       n_pass,     n_total
      300000      300497
 max=   1.6876717146857852E-002
 min=   0.0000000000000000     
       n_pass,     n_total
      310000      310497
   1.1769367874065620E-002 +\-   1.4413862760011169E-007
 precision:   1.2246930263580956E-005
 sigma (pb)                   sd (pb)
   1.1769367874065620E-002   1.4413862760011169E-007
