 =======================================================
 |                                                     |
 |         \/\/\/\/\/\___________/\/\/\/\/\/           |
 |                   |     \     |                     |
 |                   |     /     |                     |
 |                   |     \     |                     |
 |         /\/\/\/\/\|_____/_____|/\/\/\/\/\           |
 |                                                     |
 | Light-by-light scattering at next-to-leading order  |
 |                   (VERSION 0.5)                     |
 |                                                     |
 |    Authors:                                         |
 |            Ajjath A.H. (LPTHE Paris)                |
 |            Ekta Chaubey (Bonn)                      |
 |            Mathijs Fraaije (Bern)                   |
 |            Valentin Hirschi (Bern)                  |
 |            Hua-Sheng Shao (LPTHE Paris)             |
 |                                                     |
 |    Please cite                                      |
 |            PLB 851 (2024) 138555 [arXiv:2312.16956] |
 |            JHEP 03 (2024) 121    [arXiv:2312.16966] |
 |                                                     |
 =======================================================
 ---------------------------------------------------
         the cuts in the lab frame                  
 min transverse momentum of photon    0.0000000000000000     
 max (pseudo-)rapidity of photon    5.0000000000000000     
 min (pseudo-)rapidity of photon   -5.0000000000000000     
 min invariant mass of di-photon    0.0000000000000000     
 ---------------------------------------------------
 max=   3139664.0695628333     
 min=   0.0000000000000000     
       n_pass,     n_total
       10000       10000
  
 ====================NCALL=20K===========================
  
 ITERATION            1 :
   1794241.8239533901      +\-   73.135935033725360     
 precision:   4.0761470420179690E-005
 max=   3139664.0695628333     
 min=   0.0000000000000000     
       n_pass,     n_total
       20000       20002
 max=   3139664.0695628333     
 min=   0.0000000000000000     
       n_pass,     n_total
       30000       30002
 ITERATION            2 :
   1794016.5033204623      +\-   119.94068578637061     
 precision:   6.6855954537975500E-005
 WARNING: outside the range of the grid (xs,xt)=   13.064475856020772       -13.063876558326454     
 WARNING: set the 2-loop amplitudes to zero
 max=   4564663.5761349145     
 min=   0.0000000000000000     
       n_pass,     n_total
       40000       40011
 max=   4564663.5761349145     
 min=   0.0000000000000000     
       n_pass,     n_total
       50000       50011
 WARNING: outside the range of the grid (xs,xt)=   13.064475856020772       -6.1675956086783236E-004
 WARNING: set the 2-loop amplitudes to zero
 ITERATION            3 :
   1793814.8400393722      +\-   110.67608449696718     
 precision:   6.1698722759221888E-005
 WARNING: outside the range of the grid (xs,xt)=   13.064475856020772       -13.063866491098176     
 WARNING: set the 2-loop amplitudes to zero
 WARNING: outside the range of the grid (xs,xt)=   13.064475856020772       -13.063861470534048     
 WARNING: set the 2-loop amplitudes to zero
 WARNING: outside the range of the grid (xs,xt)=   13.064475856020772       -13.063854016422644     
 WARNING: set the 2-loop amplitudes to zero
 INFO: will suppress the further warning
 max=   4862278.4731287491     
 min=   0.0000000000000000     
       n_pass,     n_total
       60000       60036
 max=   4862278.4731287491     
 min=   0.0000000000000000     
       n_pass,     n_total
       70000       70036
 ITERATION            4 :
   1793911.3734383560      +\-   88.306491900108270     
 precision:   4.9225671461602300E-005
 max=   5836674.3852184806     
 min=   0.0000000000000000     
       n_pass,     n_total
       80000       80069
 max=   5836674.3852184806     
 min=   0.0000000000000000     
       n_pass,     n_total
       90000       90069
 ITERATION            5 :
   1793938.3118185576      +\-   74.075098517742632     
 precision:   4.1291887257065692E-005
 max=   7051550.7928644801     
 min=   0.0000000000000000     
       n_pass,     n_total
      100000      100123
 max=   7051550.7928644801     
 min=   0.0000000000000000     
       n_pass,     n_total
      110000      110123
 ITERATION            6 :
   1793936.1329851144      +\-   67.479205482912207     
 precision:   3.7615166026354928E-005
 max=   7094091.2720100293     
 min=   0.0000000000000000     
       n_pass,     n_total
      120000      120180
 max=   7094091.2720100293     
 min=   0.0000000000000000     
       n_pass,     n_total
      130000      130180
 ITERATION            7 :
   1794034.4510524273      +\-   64.556509665662034     
 precision:   3.5983985495814482E-005
 max=   7094091.2720100293     
 min=   0.0000000000000000     
       n_pass,     n_total
      140000      140258
 max=   7094091.2720100293     
 min=   0.0000000000000000     
       n_pass,     n_total
      150000      150258
 ITERATION            8 :
   1793848.6040289502      +\-   63.634881932408767     
 precision:   3.5473942332416468E-005
 max=   7094091.2720100293     
 min=   0.0000000000000000     
       n_pass,     n_total
      160000      160353
 max=   7094091.2720100293     
 min=   0.0000000000000000     
       n_pass,     n_total
      170000      170353
 ITERATION            9 :
   1793935.1440801783      +\-   61.283116370022753     
 precision:   3.4161277553567878E-005
 max=   7094091.2720100293     
 min=   0.0000000000000000     
       n_pass,     n_total
      180000      180451
 max=   7094091.2720100293     
 min=   0.0000000000000000     
       n_pass,     n_total
      190000      190451
 ITERATION           10 :
   1794004.9389967164      +\-   61.320701741532588     
 precision:   3.4180899064762730E-005
 ====================NCALL=40K ===========================
  
 max=   7094091.2720100293     
 min=   0.0000000000000000     
       n_pass,     n_total
      200000      200643
 max=   7094091.2720100293     
 min=   0.0000000000000000     
       n_pass,     n_total
      210000      210643
 max=   7094091.2720100293     
 min=   0.0000000000000000     
       n_pass,     n_total
      220000      220643
 max=   7094091.2720100293     
 min=   0.0000000000000000     
       n_pass,     n_total
      230000      230643
   1793961.2589985430      +\-   30.711546541534656     
 precision:   1.7119403436102630E-005
 ====================NCALL=80K ===========================
  
 max=   7094091.2720100293     
 min=   0.0000000000000000     
       n_pass,     n_total
      240000      241070
 max=   7094091.2720100293     
 min=   0.0000000000000000     
       n_pass,     n_total
      250000      251070
 max=   7094091.2720100293     
 min=   0.0000000000000000     
       n_pass,     n_total
      260000      261070
 max=   7094091.2720100293     
 min=   0.0000000000000000     
       n_pass,     n_total
      270000      271070
 max=   7094091.2720100293     
 min=   0.0000000000000000     
       n_pass,     n_total
      280000      281070
 max=   7094091.2720100293     
 min=   0.0000000000000000     
       n_pass,     n_total
      290000      291070
 max=   7094091.2720100293     
 min=   0.0000000000000000     
       n_pass,     n_total
      300000      301070
 max=   7094091.2720100293     
 min=   0.0000000000000000     
       n_pass,     n_total
      310000      311070
   1793924.3195491023      +\-   15.298397702095755     
 precision:   8.5278947029052840E-006
 sigma (pb)                   sd (pb)
   1793924.3195491023        15.298397702095755     
