 =======================================================
 |                                                     |
 |         \/\/\/\/\/\___________/\/\/\/\/\/           |
 |                   |     \     |                     |
 |                   |     /     |                     |
 |                   |     \     |                     |
 |         /\/\/\/\/\|_____/_____|/\/\/\/\/\           |
 |                                                     |
 | Light-by-light scattering at next-to-leading order  |
 |                   (VERSION 0.5)                     |
 |                                                     |
 |    Authors:                                         |
 |            Ajjath A.H. (LPTHE Paris)                |
 |            Ekta Chaubey (Bonn)                      |
 |            Mathijs Fraaije (Bern)                   |
 |            Valentin Hirschi (Bern)                  |
 |            Hua-Sheng Shao (LPTHE Paris)             |
 |                                                     |
 |    Please cite                                      |
 |            PLB 851 (2024) 138555 [arXiv:2312.16956] |
 |            JHEP 03 (2024) 121    [arXiv:2312.16966] |
 |                                                     |
 =======================================================
 ---------------------------------------------------
         the cuts in the lab frame                  
 min transverse momentum of photon    0.0000000000000000     
 max (pseudo-)rapidity of photon    5.0000000000000000     
 min (pseudo-)rapidity of photon   -5.0000000000000000     
 min invariant mass of di-photon    0.0000000000000000     
 ---------------------------------------------------
 WARNING: outside the range of the grid (xs,xt)=   1.1968776532070013E-002  -1.1968776412382563E-002
 WARNING: set the 2-loop amplitudes to zero
 WARNING: outside the range of the grid (xs,xt)=   1.1936462900682046E-002  -1.1936462781317729E-002
 WARNING: set the 2-loop amplitudes to zero
 WARNING: outside the range of the grid (xs,xt)=   1.1991560256973493E-002  -1.1991560137058205E-002
 WARNING: set the 2-loop amplitudes to zero
 WARNING: outside the range of the grid (xs,xt)=   1.1977089813961214E-002  -1.1977089694190632E-002
 WARNING: set the 2-loop amplitudes to zero
 WARNING: outside the range of the grid (xs,xt)=   1.2000764615243388E-002  -1.2000764495236058E-002
 WARNING: set the 2-loop amplitudes to zero
 INFO: will suppress the further warning
 max=   5.7193248095987132E-003
 min=   0.0000000000000000     
       n_pass,     n_total
       10000       10000
  
 ====================NCALL=20K===========================
  
 ITERATION            1 :
   4.0663202539914043E-003 +\-   5.4274197664808611E-007
 precision:   1.3347251144701241E-004
 max=   5.8446708529859932E-003
 min=   0.0000000000000000     
       n_pass,     n_total
       20000       20002
 max=   5.8446708529859932E-003
 min=   0.0000000000000000     
       n_pass,     n_total
       30000       30002
 ITERATION            2 :
   4.0655276516438363E-003 +\-   3.5092557378390937E-007
 precision:   8.6317350133387433E-005
 max=   5.8576365916273082E-003
 min=   0.0000000000000000     
       n_pass,     n_total
       40000       40011
 max=   5.8576365916273082E-003
 min=   0.0000000000000000     
       n_pass,     n_total
       50000       50011
 ITERATION            3 :
   4.0654632459039526E-003 +\-   2.6355859475577208E-007
 precision:   6.4828674818623286E-005
 max=   5.8579457128629334E-003
 min=   0.0000000000000000     
       n_pass,     n_total
       60000       60031
 max=   5.8579457128629334E-003
 min=   0.0000000000000000     
       n_pass,     n_total
       70000       70031
 ITERATION            4 :
   4.0657133369331909E-003 +\-   2.3153924228118881E-007
 precision:   5.6949229592227283E-005
 max=   5.8579457128629334E-003
 min=   0.0000000000000000     
       n_pass,     n_total
       80000       80052
 max=   5.8579457128629334E-003
 min=   0.0000000000000000     
       n_pass,     n_total
       90000       90052
 ITERATION            5 :
   4.0656862898287060E-003 +\-   2.1528566098516020E-007
 precision:   5.2951862401127495E-005
 max=   5.8580020089524908E-003
 min=   0.0000000000000000     
       n_pass,     n_total
      100000      100077
 max=   5.8580020089524908E-003
 min=   0.0000000000000000     
       n_pass,     n_total
      110000      110077
 ITERATION            6 :
   4.0658050660520454E-003 +\-   2.0902929065824461E-007
 precision:   5.1411537755108123E-005
 max=   5.8580020089524908E-003
 min=   0.0000000000000000     
       n_pass,     n_total
      120000      120101
 max=   5.8580020089524908E-003
 min=   0.0000000000000000     
       n_pass,     n_total
      130000      130101
 ITERATION            7 :
   4.0659933211238284E-003 +\-   2.0340363012979541E-007
 precision:   5.0025569169792748E-005
 max=   5.8580020089524908E-003
 min=   0.0000000000000000     
       n_pass,     n_total
      140000      140129
 max=   5.8580020089524908E-003
 min=   0.0000000000000000     
       n_pass,     n_total
      150000      150129
 ITERATION            8 :
   4.0655179491322626E-003 +\-   1.9716827665558678E-007
 precision:   4.8497701676036149E-005
 max=   5.8580626146490242E-003
 min=   0.0000000000000000     
       n_pass,     n_total
      160000      160162
 max=   5.8580626146490242E-003
 min=   0.0000000000000000     
       n_pass,     n_total
      170000      170162
 ITERATION            9 :
   4.0658405551487952E-003 +\-   1.9314637059178067E-007
 precision:   4.7504659361811154E-005
 max=   5.8580626146490242E-003
 min=   0.0000000000000000     
       n_pass,     n_total
      180000      180189
 max=   5.8580626146490242E-003
 min=   0.0000000000000000     
       n_pass,     n_total
      190000      190189
 ITERATION           10 :
   4.0657611923341028E-003 +\-   1.8663231046512290E-007
 precision:   4.5903411842538545E-005
 ====================NCALL=40K ===========================
  
 max=   5.8580626146490242E-003
 min=   0.0000000000000000     
       n_pass,     n_total
      200000      200251
 max=   5.8580626146490242E-003
 min=   0.0000000000000000     
       n_pass,     n_total
      210000      210251
 max=   5.8580626146490242E-003
 min=   0.0000000000000000     
       n_pass,     n_total
      220000      220251
 max=   5.8580626146490242E-003
 min=   0.0000000000000000     
       n_pass,     n_total
      230000      230251
   4.0656852733115282E-003 +\-   1.1905667173887085E-007
 precision:   2.9283297583410432E-005
 ====================NCALL=80K ===========================
  
 max=   5.8580735552721652E-003
 min=   0.0000000000000000     
       n_pass,     n_total
      240000      240396
 max=   5.8580735552721652E-003
 min=   0.0000000000000000     
       n_pass,     n_total
      250000      250396
 max=   5.8580735552721652E-003
 min=   0.0000000000000000     
       n_pass,     n_total
      260000      260396
 max=   5.8580735552721652E-003
 min=   0.0000000000000000     
       n_pass,     n_total
      270000      270396
 max=   5.8580735552721652E-003
 min=   0.0000000000000000     
       n_pass,     n_total
      280000      280396
 max=   5.8580735552721652E-003
 min=   0.0000000000000000     
       n_pass,     n_total
      290000      290396
 max=   5.8580735552721652E-003
 min=   0.0000000000000000     
       n_pass,     n_total
      300000      300396
 max=   5.8580735552721652E-003
 min=   0.0000000000000000     
       n_pass,     n_total
      310000      310396
   4.0657327883997134E-003 +\-   5.5830255007432585E-008
 precision:   1.3731904656087241E-005
 sigma (pb)                   sd (pb)
   4.0657327883997134E-003   5.5830255007432585E-008
