 =======================================================
 |                                                     |
 |         \/\/\/\/\/\___________/\/\/\/\/\/           |
 |                   |     \     |                     |
 |                   |     /     |                     |
 |                   |     \     |                     |
 |         /\/\/\/\/\|_____/_____|/\/\/\/\/\           |
 |                                                     |
 | Light-by-light scattering at next-to-leading order  |
 |                   (VERSION 0.5)                     |
 |                                                     |
 |    Authors:                                         |
 |            Ajjath A.H. (LPTHE Paris)                |
 |            Ekta Chaubey (Bonn)                      |
 |            Mathijs Fraaije (Bern)                   |
 |            Valentin Hirschi (Bern)                  |
 |            Hua-Sheng Shao (LPTHE Paris)             |
 |                                                     |
 |    Please cite                                      |
 |            PLB 851 (2024) 138555 [arXiv:2312.16956] |
 |            JHEP 03 (2024) 121    [arXiv:2312.16966] |
 |                                                     |
 =======================================================
 ---------------------------------------------------
         the cuts in the lab frame                  
 min transverse momentum of photon    0.0000000000000000     
 max (pseudo-)rapidity of photon    5.0000000000000000     
 min (pseudo-)rapidity of photon   -5.0000000000000000     
 min invariant mass of di-photon    0.0000000000000000     
 ---------------------------------------------------
 WARNING: outside the range of the grid (xs,xt)=   8.0354190304186793E-002  -8.0354189500658993E-002
 WARNING: set the 2-loop amplitudes to zero
 WARNING: outside the range of the grid (xs,xt)=   8.0507152285039796E-002  -8.0507151479982428E-002
 WARNING: set the 2-loop amplitudes to zero
 WARNING: outside the range of the grid (xs,xt)=   8.0410002778698975E-002  -8.0410001974613052E-002
 WARNING: set the 2-loop amplitudes to zero
 WARNING: outside the range of the grid (xs,xt)=   8.0568947135504665E-002  -8.0568946329829361E-002
 WARNING: set the 2-loop amplitudes to zero
 WARNING: outside the range of the grid (xs,xt)=   8.0605212027059919E-002  -8.0605211221021975E-002
 WARNING: set the 2-loop amplitudes to zero
 INFO: will suppress the further warning
 max=   1.7576304444206365     
 min=   0.0000000000000000     
       n_pass,     n_total
       10000       10000
  
 ====================NCALL=20K===========================
  
 ITERATION            1 :
   1.2471385841591960      +\-   4.3851660718144521E-005
 precision:   3.5161818642399486E-005
 max=   1.7691081735625049     
 min=   0.0000000000000000     
       n_pass,     n_total
       20000       20002
 max=   1.7691081735625049     
 min=   0.0000000000000000     
       n_pass,     n_total
       30000       30002
 ITERATION            2 :
   1.2470136870109532      +\-   8.0380306049550923E-005
 precision:   6.4458238820312889E-005
 max=   1.7726104242041578     
 min=   0.0000000000000000     
       n_pass,     n_total
       40000       40010
 max=   1.7726104242041578     
 min=   0.0000000000000000     
       n_pass,     n_total
       50000       50010
 ITERATION            3 :
   1.2469476084701894      +\-   6.8723048410649173E-005
 precision:   5.5113019940718807E-005
 max=   1.7731889118304986     
 min=   0.0000000000000000     
       n_pass,     n_total
       60000       60033
 max=   1.7731889118304986     
 min=   0.0000000000000000     
       n_pass,     n_total
       70000       70033
 ITERATION            4 :
   1.2469768176415592      +\-   5.3012364295193397E-005
 precision:   4.2512710376971645E-005
 max=   1.7731889118304986     
 min=   0.0000000000000000     
       n_pass,     n_total
       80000       80064
 max=   1.7731889118304986     
 min=   0.0000000000000000     
       n_pass,     n_total
       90000       90064
 ITERATION            5 :
   1.2470105127712530      +\-   4.4975420053343910E-005
 precision:   3.6066592536893903E-005
 max=   1.7731889118304986     
 min=   0.0000000000000000     
       n_pass,     n_total
      100000      100107
 max=   1.7731889118304986     
 min=   0.0000000000000000     
       n_pass,     n_total
      110000      110107
 ITERATION            6 :
   1.2469615900837829      +\-   4.1947588248858793E-005
 precision:   3.3639839897586858E-005
 max=   1.7731889118304986     
 min=   0.0000000000000000     
       n_pass,     n_total
      120000      120150
 max=   1.7731889118304986     
 min=   0.0000000000000000     
       n_pass,     n_total
      130000      130150
 ITERATION            7 :
   1.2470418236858891      +\-   4.0806630462292861E-005
 precision:   3.2722744087027056E-005
 max=   1.7731895373832649     
 min=   0.0000000000000000     
       n_pass,     n_total
      140000      140204
 max=   1.7731895373832649     
 min=   0.0000000000000000     
       n_pass,     n_total
      150000      150204
 ITERATION            8 :
   1.2469251211680190      +\-   4.0853541727901880E-005
 precision:   3.2763428239887871E-005
 max=   1.7731895373832649     
 min=   0.0000000000000000     
       n_pass,     n_total
      160000      160270
 max=   1.7731895373832649     
 min=   0.0000000000000000     
       n_pass,     n_total
      170000      170270
 ITERATION            9 :
   1.2470016802965440      +\-   3.9630518554162682E-005
 precision:   3.1780645672216191E-005
 max=   1.7731895373832649     
 min=   0.0000000000000000     
       n_pass,     n_total
      180000      180338
 max=   1.7731895373832649     
 min=   0.0000000000000000     
       n_pass,     n_total
      190000      190338
 ITERATION           10 :
   1.2470079611092417      +\-   4.0771166758071530E-005
 precision:   3.2695193639184675E-005
 ====================NCALL=40K ===========================
  
 max=   1.7731895373832649     
 min=   0.0000000000000000     
       n_pass,     n_total
      200000      200473
 max=   1.7731895373832649     
 min=   0.0000000000000000     
       n_pass,     n_total
      210000      210473
 max=   1.7731895373832649     
 min=   0.0000000000000000     
       n_pass,     n_total
      220000      220473
 max=   1.7731895373832649     
 min=   0.0000000000000000     
       n_pass,     n_total
      230000      230473
   1.2469955575709499      +\-   2.0710308149887138E-005
 precision:   1.6608165140723678E-005
 ====================NCALL=80K ===========================
  
 max=   1.7731895373832649     
 min=   0.0000000000000000     
       n_pass,     n_total
      240000      240790
 max=   1.7731895373832649     
 min=   0.0000000000000000     
       n_pass,     n_total
      250000      250790
 max=   1.7731895373832649     
 min=   0.0000000000000000     
       n_pass,     n_total
      260000      260790
 max=   1.7731895373832649     
 min=   0.0000000000000000     
       n_pass,     n_total
      270000      270790
 max=   1.7731895373832649     
 min=   0.0000000000000000     
       n_pass,     n_total
      280000      280790
 max=   1.7731895373832649     
 min=   0.0000000000000000     
       n_pass,     n_total
      290000      290790
 max=   1.7731895373832649     
 min=   0.0000000000000000     
       n_pass,     n_total
      300000      300790
 max=   1.7731895373832649     
 min=   0.0000000000000000     
       n_pass,     n_total
      310000      310790
   1.2469756061856607      +\-   1.0817711024042022E-005
 precision:   8.6751584957880772E-006
 sigma (pb)                   sd (pb)
   1.2469756061856607        1.0817711024042022E-005
