 =======================================================
 |                                                     |
 |         \/\/\/\/\/\___________/\/\/\/\/\/           |
 |                   |     \     |                     |
 |                   |     /     |                     |
 |                   |     \     |                     |
 |         /\/\/\/\/\|_____/_____|/\/\/\/\/\           |
 |                                                     |
 | Light-by-light scattering at next-to-leading order  |
 |                   (VERSION 0.5)                     |
 |                                                     |
 |    Authors:                                         |
 |            Ajjath A.H. (LPTHE Paris)                |
 |            Ekta Chaubey (Bonn)                      |
 |            Mathijs Fraaije (Bern)                   |
 |            Valentin Hirschi (Bern)                  |
 |            Hua-Sheng Shao (LPTHE Paris)             |
 |                                                     |
 |    Please cite                                      |
 |            PLB 851 (2024) 138555 [arXiv:2312.16956] |
 |            JHEP 03 (2024) 121    [arXiv:2312.16966] |
 |                                                     |
 =======================================================
 ---------------------------------------------------
         the cuts in the lab frame                  
 min transverse momentum of photon    0.0000000000000000     
 max (pseudo-)rapidity of photon    5.0000000000000000     
 min (pseudo-)rapidity of photon   -5.0000000000000000     
 min invariant mass of di-photon    0.0000000000000000     
 ---------------------------------------------------
 WARNING: outside the range of the grid (xs,xt)=   2.1411019143072935E-002  -2.1411018928963747E-002
 WARNING: set the 2-loop amplitudes to zero
 WARNING: outside the range of the grid (xs,xt)=   2.1353213085922803E-002  -2.1353212872391669E-002
 WARNING: set the 2-loop amplitudes to zero
 WARNING: outside the range of the grid (xs,xt)=   2.1451777090951044E-002  -2.1451776876434282E-002
 WARNING: set the 2-loop amplitudes to zero
 WARNING: outside the range of the grid (xs,xt)=   2.1425890825006118E-002  -2.1425890610748212E-002
 WARNING: set the 2-loop amplitudes to zero
 WARNING: outside the range of the grid (xs,xt)=   2.1468242824987299E-002  -2.1468242610305881E-002
 WARNING: set the 2-loop amplitudes to zero
 INFO: will suppress the further warning
 max=   3.2742641010167634E-002
 min=   0.0000000000000000     
       n_pass,     n_total
       10000       10000
  
 ====================NCALL=20K===========================
  
 ITERATION            1 :
   2.3435232204207838E-002 +\-   1.8470099979046964E-006
 precision:   7.8813385837630501E-005
 max=   3.3460167977355772E-002
 min=   0.0000000000000000     
       n_pass,     n_total
       20000       20002
 max=   3.3460167977355772E-002
 min=   0.0000000000000000     
       n_pass,     n_total
       30000       30002
 ITERATION            2 :
   2.3435236300749094E-002 +\-   1.6798484102224472E-006
 precision:   7.1680455390533095E-005
 max=   3.3533905628116520E-002
 min=   0.0000000000000000     
       n_pass,     n_total
       40000       40012
 max=   3.3533905628116520E-002
 min=   0.0000000000000000     
       n_pass,     n_total
       50000       50012
 ITERATION            3 :
   2.3434143081685149E-002 +\-   1.3596689822837080E-006
 precision:   5.8020853484775011E-005
 max=   3.3536578589927556E-002
 min=   0.0000000000000000     
       n_pass,     n_total
       60000       60035
 max=   3.3536578589927556E-002
 min=   0.0000000000000000     
       n_pass,     n_total
       70000       70035
 ITERATION            4 :
   2.3434411561080042E-002 +\-   1.1710358502384299E-006
 precision:   4.9970781096261473E-005
 max=   3.3536578589927556E-002
 min=   0.0000000000000000     
       n_pass,     n_total
       80000       80062
 max=   3.3536578589927556E-002
 min=   0.0000000000000000     
       n_pass,     n_total
       90000       90062
 ITERATION            5 :
   2.3435288016370053E-002 +\-   1.0884757397602445E-006
 precision:   4.6446015043635082E-005
 max=   3.3536578589927556E-002
 min=   0.0000000000000000     
       n_pass,     n_total
      100000      100093
 max=   3.3536578589927556E-002
 min=   0.0000000000000000     
       n_pass,     n_total
      110000      110093
 ITERATION            6 :
   2.3434329086846808E-002 +\-   1.0012786655360658E-006
 precision:   4.2727003697240999E-005
 max=   3.3536578589927556E-002
 min=   0.0000000000000000     
       n_pass,     n_total
      120000      120121
 max=   3.3536578589927556E-002
 min=   0.0000000000000000     
       n_pass,     n_total
      130000      130121
 ITERATION            7 :
   2.3435527280558248E-002 +\-   9.2492290020517085E-007
 precision:   3.9466698962325997E-005
 max=   3.3536578589927556E-002
 min=   0.0000000000000000     
       n_pass,     n_total
      140000      140155
 max=   3.3536578589927556E-002
 min=   0.0000000000000000     
       n_pass,     n_total
      150000      150155
 ITERATION            8 :
   2.3434313657192785E-002 +\-   9.4889814133267469E-007
 precision:   4.0491825585914942E-005
 max=   3.3536665866979329E-002
 min=   0.0000000000000000     
       n_pass,     n_total
      160000      160204
 max=   3.3536665866979329E-002
 min=   0.0000000000000000     
       n_pass,     n_total
      170000      170204
 ITERATION            9 :
   2.3435036738997852E-002 +\-   9.2327397255116862E-007
 precision:   3.9397163436691517E-005
 max=   3.3536836332134896E-002
 min=   0.0000000000000000     
       n_pass,     n_total
      180000      180251
 max=   3.3536836332134896E-002
 min=   0.0000000000000000     
       n_pass,     n_total
      190000      190251
 ITERATION           10 :
   2.3435685483935396E-002 +\-   9.4689853238983311E-007
 precision:   4.0404132110362615E-005
 ====================NCALL=40K ===========================
  
 max=   3.3536836332134896E-002
 min=   0.0000000000000000     
       n_pass,     n_total
      200000      200341
 max=   3.3536836332134896E-002
 min=   0.0000000000000000     
       n_pass,     n_total
      210000      210341
 max=   3.3536836332134896E-002
 min=   0.0000000000000000     
       n_pass,     n_total
      220000      220341
 max=   3.3536836332134896E-002
 min=   0.0000000000000000     
       n_pass,     n_total
      230000      230341
   2.3435083261164905E-002 +\-   4.9319840822697290E-007
 precision:   2.1045302153641980E-005
 ====================NCALL=80K ===========================
  
 max=   3.3536836332134896E-002
 min=   0.0000000000000000     
       n_pass,     n_total
      240000      240561
 max=   3.3536836332134896E-002
 min=   0.0000000000000000     
       n_pass,     n_total
      250000      250561
 max=   3.3536836332134896E-002
 min=   0.0000000000000000     
       n_pass,     n_total
      260000      260561
 max=   3.3536836332134896E-002
 min=   0.0000000000000000     
       n_pass,     n_total
      270000      270561
 max=   3.3536836332134896E-002
 min=   0.0000000000000000     
       n_pass,     n_total
      280000      280561
 max=   3.3536836332134896E-002
 min=   0.0000000000000000     
       n_pass,     n_total
      290000      290561
 max=   3.3536836332134896E-002
 min=   0.0000000000000000     
       n_pass,     n_total
      300000      300561
 max=   3.3536836332134896E-002
 min=   0.0000000000000000     
       n_pass,     n_total
      310000      310561
   2.3434176748561138E-002 +\-   2.8527507749223044E-007
 precision:   1.2173462740044682E-005
 sigma (pb)                   sd (pb)
   2.3434176748561138E-002   2.8527507749223044E-007
