 =======================================================
 |                                                     |
 |         \/\/\/\/\/\___________/\/\/\/\/\/           |
 |                   |     \     |                     |
 |                   |     /     |                     |
 |                   |     \     |                     |
 |         /\/\/\/\/\|_____/_____|/\/\/\/\/\           |
 |                                                     |
 | Light-by-light scattering at next-to-leading order  |
 |                   (VERSION 0.5)                     |
 |                                                     |
 |    Authors:                                         |
 |            Ajjath A.H. (LPTHE Paris)                |
 |            Ekta Chaubey (Bonn)                      |
 |            Mathijs Fraaije (Bern)                   |
 |            Valentin Hirschi (Bern)                  |
 |            Hua-Sheng Shao (LPTHE Paris)             |
 |                                                     |
 |    Please cite                                      |
 |            PLB 851 (2024) 138555 [arXiv:2312.16956] |
 |            JHEP 03 (2024) 121    [arXiv:2312.16966] |
 |                                                     |
 =======================================================
 ---------------------------------------------------
         the cuts in the lab frame                  
 min transverse momentum of photon    0.0000000000000000     
 max (pseudo-)rapidity of photon    5.0000000000000000     
 min (pseudo-)rapidity of photon   -5.0000000000000000     
 min invariant mass of di-photon    0.0000000000000000     
 ---------------------------------------------------
 max=  0.49430714899683248     
 min=   0.0000000000000000     
       n_pass,     n_total
       10000       10000
  
 ====================NCALL=20K===========================
  
 ITERATION            1 :
   2.1744292754949403E-002 +\-   7.9002373789840687E-005
 precision:   3.6332464191946774E-003
 max=  0.50015485172930696     
 min=   0.0000000000000000     
       n_pass,     n_total
       20000       20007
 max=  0.50015485172930696     
 min=   0.0000000000000000     
       n_pass,     n_total
       30000       30007
 ITERATION            2 :
   2.1584020393929947E-002 +\-   1.2533385680948519E-005
 precision:   5.8067892135949201E-004
 WARNING: outside the range of the grid (xs,xt)=   20049008.687903762       -20048087.304122735     
 WARNING: set the 2-loop amplitudes to zero
 WARNING: outside the range of the grid (xs,xt)=   19463667.820069201       -19462773.336549945     
 WARNING: set the 2-loop amplitudes to zero
 WARNING: outside the range of the grid (xs,xt)=   9371095.3769262824       -9370664.7134742793     
 WARNING: set the 2-loop amplitudes to zero
 WARNING: outside the range of the grid (xs,xt)=   1000000.0000000000       -999954.04342452192     
 WARNING: set the 2-loop amplitudes to zero
 WARNING: outside the range of the grid (xs,xt)=   99722.991689750692       -99718.408762556195     
 WARNING: set the 2-loop amplitudes to zero
 INFO: will suppress the further warning
 max=  0.50125652645152807     
 min=   0.0000000000000000     
       n_pass,     n_total
       40000       40033
 max=  0.50125652645152807     
 min=   0.0000000000000000     
       n_pass,     n_total
       50000       50033
 ITERATION            3 :
   2.1571397672636272E-002 +\-   9.0992228094611774E-006
 precision:   4.2181888014626492E-004
 max=  0.50143994810102055     
 min=   0.0000000000000000     
       n_pass,     n_total
       60000       60100
 max=  0.50143994810102055     
 min=   0.0000000000000000     
       n_pass,     n_total
       70000       70100
 ITERATION            4 :
   2.1569539030221418E-002 +\-   7.6260904634347028E-006
 precision:   3.5355834228768953E-004
 max=  0.50215199491357443     
 min=   0.0000000000000000     
       n_pass,     n_total
       80000       80218
 max=  0.50215199491357443     
 min=   0.0000000000000000     
       n_pass,     n_total
       90000       90218
 ITERATION            5 :
   2.1569605025456132E-002 +\-   6.4855776958302103E-006
 precision:   3.0068133784443555E-004
 max=  0.50215199491357443     
 min=   0.0000000000000000     
       n_pass,     n_total
      100000      100394
 max=  0.50215199491357443     
 min=   0.0000000000000000     
       n_pass,     n_total
      110000      110394
 ITERATION            6 :
   2.1567323889797940E-002 +\-   5.9697425031906048E-006
 precision:   2.7679569953574496E-004
 max=  0.50215199491357443     
 min=   0.0000000000000000     
       n_pass,     n_total
      120000      120584
 max=  0.50215199491357443     
 min=   0.0000000000000000     
       n_pass,     n_total
      130000      130584
 ITERATION            7 :
   2.1582085157069344E-002 +\-   5.7537927903553009E-006
 precision:   2.6660041179897814E-004
 max=  0.50237969454831866     
 min=   0.0000000000000000     
       n_pass,     n_total
      140000      140793
 max=  0.50237969454831866     
 min=   0.0000000000000000     
       n_pass,     n_total
      150000      150793
 ITERATION            8 :
   2.1563964651895948E-002 +\-   5.6965809313983132E-006
 precision:   2.6417131651611470E-004
 max=  0.50237969454831866     
 min=   0.0000000000000000     
       n_pass,     n_total
      160000      161014
 max=  0.50237969454831866     
 min=   0.0000000000000000     
       n_pass,     n_total
      170000      171014
 ITERATION            9 :
   2.1571234397052781E-002 +\-   5.5545237130944025E-006
 precision:   2.5749679461335332E-004
 max=  0.50237969454831866     
 min=   0.0000000000000000     
       n_pass,     n_total
      180000      181260
 max=  0.50237969454831866     
 min=   0.0000000000000000     
       n_pass,     n_total
      190000      191260
 ITERATION           10 :
   2.1576471726648061E-002 +\-   5.6086546234534849E-006
 precision:   2.5994308497280885E-004
 ====================NCALL=40K ===========================
  
 max=  0.50237969454831866     
 min=   0.0000000000000000     
       n_pass,     n_total
      200000      201630
 max=  0.50237969454831866     
 min=   0.0000000000000000     
       n_pass,     n_total
      210000      211630
 max=  0.50237969454831866     
 min=   0.0000000000000000     
       n_pass,     n_total
      220000      221630
 max=  0.50237969454831866     
 min=   0.0000000000000000     
       n_pass,     n_total
      230000      231630
   2.1576423167006357E-002 +\-   2.6699360965393793E-006
 precision:   1.2374322082364973E-004
 ====================NCALL=80K ===========================
  
 max=  0.50237969454831866     
 min=   0.0000000000000000     
       n_pass,     n_total
      240000      242201
 max=  0.50237969454831866     
 min=   0.0000000000000000     
       n_pass,     n_total
      250000      252201
 max=  0.50237969454831866     
 min=   0.0000000000000000     
       n_pass,     n_total
      260000      262201
 max=  0.50237969454831866     
 min=   0.0000000000000000     
       n_pass,     n_total
      270000      272201
 max=  0.50237969454831866     
 min=   0.0000000000000000     
       n_pass,     n_total
      280000      282201
 max=  0.50237969454831866     
 min=   0.0000000000000000     
       n_pass,     n_total
      290000      292201
 max=  0.50237969454831866     
 min=   0.0000000000000000     
       n_pass,     n_total
      300000      302201
 max=  0.50237969454831866     
 min=   0.0000000000000000     
       n_pass,     n_total
      310000      312201
   2.1572850403542503E-002 +\-   1.3235211778958434E-006
 precision:   6.1351242563593102E-005
 sigma (pb)                   sd (pb)
   2.1572850403542503E-002   1.3235211778958434E-006
