 =======================================================
 |                                                     |
 |         \/\/\/\/\/\___________/\/\/\/\/\/           |
 |                   |     \     |                     |
 |                   |     /     |                     |
 |                   |     \     |                     |
 |         /\/\/\/\/\|_____/_____|/\/\/\/\/\           |
 |                                                     |
 | Light-by-light scattering at next-to-leading order  |
 |                   (VERSION 0.5)                     |
 |                                                     |
 |    Authors:                                         |
 |            Ajjath A.H. (LPTHE Paris)                |
 |            Ekta Chaubey (Bonn)                      |
 |            Mathijs Fraaije (Bern)                   |
 |            Valentin Hirschi (Bern)                  |
 |            Hua-Sheng Shao (LPTHE Paris)             |
 |                                                     |
 |    Please cite                                      |
 |            PLB 851 (2024) 138555 [arXiv:2312.16956] |
 |            JHEP 03 (2024) 121    [arXiv:2312.16966] |
 |                                                     |
 =======================================================
 ---------------------------------------------------
         the cuts in the lab frame                  
 min transverse momentum of photon    0.0000000000000000     
 max (pseudo-)rapidity of photon    5.0000000000000000     
 min (pseudo-)rapidity of photon   -5.0000000000000000     
 min invariant mass of di-photon    0.0000000000000000     
 ---------------------------------------------------
 max=   1.1197980266553444E-003
 min=   0.0000000000000000     
       n_pass,     n_total
       10000       10000
  
 ====================NCALL=20K===========================
  
 ITERATION            1 :
   7.6622682013347205E-004 +\-   1.7828121157643893E-007
 precision:   2.3267419893417910E-004
 max=   1.1197980266553444E-003
 min=   0.0000000000000000     
       n_pass,     n_total
       20000       20002
 max=   1.1197980266553444E-003
 min=   0.0000000000000000     
       n_pass,     n_total
       30000       30002
 ITERATION            2 :
   7.6598526656652748E-004 +\-   8.0346032057981887E-008
 precision:   1.0489239880308280E-004
 max=   1.1198640003850162E-003
 min=   0.0000000000000000     
       n_pass,     n_total
       40000       40011
 max=   1.1198640003850162E-003
 min=   0.0000000000000000     
       n_pass,     n_total
       50000       50011
 ITERATION            3 :
   7.6605983475974465E-004 +\-   6.1391516550488568E-008
 precision:   8.0139323020038600E-005
 max=   1.1199189234147747E-003
 min=   0.0000000000000000     
       n_pass,     n_total
       60000       60028
 max=   1.1199189234147747E-003
 min=   0.0000000000000000     
       n_pass,     n_total
       70000       70028
 ITERATION            4 :
   7.6603561107674517E-004 +\-   4.8114898821281443E-008
 precision:   6.2810263812214671E-005
 max=   1.1199189234147747E-003
 min=   0.0000000000000000     
       n_pass,     n_total
       80000       80046
 max=   1.1199189234147747E-003
 min=   0.0000000000000000     
       n_pass,     n_total
       90000       90046
 ITERATION            5 :
   7.6607259921502723E-004 +\-   4.8797667387204007E-008
 precision:   6.3698489460666766E-005
 max=   1.1199189234147747E-003
 min=   0.0000000000000000     
       n_pass,     n_total
      100000      100069
 max=   1.1199189234147747E-003
 min=   0.0000000000000000     
       n_pass,     n_total
      110000      110069
 ITERATION            6 :
   7.6606829178485112E-004 +\-   4.5440716354405221E-008
 precision:   5.9316795697852956E-005
 max=   1.1199189234147747E-003
 min=   0.0000000000000000     
       n_pass,     n_total
      120000      120087
 max=   1.1199189234147747E-003
 min=   0.0000000000000000     
       n_pass,     n_total
      130000      130087
 ITERATION            7 :
   7.6615383173683164E-004 +\-   4.0799666896428601E-008
 precision:   5.3252578276529449E-005
 max=   1.1199213995544820E-003
 min=   0.0000000000000000     
       n_pass,     n_total
      140000      140111
 max=   1.1199213995544820E-003
 min=   0.0000000000000000     
       n_pass,     n_total
      150000      150111
 ITERATION            8 :
   7.6604843208548357E-004 +\-   4.3673274376790018E-008
 precision:   5.7011113850718648E-005
 max=   1.1199213995544820E-003
 min=   0.0000000000000000     
       n_pass,     n_total
      160000      160143
 max=   1.1199213995544820E-003
 min=   0.0000000000000000     
       n_pass,     n_total
      170000      170143
 ITERATION            9 :
   7.6611499438979666E-004 +\-   4.2525059303569515E-008
 precision:   5.5507410264747944E-005
 max=   1.1199213995544820E-003
 min=   0.0000000000000000     
       n_pass,     n_total
      180000      180166
 max=   1.1199213995544820E-003
 min=   0.0000000000000000     
       n_pass,     n_total
      190000      190166
 ITERATION           10 :
   7.6607325165765439E-004 +\-   4.1579817586431750E-008
 precision:   5.4276555794710202E-005
 ====================NCALL=40K ===========================
  
 max=   1.1199213995544820E-003
 min=   0.0000000000000000     
       n_pass,     n_total
      200000      200213
 max=   1.1199213995544820E-003
 min=   0.0000000000000000     
       n_pass,     n_total
      210000      210213
 max=   1.1199213995544820E-003
 min=   0.0000000000000000     
       n_pass,     n_total
      220000      220213
 max=   1.1199213995544820E-003
 min=   0.0000000000000000     
       n_pass,     n_total
      230000      230213
   7.6607331917412976E-004 +\-   2.1234926868426072E-008
 precision:   2.7719183447504112E-005
 ====================NCALL=80K ===========================
  
 max=   1.1199213995544820E-003
 min=   0.0000000000000000     
       n_pass,     n_total
      240000      240347
 max=   1.1199213995544820E-003
 min=   0.0000000000000000     
       n_pass,     n_total
      250000      250347
 max=   1.1199213995544820E-003
 min=   0.0000000000000000     
       n_pass,     n_total
      260000      260347
 max=   1.1199213995544820E-003
 min=   0.0000000000000000     
       n_pass,     n_total
      270000      270347
 max=   1.1199213995544820E-003
 min=   0.0000000000000000     
       n_pass,     n_total
      280000      280347
 max=   1.1199213995544820E-003
 min=   0.0000000000000000     
       n_pass,     n_total
      290000      290347
 max=   1.1199213995544820E-003
 min=   0.0000000000000000     
       n_pass,     n_total
      300000      300347
 max=   1.1199213995544820E-003
 min=   0.0000000000000000     
       n_pass,     n_total
      310000      310347
   7.6608387994965793E-004 +\-   1.2156386036479825E-008
 precision:   1.5868218030222309E-005
 sigma (pb)                   sd (pb)
   7.6608387994965793E-004   1.2156386036479825E-008
