 =======================================================
 |                                                     |
 |         \/\/\/\/\/\___________/\/\/\/\/\/           |
 |                   |     \     |                     |
 |                   |     /     |                     |
 |                   |     \     |                     |
 |         /\/\/\/\/\|_____/_____|/\/\/\/\/\           |
 |                                                     |
 | Light-by-light scattering at next-to-leading order  |
 |                   (VERSION 0.5)                     |
 |                                                     |
 |    Authors:                                         |
 |            Ajjath A.H. (LPTHE Paris)                |
 |            Ekta Chaubey (Bonn)                      |
 |            Mathijs Fraaije (Bern)                   |
 |            Valentin Hirschi (Bern)                  |
 |            Hua-Sheng Shao (LPTHE Paris)             |
 |                                                     |
 |    Please cite                                      |
 |            PLB 851 (2024) 138555 [arXiv:2312.16956] |
 |            JHEP 03 (2024) 121    [arXiv:2312.16966] |
 |                                                     |
 =======================================================
 ---------------------------------------------------
         the cuts in the lab frame                  
 min transverse momentum of photon    0.0000000000000000     
 max (pseudo-)rapidity of photon    5.0000000000000000     
 min (pseudo-)rapidity of photon   -5.0000000000000000     
 min invariant mass of di-photon    0.0000000000000000     
 ---------------------------------------------------
 max=   21.997368975820496     
 min=   0.0000000000000000     
       n_pass,     n_total
       10000       10000
  
 ====================NCALL=20K===========================
  
 ITERATION            1 :
   1.8259664795840905E-002 +\-   2.2363661944114761E-003
 precision:  0.12247575294596122     
 WARNING: outside the range of the grid (xs,xt)=   100000000.00000000       -99995131.635205150     
 WARNING: set the 2-loop amplitudes to zero
 WARNING: outside the range of the grid (xs,xt)=   9972299.1689750701       -9971813.6810730901     
 WARNING: set the 2-loop amplitudes to zero
 WARNING: outside the range of the grid (xs,xt)=   7517.7921079889074       -7517.4261144445718     
 WARNING: set the 2-loop amplitudes to zero
 WARNING: outside the range of the grid (xs,xt)=   71253739.633768454       -71250270.741793111     
 WARNING: set the 2-loop amplitudes to zero
 max=   26.605383646077644     
 min=   0.0000000000000000     
       n_pass,     n_total
       20000       20011
 max=   26.605383646077644     
 min=   0.0000000000000000     
       n_pass,     n_total
       30000       30011
 WARNING: outside the range of the grid (xs,xt)=   100000000.00000000       -4620.9908845745631     
 WARNING: set the 2-loop amplitudes to zero
 INFO: will suppress the further warning
 ITERATION            2 :
   1.7530924039962523E-002 +\-   9.2956513734997811E-004
 precision:   5.3024309228138403E-002
 max=   27.341247685175698     
 min=   0.0000000000000000     
       n_pass,     n_total
       40000       40060
 max=   27.341247685175698     
 min=   0.0000000000000000     
       n_pass,     n_total
       50000       50060
 ITERATION            3 :
   1.7859371831668906E-002 +\-   1.7495362227599475E-004
 precision:   9.7961800630501708E-003
 max=   27.341247685175698     
 min=   0.0000000000000000     
       n_pass,     n_total
       60000       60381
 max=   27.341247685175698     
 min=   0.0000000000000000     
       n_pass,     n_total
       70000       70381
 ITERATION            4 :
   1.7660484605624575E-002 +\-   4.4365812078098302E-005
 precision:   2.5121514538716857E-003
 max=   27.350165246132768     
 min=   0.0000000000000000     
       n_pass,     n_total
       80000       81651
 max=   27.350165246132768     
 min=   0.0000000000000000     
       n_pass,     n_total
       90000       91651
 ITERATION            5 :
   1.7690816027782295E-002 +\-   1.6821965604069468E-005
 precision:   9.5088692221159535E-004
 max=   27.350165246132768     
 min=   0.0000000000000000     
       n_pass,     n_total
      100000      103718
 max=   27.350165246132768     
 min=   0.0000000000000000     
       n_pass,     n_total
      110000      113718
 ITERATION            6 :
   1.7677888658093881E-002 +\-   1.5350850955438577E-005
 precision:   8.6836450055420718E-004
 max=   27.350165246132768     
 min=   0.0000000000000000     
       n_pass,     n_total
      120000      127009
 ITERATION            7 :
   1.7689776432124368E-002 +\-   1.4507109964642096E-005
 precision:   8.2008441544221004E-004
 max=   27.350165246132768     
 min=   0.0000000000000000     
       n_pass,     n_total
      130000      138987
 max=   27.350165246132768     
 min=   0.0000000000000000     
       n_pass,     n_total
      140000      148987
 ITERATION            8 :
   1.7664972269873572E-002 +\-   1.2424293543728257E-005
 precision:   7.0332935449420758E-004
 max=   27.350165246132768     
 min=   0.0000000000000000     
       n_pass,     n_total
      150000      161495
 max=   27.350165246132768     
 min=   0.0000000000000000     
       n_pass,     n_total
      160000      171495
 ITERATION            9 :
   1.7682630842675840E-002 +\-   1.1885966446519503E-005
 precision:   6.7218314696891840E-004
 max=   27.350165246132768     
 min=   0.0000000000000000     
       n_pass,     n_total
      170000      183949
 max=   27.350165246132768     
 min=   0.0000000000000000     
       n_pass,     n_total
      180000      193949
 ITERATION           10 :
   1.7688084179123691E-002 +\-   1.1334495894739362E-005
 precision:   6.4079839172841949E-004
 ====================NCALL=40K ===========================
  
 max=   27.350165246132768     
 min=   0.0000000000000000     
       n_pass,     n_total
      190000      206816
 max=   27.350165246132768     
 min=   0.0000000000000000     
       n_pass,     n_total
      200000      216816
 max=   27.350165246132768     
 min=   0.0000000000000000     
       n_pass,     n_total
      210000      226816
   1.7692491755487594E-002 +\-   6.2014479167587723E-006
 precision:   3.5051297479538458E-004
 ====================NCALL=80K ===========================
  
 max=   27.351400816731765     
 min=   0.0000000000000000     
       n_pass,     n_total
      220000      241898
 max=   27.351400816731765     
 min=   0.0000000000000000     
       n_pass,     n_total
      230000      251898
 max=   27.351400816731765     
 min=   0.0000000000000000     
       n_pass,     n_total
      240000      261898
 max=   27.351400816731765     
 min=   0.0000000000000000     
       n_pass,     n_total
      250000      271898
 max=   27.351400816731765     
 min=   0.0000000000000000     
       n_pass,     n_total
      260000      281898
 max=   27.351400816731765     
 min=   0.0000000000000000     
       n_pass,     n_total
      270000      291898
 max=   27.351400816731765     
 min=   0.0000000000000000     
       n_pass,     n_total
      280000      301898
   1.7679224520600091E-002 +\-   2.7710022190631331E-006
 precision:   1.5673776956870030E-004
 sigma (pb)                   sd (pb)
   1.7679224520600091E-002   2.7710022190631331E-006
