 =======================================================
 |                                                     |
 |         \/\/\/\/\/\___________/\/\/\/\/\/           |
 |                   |     \     |                     |
 |                   |     /     |                     |
 |                   |     \     |                     |
 |         /\/\/\/\/\|_____/_____|/\/\/\/\/\           |
 |                                                     |
 | Light-by-light scattering at next-to-leading order  |
 |                   (VERSION 0.5)                     |
 |                                                     |
 |    Authors:                                         |
 |            Ajjath A.H. (LPTHE Paris)                |
 |            Ekta Chaubey (Bonn)                      |
 |            Mathijs Fraaije (Bern)                   |
 |            Valentin Hirschi (Bern)                  |
 |            Hua-Sheng Shao (LPTHE Paris)             |
 |                                                     |
 |    Please cite                                      |
 |            PLB 851 (2024) 138555 [arXiv:2312.16956] |
 |            JHEP 03 (2024) 121    [arXiv:2312.16966] |
 |                                                     |
 =======================================================
 ---------------------------------------------------
         the cuts in the lab frame                  
 min transverse momentum of photon    0.0000000000000000     
 max (pseudo-)rapidity of photon    5.0000000000000000     
 min (pseudo-)rapidity of photon   -5.0000000000000000     
 min invariant mass of di-photon    0.0000000000000000     
 ---------------------------------------------------
 max=   80094.744890779184     
 min=   0.0000000000000000     
       n_pass,     n_total
       10000       10000
  
 ====================NCALL=20K===========================
  
 ITERATION            1 :
   1174.6521404236205      +\-   9.9175720551904281     
 precision:   8.4429864075451361E-003
 WARNING: outside the range of the grid (xs,xt)=  0.18297963911784362      -0.18297088404912928     
 WARNING: set the 2-loop amplitudes to zero
 WARNING: outside the range of the grid (xs,xt)=  0.17763745674740483      -0.17762895728731432     
 WARNING: set the 2-loop amplitudes to zero
 WARNING: outside the range of the grid (xs,xt)=   8.5526405664306554E-002  -8.5522313462780261E-002
 WARNING: set the 2-loop amplitudes to zero
 WARNING: outside the range of the grid (xs,xt)=   78641.281245093298       -78637.518477692487     
 WARNING: set the 2-loop amplitudes to zero
 WARNING: outside the range of the grid (xs,xt)=   1.5968579018255682       -1.5967814965996923     
 WARNING: set the 2-loop amplitudes to zero
 INFO: will suppress the further warning
 max=   87285.352627882807     
 min=   0.0000000000000000     
       n_pass,     n_total
       20000       20009
 max=   87285.352627882807     
 min=   0.0000000000000000     
       n_pass,     n_total
       30000       30009
 ITERATION            2 :
   1162.9599485198878      +\-   2.5025965434269493     
 precision:   2.1519198030955683E-003
 max=   88889.337471624909     
 min=   0.0000000000000000     
       n_pass,     n_total
       40000       40044
 max=   88889.337471624909     
 min=   0.0000000000000000     
       n_pass,     n_total
       50000       50044
 ITERATION            3 :
   1162.7413247543518      +\-  0.84352143466809659     
 precision:   7.2545923732976838E-004
 max=   89291.746283778266     
 min=   0.0000000000000000     
       n_pass,     n_total
       60000       60178
 max=   89291.746283778266     
 min=   0.0000000000000000     
       n_pass,     n_total
       70000       70178
 ITERATION            4 :
   1163.1759528779498      +\-  0.52287059819855708     
 precision:   4.4951977979329927E-004
 max=   89526.264495653624     
 min=   0.0000000000000000     
       n_pass,     n_total
       80000       80496
 max=   89526.264495653624     
 min=   0.0000000000000000     
       n_pass,     n_total
       90000       90496
 ITERATION            5 :
   1162.8266388654413      +\-  0.35238579895843880     
 precision:   3.0304242023751558E-004
 max=   89526.264495653624     
 min=   0.0000000000000000     
       n_pass,     n_total
      100000      100941
 max=   89526.264495653624     
 min=   0.0000000000000000     
       n_pass,     n_total
      110000      110941
 ITERATION            6 :
   1162.9196609401299      +\-  0.29560635221776821     
 precision:   2.5419327073616894E-004
 max=   89539.333436159752     
 min=   0.0000000000000000     
       n_pass,     n_total
      120000      121379
 max=   89539.333436159752     
 min=   0.0000000000000000     
       n_pass,     n_total
      130000      131379
 ITERATION            7 :
   1163.2782224463078      +\-  0.28743335888404020     
 precision:   2.4708909127481489E-004
 max=   89539.333436159752     
 min=   0.0000000000000000     
       n_pass,     n_total
      140000      141800
 max=   89539.333436159752     
 min=   0.0000000000000000     
       n_pass,     n_total
      150000      151800
 ITERATION            8 :
   1162.4931030488078      +\-  0.34708405070455078     
 precision:   2.9856869670389632E-004
 max=   89539.333436159752     
 min=   0.0000000000000000     
       n_pass,     n_total
      160000      162512
 max=   89539.333436159752     
 min=   0.0000000000000000     
       n_pass,     n_total
      170000      172512
 ITERATION            9 :
   1163.0858659483140      +\-  0.31176787279815676     
 precision:   2.6805232693973029E-004
 max=   89547.662464996261     
 min=   0.0000000000000000     
       n_pass,     n_total
      180000      183078
 max=   89547.662464996261     
 min=   0.0000000000000000     
       n_pass,     n_total
      190000      193078
 ITERATION           10 :
   1163.1275811253568      +\-  0.29543713165787072     
 precision:   2.5400234372572223E-004
 ====================NCALL=40K ===========================
  
 max=   89550.552265578939     
 min=   0.0000000000000000     
       n_pass,     n_total
      200000      204165
 max=   89550.552265578939     
 min=   0.0000000000000000     
       n_pass,     n_total
      210000      214165
 max=   89550.552265578939     
 min=   0.0000000000000000     
       n_pass,     n_total
      220000      224165
 max=   89550.552265578939     
 min=   0.0000000000000000     
       n_pass,     n_total
      230000      234165
   1163.0628699073861      +\-  0.14122734254361910     
 precision:   1.2142709237624011E-004
 ====================NCALL=80K ===========================
  
 max=   89550.552265578939     
 min=   0.0000000000000000     
       n_pass,     n_total
      240000      246747
 max=   89550.552265578939     
 min=   0.0000000000000000     
       n_pass,     n_total
      250000      256747
 max=   89550.552265578939     
 min=   0.0000000000000000     
       n_pass,     n_total
      260000      266747
 max=   89550.552265578939     
 min=   0.0000000000000000     
       n_pass,     n_total
      270000      276747
 max=   89550.552265578939     
 min=   0.0000000000000000     
       n_pass,     n_total
      280000      286747
 max=   89550.552265578939     
 min=   0.0000000000000000     
       n_pass,     n_total
      290000      296747
 max=   89550.552265578939     
 min=   0.0000000000000000     
       n_pass,     n_total
      300000      306747
   1162.9393963703405      +\-   7.1817008717722536E-002
 precision:   6.1754730248086168E-005
 sigma (pb)                   sd (pb)
   1162.9393963703405        7.1817008717722536E-002
