 =======================================================
 |                                                     |
 |         \/\/\/\/\/\___________/\/\/\/\/\/           |
 |                   |     \     |                     |
 |                   |     /     |                     |
 |                   |     \     |                     |
 |         /\/\/\/\/\|_____/_____|/\/\/\/\/\           |
 |                                                     |
 | Light-by-light scattering at next-to-leading order  |
 |                   (VERSION 0.5)                     |
 |                                                     |
 |    Authors:                                         |
 |            Ajjath A.H. (LPTHE Paris)                |
 |            Ekta Chaubey (Bonn)                      |
 |            Mathijs Fraaije (Bern)                   |
 |            Valentin Hirschi (Bern)                  |
 |            Hua-Sheng Shao (LPTHE Paris)             |
 |                                                     |
 |    Please cite                                      |
 |            PLB 851 (2024) 138555 [arXiv:2312.16956] |
 |            JHEP 03 (2024) 121    [arXiv:2312.16966] |
 |                                                     |
 =======================================================
 ---------------------------------------------------
         the cuts in the lab frame                  
 min transverse momentum of photon    0.0000000000000000     
 max (pseudo-)rapidity of photon    5.0000000000000000     
 min (pseudo-)rapidity of photon   -5.0000000000000000     
 min invariant mass of di-photon    0.0000000000000000     
 ---------------------------------------------------
 max=   1044.0519381397207     
 min=   0.0000000000000000     
       n_pass,     n_total
       10000       10000
  
 ====================NCALL=20K===========================
  
 ITERATION            1 :
   45.100450367829048      +\-  0.12160585625385201     
 precision:   2.6963335235471535E-003
 max=   1173.0574566090957     
 min=   0.0000000000000000     
       n_pass,     n_total
       20000       20007
 max=   1173.0574566090957     
 min=   0.0000000000000000     
       n_pass,     n_total
       30000       30007
 ITERATION            2 :
   44.932983473354533      +\-   3.1059335383007765E-002
 precision:   6.9123688173134768E-004
 WARNING: outside the range of the grid (xs,xt)=   23.966139451993755       -23.964941838733473     
 WARNING: set the 2-loop amplitudes to zero
 WARNING: outside the range of the grid (xs,xt)=   23.266435986159163       -23.265273337818893     
 WARNING: set the 2-loop amplitudes to zero
 WARNING: outside the range of the grid (xs,xt)=   11.201999167013744       -11.201439391303062     
 WARNING: set the 2-loop amplitudes to zero
 WARNING: outside the range of the grid (xs,xt)=   1.1953777777777777       -1.1953180434897177     
 WARNING: set the 2-loop amplitudes to zero
 WARNING: outside the range of the grid (xs,xt)=  0.11920664819944596      -0.11920069131753416     
 WARNING: set the 2-loop amplitudes to zero
 INFO: will suppress the further warning
 max=   1173.0574566090957     
 min=   0.0000000000000000     
       n_pass,     n_total
       40000       40035
 max=   1173.0574566090957     
 min=   0.0000000000000000     
       n_pass,     n_total
       50000       50035
 ITERATION            3 :
   44.906043238680120      +\-   1.4387924737059266E-002
 precision:   3.2040063428848549E-004
 max=   1173.0574566090957     
 min=   0.0000000000000000     
       n_pass,     n_total
       60000       60115
 max=   1173.0574566090957     
 min=   0.0000000000000000     
       n_pass,     n_total
       70000       70115
 ITERATION            4 :
   44.914574140970473      +\-   1.1412230557890155E-002
 precision:   2.5408747107500838E-004
 max=   1173.0574566090957     
 min=   0.0000000000000000     
       n_pass,     n_total
       80000       80286
 max=   1173.0574566090957     
 min=   0.0000000000000000     
       n_pass,     n_total
       90000       90286
 ITERATION            5 :
   44.907465808305609      +\-   9.4560726086373673E-003
 precision:   2.1056794095222520E-004
 max=   1174.1646798812997     
 min=   0.0000000000000000     
       n_pass,     n_total
      100000      100561
 max=   1174.1646798812997     
 min=   0.0000000000000000     
       n_pass,     n_total
      110000      110561
 ITERATION            6 :
   44.912555039308117      +\-   8.2259189885876827E-003
 precision:   1.8315410872056243E-004
 max=   1174.1646798812997     
 min=   0.0000000000000000     
       n_pass,     n_total
      120000      120841
 max=   1174.1646798812997     
 min=   0.0000000000000000     
       n_pass,     n_total
      130000      130841
 ITERATION            7 :
   44.930531976744618      +\-   7.7839914395245692E-003
 precision:   1.7324503176489094E-004
 max=   1174.1646798812997     
 min=   0.0000000000000000     
       n_pass,     n_total
      140000      141194
 max=   1174.1646798812997     
 min=   0.0000000000000000     
       n_pass,     n_total
      150000      151194
 ITERATION            8 :
   44.901239077046611      +\-   7.6474835485823827E-003
 precision:   1.7031787330990951E-004
 max=   1174.1646798812997     
 min=   0.0000000000000000     
       n_pass,     n_total
      160000      161443
 max=   1174.1646798812997     
 min=   0.0000000000000000     
       n_pass,     n_total
      170000      171443
 ITERATION            9 :
   44.912749521378096      +\-   7.5747145395537452E-003
 precision:   1.6865399291460088E-004
 max=   1174.1646798812997     
 min=   0.0000000000000000     
       n_pass,     n_total
      180000      181820
 max=   1174.1646798812997     
 min=   0.0000000000000000     
       n_pass,     n_total
      190000      191820
 ITERATION           10 :
   44.921305206943849      +\-   7.9527409324364803E-003
 precision:   1.7703717413818958E-004
 ====================NCALL=40K ===========================
  
 max=   1174.4273446236932     
 min=   0.0000000000000000     
       n_pass,     n_total
      200000      202075
 max=   1174.4273446236932     
 min=   0.0000000000000000     
       n_pass,     n_total
      210000      212075
 max=   1174.4273446236932     
 min=   0.0000000000000000     
       n_pass,     n_total
      220000      222075
 max=   1174.4273446236932     
 min=   0.0000000000000000     
       n_pass,     n_total
      230000      232075
   44.918134254817410      +\-   4.3596903927645998E-003
 precision:   9.7058581463610745E-005
 ====================NCALL=80K ===========================
  
 max=   1174.4273446236932     
 min=   0.0000000000000000     
       n_pass,     n_total
      240000      243323
 max=   1174.4273446236932     
 min=   0.0000000000000000     
       n_pass,     n_total
      250000      253323
 max=   1174.4273446236932     
 min=   0.0000000000000000     
       n_pass,     n_total
      260000      263323
 max=   1174.4273446236932     
 min=   0.0000000000000000     
       n_pass,     n_total
      270000      273323
 max=   1174.4273446236932     
 min=   0.0000000000000000     
       n_pass,     n_total
      280000      283323
 max=   1174.4273446236932     
 min=   0.0000000000000000     
       n_pass,     n_total
      290000      293323
 max=   1174.4273446236932     
 min=   0.0000000000000000     
       n_pass,     n_total
      300000      303323
 max=   1174.4273446236932     
 min=   0.0000000000000000     
       n_pass,     n_total
      310000      313323
   44.917057676330813      +\-   1.9008132654764563E-003
 precision:   4.2318294291972197E-005
 sigma (pb)                   sd (pb)
   44.917057676330813        1.9008132654764563E-003
