 =======================================================
 |                                                     |
 |         \/\/\/\/\/\___________/\/\/\/\/\/           |
 |                   |     \     |                     |
 |                   |     /     |                     |
 |                   |     \     |                     |
 |         /\/\/\/\/\|_____/_____|/\/\/\/\/\           |
 |                                                     |
 | Light-by-light scattering at next-to-leading order  |
 |                   (VERSION 0.5)                     |
 |                                                     |
 |    Authors:                                         |
 |            Ajjath A.H. (LPTHE Paris)                |
 |            Ekta Chaubey (Bonn)                      |
 |            Mathijs Fraaije (Bern)                   |
 |            Valentin Hirschi (Bern)                  |
 |            Hua-Sheng Shao (LPTHE Paris)             |
 |                                                     |
 |    Please cite                                      |
 |            PLB 851 (2024) 138555 [arXiv:2312.16956] |
 |            JHEP 03 (2024) 121    [arXiv:2312.16966] |
 |                                                     |
 =======================================================
 ---------------------------------------------------
         the cuts in the lab frame                  
 min transverse momentum of photon    0.0000000000000000     
 max (pseudo-)rapidity of photon    5.0000000000000000     
 min (pseudo-)rapidity of photon   -5.0000000000000000     
 min invariant mass of di-photon    0.0000000000000000     
 ---------------------------------------------------
 max=  0.21046849304256374     
 min=   0.0000000000000000     
       n_pass,     n_total
       10000       10000
  
 ====================NCALL=20K===========================
  
 ITERATION            1 :
   1.9893064585281239E-002 +\-   1.9340323409266630E-005
 precision:   9.7221437784786671E-004
 max=  0.22280787832803006     
 min=   0.0000000000000000     
       n_pass,     n_total
       20000       20007
 max=  0.22280787832803006     
 min=   0.0000000000000000     
       n_pass,     n_total
       30000       30007
 WARNING: outside the range of the grid (xs,xt)=   3207841.3900646018       -153.16203478876102     
 WARNING: set the 2-loop amplitudes to zero
 WARNING: outside the range of the grid (xs,xt)=   3114186.8512110719       -148.69039233709952     
 WARNING: set the 2-loop amplitudes to zero
 WARNING: outside the range of the grid (xs,xt)=   1499375.2603082052       -71.589376735396542     
 WARNING: set the 2-loop amplitudes to zero
 WARNING: outside the range of the grid (xs,xt)=   160000.00000000000       -7.6393819351860923     
 WARNING: set the 2-loop amplitudes to zero
 WARNING: outside the range of the grid (xs,xt)=   15955.678670360110      -0.76182202123739429     
 WARNING: set the 2-loop amplitudes to zero
 INFO: will suppress the further warning
 ITERATION            2 :
   1.9862641115786419E-002 +\-   6.4828035016217466E-006
 precision:   3.2638174670886780E-004
 max=  0.22936234318976423     
 min=   0.0000000000000000     
       n_pass,     n_total
       40000       40027
 max=  0.22936234318976423     
 min=   0.0000000000000000     
       n_pass,     n_total
       50000       50027
 ITERATION            3 :
   1.9851674841610271E-002 +\-   4.3109927423863021E-006
 precision:   2.1716015282248173E-004
 max=  0.22959862120361649     
 min=   0.0000000000000000     
       n_pass,     n_total
       60000       60070
 max=  0.22959862120361649     
 min=   0.0000000000000000     
       n_pass,     n_total
       70000       70070
 ITERATION            4 :
   1.9856653958715387E-002 +\-   3.6571720522742931E-006
 precision:   1.8417866675211433E-004
 max=  0.23179221098114075     
 min=   0.0000000000000000     
       n_pass,     n_total
       80000       80137
 max=  0.23179221098114075     
 min=   0.0000000000000000     
       n_pass,     n_total
       90000       90137
 ITERATION            5 :
   1.9858449443081089E-002 +\-   3.3835722359645878E-006
 precision:   1.7038451293303078E-004
 max=  0.23179221098114075     
 min=   0.0000000000000000     
       n_pass,     n_total
      100000      100240
 max=  0.23179221098114075     
 min=   0.0000000000000000     
       n_pass,     n_total
      110000      110240
 ITERATION            6 :
   1.9854445253200417E-002 +\-   3.2795331834375517E-006
 precision:   1.6517878699778382E-004
 max=  0.23444947851529438     
 min=   0.0000000000000000     
       n_pass,     n_total
      120000      120361
 max=  0.23444947851529438     
 min=   0.0000000000000000     
       n_pass,     n_total
      130000      130361
 ITERATION            7 :
   1.9862359306441441E-002 +\-   3.0953501944532926E-006
 precision:   1.5584000604849891E-004
 max=  0.23444947851529438     
 min=   0.0000000000000000     
       n_pass,     n_total
      140000      140508
 max=  0.23444947851529438     
 min=   0.0000000000000000     
       n_pass,     n_total
      150000      150508
 ITERATION            8 :
   1.9851334970618289E-002 +\-   3.0321851646339499E-006
 precision:   1.5274464760792406E-004
 max=  0.23444947851529438     
 min=   0.0000000000000000     
       n_pass,     n_total
      160000      160678
 max=  0.23444947851529438     
 min=   0.0000000000000000     
       n_pass,     n_total
      170000      170678
 ITERATION            9 :
   1.9856654288795093E-002 +\-   2.9588259627424179E-006
 precision:   1.4900929027162712E-004
 max=  0.23444947851529438     
 min=   0.0000000000000000     
       n_pass,     n_total
      180000      180863
 max=  0.23444947851529438     
 min=   0.0000000000000000     
       n_pass,     n_total
      190000      190863
 ITERATION           10 :
   1.9858905857778369E-002 +\-   2.9634082115994788E-006
 precision:   1.4922313609935193E-004
 ====================NCALL=40K ===========================
  
 max=  0.23444947851529438     
 min=   0.0000000000000000     
       n_pass,     n_total
      200000      201165
 max=  0.23444947851529438     
 min=   0.0000000000000000     
       n_pass,     n_total
      210000      211165
 max=  0.23444947851529438     
 min=   0.0000000000000000     
       n_pass,     n_total
      220000      221165
 max=  0.23444947851529438     
 min=   0.0000000000000000     
       n_pass,     n_total
      230000      231165
   1.9858630501313566E-002 +\-   1.4378643133926748E-006
 precision:   7.2405008658455377E-005
 ====================NCALL=80K ===========================
  
 max=  0.23684305686776461     
 min=   0.0000000000000000     
       n_pass,     n_total
      240000      241780
 max=  0.23684305686776461     
 min=   0.0000000000000000     
       n_pass,     n_total
      250000      251780
 max=  0.23684305686776461     
 min=   0.0000000000000000     
       n_pass,     n_total
      260000      261780
 max=  0.23684305686776461     
 min=   0.0000000000000000     
       n_pass,     n_total
      270000      271780
 max=  0.23684305686776461     
 min=   0.0000000000000000     
       n_pass,     n_total
      280000      281780
 max=  0.23684305686776461     
 min=   0.0000000000000000     
       n_pass,     n_total
      290000      291780
 max=  0.23684305686776461     
 min=   0.0000000000000000     
       n_pass,     n_total
      300000      301780
 max=  0.23684305686776461     
 min=   0.0000000000000000     
       n_pass,     n_total
      310000      311780
   1.9856844158396843E-002 +\-   6.7732813627451423E-007
 precision:   3.4110563132364270E-005
 sigma (pb)                   sd (pb)
   1.9856844158396843E-002   6.7732813627451423E-007
