 =======================================================
 |                                                     |
 |         \/\/\/\/\/\___________/\/\/\/\/\/           |
 |                   |     \     |                     |
 |                   |     /     |                     |
 |                   |     \     |                     |
 |         /\/\/\/\/\|_____/_____|/\/\/\/\/\           |
 |                                                     |
 | Light-by-light scattering at next-to-leading order  |
 |                   (VERSION 0.5)                     |
 |                                                     |
 |    Authors:                                         |
 |            Ajjath A.H. (LPTHE Paris)                |
 |            Ekta Chaubey (Bonn)                      |
 |            Mathijs Fraaije (Bern)                   |
 |            Valentin Hirschi (Bern)                  |
 |            Hua-Sheng Shao (LPTHE Paris)             |
 |                                                     |
 |    Please cite                                      |
 |            PLB 851 (2024) 138555 [arXiv:2312.16956] |
 |            JHEP 03 (2024) 121    [arXiv:2312.16966] |
 |                                                     |
 =======================================================
 ---------------------------------------------------
         the cuts in the lab frame                  
 min transverse momentum of photon    0.0000000000000000     
 max (pseudo-)rapidity of photon    5.0000000000000000     
 min (pseudo-)rapidity of photon   -5.0000000000000000     
 min invariant mass of di-photon    0.0000000000000000     
 ---------------------------------------------------
 max=  0.96710150685876539     
 min=   0.0000000000000000     
       n_pass,     n_total
       10000       10000
  
 ====================NCALL=20K===========================
  
 ITERATION            1 :
   2.1781820765025779E-002 +\-   1.9064190405040324E-004
 precision:   8.7523401329474490E-003
 max=  0.97723570336061016     
 min=   0.0000000000000000     
       n_pass,     n_total
       20000       20007
 max=  0.97723570336061016     
 min=   0.0000000000000000     
       n_pass,     n_total
       30000       30007
 WARNING: outside the range of the grid (xs,xt)=   43127645.355312981       -2122.2552883704993     
 WARNING: set the 2-loop amplitudes to zero
 WARNING: outside the range of the grid (xs,xt)=   41868512.110726632       -2060.2949804271561     
 WARNING: set the 2-loop amplitudes to zero
 WARNING: outside the range of the grid (xs,xt)=   20158267.388588089       -991.96209803156739     
 WARNING: set the 2-loop amplitudes to zero
 WARNING: outside the range of the grid (xs,xt)=   2151111.1111111110       -105.85337766105746     
 WARNING: set the 2-loop amplitudes to zero
 WARNING: outside the range of the grid (xs,xt)=   214515.23545706371       -10.556015500825675     
 WARNING: set the 2-loop amplitudes to zero
 INFO: will suppress the further warning
 ITERATION            2 :
   2.1428690999754557E-002 +\-   2.2968425658139576E-005
 precision:   1.0718538831141228E-003
 max=  0.97723570336061016     
 min=   0.0000000000000000     
       n_pass,     n_total
       40000       40040
 max=  0.97723570336061016     
 min=   0.0000000000000000     
       n_pass,     n_total
       50000       50040
 ITERATION            3 :
   2.1405061307044889E-002 +\-   1.3364863460693014E-005
 precision:   6.2437865834536691E-004
 max=  0.97739196960487218     
 min=   0.0000000000000000     
       n_pass,     n_total
       60000       60143
 max=  0.97739196960487218     
 min=   0.0000000000000000     
       n_pass,     n_total
       70000       70143
 ITERATION            4 :
   2.1404397882496384E-002 +\-   9.9164699056738658E-006
 precision:   4.6329123389091630E-004
 max=  0.97739196960487218     
 min=   0.0000000000000000     
       n_pass,     n_total
       80000       80340
 max=  0.97739196960487218     
 min=   0.0000000000000000     
       n_pass,     n_total
       90000       90340
 ITERATION            5 :
   2.1393661207496781E-002 +\-   7.7110882273625016E-006
 precision:   3.6043798920496958E-004
 max=  0.97739196960487218     
 min=   0.0000000000000000     
       n_pass,     n_total
      100000      100641
 max=  0.97739196960487218     
 min=   0.0000000000000000     
       n_pass,     n_total
      110000      110641
 ITERATION            6 :
   2.1397223941996793E-002 +\-   6.9963521896192469E-006
 precision:   3.2697476123934728E-004
 max=  0.97739196960487218     
 min=   0.0000000000000000     
       n_pass,     n_total
      120000      120914
 max=  0.97739196960487218     
 min=   0.0000000000000000     
       n_pass,     n_total
      130000      130914
 ITERATION            7 :
   2.1415083801774832E-002 +\-   6.8118027906251602E-006
 precision:   3.1808433969614513E-004
 max=  0.97739196960487218     
 min=   0.0000000000000000     
       n_pass,     n_total
      140000      141263
 max=  0.97739196960487218     
 min=   0.0000000000000000     
       n_pass,     n_total
      150000      151263
 ITERATION            8 :
   2.1389306258475863E-002 +\-   6.7588775324914528E-006
 precision:   3.1599330295311174E-004
 max=  0.97739196960487218     
 min=   0.0000000000000000     
       n_pass,     n_total
      160000      161496
 max=  0.97739196960487218     
 min=   0.0000000000000000     
       n_pass,     n_total
      170000      171496
 ITERATION            9 :
   2.1400530603286502E-002 +\-   6.7123931411206106E-006
 precision:   3.1365545394887456E-004
 max=  0.97739196960487218     
 min=   0.0000000000000000     
       n_pass,     n_total
      180000      181865
 max=  0.97739196960487218     
 min=   0.0000000000000000     
       n_pass,     n_total
      190000      191865
 ITERATION           10 :
   2.1404473769604221E-002 +\-   7.3314132023503422E-006
 precision:   3.4251779703930107E-004
 ====================NCALL=40K ===========================
  
 max=  0.97739196960487218     
 min=   0.0000000000000000     
       n_pass,     n_total
      200000      202143
 max=  0.97739196960487218     
 min=   0.0000000000000000     
       n_pass,     n_total
      210000      212143
 max=  0.97739196960487218     
 min=   0.0000000000000000     
       n_pass,     n_total
      220000      222143
 max=  0.97739196960487218     
 min=   0.0000000000000000     
       n_pass,     n_total
      230000      232143
   2.1403677443629348E-002 +\-   3.6052113940054272E-006
 precision:   1.6843887708083979E-004
 ====================NCALL=80K ===========================
  
 max=  0.97739196960487218     
 min=   0.0000000000000000     
       n_pass,     n_total
      240000      243289
 max=  0.97739196960487218     
 min=   0.0000000000000000     
       n_pass,     n_total
      250000      253289
 max=  0.97739196960487218     
 min=   0.0000000000000000     
       n_pass,     n_total
      260000      263289
 max=  0.97739196960487218     
 min=   0.0000000000000000     
       n_pass,     n_total
      270000      273289
 max=  0.97739196960487218     
 min=   0.0000000000000000     
       n_pass,     n_total
      280000      283289
 max=  0.97739196960487218     
 min=   0.0000000000000000     
       n_pass,     n_total
      290000      293289
 max=  0.97739196960487218     
 min=   0.0000000000000000     
       n_pass,     n_total
      300000      303289
 max=  0.97739196960487218     
 min=   0.0000000000000000     
       n_pass,     n_total
      310000      313289
   2.1401780272268720E-002 +\-   1.6528014666163758E-006
 precision:   7.7227288832508364E-005
 sigma (pb)                   sd (pb)
   2.1401780272268720E-002   1.6528014666163758E-006
