 =======================================================
 |                                                     |
 |         \/\/\/\/\/\___________/\/\/\/\/\/           |
 |                   |     \     |                     |
 |                   |     /     |                     |
 |                   |     \     |                     |
 |         /\/\/\/\/\|_____/_____|/\/\/\/\/\           |
 |                                                     |
 | Light-by-light scattering at next-to-leading order  |
 |                   (VERSION 0.5)                     |
 |                                                     |
 |    Authors:                                         |
 |            Ajjath A.H. (LPTHE Paris)                |
 |            Ekta Chaubey (Bonn)                      |
 |            Mathijs Fraaije (Bern)                   |
 |            Valentin Hirschi (Bern)                  |
 |            Hua-Sheng Shao (LPTHE Paris)             |
 |                                                     |
 |    Please cite                                      |
 |            PLB 851 (2024) 138555 [arXiv:2312.16956] |
 |            JHEP 03 (2024) 121    [arXiv:2312.16966] |
 |                                                     |
 =======================================================
 ---------------------------------------------------
         the cuts in the lab frame                  
 min transverse momentum of photon    0.0000000000000000     
 max (pseudo-)rapidity of photon    5.0000000000000000     
 min (pseudo-)rapidity of photon   -5.0000000000000000     
 min invariant mass of di-photon    0.0000000000000000     
 ---------------------------------------------------
 max=   14.791791503931222     
 min=   0.0000000000000000     
       n_pass,     n_total
       10000       10000
  
 ====================NCALL=20K===========================
  
 ITERATION            1 :
   2.0160679292956889E-002 +\-   1.7992178702030300E-003
 precision:   8.9243911083471517E-002
 WARNING: outside the range of the grid (xs,xt)=   49937777.777777776       -49935408.464811228     
 WARNING: set the 2-loop amplitudes to zero
 WARNING: outside the range of the grid (xs,xt)=   4979944.5983379502       -4979708.3233606759     
 WARNING: set the 2-loop amplitudes to zero
 WARNING: outside the range of the grid (xs,xt)=   3754.2183166828158       -3754.0401966596028     
 WARNING: set the 2-loop amplitudes to zero
 WARNING: outside the range of the grid (xs,xt)=   35582534.156667657       -35580845.932575360     
 WARNING: set the 2-loop amplitudes to zero
 max=   16.662742957935816     
 min=   0.0000000000000000     
       n_pass,     n_total
       20000       20010
 max=   16.662742957935816     
 min=   0.0000000000000000     
       n_pass,     n_total
       30000       30010
 ITERATION            2 :
   1.8902275897775697E-002 +\-   5.0441863207945862E-004
 precision:   2.6685603088610906E-002
 WARNING: outside the range of the grid (xs,xt)=   49937777.777777776       -49935462.848347306     
 WARNING: set the 2-loop amplitudes to zero
 INFO: will suppress the further warning
 max=   16.751436970507449     
 min=   0.0000000000000000     
       n_pass,     n_total
       40000       40063
 max=   16.751436970507449     
 min=   0.0000000000000000     
       n_pass,     n_total
       50000       50063
 ITERATION            3 :
   1.9185458291987732E-002 +\-   1.1711268117126823E-004
 precision:   6.1042420456631497E-003
 max=   16.820650621899830     
 min=   0.0000000000000000     
       n_pass,     n_total
       60000       60376
 max=   16.820650621899830     
 min=   0.0000000000000000     
       n_pass,     n_total
       70000       70376
 ITERATION            4 :
   1.9097125031026171E-002 +\-   3.0561485117015021E-005
 precision:   1.6003186378768146E-003
 max=   16.824992817289569     
 min=   0.0000000000000000     
       n_pass,     n_total
       80000       81459
 max=   16.824992817289569     
 min=   0.0000000000000000     
       n_pass,     n_total
       90000       91459
 ITERATION            5 :
   1.9120167270493003E-002 +\-   1.5948845727342267E-005
 precision:   8.3413735359706578E-004
 max=   16.829750963240357     
 min=   0.0000000000000000     
       n_pass,     n_total
      100000      103196
 max=   16.829750963240357     
 min=   0.0000000000000000     
       n_pass,     n_total
      110000      113196
 ITERATION            6 :
   1.9096973046165693E-002 +\-   1.2852647804817069E-005
 precision:   6.7302015736978981E-004
 max=   16.829750963240357     
 min=   0.0000000000000000     
       n_pass,     n_total
      120000      125561
 max=   16.829750963240357     
 min=   0.0000000000000000     
       n_pass,     n_total
      130000      135561
 ITERATION            7 :
   1.9133033232021597E-002 +\-   1.3757592701696866E-005
 precision:   7.1904922418008252E-004
 max=   16.830135177904022     
 min=   0.0000000000000000     
       n_pass,     n_total
      140000      147183
 ITERATION            8 :
   1.9114219919956932E-002 +\-   1.3132432091784877E-005
 precision:   6.8705038169375985E-004
 max=   16.830135177904022     
 min=   0.0000000000000000     
       n_pass,     n_total
      150000      160492
 max=   16.830135177904022     
 min=   0.0000000000000000     
       n_pass,     n_total
      160000      170492
 ITERATION            9 :
   1.9124868859975479E-002 +\-   1.1367700447469108E-005
 precision:   5.9439364163481551E-004
 max=   16.830135177904022     
 min=   0.0000000000000000     
       n_pass,     n_total
      170000      181810
 max=   16.830135177904022     
 min=   0.0000000000000000     
       n_pass,     n_total
      180000      191810
 ITERATION           10 :
   1.9147366711959494E-002 +\-   1.4355354353528578E-005
 precision:   7.4972995344379058E-004
 ====================NCALL=40K ===========================
  
 max=   16.830135177904022     
 min=   0.0000000000000000     
       n_pass,     n_total
      190000      205873
 max=   16.830135177904022     
 min=   0.0000000000000000     
       n_pass,     n_total
      200000      215873
 max=   16.830135177904022     
 min=   0.0000000000000000     
       n_pass,     n_total
      210000      225873
   1.9122251555999802E-002 +\-   6.2539979794912640E-006
 precision:   3.2705343098203354E-004
 ====================NCALL=80K ===========================
  
 max=   16.830135177904022     
 min=   0.0000000000000000     
       n_pass,     n_total
      220000      241699
 max=   16.830135177904022     
 min=   0.0000000000000000     
       n_pass,     n_total
      230000      251699
 max=   16.830135177904022     
 min=   0.0000000000000000     
       n_pass,     n_total
      240000      261699
 max=   16.830135177904022     
 min=   0.0000000000000000     
       n_pass,     n_total
      250000      271699
 max=   16.830135177904022     
 min=   0.0000000000000000     
       n_pass,     n_total
      260000      281699
 max=   16.830135177904022     
 min=   0.0000000000000000     
       n_pass,     n_total
      270000      291699
 max=   16.830135177904022     
 min=   0.0000000000000000     
       n_pass,     n_total
      280000      301699
 max=   16.830135177904022     
 min=   0.0000000000000000     
       n_pass,     n_total
      290000      311699
   1.9119822281133778E-002 +\-   2.6983319211488700E-006
 precision:   1.4112745827200558E-004
 sigma (pb)                   sd (pb)
   1.9119822281133778E-002   2.6983319211488700E-006
