 =======================================================
 |                                                     |
 |         \/\/\/\/\/\___________/\/\/\/\/\/           |
 |                   |     \     |                     |
 |                   |     /     |                     |
 |                   |     \     |                     |
 |         /\/\/\/\/\|_____/_____|/\/\/\/\/\           |
 |                                                     |
 | Light-by-light scattering at next-to-leading order  |
 |                   (VERSION 0.5)                     |
 |                                                     |
 |    Authors:                                         |
 |            Ajjath A.H. (LPTHE Paris)                |
 |            Ekta Chaubey (Bonn)                      |
 |            Mathijs Fraaije (Bern)                   |
 |            Valentin Hirschi (Bern)                  |
 |            Hua-Sheng Shao (LPTHE Paris)             |
 |                                                     |
 |    Please cite                                      |
 |            PLB 851 (2024) 138555 [arXiv:2312.16956] |
 |            JHEP 03 (2024) 121    [arXiv:2312.16966] |
 |                                                     |
 =======================================================
 ---------------------------------------------------
         the cuts in the lab frame                  
 min transverse momentum of photon    0.0000000000000000     
 max (pseudo-)rapidity of photon    5.0000000000000000     
 min (pseudo-)rapidity of photon   -5.0000000000000000     
 min invariant mass of di-photon    0.0000000000000000     
 ---------------------------------------------------
 WARNING: outside the range of the grid (xs,xt)=  0.47685053505718966      -0.47685053028918045     
 WARNING: set the 2-loop amplitudes to zero
 WARNING: outside the range of the grid (xs,xt)=  0.47706517026785999      -0.47706516549770478     
 WARNING: set the 2-loop amplitudes to zero
 WARNING: outside the range of the grid (xs,xt)=  0.47682671649202329      -0.47682671172425206     
 WARNING: set the 2-loop amplitudes to zero
 WARNING: outside the range of the grid (xs,xt)=  0.47692508555863244      -0.47692508078987772     
 WARNING: set the 2-loop amplitudes to zero
 WARNING: outside the range of the grid (xs,xt)=  0.47708624576104991      -0.47708624099068403     
 WARNING: set the 2-loop amplitudes to zero
 INFO: will suppress the further warning
 max=   371.03565493919587     
 min=   0.0000000000000000     
       n_pass,     n_total
       10000       10000
  
 ====================NCALL=20K===========================
  
 ITERATION            1 :
   266.71646182971682      +\-   7.7156765040468723E-003
 precision:   2.8928385038989043E-005
 max=   371.04016372298884     
 min=   0.0000000000000000     
       n_pass,     n_total
       20000       20002
 max=   371.04016372298884     
 min=   0.0000000000000000     
       n_pass,     n_total
       30000       30002
 ITERATION            2 :
   266.69688071039388      +\-   1.5049029489677086E-002
 precision:   5.6427467203933385E-005
 max=   371.04270370889907     
 min=   0.0000000000000000     
       n_pass,     n_total
       40000       40012
 max=   371.04270370889907     
 min=   0.0000000000000000     
       n_pass,     n_total
       50000       50012
 ITERATION            3 :
   266.70228643687813      +\-   1.1703190875546918E-002
 precision:   4.3881104402593025E-005
 max=   371.32849549023757     
 min=   0.0000000000000000     
       n_pass,     n_total
       60000       60039
 max=   371.32849549023757     
 min=   0.0000000000000000     
       n_pass,     n_total
       70000       70039
 ITERATION            4 :
   266.68844303857043      +\-   8.0288923498051043E-003
 precision:   3.0105887822982667E-005
 max=   371.32849549023757     
 min=   0.0000000000000000     
       n_pass,     n_total
       80000       80075
 max=   371.32849549023757     
 min=   0.0000000000000000     
       n_pass,     n_total
       90000       90075
 ITERATION            5 :
   266.68638378373271      +\-   1.2859552993388475E-002
 precision:   4.8219758395377369E-005
 max=   371.32849549023757     
 min=   0.0000000000000000     
       n_pass,     n_total
      100000      100116
 max=   371.32849549023757     
 min=   0.0000000000000000     
       n_pass,     n_total
      110000      110116
 ITERATION            6 :
   266.66678974792495      +\-   1.2961686609019547E-002
 precision:   4.8606302349355102E-005
 max=   371.32849549023757     
 min=   0.0000000000000000     
       n_pass,     n_total
      120000      120144
 max=   371.32849549023757     
 min=   0.0000000000000000     
       n_pass,     n_total
      130000      130144
 ITERATION            7 :
   266.68195388746483      +\-   9.6021808807580222E-003
 precision:   3.6006114177526897E-005
 max=   371.32849549023757     
 min=   0.0000000000000000     
       n_pass,     n_total
      140000      140184
 max=   371.32849549023757     
 min=   0.0000000000000000     
       n_pass,     n_total
      150000      150184
 ITERATION            8 :
   266.66739431749392      +\-   8.3534780344291740E-003
 precision:   3.1325457151628865E-005
 max=   371.32849549023757     
 min=   0.0000000000000000     
       n_pass,     n_total
      160000      160246
 max=   371.32849549023757     
 min=   0.0000000000000000     
       n_pass,     n_total
      170000      170246
 ITERATION            9 :
   266.68096969815429      +\-   7.6343727084300390E-003
 precision:   2.8627362188877165E-005
 max=   371.33543799906113     
 min=   0.0000000000000000     
       n_pass,     n_total
      180000      180314
 max=   371.33543799906113     
 min=   0.0000000000000000     
       n_pass,     n_total
      190000      190314
 ITERATION           10 :
   266.68449575119166      +\-   7.6490958570529684E-003
 precision:   2.8682191799366307E-005
 ====================NCALL=40K ===========================
  
 max=   371.33543799906113     
 min=   0.0000000000000000     
       n_pass,     n_total
      200000      200468
 max=   371.33543799906113     
 min=   0.0000000000000000     
       n_pass,     n_total
      210000      210468
 max=   371.33543799906113     
 min=   0.0000000000000000     
       n_pass,     n_total
      220000      220468
 max=   371.33543799906113     
 min=   0.0000000000000000     
       n_pass,     n_total
      230000      230468
   266.68078474537953      +\-   3.8340929896136492E-003
 precision:   1.4377087547849951E-005
 ====================NCALL=80K ===========================
  
 max=   371.33543799906113     
 min=   0.0000000000000000     
       n_pass,     n_total
      240000      240832
 max=   371.33543799906113     
 min=   0.0000000000000000     
       n_pass,     n_total
      250000      250832
 max=   371.33543799906113     
 min=   0.0000000000000000     
       n_pass,     n_total
      260000      260832
 max=   371.33543799906113     
 min=   0.0000000000000000     
       n_pass,     n_total
      270000      270832
 max=   371.33543799906113     
 min=   0.0000000000000000     
       n_pass,     n_total
      280000      280832
 max=   371.33543799906113     
 min=   0.0000000000000000     
       n_pass,     n_total
      290000      290832
 max=   371.33543799906113     
 min=   0.0000000000000000     
       n_pass,     n_total
      300000      300832
 max=   371.33543799906113     
 min=   0.0000000000000000     
       n_pass,     n_total
      310000      310832
   266.67544712352378      +\-   1.8359222926499004E-003
 precision:   6.8844819140755140E-006
 sigma (pb)                   sd (pb)
   266.67544712352378        1.8359222926499004E-003
