 =======================================================
 |                                                     |
 |         \/\/\/\/\/\___________/\/\/\/\/\/           |
 |                   |     \     |                     |
 |                   |     /     |                     |
 |                   |     \     |                     |
 |         /\/\/\/\/\|_____/_____|/\/\/\/\/\           |
 |                                                     |
 | Light-by-light scattering at next-to-leading order  |
 |                   (VERSION 0.5)                     |
 |                                                     |
 |    Authors:                                         |
 |            Ajjath A.H. (LPTHE Paris)                |
 |            Ekta Chaubey (Bonn)                      |
 |            Mathijs Fraaije (Bern)                   |
 |            Valentin Hirschi (Bern)                  |
 |            Hua-Sheng Shao (LPTHE Paris)             |
 |                                                     |
 |    Please cite                                      |
 |            PLB 851 (2024) 138555 [arXiv:2312.16956] |
 |            JHEP 03 (2024) 121    [arXiv:2312.16966] |
 |                                                     |
 =======================================================
 ---------------------------------------------------
         the cuts in the lab frame                  
 min transverse momentum of photon    0.0000000000000000     
 max (pseudo-)rapidity of photon    5.0000000000000000     
 min (pseudo-)rapidity of photon   -5.0000000000000000     
 min invariant mass of di-photon    0.0000000000000000     
 ---------------------------------------------------
 max=   5.3806876681717135     
 min=   0.0000000000000000     
       n_pass,     n_total
       10000       10000
  
 ====================NCALL=20K===========================
  
 ITERATION            1 :
   2.1685302879029363E-002 +\-   9.2852087199520852E-004
 precision:   4.2817980324043749E-002
 max=   5.5172207361493255     
 min=   0.0000000000000000     
       n_pass,     n_total
       20000       20010
 max=   5.5172207361493255     
 min=   0.0000000000000000     
       n_pass,     n_total
       30000       30010
 WARNING: outside the range of the grid (xs,xt)=   13937777.777777778       -675.04686699236731     
 WARNING: set the 2-loop amplitudes to zero
 WARNING: outside the range of the grid (xs,xt)=   1389916.8975069253       -67.317693107272092     
 WARNING: set the 2-loop amplitudes to zero
 WARNING: outside the range of the grid (xs,xt)=   1047.8131578068094       -5.0748620091978565E-002
 WARNING: set the 2-loop amplitudes to zero
 WARNING: outside the range of the grid (xs,xt)=   9931187.8885110151       -480.99613701265264     
 WARNING: set the 2-loop amplitudes to zero
 ITERATION            2 :
   2.0525685152997995E-002 +\-   1.6522276310436187E-004
 precision:   8.0495614091707600E-003
 WARNING: outside the range of the grid (xs,xt)=   13937777.777777778       -13937113.630631281     
 WARNING: set the 2-loop amplitudes to zero
 INFO: will suppress the further warning
 max=   5.5960717462963876     
 min=   0.0000000000000000     
       n_pass,     n_total
       40000       40053
 max=   5.5960717462963876     
 min=   0.0000000000000000     
       n_pass,     n_total
       50000       50053
 ITERATION            3 :
   2.0531989806461384E-002 +\-   4.7556769963656686E-005
 precision:   2.3162280135503792E-003
 max=   5.6061052400946512     
 min=   0.0000000000000000     
       n_pass,     n_total
       60000       60281
 max=   5.6061052400946512     
 min=   0.0000000000000000     
       n_pass,     n_total
       70000       70281
 ITERATION            4 :
   2.0514972970617520E-002 +\-   1.4452920167798487E-005
 precision:   7.0450593273988806E-004
 max=   5.6061052400946512     
 min=   0.0000000000000000     
       n_pass,     n_total
       80000       80715
 max=   5.6061052400946512     
 min=   0.0000000000000000     
       n_pass,     n_total
       90000       90715
 ITERATION            5 :
   2.0482881415974038E-002 +\-   1.1600077886685866E-005
 precision:   5.6633037369631422E-004
 max=   5.6061052400946512     
 min=   0.0000000000000000     
       n_pass,     n_total
      100000      101410
 max=   5.6061052400946512     
 min=   0.0000000000000000     
       n_pass,     n_total
      110000      111410
 ITERATION            6 :
   2.0492193796642199E-002 +\-   1.1662204913007333E-005
 precision:   5.6910475416830546E-004
 max=   5.6061052400946512     
 min=   0.0000000000000000     
       n_pass,     n_total
      120000      122340
 max=   5.6061052400946512     
 min=   0.0000000000000000     
       n_pass,     n_total
      130000      132340
 ITERATION            7 :
   2.0511111860018676E-002 +\-   1.0169151425487518E-005
 precision:   4.9578742951081822E-004
 max=   5.6061052400946512     
 min=   0.0000000000000000     
       n_pass,     n_total
      140000      143627
 max=   5.6061052400946512     
 min=   0.0000000000000000     
       n_pass,     n_total
      150000      153627
 ITERATION            8 :
   2.0481246168416165E-002 +\-   9.5755811689226609E-006
 precision:   4.6752922601404141E-004
 max=   5.6062111233067586     
 min=   0.0000000000000000     
       n_pass,     n_total
      160000      164962
 max=   5.6062111233067586     
 min=   0.0000000000000000     
       n_pass,     n_total
      170000      174962
 ITERATION            9 :
   2.0499819401411164E-002 +\-   9.8327205230765192E-006
 precision:   4.7964912912353051E-004
 max=   5.6062111233067586     
 min=   0.0000000000000000     
       n_pass,     n_total
      180000      186093
 ITERATION           10 :
   2.0517915319529130E-002 +\-   9.4847035127878347E-006
 precision:   4.6226448277424223E-004
 ====================NCALL=40K ===========================
  
 max=   5.6062111233067586     
 min=   0.0000000000000000     
       n_pass,     n_total
      190000      197604
 max=   5.6062111233067586     
 min=   0.0000000000000000     
       n_pass,     n_total
      200000      207604
 max=   5.6062111233067586     
 min=   0.0000000000000000     
       n_pass,     n_total
      210000      217604
 max=   5.6062111233067586     
 min=   0.0000000000000000     
       n_pass,     n_total
      220000      227604
   2.0502312165111201E-002 +\-   5.3221247063946732E-006
 precision:   2.5958656094659101E-004
 ====================NCALL=80K ===========================
  
 max=   5.6062111233067586     
 min=   0.0000000000000000     
       n_pass,     n_total
      230000      243343
 max=   5.6062111233067586     
 min=   0.0000000000000000     
       n_pass,     n_total
      240000      253343
 max=   5.6062111233067586     
 min=   0.0000000000000000     
       n_pass,     n_total
      250000      263343
 max=   5.6062111233067586     
 min=   0.0000000000000000     
       n_pass,     n_total
      260000      273343
 max=   5.6062111233067586     
 min=   0.0000000000000000     
       n_pass,     n_total
      270000      283343
 max=   5.6062111233067586     
 min=   0.0000000000000000     
       n_pass,     n_total
      280000      293343
 max=   5.6062111233067586     
 min=   0.0000000000000000     
       n_pass,     n_total
      290000      303343
   2.0501386917851017E-002 +\-   2.6208297099217396E-006
 precision:   1.2783670297153039E-004
 sigma (pb)                   sd (pb)
   2.0501386917851017E-002   2.6208297099217396E-006
