 =======================================================
 |                                                     |
 |         \/\/\/\/\/\___________/\/\/\/\/\/           |
 |                   |     \     |                     |
 |                   |     /     |                     |
 |                   |     \     |                     |
 |         /\/\/\/\/\|_____/_____|/\/\/\/\/\           |
 |                                                     |
 | Light-by-light scattering at next-to-leading order  |
 |                   (VERSION 0.5)                     |
 |                                                     |
 |    Authors:                                         |
 |            Ajjath A.H. (LPTHE Paris)                |
 |            Ekta Chaubey (Bonn)                      |
 |            Mathijs Fraaije (Bern)                   |
 |            Valentin Hirschi (Bern)                  |
 |            Hua-Sheng Shao (LPTHE Paris)             |
 |                                                     |
 |    Please cite                                      |
 |            PLB 851 (2024) 138555 [arXiv:2312.16956] |
 |            JHEP 03 (2024) 121    [arXiv:2312.16966] |
 |                                                     |
 =======================================================
 ---------------------------------------------------
         the cuts in the lab frame                  
 min transverse momentum of photon    0.0000000000000000     
 max (pseudo-)rapidity of photon    5.0000000000000000     
 min (pseudo-)rapidity of photon   -5.0000000000000000     
 min invariant mass of di-photon    0.0000000000000000     
 ---------------------------------------------------
 max=   2222.4667022690692     
 min=   0.0000000000000000     
       n_pass,     n_total
       10000       10000
  
 ====================NCALL=20K===========================
  
 ITERATION            1 :
   86.424667907599854      +\-  0.25583056250412500     
 precision:   2.9601567318447079E-003
 WARNING: outside the range of the grid (xs,xt)=   9.0897750055691677       -9.0893327056788333     
 WARNING: set the 2-loop amplitudes to zero
 WARNING: outside the range of the grid (xs,xt)=   8.8243944636678187       -8.8239650769446971     
 WARNING: set the 2-loop amplitudes to zero
 WARNING: outside the range of the grid (xs,xt)=   4.2486463973344444       -4.2484396622024461     
 WARNING: set the 2-loop amplitudes to zero
 WARNING: outside the range of the grid (xs,xt)=  0.45337777777777777      -0.45335571684213655     
 WARNING: set the 2-loop amplitudes to zero
 WARNING: outside the range of the grid (xs,xt)=   4.5212188365650968E-002  -4.5209988383149352E-002
 WARNING: set the 2-loop amplitudes to zero
 INFO: will suppress the further warning
 max=   2495.8216283896581     
 min=   0.0000000000000000     
       n_pass,     n_total
       20000       20007
 max=   2495.8216283896581     
 min=   0.0000000000000000     
       n_pass,     n_total
       30000       30007
 ITERATION            2 :
   86.105851645509077      +\-   6.8187642729137771E-002
 precision:   7.9190486390937585E-004
 max=   2538.2923932831818     
 min=   0.0000000000000000     
       n_pass,     n_total
       40000       40036
 max=   2538.2923932831818     
 min=   0.0000000000000000     
       n_pass,     n_total
       50000       50036
 ITERATION            3 :
   86.048453227207659      +\-   2.9329055497764066E-002
 precision:   3.4084349454047494E-004
 max=   2539.5247838797409     
 min=   0.0000000000000000     
       n_pass,     n_total
       60000       60123
 max=   2539.5247838797409     
 min=   0.0000000000000000     
       n_pass,     n_total
       70000       70123
 ITERATION            4 :
   86.069409006149570      +\-   2.2273724260151607E-002
 precision:   2.5878793077991475E-004
 max=   2541.3467652783461     
 min=   0.0000000000000000     
       n_pass,     n_total
       80000       80311
 max=   2541.3467652783461     
 min=   0.0000000000000000     
       n_pass,     n_total
       90000       90311
 ITERATION            5 :
   86.050159393424892      +\-   1.7774738619186319E-002
 precision:   2.0656252986028158E-004
 max=   2541.3467652783461     
 min=   0.0000000000000000     
       n_pass,     n_total
      100000      100622
 max=   2541.3467652783461     
 min=   0.0000000000000000     
       n_pass,     n_total
      110000      110622
 ITERATION            6 :
   86.064800139669956      +\-   1.5239108551985967E-002
 precision:   1.7706551955335088E-004
 max=   2541.3467652783461     
 min=   0.0000000000000000     
       n_pass,     n_total
      120000      120908
 max=   2541.3467652783461     
 min=   0.0000000000000000     
       n_pass,     n_total
      130000      130908
 ITERATION            7 :
   86.092516771605688      +\-   1.4672932446073058E-002
 precision:   1.7043214667540491E-004
 max=   2541.3467652783461     
 min=   0.0000000000000000     
       n_pass,     n_total
      140000      141300
 max=   2541.3467652783461     
 min=   0.0000000000000000     
       n_pass,     n_total
      150000      151300
 ITERATION            8 :
   86.044446655152584      +\-   1.5096217748534561E-002
 precision:   1.7544674102021849E-004
 max=   2543.0582992789887     
 min=   0.0000000000000000     
       n_pass,     n_total
      160000      161490
 max=   2543.0582992789887     
 min=   0.0000000000000000     
       n_pass,     n_total
      170000      171490
 ITERATION            9 :
   86.074046393996142      +\-   1.5676465426242198E-002
 precision:   1.8212766894313995E-004
 max=   2543.0582992789887     
 min=   0.0000000000000000     
       n_pass,     n_total
      180000      181885
 max=   2543.0582992789887     
 min=   0.0000000000000000     
       n_pass,     n_total
      190000      191885
 ITERATION           10 :
   86.078023567269724      +\-   1.4930023344236107E-002
 precision:   1.7344756217094526E-004
 ====================NCALL=40K ===========================
  
 max=   2543.0582992789887     
 min=   0.0000000000000000     
       n_pass,     n_total
      200000      202329
 max=   2543.0582992789887     
 min=   0.0000000000000000     
       n_pass,     n_total
      210000      212329
 max=   2543.0582992789887     
 min=   0.0000000000000000     
       n_pass,     n_total
      220000      222329
 max=   2543.0582992789887     
 min=   0.0000000000000000     
       n_pass,     n_total
      230000      232329
   86.076063212257239      +\-   6.9154304800116582E-003
 precision:   8.0340924316656018E-005
 ====================NCALL=80K ===========================
  
 max=   2543.0582992789887     
 min=   0.0000000000000000     
       n_pass,     n_total
      240000      243322
 max=   2543.0582992789887     
 min=   0.0000000000000000     
       n_pass,     n_total
      250000      253322
 max=   2543.0582992789887     
 min=   0.0000000000000000     
       n_pass,     n_total
      260000      263322
 max=   2543.0582992789887     
 min=   0.0000000000000000     
       n_pass,     n_total
      270000      273322
 max=   2543.0582992789887     
 min=   0.0000000000000000     
       n_pass,     n_total
      280000      283322
 max=   2543.0582992789887     
 min=   0.0000000000000000     
       n_pass,     n_total
      290000      293322
 max=   2543.0582992789887     
 min=   0.0000000000000000     
       n_pass,     n_total
      300000      303322
 max=   2543.0582992789887     
 min=   0.0000000000000000     
       n_pass,     n_total
      310000      313322
   86.070001734860000      +\-   3.7943969881832655E-003
 precision:   4.4085011173486035E-005
 sigma (pb)                   sd (pb)
   86.070001734860000        3.7943969881832655E-003
