 =======================================================
 |                                                     |
 |         \/\/\/\/\/\___________/\/\/\/\/\/           |
 |                   |     \     |                     |
 |                   |     /     |                     |
 |                   |     \     |                     |
 |         /\/\/\/\/\|_____/_____|/\/\/\/\/\           |
 |                                                     |
 | Light-by-light scattering at next-to-leading order  |
 |                   (VERSION 0.5)                     |
 |                                                     |
 |    Authors:                                         |
 |            Ajjath A.H. (LPTHE Paris)                |
 |            Ekta Chaubey (Bonn)                      |
 |            Mathijs Fraaije (Bern)                   |
 |            Valentin Hirschi (Bern)                  |
 |            Hua-Sheng Shao (LPTHE Paris)             |
 |                                                     |
 |    Please cite                                      |
 |            PLB 851 (2024) 138555 [arXiv:2312.16956] |
 |            JHEP 03 (2024) 121    [arXiv:2312.16966] |
 |                                                     |
 =======================================================
 ---------------------------------------------------
         the cuts in the lab frame                  
 min transverse momentum of photon    0.0000000000000000     
 max (pseudo-)rapidity of photon    5.0000000000000000     
 min (pseudo-)rapidity of photon   -5.0000000000000000     
 min invariant mass of di-photon    0.0000000000000000     
 ---------------------------------------------------
 max=   62096.811061776745     
 min=   0.0000000000000000     
       n_pass,     n_total
       10000       10000
  
 ====================NCALL=20K===========================
  
 ITERATION            1 :
   882.27396482896779      +\-   7.5600200928745007     
 precision:   8.5687897345356218E-003
 WARNING: outside the range of the grid (xs,xt)=  0.23966139451993762      -0.23964998873867269     
 WARNING: set the 2-loop amplitudes to zero
 WARNING: outside the range of the grid (xs,xt)=  0.23266435986159167      -0.23265328707783342     
 WARNING: set the 2-loop amplitudes to zero
 WARNING: outside the range of the grid (xs,xt)=  0.11201999167013746      -0.11201466050061454     
 WARNING: set the 2-loop amplitudes to zero
 WARNING: outside the range of the grid (xs,xt)=   1.1953777777777778E-002  -1.1953208882754467E-002
 WARNING: set the 2-loop amplitudes to zero
 WARNING: outside the range of the grid (xs,xt)=   103002.05651785956       -102997.15452298954     
 WARNING: set the 2-loop amplitudes to zero
 INFO: will suppress the further warning
 max=   68558.680710765562     
 min=   0.0000000000000000     
       n_pass,     n_total
       20000       20009
 max=   68558.680710765562     
 min=   0.0000000000000000     
       n_pass,     n_total
       30000       30009
 ITERATION            2 :
   873.45362333140133      +\-   1.9350204817000809     
 precision:   2.2153671700619933E-003
 max=   69927.614427976514     
 min=   0.0000000000000000     
       n_pass,     n_total
       40000       40044
 max=   69927.614427976514     
 min=   0.0000000000000000     
       n_pass,     n_total
       50000       50044
 ITERATION            3 :
   873.35693840757119      +\-  0.64858231750567907     
 precision:   7.4263143622385001E-004
 max=   70317.631515223606     
 min=   0.0000000000000000     
       n_pass,     n_total
       60000       60180
 max=   70317.631515223606     
 min=   0.0000000000000000     
       n_pass,     n_total
       70000       70180
 ITERATION            4 :
   873.68236710817393      +\-  0.40177163040641878     
 precision:   4.5986006531899471E-004
 max=   70317.631515223606     
 min=   0.0000000000000000     
       n_pass,     n_total
       80000       80506
 max=   70317.631515223606     
 min=   0.0000000000000000     
       n_pass,     n_total
       90000       90506
 ITERATION            5 :
   873.34229856551985      +\-  0.27250899257875733     
 precision:   3.1202999445504719E-004
 max=   70317.631515223606     
 min=   0.0000000000000000     
       n_pass,     n_total
      100000      100991
 max=   70317.631515223606     
 min=   0.0000000000000000     
       n_pass,     n_total
      110000      110991
 ITERATION            6 :
   873.39579909904830      +\-  0.23648107771757454     
 precision:   2.7076049365192353E-004
 max=   70321.178895926743     
 min=   0.0000000000000000     
       n_pass,     n_total
      120000      121543
 max=   70321.178895926743     
 min=   0.0000000000000000     
       n_pass,     n_total
      130000      131543
 ITERATION            7 :
   873.72201780063483      +\-  0.23278045786411700     
 precision:   2.6642393475453501E-004
 max=   70323.665783777018     
 min=   0.0000000000000000     
       n_pass,     n_total
      140000      142261
 max=   70323.665783777018     
 min=   0.0000000000000000     
       n_pass,     n_total
      150000      152261
 ITERATION            8 :
   872.99201638054865      +\-  0.22585304191098390     
 precision:   2.5871146318998133E-004
 max=   70323.665783777018     
 min=   0.0000000000000000     
       n_pass,     n_total
      160000      162885
 max=   70323.665783777018     
 min=   0.0000000000000000     
       n_pass,     n_total
      170000      172885
 ITERATION            9 :
   873.36611592490738      +\-  0.21815527718980796     
 precision:   2.4978674259508953E-004
 max=   70323.665783777018     
 min=   0.0000000000000000     
       n_pass,     n_total
      180000      183650
 max=   70323.665783777018     
 min=   0.0000000000000000     
       n_pass,     n_total
      190000      193650
 ITERATION           10 :
   873.65764981799941      +\-  0.21620862190516540     
 precision:   2.4747522321839227E-004
 ====================NCALL=40K ===========================
  
 max=   70324.696644077863     
 min=   0.0000000000000000     
       n_pass,     n_total
      200000      204281
 max=   70324.696644077863     
 min=   0.0000000000000000     
       n_pass,     n_total
      210000      214281
 max=   70324.696644077863     
 min=   0.0000000000000000     
       n_pass,     n_total
      220000      224281
 max=   70324.696644077863     
 min=   0.0000000000000000     
       n_pass,     n_total
      230000      234281
   873.54821307755435      +\-  0.12144116873185269     
 precision:   1.3902056797072406E-004
 ====================NCALL=80K ===========================
  
 max=   70326.286483188029     
 min=   0.0000000000000000     
       n_pass,     n_total
      240000      246961
 max=   70326.286483188029     
 min=   0.0000000000000000     
       n_pass,     n_total
      250000      256961
 max=   70326.286483188029     
 min=   0.0000000000000000     
       n_pass,     n_total
      260000      266961
 max=   70326.286483188029     
 min=   0.0000000000000000     
       n_pass,     n_total
      270000      276961
 max=   70326.286483188029     
 min=   0.0000000000000000     
       n_pass,     n_total
      280000      286961
 max=   70326.286483188029     
 min=   0.0000000000000000     
       n_pass,     n_total
      290000      296961
 max=   70326.286483188029     
 min=   0.0000000000000000     
       n_pass,     n_total
      300000      306961
   873.44102572819122      +\-   5.5228173560665429E-002
 precision:   6.3230569590684707E-005
 sigma (pb)                   sd (pb)
   873.44102572819122        5.5228173560665429E-002
