 =======================================================
 |                                                     |
 |         \/\/\/\/\/\___________/\/\/\/\/\/           |
 |                   |     \     |                     |
 |                   |     /     |                     |
 |                   |     \     |                     |
 |         /\/\/\/\/\|_____/_____|/\/\/\/\/\           |
 |                                                     |
 | Light-by-light scattering at next-to-leading order  |
 |                   (VERSION 0.5)                     |
 |                                                     |
 |    Authors:                                         |
 |            Ajjath A.H. (LPTHE Paris)                |
 |            Ekta Chaubey (Bonn)                      |
 |            Mathijs Fraaije (Bern)                   |
 |            Valentin Hirschi (Bern)                  |
 |            Hua-Sheng Shao (LPTHE Paris)             |
 |                                                     |
 |    Please cite                                      |
 |            PLB 851 (2024) 138555 [arXiv:2312.16956] |
 |            JHEP 03 (2024) 121    [arXiv:2312.16966] |
 |                                                     |
 =======================================================
 ---------------------------------------------------
         the cuts in the lab frame                  
 min transverse momentum of photon    0.0000000000000000     
 max (pseudo-)rapidity of photon    5.0000000000000000     
 min (pseudo-)rapidity of photon   -5.0000000000000000     
 min invariant mass of di-photon    0.0000000000000000     
 ---------------------------------------------------
 max=   8.0902181124424431E-007
 min=   0.0000000000000000     
       n_pass,     n_total
       10000       10000
  
 ====================NCALL=20K===========================
  
 ITERATION            1 :
   3.6695991603470952E-007 +\-   3.0048965697203387E-010
 precision:   8.1886234392862555E-004
 max=   1.3609204390911620E-006
 min=   0.0000000000000000     
       n_pass,     n_total
       20000       20003
 max=   1.3609204390911620E-006
 min=   0.0000000000000000     
       n_pass,     n_total
       30000       30003
 ITERATION            2 :
   3.6707971836957621E-007 +\-   4.6855096003043284E-010
 precision:   1.2764283521616284E-003
 max=   1.3613895929237872E-006
 min=   0.0000000000000000     
       n_pass,     n_total
       40000       40003
 max=   1.3613895929237872E-006
 min=   0.0000000000000000     
       n_pass,     n_total
       50000       50003
 ITERATION            3 :
   3.6651306372261239E-007 +\-   3.1263615592445980E-010
 precision:   8.5300139850150560E-004
 max=   1.3614761310004982E-006
 min=   0.0000000000000000     
       n_pass,     n_total
       60000       60003
 max=   1.3614761310004982E-006
 min=   0.0000000000000000     
       n_pass,     n_total
       70000       70003
 ITERATION            4 :
   3.6679952691744553E-007 +\-   2.5145762887804770E-010
 precision:   6.8554512867363248E-004
 max=   1.3614811331603362E-006
 min=   0.0000000000000000     
       n_pass,     n_total
       80000       80004
 max=   1.3614811331603362E-006
 min=   0.0000000000000000     
       n_pass,     n_total
       90000       90004
 ITERATION            5 :
   3.6698024487503195E-007 +\-   2.1641570736214326E-010
 precision:   5.8972031978407852E-004
 max=   1.3617382764207773E-006
 min=   0.0000000000000000     
       n_pass,     n_total
      100000      100004
 max=   1.3617382764207773E-006
 min=   0.0000000000000000     
       n_pass,     n_total
      110000      110004
 ITERATION            6 :
   3.6680632319346856E-007 +\-   2.4152372908258616E-010
 precision:   6.5845028782450055E-004
 max=   1.3617382764207773E-006
 min=   0.0000000000000000     
       n_pass,     n_total
      120000      120007
 max=   1.3617382764207773E-006
 min=   0.0000000000000000     
       n_pass,     n_total
      130000      130007
 ITERATION            7 :
   3.6646586248926100E-007 +\-   2.2053573030601756E-010
 precision:   6.0179065195323667E-004
 max=   1.3617382764207773E-006
 min=   0.0000000000000000     
       n_pass,     n_total
      140000      140009
 max=   1.3617382764207773E-006
 min=   0.0000000000000000     
       n_pass,     n_total
      150000      150009
 ITERATION            8 :
   3.6628198857602161E-007 +\-   2.5454626000393929E-010
 precision:   6.9494615608462645E-004
 max=   1.3617382764207773E-006
 min=   0.0000000000000000     
       n_pass,     n_total
      160000      160013
 max=   1.3617382764207773E-006
 min=   0.0000000000000000     
       n_pass,     n_total
      170000      170013
 ITERATION            9 :
   3.6606275763638150E-007 +\-   2.6641824691138453E-010
 precision:   7.2779391334866104E-004
 max=   1.3617382764207773E-006
 min=   0.0000000000000000     
       n_pass,     n_total
      180000      180016
 max=   1.3617382764207773E-006
 min=   0.0000000000000000     
       n_pass,     n_total
      190000      190016
 ITERATION           10 :
   3.6680088805355664E-007 +\-   2.1965139491771088E-010
 precision:   5.9883005213891294E-004
 ====================NCALL=40K ===========================
  
 max=   1.3617382764207773E-006
 min=   0.0000000000000000     
       n_pass,     n_total
      200000      200019
 max=   1.3617382764207773E-006
 min=   0.0000000000000000     
       n_pass,     n_total
      210000      210019
 max=   1.3617382764207773E-006
 min=   0.0000000000000000     
       n_pass,     n_total
      220000      220019
 max=   1.3617382764207773E-006
 min=   0.0000000000000000     
       n_pass,     n_total
      230000      230019
   3.6666490082111338E-007 +\-   9.3846490799510717E-011
 precision:   2.5594620752995406E-004
 ====================NCALL=80K ===========================
  
 max=   1.3618198121370691E-006
 min=   0.0000000000000000     
       n_pass,     n_total
      240000      240024
 max=   1.3618198121370691E-006
 min=   0.0000000000000000     
       n_pass,     n_total
      250000      250024
 max=   1.3618198121370691E-006
 min=   0.0000000000000000     
       n_pass,     n_total
      260000      260024
 max=   1.3618198121370691E-006
 min=   0.0000000000000000     
       n_pass,     n_total
      270000      270024
 max=   1.3618198121370691E-006
 min=   0.0000000000000000     
       n_pass,     n_total
      280000      280024
 max=   1.3618198121370691E-006
 min=   0.0000000000000000     
       n_pass,     n_total
      290000      290024
 max=   1.3618198121370691E-006
 min=   0.0000000000000000     
       n_pass,     n_total
      300000      300024
 max=   1.3618198121370691E-006
 min=   0.0000000000000000     
       n_pass,     n_total
      310000      310024
   3.6666736313134676E-007 +\-   9.4089533046176146E-011
 precision:   2.5660732998609314E-004
 sigma (pb)                   sd (pb)
   3.6666736313134676E-007   9.4089533046176146E-011
