 =======================================================
 |                                                     |
 |         \/\/\/\/\/\___________/\/\/\/\/\/           |
 |                   |     \     |                     |
 |                   |     /     |                     |
 |                   |     \     |                     |
 |         /\/\/\/\/\|_____/_____|/\/\/\/\/\           |
 |                                                     |
 | Light-by-light scattering at next-to-leading order  |
 |                   (VERSION 0.5)                     |
 |                                                     |
 |    Authors:                                         |
 |            Ajjath A.H. (LPTHE Paris)                |
 |            Ekta Chaubey (Bonn)                      |
 |            Mathijs Fraaije (Bern)                   |
 |            Valentin Hirschi (Bern)                  |
 |            Hua-Sheng Shao (LPTHE Paris)             |
 |                                                     |
 |    Please cite                                      |
 |            PLB 851 (2024) 138555 [arXiv:2312.16956] |
 |            JHEP 03 (2024) 121    [arXiv:2312.16966] |
 |                                                     |
 =======================================================
 ---------------------------------------------------
         the cuts in the lab frame                  
 min transverse momentum of photon    0.0000000000000000     
 max (pseudo-)rapidity of photon    5.0000000000000000     
 min (pseudo-)rapidity of photon   -5.0000000000000000     
 min invariant mass of di-photon    0.0000000000000000     
 ---------------------------------------------------
 WARNING: outside the range of the grid (xs,xt)=   1.2750563580803800E-002  -1.2750563453298521E-002
 WARNING: set the 2-loop amplitudes to zero
 WARNING: outside the range of the grid (xs,xt)=   1.2716139259283974E-002  -1.2716139132122935E-002
 WARNING: set the 2-loop amplitudes to zero
 WARNING: outside the range of the grid (xs,xt)=   1.2774835513044406E-002  -1.2774835385296408E-002
 WARNING: set the 2-loop amplitudes to zero
 WARNING: outside the range of the grid (xs,xt)=   1.2759419876936903E-002  -1.2759419749343059E-002
 WARNING: set the 2-loop amplitudes to zero
 WARNING: outside the range of the grid (xs,xt)=   1.2784641089665065E-002  -1.2784640961819013E-002
 WARNING: set the 2-loop amplitudes to zero
 INFO: will suppress the further warning
 max=   6.9148698543699287E-003
 min=   0.0000000000000000     
       n_pass,     n_total
       10000       10000
  
 ====================NCALL=20K===========================
  
 ITERATION            1 :
   4.9216366504054553E-003 +\-   3.7839059017080627E-007
 precision:   7.6883081187968975E-005
 max=   7.0664167533611060E-003
 min=   0.0000000000000000     
       n_pass,     n_total
       20000       20002
 max=   7.0664167533611060E-003
 min=   0.0000000000000000     
       n_pass,     n_total
       30000       30002
 ITERATION            2 :
   4.9209064009846639E-003 +\-   3.8418134879544457E-007
 precision:   7.8071257099824251E-005
 max=   7.0818665682266680E-003
 min=   0.0000000000000000     
       n_pass,     n_total
       40000       40012
 max=   7.0818665682266680E-003
 min=   0.0000000000000000     
       n_pass,     n_total
       50000       50012
 ITERATION            3 :
   4.9206248929511082E-003 +\-   2.9902575577605874E-007
 precision:   6.0769874209354796E-005
 max=   7.0823542826226552E-003
 min=   0.0000000000000000     
       n_pass,     n_total
       60000       60032
 max=   7.0823542826226552E-003
 min=   0.0000000000000000     
       n_pass,     n_total
       70000       70032
 ITERATION            4 :
   4.9210261097788121E-003 +\-   2.7108151074730301E-007
 precision:   5.5086379283504236E-005
 max=   7.0823542826226552E-003
 min=   0.0000000000000000     
       n_pass,     n_total
       80000       80053
 max=   7.0823542826226552E-003
 min=   0.0000000000000000     
       n_pass,     n_total
       90000       90053
 ITERATION            5 :
   4.9207699792414338E-003 +\-   2.4600444814752756E-007
 precision:   4.9993080185684807E-005
 max=   7.0823542826226552E-003
 min=   0.0000000000000000     
       n_pass,     n_total
      100000      100077
 max=   7.0823542826226552E-003
 min=   0.0000000000000000     
       n_pass,     n_total
      110000      110077
 ITERATION            6 :
   4.9208940223800443E-003 +\-   2.4793897616913403E-007
 precision:   5.0384945304962214E-005
 max=   7.0823542826226552E-003
 min=   0.0000000000000000     
       n_pass,     n_total
      120000      120101
 max=   7.0823542826226552E-003
 min=   0.0000000000000000     
       n_pass,     n_total
      130000      130101
 ITERATION            7 :
   4.9212006404992653E-003 +\-   2.4506806501777767E-007
 precision:   4.9798429879281457E-005
 max=   7.0825465090996360E-003
 min=   0.0000000000000000     
       n_pass,     n_total
      140000      140130
 max=   7.0825465090996360E-003
 min=   0.0000000000000000     
       n_pass,     n_total
      150000      150130
 ITERATION            8 :
   4.9206009559330383E-003 +\-   2.3798460822696412E-007
 precision:   4.8364947769238030E-005
 max=   7.0825465090996360E-003
 min=   0.0000000000000000     
       n_pass,     n_total
      160000      160164
 max=   7.0825465090996360E-003
 min=   0.0000000000000000     
       n_pass,     n_total
      170000      170164
 ITERATION            9 :
   4.9209135304789479E-003 +\-   2.4171713752786777E-007
 precision:   4.9120378976531550E-005
 max=   7.0825465090996360E-003
 min=   0.0000000000000000     
       n_pass,     n_total
      180000      180191
 max=   7.0825465090996360E-003
 min=   0.0000000000000000     
       n_pass,     n_total
      190000      190191
 ITERATION           10 :
   4.9210403822782765E-003 +\-   2.3296659834455023E-007
 precision:   4.7340923919972895E-005
 ====================NCALL=40K ===========================
  
 max=   7.0825597492772882E-003
 min=   0.0000000000000000     
       n_pass,     n_total
      200000      200250
 max=   7.0825597492772882E-003
 min=   0.0000000000000000     
       n_pass,     n_total
      210000      210250
 max=   7.0825597492772882E-003
 min=   0.0000000000000000     
       n_pass,     n_total
      220000      220250
 max=   7.0825597492772882E-003
 min=   0.0000000000000000     
       n_pass,     n_total
      230000      230250
   4.9209412076716271E-003 +\-   1.1528427640314284E-007
 precision:   2.3427281801988911E-005
 ====================NCALL=80K ===========================
  
 max=   7.0826222884453624E-003
 min=   0.0000000000000000     
       n_pass,     n_total
      240000      240430
 max=   7.0826222884453624E-003
 min=   0.0000000000000000     
       n_pass,     n_total
      250000      250430
 max=   7.0826222884453624E-003
 min=   0.0000000000000000     
       n_pass,     n_total
      260000      260430
 max=   7.0826222884453624E-003
 min=   0.0000000000000000     
       n_pass,     n_total
      270000      270430
 max=   7.0826222884453624E-003
 min=   0.0000000000000000     
       n_pass,     n_total
      280000      280430
 max=   7.0826222884453624E-003
 min=   0.0000000000000000     
       n_pass,     n_total
      290000      290430
 max=   7.0826222884453624E-003
 min=   0.0000000000000000     
       n_pass,     n_total
      300000      300430
 max=   7.0826222884453624E-003
 min=   0.0000000000000000     
       n_pass,     n_total
      310000      310430
   4.9206457392928895E-003 +\-   8.6124811628785367E-008
 precision:   1.7502745816682538E-005
 sigma (pb)                   sd (pb)
   4.9206457392928895E-003   8.6124811628785367E-008
