 =======================================================
 |                                                     |
 |         \/\/\/\/\/\___________/\/\/\/\/\/           |
 |                   |     \     |                     |
 |                   |     /     |                     |
 |                   |     \     |                     |
 |         /\/\/\/\/\|_____/_____|/\/\/\/\/\           |
 |                                                     |
 | Light-by-light scattering at next-to-leading order  |
 |                   (VERSION 0.5)                     |
 |                                                     |
 |    Authors:                                         |
 |            Ajjath A.H. (LPTHE Paris)                |
 |            Ekta Chaubey (Bonn)                      |
 |            Mathijs Fraaije (Bern)                   |
 |            Valentin Hirschi (Bern)                  |
 |            Hua-Sheng Shao (LPTHE Paris)             |
 |                                                     |
 |    Please cite                                      |
 |            PLB 851 (2024) 138555 [arXiv:2312.16956] |
 |            JHEP 03 (2024) 121    [arXiv:2312.16966] |
 |                                                     |
 =======================================================
 ---------------------------------------------------
         the cuts in the lab frame                  
 min transverse momentum of photon    0.0000000000000000     
 max (pseudo-)rapidity of photon    5.0000000000000000     
 min (pseudo-)rapidity of photon   -5.0000000000000000     
 min invariant mass of di-photon    0.0000000000000000     
 ---------------------------------------------------
 max=   1062.0253813216764     
 min=   0.0000000000000000     
       n_pass,     n_total
       10000       10000
  
 ====================NCALL=20K===========================
  
 ITERATION            1 :
   45.866458186022349      +\-  0.12361144064829552     
 precision:   2.6950291244848220E-003
 max=   1194.6374555991417     
 min=   0.0000000000000000     
       n_pass,     n_total
       20000       20007
 max=   1194.6374555991417     
 min=   0.0000000000000000     
       n_pass,     n_total
       30000       30007
 ITERATION            2 :
   45.696574622524516      +\-   3.1623765483917272E-002
 precision:   6.9203798632927406E-004
 WARNING: outside the range of the grid (xs,xt)=   23.442940521274227       -23.441769825842925     
 WARNING: set the 2-loop amplitudes to zero
 WARNING: outside the range of the grid (xs,xt)=   22.758512110726642       -22.757375594335834     
 WARNING: set the 2-loop amplitudes to zero
 WARNING: outside the range of the grid (xs,xt)=   10.957451062057478       -10.956903867993432     
 WARNING: set the 2-loop amplitudes to zero
 WARNING: outside the range of the grid (xs,xt)=   1.1692817777777780       -1.1692233860912102     
 WARNING: set the 2-loop amplitudes to zero
 WARNING: outside the range of the grid (xs,xt)=  0.11660427700831028      -0.11659845401463591     
 WARNING: set the 2-loop amplitudes to zero
 INFO: will suppress the further warning
 max=   1194.6374555991417     
 min=   0.0000000000000000     
       n_pass,     n_total
       40000       40035
 max=   1194.6374555991417     
 min=   0.0000000000000000     
       n_pass,     n_total
       50000       50035
 ITERATION            3 :
   45.669197832269361      +\-   1.4627131729175347E-002
 precision:   3.2028440225503532E-004
 max=   1194.6374555991417     
 min=   0.0000000000000000     
       n_pass,     n_total
       60000       60115
 max=   1194.6374555991417     
 min=   0.0000000000000000     
       n_pass,     n_total
       70000       70115
 ITERATION            4 :
   45.677935897067464      +\-   1.1597889085147190E-002
 precision:   2.5390571744052421E-004
 max=   1194.6374555991417     
 min=   0.0000000000000000     
       n_pass,     n_total
       80000       80286
 max=   1194.6374555991417     
 min=   0.0000000000000000     
       n_pass,     n_total
       90000       90286
 ITERATION            5 :
   45.670776372882052      +\-   9.6077577286191110E-003
 precision:   2.1036992343147272E-004
 max=   1194.6374555991417     
 min=   0.0000000000000000     
       n_pass,     n_total
      100000      100561
 max=   1194.6374555991417     
 min=   0.0000000000000000     
       n_pass,     n_total
      110000      110561
 ITERATION            6 :
   45.675971107361534      +\-   8.3555349020803908E-003
 precision:   1.8293064601605680E-004
 max=   1194.6374555991417     
 min=   0.0000000000000000     
       n_pass,     n_total
      120000      120841
 max=   1194.6374555991417     
 min=   0.0000000000000000     
       n_pass,     n_total
      130000      130841
 ITERATION            7 :
   45.693912776651260      +\-   7.8985239086685807E-003
 precision:   1.7285724571839642E-004
 max=   1195.2680899106369     
 min=   0.0000000000000000     
       n_pass,     n_total
      140000      141195
 max=   1195.2680899106369     
 min=   0.0000000000000000     
       n_pass,     n_total
      150000      151195
 ITERATION            8 :
   45.664468148563699      +\-   7.7679101692966187E-003
 precision:   1.7010841216905632E-004
 max=   1195.2680899106369     
 min=   0.0000000000000000     
       n_pass,     n_total
      160000      161443
 max=   1195.2680899106369     
 min=   0.0000000000000000     
       n_pass,     n_total
      170000      171443
 ITERATION            9 :
   45.675559571491853      +\-   7.7061995845141727E-003
 precision:   1.6871604106901745E-004
 max=   1195.2680899106369     
 min=   0.0000000000000000     
       n_pass,     n_total
      180000      181821
 max=   1195.2680899106369     
 min=   0.0000000000000000     
       n_pass,     n_total
      190000      191821
 ITERATION           10 :
   45.685745377260851      +\-   8.0918567013176530E-003
 precision:   1.7711994484269068E-004
 ====================NCALL=40K ===========================
  
 max=   1195.2680899106369     
 min=   0.0000000000000000     
       n_pass,     n_total
      200000      202071
 max=   1195.2680899106369     
 min=   0.0000000000000000     
       n_pass,     n_total
      210000      212071
 max=   1195.2680899106369     
 min=   0.0000000000000000     
       n_pass,     n_total
      220000      222071
 max=   1195.2680899106369     
 min=   0.0000000000000000     
       n_pass,     n_total
      230000      232071
   45.681381106499508      +\-   4.4636033930329456E-003
 precision:   9.7711655928849932E-005
 ====================NCALL=80K ===========================
  
 max=   1195.2680899106369     
 min=   0.0000000000000000     
       n_pass,     n_total
      240000      243323
 max=   1195.2680899106369     
 min=   0.0000000000000000     
       n_pass,     n_total
      250000      253323
 max=   1195.2680899106369     
 min=   0.0000000000000000     
       n_pass,     n_total
      260000      263323
 max=   1195.2680899106369     
 min=   0.0000000000000000     
       n_pass,     n_total
      270000      273323
 max=   1195.2680899106369     
 min=   0.0000000000000000     
       n_pass,     n_total
      280000      283323
 max=   1195.2680899106369     
 min=   0.0000000000000000     
       n_pass,     n_total
      290000      293323
 max=   1195.2680899106369     
 min=   0.0000000000000000     
       n_pass,     n_total
      300000      303323
 max=   1195.2680899106369     
 min=   0.0000000000000000     
       n_pass,     n_total
      310000      313323
   45.680527093307141      +\-   1.9436541617165960E-003
 precision:   4.2548855834051211E-005
 sigma (pb)                   sd (pb)
   45.680527093307141        1.9436541617165960E-003
