 =======================================================
 |                                                     |
 |         \/\/\/\/\/\___________/\/\/\/\/\/           |
 |                   |     \     |                     |
 |                   |     /     |                     |
 |                   |     \     |                     |
 |         /\/\/\/\/\|_____/_____|/\/\/\/\/\           |
 |                                                     |
 | Light-by-light scattering at next-to-leading order  |
 |                   (VERSION 0.5)                     |
 |                                                     |
 |    Authors:                                         |
 |            Ajjath A.H. (LPTHE Paris)                |
 |            Ekta Chaubey (Bonn)                      |
 |            Mathijs Fraaije (Bern)                   |
 |            Valentin Hirschi (Bern)                  |
 |            Hua-Sheng Shao (LPTHE Paris)             |
 |                                                     |
 |    Please cite                                      |
 |            PLB 851 (2024) 138555 [arXiv:2312.16956] |
 |            JHEP 03 (2024) 121    [arXiv:2312.16966] |
 |                                                     |
 =======================================================
 ---------------------------------------------------
         the cuts in the lab frame                  
 min transverse momentum of photon    0.0000000000000000     
 max (pseudo-)rapidity of photon    5.0000000000000000     
 min (pseudo-)rapidity of photon   -5.0000000000000000     
 min invariant mass of di-photon    0.0000000000000000     
 ---------------------------------------------------
 max=   2739804.7721272837     
 min=   0.0000000000000000     
       n_pass,     n_total
       10000       10000
  
 ====================NCALL=20K===========================
  
 ITERATION            1 :
   648509.05973570584      +\-   210.02140154052168     
 precision:   3.2385268700195810E-004
 WARNING: outside the range of the grid (xs,xt)=   105.15278357543056       -105.14753164384841     
 WARNING: set the 2-loop amplitudes to zero
 max=   2817673.1906525604     
 min=   0.0000000000000000     
       n_pass,     n_total
       20000       20003
 max=   2817673.1906525604     
 min=   0.0000000000000000     
       n_pass,     n_total
       30000       30003
 ITERATION            2 :
   648098.94455935573      +\-   86.331750040034606     
 precision:   1.3320766954609347E-004
 WARNING: outside the range of the grid (xs,xt)=   105.15278357543056       -105.14784925426785     
 WARNING: set the 2-loop amplitudes to zero
 max=   2935928.2292260313     
 min=   0.0000000000000000     
       n_pass,     n_total
       40000       40016
 max=   2935928.2292260313     
 min=   0.0000000000000000     
       n_pass,     n_total
       50000       50016
 ITERATION            3 :
   647940.37749028939      +\-   103.37633661421100     
 precision:   1.5954606350452406E-004
 WARNING: outside the range of the grid (xs,xt)=   105.15278357543056       -105.14780467491732     
 WARNING: set the 2-loop amplitudes to zero
 WARNING: outside the range of the grid (xs,xt)=   105.15278357543056       -105.14776365370263     
 WARNING: set the 2-loop amplitudes to zero
 WARNING: outside the range of the grid (xs,xt)=   105.15278357543056       -105.14770274885279     
 WARNING: set the 2-loop amplitudes to zero
 INFO: will suppress the further warning
 max=   2935928.2292260313     
 min=   0.0000000000000000     
       n_pass,     n_total
       60000       60040
 max=   2935928.2292260313     
 min=   0.0000000000000000     
       n_pass,     n_total
       70000       70040
 ITERATION            4 :
   647933.87651204586      +\-   91.893354812165896     
 precision:   1.4182520492190610E-004
 max=   2939649.1364671839     
 min=   0.0000000000000000     
       n_pass,     n_total
       80000       80067
 max=   2939649.1364671839     
 min=   0.0000000000000000     
       n_pass,     n_total
       90000       90067
 ITERATION            5 :
   647991.83757724531      +\-   78.156863170371963     
 precision:   1.2061396245759824E-004
 max=   2939649.1364671839     
 min=   0.0000000000000000     
       n_pass,     n_total
      100000      100101
 max=   2939649.1364671839     
 min=   0.0000000000000000     
       n_pass,     n_total
      110000      110101
 ITERATION            6 :
   647905.02684302814      +\-   75.920577447745032     
 precision:   1.1717855905158577E-004
 max=   2939649.1364671839     
 min=   0.0000000000000000     
       n_pass,     n_total
      120000      120139
 max=   2939649.1364671839     
 min=   0.0000000000000000     
       n_pass,     n_total
      130000      130139
 ITERATION            7 :
   648026.41210685228      +\-   74.405160154145037     
 precision:   1.1481809809609498E-004
 max=   2939649.1364671839     
 min=   0.0000000000000000     
       n_pass,     n_total
      140000      140179
 max=   2939649.1364671839     
 min=   0.0000000000000000     
       n_pass,     n_total
      150000      150179
 ITERATION            8 :
   647808.44131863595      +\-   74.575732944043153     
 precision:   1.1512003886865341E-004
 max=   2939649.1364671839     
 min=   0.0000000000000000     
       n_pass,     n_total
      160000      160230
 max=   2939649.1364671839     
 min=   0.0000000000000000     
       n_pass,     n_total
      170000      170230
 ITERATION            9 :
   647934.44447510445      +\-   72.731130902827047     
 precision:   1.1225075549386322E-004
 max=   2939649.1364671839     
 min=   0.0000000000000000     
       n_pass,     n_total
      180000      180280
 max=   2939649.1364671839     
 min=   0.0000000000000000     
       n_pass,     n_total
      190000      190280
 ITERATION           10 :
   648030.33575600525      +\-   71.805571934691983     
 precision:   1.1080588048539758E-004
 ====================NCALL=40K ===========================
  
 max=   2939649.1364671839     
 min=   0.0000000000000000     
       n_pass,     n_total
      200000      200377
 max=   2939649.1364671839     
 min=   0.0000000000000000     
       n_pass,     n_total
      210000      210377
 max=   2939649.1364671839     
 min=   0.0000000000000000     
       n_pass,     n_total
      220000      220377
 max=   2939649.1364671839     
 min=   0.0000000000000000     
       n_pass,     n_total
      230000      230377
   647976.37025869905      +\-   36.806705126092240     
 precision:   5.6802542215231518E-005
 ====================NCALL=80K ===========================
  
 max=   2996159.7053358997     
 min=   0.0000000000000000     
       n_pass,     n_total
      240000      240628
 max=   2996159.7053358997     
 min=   0.0000000000000000     
       n_pass,     n_total
      250000      250628
 max=   2996159.7053358997     
 min=   0.0000000000000000     
       n_pass,     n_total
      260000      260628
 max=   2996159.7053358997     
 min=   0.0000000000000000     
       n_pass,     n_total
      270000      270628
 max=   2996159.7053358997     
 min=   0.0000000000000000     
       n_pass,     n_total
      280000      280628
 max=   2996159.7053358997     
 min=   0.0000000000000000     
       n_pass,     n_total
      290000      290628
 max=   2996159.7053358997     
 min=   0.0000000000000000     
       n_pass,     n_total
      300000      300628
 max=   2996159.7053358997     
 min=   0.0000000000000000     
       n_pass,     n_total
      310000      310628
   647916.30867774342      +\-   18.576082633258878     
 precision:   2.8670497075723608E-005
 sigma (pb)                   sd (pb)
   647916.30867774342        18.576082633258878     
