 =======================================================
 |                                                     |
 |         \/\/\/\/\/\___________/\/\/\/\/\/           |
 |                   |     \     |                     |
 |                   |     /     |                     |
 |                   |     \     |                     |
 |         /\/\/\/\/\|_____/_____|/\/\/\/\/\           |
 |                                                     |
 | Light-by-light scattering at next-to-leading order  |
 |                   (VERSION 0.5)                     |
 |                                                     |
 |    Authors:                                         |
 |            Ajjath A.H. (LPTHE Paris)                |
 |            Ekta Chaubey (Bonn)                      |
 |            Mathijs Fraaije (Bern)                   |
 |            Valentin Hirschi (Bern)                  |
 |            Hua-Sheng Shao (LPTHE Paris)             |
 |                                                     |
 |    Please cite                                      |
 |            PLB 851 (2024) 138555 [arXiv:2312.16956] |
 |            JHEP 03 (2024) 121    [arXiv:2312.16966] |
 |                                                     |
 =======================================================
 ---------------------------------------------------
         the cuts in the lab frame                  
 min transverse momentum of photon    0.0000000000000000     
 max (pseudo-)rapidity of photon    5.0000000000000000     
 min (pseudo-)rapidity of photon   -5.0000000000000000     
 min invariant mass of di-photon    0.0000000000000000     
 ---------------------------------------------------
 max=   7.9961000225469663E-006
 min=   0.0000000000000000     
       n_pass,     n_total
       10000       10000
  
 ====================NCALL=20K===========================
  
 ITERATION            1 :
   4.0736099539200356E-006 +\-   1.7566349003716567E-009
 precision:   4.3122314611423378E-004
 max=   7.9961000225469663E-006
 min=   0.0000000000000000     
       n_pass,     n_total
       20000       20001
 max=   7.9961000225469663E-006
 min=   0.0000000000000000     
       n_pass,     n_total
       30000       30001
 ITERATION            2 :
   4.0729269403097755E-006 +\-   8.7124840106380428E-010
 precision:   2.1391211132246323E-004
 max=   7.9967049485569714E-006
 min=   0.0000000000000000     
       n_pass,     n_total
       40000       40002
 max=   7.9967049485569714E-006
 min=   0.0000000000000000     
       n_pass,     n_total
       50000       50002
 ITERATION            3 :
   4.0715814468342444E-006 +\-   7.0836594039038532E-010
 precision:   1.7397808434881180E-004
 max=   7.9967049485569714E-006
 min=   0.0000000000000000     
       n_pass,     n_total
       60000       60005
 max=   7.9967049485569714E-006
 min=   0.0000000000000000     
       n_pass,     n_total
       70000       70005
 ITERATION            4 :
   4.0725226480671134E-006 +\-   5.3140606864876479E-010
 precision:   1.3048572459160637E-004
 max=   7.9967049485569714E-006
 min=   0.0000000000000000     
       n_pass,     n_total
       80000       80009
 max=   7.9967049485569714E-006
 min=   0.0000000000000000     
       n_pass,     n_total
       90000       90009
 ITERATION            5 :
   4.0715583559614696E-006 +\-   7.1420130762411717E-010
 precision:   1.7541227343049185E-004
 max=   7.9968109205202401E-006
 min=   0.0000000000000000     
       n_pass,     n_total
      100000      100014
 max=   7.9968109205202401E-006
 min=   0.0000000000000000     
       n_pass,     n_total
      110000      110014
 ITERATION            6 :
   4.0720135123811733E-006 +\-   5.6077844425483528E-010
 precision:   1.3771527097092352E-004
 max=   7.9968109205202401E-006
 min=   0.0000000000000000     
       n_pass,     n_total
      120000      120023
 max=   7.9968109205202401E-006
 min=   0.0000000000000000     
       n_pass,     n_total
      130000      130023
 ITERATION            7 :
   4.0713636606573615E-006 +\-   6.2145600660835709E-010
 precision:   1.5264075096352777E-004
 max=   7.9968556650844560E-006
 min=   0.0000000000000000     
       n_pass,     n_total
      140000      140033
 max=   7.9968556650844560E-006
 min=   0.0000000000000000     
       n_pass,     n_total
      150000      150033
 ITERATION            8 :
   4.0720859862691050E-006 +\-   4.9922135841211392E-010
 precision:   1.2259597663101085E-004
 max=   7.9968556650844560E-006
 min=   0.0000000000000000     
       n_pass,     n_total
      160000      160047
 max=   7.9968556650844560E-006
 min=   0.0000000000000000     
       n_pass,     n_total
      170000      170047
 ITERATION            9 :
   4.0712654054493765E-006 +\-   1.1816507289252613E-009
 precision:   2.9024163527723479E-004
 max=   7.9968591055870030E-006
 min=   0.0000000000000000     
       n_pass,     n_total
      180000      180056
 max=   7.9968591055870030E-006
 min=   0.0000000000000000     
       n_pass,     n_total
      190000      190056
 ITERATION           10 :
   4.0723898461934437E-006 +\-   6.9483104049154758E-010
 precision:   1.7061997174485201E-004
 ====================NCALL=40K ===========================
  
 max=   7.9968591055870030E-006
 min=   0.0000000000000000     
       n_pass,     n_total
      200000      200066
 max=   7.9968591055870030E-006
 min=   0.0000000000000000     
       n_pass,     n_total
      210000      210066
 max=   7.9968591055870030E-006
 min=   0.0000000000000000     
       n_pass,     n_total
      220000      220066
 max=   7.9968591055870030E-006
 min=   0.0000000000000000     
       n_pass,     n_total
      230000      230066
   4.0722093642595887E-006 +\-   2.8290859615581353E-010
 precision:   6.9472998770349847E-005
 ====================NCALL=80K ===========================
  
 max=   7.9969709417147927E-006
 min=   0.0000000000000000     
       n_pass,     n_total
      240000      240104
 max=   7.9969709417147927E-006
 min=   0.0000000000000000     
       n_pass,     n_total
      250000      250104
 max=   7.9969709417147927E-006
 min=   0.0000000000000000     
       n_pass,     n_total
      260000      260104
 max=   7.9969709417147927E-006
 min=   0.0000000000000000     
       n_pass,     n_total
      270000      270104
 max=   7.9969709417147927E-006
 min=   0.0000000000000000     
       n_pass,     n_total
      280000      280104
 max=   7.9969709417147927E-006
 min=   0.0000000000000000     
       n_pass,     n_total
      290000      290104
 max=   7.9969709417147927E-006
 min=   0.0000000000000000     
       n_pass,     n_total
      300000      300104
 max=   7.9969709417147927E-006
 min=   0.0000000000000000     
       n_pass,     n_total
      310000      310104
   4.0721245440173672E-006 +\-   1.4492599837214069E-010
 precision:   3.5589775510442391E-005
 sigma (pb)                   sd (pb)
   4.0721245440173672E-006   1.4492599837214069E-010
