 =======================================================
 |                                                     |
 |         \/\/\/\/\/\___________/\/\/\/\/\/           |
 |                   |     \     |                     |
 |                   |     /     |                     |
 |                   |     \     |                     |
 |         /\/\/\/\/\|_____/_____|/\/\/\/\/\           |
 |                                                     |
 | Light-by-light scattering at next-to-leading order  |
 |                   (VERSION 0.5)                     |
 |                                                     |
 |    Authors:                                         |
 |            Ajjath A.H. (LPTHE Paris)                |
 |            Ekta Chaubey (Bonn)                      |
 |            Mathijs Fraaije (Bern)                   |
 |            Valentin Hirschi (Bern)                  |
 |            Hua-Sheng Shao (LPTHE Paris)             |
 |                                                     |
 |    Please cite                                      |
 |            PLB 851 (2024) 138555 [arXiv:2312.16956] |
 |            JHEP 03 (2024) 121    [arXiv:2312.16966] |
 |                                                     |
 =======================================================
 ---------------------------------------------------
         the cuts in the lab frame                  
 min transverse momentum of photon    0.0000000000000000     
 max (pseudo-)rapidity of photon    5.0000000000000000     
 min (pseudo-)rapidity of photon   -5.0000000000000000     
 min invariant mass of di-photon    0.0000000000000000     
 ---------------------------------------------------
 max=   3140238.2403327748     
 min=   0.0000000000000000     
       n_pass,     n_total
       10000       10000
  
 ====================NCALL=20K===========================
  
 ITERATION            1 :
   1791603.5458651895      +\-   73.663998783104304     
 precision:   4.1116238552391881E-005
 max=   3140238.2403327748     
 min=   0.0000000000000000     
       n_pass,     n_total
       20000       20002
 max=   3140238.2403327748     
 min=   0.0000000000000000     
       n_pass,     n_total
       30000       30002
 ITERATION            2 :
   1791377.5964374095      +\-   120.15018740495812     
 precision:   6.7071391114807962E-005
 WARNING: outside the range of the grid (xs,xt)=   13.192106341504514       -13.191499816202082     
 WARNING: set the 2-loop amplitudes to zero
 max=   4836202.6066702474     
 min=   0.0000000000000000     
       n_pass,     n_total
       40000       40011
 max=   4836202.6066702474     
 min=   0.0000000000000000     
       n_pass,     n_total
       50000       50011
 WARNING: outside the range of the grid (xs,xt)=   13.192106341504514       -6.2400394930108211E-004
 WARNING: set the 2-loop amplitudes to zero
 ITERATION            3 :
   1791175.8730816324      +\-   111.23231603757947     
 precision:   6.2100164316198375E-005
 WARNING: outside the range of the grid (xs,xt)=   13.192106341504514       -13.191494429699052     
 WARNING: set the 2-loop amplitudes to zero
 WARNING: outside the range of the grid (xs,xt)=   13.192106341504514       -13.191489388151128     
 WARNING: set the 2-loop amplitudes to zero
 WARNING: outside the range of the grid (xs,xt)=   13.192106341504514       -13.191481902884748     
 WARNING: set the 2-loop amplitudes to zero
 INFO: will suppress the further warning
 max=   4836202.6066702474     
 min=   0.0000000000000000     
       n_pass,     n_total
       60000       60036
 max=   4836202.6066702474     
 min=   0.0000000000000000     
       n_pass,     n_total
       70000       70036
 ITERATION            4 :
   1791281.7278052135      +\-   87.315252299807938     
 precision:   4.8744567057462177E-005
 max=   5785354.3200455094     
 min=   0.0000000000000000     
       n_pass,     n_total
       80000       80068
 max=   5785354.3200455094     
 min=   0.0000000000000000     
       n_pass,     n_total
       90000       90068
 ITERATION            5 :
   1791318.9926399507      +\-   74.511298073841942     
 precision:   4.1595772936025843E-005
 max=   6949287.6414159955     
 min=   0.0000000000000000     
       n_pass,     n_total
      100000      100119
 max=   6949287.6414159955     
 min=   0.0000000000000000     
       n_pass,     n_total
      110000      110119
 ITERATION            6 :
   1791288.6530303026      +\-   67.629021680181580     
 precision:   3.7754396292174536E-005
 max=   6949287.6414159955     
 min=   0.0000000000000000     
       n_pass,     n_total
      120000      120174
 max=   6949287.6414159955     
 min=   0.0000000000000000     
       n_pass,     n_total
      130000      130174
 ITERATION            7 :
   1791399.4940578428      +\-   64.136002111235840     
 precision:   3.5802177193852073E-005
 max=   6949287.6414159955     
 min=   0.0000000000000000     
       n_pass,     n_total
      140000      140251
 max=   6949287.6414159955     
 min=   0.0000000000000000     
       n_pass,     n_total
      150000      150251
 ITERATION            8 :
   1791204.2718427279      +\-   63.806194810197326     
 precision:   3.5621953237391375E-005
 max=   6949287.6414159955     
 min=   0.0000000000000000     
       n_pass,     n_total
      160000      160347
 max=   6949287.6414159955     
 min=   0.0000000000000000     
       n_pass,     n_total
      170000      170347
 ITERATION            9 :
   1791302.3523867284      +\-   61.748491826019219     
 precision:   3.4471283836447614E-005
 max=   6949287.6414159955     
 min=   0.0000000000000000     
       n_pass,     n_total
      180000      180446
 max=   6949287.6414159955     
 min=   0.0000000000000000     
       n_pass,     n_total
      190000      190446
 ITERATION           10 :
   1791362.3292195299      +\-   61.673409980249460     
 precision:   3.4428216432975711E-005
 ====================NCALL=40K ===========================
  
 max=   6949287.6414159955     
 min=   0.0000000000000000     
       n_pass,     n_total
      200000      200643
 max=   6949287.6414159955     
 min=   0.0000000000000000     
       n_pass,     n_total
      210000      210643
 max=   6949287.6414159955     
 min=   0.0000000000000000     
       n_pass,     n_total
      220000      220643
 max=   6949287.6414159955     
 min=   0.0000000000000000     
       n_pass,     n_total
      230000      230643
   1791320.3694573115      +\-   30.939133171785556     
 precision:   1.7271691708144147E-005
 ====================NCALL=80K ===========================
  
 max=   6949287.6414159955     
 min=   0.0000000000000000     
       n_pass,     n_total
      240000      241093
 max=   6949287.6414159955     
 min=   0.0000000000000000     
       n_pass,     n_total
      250000      251093
 max=   6949287.6414159955     
 min=   0.0000000000000000     
       n_pass,     n_total
      260000      261093
 max=   6949287.6414159955     
 min=   0.0000000000000000     
       n_pass,     n_total
      270000      271093
 max=   6949287.6414159955     
 min=   0.0000000000000000     
       n_pass,     n_total
      280000      281093
 max=   6949287.6414159955     
 min=   0.0000000000000000     
       n_pass,     n_total
      290000      291093
 max=   6949287.6414159955     
 min=   0.0000000000000000     
       n_pass,     n_total
      300000      301093
 max=   6949287.6414159955     
 min=   0.0000000000000000     
       n_pass,     n_total
      310000      311093
   1791285.5607045172      +\-   15.118581248468265     
 precision:   8.4400731966611114E-006
 sigma (pb)                   sd (pb)
   1791285.5607045172        15.118581248468265     
