 =======================================================
 |                                                     |
 |         \/\/\/\/\/\___________/\/\/\/\/\/           |
 |                   |     \     |                     |
 |                   |     /     |                     |
 |                   |     \     |                     |
 |         /\/\/\/\/\|_____/_____|/\/\/\/\/\           |
 |                                                     |
 | Light-by-light scattering at next-to-leading order  |
 |                   (VERSION 0.5)                     |
 |                                                     |
 |    Authors:                                         |
 |            Ajjath A.H. (LPTHE Paris)                |
 |            Ekta Chaubey (Bonn)                      |
 |            Mathijs Fraaije (Bern)                   |
 |            Valentin Hirschi (Bern)                  |
 |            Hua-Sheng Shao (LPTHE Paris)             |
 |                                                     |
 |    Please cite                                      |
 |            PLB 851 (2024) 138555 [arXiv:2312.16956] |
 |            JHEP 03 (2024) 121    [arXiv:2312.16966] |
 |                                                     |
 =======================================================
 ---------------------------------------------------
         the cuts in the lab frame                  
 min transverse momentum of photon    0.0000000000000000     
 max (pseudo-)rapidity of photon    5.0000000000000000     
 min (pseudo-)rapidity of photon   -5.0000000000000000     
 min invariant mass of di-photon    0.0000000000000000     
 ---------------------------------------------------
 max=   1483.6249900856512     
 min=   0.0000000000000000     
       n_pass,     n_total
       10000       10000
  
 ====================NCALL=20K===========================
  
 ITERATION            1 :
   62.663467335884803      +\-  0.17116795324176567     
 precision:   2.7315429630518514E-003
 WARNING: outside the range of the grid (xs,xt)=   15.221644018712405       -15.220890357446063     
 WARNING: set the 2-loop amplitudes to zero
 WARNING: outside the range of the grid (xs,xt)=   14.777240484429061       -14.776508826681525     
 WARNING: set the 2-loop amplitudes to zero
 WARNING: outside the range of the grid (xs,xt)=   7.1147396917950854       -7.1143874234251765     
 WARNING: set the 2-loop amplitudes to zero
 WARNING: outside the range of the grid (xs,xt)=  0.75922177777777777      -0.75918418682861544     
 WARNING: set the 2-loop amplitudes to zero
 WARNING: outside the range of the grid (xs,xt)=   7.5711867036011071E-002  -7.5708118354100157E-002
 WARNING: set the 2-loop amplitudes to zero
 INFO: will suppress the further warning
 max=   1642.3386216968818     
 min=   0.0000000000000000     
       n_pass,     n_total
       20000       20007
 max=   1642.3386216968818     
 min=   0.0000000000000000     
       n_pass,     n_total
       30000       30007
 ITERATION            2 :
   62.436812057626739      +\-   4.4884753768668996E-002
 precision:   7.1888285595430657E-004
 max=   1666.7682610590184     
 min=   0.0000000000000000     
       n_pass,     n_total
       40000       40035
 max=   1666.7682610590184     
 min=   0.0000000000000000     
       n_pass,     n_total
       50000       50035
 ITERATION            3 :
   62.396985559760907      +\-   2.0207672189657088E-002
 precision:   3.2385654544646433E-004
 max=   1667.8637724616397     
 min=   0.0000000000000000     
       n_pass,     n_total
       60000       60117
 max=   1667.8637724616397     
 min=   0.0000000000000000     
       n_pass,     n_total
       70000       70117
 ITERATION            4 :
   62.409785483487056      +\-   1.5888281940029243E-002
 precision:   2.5457997999741737E-004
 max=   1667.8637724616397     
 min=   0.0000000000000000     
       n_pass,     n_total
       80000       80298
 max=   1667.8637724616397     
 min=   0.0000000000000000     
       n_pass,     n_total
       90000       90298
 ITERATION            5 :
   62.398513180264345      +\-   1.2965737829187111E-002
 precision:   2.0778921112639536E-004
 max=   1674.3587900788764     
 min=   0.0000000000000000     
       n_pass,     n_total
      100000      100585
 max=   1674.3587900788764     
 min=   0.0000000000000000     
       n_pass,     n_total
      110000      110585
 ITERATION            6 :
   62.411338915762443      +\-   1.1222320759359994E-002
 precision:   1.7981220967726612E-004
 max=   1678.3688842791632     
 min=   0.0000000000000000     
       n_pass,     n_total
      120000      120874
 max=   1678.3688842791632     
 min=   0.0000000000000000     
       n_pass,     n_total
      130000      130874
 ITERATION            7 :
   62.434406739490939      +\-   1.0551368585233869E-002
 precision:   1.6899926076433637E-004
 max=   1682.4603363043345     
 min=   0.0000000000000000     
       n_pass,     n_total
      140000      141237
 max=   1682.4603363043345     
 min=   0.0000000000000000     
       n_pass,     n_total
      150000      151237
 ITERATION            8 :
   62.393979535569976      +\-   1.0418798294590862E-002
 precision:   1.6698403230797684E-004
 max=   1682.4603363043345     
 min=   0.0000000000000000     
       n_pass,     n_total
      160000      161476
 max=   1682.4603363043345     
 min=   0.0000000000000000     
       n_pass,     n_total
      170000      171476
 ITERATION            9 :
   62.410414579646982      +\-   1.0446163543131831E-002
 precision:   1.6737853150776039E-004
 max=   1682.4603363043345     
 min=   0.0000000000000000     
       n_pass,     n_total
      180000      181869
 max=   1682.4603363043345     
 min=   0.0000000000000000     
       n_pass,     n_total
      190000      191869
 ITERATION           10 :
   62.413823293065526      +\-   1.1565250783226210E-002
 precision:   1.8529950855472051E-004
 ====================NCALL=40K ===========================
  
 max=   1682.4603363043345     
 min=   0.0000000000000000     
       n_pass,     n_total
      200000      202062
 max=   1682.4603363043345     
 min=   0.0000000000000000     
       n_pass,     n_total
      210000      212062
 max=   1682.4603363043345     
 min=   0.0000000000000000     
       n_pass,     n_total
      220000      222062
 max=   1682.4603363043345     
 min=   0.0000000000000000     
       n_pass,     n_total
      230000      232062
   62.411487212938496      +\-   6.7767394302631033E-003
 precision:   1.0858160465143059E-004
 ====================NCALL=80K ===========================
  
 max=   1682.4603363043345     
 min=   0.0000000000000000     
       n_pass,     n_total
      240000      243241
 max=   1682.4603363043345     
 min=   0.0000000000000000     
       n_pass,     n_total
      250000      253241
 max=   1682.4603363043345     
 min=   0.0000000000000000     
       n_pass,     n_total
      260000      263241
 max=   1682.4603363043345     
 min=   0.0000000000000000     
       n_pass,     n_total
      270000      273241
 max=   1682.4603363043345     
 min=   0.0000000000000000     
       n_pass,     n_total
      280000      283241
 max=   1682.4603363043345     
 min=   0.0000000000000000     
       n_pass,     n_total
      290000      293241
 max=   1682.4603363043345     
 min=   0.0000000000000000     
       n_pass,     n_total
      300000      303241
 max=   1682.4603363043345     
 min=   0.0000000000000000     
       n_pass,     n_total
      310000      313241
   62.414110820797383      +\-   2.7547987979277926E-003
 precision:   4.4137435616720336E-005
 sigma (pb)                   sd (pb)
   62.414110820797383        2.7547987979277926E-003
