 =======================================================
 |                                                     |
 |         \/\/\/\/\/\___________/\/\/\/\/\/           |
 |                   |     \     |                     |
 |                   |     /     |                     |
 |                   |     \     |                     |
 |         /\/\/\/\/\|_____/_____|/\/\/\/\/\           |
 |                                                     |
 | Light-by-light scattering at next-to-leading order  |
 |                   (VERSION 0.5)                     |
 |                                                     |
 |    Authors:                                         |
 |            Ajjath A.H. (LPTHE Paris)                |
 |            Ekta Chaubey (Bonn)                      |
 |            Mathijs Fraaije (Bern)                   |
 |            Valentin Hirschi (Bern)                  |
 |            Hua-Sheng Shao (LPTHE Paris)             |
 |                                                     |
 |    Please cite                                      |
 |            PLB 851 (2024) 138555 [arXiv:2312.16956] |
 |            JHEP 03 (2024) 121    [arXiv:2312.16966] |
 |                                                     |
 =======================================================
 ---------------------------------------------------
         the cuts in the lab frame                  
 min transverse momentum of photon    0.0000000000000000     
 max (pseudo-)rapidity of photon    5.0000000000000000     
 min (pseudo-)rapidity of photon   -5.0000000000000000     
 min invariant mass of di-photon    0.0000000000000000     
 ---------------------------------------------------
 max=   1.9095716283022966E-006
 min=   0.0000000000000000     
       n_pass,     n_total
       10000       10000
  
 ====================NCALL=20K===========================
  
 ITERATION            1 :
   6.4909408740715063E-007 +\-   4.0380170653507117E-010
 precision:   6.2210042329623411E-004
 max=   1.9095716283022966E-006
 min=   0.0000000000000000     
       n_pass,     n_total
       20000       20001
 max=   1.9095716283022966E-006
 min=   0.0000000000000000     
       n_pass,     n_total
       30000       30001
 ITERATION            2 :
   6.4939790688963289E-007 +\-   4.1580177195173558E-010
 precision:   6.4028813080606729E-004
 max=   1.9095716283022966E-006
 min=   0.0000000000000000     
       n_pass,     n_total
       40000       40001
 max=   1.9095716283022966E-006
 min=   0.0000000000000000     
       n_pass,     n_total
       50000       50001
 ITERATION            3 :
   6.4942888523810598E-007 +\-   4.0538552078763640E-010
 precision:   6.2421849412966325E-004
 max=   1.9095716283022966E-006
 min=   0.0000000000000000     
       n_pass,     n_total
       60000       60001
 max=   1.9095716283022966E-006
 min=   0.0000000000000000     
       n_pass,     n_total
       70000       70001
 ITERATION            4 :
   6.4877504542921673E-007 +\-   3.6474929745166926E-010
 precision:   5.6221227992879778E-004
 max=   1.9095716283022966E-006
 min=   0.0000000000000000     
       n_pass,     n_total
       80000       80002
 max=   1.9095716283022966E-006
 min=   0.0000000000000000     
       n_pass,     n_total
       90000       90002
 ITERATION            5 :
   6.4926830897357850E-007 +\-   3.3895775894090450E-010
 precision:   5.2206114830517336E-004
 max=   1.9095810635836433E-006
 min=   0.0000000000000000     
       n_pass,     n_total
      100000      100003
 max=   1.9095810635836433E-006
 min=   0.0000000000000000     
       n_pass,     n_total
      110000      110003
 ITERATION            6 :
   6.4834652527494922E-007 +\-   4.9556479013961974E-010
 precision:   7.6435173294013082E-004
 max=   1.9095810635836433E-006
 min=   0.0000000000000000     
       n_pass,     n_total
      120000      120006
 max=   1.9095810635836433E-006
 min=   0.0000000000000000     
       n_pass,     n_total
      130000      130006
 ITERATION            7 :
   6.4885592432401227E-007 +\-   4.6084479140878564E-010
 precision:   7.1024209556058314E-004
 max=   1.9095810635836433E-006
 min=   0.0000000000000000     
       n_pass,     n_total
      140000      140008
 max=   1.9095810635836433E-006
 min=   0.0000000000000000     
       n_pass,     n_total
      150000      150008
 ITERATION            8 :
   6.4920572834645076E-007 +\-   4.0346468133078697E-010
 precision:   6.2147430885803388E-004
 max=   1.9095810635836433E-006
 min=   0.0000000000000000     
       n_pass,     n_total
      160000      160012
 max=   1.9095810635836433E-006
 min=   0.0000000000000000     
       n_pass,     n_total
      170000      170012
 ITERATION            9 :
   6.4920175026365357E-007 +\-   3.7964601452739223E-010
 precision:   5.8478895716656729E-004
 max=   1.9095810635836433E-006
 min=   0.0000000000000000     
       n_pass,     n_total
      180000      180015
 max=   1.9095810635836433E-006
 min=   0.0000000000000000     
       n_pass,     n_total
      190000      190015
 ITERATION           10 :
   6.4912870658658748E-007 +\-   3.4457003343728571E-010
 precision:   5.3081928120109016E-004
 ====================NCALL=40K ===========================
  
 max=   1.9095810635836433E-006
 min=   0.0000000000000000     
       n_pass,     n_total
      200000      200018
 max=   1.9095810635836433E-006
 min=   0.0000000000000000     
       n_pass,     n_total
      210000      210018
 max=   1.9095810635836433E-006
 min=   0.0000000000000000     
       n_pass,     n_total
      220000      220018
 max=   1.9095810635836433E-006
 min=   0.0000000000000000     
       n_pass,     n_total
      230000      230018
   6.4930809777486597E-007 +\-   2.3453156481917078E-010
 precision:   3.6120227919980398E-004
 ====================NCALL=80K ===========================
  
 max=   1.9095810635836433E-006
 min=   0.0000000000000000     
       n_pass,     n_total
      240000      240023
 max=   1.9095810635836433E-006
 min=   0.0000000000000000     
       n_pass,     n_total
      250000      250023
 max=   1.9095810635836433E-006
 min=   0.0000000000000000     
       n_pass,     n_total
      260000      260023
 max=   1.9095810635836433E-006
 min=   0.0000000000000000     
       n_pass,     n_total
      270000      270023
 max=   1.9095810635836433E-006
 min=   0.0000000000000000     
       n_pass,     n_total
      280000      280023
 max=   1.9095810635836433E-006
 min=   0.0000000000000000     
       n_pass,     n_total
      290000      290023
 max=   1.9095810635836433E-006
 min=   0.0000000000000000     
       n_pass,     n_total
      300000      300023
 max=   1.9095810635836433E-006
 min=   0.0000000000000000     
       n_pass,     n_total
      310000      310023
   6.4916148870071957E-007 +\-   1.3443394768886578E-010
 precision:   2.0708860588438779E-004
 sigma (pb)                   sd (pb)
   6.4916148870071957E-007   1.3443394768886578E-010
