 =======================================================
 |                                                     |
 |         \/\/\/\/\/\___________/\/\/\/\/\/           |
 |                   |     \     |                     |
 |                   |     /     |                     |
 |                   |     \     |                     |
 |         /\/\/\/\/\|_____/_____|/\/\/\/\/\           |
 |                                                     |
 | Light-by-light scattering at next-to-leading order  |
 |                   (VERSION 0.5)                     |
 |                                                     |
 |    Authors:                                         |
 |            Ajjath A.H. (LPTHE Paris)                |
 |            Ekta Chaubey (Bonn)                      |
 |            Mathijs Fraaije (Bern)                   |
 |            Valentin Hirschi (Bern)                  |
 |            Hua-Sheng Shao (LPTHE Paris)             |
 |                                                     |
 |    Please cite                                      |
 |            PLB 851 (2024) 138555 [arXiv:2312.16956] |
 |            JHEP 03 (2024) 121    [arXiv:2312.16966] |
 |                                                     |
 =======================================================
 ---------------------------------------------------
         the cuts in the lab frame                  
 min transverse momentum of photon    0.0000000000000000     
 max (pseudo-)rapidity of photon    5.0000000000000000     
 min (pseudo-)rapidity of photon   -5.0000000000000000     
 min invariant mass of di-photon    0.0000000000000000     
 ---------------------------------------------------
 WARNING: outside the range of the grid (xs,xt)=   2.1482568600125078       -2.1482568385400058     
 WARNING: set the 2-loop amplitudes to zero
 WARNING: outside the range of the grid (xs,xt)=   2.1481197959173710       -2.1481197744462377     
 WARNING: set the 2-loop amplitudes to zero
 WARNING: outside the range of the grid (xs,xt)=   2.1482761384914411       -2.1482761170187463     
 WARNING: set the 2-loop amplitudes to zero
 max=   736799303151927.25     
 min=   0.0000000000000000     
       n_pass,     n_total
       10000       10000
  
 ====================NCALL=20K===========================
  
 ITERATION            1 :
   76838628115.942657      +\-   48896257366.532272     
 precision:  0.63634995269244221     
 WARNING: outside the range of the grid (xs,xt)=   2.1481044410991190       -2.1481044196281398     
 WARNING: set the 2-loop amplitudes to zero
 WARNING: outside the range of the grid (xs,xt)=   2.1482645078209690       -2.1482644863483906     
 WARNING: set the 2-loop amplitudes to zero
 INFO: will suppress the further warning
 max=   1743804814920321.0     
 min=   0.0000000000000000     
       n_pass,     n_total
       20000       20017
 max=   1743804814920321.0     
 min=   0.0000000000000000     
       n_pass,     n_total
       30000       30017
 ITERATION            2 :
   87863652207.140015      +\-   48043249487.847679     
 precision:  0.54679322200931191     
 max=   1900557237868223.0     
 min=   0.0000000000000000     
       n_pass,     n_total
       40000       40292
 max=   1900557237868223.0     
 min=   0.0000000000000000     
       n_pass,     n_total
       50000       50292
 ITERATION            3 :
   63074383652.275124      +\-   2848992600.1310315     
 precision:   4.5168774313156003E-002
 max=   1908189191144690.2     
 min=   0.0000000000000000     
       n_pass,     n_total
       60000       64921
 max=   1908189191144690.2     
 min=   0.0000000000000000     
       n_pass,     n_total
       70000       74921
 ITERATION            4 :
   64395085329.990433      +\-   139789647.34160963     
 precision:   2.1708123628575429E-003
 max=   1908522677074123.5     
 min=   0.0000000000000000     
       n_pass,     n_total
       80000       92175
 ITERATION            5 :
   64540846399.935692      +\-   24299074.763726313     
 precision:   3.7649141774735891E-004
 max=   1908522677074123.5     
 min=   0.0000000000000000     
       n_pass,     n_total
       90000      104529
 max=   1908522677074123.5     
 min=   0.0000000000000000     
       n_pass,     n_total
      100000      114529
 ITERATION            6 :
   64597172958.041534      +\-   13324683.491622027     
 precision:   2.0627347732813238E-004
 max=   1908570600914868.5     
 min=   0.0000000000000000     
       n_pass,     n_total
      110000      125913
 max=   1908570600914868.5     
 min=   0.0000000000000000     
       n_pass,     n_total
      120000      135913
 ITERATION            7 :
   64555473260.693443      +\-   7249481.5611487329     
 precision:   1.1229848059316760E-004
 max=   1908570600914868.5     
 min=   0.0000000000000000     
       n_pass,     n_total
      130000      146512
 max=   1908570600914868.5     
 min=   0.0000000000000000     
       n_pass,     n_total
      140000      156512
 ITERATION            8 :
   63703101343.291161      +\-   5672701.0484161414     
 precision:   8.9049056149501858E-005
 max=   1908570600914868.5     
 min=   0.0000000000000000     
       n_pass,     n_total
      150000      168294
 ITERATION            9 :
   62716735874.981514      +\-   4883283.4827933470     
 precision:   7.7862526081197886E-005
 max=   1908570600914868.5     
 min=   0.0000000000000000     
       n_pass,     n_total
      160000      178873
 max=   1908570600914868.5     
 min=   0.0000000000000000     
       n_pass,     n_total
      170000      188873
 ITERATION           10 :
   62959720358.101936      +\-   529941697.78279382     
 precision:   8.4171545675329317E-003
 ====================NCALL=40K ===========================
  
 max=   1908570600914868.5     
 min=   0.0000000000000000     
       n_pass,     n_total
      180000      213606
 max=   1908570600914868.5     
 min=   0.0000000000000000     
       n_pass,     n_total
      190000      223606
 max=   1908570600914868.5     
 min=   0.0000000000000000     
       n_pass,     n_total
      200000      233606
   58449536071.553848      +\-   27670239.517051633     
 precision:   4.7340392031816576E-004
 ====================NCALL=80K ===========================
  
 max=   1908570600914868.5     
 min=   0.0000000000000000     
       n_pass,     n_total
      210000      260715
 max=   1908570600914868.5     
 min=   0.0000000000000000     
       n_pass,     n_total
      220000      270715
 max=   1908570600914868.5     
 min=   0.0000000000000000     
       n_pass,     n_total
      230000      280715
 max=   1908570600914868.5     
 min=   0.0000000000000000     
       n_pass,     n_total
      240000      290715
 max=   1908570600914868.5     
 min=   0.0000000000000000     
       n_pass,     n_total
      250000      300715
 max=   1908570600914868.5     
 min=   0.0000000000000000     
       n_pass,     n_total
      260000      310715
   61100746629.892159      +\-   4787997524.9622641     
 precision:   7.8362340708613282E-002
 sigma (pb)                   sd (pb)
   61100746629.892159        4787997524.9622641     
