 =======================================================
 |                                                     |
 |         \/\/\/\/\/\___________/\/\/\/\/\/           |
 |                   |     \     |                     |
 |                   |     /     |                     |
 |                   |     \     |                     |
 |         /\/\/\/\/\|_____/_____|/\/\/\/\/\           |
 |                                                     |
 | Light-by-light scattering at next-to-leading order  |
 |                   (VERSION 0.5)                     |
 |                                                     |
 |    Authors:                                         |
 |            Ajjath A.H. (LPTHE Paris)                |
 |            Ekta Chaubey (Bonn)                      |
 |            Mathijs Fraaije (Bern)                   |
 |            Valentin Hirschi (Bern)                  |
 |            Hua-Sheng Shao (LPTHE Paris)             |
 |                                                     |
 |    Please cite                                      |
 |            PLB 851 (2024) 138555 [arXiv:2312.16956] |
 |            JHEP 03 (2024) 121    [arXiv:2312.16966] |
 |                                                     |
 =======================================================
 ---------------------------------------------------
         the cuts in the lab frame                  
 min transverse momentum of photon    0.0000000000000000     
 max (pseudo-)rapidity of photon    5.0000000000000000     
 min (pseudo-)rapidity of photon   -5.0000000000000000     
 min invariant mass of di-photon    0.0000000000000000     
 ---------------------------------------------------
 max=   17924.344195102203     
 min=   0.0000000000000000     
       n_pass,     n_total
       10000       10000
  
 ====================NCALL=20K===========================
  
 ITERATION            1 :
   321.48283575426098      +\-   2.0960870988972835     
 precision:   6.5200591315535007E-003
 WARNING: outside the range of the grid (xs,xt)=  0.84530184896413441      -0.84526134454356439     
 WARNING: set the 2-loop amplitudes to zero
 WARNING: outside the range of the grid (xs,xt)=  0.82062283737024211      -0.82058351549655284     
 WARNING: set the 2-loop amplitudes to zero
 WARNING: outside the range of the grid (xs,xt)=  0.39510204081632661      -0.39508310866889440     
 WARNING: set the 2-loop amplitudes to zero
 WARNING: outside the range of the grid (xs,xt)=   4.2161777777777777E-002  -4.2159757507289571E-002
 WARNING: set the 2-loop amplitudes to zero
 WARNING: outside the range of the grid (xs,xt)=   363295.17733158194       -363277.76927708433     
 WARNING: set the 2-loop amplitudes to zero
 INFO: will suppress the further warning
 max=   20327.586652953989     
 min=   0.0000000000000000     
       n_pass,     n_total
       20000       20009
 max=   20327.586652953989     
 min=   0.0000000000000000     
       n_pass,     n_total
       30000       30009
 ITERATION            2 :
   319.03644252391285      +\-  0.55437254287974158     
 precision:   1.7376464534711877E-003
 max=   20654.126871152934     
 min=   0.0000000000000000     
       n_pass,     n_total
       40000       40044
 max=   20654.126871152934     
 min=   0.0000000000000000     
       n_pass,     n_total
       50000       50044
 ITERATION            3 :
   318.99187754241973      +\-  0.19282250610444274     
 precision:   6.0447465806962779E-004
 max=   20915.098540867890     
 min=   0.0000000000000000     
       n_pass,     n_total
       60000       60174
 max=   20915.098540867890     
 min=   0.0000000000000000     
       n_pass,     n_total
       70000       70174
 ITERATION            4 :
   319.12992858541082      +\-  0.12180078389583386     
 precision:   3.8166518707829535E-004
 max=   21037.659425220849     
 min=   0.0000000000000000     
       n_pass,     n_total
       80000       80485
 max=   21037.659425220849     
 min=   0.0000000000000000     
       n_pass,     n_total
       90000       90485
 ITERATION            5 :
   319.03110057453722      +\-   8.2965642449321156E-002
 precision:   2.6005503005791555E-004
 max=   21037.659425220849     
 min=   0.0000000000000000     
       n_pass,     n_total
      100000      100921
 max=   21037.659425220849     
 min=   0.0000000000000000     
       n_pass,     n_total
      110000      110921
 ITERATION            6 :
   319.06482167008727      +\-   6.6707574674568837E-002
 precision:   2.0907217011703161E-004
 max=   21037.659425220849     
 min=   0.0000000000000000     
       n_pass,     n_total
      120000      121315
 max=   21037.659425220849     
 min=   0.0000000000000000     
       n_pass,     n_total
      130000      131315
 ITERATION            7 :
   319.15094033813631      +\-   6.5454248244493002E-002
 precision:   2.0508868993193336E-004
 max=   21037.659425220849     
 min=   0.0000000000000000     
       n_pass,     n_total
      140000      141717
 max=   21037.659425220849     
 min=   0.0000000000000000     
       n_pass,     n_total
      150000      151717
 ITERATION            8 :
   318.97141775943425      +\-   6.3980703421264037E-002
 precision:   2.0058444067084965E-004
 max=   21037.659425220849     
 min=   0.0000000000000000     
       n_pass,     n_total
      160000      162139
 max=   21037.659425220849     
 min=   0.0000000000000000     
       n_pass,     n_total
      170000      172139
 ITERATION            9 :
   319.02416904953230      +\-   8.1646172922856336E-002
 precision:   2.5592472559713743E-004
 max=   21037.659425220849     
 min=   0.0000000000000000     
       n_pass,     n_total
      180000      182492
 max=   21037.659425220849     
 min=   0.0000000000000000     
       n_pass,     n_total
      190000      192492
 ITERATION           10 :
   319.17330956500638      +\-   7.3053445014507515E-002
 precision:   2.2888331456684237E-004
 ====================NCALL=40K ===========================
  
 max=   21037.659425220849     
 min=   0.0000000000000000     
       n_pass,     n_total
      200000      203395
 max=   21037.659425220849     
 min=   0.0000000000000000     
       n_pass,     n_total
      210000      213395
 max=   21037.659425220849     
 min=   0.0000000000000000     
       n_pass,     n_total
      220000      223395
 max=   21037.659425220849     
 min=   0.0000000000000000     
       n_pass,     n_total
      230000      233395
   319.10151224394338      +\-   3.2264674115251482E-002
 precision:   1.0111100348088016E-004
 ====================NCALL=80K ===========================
  
 max=   21037.659425220849     
 min=   0.0000000000000000     
       n_pass,     n_total
      240000      245096
 max=   21037.659425220849     
 min=   0.0000000000000000     
       n_pass,     n_total
      250000      255096
 max=   21037.659425220849     
 min=   0.0000000000000000     
       n_pass,     n_total
      260000      265096
 max=   21037.659425220849     
 min=   0.0000000000000000     
       n_pass,     n_total
      270000      275096
 max=   21037.659425220849     
 min=   0.0000000000000000     
       n_pass,     n_total
      280000      285096
 max=   21037.659425220849     
 min=   0.0000000000000000     
       n_pass,     n_total
      290000      295096
 max=   21037.659425220849     
 min=   0.0000000000000000     
       n_pass,     n_total
      300000      305096
   319.07238180285640      +\-   1.7198892808484145E-002
 precision:   5.3902793815325376E-005
 sigma (pb)                   sd (pb)
   319.07238180285640        1.7198892808484145E-002
