 =======================================================
 |                                                     |
 |         \/\/\/\/\/\___________/\/\/\/\/\/           |
 |                   |     \     |                     |
 |                   |     /     |                     |
 |                   |     \     |                     |
 |         /\/\/\/\/\|_____/_____|/\/\/\/\/\           |
 |                                                     |
 | Light-by-light scattering at next-to-leading order  |
 |                   (VERSION 0.5)                     |
 |                                                     |
 |    Authors:                                         |
 |            Ajjath A.H. (LPTHE Paris)                |
 |            Ekta Chaubey (Bonn)                      |
 |            Mathijs Fraaije (Bern)                   |
 |            Valentin Hirschi (Bern)                  |
 |            Hua-Sheng Shao (LPTHE Paris)             |
 |                                                     |
 |    Please cite                                      |
 |            PLB 851 (2024) 138555 [arXiv:2312.16956] |
 |            JHEP 03 (2024) 121    [arXiv:2312.16966] |
 |                                                     |
 =======================================================
 ---------------------------------------------------
         the cuts in the lab frame                  
 min transverse momentum of photon    0.0000000000000000     
 max (pseudo-)rapidity of photon    5.0000000000000000     
 min (pseudo-)rapidity of photon   -5.0000000000000000     
 min invariant mass of di-photon    0.0000000000000000     
 ---------------------------------------------------
 max=   575513.32641688397     
 min=   0.0000000000000000     
       n_pass,     n_total
       10000       10000
  
 ====================NCALL=20K===========================
  
 ITERATION            1 :
   17157.099496293260      +\-   98.144026320130791     
 precision:   5.7203157410921652E-003
 max=   586870.01905572461     
 min=   0.0000000000000000     
       n_pass,     n_total
       20000       20007
 max=   586870.01905572461     
 min=   0.0000000000000000     
       n_pass,     n_total
       30000       30007
 ITERATION            2 :
   16999.916438751396      +\-   16.489933057374436     
 precision:   9.7000083010911453E-004
 WARNING: outside the range of the grid (xs,xt)=   1.2867008242370236E-002  -1.2866418276948342E-002
 WARNING: set the 2-loop amplitudes to zero
 WARNING: outside the range of the grid (xs,xt)=   1.2491349480968856E-002  -1.2490776739883457E-002
 WARNING: set the 2-loop amplitudes to zero
 WARNING: outside the range of the grid (xs,xt)=   5530.0033317887119       -5529.7497755083969     
 WARNING: set the 2-loop amplitudes to zero
 WARNING: outside the range of the grid (xs,xt)=  0.11229000059100000      -0.11228485198020211     
 WARNING: set the 2-loop amplitudes to zero
 WARNING: outside the range of the grid (xs,xt)=   1.2867008242370236E-002  -1.2866383938260671E-002
 WARNING: set the 2-loop amplitudes to zero
 INFO: will suppress the further warning
 max=   586870.01905572461     
 min=   0.0000000000000000     
       n_pass,     n_total
       40000       40036
 max=   586870.01905572461     
 min=   0.0000000000000000     
       n_pass,     n_total
       50000       50036
 ITERATION            3 :
   16984.309836660253      +\-   7.8839900124123412     
 precision:   4.6419254525108375E-004
 max=   587582.16056788305     
 min=   0.0000000000000000     
       n_pass,     n_total
       60000       60132
 max=   587582.16056788305     
 min=   0.0000000000000000     
       n_pass,     n_total
       70000       70132
 ITERATION            4 :
   16988.429775664350      +\-   5.6868930932769368     
 precision:   3.3475095511318644E-004
 max=   587732.36826619843     
 min=   0.0000000000000000     
       n_pass,     n_total
       80000       80335
 max=   587732.36826619843     
 min=   0.0000000000000000     
       n_pass,     n_total
       90000       90335
 ITERATION            5 :
   16984.122746361056      +\-   4.5369728371197668     
 precision:   2.6713024304371794E-004
 max=   587732.36826619843     
 min=   0.0000000000000000     
       n_pass,     n_total
      100000      100646
 max=   587732.36826619843     
 min=   0.0000000000000000     
       n_pass,     n_total
      110000      110646
 ITERATION            6 :
   16986.088059603193      +\-   4.0261355215688006     
 precision:   2.3702547092899353E-004
 max=   587732.36826619843     
 min=   0.0000000000000000     
       n_pass,     n_total
      120000      120921
 max=   587732.36826619843     
 min=   0.0000000000000000     
       n_pass,     n_total
      130000      130921
 ITERATION            7 :
   16996.059483557852      +\-   3.8673503765708452     
 precision:   2.2754394218919724E-004
 max=   587763.36966311513     
 min=   0.0000000000000000     
       n_pass,     n_total
      140000      141279
 max=   587763.36966311513     
 min=   0.0000000000000000     
       n_pass,     n_total
      150000      151279
 ITERATION            8 :
   16981.478140111536      +\-   3.8932208975124949     
 precision:   2.2926278062428574E-004
 max=   587763.36966311513     
 min=   0.0000000000000000     
       n_pass,     n_total
      160000      161507
 max=   587763.36966311513     
 min=   0.0000000000000000     
       n_pass,     n_total
      170000      171507
 ITERATION            9 :
   16987.478534225807      +\-   3.8866901173841337     
 precision:   2.2879735268264561E-004
 max=   587763.36966311513     
 min=   0.0000000000000000     
       n_pass,     n_total
      180000      181892
 max=   587763.36966311513     
 min=   0.0000000000000000     
       n_pass,     n_total
      190000      191892
 ITERATION           10 :
   16989.939380018895      +\-   4.5888321138962072     
 precision:   2.7009114107216456E-004
 ====================NCALL=40K ===========================
  
 max=   587763.36966311513     
 min=   0.0000000000000000     
       n_pass,     n_total
      200000      202121
 max=   587763.36966311513     
 min=   0.0000000000000000     
       n_pass,     n_total
      210000      212121
 max=   587763.36966311513     
 min=   0.0000000000000000     
       n_pass,     n_total
      220000      222121
 max=   587763.36966311513     
 min=   0.0000000000000000     
       n_pass,     n_total
      230000      232121
   16989.012642932190      +\-   2.2800388731771419     
 precision:   1.3420667351882214E-004
 ====================NCALL=80K ===========================
  
 max=   587763.36966311513     
 min=   0.0000000000000000     
       n_pass,     n_total
      240000      243347
 max=   587763.36966311513     
 min=   0.0000000000000000     
       n_pass,     n_total
      250000      253347
 max=   587763.36966311513     
 min=   0.0000000000000000     
       n_pass,     n_total
      260000      263347
 max=   587763.36966311513     
 min=   0.0000000000000000     
       n_pass,     n_total
      270000      273347
 max=   587763.36966311513     
 min=   0.0000000000000000     
       n_pass,     n_total
      280000      283347
 max=   587763.36966311513     
 min=   0.0000000000000000     
       n_pass,     n_total
      290000      293347
 max=   587763.36966311513     
 min=   0.0000000000000000     
       n_pass,     n_total
      300000      303347
 max=   587763.36966311513     
 min=   0.0000000000000000     
       n_pass,     n_total
      310000      313347
   16988.722093911369      +\-  0.96448517269596312     
 precision:   5.6772084878687105E-005
 sigma (pb)                   sd (pb)
   16988.722093911369       0.96448517269596312     
