 =======================================================
 |                                                     |
 |         \/\/\/\/\/\___________/\/\/\/\/\/           |
 |                   |     \     |                     |
 |                   |     /     |                     |
 |                   |     \     |                     |
 |         /\/\/\/\/\|_____/_____|/\/\/\/\/\           |
 |                                                     |
 | Light-by-light scattering at next-to-leading order  |
 |                   (VERSION 0.5)                     |
 |                                                     |
 |    Authors:                                         |
 |            Ajjath A.H. (LPTHE Paris)                |
 |            Ekta Chaubey (Bonn)                      |
 |            Mathijs Fraaije (Bern)                   |
 |            Valentin Hirschi (Bern)                  |
 |            Hua-Sheng Shao (LPTHE Paris)             |
 |                                                     |
 |    Please cite                                      |
 |            PLB 851 (2024) 138555 [arXiv:2312.16956] |
 |            JHEP 03 (2024) 121    [arXiv:2312.16966] |
 |                                                     |
 =======================================================
 ---------------------------------------------------
         the cuts in the lab frame                  
 min transverse momentum of photon    0.0000000000000000     
 max (pseudo-)rapidity of photon    5.0000000000000000     
 min (pseudo-)rapidity of photon   -5.0000000000000000     
 min invariant mass of di-photon    0.0000000000000000     
 ---------------------------------------------------
 max=   5.0942682564553307E-006
 min=   0.0000000000000000     
       n_pass,     n_total
       10000       10000
  
 ====================NCALL=20K===========================
  
 ITERATION            1 :
   2.3823487437026866E-006 +\-   7.3216929762577952E-010
 precision:   3.0733086394724461E-004
 max=   5.0942682564553307E-006
 min=   0.0000000000000000     
       n_pass,     n_total
       20000       20001
 max=   5.0942682564553307E-006
 min=   0.0000000000000000     
       n_pass,     n_total
       30000       30001
 ITERATION            2 :
   2.3821884614094072E-006 +\-   6.5504125050536520E-010
 precision:   2.7497457112096583E-004
 max=   5.0945759284012525E-006
 min=   0.0000000000000000     
       n_pass,     n_total
       40000       40002
 max=   5.0945759284012525E-006
 min=   0.0000000000000000     
       n_pass,     n_total
       50000       50002
 ITERATION            3 :
   2.3820485512294344E-006 +\-   4.8005449486276503E-010
 precision:   2.0153010509168547E-004
 max=   5.0945759284012525E-006
 min=   0.0000000000000000     
       n_pass,     n_total
       60000       60004
 max=   5.0945759284012525E-006
 min=   0.0000000000000000     
       n_pass,     n_total
       70000       70004
 ITERATION            4 :
   2.3821614390524553E-006 +\-   3.5309151255868312E-010
 precision:   1.4822316689801310E-004
 max=   5.0947399309222083E-006
 min=   0.0000000000000000     
       n_pass,     n_total
       80000       80006
 max=   5.0947399309222083E-006
 min=   0.0000000000000000     
       n_pass,     n_total
       90000       90006
 ITERATION            5 :
   2.3819364045488862E-006 +\-   3.4288649111275445E-010
 precision:   1.4395283201429284E-004
 max=   5.0947399309222083E-006
 min=   0.0000000000000000     
       n_pass,     n_total
      100000      100009
 max=   5.0947399309222083E-006
 min=   0.0000000000000000     
       n_pass,     n_total
      110000      110009
 ITERATION            6 :
   2.3822269785991446E-006 +\-   3.3037454859811164E-010
 precision:   1.3868306906354765E-004
 max=   5.0947399309222083E-006
 min=   0.0000000000000000     
       n_pass,     n_total
      120000      120017
 max=   5.0947399309222083E-006
 min=   0.0000000000000000     
       n_pass,     n_total
      130000      130017
 ITERATION            7 :
   2.3815526308381926E-006 +\-   3.5973038646684524E-010
 precision:   1.5104868219529432E-004
 max=   5.0947399309222083E-006
 min=   0.0000000000000000     
       n_pass,     n_total
      140000      140027
 max=   5.0947399309222083E-006
 min=   0.0000000000000000     
       n_pass,     n_total
      150000      150027
 ITERATION            8 :
   2.3814304053252842E-006 +\-   3.6409672524998707E-010
 precision:   1.5288992885780108E-004
 max=   5.0947399309222083E-006
 min=   0.0000000000000000     
       n_pass,     n_total
      160000      160041
 max=   5.0947399309222083E-006
 min=   0.0000000000000000     
       n_pass,     n_total
      170000      170041
 ITERATION            9 :
   2.3816339303343394E-006 +\-   3.3311149160533761E-010
 precision:   1.3986678950218628E-004
 max=   5.0947399309222083E-006
 min=   0.0000000000000000     
       n_pass,     n_total
      180000      180052
 max=   5.0947399309222083E-006
 min=   0.0000000000000000     
       n_pass,     n_total
      190000      190052
 ITERATION           10 :
   2.3825164377334669E-006 +\-   3.0821007035562833E-010
 precision:   1.2936325033242348E-004
 ====================NCALL=40K ===========================
  
 max=   5.0947399309222083E-006
 min=   0.0000000000000000     
       n_pass,     n_total
      200000      200067
 max=   5.0947399309222083E-006
 min=   0.0000000000000000     
       n_pass,     n_total
      210000      210067
 max=   5.0947399309222083E-006
 min=   0.0000000000000000     
       n_pass,     n_total
      220000      220067
 max=   5.0947399309222083E-006
 min=   0.0000000000000000     
       n_pass,     n_total
      230000      230067
   2.3821511413353703E-006 +\-   2.7671410325001236E-010
 precision:   1.1616143847820412E-004
 ====================NCALL=80K ===========================
  
 max=   5.0948174189465417E-006
 min=   0.0000000000000000     
       n_pass,     n_total
      240000      240117
 max=   5.0948174189465417E-006
 min=   0.0000000000000000     
       n_pass,     n_total
      250000      250117
 max=   5.0948174189465417E-006
 min=   0.0000000000000000     
       n_pass,     n_total
      260000      260117
 max=   5.0948174189465417E-006
 min=   0.0000000000000000     
       n_pass,     n_total
      270000      270117
 max=   5.0948174189465417E-006
 min=   0.0000000000000000     
       n_pass,     n_total
      280000      280117
 max=   5.0948174189465417E-006
 min=   0.0000000000000000     
       n_pass,     n_total
      290000      290117
 max=   5.0948174189465417E-006
 min=   0.0000000000000000     
       n_pass,     n_total
      300000      300117
 max=   5.0948174189465417E-006
 min=   0.0000000000000000     
       n_pass,     n_total
      310000      310117
   2.3819628112658185E-006 +\-   1.1415247268254446E-010
 precision:   4.7923700631531587E-005
 sigma (pb)                   sd (pb)
   2.3819628112658185E-006   1.1415247268254446E-010
