 =======================================================
 |                                                     |
 |         \/\/\/\/\/\___________/\/\/\/\/\/           |
 |                   |     \     |                     |
 |                   |     /     |                     |
 |                   |     \     |                     |
 |         /\/\/\/\/\|_____/_____|/\/\/\/\/\           |
 |                                                     |
 | Light-by-light scattering at next-to-leading order  |
 |                   (VERSION 0.5)                     |
 |                                                     |
 |    Authors:                                         |
 |            Ajjath A.H. (LPTHE Paris)                |
 |            Ekta Chaubey (Bonn)                      |
 |            Mathijs Fraaije (Bern)                   |
 |            Valentin Hirschi (Bern)                  |
 |            Hua-Sheng Shao (LPTHE Paris)             |
 |                                                     |
 |    Please cite                                      |
 |            PLB 851 (2024) 138555 [arXiv:2312.16956] |
 |            JHEP 03 (2024) 121    [arXiv:2312.16966] |
 |                                                     |
 =======================================================
 ---------------------------------------------------
         the cuts in the lab frame                  
 min transverse momentum of photon    0.0000000000000000     
 max (pseudo-)rapidity of photon    5.0000000000000000     
 min (pseudo-)rapidity of photon   -5.0000000000000000     
 min invariant mass of di-photon    0.0000000000000000     
 ---------------------------------------------------
 max=   16.619995753774155     
 min=   0.0000000000000000     
       n_pass,     n_total
       10000       10000
  
 ====================NCALL=20K===========================
  
 ITERATION            1 :
   1.9748553701395784E-002 +\-   1.9240013143978236E-003
 precision:   9.7424922527964128E-002
 WARNING: outside the range of the grid (xs,xt)=   59804444.444444448       -59801676.163478136     
 WARNING: set the 2-loop amplitudes to zero
 WARNING: outside the range of the grid (xs,xt)=   5963878.1163434898       -5963602.0550836921     
 WARNING: set the 2-loop amplitudes to zero
 WARNING: outside the range of the grid (xs,xt)=   4495.9738046710545       -4495.7656910630431     
 WARNING: set the 2-loop amplitudes to zero
 WARNING: outside the range of the grid (xs,xt)=   42612903.133866146       -42610930.630154081     
 WARNING: set the 2-loop amplitudes to zero
 max=   19.195432045550316     
 min=   0.0000000000000000     
       n_pass,     n_total
       20000       20010
 max=   19.195432045550316     
 min=   0.0000000000000000     
       n_pass,     n_total
       30000       30010
 ITERATION            2 :
   1.8495830241057762E-002 +\-   5.6516706805522941E-004
 precision:   3.0556458438975594E-002
 WARNING: outside the range of the grid (xs,xt)=   59804444.444444448       -59801681.634652168     
 WARNING: set the 2-loop amplitudes to zero
 INFO: will suppress the further warning
 max=   19.260752237356769     
 min=   0.0000000000000000     
       n_pass,     n_total
       40000       40066
 max=   19.260752237356769     
 min=   0.0000000000000000     
       n_pass,     n_total
       50000       50066
 ITERATION            3 :
   1.8874918900152870E-002 +\-   1.3159099865644780E-004
 precision:   6.9717384934237800E-003
 max=   19.275244409625262     
 min=   0.0000000000000000     
       n_pass,     n_total
       60000       60386
 max=   19.275244409625262     
 min=   0.0000000000000000     
       n_pass,     n_total
       70000       70386
 ITERATION            4 :
   1.8790180154519484E-002 +\-   3.4153677187401826E-005
 precision:   1.8176343657454002E-003
 max=   19.287380522559200     
 min=   0.0000000000000000     
       n_pass,     n_total
       80000       81530
 max=   19.287380522559200     
 min=   0.0000000000000000     
       n_pass,     n_total
       90000       91530
 ITERATION            5 :
   1.8815958449185839E-002 +\-   1.6836001987360285E-005
 precision:   8.9477248968355234E-004
 max=   19.291818220008569     
 min=   0.0000000000000000     
       n_pass,     n_total
      100000      103745
 max=   19.291818220008569     
 min=   0.0000000000000000     
       n_pass,     n_total
      110000      113745
 ITERATION            6 :
   1.8793730884642940E-002 +\-   1.4734337511510437E-005
 precision:   7.8400279337565782E-004
 max=   19.291818220008569     
 min=   0.0000000000000000     
       n_pass,     n_total
      120000      125253
 max=   19.291818220008569     
 min=   0.0000000000000000     
       n_pass,     n_total
      130000      135253
 ITERATION            7 :
   1.8810239021691891E-002 +\-   1.4387577199578272E-005
 precision:   7.6488008381959299E-004
 max=   19.291818220008569     
 min=   0.0000000000000000     
       n_pass,     n_total
      140000      147886
 ITERATION            8 :
   1.8785259978961740E-002 +\-   1.3124695975114583E-005
 precision:   6.9866991406099157E-004
 max=   19.291818220008569     
 min=   0.0000000000000000     
       n_pass,     n_total
      150000      159910
 max=   19.291818220008569     
 min=   0.0000000000000000     
       n_pass,     n_total
      160000      169910
 ITERATION            9 :
   1.8793582151756281E-002 +\-   1.2833497706352560E-005
 precision:   6.8286597002760626E-004
 max=   19.291818220008569     
 min=   0.0000000000000000     
       n_pass,     n_total
      170000      182592
 max=   19.291818220008569     
 min=   0.0000000000000000     
       n_pass,     n_total
      180000      192592
 ITERATION           10 :
   1.8823630852159313E-002 +\-   1.1856186820501057E-005
 precision:   6.2985653052907166E-004
 ====================NCALL=40K ===========================
  
 max=   19.292057311389051     
 min=   0.0000000000000000     
       n_pass,     n_total
      190000      205287
 max=   19.292057311389051     
 min=   0.0000000000000000     
       n_pass,     n_total
      200000      215287
 max=   19.292057311389051     
 min=   0.0000000000000000     
       n_pass,     n_total
      210000      225287
   1.8812799134244829E-002 +\-   5.6808248128402479E-006
 precision:   3.0196595266355000E-004
 ====================NCALL=80K ===========================
  
 max=   19.292797013398914     
 min=   0.0000000000000000     
       n_pass,     n_total
      220000      240750
 max=   19.292797013398914     
 min=   0.0000000000000000     
       n_pass,     n_total
      230000      250750
 max=   19.292797013398914     
 min=   0.0000000000000000     
       n_pass,     n_total
      240000      260750
 max=   19.292797013398914     
 min=   0.0000000000000000     
       n_pass,     n_total
      250000      270750
 max=   19.292797013398914     
 min=   0.0000000000000000     
       n_pass,     n_total
      260000      280750
 max=   19.292797013398914     
 min=   0.0000000000000000     
       n_pass,     n_total
      270000      290750
 max=   19.292797013398914     
 min=   0.0000000000000000     
       n_pass,     n_total
      280000      300750
 max=   19.292797013398914     
 min=   0.0000000000000000     
       n_pass,     n_total
      290000      310750
   1.8803768093425474E-002 +\-   2.4912671624290352E-006
 precision:   1.3248765620014634E-004
 sigma (pb)                   sd (pb)
   1.8803768093425474E-002   2.4912671624290352E-006
