 =======================================================
 |                                                     |
 |         \/\/\/\/\/\___________/\/\/\/\/\/           |
 |                   |     \     |                     |
 |                   |     /     |                     |
 |                   |     \     |                     |
 |         /\/\/\/\/\|_____/_____|/\/\/\/\/\           |
 |                                                     |
 | Light-by-light scattering at next-to-leading order  |
 |                   (VERSION 0.5)                     |
 |                                                     |
 |    Authors:                                         |
 |            Ajjath A.H. (LPTHE Paris)                |
 |            Ekta Chaubey (Bonn)                      |
 |            Mathijs Fraaije (Bern)                   |
 |            Valentin Hirschi (Bern)                  |
 |            Hua-Sheng Shao (LPTHE Paris)             |
 |                                                     |
 |    Please cite                                      |
 |            PLB 851 (2024) 138555 [arXiv:2312.16956] |
 |            JHEP 03 (2024) 121    [arXiv:2312.16966] |
 |                                                     |
 =======================================================
 ---------------------------------------------------
         the cuts in the lab frame                  
 min transverse momentum of photon    0.0000000000000000     
 max (pseudo-)rapidity of photon    5.0000000000000000     
 min (pseudo-)rapidity of photon   -5.0000000000000000     
 min invariant mass of di-photon    0.0000000000000000     
 ---------------------------------------------------
 max=   86993.032364875646     
 min=   0.0000000000000000     
       n_pass,     n_total
       10000       10000
  
 ====================NCALL=20K===========================
  
 ITERATION            1 :
   1289.9408646458137      +\-   10.844275839500620     
 precision:   8.4068007586364773E-003
 WARNING: outside the range of the grid (xs,xt)=  0.16724437513922924      -0.16723635607717319     
 WARNING: set the 2-loop amplitudes to zero
 WARNING: outside the range of the grid (xs,xt)=  0.16236159169550174      -0.16235380675398581     
 WARNING: set the 2-loop amplitudes to zero
 WARNING: outside the range of the grid (xs,xt)=   7.8171595168679747E-002  -7.8167846983593359E-002
 WARNING: set the 2-loop amplitudes to zero
 WARNING: outside the range of the grid (xs,xt)=   71878.554386663673       -71875.107941378767     
 WARNING: set the 2-loop amplitudes to zero
 WARNING: outside the range of the grid (xs,xt)=   1.4595367182080883       -1.4594667360905631     
 WARNING: set the 2-loop amplitudes to zero
 INFO: will suppress the further warning
 max=   94379.145423375056     
 min=   0.0000000000000000     
       n_pass,     n_total
       20000       20009
 max=   94379.145423375056     
 min=   0.0000000000000000     
       n_pass,     n_total
       30000       30009
 ITERATION            2 :
   1277.1031246704499      +\-   2.7207084526618690     
 precision:   2.1303749087325536E-003
 max=   95933.712219375113     
 min=   0.0000000000000000     
       n_pass,     n_total
       40000       40044
 max=   95933.712219375113     
 min=   0.0000000000000000     
       n_pass,     n_total
       50000       50044
 ITERATION            3 :
   1276.8198314313115      +\-  0.91950266229208288     
 precision:   7.2015067408635327E-004
 max=   96438.000550661804     
 min=   0.0000000000000000     
       n_pass,     n_total
       60000       60178
 max=   96438.000550661804     
 min=   0.0000000000000000     
       n_pass,     n_total
       70000       70178
 ITERATION            4 :
   1277.3124768644093      +\-  0.57185977867853155     
 precision:   4.4770546678002605E-004
 max=   96830.296429600290     
 min=   0.0000000000000000     
       n_pass,     n_total
       80000       80494
 max=   96830.296429600290     
 min=   0.0000000000000000     
       n_pass,     n_total
       90000       90494
 ITERATION            5 :
   1276.8990049250554      +\-  0.38596306503242106     
 precision:   3.0226592983763367E-004
 max=   96830.296429600290     
 min=   0.0000000000000000     
       n_pass,     n_total
      100000      100931
 max=   96830.296429600290     
 min=   0.0000000000000000     
       n_pass,     n_total
      110000      110931
 ITERATION            6 :
   1277.0598866625003      +\-  0.31925438635405434     
 precision:   2.4999171118623233E-004
 max=   96830.296429600290     
 min=   0.0000000000000000     
       n_pass,     n_total
      120000      121297
 max=   96830.296429600290     
 min=   0.0000000000000000     
       n_pass,     n_total
      130000      131297
 ITERATION            7 :
   1277.9287102931567      +\-  0.36026040886208721     
 precision:   2.8190962919945941E-004
 max=   96830.296429600290     
 min=   0.0000000000000000     
       n_pass,     n_total
      140000      141912
 max=   96830.296429600290     
 min=   0.0000000000000000     
       n_pass,     n_total
      150000      151912
 ITERATION            8 :
   1276.3534985448803      +\-  0.34072138465628649     
 precision:   2.6694907409642338E-004
 max=   96830.296429600290     
 min=   0.0000000000000000     
       n_pass,     n_total
      160000      162615
 max=   96830.296429600290     
 min=   0.0000000000000000     
       n_pass,     n_total
      170000      172615
 ITERATION            9 :
   1276.9743019486680      +\-  0.32033558424702818     
 precision:   2.5085515327770869E-004
 max=   96830.296429600290     
 min=   0.0000000000000000     
       n_pass,     n_total
      180000      183255
 max=   96830.296429600290     
 min=   0.0000000000000000     
       n_pass,     n_total
      190000      193255
 ITERATION           10 :
   1277.3588975228288      +\-  0.31732140583288332     
 precision:   2.4841992837585584E-004
 ====================NCALL=40K ===========================
  
 max=   96830.296429600290     
 min=   0.0000000000000000     
       n_pass,     n_total
      200000      204418
 max=   96830.296429600290     
 min=   0.0000000000000000     
       n_pass,     n_total
      210000      214418
 max=   96830.296429600290     
 min=   0.0000000000000000     
       n_pass,     n_total
      220000      224418
 max=   96830.296429600290     
 min=   0.0000000000000000     
       n_pass,     n_total
      230000      234418
   1277.1639592753579      +\-  0.14825632379486584     
 precision:   1.1608245184039179E-004
 ====================NCALL=80K ===========================
  
 max=   96830.296429600290     
 min=   0.0000000000000000     
       n_pass,     n_total
      240000      246736
 max=   96830.296429600290     
 min=   0.0000000000000000     
       n_pass,     n_total
      250000      256736
 max=   96830.296429600290     
 min=   0.0000000000000000     
       n_pass,     n_total
      260000      266736
 max=   96830.296429600290     
 min=   0.0000000000000000     
       n_pass,     n_total
      270000      276736
 max=   96830.296429600290     
 min=   0.0000000000000000     
       n_pass,     n_total
      280000      286736
 max=   96830.296429600290     
 min=   0.0000000000000000     
       n_pass,     n_total
      290000      296736
 max=   96830.296429600290     
 min=   0.0000000000000000     
       n_pass,     n_total
      300000      306736
   1277.0583610782173      +\-   8.1223673956527326E-002
 precision:   6.3602162933219724E-005
 sigma (pb)                   sd (pb)
   1277.0583610782173        8.1223673956527326E-002
