 =======================================================
 |                                                     |
 |         \/\/\/\/\/\___________/\/\/\/\/\/           |
 |                   |     \     |                     |
 |                   |     /     |                     |
 |                   |     \     |                     |
 |         /\/\/\/\/\|_____/_____|/\/\/\/\/\           |
 |                                                     |
 | Light-by-light scattering at next-to-leading order  |
 |                   (VERSION 0.5)                     |
 |                                                     |
 |    Authors:                                         |
 |            Ajjath A.H. (LPTHE Paris)                |
 |            Ekta Chaubey (Bonn)                      |
 |            Mathijs Fraaije (Bern)                   |
 |            Valentin Hirschi (Bern)                  |
 |            Hua-Sheng Shao (LPTHE Paris)             |
 |                                                     |
 |    Please cite                                      |
 |            PLB 851 (2024) 138555 [arXiv:2312.16956] |
 |            JHEP 03 (2024) 121    [arXiv:2312.16966] |
 |                                                     |
 =======================================================
 ---------------------------------------------------
         the cuts in the lab frame                  
 min transverse momentum of photon    0.0000000000000000     
 max (pseudo-)rapidity of photon    5.0000000000000000     
 min (pseudo-)rapidity of photon   -5.0000000000000000     
 min invariant mass of di-photon    0.0000000000000000     
 ---------------------------------------------------
 max=   2.9227747267799498E-006
 min=   0.0000000000000000     
       n_pass,     n_total
       10000       10000
  
 ====================NCALL=20K===========================
  
 ITERATION            1 :
   1.1561567526808593E-006 +\-   7.1056563261109676E-010
 precision:   6.1459281448078724E-004
 max=   2.9227747267799498E-006
 min=   0.0000000000000000     
       n_pass,     n_total
       20000       20001
 max=   2.9227747267799498E-006
 min=   0.0000000000000000     
       n_pass,     n_total
       30000       30001
 ITERATION            2 :
   1.1564403536981574E-006 +\-   5.0812422992454492E-010
 precision:   4.3938645715676096E-004
 max=   2.9229627814611529E-006
 min=   0.0000000000000000     
       n_pass,     n_total
       40000       40001
 max=   2.9229627814611529E-006
 min=   0.0000000000000000     
       n_pass,     n_total
       50000       50001
 ITERATION            3 :
   1.1567295916342409E-006 +\-   3.6405738841639739E-010
 precision:   3.1472989975302087E-004
 max=   2.9229627814611529E-006
 min=   0.0000000000000000     
       n_pass,     n_total
       60000       60002
 max=   2.9229627814611529E-006
 min=   0.0000000000000000     
       n_pass,     n_total
       70000       70002
 ITERATION            4 :
   1.1559702474520303E-006 +\-   3.3731578262120534E-010
 precision:   2.9180316999050018E-004
 max=   2.9229627814611529E-006
 min=   0.0000000000000000     
       n_pass,     n_total
       80000       80004
 max=   2.9229627814611529E-006
 min=   0.0000000000000000     
       n_pass,     n_total
       90000       90004
 ITERATION            5 :
   1.1554014430517758E-006 +\-   4.1129857283723995E-010
 precision:   3.5597893295932889E-004
 max=   2.9229733697008029E-006
 min=   0.0000000000000000     
       n_pass,     n_total
      100000      100006
 max=   2.9229733697008029E-006
 min=   0.0000000000000000     
       n_pass,     n_total
      110000      110006
 ITERATION            6 :
   1.1560743596071522E-006 +\-   3.7745349661667961E-010
 precision:   3.2649586376514984E-004
 max=   2.9229733697008029E-006
 min=   0.0000000000000000     
       n_pass,     n_total
      120000      120009
 max=   2.9229733697008029E-006
 min=   0.0000000000000000     
       n_pass,     n_total
      130000      130009
 ITERATION            7 :
   1.1558273304015803E-006 +\-   3.8219223738150425E-010
 precision:   3.3066551320318362E-004
 max=   2.9229733697008029E-006
 min=   0.0000000000000000     
       n_pass,     n_total
      140000      140011
 max=   2.9229733697008029E-006
 min=   0.0000000000000000     
       n_pass,     n_total
      150000      150011
 ITERATION            8 :
   1.1552166747226568E-006 +\-   3.9639497229345019E-010
 precision:   3.4313473910737679E-004
 max=   2.9229733697008029E-006
 min=   0.0000000000000000     
       n_pass,     n_total
      160000      160016
 max=   2.9229733697008029E-006
 min=   0.0000000000000000     
       n_pass,     n_total
      170000      170016
 ITERATION            9 :
   1.1556220687563718E-006 +\-   3.2305814179605355E-010
 precision:   2.7955345482776571E-004
 max=   2.9229733697008029E-006
 min=   0.0000000000000000     
       n_pass,     n_total
      180000      180019
 max=   2.9229733697008029E-006
 min=   0.0000000000000000     
       n_pass,     n_total
      190000      190019
 ITERATION           10 :
   1.1565021622325650E-006 +\-   3.6897407709808704E-010
 precision:   3.1904313640521213E-004
 ====================NCALL=40K ===========================
  
 max=   2.9229733697008029E-006
 min=   0.0000000000000000     
       n_pass,     n_total
      200000      200022
 max=   2.9229733697008029E-006
 min=   0.0000000000000000     
       n_pass,     n_total
      210000      210022
 max=   2.9229733697008029E-006
 min=   0.0000000000000000     
       n_pass,     n_total
      220000      220022
 max=   2.9229733697008029E-006
 min=   0.0000000000000000     
       n_pass,     n_total
      230000      230022
   1.1561482780158288E-006 +\-   2.9830051506541682E-010
 precision:   2.5801233348490338E-004
 ====================NCALL=80K ===========================
  
 max=   2.9230624269821346E-006
 min=   0.0000000000000000     
       n_pass,     n_total
      240000      240029
 max=   2.9230624269821346E-006
 min=   0.0000000000000000     
       n_pass,     n_total
      250000      250029
 max=   2.9230624269821346E-006
 min=   0.0000000000000000     
       n_pass,     n_total
      260000      260029
 max=   2.9230624269821346E-006
 min=   0.0000000000000000     
       n_pass,     n_total
      270000      270029
 max=   2.9230624269821346E-006
 min=   0.0000000000000000     
       n_pass,     n_total
      280000      280029
 max=   2.9230624269821346E-006
 min=   0.0000000000000000     
       n_pass,     n_total
      290000      290029
 max=   2.9230624269821346E-006
 min=   0.0000000000000000     
       n_pass,     n_total
      300000      300029
 max=   2.9230624269821346E-006
 min=   0.0000000000000000     
       n_pass,     n_total
      310000      310029
   1.1561166571884528E-006 +\-   1.4632936971727614E-010
 precision:   1.2656972703181435E-004
 sigma (pb)                   sd (pb)
   1.1561166571884528E-006   1.4632936971727614E-010
