 =======================================================
 |                                                     |
 |         \/\/\/\/\/\___________/\/\/\/\/\/           |
 |                   |     \     |                     |
 |                   |     /     |                     |
 |                   |     \     |                     |
 |         /\/\/\/\/\|_____/_____|/\/\/\/\/\           |
 |                                                     |
 | Light-by-light scattering at next-to-leading order  |
 |                   (VERSION 0.5)                     |
 |                                                     |
 |    Authors:                                         |
 |            Ajjath A.H. (LPTHE Paris)                |
 |            Ekta Chaubey (Bonn)                      |
 |            Mathijs Fraaije (Bern)                   |
 |            Valentin Hirschi (Bern)                  |
 |            Hua-Sheng Shao (LPTHE Paris)             |
 |                                                     |
 |    Please cite                                      |
 |            PLB 851 (2024) 138555 [arXiv:2312.16956] |
 |            JHEP 03 (2024) 121    [arXiv:2312.16966] |
 |                                                     |
 =======================================================
 ---------------------------------------------------
         the cuts in the lab frame                  
 min transverse momentum of photon    0.0000000000000000     
 max (pseudo-)rapidity of photon    5.0000000000000000     
 min (pseudo-)rapidity of photon   -5.0000000000000000     
 min invariant mass of di-photon    0.0000000000000000     
 ---------------------------------------------------
 max=   1.8587355762950635E-006
 min=   0.0000000000000000     
       n_pass,     n_total
       10000       10000
  
 ====================NCALL=20K===========================
  
 ITERATION            1 :
   5.5642811787566130E-007 +\-   8.9722183876238794E-010
 precision:   1.6124667498612641E-003
 max=   1.8587355762950635E-006
 min=   0.0000000000000000     
       n_pass,     n_total
       20000       20001
 max=   1.8587355762950635E-006
 min=   0.0000000000000000     
       n_pass,     n_total
       30000       30001
 ITERATION            2 :
   5.5729781141761143E-007 +\-   5.8891374111494517E-010
 precision:   1.0567307623493291E-003
 max=   1.8591391669103898E-006
 min=   0.0000000000000000     
       n_pass,     n_total
       40000       40001
 max=   1.8591391669103898E-006
 min=   0.0000000000000000     
       n_pass,     n_total
       50000       50001
 ITERATION            3 :
   5.5685693343290749E-007 +\-   4.9575356807261618E-010
 precision:   8.9027098040496378E-004
 max=   1.8594777565777984E-006
 min=   0.0000000000000000     
       n_pass,     n_total
       60000       60001
 max=   1.8594777565777984E-006
 min=   0.0000000000000000     
       n_pass,     n_total
       70000       70001
 ITERATION            4 :
   5.5813389538607288E-007 +\-   3.2893321477107520E-010
 precision:   5.8934463126190397E-004
 max=   1.8595080689551508E-006
 min=   0.0000000000000000     
       n_pass,     n_total
       80000       80002
 max=   1.8595080689551508E-006
 min=   0.0000000000000000     
       n_pass,     n_total
       90000       90002
 ITERATION            5 :
   5.5741237246621269E-007 +\-   1.1366152883410068E-009
 precision:   2.0390923210264807E-003
 max=   1.8595415380510296E-006
 min=   0.0000000000000000     
       n_pass,     n_total
      100000      100002
 max=   1.8595415380510296E-006
 min=   0.0000000000000000     
       n_pass,     n_total
      110000      110002
 ITERATION            6 :
   5.5740338567684862E-007 +\-   5.8850045750649058E-010
 precision:   1.0557891692600345E-003
 max=   1.8595415380510296E-006
 min=   0.0000000000000000     
       n_pass,     n_total
      120000      120004
 max=   1.8595415380510296E-006
 min=   0.0000000000000000     
       n_pass,     n_total
      130000      130004
 ITERATION            7 :
   5.5755099807204267E-007 +\-   4.7508995985102827E-010
 precision:   8.5210135304903648E-004
 max=   1.8595415380510296E-006
 min=   0.0000000000000000     
       n_pass,     n_total
      140000      140006
 max=   1.8595415380510296E-006
 min=   0.0000000000000000     
       n_pass,     n_total
      150000      150006
 ITERATION            8 :
   5.5706137841304959E-007 +\-   3.8946690381562415E-010
 precision:   6.9914540642744473E-004
 max=   1.8595415380510296E-006
 min=   0.0000000000000000     
       n_pass,     n_total
      160000      160008
 max=   1.8595415380510296E-006
 min=   0.0000000000000000     
       n_pass,     n_total
      170000      170008
 ITERATION            9 :
   5.5680228300503458E-007 +\-   3.1802324816125852E-010
 precision:   5.7116010093367909E-004
 max=   1.8595415380510296E-006
 min=   0.0000000000000000     
       n_pass,     n_total
      180000      180009
 max=   1.8595415380510296E-006
 min=   0.0000000000000000     
       n_pass,     n_total
      190000      190009
 ITERATION           10 :
   5.5761592241868946E-007 +\-   3.5791924332912855E-010
 precision:   6.4187414479958591E-004
 ====================NCALL=40K ===========================
  
 max=   1.8595415380510296E-006
 min=   0.0000000000000000     
       n_pass,     n_total
      200000      200011
 max=   1.8595415380510296E-006
 min=   0.0000000000000000     
       n_pass,     n_total
      210000      210011
 max=   1.8595415380510296E-006
 min=   0.0000000000000000     
       n_pass,     n_total
      220000      220011
 max=   1.8595496186488265E-006
 min=   0.0000000000000000     
       n_pass,     n_total
      230000      230011
   5.5732801442429174E-007 +\-   2.0287952063028835E-010
 precision:   3.6402175268339718E-004
 ====================NCALL=80K ===========================
  
 max=   1.8595496186488265E-006
 min=   0.0000000000000000     
       n_pass,     n_total
      240000      240014
 max=   1.8595496186488265E-006
 min=   0.0000000000000000     
       n_pass,     n_total
      250000      250014
 max=   1.8595496186488265E-006
 min=   0.0000000000000000     
       n_pass,     n_total
      260000      260014
 max=   1.8595496186488265E-006
 min=   0.0000000000000000     
       n_pass,     n_total
      270000      270014
 max=   1.8595496186488265E-006
 min=   0.0000000000000000     
       n_pass,     n_total
      280000      280014
 max=   1.8595496186488265E-006
 min=   0.0000000000000000     
       n_pass,     n_total
      290000      290014
 max=   1.8595496186488265E-006
 min=   0.0000000000000000     
       n_pass,     n_total
      300000      300014
 max=   1.8595496186488265E-006
 min=   0.0000000000000000     
       n_pass,     n_total
      310000      310014
   5.5751621110351547E-007 +\-   2.0959332736025397E-010
 precision:   3.7594122500114751E-004
 sigma (pb)                   sd (pb)
   5.5751621110351547E-007   2.0959332736025397E-010
