 =======================================================
 |                                                     |
 |         \/\/\/\/\/\___________/\/\/\/\/\/           |
 |                   |     \     |                     |
 |                   |     /     |                     |
 |                   |     \     |                     |
 |         /\/\/\/\/\|_____/_____|/\/\/\/\/\           |
 |                                                     |
 | Light-by-light scattering at next-to-leading order  |
 |                   (VERSION 0.5)                     |
 |                                                     |
 |    Authors:                                         |
 |            Ajjath A.H. (LPTHE Paris)                |
 |            Ekta Chaubey (Bonn)                      |
 |            Mathijs Fraaije (Bern)                   |
 |            Valentin Hirschi (Bern)                  |
 |            Hua-Sheng Shao (LPTHE Paris)             |
 |                                                     |
 |    Please cite                                      |
 |            PLB 851 (2024) 138555 [arXiv:2312.16956] |
 |            JHEP 03 (2024) 121    [arXiv:2312.16966] |
 |                                                     |
 =======================================================
 ---------------------------------------------------
         the cuts in the lab frame                  
 min transverse momentum of photon    0.0000000000000000     
 max (pseudo-)rapidity of photon    5.0000000000000000     
 min (pseudo-)rapidity of photon   -5.0000000000000000     
 min invariant mass of di-photon    0.0000000000000000     
 ---------------------------------------------------
 max=   3273.9160462688874     
 min=   0.0000000000000000     
       n_pass,     n_total
       10000       10000
  
 ====================NCALL=20K===========================
  
 ITERATION            1 :
   110.81736733009136      +\-  0.37799429896314940     
 precision:   3.4109662417554005E-003
 WARNING: outside the range of the grid (xs,xt)=   5.6176074849632434       -5.6173395563168498     
 WARNING: set the 2-loop amplitudes to zero
 WARNING: outside the range of the grid (xs,xt)=   5.4535986159169552       -5.4533385095818208     
 WARNING: set the 2-loop amplitudes to zero
 WARNING: outside the range of the grid (xs,xt)=   2.6257226155768438       -2.6255973832055752     
 WARNING: set the 2-loop amplitudes to zero
 WARNING: outside the range of the grid (xs,xt)=  0.28019377777777782      -0.28018041409229272     
 WARNING: set the 2-loop amplitudes to zero
 WARNING: outside the range of the grid (xs,xt)=   2.7941761772853190E-002  -2.7940429106156614E-002
 WARNING: set the 2-loop amplitudes to zero
 INFO: will suppress the further warning
 max=   3724.6246435350990     
 min=   0.0000000000000000     
       n_pass,     n_total
       20000       20007
 max=   3724.6246435350990     
 min=   0.0000000000000000     
       n_pass,     n_total
       30000       30007
 ITERATION            2 :
   110.37314720800357      +\-  0.10160918289614726     
 precision:   9.2059695194393436E-004
 max=   3749.6449077225493     
 min=   0.0000000000000000     
       n_pass,     n_total
       40000       40038
 max=   3749.6449077225493     
 min=   0.0000000000000000     
       n_pass,     n_total
       50000       50038
 ITERATION            3 :
   110.28062496094407      +\-   4.1187359471391835E-002
 precision:   3.7347774811739013E-004
 max=   3749.6449077225493     
 min=   0.0000000000000000     
       n_pass,     n_total
       60000       60135
 max=   3749.6449077225493     
 min=   0.0000000000000000     
       n_pass,     n_total
       70000       70135
 ITERATION            4 :
   110.30320713536666      +\-   3.0249741394692744E-002
 precision:   2.7424172134514236E-004
 max=   3759.4255263125433     
 min=   0.0000000000000000     
       n_pass,     n_total
       80000       80348
 max=   3759.4255263125433     
 min=   0.0000000000000000     
       n_pass,     n_total
       90000       90348
 ITERATION            5 :
   110.29027081263135      +\-   2.3362731131216556E-002
 precision:   2.1182948377111851E-004
 max=   3767.3431486808640     
 min=   0.0000000000000000     
       n_pass,     n_total
      100000      100694
 max=   3767.3431486808640     
 min=   0.0000000000000000     
       n_pass,     n_total
      110000      110694
 ITERATION            6 :
   110.30909912900997      +\-   1.9790545737624454E-002
 precision:   1.7940991172884829E-004
 max=   3767.3431486808640     
 min=   0.0000000000000000     
       n_pass,     n_total
      120000      120968
 max=   3767.3431486808640     
 min=   0.0000000000000000     
       n_pass,     n_total
      130000      130968
 ITERATION            7 :
   110.35669502332385      +\-   1.9927116505934074E-002
 precision:   1.8057007326762083E-004
 max=   3767.3431486808640     
 min=   0.0000000000000000     
       n_pass,     n_total
      140000      141398
 max=   3767.3431486808640     
 min=   0.0000000000000000     
       n_pass,     n_total
      150000      151398
 ITERATION            8 :
   110.28928416028751      +\-   2.0715133893487756E-002
 precision:   1.8782544515731631E-004
 max=   3767.3431486808640     
 min=   0.0000000000000000     
       n_pass,     n_total
      160000      161681
 max=   3767.3431486808640     
 min=   0.0000000000000000     
       n_pass,     n_total
      170000      171681
 ITERATION            9 :
   110.31603209299783      +\-   1.9107310397825112E-002
 precision:   1.7320519996329639E-004
 max=   3772.5273699503564     
 min=   0.0000000000000000     
       n_pass,     n_total
      180000      182096
 max=   3772.5273699503564     
 min=   0.0000000000000000     
       n_pass,     n_total
      190000      192096
 ITERATION           10 :
   110.34467072317386      +\-   1.8183308195281564E-002
 precision:   1.6478646477543772E-004
 ====================NCALL=40K ===========================
  
 max=   3781.6356894050127     
 min=   0.0000000000000000     
       n_pass,     n_total
      200000      202479
 max=   3781.6356894050127     
 min=   0.0000000000000000     
       n_pass,     n_total
      210000      212479
 max=   3781.6356894050127     
 min=   0.0000000000000000     
       n_pass,     n_total
      220000      222479
 max=   3781.6356894050127     
 min=   0.0000000000000000     
       n_pass,     n_total
      230000      232479
   110.32839202885320      +\-   1.0246964397945781E-002
 precision:   9.2876948621402767E-005
 ====================NCALL=80K ===========================
  
 max=   3781.6356894050127     
 min=   0.0000000000000000     
       n_pass,     n_total
      240000      243959
 max=   3781.6356894050127     
 min=   0.0000000000000000     
       n_pass,     n_total
      250000      253959
 max=   3781.6356894050127     
 min=   0.0000000000000000     
       n_pass,     n_total
      260000      263959
 max=   3781.6356894050127     
 min=   0.0000000000000000     
       n_pass,     n_total
      270000      273959
 max=   3781.6356894050127     
 min=   0.0000000000000000     
       n_pass,     n_total
      280000      283959
 max=   3781.6356894050127     
 min=   0.0000000000000000     
       n_pass,     n_total
      290000      293959
 max=   3781.6356894050127     
 min=   0.0000000000000000     
       n_pass,     n_total
      300000      303959
 max=   3781.6356894050127     
 min=   0.0000000000000000     
       n_pass,     n_total
      310000      313959
   110.31962813865769      +\-   4.8270688326625868E-003
 precision:   4.3755303694421245E-005
 sigma (pb)                   sd (pb)
   110.31962813865769        4.8270688326625868E-003
