 =======================================================
 |                                                     |
 |         \/\/\/\/\/\___________/\/\/\/\/\/           |
 |                   |     \     |                     |
 |                   |     /     |                     |
 |                   |     \     |                     |
 |         /\/\/\/\/\|_____/_____|/\/\/\/\/\           |
 |                                                     |
 | Light-by-light scattering at next-to-leading order  |
 |                   (VERSION 0.5)                     |
 |                                                     |
 |    Authors:                                         |
 |            Ajjath A.H. (LPTHE Paris)                |
 |            Ekta Chaubey (Bonn)                      |
 |            Mathijs Fraaije (Bern)                   |
 |            Valentin Hirschi (Bern)                  |
 |            Hua-Sheng Shao (LPTHE Paris)             |
 |                                                     |
 |    Please cite                                      |
 |            PLB 851 (2024) 138555 [arXiv:2312.16956] |
 |            JHEP 03 (2024) 121    [arXiv:2312.16966] |
 |                                                     |
 =======================================================
 ---------------------------------------------------
         the cuts in the lab frame                  
 min transverse momentum of photon    0.0000000000000000     
 max (pseudo-)rapidity of photon    5.0000000000000000     
 min (pseudo-)rapidity of photon   -5.0000000000000000     
 min invariant mass of di-photon    0.0000000000000000     
 ---------------------------------------------------
 max=   3.4873049199029764     
 min=   0.0000000000000000     
       n_pass,     n_total
       10000       10000
  
 ====================NCALL=20K===========================
  
 ITERATION            1 :
   2.1811487756047486E-002 +\-   6.6704970405491437E-004
 precision:   3.0582494487106555E-002
 WARNING: outside the range of the grid (xs,xt)=   80633069.554352358       -80629205.060738400     
 WARNING: set the 2-loop amplitudes to zero
 WARNING: outside the range of the grid (xs,xt)=   8604444.4444444440       -8604032.0600370169     
 WARNING: set the 2-loop amplitudes to zero
 WARNING: outside the range of the grid (xs,xt)=   858060.94182825484       -858019.81762142002     
 WARNING: set the 2-loop amplitudes to zero
 WARNING: outside the range of the grid (xs,xt)=   646.86424538073436       -646.83324317829829     
 WARNING: set the 2-loop amplitudes to zero
 WARNING: outside the range of the grid (xs,xt)=   6130988.4413766991       -6130694.6020647399     
 WARNING: set the 2-loop amplitudes to zero
 INFO: will suppress the further warning
 max=   3.5674434425172130     
 min=   0.0000000000000000     
       n_pass,     n_total
       20000       20009
 max=   3.5674434425172130     
 min=   0.0000000000000000     
       n_pass,     n_total
       30000       30009
 ITERATION            2 :
   2.0848214321512300E-002 +\-   9.8814867961473778E-005
 precision:   4.7397281339107934E-003
 max=   3.5763870049256528     
 min=   0.0000000000000000     
       n_pass,     n_total
       40000       40049
 max=   3.5763870049256528     
 min=   0.0000000000000000     
       n_pass,     n_total
       50000       50049
 ITERATION            3 :
   2.0819313960703845E-002 +\-   3.3333787035194904E-005
 precision:   1.6010992051953270E-003
 max=   3.5763870049256528     
 min=   0.0000000000000000     
       n_pass,     n_total
       60000       60231
 max=   3.5763870049256528     
 min=   0.0000000000000000     
       n_pass,     n_total
       70000       70231
 ITERATION            4 :
   2.0805329412456646E-002 +\-   1.5267294137942936E-005
 precision:   7.3381650611126800E-004
 max=   3.5764106455691378     
 min=   0.0000000000000000     
       n_pass,     n_total
       80000       80675
 max=   3.5764106455691378     
 min=   0.0000000000000000     
       n_pass,     n_total
       90000       90675
 ITERATION            5 :
   2.0800031647976554E-002 +\-   1.0979142503886805E-005
 precision:   5.2784258647774055E-004
 max=   3.5764106455691378     
 min=   0.0000000000000000     
       n_pass,     n_total
      100000      101399
 max=   3.5764106455691378     
 min=   0.0000000000000000     
       n_pass,     n_total
      110000      111399
 ITERATION            6 :
   2.0789132467376559E-002 +\-   9.1397132631880162E-006
 precision:   4.3963899299456354E-004
 max=   3.5764157407079167     
 min=   0.0000000000000000     
       n_pass,     n_total
      120000      122232
 max=   3.5764157407079167     
 min=   0.0000000000000000     
       n_pass,     n_total
      130000      132232
 ITERATION            7 :
   2.0804651072993421E-002 +\-   9.2946193958137184E-006
 precision:   4.4675680275547096E-004
 max=   3.5764157407079167     
 min=   0.0000000000000000     
       n_pass,     n_total
      140000      142922
 max=   3.5764157407079167     
 min=   0.0000000000000000     
       n_pass,     n_total
      150000      152922
 ITERATION            8 :
   2.0787573025776031E-002 +\-   8.8052733522277495E-006
 precision:   4.2358351988995769E-004
 max=   3.5764157407079167     
 min=   0.0000000000000000     
       n_pass,     n_total
      160000      163817
 max=   3.5764157407079167     
 min=   0.0000000000000000     
       n_pass,     n_total
      170000      173817
 ITERATION            9 :
   2.0795133147857366E-002 +\-   8.2996056172552225E-006
 precision:   3.9911288657030672E-004
 max=   3.5764157407079167     
 min=   0.0000000000000000     
       n_pass,     n_total
      180000      184753
 max=   3.5764157407079167     
 min=   0.0000000000000000     
       n_pass,     n_total
      190000      194753
 ITERATION           10 :
   2.0804590102596769E-002 +\-   8.6262976743538435E-006
 precision:   4.1463434904574900E-004
 ====================NCALL=40K ===========================
  
 max=   3.5764157407079167     
 min=   0.0000000000000000     
       n_pass,     n_total
      200000      206020
 max=   3.5764157407079167     
 min=   0.0000000000000000     
       n_pass,     n_total
      210000      216020
 max=   3.5764157407079167     
 min=   0.0000000000000000     
       n_pass,     n_total
      220000      226020
   2.0798336602350590E-002 +\-   4.7577261632971505E-006
 precision:   2.2875512855962920E-004
 ====================NCALL=80K ===========================
  
 max=   3.5765126087416230     
 min=   0.0000000000000000     
       n_pass,     n_total
      230000      240198
 max=   3.5765126087416230     
 min=   0.0000000000000000     
       n_pass,     n_total
      240000      250198
 max=   3.5765126087416230     
 min=   0.0000000000000000     
       n_pass,     n_total
      250000      260198
 max=   3.5765126087416230     
 min=   0.0000000000000000     
       n_pass,     n_total
      260000      270198
 max=   3.5765126087416230     
 min=   0.0000000000000000     
       n_pass,     n_total
      270000      280198
 max=   3.5765126087416230     
 min=   0.0000000000000000     
       n_pass,     n_total
      280000      290198
 max=   3.5765126087416230     
 min=   0.0000000000000000     
       n_pass,     n_total
      290000      300198
 max=   3.5765126087416230     
 min=   0.0000000000000000     
       n_pass,     n_total
      300000      310198
   2.0799260680024797E-002 +\-   2.2605342954329916E-006
 precision:   1.0868339650187491E-004
 sigma (pb)                   sd (pb)
   2.0799260680024797E-002   2.2605342954329916E-006
