 =======================================================
 |                                                     |
 |         \/\/\/\/\/\___________/\/\/\/\/\/           |
 |                   |     \     |                     |
 |                   |     /     |                     |
 |                   |     \     |                     |
 |         /\/\/\/\/\|_____/_____|/\/\/\/\/\           |
 |                                                     |
 | Light-by-light scattering at next-to-leading order  |
 |                   (VERSION 0.5)                     |
 |                                                     |
 |    Authors:                                         |
 |            Ajjath A.H. (LPTHE Paris)                |
 |            Ekta Chaubey (Bonn)                      |
 |            Mathijs Fraaije (Bern)                   |
 |            Valentin Hirschi (Bern)                  |
 |            Hua-Sheng Shao (LPTHE Paris)             |
 |                                                     |
 |    Please cite                                      |
 |            PLB 851 (2024) 138555 [arXiv:2312.16956] |
 |            JHEP 03 (2024) 121    [arXiv:2312.16966] |
 |                                                     |
 =======================================================
 ---------------------------------------------------
         the cuts in the lab frame                  
 min transverse momentum of photon    0.0000000000000000     
 max (pseudo-)rapidity of photon    5.0000000000000000     
 min (pseudo-)rapidity of photon   -5.0000000000000000     
 min invariant mass of di-photon    0.0000000000000000     
 ---------------------------------------------------
 WARNING: outside the range of the grid (xs,xt)=   3.2303483599309984E-002  -3.2303483276277425E-002
 WARNING: set the 2-loop amplitudes to zero
 WARNING: outside the range of the grid (xs,xt)=   3.2216269767655729E-002  -3.2216269445495299E-002
 WARNING: set the 2-loop amplitudes to zero
 WARNING: outside the range of the grid (xs,xt)=   3.2364976407850486E-002  -3.2364976084203009E-002
 WARNING: set the 2-loop amplitudes to zero
 WARNING: outside the range of the grid (xs,xt)=   3.2325920977475504E-002  -3.2325920654218583E-002
 WARNING: set the 2-loop amplitudes to zero
 WARNING: outside the range of the grid (xs,xt)=   3.2389818782976885E-002  -3.2389818459080989E-002
 WARNING: set the 2-loop amplitudes to zero
 INFO: will suppress the further warning
 max=  0.11257864416075031     
 min=   0.0000000000000000     
       n_pass,     n_total
       10000       10000
  
 ====================NCALL=20K===========================
  
 ITERATION            1 :
   8.0687285378579388E-002 +\-   5.5207303783638593E-006
 precision:   6.8421317590013832E-005
 max=  0.11491445393008951     
 min=   0.0000000000000000     
       n_pass,     n_total
       20000       20002
 max=  0.11491445393008951     
 min=   0.0000000000000000     
       n_pass,     n_total
       30000       30002
 ITERATION            2 :
   8.0677017043335825E-002 +\-   5.4178212703744626E-006
 precision:   6.7154456980781383E-005
 max=  0.11516183259078899     
 min=   0.0000000000000000     
       n_pass,     n_total
       40000       40012
 max=  0.11516183259078899     
 min=   0.0000000000000000     
       n_pass,     n_total
       50000       50012
 ITERATION            3 :
   8.0675625037210333E-002 +\-   4.3060868509806148E-006
 precision:   5.3375314402516272E-005
 max=  0.11517436836431981     
 min=   0.0000000000000000     
       n_pass,     n_total
       60000       60035
 max=  0.11517436836431981     
 min=   0.0000000000000000     
       n_pass,     n_total
       70000       70035
 ITERATION            4 :
   8.0675445792372680E-002 +\-   3.7453601154784982E-006
 precision:   4.6425031540793750E-005
 max=  0.11517436836431981     
 min=   0.0000000000000000     
       n_pass,     n_total
       80000       80062
 max=  0.11517436836431981     
 min=   0.0000000000000000     
       n_pass,     n_total
       90000       90062
 ITERATION            5 :
   8.0681367566804843E-002 +\-   3.4206076191483897E-006
 precision:   4.2396500236762819E-005
 max=  0.11517605868174444     
 min=   0.0000000000000000     
       n_pass,     n_total
      100000      100096
 max=  0.11517605868174444     
 min=   0.0000000000000000     
       n_pass,     n_total
      110000      110096
 ITERATION            6 :
   8.0673233369943129E-002 +\-   3.1248916228476113E-006
 precision:   3.8735172650360996E-005
 max=  0.11517605868174444     
 min=   0.0000000000000000     
       n_pass,     n_total
      120000      120133
 max=  0.11517605868174444     
 min=   0.0000000000000000     
       n_pass,     n_total
      130000      130133
 ITERATION            7 :
   8.0676729319626023E-002 +\-   3.1853098076174607E-006
 precision:   3.9482386488399429E-005
 max=  0.11517624705836518     
 min=   0.0000000000000000     
       n_pass,     n_total
      140000      140172
 max=  0.11517624705836518     
 min=   0.0000000000000000     
       n_pass,     n_total
      150000      150172
 ITERATION            8 :
   8.0675404299829889E-002 +\-   3.2146492372006772E-006
 precision:   3.9846707495303565E-005
 max=  0.11517624705836518     
 min=   0.0000000000000000     
       n_pass,     n_total
      160000      160222
 max=  0.11517624705836518     
 min=   0.0000000000000000     
       n_pass,     n_total
      170000      170222
 ITERATION            9 :
   8.0675994790403563E-002 +\-   3.0968056009390446E-006
 precision:   3.8385713234581780E-005
 max=  0.11517798287488648     
 min=   0.0000000000000000     
       n_pass,     n_total
      180000      180271
 max=  0.11517798287488648     
 min=   0.0000000000000000     
       n_pass,     n_total
      190000      190271
 ITERATION           10 :
   8.0679332298050521E-002 +\-   2.9261324529977813E-006
 precision:   3.6268674636372597E-005
 ====================NCALL=40K ===========================
  
 max=  0.11517798287488648     
 min=   0.0000000000000000     
       n_pass,     n_total
      200000      200368
 max=  0.11517798287488648     
 min=   0.0000000000000000     
       n_pass,     n_total
      210000      210368
 max=  0.11517798287488648     
 min=   0.0000000000000000     
       n_pass,     n_total
      220000      220368
 max=  0.11517798287488648     
 min=   0.0000000000000000     
       n_pass,     n_total
      230000      230368
   8.0679211010776006E-002 +\-   1.5146810190301384E-006
 precision:   1.8774117892995117E-005
 ====================NCALL=80K ===========================
  
 max=  0.11517822681887374     
 min=   0.0000000000000000     
       n_pass,     n_total
      240000      240616
 max=  0.11517822681887374     
 min=   0.0000000000000000     
       n_pass,     n_total
      250000      250616
 max=  0.11517822681887374     
 min=   0.0000000000000000     
       n_pass,     n_total
      260000      260616
 max=  0.11517822681887374     
 min=   0.0000000000000000     
       n_pass,     n_total
      270000      270616
 max=  0.11517822681887374     
 min=   0.0000000000000000     
       n_pass,     n_total
      280000      280616
 max=  0.11517822681887374     
 min=   0.0000000000000000     
       n_pass,     n_total
      290000      290616
 max=  0.11517822681887374     
 min=   0.0000000000000000     
       n_pass,     n_total
      300000      300616
 max=  0.11517822681887374     
 min=   0.0000000000000000     
       n_pass,     n_total
      310000      310616
   8.0676281914793910E-002 +\-   8.9358595923635904E-007
 precision:   1.1076191639323661E-005
 sigma (pb)                   sd (pb)
   8.0676281914793910E-002   8.9358595923635904E-007
