 =======================================================
 |                                                     |
 |         \/\/\/\/\/\___________/\/\/\/\/\/           |
 |                   |     \     |                     |
 |                   |     /     |                     |
 |                   |     \     |                     |
 |         /\/\/\/\/\|_____/_____|/\/\/\/\/\           |
 |                                                     |
 | Light-by-light scattering at next-to-leading order  |
 |                   (VERSION 0.5)                     |
 |                                                     |
 |    Authors:                                         |
 |            Ajjath A.H. (LPTHE Paris)                |
 |            Ekta Chaubey (Bonn)                      |
 |            Mathijs Fraaije (Bern)                   |
 |            Valentin Hirschi (Bern)                  |
 |            Hua-Sheng Shao (LPTHE Paris)             |
 |                                                     |
 |    Please cite                                      |
 |            PLB 851 (2024) 138555 [arXiv:2312.16956] |
 |            JHEP 03 (2024) 121    [arXiv:2312.16966] |
 |                                                     |
 =======================================================
 ---------------------------------------------------
         the cuts in the lab frame                  
 min transverse momentum of photon    0.0000000000000000     
 max (pseudo-)rapidity of photon    5.0000000000000000     
 min (pseudo-)rapidity of photon   -5.0000000000000000     
 min invariant mass of di-photon    0.0000000000000000     
 ---------------------------------------------------
 max=   9.3549887324136972E-005
 min=   0.0000000000000000     
       n_pass,     n_total
       10000       10000
  
 ====================NCALL=20K===========================
  
 ITERATION            1 :
   5.9727138124063964E-005 +\-   1.8483365515232134E-008
 precision:   3.0946343815836067E-004
 max=   9.3549887324136972E-005
 min=   0.0000000000000000     
       n_pass,     n_total
       20000       20001
 max=   9.3549887324136972E-005
 min=   0.0000000000000000     
       n_pass,     n_total
       30000       30001
 ITERATION            2 :
   5.9736127980414947E-005 +\-   8.4717271297978154E-009
 precision:   1.4181915393939411E-004
 max=   9.3559765051106847E-005
 min=   0.0000000000000000     
       n_pass,     n_total
       40000       40002
 max=   9.3559765051106847E-005
 min=   0.0000000000000000     
       n_pass,     n_total
       50000       50002
 ITERATION            3 :
   5.9735013544422552E-005 +\-   6.1920607149344155E-009
 precision:   1.0365881494828200E-004
 max=   9.3559765051106847E-005
 min=   0.0000000000000000     
       n_pass,     n_total
       60000       60006
 max=   9.3559765051106847E-005
 min=   0.0000000000000000     
       n_pass,     n_total
       70000       70006
 ITERATION            4 :
   5.9737944088536942E-005 +\-   5.1249622159049154E-009
 precision:   8.5790736425566744E-005
 max=   9.3559765051106847E-005
 min=   0.0000000000000000     
       n_pass,     n_total
       80000       80011
 max=   9.3559765051106847E-005
 min=   0.0000000000000000     
       n_pass,     n_total
       90000       90011
 ITERATION            5 :
   5.9731212063786468E-005 +\-   4.8648308873623982E-009
 precision:   8.1445373687834857E-005
 max=   9.3559893367883037E-005
 min=   0.0000000000000000     
       n_pass,     n_total
      100000      100020
 max=   9.3559893367883037E-005
 min=   0.0000000000000000     
       n_pass,     n_total
      110000      110020
 ITERATION            6 :
   5.9731573276042076E-005 +\-   4.1934390840127710E-009
 precision:   7.0204731836432825E-005
 max=   9.3559893367883037E-005
 min=   0.0000000000000000     
       n_pass,     n_total
      120000      120031
 max=   9.3559893367883037E-005
 min=   0.0000000000000000     
       n_pass,     n_total
      130000      130031
 ITERATION            7 :
   5.9738715581891969E-005 +\-   4.5348263511148772E-009
 precision:   7.5911011928242328E-005
 max=   9.3559893367883037E-005
 min=   0.0000000000000000     
       n_pass,     n_total
      140000      140049
 max=   9.3559893367883037E-005
 min=   0.0000000000000000     
       n_pass,     n_total
      150000      150049
 ITERATION            8 :
   5.9728164053146306E-005 +\-   4.5303296267654635E-009
 precision:   7.5849135806926223E-005
 max=   9.3559893367883037E-005
 min=   0.0000000000000000     
       n_pass,     n_total
      160000      160069
 max=   9.3559893367883037E-005
 min=   0.0000000000000000     
       n_pass,     n_total
      170000      170069
 ITERATION            9 :
   5.9736271448292194E-005 +\-   4.5931442209930885E-009
 precision:   7.6890373463782744E-005
 max=   9.3559986554238588E-005
 min=   0.0000000000000000     
       n_pass,     n_total
      180000      180085
 max=   9.3559986554238588E-005
 min=   0.0000000000000000     
       n_pass,     n_total
      190000      190085
 ITERATION           10 :
   5.9738991098727105E-005 +\-   4.2669583403685697E-009
 precision:   7.1426689033244961E-005
 ====================NCALL=40K ===========================
  
 max=   9.3560218925019842E-005
 min=   0.0000000000000000     
       n_pass,     n_total
      200000      200113
 max=   9.3560218925019842E-005
 min=   0.0000000000000000     
       n_pass,     n_total
      210000      210113
 max=   9.3560218925019842E-005
 min=   0.0000000000000000     
       n_pass,     n_total
      220000      220113
 max=   9.3560218925019842E-005
 min=   0.0000000000000000     
       n_pass,     n_total
      230000      230113
   5.9734751897101711E-005 +\-   2.4541970895900908E-009
 precision:   4.1084913080708165E-005
 ====================NCALL=80K ===========================
  
 max=   9.3560218925019842E-005
 min=   0.0000000000000000     
       n_pass,     n_total
      240000      240203
 max=   9.3560218925019842E-005
 min=   0.0000000000000000     
       n_pass,     n_total
      250000      250203
 max=   9.3560218925019842E-005
 min=   0.0000000000000000     
       n_pass,     n_total
      260000      260203
 max=   9.3560218925019842E-005
 min=   0.0000000000000000     
       n_pass,     n_total
      270000      270203
 max=   9.3560218925019842E-005
 min=   0.0000000000000000     
       n_pass,     n_total
      280000      280203
 max=   9.3560218925019842E-005
 min=   0.0000000000000000     
       n_pass,     n_total
      290000      290203
 max=   9.3560218925019842E-005
 min=   0.0000000000000000     
       n_pass,     n_total
      300000      300203
 max=   9.3560218925019842E-005
 min=   0.0000000000000000     
       n_pass,     n_total
      310000      310203
   5.9732435493855614E-005 +\-   1.2312989608767186E-009
 precision:   2.0613573692359762E-005
 sigma (pb)                   sd (pb)
   5.9732435493855614E-005   1.2312989608767186E-009
