 =======================================================
 |                                                     |
 |         \/\/\/\/\/\___________/\/\/\/\/\/           |
 |                   |     \     |                     |
 |                   |     /     |                     |
 |                   |     \     |                     |
 |         /\/\/\/\/\|_____/_____|/\/\/\/\/\           |
 |                                                     |
 | Light-by-light scattering at next-to-leading order  |
 |                   (VERSION 0.5)                     |
 |                                                     |
 |    Authors:                                         |
 |            Ajjath A.H. (LPTHE Paris)                |
 |            Ekta Chaubey (Bonn)                      |
 |            Mathijs Fraaije (Bern)                   |
 |            Valentin Hirschi (Bern)                  |
 |            Hua-Sheng Shao (LPTHE Paris)             |
 |                                                     |
 |    Please cite                                      |
 |            PLB 851 (2024) 138555 [arXiv:2312.16956] |
 |            JHEP 03 (2024) 121    [arXiv:2312.16966] |
 |                                                     |
 =======================================================
 ---------------------------------------------------
         the cuts in the lab frame                  
 min transverse momentum of photon    0.0000000000000000     
 max (pseudo-)rapidity of photon    5.0000000000000000     
 min (pseudo-)rapidity of photon   -5.0000000000000000     
 min invariant mass of di-photon    0.0000000000000000     
 ---------------------------------------------------
 max=   20009.346295006490     
 min=   0.0000000000000000     
       n_pass,     n_total
       10000       10000
  
 ====================NCALL=20K===========================
  
 ITERATION            1 :
   330.79539176768390      +\-   2.3449145158920772     
 precision:   7.0887157870049775E-003
 WARNING: outside the range of the grid (xs,xt)=  0.74938739140120281      -0.74935167504410038     
 WARNING: set the 2-loop amplitudes to zero
 WARNING: outside the range of the grid (xs,xt)=  0.72750865051903091      -0.72747397691889415     
 WARNING: set the 2-loop amplitudes to zero
 WARNING: outside the range of the grid (xs,xt)=  0.35027072053311120      -0.35025402637161263     
 WARNING: set the 2-loop amplitudes to zero
 WARNING: outside the range of the grid (xs,xt)=   3.7377777777777774E-002  -3.7375996325255192E-002
 WARNING: set the 2-loop amplitudes to zero
 WARNING: outside the range of the grid (xs,xt)=   322072.90872813755       -322057.55849519646     
 WARNING: set the 2-loop amplitudes to zero
 INFO: will suppress the further warning
 max=   22727.750528588629     
 min=   0.0000000000000000     
       n_pass,     n_total
       20000       20009
 max=   22727.750528588629     
 min=   0.0000000000000000     
       n_pass,     n_total
       30000       30009
 ITERATION            2 :
   328.07814977761882      +\-  0.61942284407319448     
 precision:   1.8880344347621376E-003
 max=   23106.798542097993     
 min=   0.0000000000000000     
       n_pass,     n_total
       40000       40044
 max=   23106.798542097993     
 min=   0.0000000000000000     
       n_pass,     n_total
       50000       50044
 ITERATION            3 :
   328.05007412458855      +\-  0.21226387219674811     
 precision:   6.4704717035404000E-004
 max=   23362.228207939665     
 min=   0.0000000000000000     
       n_pass,     n_total
       60000       60175
 max=   23362.228207939665     
 min=   0.0000000000000000     
       n_pass,     n_total
       70000       70175
 ITERATION            4 :
   328.17518260653151      +\-  0.13330951784902598     
 precision:   4.0621450040863869E-004
 max=   23362.228207939665     
 min=   0.0000000000000000     
       n_pass,     n_total
       80000       80496
 max=   23362.228207939665     
 min=   0.0000000000000000     
       n_pass,     n_total
       90000       90496
 ITERATION            5 :
   328.07494364551343      +\-   9.0822718550390327E-002
 precision:   2.7683527897980748E-004
 max=   23464.171363518097     
 min=   0.0000000000000000     
       n_pass,     n_total
      100000      100969
 max=   23464.171363518097     
 min=   0.0000000000000000     
       n_pass,     n_total
      110000      110969
 ITERATION            6 :
   328.10266812694829      +\-   7.7619214160268027E-002
 precision:   2.3656989625648483E-004
 max=   23464.171363518097     
 min=   0.0000000000000000     
       n_pass,     n_total
      120000      121485
 max=   23464.171363518097     
 min=   0.0000000000000000     
       n_pass,     n_total
      130000      131485
 ITERATION            7 :
   328.20286625490871      +\-   7.8580668503100373E-002
 precision:   2.3942712444829264E-004
 max=   23472.193489366466     
 min=   0.0000000000000000     
       n_pass,     n_total
      140000      142127
 max=   23472.193489366466     
 min=   0.0000000000000000     
       n_pass,     n_total
      150000      152127
 ITERATION            8 :
   327.98698044232270      +\-   7.5326419676800649E-002
 precision:   2.2966283471135215E-004
 max=   23472.193489366466     
 min=   0.0000000000000000     
       n_pass,     n_total
      160000      162844
 max=   23472.193489366466     
 min=   0.0000000000000000     
       n_pass,     n_total
      170000      172844
 ITERATION            9 :
   328.12682428725140      +\-   7.4458095216026546E-002
 precision:   2.2691864762279797E-004
 max=   23472.193489366466     
 min=   0.0000000000000000     
       n_pass,     n_total
      180000      183476
 max=   23472.193489366466     
 min=   0.0000000000000000     
       n_pass,     n_total
      190000      193476
 ITERATION           10 :
   328.23093586865224      +\-   7.2731595029956089E-002
 precision:   2.2158665464446349E-004
 ====================NCALL=40K ===========================
  
 max=   23491.164494878729     
 min=   0.0000000000000000     
       n_pass,     n_total
      200000      204714
 max=   23491.164494878729     
 min=   0.0000000000000000     
       n_pass,     n_total
      210000      214714
 max=   23491.164494878729     
 min=   0.0000000000000000     
       n_pass,     n_total
      220000      224714
 max=   23491.164494878729     
 min=   0.0000000000000000     
       n_pass,     n_total
      230000      234714
   328.15036438477466      +\-   3.4288477944300365E-002
 precision:   1.0449014130636529E-004
 ====================NCALL=80K ===========================
  
 max=   23491.164494878729     
 min=   0.0000000000000000     
       n_pass,     n_total
      240000      245787
 max=   23491.164494878729     
 min=   0.0000000000000000     
       n_pass,     n_total
      250000      255787
 max=   23491.164494878729     
 min=   0.0000000000000000     
       n_pass,     n_total
      260000      265787
 max=   23491.164494878729     
 min=   0.0000000000000000     
       n_pass,     n_total
      270000      275787
 max=   23491.164494878729     
 min=   0.0000000000000000     
       n_pass,     n_total
      280000      285787
 max=   23491.164494878729     
 min=   0.0000000000000000     
       n_pass,     n_total
      290000      295787
 max=   23491.164494878729     
 min=   0.0000000000000000     
       n_pass,     n_total
      300000      305787
   328.12526706979151      +\-   1.9908173074449618E-002
 precision:   6.0672478082022238E-005
 sigma (pb)                   sd (pb)
   328.12526706979151        1.9908173074449618E-002
