 =======================================================
 |                                                     |
 |         \/\/\/\/\/\___________/\/\/\/\/\/           |
 |                   |     \     |                     |
 |                   |     /     |                     |
 |                   |     \     |                     |
 |         /\/\/\/\/\|_____/_____|/\/\/\/\/\           |
 |                                                     |
 | Light-by-light scattering at next-to-leading order  |
 |                   (VERSION 0.5)                     |
 |                                                     |
 |    Authors:                                         |
 |            Ajjath A.H. (LPTHE Paris)                |
 |            Ekta Chaubey (Bonn)                      |
 |            Mathijs Fraaije (Bern)                   |
 |            Valentin Hirschi (Bern)                  |
 |            Hua-Sheng Shao (LPTHE Paris)             |
 |                                                     |
 |    Please cite                                      |
 |            PLB 851 (2024) 138555 [arXiv:2312.16956] |
 |            JHEP 03 (2024) 121    [arXiv:2312.16966] |
 |                                                     |
 =======================================================
 ---------------------------------------------------
         the cuts in the lab frame                  
 min transverse momentum of photon    0.0000000000000000     
 max (pseudo-)rapidity of photon    5.0000000000000000     
 min (pseudo-)rapidity of photon   -5.0000000000000000     
 min invariant mass of di-photon    0.0000000000000000     
 ---------------------------------------------------
 max=  0.22561358758435643     
 min=   0.0000000000000000     
       n_pass,     n_total
       10000       10000
  
 ====================NCALL=20K===========================
  
 ITERATION            1 :
   2.1018955862046454E-002 +\-   2.1847189018122690E-005
 precision:   1.0394041055850811E-003
 WARNING: outside the range of the grid (xs,xt)=   5702829.1378926253       -5702555.7265971880     
 WARNING: set the 2-loop amplitudes to zero
 WARNING: outside the range of the grid (xs,xt)=   5536332.1799307950       -5536066.7510153065     
 WARNING: set the 2-loop amplitudes to zero
 WARNING: outside the range of the grid (xs,xt)=   2665556.0183256976       -2665428.2233126597     
 WARNING: set the 2-loop amplitudes to zero
 WARNING: outside the range of the grid (xs,xt)=   284444.44444444444       -284430.80729660869     
 WARNING: set the 2-loop amplitudes to zero
 WARNING: outside the range of the grid (xs,xt)=   28365.650969529084       -28364.291032348789     
 WARNING: set the 2-loop amplitudes to zero
 INFO: will suppress the further warning
 max=  0.23083519037378272     
 min=   0.0000000000000000     
       n_pass,     n_total
       20000       20006
 max=  0.23083519037378272     
 min=   0.0000000000000000     
       n_pass,     n_total
       30000       30006
 ITERATION            2 :
   2.0977217865263437E-002 +\-   6.4978633612308551E-006
 precision:   3.0975811010623992E-004
 max=  0.23724985851479705     
 min=   0.0000000000000000     
       n_pass,     n_total
       40000       40027
 max=  0.23724985851479705     
 min=   0.0000000000000000     
       n_pass,     n_total
       50000       50027
 ITERATION            3 :
   2.0964815835232530E-002 +\-   5.1133114101167316E-006
 precision:   2.4389965789842663E-004
 max=  0.23933954691888340     
 min=   0.0000000000000000     
       n_pass,     n_total
       60000       60069
 max=  0.23933954691888340     
 min=   0.0000000000000000     
       n_pass,     n_total
       70000       70069
 ITERATION            4 :
   2.0967589024987372E-002 +\-   4.5826668206620576E-006
 precision:   2.1855954994161840E-004
 max=  0.23936612798443901     
 min=   0.0000000000000000     
       n_pass,     n_total
       80000       80130
 max=  0.23936612798443901     
 min=   0.0000000000000000     
       n_pass,     n_total
       90000       90130
 ITERATION            5 :
   2.0972621271057128E-002 +\-   4.1738431186377833E-006
 precision:   1.9901389839131921E-004
 max=  0.23936612798443901     
 min=   0.0000000000000000     
       n_pass,     n_total
      100000      100219
 max=  0.23936612798443901     
 min=   0.0000000000000000     
       n_pass,     n_total
      110000      110219
 ITERATION            6 :
   2.0966858849200527E-002 +\-   4.0120433474093953E-006
 precision:   1.9135166484713449E-004
 max=  0.23982805831085438     
 min=   0.0000000000000000     
       n_pass,     n_total
      120000      120323
 max=  0.23982805831085438     
 min=   0.0000000000000000     
       n_pass,     n_total
      130000      130323
 ITERATION            7 :
   2.0976017215278527E-002 +\-   3.8374832101119989E-006
 precision:   1.8294622714729896E-004
 max=  0.23982805831085438     
 min=   0.0000000000000000     
       n_pass,     n_total
      140000      140441
 max=  0.23982805831085438     
 min=   0.0000000000000000     
       n_pass,     n_total
      150000      150441
 ITERATION            8 :
   2.0963889556015969E-002 +\-   3.7549691665825370E-006
 precision:   1.7911605365737010E-004
 max=  0.23982805831085438     
 min=   0.0000000000000000     
       n_pass,     n_total
      160000      160577
 max=  0.23982805831085438     
 min=   0.0000000000000000     
       n_pass,     n_total
      170000      170577
 ITERATION            9 :
   2.0970066623251689E-002 +\-   3.7026881901516797E-006
 precision:   1.7657016816752146E-004
 max=  0.24107121078132948     
 min=   0.0000000000000000     
       n_pass,     n_total
      180000      180724
 max=  0.24107121078132948     
 min=   0.0000000000000000     
       n_pass,     n_total
      190000      190724
 ITERATION           10 :
   2.0973179643096619E-002 +\-   3.7280274042593776E-006
 precision:   1.7775213237571576E-004
 ====================NCALL=40K ===========================
  
 max=  0.24199722448651725     
 min=   0.0000000000000000     
       n_pass,     n_total
      200000      200972
 max=  0.24199722448651725     
 min=   0.0000000000000000     
       n_pass,     n_total
      210000      210972
 max=  0.24199722448651725     
 min=   0.0000000000000000     
       n_pass,     n_total
      220000      220972
 max=  0.24199722448651725     
 min=   0.0000000000000000     
       n_pass,     n_total
      230000      230972
   2.0973259783191704E-002 +\-   1.8351246402831759E-006
 precision:   8.7498303041755733E-005
 ====================NCALL=80K ===========================
  
 max=  0.24199722448651725     
 min=   0.0000000000000000     
       n_pass,     n_total
      240000      241500
 max=  0.24199722448651725     
 min=   0.0000000000000000     
       n_pass,     n_total
      250000      251500
 max=  0.24199722448651725     
 min=   0.0000000000000000     
       n_pass,     n_total
      260000      261500
 max=  0.24199722448651725     
 min=   0.0000000000000000     
       n_pass,     n_total
      270000      271500
 max=  0.24199722448651725     
 min=   0.0000000000000000     
       n_pass,     n_total
      280000      281500
 max=  0.24199722448651725     
 min=   0.0000000000000000     
       n_pass,     n_total
      290000      291500
 max=  0.24199722448651725     
 min=   0.0000000000000000     
       n_pass,     n_total
      300000      301500
 max=  0.24199722448651725     
 min=   0.0000000000000000     
       n_pass,     n_total
      310000      311500
   2.0970302552306894E-002 +\-   8.3291382154365767E-007
 precision:   3.9718731738185190E-005
 sigma (pb)                   sd (pb)
   2.0970302552306894E-002   8.3291382154365767E-007
