 =======================================================
 |                                                     |
 |         \/\/\/\/\/\___________/\/\/\/\/\/           |
 |                   |     \     |                     |
 |                   |     /     |                     |
 |                   |     \     |                     |
 |         /\/\/\/\/\|_____/_____|/\/\/\/\/\           |
 |                                                     |
 | Light-by-light scattering at next-to-leading order  |
 |                   (VERSION 0.5)                     |
 |                                                     |
 |    Authors:                                         |
 |            Ajjath A.H. (LPTHE Paris)                |
 |            Ekta Chaubey (Bonn)                      |
 |            Mathijs Fraaije (Bern)                   |
 |            Valentin Hirschi (Bern)                  |
 |            Hua-Sheng Shao (LPTHE Paris)             |
 |                                                     |
 |    Please cite                                      |
 |            PLB 851 (2024) 138555 [arXiv:2312.16956] |
 |            JHEP 03 (2024) 121    [arXiv:2312.16966] |
 |                                                     |
 =======================================================
 ---------------------------------------------------
         the cuts in the lab frame                  
 min transverse momentum of photon    0.0000000000000000     
 max (pseudo-)rapidity of photon    5.0000000000000000     
 min (pseudo-)rapidity of photon   -5.0000000000000000     
 min invariant mass of di-photon    0.0000000000000000     
 ---------------------------------------------------
 WARNING: outside the range of the grid (xs,xt)=  0.14213914516022036      -0.14213914373887299     
 WARNING: set the 2-loop amplitudes to zero
 WARNING: outside the range of the grid (xs,xt)=  0.14224824686076593      -0.14224824543832762     
 WARNING: set the 2-loop amplitudes to zero
 WARNING: outside the range of the grid (xs,xt)=  0.14231227422403356      -0.14231227280095501     
 WARNING: set the 2-loop amplitudes to zero
 WARNING: outside the range of the grid (xs,xt)=  0.14218467262528481      -0.14218467120348219     
 WARNING: set the 2-loop amplitudes to zero
 WARNING: outside the range of the grid (xs,xt)=  0.14209499741187198      -0.14209499599096606     
 WARNING: set the 2-loop amplitudes to zero
 INFO: will suppress the further warning
 max=   9.7202087824465799     
 min=   0.0000000000000000     
       n_pass,     n_total
       10000       10000
  
 ====================NCALL=20K===========================
  
 ITERATION            1 :
   6.8923786734332344      +\-   2.1490061396453784E-004
 precision:   3.1179455474911023E-005
 max=   9.7421821981156249     
 min=   0.0000000000000000     
       n_pass,     n_total
       20000       20002
 max=   9.7421821981156249     
 min=   0.0000000000000000     
       n_pass,     n_total
       30000       30002
 ITERATION            2 :
   6.8918685926219379      +\-   3.9383639908773628E-004
 precision:   5.7145082468542164E-005
 max=   9.7577104906126664     
 min=   0.0000000000000000     
       n_pass,     n_total
       40000       40012
 max=   9.7577104906126664     
 min=   0.0000000000000000     
       n_pass,     n_total
       50000       50012
 ITERATION            3 :
   6.8918961608907274      +\-   3.4121463680411324E-004
 precision:   4.9509544084601201E-005
 max=   9.7642185631613199     
 min=   0.0000000000000000     
       n_pass,     n_total
       60000       60038
 max=   9.7642185631613199     
 min=   0.0000000000000000     
       n_pass,     n_total
       70000       70038
 ITERATION            4 :
   6.8915255695094997      +\-   3.3363118114000103E-004
 precision:   4.8411803420726047E-005
 max=   9.7642185631613199     
 min=   0.0000000000000000     
       n_pass,     n_total
       80000       80064
 max=   9.7642185631613199     
 min=   0.0000000000000000     
       n_pass,     n_total
       90000       90064
 ITERATION            5 :
   6.8915204643690355      +\-   2.7656511529335407E-004
 precision:   4.0131218752562382E-005
 max=   9.7644645494216800     
 min=   0.0000000000000000     
       n_pass,     n_total
      100000      100097
 max=   9.7644645494216800     
 min=   0.0000000000000000     
       n_pass,     n_total
      110000      110097
 ITERATION            6 :
   6.8913654472203305      +\-   2.3754692423770570E-004
 precision:   3.4470225974378058E-005
 max=   9.7645721152169518     
 min=   0.0000000000000000     
       n_pass,     n_total
      120000      120129
 max=   9.7645721152169518     
 min=   0.0000000000000000     
       n_pass,     n_total
      130000      130129
 ITERATION            7 :
   6.8916956618179901      +\-   2.2330864388174455E-004
 precision:   3.2402568952506092E-005
 max=   9.7645787559043988     
 min=   0.0000000000000000     
       n_pass,     n_total
      140000      140177
 max=   9.7645787559043988     
 min=   0.0000000000000000     
       n_pass,     n_total
      150000      150177
 ITERATION            8 :
   6.8909648953726661      +\-   2.2274673417521006E-004
 precision:   3.2324462184502805E-005
 max=   9.7645787559043988     
 min=   0.0000000000000000     
       n_pass,     n_total
      160000      160242
 max=   9.7645787559043988     
 min=   0.0000000000000000     
       n_pass,     n_total
      170000      170242
 ITERATION            9 :
   6.8914767346117394      +\-   2.1214161856148616E-004
 precision:   3.0783187222562404E-005
 max=   9.7647169968250598     
 min=   0.0000000000000000     
       n_pass,     n_total
      180000      180309
 max=   9.7647169968250598     
 min=   0.0000000000000000     
       n_pass,     n_total
      190000      190309
 ITERATION           10 :
   6.8916094730618100      +\-   2.1257018173437641E-004
 precision:   3.0844780535704902E-005
 ====================NCALL=40K ===========================
  
 max=   9.7647169968250598     
 min=   0.0000000000000000     
       n_pass,     n_total
      200000      200452
 max=   9.7647169968250598     
 min=   0.0000000000000000     
       n_pass,     n_total
      210000      210452
 max=   9.7647169968250598     
 min=   0.0000000000000000     
       n_pass,     n_total
      220000      220452
 max=   9.7647169968250598     
 min=   0.0000000000000000     
       n_pass,     n_total
      230000      230452
   6.8914861707068198      +\-   1.0643259835110047E-004
 precision:   1.5444070511743376E-005
 ====================NCALL=80K ===========================
  
 max=   9.7647169968250598     
 min=   0.0000000000000000     
       n_pass,     n_total
      240000      240810
 max=   9.7647169968250598     
 min=   0.0000000000000000     
       n_pass,     n_total
      250000      250810
 max=   9.7647169968250598     
 min=   0.0000000000000000     
       n_pass,     n_total
      260000      260810
 max=   9.7647169968250598     
 min=   0.0000000000000000     
       n_pass,     n_total
      270000      270810
 max=   9.7647169968250598     
 min=   0.0000000000000000     
       n_pass,     n_total
      280000      280810
 max=   9.7647169968250598     
 min=   0.0000000000000000     
       n_pass,     n_total
      290000      290810
 max=   9.7647169968250598     
 min=   0.0000000000000000     
       n_pass,     n_total
      300000      300810
 max=   9.7647169968250598     
 min=   0.0000000000000000     
       n_pass,     n_total
      310000      310810
   6.8913507299617907      +\-   5.1940823174716245E-005
 precision:   7.5371034228298858E-006
 sigma (pb)                   sd (pb)
   6.8913507299617907        5.1940823174716245E-005
