 =======================================================
 |                                                     |
 |         \/\/\/\/\/\___________/\/\/\/\/\/           |
 |                   |     \     |                     |
 |                   |     /     |                     |
 |                   |     \     |                     |
 |         /\/\/\/\/\|_____/_____|/\/\/\/\/\           |
 |                                                     |
 | Light-by-light scattering at next-to-leading order  |
 |                   (VERSION 0.5)                     |
 |                                                     |
 |    Authors:                                         |
 |            Ajjath A.H. (LPTHE Paris)                |
 |            Ekta Chaubey (Bonn)                      |
 |            Mathijs Fraaije (Bern)                   |
 |            Valentin Hirschi (Bern)                  |
 |            Hua-Sheng Shao (LPTHE Paris)             |
 |                                                     |
 |    Please cite                                      |
 |            PLB 851 (2024) 138555 [arXiv:2312.16956] |
 |            JHEP 03 (2024) 121    [arXiv:2312.16966] |
 |                                                     |
 =======================================================
 ---------------------------------------------------
         the cuts in the lab frame                  
 min transverse momentum of photon    0.0000000000000000     
 max (pseudo-)rapidity of photon    5.0000000000000000     
 min (pseudo-)rapidity of photon   -5.0000000000000000     
 min invariant mass of di-photon    0.0000000000000000     
 ---------------------------------------------------
 max=   7.5156595843162171     
 min=   0.0000000000000000     
       n_pass,     n_total
       10000       10000
  
 ====================NCALL=20K===========================
  
 ITERATION            1 :
   2.1441459123570854E-002 +\-   1.1732602422768056E-003
 precision:   5.4719235081675317E-002
 max=   7.8365821920879570     
 min=   0.0000000000000000     
       n_pass,     n_total
       20000       20010
 max=   7.8365821920879570     
 min=   0.0000000000000000     
       n_pass,     n_total
       30000       30010
 ITERATION            2 :
   2.0201061965070603E-002 +\-   2.4443812787204139E-004
 precision:   1.2100261278080143E-002
 WARNING: outside the range of the grid (xs,xt)=   20551111.111111112       -20550173.009723846     
 WARNING: set the 2-loop amplitudes to zero
 WARNING: outside the range of the grid (xs,xt)=   2049418.2825484765       -2049324.7322716301     
 WARNING: set the 2-loop amplitudes to zero
 WARNING: outside the range of the grid (xs,xt)=   1544.9898092151425       -1544.9192847030856     
 WARNING: set the 2-loop amplitudes to zero
 WARNING: outside the range of the grid (xs,xt)=   14643435.202957569       -14642766.770637587     
 WARNING: set the 2-loop amplitudes to zero
 WARNING: outside the range of the grid (xs,xt)=   20551111.111111112       -20550141.976839073     
 WARNING: set the 2-loop amplitudes to zero
 INFO: will suppress the further warning
 max=   7.9708265214975915     
 min=   0.0000000000000000     
       n_pass,     n_total
       40000       40054
 max=   7.9708265214975915     
 min=   0.0000000000000000     
       n_pass,     n_total
       50000       50054
 ITERATION            3 :
   2.0263044730333409E-002 +\-   6.3214965727255090E-005
 precision:   3.1197170301175635E-003
 max=   7.9746442539305828     
 min=   0.0000000000000000     
       n_pass,     n_total
       60000       60309
 max=   7.9746442539305828     
 min=   0.0000000000000000     
       n_pass,     n_total
       70000       70309
 ITERATION            4 :
   2.0210131971790671E-002 +\-   1.7990451214332118E-005
 precision:   8.9016990287065986E-004
 max=   7.9746442539305828     
 min=   0.0000000000000000     
       n_pass,     n_total
       80000       80889
 max=   7.9746442539305828     
 min=   0.0000000000000000     
       n_pass,     n_total
       90000       90889
 ITERATION            5 :
   2.0194691259959270E-002 +\-   1.4183612330142601E-005
 precision:   7.0234360840489560E-004
 max=   7.9749991063969237     
 min=   0.0000000000000000     
       n_pass,     n_total
      100000      101716
 max=   7.9749991063969237     
 min=   0.0000000000000000     
       n_pass,     n_total
      110000      111716
 ITERATION            6 :
   2.0185571253542995E-002 +\-   1.1863273907379996E-005
 precision:   5.8771058586205437E-004
 max=   7.9749991063969237     
 min=   0.0000000000000000     
       n_pass,     n_total
      120000      123192
 max=   7.9749991063969237     
 min=   0.0000000000000000     
       n_pass,     n_total
      130000      133192
 ITERATION            7 :
   2.0197294092379508E-002 +\-   1.1008796480888108E-005
 precision:   5.4506293915093098E-004
 max=   7.9752066441856959     
 min=   0.0000000000000000     
       n_pass,     n_total
      140000      144916
 max=   7.9752066441856959     
 min=   0.0000000000000000     
       n_pass,     n_total
      150000      154916
 ITERATION            8 :
   2.0177020805947035E-002 +\-   1.0929122930049396E-005
 precision:   5.4166187541562695E-004
 max=   7.9752066441856959     
 min=   0.0000000000000000     
       n_pass,     n_total
      160000      166359
 ITERATION            9 :
   2.0193735582057754E-002 +\-   1.1100735328668236E-005
 precision:   5.4971182937204059E-004
 max=   7.9752066441856959     
 min=   0.0000000000000000     
       n_pass,     n_total
      170000      178462
 max=   7.9752066441856959     
 min=   0.0000000000000000     
       n_pass,     n_total
      180000      188462
 ITERATION           10 :
   2.0210471311997106E-002 +\-   1.0229833384290276E-005
 precision:   5.0616500854276279E-004
 ====================NCALL=40K ===========================
  
 max=   7.9752066441856959     
 min=   0.0000000000000000     
       n_pass,     n_total
      190000      199812
 max=   7.9752066441856959     
 min=   0.0000000000000000     
       n_pass,     n_total
      200000      209812
 max=   7.9752066441856959     
 min=   0.0000000000000000     
       n_pass,     n_total
      210000      219812
 max=   7.9752066441856959     
 min=   0.0000000000000000     
       n_pass,     n_total
      220000      229812
   2.0191430553087617E-002 +\-   9.0363225556794144E-006
 precision:   4.4753255753330489E-004
 ====================NCALL=80K ===========================
  
 max=   7.9752066441856959     
 min=   0.0000000000000000     
       n_pass,     n_total
      230000      244642
 max=   7.9752066441856959     
 min=   0.0000000000000000     
       n_pass,     n_total
      240000      254642
 max=   7.9752066441856959     
 min=   0.0000000000000000     
       n_pass,     n_total
      250000      264642
 max=   7.9752066441856959     
 min=   0.0000000000000000     
       n_pass,     n_total
      260000      274642
 max=   7.9752066441856959     
 min=   0.0000000000000000     
       n_pass,     n_total
      270000      284642
 max=   7.9752066441856959     
 min=   0.0000000000000000     
       n_pass,     n_total
      280000      294642
 max=   7.9752066441856959     
 min=   0.0000000000000000     
       n_pass,     n_total
      290000      304642
   2.0195876543834413E-002 +\-   2.9431570842915490E-006
 precision:   1.4573059396077878E-004
 sigma (pb)                   sd (pb)
   2.0195876543834413E-002   2.9431570842915490E-006
