 =======================================================
 |                                                     |
 |         \/\/\/\/\/\___________/\/\/\/\/\/           |
 |                   |     \     |                     |
 |                   |     /     |                     |
 |                   |     \     |                     |
 |         /\/\/\/\/\|_____/_____|/\/\/\/\/\           |
 |                                                     |
 | Light-by-light scattering at next-to-leading order  |
 |                   (VERSION 0.5)                     |
 |                                                     |
 |    Authors:                                         |
 |            Ajjath A.H. (LPTHE Paris)                |
 |            Ekta Chaubey (Bonn)                      |
 |            Mathijs Fraaije (Bern)                   |
 |            Valentin Hirschi (Bern)                  |
 |            Hua-Sheng Shao (LPTHE Paris)             |
 |                                                     |
 |    Please cite                                      |
 |            PLB 851 (2024) 138555 [arXiv:2312.16956] |
 |            JHEP 03 (2024) 121    [arXiv:2312.16966] |
 |                                                     |
 =======================================================
 ---------------------------------------------------
         the cuts in the lab frame                  
 min transverse momentum of photon    0.0000000000000000     
 max (pseudo-)rapidity of photon    5.0000000000000000     
 min (pseudo-)rapidity of photon   -5.0000000000000000     
 min invariant mass of di-photon    0.0000000000000000     
 ---------------------------------------------------
 max=   2069068.1981505197     
 min=   0.0000000000000000     
       n_pass,     n_total
       10000       10000
  
 ====================NCALL=20K===========================
  
 ITERATION            1 :
   262022.22304649596      +\-   250.09148441339602     
 precision:   9.5446669181574407E-004
 WARNING: outside the range of the grid (xs,xt)=   317.83004813860242       -317.81448181306831     
 WARNING: set the 2-loop amplitudes to zero
 max=   2069068.1981505197     
 min=   0.0000000000000000     
       n_pass,     n_total
       20000       20006
 max=   2069068.1981505197     
 min=   0.0000000000000000     
       n_pass,     n_total
       30000       30006
 ITERATION            2 :
   261485.53908462633      +\-   65.111443131360403     
 precision:   2.4900590433908447E-004
 max=   2110641.3211421533     
 min=   0.0000000000000000     
       n_pass,     n_total
       40000       40027
 max=   2110641.3211421533     
 min=   0.0000000000000000     
       n_pass,     n_total
       50000       50027
 WARNING: outside the range of the grid (xs,xt)=   317.83004813860242       -1.5093404471082530E-002
 WARNING: set the 2-loop amplitudes to zero
 ITERATION            3 :
   261392.92109483355      +\-   54.032342868322594     
 precision:   2.0670928134553277E-004
 WARNING: outside the range of the grid (xs,xt)=   317.83004813860242       -317.81428756847629     
 WARNING: set the 2-loop amplitudes to zero
 WARNING: outside the range of the grid (xs,xt)=   317.83004813860242       -317.81422954924187     
 WARNING: set the 2-loop amplitudes to zero
 WARNING: outside the range of the grid (xs,xt)=   317.83004813860242       -317.81560133206500     
 WARNING: set the 2-loop amplitudes to zero
 INFO: will suppress the further warning
 max=   2137299.4636203060     
 min=   0.0000000000000000     
       n_pass,     n_total
       60000       60066
 max=   2137299.4636203060     
 min=   0.0000000000000000     
       n_pass,     n_total
       70000       70066
 ITERATION            4 :
   261400.57006614449      +\-   48.774808391340194     
 precision:   1.8659029082835694E-004
 max=   2137299.4636203060     
 min=   0.0000000000000000     
       n_pass,     n_total
       80000       80120
 max=   2137299.4636203060     
 min=   0.0000000000000000     
       n_pass,     n_total
       90000       90120
 ITERATION            5 :
   261417.62226716956      +\-   44.601243484029013     
 precision:   1.7061299501242656E-004
 max=   2137299.4636203060     
 min=   0.0000000000000000     
       n_pass,     n_total
      100000      100200
 max=   2137299.4636203060     
 min=   0.0000000000000000     
       n_pass,     n_total
      110000      110200
 ITERATION            6 :
   261371.92954016969      +\-   43.535944164925418     
 precision:   1.6656702286859185E-004
 max=   2137299.4636203060     
 min=   0.0000000000000000     
       n_pass,     n_total
      120000      120286
 max=   2137299.4636203060     
 min=   0.0000000000000000     
       n_pass,     n_total
      130000      130286
 ITERATION            7 :
   261470.87723992745      +\-   42.223399538590783     
 precision:   1.6148413920624249E-004
 max=   2137299.4636203060     
 min=   0.0000000000000000     
       n_pass,     n_total
      140000      140383
 max=   2137299.4636203060     
 min=   0.0000000000000000     
       n_pass,     n_total
      150000      150383
 ITERATION            8 :
   261339.49216781935      +\-   41.184224803696317     
 precision:   1.5758898305828894E-004
 max=   2137299.4636203060     
 min=   0.0000000000000000     
       n_pass,     n_total
      160000      160493
 max=   2137299.4636203060     
 min=   0.0000000000000000     
       n_pass,     n_total
      170000      170493
 ITERATION            9 :
   261419.24014832271      +\-   40.486432232968866     
 precision:   1.5487166212401919E-004
 max=   2137299.4636203060     
 min=   0.0000000000000000     
       n_pass,     n_total
      180000      180601
 max=   2137299.4636203060     
 min=   0.0000000000000000     
       n_pass,     n_total
      190000      190601
 ITERATION           10 :
   261450.69631627959      +\-   41.359772985575276     
 precision:   1.5819339389152719E-004
 ====================NCALL=40K ===========================
  
 max=   2137299.4636203060     
 min=   0.0000000000000000     
       n_pass,     n_total
      200000      200805
 max=   2137299.4636203060     
 min=   0.0000000000000000     
       n_pass,     n_total
      210000      210805
 max=   2137299.4636203060     
 min=   0.0000000000000000     
       n_pass,     n_total
      220000      220805
 max=   2137299.4636203060     
 min=   0.0000000000000000     
       n_pass,     n_total
      230000      230805
   261428.69768000708      +\-   20.443430897009510     
 precision:   7.8198878234984735E-005
 ====================NCALL=80K ===========================
  
 max=   2137299.4636203060     
 min=   0.0000000000000000     
       n_pass,     n_total
      240000      241237
 max=   2137299.4636203060     
 min=   0.0000000000000000     
       n_pass,     n_total
      250000      251237
 max=   2137299.4636203060     
 min=   0.0000000000000000     
       n_pass,     n_total
      260000      261237
 max=   2137299.4636203060     
 min=   0.0000000000000000     
       n_pass,     n_total
      270000      271237
 max=   2137299.4636203060     
 min=   0.0000000000000000     
       n_pass,     n_total
      280000      281237
 max=   2137299.4636203060     
 min=   0.0000000000000000     
       n_pass,     n_total
      290000      291237
 max=   2137299.4636203060     
 min=   0.0000000000000000     
       n_pass,     n_total
      300000      301237
 max=   2137299.4636203060     
 min=   0.0000000000000000     
       n_pass,     n_total
      310000      311237
   261403.86181060356      +\-   9.6949531051393283     
 precision:   3.7088025547853873E-005
 sigma (pb)                   sd (pb)
   261403.86181060356        9.6949531051393283     
