 =======================================================
 |                                                     |
 |         \/\/\/\/\/\___________/\/\/\/\/\/           |
 |                   |     \     |                     |
 |                   |     /     |                     |
 |                   |     \     |                     |
 |         /\/\/\/\/\|_____/_____|/\/\/\/\/\           |
 |                                                     |
 | Light-by-light scattering at next-to-leading order  |
 |                   (VERSION 0.5)                     |
 |                                                     |
 |    Authors:                                         |
 |            Ajjath A.H. (LPTHE Paris)                |
 |            Ekta Chaubey (Bonn)                      |
 |            Mathijs Fraaije (Bern)                   |
 |            Valentin Hirschi (Bern)                  |
 |            Hua-Sheng Shao (LPTHE Paris)             |
 |                                                     |
 |    Please cite                                      |
 |            PLB 851 (2024) 138555 [arXiv:2312.16956] |
 |            JHEP 03 (2024) 121    [arXiv:2312.16966] |
 |                                                     |
 =======================================================
 ---------------------------------------------------
         the cuts in the lab frame                  
 min transverse momentum of photon    0.0000000000000000     
 max (pseudo-)rapidity of photon    5.0000000000000000     
 min (pseudo-)rapidity of photon   -5.0000000000000000     
 min invariant mass of di-photon    0.0000000000000000     
 ---------------------------------------------------
 max=   3147310.5294599766     
 min=   0.0000000000000000     
       n_pass,     n_total
       10000       10000
  
 ====================NCALL=20K===========================
  
 ITERATION            1 :
   1774653.7203506848      +\-   57.895803325515793     
 precision:   3.2623718453690870E-005
 WARNING: outside the range of the grid (xs,xt)=   6.3627044586621242       -6.3627043951233828     
 WARNING: set the 2-loop amplitudes to zero
 WARNING: outside the range of the grid (xs,xt)=   6.3627407913750833       -6.3627407278359804     
 WARNING: set the 2-loop amplitudes to zero
 max=   7706426778523584.0     
 min=   0.0000000000000000     
       n_pass,     n_total
       20000       20005
 max=   7706426778523584.0     
 min=   0.0000000000000000     
       n_pass,     n_total
       30000       30005
 ITERATION            2 :
   170518768481.44672      +\-   120964894812.25385     
 precision:  0.70939343445595804     
 WARNING: outside the range of the grid (xs,xt)=   6.3626558273677682       -6.3626557638295127     
 WARNING: set the 2-loop amplitudes to zero
 WARNING: outside the range of the grid (xs,xt)=   6.3626914576298104       -6.3626913940911995     
 WARNING: set the 2-loop amplitudes to zero
 WARNING: outside the range of the grid (xs,xt)=   6.3626653055563551       -6.3626652420180045     
 WARNING: set the 2-loop amplitudes to zero
 INFO: will suppress the further warning
 max=   7706426778523584.0     
 min=   0.0000000000000000     
       n_pass,     n_total
       40000       40084
 max=   7706426778523584.0     
 min=   0.0000000000000000     
       n_pass,     n_total
       50000       50084
 ITERATION            3 :
   102628406015.84967      +\-   42744706658.528519     
 precision:  0.41649976179038711     
 max=   7767478968569243.0     
 min=   0.0000000000000000     
       n_pass,     n_total
       60000       61517
 max=   7767478968569243.0     
 min=   0.0000000000000000     
       n_pass,     n_total
       70000       71517
 ITERATION            4 :
   85896205661.927704      +\-   3680868166.0127382     
 precision:   4.2852511791964192E-002
 max=   7774512930028684.0     
 min=   0.0000000000000000     
       n_pass,     n_total
       80000       88699
 ITERATION            5 :
   86895307401.923676      +\-   162641167.22485647     
 precision:   1.8716910278316818E-003
 max=   7777809224287640.0     
 min=   0.0000000000000000     
       n_pass,     n_total
       90000      103368
 max=   7777809224287640.0     
 min=   0.0000000000000000     
       n_pass,     n_total
      100000      113368
 ITERATION            6 :
   86675611226.230957      +\-   56482335.059674561     
 precision:   6.5165199599516758E-004
 max=   7777864860006055.0     
 min=   0.0000000000000000     
       n_pass,     n_total
      110000      126365
 max=   7777864860006055.0     
 min=   0.0000000000000000     
       n_pass,     n_total
      120000      136365
 ITERATION            7 :
   86773267050.973389      +\-   11041059.410052823     
 precision:   1.2724033317273800E-004
 max=   7777864860006055.0     
 min=   0.0000000000000000     
       n_pass,     n_total
      130000      148093
 ITERATION            8 :
   86766273358.168335      +\-   4995732.6172080170     
 precision:   5.7576895075184298E-005
 max=   7777864860006055.0     
 min=   0.0000000000000000     
       n_pass,     n_total
      140000      160817
 max=   7777864860006055.0     
 min=   0.0000000000000000     
       n_pass,     n_total
      150000      170817
 ITERATION            9 :
   86761956865.028824      +\-   3358302.2914751703     
 precision:   3.8707083298034771E-005
 max=   7777864860006055.0     
 min=   0.0000000000000000     
       n_pass,     n_total
      160000      182020
 max=   7777864860006055.0     
 min=   0.0000000000000000     
       n_pass,     n_total
      170000      192020
 ITERATION           10 :
   86764103617.768234      +\-   2046383.1467819125     
 precision:   2.3585596594152310E-005
 ====================NCALL=40K ===========================
  
 max=   7777864860006055.0     
 min=   0.0000000000000000     
       n_pass,     n_total
      180000      203712
 max=   7777864860006055.0     
 min=   0.0000000000000000     
       n_pass,     n_total
      190000      213712
 max=   7777864860006055.0     
 min=   0.0000000000000000     
       n_pass,     n_total
      200000      223712
 max=   7777864860006055.0     
 min=   0.0000000000000000     
       n_pass,     n_total
      210000      233712
   86719476333.467926      +\-   786212.59219618747     
 precision:   9.0661593616284544E-006
 ====================NCALL=80K ===========================
  
 max=   7777864860006055.0     
 min=   0.0000000000000000     
       n_pass,     n_total
      220000      245703
 max=   7777864860006055.0     
 min=   0.0000000000000000     
       n_pass,     n_total
      230000      255703
 max=   7777864860006055.0     
 min=   0.0000000000000000     
       n_pass,     n_total
      240000      265703
 max=   7777864860006055.0     
 min=   0.0000000000000000     
       n_pass,     n_total
      250000      275703
 max=   7777864860006055.0     
 min=   0.0000000000000000     
       n_pass,     n_total
      260000      285703
 max=   7777864860006055.0     
 min=   0.0000000000000000     
       n_pass,     n_total
      270000      295703
 max=   7777864860006055.0     
 min=   0.0000000000000000     
       n_pass,     n_total
      280000      305703
 max=   7777864860006055.0     
 min=   0.0000000000000000     
       n_pass,     n_total
      290000      315703
   87108855142.492950      +\-   530121395.11471593     
 precision:   6.0857348457575480E-003
 sigma (pb)                   sd (pb)
   87108855142.492950        530121395.11471593     
