 =======================================================
 |                                                     |
 |         \/\/\/\/\/\___________/\/\/\/\/\/           |
 |                   |     \     |                     |
 |                   |     /     |                     |
 |                   |     \     |                     |
 |         /\/\/\/\/\|_____/_____|/\/\/\/\/\           |
 |                                                     |
 | Light-by-light scattering at next-to-leading order  |
 |                   (VERSION 0.5)                     |
 |                                                     |
 |    Authors:                                         |
 |            Ajjath A.H. (LPTHE Paris)                |
 |            Ekta Chaubey (Bonn)                      |
 |            Mathijs Fraaije (Bern)                   |
 |            Valentin Hirschi (Bern)                  |
 |            Hua-Sheng Shao (LPTHE Paris)             |
 |                                                     |
 |    Please cite                                      |
 |            PLB 851 (2024) 138555 [arXiv:2312.16956] |
 |            JHEP 03 (2024) 121    [arXiv:2312.16966] |
 |                                                     |
 =======================================================
 ---------------------------------------------------
         the cuts in the lab frame                  
 min transverse momentum of photon    0.0000000000000000     
 max (pseudo-)rapidity of photon    5.0000000000000000     
 min (pseudo-)rapidity of photon   -5.0000000000000000     
 min invariant mass of di-photon    0.0000000000000000     
 ---------------------------------------------------
 max=   3603.7958977680210     
 min=   0.0000000000000000     
       n_pass,     n_total
       10000       10000
  
 ====================NCALL=20K===========================
  
 ITERATION            1 :
   116.38432837535775      +\-  0.41662375471475255     
 precision:   3.5797238385143699E-003
 WARNING: outside the range of the grid (xs,xt)=   4.9988950768545326       -4.9986579294020403     
 WARNING: set the 2-loop amplitudes to zero
 WARNING: outside the range of the grid (xs,xt)=   4.8529498269896179       -4.8527196031759861     
 WARNING: set the 2-loop amplitudes to zero
 WARNING: outside the range of the grid (xs,xt)=   2.3365306122448981       -2.3364197672933953     
 WARNING: set the 2-loop amplitudes to zero
 WARNING: outside the range of the grid (xs,xt)=  0.24933377777777777      -0.24932194938984184     
 WARNING: set the 2-loop amplitudes to zero
 WARNING: outside the range of the grid (xs,xt)=   2.4864310249307478E-002  -2.4863130687075640E-002
 WARNING: set the 2-loop amplitudes to zero
 INFO: will suppress the further warning
 max=   4109.6064936344092     
 min=   0.0000000000000000     
       n_pass,     n_total
       20000       20007
 max=   4109.6064936344092     
 min=   0.0000000000000000     
       n_pass,     n_total
       30000       30007
 ITERATION            2 :
   115.90138266795640      +\-  0.11212997423627788     
 precision:   9.6746019465114444E-004
 max=   4113.3499757262298     
 min=   0.0000000000000000     
       n_pass,     n_total
       40000       40038
 max=   4113.3499757262298     
 min=   0.0000000000000000     
       n_pass,     n_total
       50000       50038
 ITERATION            3 :
   115.79530954455194      +\-   4.4904821241622955E-002
 precision:   3.8779482017227944E-004
 max=   4138.1904655884773     
 min=   0.0000000000000000     
       n_pass,     n_total
       60000       60138
 max=   4138.1904655884773     
 min=   0.0000000000000000     
       n_pass,     n_total
       70000       70138
 ITERATION            4 :
   115.82397548523596      +\-   3.2425966468532144E-002
 precision:   2.7995901826617469E-004
 max=   4141.4580967430020     
 min=   0.0000000000000000     
       n_pass,     n_total
       80000       80356
 max=   4141.4580967430020     
 min=   0.0000000000000000     
       n_pass,     n_total
       90000       90356
 ITERATION            5 :
   115.81324644692464      +\-   2.5169357833088487E-002
 precision:   2.1732710726335785E-004
 max=   4174.3830736598720     
 min=   0.0000000000000000     
       n_pass,     n_total
      100000      100707
 max=   4174.3830736598720     
 min=   0.0000000000000000     
       n_pass,     n_total
      110000      110707
 ITERATION            6 :
   115.83281507309113      +\-   2.1305089550679439E-002
 precision:   1.8392965358940655E-004
 max=   4174.3830736598720     
 min=   0.0000000000000000     
       n_pass,     n_total
      120000      120985
 max=   4174.3830736598720     
 min=   0.0000000000000000     
       n_pass,     n_total
      130000      130985
 ITERATION            7 :
   115.88021613191898      +\-   2.1430206413560113E-002
 precision:   1.8493412533131446E-004
 max=   4174.3830736598720     
 min=   0.0000000000000000     
       n_pass,     n_total
      140000      141426
 max=   4174.3830736598720     
 min=   0.0000000000000000     
       n_pass,     n_total
      150000      151426
 ITERATION            8 :
   115.81228878325327      +\-   2.1365906127298395E-002
 precision:   1.8448738343549562E-004
 max=   4174.3830736598720     
 min=   0.0000000000000000     
       n_pass,     n_total
      160000      161735
 max=   4174.3830736598720     
 min=   0.0000000000000000     
       n_pass,     n_total
      170000      171735
 ITERATION            9 :
   115.83666354831860      +\-   2.0126081415874519E-002
 precision:   1.7374534796989717E-004
 max=   4174.3830736598720     
 min=   0.0000000000000000     
       n_pass,     n_total
      180000      182142
 max=   4174.3830736598720     
 min=   0.0000000000000000     
       n_pass,     n_total
      190000      192142
 ITERATION           10 :
   115.85776880555906      +\-   2.0004175919019616E-002
 precision:   1.7266149801824752E-004
 ====================NCALL=40K ===========================
  
 max=   4174.3830736598720     
 min=   0.0000000000000000     
       n_pass,     n_total
      200000      202579
 max=   4174.3830736598720     
 min=   0.0000000000000000     
       n_pass,     n_total
      210000      212579
 max=   4174.3830736598720     
 min=   0.0000000000000000     
       n_pass,     n_total
      220000      222579
 max=   4174.3830736598720     
 min=   0.0000000000000000     
       n_pass,     n_total
      230000      232579
   115.84938506278685      +\-   9.6765782701108451E-003
 precision:   8.3527230333302441E-005
 ====================NCALL=80K ===========================
  
 max=   4174.3830736598720     
 min=   0.0000000000000000     
       n_pass,     n_total
      240000      243331
 max=   4174.3830736598720     
 min=   0.0000000000000000     
       n_pass,     n_total
      250000      253331
 max=   4174.3830736598720     
 min=   0.0000000000000000     
       n_pass,     n_total
      260000      263331
 max=   4174.3830736598720     
 min=   0.0000000000000000     
       n_pass,     n_total
      270000      273331
 max=   4174.3830736598720     
 min=   0.0000000000000000     
       n_pass,     n_total
      280000      283331
 max=   4174.3830736598720     
 min=   0.0000000000000000     
       n_pass,     n_total
      290000      293331
 max=   4174.3830736598720     
 min=   0.0000000000000000     
       n_pass,     n_total
      300000      303331
 max=   4174.3830736598720     
 min=   0.0000000000000000     
       n_pass,     n_total
      310000      313331
   115.83800729459661      +\-   6.4296389216874734E-003
 precision:   5.5505434458448172E-005
 sigma (pb)                   sd (pb)
   115.83800729459661        6.4296389216874734E-003
