 =======================================================
 |                                                     |
 |         \/\/\/\/\/\___________/\/\/\/\/\/           |
 |                   |     \     |                     |
 |                   |     /     |                     |
 |                   |     \     |                     |
 |         /\/\/\/\/\|_____/_____|/\/\/\/\/\           |
 |                                                     |
 | Light-by-light scattering at next-to-leading order  |
 |                   (VERSION 0.5)                     |
 |                                                     |
 |    Authors:                                         |
 |            Ajjath A.H. (LPTHE Paris)                |
 |            Ekta Chaubey (Bonn)                      |
 |            Mathijs Fraaije (Bern)                   |
 |            Valentin Hirschi (Bern)                  |
 |            Hua-Sheng Shao (LPTHE Paris)             |
 |                                                     |
 |    Please cite                                      |
 |            PLB 851 (2024) 138555 [arXiv:2312.16956] |
 |            JHEP 03 (2024) 121    [arXiv:2312.16966] |
 |                                                     |
 =======================================================
 ---------------------------------------------------
         the cuts in the lab frame                  
 min transverse momentum of photon    0.0000000000000000     
 max (pseudo-)rapidity of photon    5.0000000000000000     
 min (pseudo-)rapidity of photon   -5.0000000000000000     
 min invariant mass of di-photon    0.0000000000000000     
 ---------------------------------------------------
 max=   1515696.4567747526     
 min=   0.0000000000000000     
       n_pass,     n_total
       10000       10000
  
 ====================NCALL=20K===========================
  
 ITERATION            1 :
   118691.77794745711      +\-   237.75775591706616     
 precision:   2.0031527038234915E-003
 max=   1521966.6514360108     
 min=   0.0000000000000000     
       n_pass,     n_total
       20000       20007
 max=   1521966.6514360108     
 min=   0.0000000000000000     
       n_pass,     n_total
       30000       30007
 ITERATION            2 :
   118203.78583784473      +\-   43.275135233646196     
 precision:   3.6610616933210790E-004
 WARNING: outside the range of the grid (xs,xt)=   757.05745612187457       -757.02103313377506     
 WARNING: set the 2-loop amplitudes to zero
 WARNING: outside the range of the grid (xs,xt)=   1.5372501080907899E-002  -1.5371761490511685E-002
 WARNING: set the 2-loop amplitudes to zero
 max=   1532215.1794216062     
 min=   0.0000000000000000     
       n_pass,     n_total
       40000       40030
 max=   1532215.1794216062     
 min=   0.0000000000000000     
       n_pass,     n_total
       50000       50030
 WARNING: outside the range of the grid (xs,xt)=   757.05745612187457       -3.5134247619621299E-002
 WARNING: set the 2-loop amplitudes to zero
 WARNING: outside the range of the grid (xs,xt)=   1.5372501080907899E-002  -7.1342175569639487E-007
 WARNING: set the 2-loop amplitudes to zero
 WARNING: outside the range of the grid (xs,xt)=   757.05745612187457       -3.6350152823995424E-002
 WARNING: set the 2-loop amplitudes to zero
 INFO: will suppress the further warning
 ITERATION            3 :
   118156.67751888729      +\-   32.080180139921282     
 precision:   2.7150543510156910E-004
 max=   1536734.0288696901     
 min=   0.0000000000000000     
       n_pass,     n_total
       60000       60083
 max=   1536734.0288696901     
 min=   0.0000000000000000     
       n_pass,     n_total
       70000       70083
 ITERATION            4 :
   118152.47479067622      +\-   27.468559326190547     
 precision:   2.3248399472677129E-004
 max=   1538206.0930381860     
 min=   0.0000000000000000     
       n_pass,     n_total
       80000       80168
 max=   1538206.0930381860     
 min=   0.0000000000000000     
       n_pass,     n_total
       90000       90168
 ITERATION            5 :
   118159.97341338792      +\-   24.332025176013371     
 precision:   2.0592443001731810E-004
 max=   1538206.0930381860     
 min=   0.0000000000000000     
       n_pass,     n_total
      100000      100294
 max=   1538206.0930381860     
 min=   0.0000000000000000     
       n_pass,     n_total
      110000      110294
 ITERATION            6 :
   118145.67721189599      +\-   23.162151815474950     
 precision:   1.9604739133987351E-004
 max=   1538206.0930381860     
 min=   0.0000000000000000     
       n_pass,     n_total
      120000      120435
 max=   1538206.0930381860     
 min=   0.0000000000000000     
       n_pass,     n_total
      130000      130435
 ITERATION            7 :
   118201.14194398643      +\-   22.351430928796510     
 precision:   1.8909657352877762E-004
 max=   1538206.0930381860     
 min=   0.0000000000000000     
       n_pass,     n_total
      140000      140592
 max=   1538206.0930381860     
 min=   0.0000000000000000     
       n_pass,     n_total
      150000      150592
 ITERATION            8 :
   118125.29125211974      +\-   21.863793602127725     
 precision:   1.8508985984604193E-004
 max=   1538206.0930381860     
 min=   0.0000000000000000     
       n_pass,     n_total
      160000      160766
 max=   1538206.0930381860     
 min=   0.0000000000000000     
       n_pass,     n_total
      170000      170766
 ITERATION            9 :
   118158.44300850303      +\-   21.418331731783390     
 precision:   1.8126789069353310E-004
 max=   1538206.0930381860     
 min=   0.0000000000000000     
       n_pass,     n_total
      180000      180954
 max=   1538206.0930381860     
 min=   0.0000000000000000     
       n_pass,     n_total
      190000      190954
 ITERATION           10 :
   118180.73147114707      +\-   21.520798887248990     
 precision:   1.8210074196827196E-004
 ====================NCALL=40K ===========================
  
 max=   1538206.0930381860     
 min=   0.0000000000000000     
       n_pass,     n_total
      200000      201254
 max=   1538206.0930381860     
 min=   0.0000000000000000     
       n_pass,     n_total
      210000      211254
 max=   1538206.0930381860     
 min=   0.0000000000000000     
       n_pass,     n_total
      220000      221254
 max=   1538206.0930381860     
 min=   0.0000000000000000     
       n_pass,     n_total
      230000      231254
   118177.88537423003      +\-   10.583797079321869     
 precision:   8.9558186337541126E-005
 ====================NCALL=80K ===========================
  
 max=   1538206.0930381860     
 min=   0.0000000000000000     
       n_pass,     n_total
      240000      241824
 max=   1538206.0930381860     
 min=   0.0000000000000000     
       n_pass,     n_total
      250000      251824
 max=   1538206.0930381860     
 min=   0.0000000000000000     
       n_pass,     n_total
      260000      261824
 max=   1538206.0930381860     
 min=   0.0000000000000000     
       n_pass,     n_total
      270000      271824
 max=   1538206.0930381860     
 min=   0.0000000000000000     
       n_pass,     n_total
      280000      281824
 max=   1538206.0930381860     
 min=   0.0000000000000000     
       n_pass,     n_total
      290000      291824
 max=   1538206.0930381860     
 min=   0.0000000000000000     
       n_pass,     n_total
      300000      301824
 max=   1538206.0930381860     
 min=   0.0000000000000000     
       n_pass,     n_total
      310000      311824
   118163.73542637246      +\-   4.8764244263061309     
 precision:   4.1268367225447268E-005
 sigma (pb)                   sd (pb)
   118163.73542637246        4.8764244263061309     
