 =======================================================
 |                                                     |
 |         \/\/\/\/\/\___________/\/\/\/\/\/           |
 |                   |     \     |                     |
 |                   |     /     |                     |
 |                   |     \     |                     |
 |         /\/\/\/\/\|_____/_____|/\/\/\/\/\           |
 |                                                     |
 | Light-by-light scattering at next-to-leading order  |
 |                   (VERSION 0.5)                     |
 |                                                     |
 |    Authors:                                         |
 |            Ajjath A.H. (LPTHE Paris)                |
 |            Ekta Chaubey (Bonn)                      |
 |            Mathijs Fraaije (Bern)                   |
 |            Valentin Hirschi (Bern)                  |
 |            Hua-Sheng Shao (LPTHE Paris)             |
 |                                                     |
 |    Please cite                                      |
 |            PLB 851 (2024) 138555 [arXiv:2312.16956] |
 |            JHEP 03 (2024) 121    [arXiv:2312.16966] |
 |                                                     |
 =======================================================
 ---------------------------------------------------
         the cuts in the lab frame                  
 min transverse momentum of photon    0.0000000000000000     
 max (pseudo-)rapidity of photon    5.0000000000000000     
 min (pseudo-)rapidity of photon   -5.0000000000000000     
 min invariant mass of di-photon    0.0000000000000000     
 ---------------------------------------------------
 max=   24.432901608113379     
 min=   0.0000000000000000     
       n_pass,     n_total
       10000       10000
  
 ====================NCALL=20K===========================
  
 ITERATION            1 :
   1.7370400164807048E-002 +\-   2.3511671572131639E-003
 precision:  0.13535480673477512     
 WARNING: outside the range of the grid (xs,xt)=   12808864.265927978       -12808258.310022315     
 WARNING: set the 2-loop amplitudes to zero
 WARNING: outside the range of the grid (xs,xt)=   9656.1863075946403       -9655.7294971391784     
 WARNING: set the 2-loop amplitudes to zero
 WARNING: outside the range of the grid (xs,xt)=   91521470.018484816       -91517140.362544879     
 WARNING: set the 2-loop amplitudes to zero
 max=   30.993139861009141     
 min=   0.0000000000000000     
       n_pass,     n_total
       20000       20011
 max=   30.993139861009141     
 min=   0.0000000000000000     
       n_pass,     n_total
       30000       30011
 WARNING: outside the range of the grid (xs,xt)=   12808864.265927978       -627.77534786537990     
 WARNING: set the 2-loop amplitudes to zero
 WARNING: outside the range of the grid (xs,xt)=   9656.1863075946403      -0.47325942350939337     
 WARNING: set the 2-loop amplitudes to zero
 INFO: will suppress the further warning
 ITERATION            2 :
   1.6808638797161324E-002 +\-   1.0870310231827847E-003
 precision:   6.4670972843224206E-002
 max=   31.240891558156644     
 min=   0.0000000000000000     
       n_pass,     n_total
       40000       40062
 max=   31.240891558156644     
 min=   0.0000000000000000     
       n_pass,     n_total
       50000       50062
 ITERATION            3 :
   1.7138194059502537E-002 +\-   2.0734619455732697E-004
 precision:   1.2098485630249978E-002
 max=   31.588813481532995     
 min=   0.0000000000000000     
       n_pass,     n_total
       60000       60371
 max=   31.588813481532995     
 min=   0.0000000000000000     
       n_pass,     n_total
       70000       70371
 ITERATION            4 :
   1.6994868404728952E-002 +\-   4.9620449692822303E-005
 precision:   2.9197313277821578E-003
 max=   31.592578789252876     
 min=   0.0000000000000000     
       n_pass,     n_total
       80000       81744
 max=   31.592578789252876     
 min=   0.0000000000000000     
       n_pass,     n_total
       90000       91744
 ITERATION            5 :
   1.7000979137455123E-002 +\-   1.9281514223601783E-005
 precision:   1.1341413966635826E-003
 max=   31.596048444219655     
 min=   0.0000000000000000     
       n_pass,     n_total
      100000      104989
 max=   31.596048444219655     
 min=   0.0000000000000000     
       n_pass,     n_total
      110000      114989
 ITERATION            6 :
   1.6992685651403421E-002 +\-   1.3788626215645752E-005
 precision:   8.1144478857036659E-004
 max=   31.596215866572344     
 min=   0.0000000000000000     
       n_pass,     n_total
      120000      126705
 ITERATION            7 :
   1.7011818359319048E-002 +\-   1.1480915708157352E-005
 precision:   6.7487880869996025E-004
 max=   31.596215866572344     
 min=   0.0000000000000000     
       n_pass,     n_total
      130000      138768
 max=   31.596215866572344     
 min=   0.0000000000000000     
       n_pass,     n_total
      140000      148768
 ITERATION            8 :
   1.6994323065644554E-002 +\-   1.3284378568715111E-005
 precision:   7.8169507060687777E-004
 max=   31.596215866572344     
 min=   0.0000000000000000     
       n_pass,     n_total
      150000      159939
 max=   31.596215866572344     
 min=   0.0000000000000000     
       n_pass,     n_total
      160000      169939
 ITERATION            9 :
   1.6997972391324567E-002 +\-   1.1794721267962933E-005
 precision:   6.9388989441956787E-004
 max=   31.596215866572344     
 min=   0.0000000000000000     
       n_pass,     n_total
      170000      181843
 max=   31.596215866572344     
 min=   0.0000000000000000     
       n_pass,     n_total
      180000      191843
 ITERATION           10 :
   1.6994184570380641E-002 +\-   1.2308746843368007E-005
 precision:   7.2429170063393700E-004
 ====================NCALL=40K ===========================
  
 max=   31.596215866572344     
 min=   0.0000000000000000     
       n_pass,     n_total
      190000      205573
 max=   31.596215866572344     
 min=   0.0000000000000000     
       n_pass,     n_total
      200000      215573
 max=   31.596215866572344     
 min=   0.0000000000000000     
       n_pass,     n_total
      210000      225573
   1.7001552697029389E-002 +\-   5.8098803150950760E-006
 precision:   3.4172645396736103E-004
 ====================NCALL=80K ===========================
  
 max=   31.596215866572344     
 min=   0.0000000000000000     
       n_pass,     n_total
      220000      241907
 max=   31.596215866572344     
 min=   0.0000000000000000     
       n_pass,     n_total
      230000      251907
 max=   31.596215866572344     
 min=   0.0000000000000000     
       n_pass,     n_total
      240000      261907
 max=   31.596215866572344     
 min=   0.0000000000000000     
       n_pass,     n_total
      250000      271907
 max=   31.596215866572344     
 min=   0.0000000000000000     
       n_pass,     n_total
      260000      281907
 max=   31.596215866572344     
 min=   0.0000000000000000     
       n_pass,     n_total
      270000      291907
 max=   31.596215866572344     
 min=   0.0000000000000000     
       n_pass,     n_total
      280000      301907
   1.6996162479268204E-002 +\-   2.9482685721377167E-006
 precision:   1.7346672083971859E-004
 sigma (pb)                   sd (pb)
   1.6996162479268204E-002   2.9482685721377167E-006
