 =======================================================
 |                                                     |
 |         \/\/\/\/\/\___________/\/\/\/\/\/           |
 |                   |     \     |                     |
 |                   |     /     |                     |
 |                   |     \     |                     |
 |         /\/\/\/\/\|_____/_____|/\/\/\/\/\           |
 |                                                     |
 | Light-by-light scattering at next-to-leading order  |
 |                   (VERSION 0.5)                     |
 |                                                     |
 |    Authors:                                         |
 |            Ajjath A.H. (LPTHE Paris)                |
 |            Ekta Chaubey (Bonn)                      |
 |            Mathijs Fraaije (Bern)                   |
 |            Valentin Hirschi (Bern)                  |
 |            Hua-Sheng Shao (LPTHE Paris)             |
 |                                                     |
 |    Please cite                                      |
 |            PLB 851 (2024) 138555 [arXiv:2312.16956] |
 |            JHEP 03 (2024) 121    [arXiv:2312.16966] |
 |                                                     |
 =======================================================
 ---------------------------------------------------
         the cuts in the lab frame                  
 min transverse momentum of photon    0.0000000000000000     
 max (pseudo-)rapidity of photon    5.0000000000000000     
 min (pseudo-)rapidity of photon   -5.0000000000000000     
 min invariant mass of di-photon    0.0000000000000000     
 ---------------------------------------------------
 max=   93567.649685502533     
 min=   0.0000000000000000     
       n_pass,     n_total
       10000       10000
  
 ====================NCALL=20K===========================
  
 ITERATION            1 :
   1401.9214024386931      +\-   11.740515429791056     
 precision:   8.3745889101685764E-003
 WARNING: outside the range of the grid (xs,xt)=  0.15431998217865892      -0.15431256765015552     
 WARNING: set the 2-loop amplitudes to zero
 WARNING: outside the range of the grid (xs,xt)=  0.14981453287197230      -0.14980733481434863     
 WARNING: set the 2-loop amplitudes to zero
 WARNING: outside the range of the grid (xs,xt)=   7.2130612244897960E-002  -7.2127146624484412E-002
 WARNING: set the 2-loop amplitudes to zero
 WARNING: outside the range of the grid (xs,xt)=   66323.888159129303       -66320.701531239189     
 WARNING: set the 2-loop amplitudes to zero
 WARNING: outside the range of the grid (xs,xt)=   1.3467459228776100       -1.3466812165065294     
 WARNING: set the 2-loop amplitudes to zero
 INFO: will suppress the further warning
 max=   101111.92223204100     
 min=   0.0000000000000000     
       n_pass,     n_total
       20000       20009
 max=   101111.92223204100     
 min=   0.0000000000000000     
       n_pass,     n_total
       30000       30009
 ITERATION            2 :
   1387.9675872248849      +\-   2.9286961065217656     
 precision:   2.1100608785666439E-003
 max=   103135.95057577219     
 min=   0.0000000000000000     
       n_pass,     n_total
       40000       40044
 max=   103135.95057577219     
 min=   0.0000000000000000     
       n_pass,     n_total
       50000       50044
 ITERATION            3 :
   1387.6193353448950      +\-  0.99313932753750855     
 precision:   7.1571453513269336E-004
 max=   103973.56471141844     
 min=   0.0000000000000000     
       n_pass,     n_total
       60000       60178
 max=   103973.56471141844     
 min=   0.0000000000000000     
       n_pass,     n_total
       70000       70178
 ITERATION            4 :
   1388.1243112209058      +\-  0.61811262294598723     
 precision:   4.4528621676709535E-004
 max=   103989.38971912480     
 min=   0.0000000000000000     
       n_pass,     n_total
       80000       80492
 max=   103989.38971912480     
 min=   0.0000000000000000     
       n_pass,     n_total
       90000       90492
 ITERATION            5 :
   1387.6811706828228      +\-  0.41771684082345800     
 precision:   3.0101787762812701E-004
 max=   103989.38971912480     
 min=   0.0000000000000000     
       n_pass,     n_total
      100000      100923
 max=   103989.38971912480     
 min=   0.0000000000000000     
       n_pass,     n_total
      110000      110923
 ITERATION            6 :
   1387.8740344325133      +\-  0.33984053909646916     
 precision:   2.4486410918079198E-004
 max=   103989.38971912480     
 min=   0.0000000000000000     
       n_pass,     n_total
      120000      121242
 max=   103989.38971912480     
 min=   0.0000000000000000     
       n_pass,     n_total
      130000      131242
 ITERATION            7 :
   1388.7058441940699      +\-  0.43122970416916206     
 precision:   3.1052631194147855E-004
 max=   103989.38971912480     
 min=   0.0000000000000000     
       n_pass,     n_total
      140000      141811
 max=   103989.38971912480     
 min=   0.0000000000000000     
       n_pass,     n_total
      150000      151811
 ITERATION            8 :
   1387.0900627929527      +\-  0.39039560696789183     
 precision:   2.8144935750013022E-004
 max=   103989.38971912480     
 min=   0.0000000000000000     
       n_pass,     n_total
      160000      162502
 max=   103989.38971912480     
 min=   0.0000000000000000     
       n_pass,     n_total
      170000      172502
 ITERATION            9 :
   1387.7874669695138      +\-  0.35125139204489642     
 precision:   2.5310171795391527E-004
 max=   103996.82499043121     
 min=   0.0000000000000000     
       n_pass,     n_total
      180000      183111
 max=   103996.82499043121     
 min=   0.0000000000000000     
       n_pass,     n_total
      190000      193111
 ITERATION           10 :
   1388.3150449205855      +\-  0.34402090681547309     
 precision:   2.4779743479272874E-004
 ====================NCALL=40K ===========================
  
 max=   104003.36572090510     
 min=   0.0000000000000000     
       n_pass,     n_total
      200000      204295
 max=   104003.36572090510     
 min=   0.0000000000000000     
       n_pass,     n_total
      210000      214295
 max=   104003.36572090510     
 min=   0.0000000000000000     
       n_pass,     n_total
      220000      224295
 max=   104003.36572090510     
 min=   0.0000000000000000     
       n_pass,     n_total
      230000      234295
   1388.0454410943607      +\-  0.17715509684002384     
 precision:   1.2762917667908009E-004
 ====================NCALL=80K ===========================
  
 max=   104003.36572090510     
 min=   0.0000000000000000     
       n_pass,     n_total
      240000      246233
 max=   104003.36572090510     
 min=   0.0000000000000000     
       n_pass,     n_total
      250000      256233
 max=   104003.36572090510     
 min=   0.0000000000000000     
       n_pass,     n_total
      260000      266233
 max=   104003.36572090510     
 min=   0.0000000000000000     
       n_pass,     n_total
      270000      276233
 max=   104003.36572090510     
 min=   0.0000000000000000     
       n_pass,     n_total
      280000      286233
 max=   104003.36572090510     
 min=   0.0000000000000000     
       n_pass,     n_total
      290000      296233
 max=   104003.36572090510     
 min=   0.0000000000000000     
       n_pass,     n_total
      300000      306233
   1387.7590183102914      +\-   8.4675367344665353E-002
 precision:   6.1015901339819396E-005
 sigma (pb)                   sd (pb)
   1387.7590183102914        8.4675367344665353E-002
