 =======================================================
 |                                                     |
 |         \/\/\/\/\/\___________/\/\/\/\/\/           |
 |                   |     \     |                     |
 |                   |     /     |                     |
 |                   |     \     |                     |
 |         /\/\/\/\/\|_____/_____|/\/\/\/\/\           |
 |                                                     |
 | Light-by-light scattering at next-to-leading order  |
 |                   (VERSION 0.5)                     |
 |                                                     |
 |    Authors:                                         |
 |            Ajjath A.H. (LPTHE Paris)                |
 |            Ekta Chaubey (Bonn)                      |
 |            Mathijs Fraaije (Bern)                   |
 |            Valentin Hirschi (Bern)                  |
 |            Hua-Sheng Shao (LPTHE Paris)             |
 |                                                     |
 |    Please cite                                      |
 |            PLB 851 (2024) 138555 [arXiv:2312.16956] |
 |            JHEP 03 (2024) 121    [arXiv:2312.16966] |
 |                                                     |
 =======================================================
 ---------------------------------------------------
         the cuts in the lab frame                  
 min transverse momentum of photon    0.0000000000000000     
 max (pseudo-)rapidity of photon    5.0000000000000000     
 min (pseudo-)rapidity of photon   -5.0000000000000000     
 min invariant mass of di-photon    0.0000000000000000     
 ---------------------------------------------------
 WARNING: outside the range of the grid (xs,xt)=   3.7557532236142499E-002  -3.7557531860570259E-002
 WARNING: set the 2-loop amplitudes to zero
 WARNING: outside the range of the grid (xs,xt)=   3.7456133379770801E-002  -3.7456133005212534E-002
 WARNING: set the 2-loop amplitudes to zero
 WARNING: outside the range of the grid (xs,xt)=   3.7629026634941651E-002  -3.7629026258654483E-002
 WARNING: set the 2-loop amplitudes to zero
 WARNING: outside the range of the grid (xs,xt)=   3.7583618975399455E-002  -3.7583618599566354E-002
 WARNING: set the 2-loop amplitudes to zero
 WARNING: outside the range of the grid (xs,xt)=   3.7657909535504484E-002  -3.7657909158928492E-002
 WARNING: set the 2-loop amplitudes to zero
 INFO: will suppress the further warning
 max=  0.17752872128246128     
 min=   0.0000000000000000     
       n_pass,     n_total
       10000       10000
  
 ====================NCALL=20K===========================
  
 ITERATION            1 :
  0.12690214599627503      +\-   6.2122974731634581E-006
 precision:   4.8953446960194107E-005
 max=  0.18060279318246419     
 min=   0.0000000000000000     
       n_pass,     n_total
       20000       20002
 max=  0.18060279318246419     
 min=   0.0000000000000000     
       n_pass,     n_total
       30000       30002
 ITERATION            2 :
  0.12688400399788205      +\-   8.4367814760752169E-006
 precision:   6.6492081036598154E-005
 max=  0.18101185670280939     
 min=   0.0000000000000000     
       n_pass,     n_total
       40000       40011
 max=  0.18101185670280939     
 min=   0.0000000000000000     
       n_pass,     n_total
       50000       50011
 ITERATION            3 :
  0.12688675139501665      +\-   7.0310077614916041E-006
 precision:   5.5411677611660720E-005
 max=  0.18101185670280939     
 min=   0.0000000000000000     
       n_pass,     n_total
       60000       60033
 max=  0.18101185670280939     
 min=   0.0000000000000000     
       n_pass,     n_total
       70000       70033
 ITERATION            4 :
  0.12687911584320635      +\-   6.0440968382638999E-006
 precision:   4.7636656340930250E-005
 max=  0.18101185670280939     
 min=   0.0000000000000000     
       n_pass,     n_total
       80000       80063
 max=  0.18101185670280939     
 min=   0.0000000000000000     
       n_pass,     n_total
       90000       90063
 ITERATION            5 :
  0.12688364853532585      +\-   5.3398451404185740E-006
 precision:   4.2084580653683676E-005
 max=  0.18101375226563107     
 min=   0.0000000000000000     
       n_pass,     n_total
      100000      100098
 max=  0.18101375226563107     
 min=   0.0000000000000000     
       n_pass,     n_total
      110000      110098
 ITERATION            6 :
  0.12687594869555738      +\-   5.0840845519529702E-006
 precision:   4.0071302750629142E-005
 max=  0.18101375226563107     
 min=   0.0000000000000000     
       n_pass,     n_total
      120000      120134
 max=  0.18101375226563107     
 min=   0.0000000000000000     
       n_pass,     n_total
      130000      130134
 ITERATION            7 :
  0.12688256347091972      +\-   4.7670812648901701E-006
 precision:   3.7570814574397688E-005
 max=  0.18101547784234759     
 min=   0.0000000000000000     
       n_pass,     n_total
      140000      140173
 max=  0.18101547784234759     
 min=   0.0000000000000000     
       n_pass,     n_total
      150000      150173
 ITERATION            8 :
  0.12687681459128755      +\-   4.6892683712482644E-006
 precision:   3.6959222111257747E-005
 max=  0.18101547784234759     
 min=   0.0000000000000000     
       n_pass,     n_total
      160000      160227
 max=  0.18101547784234759     
 min=   0.0000000000000000     
       n_pass,     n_total
      170000      170227
 ITERATION            9 :
  0.12687949879864110      +\-   4.5524172017401008E-006
 precision:   3.5879848555871328E-005
 max=  0.18101547784234759     
 min=   0.0000000000000000     
       n_pass,     n_total
      180000      180281
 max=  0.18101547784234759     
 min=   0.0000000000000000     
       n_pass,     n_total
      190000      190281
 ITERATION           10 :
  0.12688671038804078      +\-   4.4485546371573319E-006
 precision:   3.5059263681380879E-005
 ====================NCALL=40K ===========================
  
 max=  0.18101806110197982     
 min=   0.0000000000000000     
       n_pass,     n_total
      200000      200388
 max=  0.18101806110197982     
 min=   0.0000000000000000     
       n_pass,     n_total
      210000      210388
 max=  0.18101806110197982     
 min=   0.0000000000000000     
       n_pass,     n_total
      220000      220388
 max=  0.18101806110197982     
 min=   0.0000000000000000     
       n_pass,     n_total
      230000      230388
  0.12688246456252589      +\-   2.4008264236829146E-006
 precision:   1.8921656605273625E-005
 ====================NCALL=80K ===========================
  
 max=  0.18101806110197982     
 min=   0.0000000000000000     
       n_pass,     n_total
      240000      240650
 max=  0.18101806110197982     
 min=   0.0000000000000000     
       n_pass,     n_total
      250000      250650
 max=  0.18101806110197982     
 min=   0.0000000000000000     
       n_pass,     n_total
      260000      260650
 max=  0.18101806110197982     
 min=   0.0000000000000000     
       n_pass,     n_total
      270000      270650
 max=  0.18101806110197982     
 min=   0.0000000000000000     
       n_pass,     n_total
      280000      280650
 max=  0.18101806110197982     
 min=   0.0000000000000000     
       n_pass,     n_total
      290000      290650
 max=  0.18101806110197982     
 min=   0.0000000000000000     
       n_pass,     n_total
      300000      300650
 max=  0.18101806110197982     
 min=   0.0000000000000000     
       n_pass,     n_total
      310000      310650
  0.12687965847019572      +\-   1.1688465222446260E-006
 precision:   9.2122451804927441E-006
 sigma (pb)                   sd (pb)
  0.12687965847019572        1.1688465222446260E-006
