 =======================================================
 |                                                     |
 |         \/\/\/\/\/\___________/\/\/\/\/\/           |
 |                   |     \     |                     |
 |                   |     /     |                     |
 |                   |     \     |                     |
 |         /\/\/\/\/\|_____/_____|/\/\/\/\/\           |
 |                                                     |
 | Light-by-light scattering at next-to-leading order  |
 |                   (VERSION 0.5)                     |
 |                                                     |
 |    Authors:                                         |
 |            Ajjath A.H. (LPTHE Paris)                |
 |            Ekta Chaubey (Bonn)                      |
 |            Mathijs Fraaije (Bern)                   |
 |            Valentin Hirschi (Bern)                  |
 |            Hua-Sheng Shao (LPTHE Paris)             |
 |                                                     |
 |    Please cite                                      |
 |            PLB 851 (2024) 138555 [arXiv:2312.16956] |
 |            JHEP 03 (2024) 121    [arXiv:2312.16966] |
 |                                                     |
 =======================================================
 ---------------------------------------------------
         the cuts in the lab frame                  
 min transverse momentum of photon    0.0000000000000000     
 max (pseudo-)rapidity of photon    5.0000000000000000     
 min (pseudo-)rapidity of photon   -5.0000000000000000     
 min invariant mass of di-photon    0.0000000000000000     
 ---------------------------------------------------
 max=  0.40934185656247973     
 min=   0.0000000000000000     
       n_pass,     n_total
       10000       10000
  
 ====================NCALL=20K===========================
  
 ITERATION            1 :
   1.3919703356330486E-002 +\-   4.7359561881013537E-005
 precision:   3.4023398824426150E-003
 WARNING: outside the range of the grid (xs,xt)=   801960.34751615045       -801922.50327825535     
 WARNING: set the 2-loop amplitudes to zero
 WARNING: outside the range of the grid (xs,xt)=   778546.71280276799       -778509.97344638582     
 WARNING: set the 2-loop amplitudes to zero
 WARNING: outside the range of the grid (xs,xt)=   374843.81507705129       -374826.12632404093     
 WARNING: set the 2-loop amplitudes to zero
 WARNING: outside the range of the grid (xs,xt)=   40000.000000000000       -39998.112413512099     
 WARNING: set the 2-loop amplitudes to zero
 WARNING: outside the range of the grid (xs,xt)=   3988.9196675900275       -3988.7314318183808     
 WARNING: set the 2-loop amplitudes to zero
 INFO: will suppress the further warning
 max=  0.46353623312633546     
 min=   0.0000000000000000     
       n_pass,     n_total
       20000       20007
 max=  0.46353623312633546     
 min=   0.0000000000000000     
       n_pass,     n_total
       30000       30007
 ITERATION            2 :
   1.3867469909836248E-002 +\-   1.3159010137281497E-005
 precision:   9.4891211034449493E-004
 max=  0.46358276880825267     
 min=   0.0000000000000000     
       n_pass,     n_total
       40000       40037
 max=  0.46358276880825267     
 min=   0.0000000000000000     
       n_pass,     n_total
       50000       50037
 ITERATION            3 :
   1.3857414599980593E-002 +\-   5.1882578060508029E-006
 precision:   3.7440301497929264E-004
 max=  0.46358783481872917     
 min=   0.0000000000000000     
       n_pass,     n_total
       60000       60132
 max=  0.46358783481872917     
 min=   0.0000000000000000     
       n_pass,     n_total
       70000       70132
 ITERATION            4 :
   1.3860258808139332E-002 +\-   3.6768344982766466E-006
 precision:   2.6527892077436922E-004
 max=  0.46584202287552423     
 min=   0.0000000000000000     
       n_pass,     n_total
       80000       80352
 max=  0.46584202287552423     
 min=   0.0000000000000000     
       n_pass,     n_total
       90000       90352
 ITERATION            5 :
   1.3859086771659004E-002 +\-   2.8192686694089395E-006
 precision:   2.0342384140159753E-004
 max=  0.46584202287552423     
 min=   0.0000000000000000     
       n_pass,     n_total
      100000      100694
 max=  0.46584202287552423     
 min=   0.0000000000000000     
       n_pass,     n_total
      110000      110694
 ITERATION            6 :
   1.3859903094423002E-002 +\-   2.3801012730686056E-006
 precision:   1.7172567923842984E-004
 max=  0.46584202287552423     
 min=   0.0000000000000000     
       n_pass,     n_total
      120000      120964
 max=  0.46584202287552423     
 min=   0.0000000000000000     
       n_pass,     n_total
      130000      130964
 ITERATION            7 :
   1.3865882162283395E-002 +\-   2.3985189702831326E-006
 precision:   1.7297990435886923E-004
 max=  0.46584202287552423     
 min=   0.0000000000000000     
       n_pass,     n_total
      140000      141387
 max=  0.46584202287552423     
 min=   0.0000000000000000     
       n_pass,     n_total
      150000      151387
 ITERATION            8 :
   1.3858856405892387E-002 +\-   2.5647114295688885E-006
 precision:   1.8505938401082266E-004
 max=  0.46584202287552423     
 min=   0.0000000000000000     
       n_pass,     n_total
      160000      161650
 max=  0.46584202287552423     
 min=   0.0000000000000000     
       n_pass,     n_total
      170000      171650
 ITERATION            9 :
   1.3861250659689218E-002 +\-   2.3659460824998195E-006
 precision:   1.7068777851196191E-004
 max=  0.46584202287552423     
 min=   0.0000000000000000     
       n_pass,     n_total
      180000      182060
 max=  0.46584202287552423     
 min=   0.0000000000000000     
       n_pass,     n_total
      190000      192060
 ITERATION           10 :
   1.3864387907257603E-002 +\-   2.1662541617411822E-006
 precision:   1.5624592850631446E-004
 ====================NCALL=40K ===========================
  
 max=  0.46584202287552423     
 min=   0.0000000000000000     
       n_pass,     n_total
      200000      202480
 max=  0.46584202287552423     
 min=   0.0000000000000000     
       n_pass,     n_total
      210000      212480
 max=  0.46584202287552423     
 min=   0.0000000000000000     
       n_pass,     n_total
      220000      222480
 max=  0.46584202287552423     
 min=   0.0000000000000000     
       n_pass,     n_total
      230000      232480
   1.3863001204981443E-002 +\-   1.1366671696833587E-006
 precision:   8.1992863801736950E-005
 ====================NCALL=80K ===========================
  
 max=  0.46584202287552423     
 min=   0.0000000000000000     
       n_pass,     n_total
      240000      243636
 max=  0.46584202287552423     
 min=   0.0000000000000000     
       n_pass,     n_total
      250000      253636
 max=  0.46584202287552423     
 min=   0.0000000000000000     
       n_pass,     n_total
      260000      263636
 max=  0.46584202287552423     
 min=   0.0000000000000000     
       n_pass,     n_total
      270000      273636
 max=  0.46584202287552423     
 min=   0.0000000000000000     
       n_pass,     n_total
      280000      283636
 max=  0.46584202287552423     
 min=   0.0000000000000000     
       n_pass,     n_total
      290000      293636
 max=  0.46584202287552423     
 min=   0.0000000000000000     
       n_pass,     n_total
      300000      303636
 max=  0.46584202287552423     
 min=   0.0000000000000000     
       n_pass,     n_total
      310000      313636
   1.3861592192790841E-002 +\-   5.3754995577914568E-007
 precision:   3.8779813191930110E-005
 sigma (pb)                   sd (pb)
   1.3861592192790841E-002   5.3754995577914568E-007
