 =======================================================
 |                                                     |
 |         \/\/\/\/\/\___________/\/\/\/\/\/           |
 |                   |     \     |                     |
 |                   |     /     |                     |
 |                   |     \     |                     |
 |         /\/\/\/\/\|_____/_____|/\/\/\/\/\           |
 |                                                     |
 | Light-by-light scattering at next-to-leading order  |
 |                   (VERSION 0.5)                     |
 |                                                     |
 |    Authors:                                         |
 |            Ajjath A.H. (LPTHE Paris)                |
 |            Ekta Chaubey (Bonn)                      |
 |            Mathijs Fraaije (Bern)                   |
 |            Valentin Hirschi (Bern)                  |
 |            Hua-Sheng Shao (LPTHE Paris)             |
 |                                                     |
 |    Please cite                                      |
 |            PLB 851 (2024) 138555 [arXiv:2312.16956] |
 |            JHEP 03 (2024) 121    [arXiv:2312.16966] |
 |                                                     |
 =======================================================
 ---------------------------------------------------
         the cuts in the lab frame                  
 min transverse momentum of photon    0.0000000000000000     
 max (pseudo-)rapidity of photon    5.0000000000000000     
 min (pseudo-)rapidity of photon   -5.0000000000000000     
 min invariant mass of di-photon    0.0000000000000000     
 ---------------------------------------------------
 max=   3.7870393564234228E-006
 min=   0.0000000000000000     
       n_pass,     n_total
       10000       10000
  
 ====================NCALL=20K===========================
  
 ITERATION            1 :
   9.6777059527356669E-007 +\-   1.0769586441873819E-009
 precision:   1.1128243092392680E-003
 max=   3.7928915797298067E-006
 min=   0.0000000000000000     
       n_pass,     n_total
       20000       20001
 max=   3.7928915797298067E-006
 min=   0.0000000000000000     
       n_pass,     n_total
       30000       30001
 ITERATION            2 :
   9.6747696625234333E-007 +\-   6.6364839384891031E-010
 precision:   6.8595782328508003E-004
 max=   3.7945506006567072E-006
 min=   0.0000000000000000     
       n_pass,     n_total
       40000       40001
 max=   3.7945506006567072E-006
 min=   0.0000000000000000     
       n_pass,     n_total
       50000       50001
 ITERATION            3 :
   9.6812319774045065E-007 +\-   7.4843460537330486E-010
 precision:   7.7307785529787164E-004
 max=   3.7945506006567072E-006
 min=   0.0000000000000000     
       n_pass,     n_total
       60000       60001
 max=   3.7945506006567072E-006
 min=   0.0000000000000000     
       n_pass,     n_total
       70000       70001
 ITERATION            4 :
   9.6747393682639642E-007 +\-   5.5614563029499118E-010
 precision:   5.7484301036502851E-004
 max=   3.7945541215368643E-006
 min=   0.0000000000000000     
       n_pass,     n_total
       80000       80002
 max=   3.7945541215368643E-006
 min=   0.0000000000000000     
       n_pass,     n_total
       90000       90002
 ITERATION            5 :
   9.6652166404812566E-007 +\-   5.2562558719302171E-010
 precision:   5.4383218374177012E-004
 max=   3.7945541215368643E-006
 min=   0.0000000000000000     
       n_pass,     n_total
      100000      100002
 max=   3.7945541215368643E-006
 min=   0.0000000000000000     
       n_pass,     n_total
      110000      110002
 ITERATION            6 :
   9.6512273019142368E-007 +\-   4.9114836367898404E-010
 precision:   5.0889731255378170E-004
 max=   3.7945541215368643E-006
 min=   0.0000000000000000     
       n_pass,     n_total
      120000      120005
 max=   3.7945541215368643E-006
 min=   0.0000000000000000     
       n_pass,     n_total
      130000      130005
 ITERATION            7 :
   9.6667276522801956E-007 +\-   4.1446605825053642E-010
 precision:   4.2875528633805240E-004
 max=   3.7945541215368643E-006
 min=   0.0000000000000000     
       n_pass,     n_total
      140000      140007
 max=   3.7945541215368643E-006
 min=   0.0000000000000000     
       n_pass,     n_total
      150000      150007
 ITERATION            8 :
   9.6540743017297658E-007 +\-   1.5419895058778772E-009
 precision:   1.5972422188646215E-003
 max=   3.7945541215368643E-006
 min=   0.0000000000000000     
       n_pass,     n_total
      160000      160009
 max=   3.7945541215368643E-006
 min=   0.0000000000000000     
       n_pass,     n_total
      170000      170009
 ITERATION            9 :
   9.6627425372095257E-007 +\-   5.7428099322155464E-010
 precision:   5.9432504903250737E-004
 max=   3.7945541215368643E-006
 min=   0.0000000000000000     
       n_pass,     n_total
      180000      180009
 max=   3.7945541215368643E-006
 min=   0.0000000000000000     
       n_pass,     n_total
      190000      190009
 ITERATION           10 :
   9.6700138748520278E-007 +\-   6.6540792675473415E-010
 precision:   6.8811475905448624E-004
 ====================NCALL=40K ===========================
  
 max=   3.7945541215368643E-006
 min=   0.0000000000000000     
       n_pass,     n_total
      200000      200011
 max=   3.7945541215368643E-006
 min=   0.0000000000000000     
       n_pass,     n_total
      210000      210011
 max=   3.7945541215368643E-006
 min=   0.0000000000000000     
       n_pass,     n_total
      220000      220011
 max=   3.7945541215368643E-006
 min=   0.0000000000000000     
       n_pass,     n_total
      230000      230011
   9.6708053295350936E-007 +\-   1.8549001442639963E-010
 precision:   1.9180410328383348E-004
 ====================NCALL=80K ===========================
  
 max=   3.7945541215368643E-006
 min=   0.0000000000000000     
       n_pass,     n_total
      240000      240014
 max=   3.7945541215368643E-006
 min=   0.0000000000000000     
       n_pass,     n_total
      250000      250014
 max=   3.7945541215368643E-006
 min=   0.0000000000000000     
       n_pass,     n_total
      260000      260014
 max=   3.7945541215368643E-006
 min=   0.0000000000000000     
       n_pass,     n_total
      270000      270014
 max=   3.7945541215368643E-006
 min=   0.0000000000000000     
       n_pass,     n_total
      280000      280014
 max=   3.7945541215368643E-006
 min=   0.0000000000000000     
       n_pass,     n_total
      290000      290014
 max=   3.7945541215368643E-006
 min=   0.0000000000000000     
       n_pass,     n_total
      300000      300014
 max=   3.7945541215368643E-006
 min=   0.0000000000000000     
       n_pass,     n_total
      310000      310014
   9.6697063162298945E-007 +\-   1.3782704560903644E-010
 precision:   1.4253488275823209E-004
 sigma (pb)                   sd (pb)
   9.6697063162298945E-007   1.3782704560903644E-010
