 =======================================================
 |                                                     |
 |         \/\/\/\/\/\___________/\/\/\/\/\/           |
 |                   |     \     |                     |
 |                   |     /     |                     |
 |                   |     \     |                     |
 |         /\/\/\/\/\|_____/_____|/\/\/\/\/\           |
 |                                                     |
 | Light-by-light scattering at next-to-leading order  |
 |                   (VERSION 0.5)                     |
 |                                                     |
 |    Authors:                                         |
 |            Ajjath A.H. (LPTHE Paris)                |
 |            Ekta Chaubey (Bonn)                      |
 |            Mathijs Fraaije (Bern)                   |
 |            Valentin Hirschi (Bern)                  |
 |            Hua-Sheng Shao (LPTHE Paris)             |
 |                                                     |
 |    Please cite                                      |
 |            PLB 851 (2024) 138555 [arXiv:2312.16956] |
 |            JHEP 03 (2024) 121    [arXiv:2312.16966] |
 |                                                     |
 =======================================================
 ---------------------------------------------------
         the cuts in the lab frame                  
 min transverse momentum of photon    0.0000000000000000     
 max (pseudo-)rapidity of photon    5.0000000000000000     
 min (pseudo-)rapidity of photon   -5.0000000000000000     
 min invariant mass of di-photon    0.0000000000000000     
 ---------------------------------------------------
 max=   2233038.0170856696     
 min=   0.0000000000000000     
       n_pass,     n_total
       10000       10000
  
 ====================NCALL=20K===========================
  
 ITERATION            1 :
   326278.76304092811      +\-   245.35257190170509     
 precision:   7.5197223875379316E-004
 WARNING: outside the range of the grid (xs,xt)=   246.93877551020415       -246.92750288145453     
 WARNING: set the 2-loop amplitudes to zero
 max=   2261183.2065465623     
 min=   0.0000000000000000     
       n_pass,     n_total
       20000       20005
 max=   2261183.2065465623     
 min=   0.0000000000000000     
       n_pass,     n_total
       30000       30005
 ITERATION            2 :
   325761.74671236781      +\-   69.870081783829932     
 precision:   2.1448215602036880E-004
 max=   2261183.2065465623     
 min=   0.0000000000000000     
       n_pass,     n_total
       40000       40025
 max=   2261183.2065465623     
 min=   0.0000000000000000     
       n_pass,     n_total
       50000       50025
 ITERATION            3 :
   325628.03324101859      +\-   63.505761439523866     
 precision:   1.9502547372055986E-004
 WARNING: outside the range of the grid (xs,xt)=   246.93877551020415       -246.92644582211872     
 WARNING: set the 2-loop amplitudes to zero
 WARNING: outside the range of the grid (xs,xt)=   246.93877551020415       -246.92716058474520     
 WARNING: set the 2-loop amplitudes to zero
 WARNING: outside the range of the grid (xs,xt)=   246.93877551020415       -246.92696911408714     
 WARNING: set the 2-loop amplitudes to zero
 max=   2297016.7621914363     
 min=   0.0000000000000000     
       n_pass,     n_total
       60000       60060
 max=   2297016.7621914363     
 min=   0.0000000000000000     
       n_pass,     n_total
       70000       70060
 WARNING: outside the range of the grid (xs,xt)=   246.93877551020415       -1.2124784717896969E-002
 WARNING: set the 2-loop amplitudes to zero
 INFO: will suppress the further warning
 ITERATION            4 :
   325641.19810444245      +\-   56.934543210001316     
 precision:   1.7483826844212990E-004
 max=   2299371.4447684279     
 min=   0.0000000000000000     
       n_pass,     n_total
       80000       80108
 max=   2299371.4447684279     
 min=   0.0000000000000000     
       n_pass,     n_total
       90000       90108
 ITERATION            5 :
   325676.38683485280      +\-   51.573140246572038     
 precision:   1.5835701429813595E-004
 max=   2299371.4447684279     
 min=   0.0000000000000000     
       n_pass,     n_total
      100000      100176
 max=   2299371.4447684279     
 min=   0.0000000000000000     
       n_pass,     n_total
      110000      110176
 ITERATION            6 :
   325621.05800417491      +\-   50.388336016458467     
 precision:   1.5474532367563409E-004
 max=   2299371.4447684279     
 min=   0.0000000000000000     
       n_pass,     n_total
      120000      120249
 max=   2299371.4447684279     
 min=   0.0000000000000000     
       n_pass,     n_total
      130000      130249
 ITERATION            7 :
   325730.07771906897      +\-   48.808618652721300     
 precision:   1.4984375712094068E-004
 max=   2299371.4447684279     
 min=   0.0000000000000000     
       n_pass,     n_total
      140000      140333
 max=   2299371.4447684279     
 min=   0.0000000000000000     
       n_pass,     n_total
      150000      150333
 ITERATION            8 :
   325585.09029026818      +\-   48.004487517573146     
 precision:   1.4744068125102351E-004
 max=   2299371.4447684279     
 min=   0.0000000000000000     
       n_pass,     n_total
      160000      160420
 max=   2299371.4447684279     
 min=   0.0000000000000000     
       n_pass,     n_total
      170000      170420
 ITERATION            9 :
   325691.37407857116      +\-   46.928430318274820     
 precision:   1.4408864972565596E-004
 max=   2299371.4447684279     
 min=   0.0000000000000000     
       n_pass,     n_total
      180000      180512
 max=   2299371.4447684279     
 min=   0.0000000000000000     
       n_pass,     n_total
      190000      190512
 ITERATION           10 :
   325709.41986209009      +\-   47.972928715952818     
 precision:   1.4728750779226843E-004
 ====================NCALL=40K ===========================
  
 max=   2299371.4447684279     
 min=   0.0000000000000000     
       n_pass,     n_total
      200000      200686
 max=   2299371.4447684279     
 min=   0.0000000000000000     
       n_pass,     n_total
      210000      210686
 max=   2299371.4447684279     
 min=   0.0000000000000000     
       n_pass,     n_total
      220000      220686
 max=   2299371.4447684279     
 min=   0.0000000000000000     
       n_pass,     n_total
      230000      230686
   325683.97902457294      +\-   23.841145062850465     
 precision:   7.3203309337643673E-005
 ====================NCALL=80K ===========================
  
 max=   2299371.4447684279     
 min=   0.0000000000000000     
       n_pass,     n_total
      240000      241073
 max=   2299371.4447684279     
 min=   0.0000000000000000     
       n_pass,     n_total
      250000      251073
 max=   2299371.4447684279     
 min=   0.0000000000000000     
       n_pass,     n_total
      260000      261073
 max=   2299371.4447684279     
 min=   0.0000000000000000     
       n_pass,     n_total
      270000      271073
 max=   2299371.4447684279     
 min=   0.0000000000000000     
       n_pass,     n_total
      280000      281073
 max=   2299371.4447684279     
 min=   0.0000000000000000     
       n_pass,     n_total
      290000      291073
 max=   2299371.4447684279     
 min=   0.0000000000000000     
       n_pass,     n_total
      300000      301073
 max=   2299371.4447684279     
 min=   0.0000000000000000     
       n_pass,     n_total
      310000      311073
   325652.50734341651      +\-   11.578052210763754     
 precision:   3.5553394952227813E-005
 sigma (pb)                   sd (pb)
   325652.50734341651        11.578052210763754     
