 =======================================================
 |                                                     |
 |         \/\/\/\/\/\___________/\/\/\/\/\/           |
 |                   |     \     |                     |
 |                   |     /     |                     |
 |                   |     \     |                     |
 |         /\/\/\/\/\|_____/_____|/\/\/\/\/\           |
 |                                                     |
 | Light-by-light scattering at next-to-leading order  |
 |                   (VERSION 0.5)                     |
 |                                                     |
 |    Authors:                                         |
 |            Ajjath A.H. (LPTHE Paris)                |
 |            Ekta Chaubey (Bonn)                      |
 |            Mathijs Fraaije (Bern)                   |
 |            Valentin Hirschi (Bern)                  |
 |            Hua-Sheng Shao (LPTHE Paris)             |
 |                                                     |
 |    Please cite                                      |
 |            PLB 851 (2024) 138555 [arXiv:2312.16956] |
 |            JHEP 03 (2024) 121    [arXiv:2312.16966] |
 |                                                     |
 =======================================================
 ---------------------------------------------------
         the cuts in the lab frame                  
 min transverse momentum of photon    0.0000000000000000     
 max (pseudo-)rapidity of photon    5.0000000000000000     
 min (pseudo-)rapidity of photon   -5.0000000000000000     
 min invariant mass of di-photon    0.0000000000000000     
 ---------------------------------------------------
 max=   6.0704926055096040     
 min=   0.0000000000000000     
       n_pass,     n_total
       10000       10000
  
 ====================NCALL=20K===========================
  
 ITERATION            1 :
   2.1616000849053997E-002 +\-   1.0122352814707376E-003
 precision:   4.6828055223500649E-002
 max=   6.2562530649403705     
 min=   0.0000000000000000     
       n_pass,     n_total
       20000       20010
 max=   6.2562530649403705     
 min=   0.0000000000000000     
       n_pass,     n_total
       30000       30010
 WARNING: outside the range of the grid (xs,xt)=   16000000.000000000       -784.81694649051462     
 WARNING: set the 2-loop amplitudes to zero
 WARNING: outside the range of the grid (xs,xt)=   1595567.8670360111       -78.264293832849106     
 WARNING: set the 2-loop amplitudes to zero
 WARNING: outside the range of the grid (xs,xt)=   1202.8467372782252       -5.9000906465423435E-002
 WARNING: set the 2-loop amplitudes to zero
 WARNING: outside the range of the grid (xs,xt)=   11400598.341402952       -559.21142365404319     
 WARNING: set the 2-loop amplitudes to zero
 ITERATION            2 :
   2.0421561708598941E-002 +\-   1.9044176943087306E-004
 precision:   9.3255242742127514E-003
 WARNING: outside the range of the grid (xs,xt)=   16000000.000000000       -15999249.441158682     
 WARNING: set the 2-loop amplitudes to zero
 INFO: will suppress the further warning
 max=   6.3569876750273409     
 min=   0.0000000000000000     
       n_pass,     n_total
       40000       40053
 max=   6.3569876750273409     
 min=   0.0000000000000000     
       n_pass,     n_total
       50000       50053
 ITERATION            3 :
   2.0446949865726132E-002 +\-   5.2252262178578219E-005
 precision:   2.5555040004360367E-003
 max=   6.3616886676684077     
 min=   0.0000000000000000     
       n_pass,     n_total
       60000       60294
 max=   6.3616886676684077     
 min=   0.0000000000000000     
       n_pass,     n_total
       70000       70294
 ITERATION            4 :
   2.0417471749547524E-002 +\-   1.4564666615654283E-005
 precision:   7.1334329706992515E-004
 max=   6.3617308432680026     
 min=   0.0000000000000000     
       n_pass,     n_total
       80000       80697
 max=   6.3617308432680026     
 min=   0.0000000000000000     
       n_pass,     n_total
       90000       90697
 ITERATION            5 :
   2.0366118542288977E-002 +\-   1.6951860241336129E-005
 precision:   8.3235596444833837E-004
 max=   6.3617308432680026     
 min=   0.0000000000000000     
       n_pass,     n_total
      100000      101073
 max=   6.3617308432680026     
 min=   0.0000000000000000     
       n_pass,     n_total
      110000      111073
 ITERATION            6 :
   2.0398550953323612E-002 +\-   1.2630642865790514E-005
 precision:   6.1919314242919580E-004
 max=   6.3617308432680026     
 min=   0.0000000000000000     
       n_pass,     n_total
      120000      122104
 max=   6.3617308432680026     
 min=   0.0000000000000000     
       n_pass,     n_total
      130000      132104
 ITERATION            7 :
   2.0408479582894382E-002 +\-   9.8979283491442641E-006
 precision:   4.8499097196051460E-004
 max=   6.3617308432680026     
 min=   0.0000000000000000     
       n_pass,     n_total
      140000      143212
 max=   6.3617308432680026     
 min=   0.0000000000000000     
       n_pass,     n_total
      150000      153212
 ITERATION            8 :
   2.0374809539933987E-002 +\-   1.1434598045995588E-005
 precision:   5.6121251212602188E-004
 max=   6.3618109124448647     
 min=   0.0000000000000000     
       n_pass,     n_total
      160000      164299
 max=   6.3618109124448647     
 min=   0.0000000000000000     
       n_pass,     n_total
      170000      174299
 ITERATION            9 :
   2.0396318399743690E-002 +\-   1.0041271371702122E-005
 precision:   4.9230803201367492E-004
 max=   6.3618262475660616     
 min=   0.0000000000000000     
       n_pass,     n_total
      180000      185227
 ITERATION           10 :
   2.0419153260132980E-002 +\-   9.2453002279767826E-006
 precision:   4.5277588694275626E-004
 ====================NCALL=40K ===========================
  
 max=   6.3618262475660616     
 min=   0.0000000000000000     
       n_pass,     n_total
      190000      196615
 max=   6.3618262475660616     
 min=   0.0000000000000000     
       n_pass,     n_total
      200000      206721
 max=   6.3618262475660616     
 min=   0.0000000000000000     
       n_pass,     n_total
      210000      216721
 max=   6.3618262475660616     
 min=   0.0000000000000000     
       n_pass,     n_total
      220000      226721
   2.0399130228897746E-002 +\-   5.3847599886482621E-006
 precision:   2.6397007755850891E-004
 ====================NCALL=80K ===========================
  
 max=   6.3618262475660616     
 min=   0.0000000000000000     
       n_pass,     n_total
      230000      242349
 max=   6.3618262475660616     
 min=   0.0000000000000000     
       n_pass,     n_total
      240000      252349
 max=   6.3618262475660616     
 min=   0.0000000000000000     
       n_pass,     n_total
      250000      262349
 max=   6.3618262475660616     
 min=   0.0000000000000000     
       n_pass,     n_total
      260000      272349
 max=   6.3618262475660616     
 min=   0.0000000000000000     
       n_pass,     n_total
      270000      282349
 max=   6.3618262475660616     
 min=   0.0000000000000000     
       n_pass,     n_total
      280000      292349
 max=   6.3618262475660616     
 min=   0.0000000000000000     
       n_pass,     n_total
      290000      302349
 max=   6.3618262475660616     
 min=   0.0000000000000000     
       n_pass,     n_total
      300000      312349
   2.0400602342092816E-002 +\-   3.6824860150827129E-006
 precision:   1.8050869054413133E-004
 sigma (pb)                   sd (pb)
   2.0400602342092816E-002   3.6824860150827129E-006
