 =======================================================
 |                                                     |
 |         \/\/\/\/\/\___________/\/\/\/\/\/           |
 |                   |     \     |                     |
 |                   |     /     |                     |
 |                   |     \     |                     |
 |         /\/\/\/\/\|_____/_____|/\/\/\/\/\           |
 |                                                     |
 | Light-by-light scattering at next-to-leading order  |
 |                   (VERSION 0.5)                     |
 |                                                     |
 |    Authors:                                         |
 |            Ajjath A.H. (LPTHE Paris)                |
 |            Ekta Chaubey (Bonn)                      |
 |            Mathijs Fraaije (Bern)                   |
 |            Valentin Hirschi (Bern)                  |
 |            Hua-Sheng Shao (LPTHE Paris)             |
 |                                                     |
 |    Please cite                                      |
 |            PLB 851 (2024) 138555 [arXiv:2312.16956] |
 |            JHEP 03 (2024) 121    [arXiv:2312.16966] |
 |                                                     |
 =======================================================
 ---------------------------------------------------
         the cuts in the lab frame                  
 min transverse momentum of photon    0.0000000000000000     
 max (pseudo-)rapidity of photon    5.0000000000000000     
 min (pseudo-)rapidity of photon   -5.0000000000000000     
 min invariant mass of di-photon    0.0000000000000000     
 ---------------------------------------------------
 max=   3125965.5693652490     
 min=   0.0000000000000000     
       n_pass,     n_total
       10000       10000
  
 ====================NCALL=20K===========================
  
 ITERATION            1 :
   1839984.8880191513      +\-   60.450982770738094     
 precision:   3.2854064815617602E-005
 max=   3506929.0526294350     
 min=   0.0000000000000000     
       n_pass,     n_total
       20000       20002
 max=   3506929.0526294350     
 min=   0.0000000000000000     
       n_pass,     n_total
       30000       30002
 WARNING: outside the range of the grid (xs,xt)=   9.8529647175064436       -4.6891304336206107E-004
 WARNING: set the 2-loop amplitudes to zero
 ITERATION            2 :
   1839891.2188055583      +\-   83.915601602331847     
 precision:   4.5609001632612356E-005
 WARNING: outside the range of the grid (xs,xt)=   9.8529647175064436       -9.8524809544811731     
 WARNING: set the 2-loop amplitudes to zero
 WARNING: outside the range of the grid (xs,xt)=   9.8529647175064436       -9.8525128107839315     
 WARNING: set the 2-loop amplitudes to zero
 WARNING: outside the range of the grid (xs,xt)=   9.8529647175064436       -9.8524913266462377     
 WARNING: set the 2-loop amplitudes to zero
 WARNING: outside the range of the grid (xs,xt)=   9.8529647175064436       -9.8524932054452066     
 WARNING: set the 2-loop amplitudes to zero
 INFO: will suppress the further warning
 max=   4615124.0396222146     
 min=   0.0000000000000000     
       n_pass,     n_total
       40000       40014
 max=   4615124.0396222146     
 min=   0.0000000000000000     
       n_pass,     n_total
       50000       50014
 ITERATION            3 :
   1839835.7736110408      +\-   94.229952315917600     
 precision:   5.1216501857104734E-005
 max=   6842899.5896391533     
 min=   0.0000000000000000     
       n_pass,     n_total
       60000       60042
 max=   6842899.5896391533     
 min=   0.0000000000000000     
       n_pass,     n_total
       70000       70042
 ITERATION            4 :
   1839745.5854570719      +\-   91.312829449252803     
 precision:   4.9633400493561597E-005
 max=   7855233.7249896815     
 min=   0.0000000000000000     
       n_pass,     n_total
       80000       80073
 max=   7855233.7249896815     
 min=   0.0000000000000000     
       n_pass,     n_total
       90000       90073
 ITERATION            5 :
   1839748.2839810587      +\-   70.124061299794931     
 precision:   3.8116117248416412E-005
 max=   7855233.7249896815     
 min=   0.0000000000000000     
       n_pass,     n_total
      100000      100130
 max=   7855233.7249896815     
 min=   0.0000000000000000     
       n_pass,     n_total
      110000      110130
 ITERATION            6 :
   1839730.8456882162      +\-   59.394402437542475     
 precision:   3.2284289072363687E-005
 max=   7855233.7249896815     
 min=   0.0000000000000000     
       n_pass,     n_total
      120000      120195
 max=   7855233.7249896815     
 min=   0.0000000000000000     
       n_pass,     n_total
      130000      130195
 ITERATION            7 :
   1839813.6088478502      +\-   56.651774028078258     
 precision:   3.0792126852217057E-005
 max=   8403434.1678850353     
 min=   0.0000000000000000     
       n_pass,     n_total
      140000      140288
 max=   8403434.1678850353     
 min=   0.0000000000000000     
       n_pass,     n_total
      150000      150288
 ITERATION            8 :
   1839645.7891088058      +\-   53.431267764847320     
 precision:   2.9044323685121717E-005
 max=   8403434.1678850353     
 min=   0.0000000000000000     
       n_pass,     n_total
      160000      160424
 max=   8403434.1678850353     
 min=   0.0000000000000000     
       n_pass,     n_total
      170000      170424
 ITERATION            9 :
   1839721.2650494657      +\-   50.166737702600841     
 precision:   2.7268662191199915E-005
 max=   8403434.1678850353     
 min=   0.0000000000000000     
       n_pass,     n_total
      180000      180576
 max=   8403434.1678850353     
 min=   0.0000000000000000     
       n_pass,     n_total
      190000      190576
 ITERATION           10 :
   1839765.2294625228      +\-   49.118867287058187     
 precision:   2.6698443095050771E-005
 ====================NCALL=40K ===========================
  
 max=   8403434.1678850353     
 min=   0.0000000000000000     
       n_pass,     n_total
      200000      200841
 max=   8403434.1678850353     
 min=   0.0000000000000000     
       n_pass,     n_total
      210000      210841
 max=   8403434.1678850353     
 min=   0.0000000000000000     
       n_pass,     n_total
      220000      220841
 max=   8403434.1678850353     
 min=   0.0000000000000000     
       n_pass,     n_total
      230000      230841
   1839754.7733569618      +\-   24.174292099484092     
 precision:   1.3139953459869963E-005
 ====================NCALL=80K ===========================
  
 max=   8487780.7451714799     
 min=   0.0000000000000000     
       n_pass,     n_total
      240000      241468
 max=   8487780.7451714799     
 min=   0.0000000000000000     
       n_pass,     n_total
      250000      251468
 max=   8487780.7451714799     
 min=   0.0000000000000000     
       n_pass,     n_total
      260000      261468
 max=   8487780.7451714799     
 min=   0.0000000000000000     
       n_pass,     n_total
      270000      271468
 max=   8487780.7451714799     
 min=   0.0000000000000000     
       n_pass,     n_total
      280000      281468
 max=   8487780.7451714799     
 min=   0.0000000000000000     
       n_pass,     n_total
      290000      291468
 max=   8487780.7451714799     
 min=   0.0000000000000000     
       n_pass,     n_total
      300000      301468
 max=   8487780.7451714799     
 min=   0.0000000000000000     
       n_pass,     n_total
      310000      311468
   1839724.8960193780      +\-   11.651007776160396     
 precision:   6.3330163120419477E-006
 sigma (pb)                   sd (pb)
   1839724.8960193780        11.651007776160396     
