 =======================================================
 |                                                     |
 |         \/\/\/\/\/\___________/\/\/\/\/\/           |
 |                   |     \     |                     |
 |                   |     /     |                     |
 |                   |     \     |                     |
 |         /\/\/\/\/\|_____/_____|/\/\/\/\/\           |
 |                                                     |
 | Light-by-light scattering at next-to-leading order  |
 |                   (VERSION 0.5)                     |
 |                                                     |
 |    Authors:                                         |
 |            Ajjath A.H. (LPTHE Paris)                |
 |            Ekta Chaubey (Bonn)                      |
 |            Mathijs Fraaije (Bern)                   |
 |            Valentin Hirschi (Bern)                  |
 |            Hua-Sheng Shao (LPTHE Paris)             |
 |                                                     |
 |    Please cite                                      |
 |            PLB 851 (2024) 138555 [arXiv:2312.16956] |
 |            JHEP 03 (2024) 121    [arXiv:2312.16966] |
 |                                                     |
 =======================================================
 ---------------------------------------------------
         the cuts in the lab frame                  
 min transverse momentum of photon    0.0000000000000000     
 max (pseudo-)rapidity of photon    5.0000000000000000     
 min (pseudo-)rapidity of photon   -5.0000000000000000     
 min invariant mass of di-photon    0.0000000000000000     
 ---------------------------------------------------
 max=   6857.2855004437261     
 min=   0.0000000000000000     
       n_pass,     n_total
       10000       10000
  
 ====================NCALL=20K===========================
  
 ITERATION            1 :
   193.59804549632852      +\-  0.79507100006299647     
 precision:   4.1068131551879458E-003
 WARNING: outside the range of the grid (xs,xt)=   2.4466562708843842       -2.4465430067605354     
 WARNING: set the 2-loop amplitudes to zero
 WARNING: outside the range of the grid (xs,xt)=   2.3752249134948098       -2.3751149561738849     
 WARNING: set the 2-loop amplitudes to zero
 WARNING: outside the range of the grid (xs,xt)=   1.1435901707621827       -1.1435372300445696     
 WARNING: set the 2-loop amplitudes to zero
 WARNING: outside the range of the grid (xs,xt)=  0.12203377777777780      -0.12202812841497829     
 WARNING: set the 2-loop amplitudes to zero
 WARNING: outside the range of the grid (xs,xt)=   1.2169573407202218E-002  -1.2169010035842710E-002
 WARNING: set the 2-loop amplitudes to zero
 INFO: will suppress the further warning
 max=   7950.0674237169851     
 min=   0.0000000000000000     
       n_pass,     n_total
       20000       20007
 max=   7950.0674237169851     
 min=   0.0000000000000000     
       n_pass,     n_total
       30000       30007
 ITERATION            2 :
   192.72787963661648      +\-  0.21555552507522310     
 precision:   1.1184449571159480E-003
 max=   7950.0674237169851     
 min=   0.0000000000000000     
       n_pass,     n_total
       40000       40040
 max=   7950.0674237169851     
 min=   0.0000000000000000     
       n_pass,     n_total
       50000       50040
 ITERATION            3 :
   192.54367148320171      +\-   8.1154059522189792E-002
 precision:   4.2148391010228558E-004
 max=   7950.0674237169851     
 min=   0.0000000000000000     
       n_pass,     n_total
       60000       60149
 max=   7950.0674237169851     
 min=   0.0000000000000000     
       n_pass,     n_total
       70000       70149
 ITERATION            4 :
   192.58399936423578      +\-   5.6372493145957769E-002
 precision:   2.9271639041694210E-004
 max=   7950.0674237169851     
 min=   0.0000000000000000     
       n_pass,     n_total
       80000       80395
 max=   7950.0674237169851     
 min=   0.0000000000000000     
       n_pass,     n_total
       90000       90395
 ITERATION            5 :
   192.57836944703780      +\-   4.1592519823398177E-002
 precision:   2.1597711073588044E-004
 max=   7950.0674237169851     
 min=   0.0000000000000000     
       n_pass,     n_total
      100000      100748
 max=   7950.0674237169851     
 min=   0.0000000000000000     
       n_pass,     n_total
      110000      110748
 ITERATION            6 :
   192.60519071458958      +\-   3.5579998396053365E-002
 precision:   1.8473021554635719E-004
 max=   7960.4796960026306     
 min=   0.0000000000000000     
       n_pass,     n_total
      120000      121074
 max=   7960.4796960026306     
 min=   0.0000000000000000     
       n_pass,     n_total
      130000      131074
 ITERATION            7 :
   192.66435461504517      +\-   3.4762954825172561E-002
 precision:   1.8043272661739121E-004
 max=   7960.4796960026306     
 min=   0.0000000000000000     
       n_pass,     n_total
      140000      141517
 max=   7960.4796960026306     
 min=   0.0000000000000000     
       n_pass,     n_total
      150000      151517
 ITERATION            8 :
   192.53770390228158      +\-   3.3123168292439067E-002
 precision:   1.7203471123375413E-004
 max=   7960.4796960026306     
 min=   0.0000000000000000     
       n_pass,     n_total
      160000      161881
 max=   7960.4796960026306     
 min=   0.0000000000000000     
       n_pass,     n_total
      170000      171881
 ITERATION            9 :
   192.61827779692263      +\-   3.7162829182800360E-002
 precision:   1.9293511294904794E-004
 max=   7960.9650016492715     
 min=   0.0000000000000000     
       n_pass,     n_total
      180000      182393
 max=   7960.9650016492715     
 min=   0.0000000000000000     
       n_pass,     n_total
      190000      192393
 ITERATION           10 :
   192.66142430510396      +\-   3.5175269589682964E-002
 precision:   1.8257557119466964E-004
 ====================NCALL=40K ===========================
  
 max=   7966.9631887553105     
 min=   0.0000000000000000     
       n_pass,     n_total
      200000      203177
 max=   7966.9631887553105     
 min=   0.0000000000000000     
       n_pass,     n_total
      210000      213177
 max=   7966.9631887553105     
 min=   0.0000000000000000     
       n_pass,     n_total
      220000      223177
 max=   7966.9631887553105     
 min=   0.0000000000000000     
       n_pass,     n_total
      230000      233177
   192.62444267587460      +\-   1.6271273106605932E-002
 precision:   8.4471487006377931E-005
 ====================NCALL=80K ===========================
  
 max=   7966.9631887553105     
 min=   0.0000000000000000     
       n_pass,     n_total
      240000      244480
 max=   7966.9631887553105     
 min=   0.0000000000000000     
       n_pass,     n_total
      250000      254480
 max=   7966.9631887553105     
 min=   0.0000000000000000     
       n_pass,     n_total
      260000      264480
 max=   7966.9631887553105     
 min=   0.0000000000000000     
       n_pass,     n_total
      270000      274480
 max=   7966.9631887553105     
 min=   0.0000000000000000     
       n_pass,     n_total
      280000      284480
 max=   7966.9631887553105     
 min=   0.0000000000000000     
       n_pass,     n_total
      290000      294480
 max=   7966.9631887553105     
 min=   0.0000000000000000     
       n_pass,     n_total
      300000      304480
   192.60342845198230      +\-   7.9605711543716869E-003
 precision:   4.1331409406122415E-005
 sigma (pb)                   sd (pb)
   192.60342845198230        7.9605711543716869E-003
