 =======================================================
 |                                                     |
 |         \/\/\/\/\/\___________/\/\/\/\/\/           |
 |                   |     \     |                     |
 |                   |     /     |                     |
 |                   |     \     |                     |
 |         /\/\/\/\/\|_____/_____|/\/\/\/\/\           |
 |                                                     |
 | Light-by-light scattering at next-to-leading order  |
 |                   (VERSION 0.5)                     |
 |                                                     |
 |    Authors:                                         |
 |            Ajjath A.H. (LPTHE Paris)                |
 |            Ekta Chaubey (Bonn)                      |
 |            Mathijs Fraaije (Bern)                   |
 |            Valentin Hirschi (Bern)                  |
 |            Hua-Sheng Shao (LPTHE Paris)             |
 |                                                     |
 |    Please cite                                      |
 |            PLB 851 (2024) 138555 [arXiv:2312.16956] |
 |            JHEP 03 (2024) 121    [arXiv:2312.16966] |
 |                                                     |
 =======================================================
 ---------------------------------------------------
         the cuts in the lab frame                  
 min transverse momentum of photon    0.0000000000000000     
 max (pseudo-)rapidity of photon    5.0000000000000000     
 min (pseudo-)rapidity of photon   -5.0000000000000000     
 min invariant mass of di-photon    0.0000000000000000     
 ---------------------------------------------------
 max=   1622450.4554946336     
 min=   0.0000000000000000     
       n_pass,     n_total
       10000       10000
  
 ====================NCALL=20K===========================
  
 ITERATION            1 :
   139613.34842452029      +\-   244.05503839261800     
 precision:   1.7480781110594339E-003
 max=   1630619.2406095667     
 min=   0.0000000000000000     
       n_pass,     n_total
       20000       20007
 max=   1630619.2406095667     
 min=   0.0000000000000000     
       n_pass,     n_total
       30000       30007
 ITERATION            2 :
   139107.35136317939      +\-   47.684740250368243     
 precision:   3.4279094370701975E-004
 max=   1639567.7218086543     
 min=   0.0000000000000000     
       n_pass,     n_total
       40000       40030
 max=   1639567.7218086543     
 min=   0.0000000000000000     
       n_pass,     n_total
       50000       50030
 ITERATION            3 :
   139042.12143426741      +\-   36.662052249021990     
 precision:   2.6367586937569914E-004
 WARNING: outside the range of the grid (xs,xt)=   636.30309320200229       -636.27139716358306     
 WARNING: set the 2-loop amplitudes to zero
 WARNING: outside the range of the grid (xs,xt)=   1.2920512054844801E-002  -1.2919868447968046E-002
 WARNING: set the 2-loop amplitudes to zero
 WARNING: outside the range of the grid (xs,xt)=   636.30309320200229       -636.27283032251501     
 WARNING: set the 2-loop amplitudes to zero
 WARNING: outside the range of the grid (xs,xt)=   1.2920512054844801E-002  -1.2919897549110966E-002
 WARNING: set the 2-loop amplitudes to zero
 WARNING: outside the range of the grid (xs,xt)=   636.30309320200229       -636.27168221876161     
 WARNING: set the 2-loop amplitudes to zero
 INFO: will suppress the further warning
 max=   1643778.3113277524     
 min=   0.0000000000000000     
       n_pass,     n_total
       60000       60080
 max=   1643778.3113277524     
 min=   0.0000000000000000     
       n_pass,     n_total
       70000       70080
 ITERATION            4 :
   139049.20395934625      +\-   31.125093717138380     
 precision:   2.2384230064516160E-004
 max=   1643778.3113277524     
 min=   0.0000000000000000     
       n_pass,     n_total
       80000       80155
 max=   1643778.3113277524     
 min=   0.0000000000000000     
       n_pass,     n_total
       90000       90155
 ITERATION            5 :
   139059.50270828421      +\-   27.686613602238417     
 precision:   1.9909904079204677E-004
 max=   1643778.3113277524     
 min=   0.0000000000000000     
       n_pass,     n_total
      100000      100269
 max=   1643778.3113277524     
 min=   0.0000000000000000     
       n_pass,     n_total
      110000      110269
 ITERATION            6 :
   139046.82467132030      +\-   26.386640248326685     
 precision:   1.8976801743369245E-004
 max=   1646242.5746913257     
 min=   0.0000000000000000     
       n_pass,     n_total
      120000      120392
 max=   1646242.5746913257     
 min=   0.0000000000000000     
       n_pass,     n_total
      130000      130392
 ITERATION            7 :
   139101.40810504943      +\-   25.302226453256718     
 precision:   1.8189770181297135E-004
 max=   1646242.5746913257     
 min=   0.0000000000000000     
       n_pass,     n_total
      140000      140540
 max=   1646242.5746913257     
 min=   0.0000000000000000     
       n_pass,     n_total
      150000      150540
 ITERATION            8 :
   139013.12820426904      +\-   25.011754872395045     
 precision:   1.7992368919029147E-004
 max=   1646242.5746913257     
 min=   0.0000000000000000     
       n_pass,     n_total
      160000      160698
 max=   1646242.5746913257     
 min=   0.0000000000000000     
       n_pass,     n_total
      170000      170698
 ITERATION            9 :
   139056.21880698315      +\-   24.397258791639246     
 precision:   1.7544888679523092E-004
 max=   1646242.5746913257     
 min=   0.0000000000000000     
       n_pass,     n_total
      180000      180867
 max=   1646242.5746913257     
 min=   0.0000000000000000     
       n_pass,     n_total
      190000      190867
 ITERATION           10 :
   139081.08026776143      +\-   24.283822588212601     
 precision:   1.7460191236263727E-004
 ====================NCALL=40K ===========================
  
 max=   1646242.5746913257     
 min=   0.0000000000000000     
       n_pass,     n_total
      200000      201150
 max=   1646242.5746913257     
 min=   0.0000000000000000     
       n_pass,     n_total
      210000      211150
 max=   1646242.5746913257     
 min=   0.0000000000000000     
       n_pass,     n_total
      220000      221150
 max=   1646242.5746913257     
 min=   0.0000000000000000     
       n_pass,     n_total
      230000      231150
   139079.83303890537      +\-   11.985532836463847     
 precision:   8.6177359970737705E-005
 ====================NCALL=80K ===========================
  
 max=   1646242.5746913257     
 min=   0.0000000000000000     
       n_pass,     n_total
      240000      241678
 max=   1646242.5746913257     
 min=   0.0000000000000000     
       n_pass,     n_total
      250000      251678
 max=   1646242.5746913257     
 min=   0.0000000000000000     
       n_pass,     n_total
      260000      261678
 max=   1646242.5746913257     
 min=   0.0000000000000000     
       n_pass,     n_total
      270000      271678
 max=   1646242.5746913257     
 min=   0.0000000000000000     
       n_pass,     n_total
      280000      281678
 max=   1646242.5746913257     
 min=   0.0000000000000000     
       n_pass,     n_total
      290000      291678
 max=   1646242.5746913257     
 min=   0.0000000000000000     
       n_pass,     n_total
      300000      301678
 max=   1646242.5746913257     
 min=   0.0000000000000000     
       n_pass,     n_total
      310000      311678
   139060.75829792529      +\-   5.4537657051365898     
 precision:   3.9218581660919628E-005
 sigma (pb)                   sd (pb)
   139060.75829792529        5.4537657051365898     
