 =======================================================
 |                                                     |
 |         \/\/\/\/\/\___________/\/\/\/\/\/           |
 |                   |     \     |                     |
 |                   |     /     |                     |
 |                   |     \     |                     |
 |         /\/\/\/\/\|_____/_____|/\/\/\/\/\           |
 |                                                     |
 | Light-by-light scattering at next-to-leading order  |
 |                   (VERSION 0.5)                     |
 |                                                     |
 |    Authors:                                         |
 |            Ajjath A.H. (LPTHE Paris)                |
 |            Ekta Chaubey (Bonn)                      |
 |            Mathijs Fraaije (Bern)                   |
 |            Valentin Hirschi (Bern)                  |
 |            Hua-Sheng Shao (LPTHE Paris)             |
 |                                                     |
 |    Please cite                                      |
 |            PLB 851 (2024) 138555 [arXiv:2312.16956] |
 |            JHEP 03 (2024) 121    [arXiv:2312.16966] |
 |                                                     |
 =======================================================
 ---------------------------------------------------
         the cuts in the lab frame                  
 min transverse momentum of photon    0.0000000000000000     
 max (pseudo-)rapidity of photon    5.0000000000000000     
 min (pseudo-)rapidity of photon   -5.0000000000000000     
 min invariant mass of di-photon    0.0000000000000000     
 ---------------------------------------------------
 max=   1208010.9118429569     
 min=   0.0000000000000000     
       n_pass,     n_total
       10000       10000
  
 ====================NCALL=20K===========================
  
 ITERATION            1 :
   71310.308621098535      +\-   207.67473526985086     
 precision:   2.9122680757604556E-003
 max=   1214554.0044780101     
 min=   0.0000000000000000     
       n_pass,     n_total
       20000       20007
 max=   1214554.0044780101     
 min=   0.0000000000000000     
       n_pass,     n_total
       30000       30007
 ITERATION            2 :
   70902.034391367561      +\-   32.936941197746961     
 precision:   4.6454155343329736E-004
 WARNING: outside the range of the grid (xs,xt)=   1293.7465772572871       -1293.6865355132356     
 WARNING: set the 2-loop amplitudes to zero
 WARNING: outside the range of the grid (xs,xt)=   2.6270292296159431E-002  -2.6269073112902119E-002
 WARNING: set the 2-loop amplitudes to zero
 WARNING: outside the range of the grid (xs,xt)=   1293.7465772572871       -1293.6864348267954     
 WARNING: set the 2-loop amplitudes to zero
 WARNING: outside the range of the grid (xs,xt)=   2.6270292296159431E-002  -2.6269071068404173E-002
 WARNING: set the 2-loop amplitudes to zero
 WARNING: outside the range of the grid (xs,xt)=   1293.7465772572871       -1293.6837348619179     
 WARNING: set the 2-loop amplitudes to zero
 INFO: will suppress the further warning
 max=   1217174.1318700553     
 min=   0.0000000000000000     
       n_pass,     n_total
       40000       40031
 max=   1217174.1318700553     
 min=   0.0000000000000000     
       n_pass,     n_total
       50000       50031
 ITERATION            3 :
   70877.948520955397      +\-   22.025793916104146     
 precision:   3.1075665105617607E-004
 max=   1219971.0341767769     
 min=   0.0000000000000000     
       n_pass,     n_total
       60000       60099
 max=   1219971.0341767769     
 min=   0.0000000000000000     
       n_pass,     n_total
       70000       70099
 ITERATION            4 :
   70865.789760132349      +\-   18.744647042126775     
 precision:   2.6450911089220840E-004
 max=   1220553.2863862037     
 min=   0.0000000000000000     
       n_pass,     n_total
       80000       80218
 max=   1220553.2863862037     
 min=   0.0000000000000000     
       n_pass,     n_total
       90000       90218
 ITERATION            5 :
   70868.603582814729      +\-   15.978440659443125     
 precision:   2.2546571897344135E-004
 max=   1220553.2863862037     
 min=   0.0000000000000000     
       n_pass,     n_total
      100000      100393
 max=   1220553.2863862037     
 min=   0.0000000000000000     
       n_pass,     n_total
      110000      110393
 ITERATION            6 :
   70862.297528976123      +\-   14.843265673845572     
 precision:   2.0946633388193558E-004
 max=   1220553.2863862037     
 min=   0.0000000000000000     
       n_pass,     n_total
      120000      120580
 max=   1220553.2863862037     
 min=   0.0000000000000000     
       n_pass,     n_total
      130000      130580
 ITERATION            7 :
   70898.272151225741      +\-   14.385253024457256     
 precision:   2.0289990979996758E-004
 max=   1220563.9513609759     
 min=   0.0000000000000000     
       n_pass,     n_total
      140000      140790
 max=   1220563.9513609759     
 min=   0.0000000000000000     
       n_pass,     n_total
      150000      150790
 ITERATION            8 :
   70851.145477648257      +\-   14.219618916216902     
 precision:   2.0069709276193470E-004
 max=   1220563.9513609759     
 min=   0.0000000000000000     
       n_pass,     n_total
      160000      161006
 max=   1220563.9513609759     
 min=   0.0000000000000000     
       n_pass,     n_total
      170000      171006
 ITERATION            9 :
   70872.322766555531      +\-   13.869875189080895     
 precision:   1.9570228049060152E-004
 max=   1220563.9513609759     
 min=   0.0000000000000000     
       n_pass,     n_total
      180000      181244
 max=   1220563.9513609759     
 min=   0.0000000000000000     
       n_pass,     n_total
      190000      191244
 ITERATION           10 :
   70886.829524628527      +\-   14.031214340905846     
 precision:   1.9793824092571272E-004
 ====================NCALL=40K ===========================
  
 max=   1220563.9513609759     
 min=   0.0000000000000000     
       n_pass,     n_total
      200000      201607
 max=   1220563.9513609759     
 min=   0.0000000000000000     
       n_pass,     n_total
      210000      211607
 max=   1220563.9513609759     
 min=   0.0000000000000000     
       n_pass,     n_total
      220000      221607
 max=   1220563.9513609759     
 min=   0.0000000000000000     
       n_pass,     n_total
      230000      231607
   70884.044284432617      +\-   6.7152786975944574     
 precision:   9.4736111142987509E-005
 ====================NCALL=80K ===========================
  
 max=   1220563.9513609759     
 min=   0.0000000000000000     
       n_pass,     n_total
      240000      242190
 max=   1220563.9513609759     
 min=   0.0000000000000000     
       n_pass,     n_total
      250000      252190
 max=   1220563.9513609759     
 min=   0.0000000000000000     
       n_pass,     n_total
      260000      262190
 max=   1220563.9513609759     
 min=   0.0000000000000000     
       n_pass,     n_total
      270000      272190
 max=   1220563.9513609759     
 min=   0.0000000000000000     
       n_pass,     n_total
      280000      282190
 max=   1220563.9513609759     
 min=   0.0000000000000000     
       n_pass,     n_total
      290000      292190
 max=   1220563.9513609759     
 min=   0.0000000000000000     
       n_pass,     n_total
      300000      302190
 max=   1220563.9513609759     
 min=   0.0000000000000000     
       n_pass,     n_total
      310000      312190
   70876.234631995365      +\-   3.2521073430231473     
 precision:   4.5884313125673044E-005
 sigma (pb)                   sd (pb)
   70876.234631995365        3.2521073430231473     
