 =======================================================
 |                                                     |
 |         \/\/\/\/\/\___________/\/\/\/\/\/           |
 |                   |     \     |                     |
 |                   |     /     |                     |
 |                   |     \     |                     |
 |         /\/\/\/\/\|_____/_____|/\/\/\/\/\           |
 |                                                     |
 | Light-by-light scattering at next-to-leading order  |
 |                   (VERSION 0.5)                     |
 |                                                     |
 |    Authors:                                         |
 |            Ajjath A.H. (LPTHE Paris)                |
 |            Ekta Chaubey (Bonn)                      |
 |            Mathijs Fraaije (Bern)                   |
 |            Valentin Hirschi (Bern)                  |
 |            Hua-Sheng Shao (LPTHE Paris)             |
 |                                                     |
 |    Please cite                                      |
 |            PLB 851 (2024) 138555 [arXiv:2312.16956] |
 |            JHEP 03 (2024) 121    [arXiv:2312.16966] |
 |                                                     |
 =======================================================
 ---------------------------------------------------
         the cuts in the lab frame                  
 min transverse momentum of photon    0.0000000000000000     
 max (pseudo-)rapidity of photon    5.0000000000000000     
 min (pseudo-)rapidity of photon   -5.0000000000000000     
 min invariant mass of di-photon    0.0000000000000000     
 ---------------------------------------------------
 max=   1359965.8936063424     
 min=   0.0000000000000000     
       n_pass,     n_total
       10000       10000
  
 ====================NCALL=20K===========================
  
 ITERATION            1 :
   92527.729027370529      +\-   224.77722979658290     
 precision:   2.4292958679456166E-003
 max=   1366572.3924333591     
 min=   0.0000000000000000     
       n_pass,     n_total
       20000       20007
 max=   1366572.3924333591     
 min=   0.0000000000000000     
       n_pass,     n_total
       30000       30007
 ITERATION            2 :
   92074.893559348115      +\-   37.665401513435015     
 precision:   4.0907352761865832E-004
 WARNING: outside the range of the grid (xs,xt)=   985.29647175064440       -985.24878783273380     
 WARNING: set the 2-loop amplitudes to zero
 WARNING: outside the range of the grid (xs,xt)=   2.0007029789510682E-002  -2.0006061539249494E-002
 WARNING: set the 2-loop amplitudes to zero
 WARNING: outside the range of the grid (xs,xt)=   985.29647175064440       -985.24870786963459     
 WARNING: set the 2-loop amplitudes to zero
 WARNING: outside the range of the grid (xs,xt)=   2.0007029789510682E-002  -2.0006059915551294E-002
 WARNING: set the 2-loop amplitudes to zero
 WARNING: outside the range of the grid (xs,xt)=   985.29647175064440       -985.25160799915170     
 WARNING: set the 2-loop amplitudes to zero
 INFO: will suppress the further warning
 max=   1371951.3413988128     
 min=   0.0000000000000000     
       n_pass,     n_total
       40000       40030
 max=   1371951.3413988128     
 min=   0.0000000000000000     
       n_pass,     n_total
       50000       50030
 ITERATION            3 :
   92036.085111805558      +\-   27.126273423920530     
 precision:   2.9473519425524781E-004
 max=   1376270.4018167099     
 min=   0.0000000000000000     
       n_pass,     n_total
       60000       60090
 max=   1376270.4018167099     
 min=   0.0000000000000000     
       n_pass,     n_total
       70000       70090
 ITERATION            4 :
   92036.976128166323      +\-   22.817342513422521     
 precision:   2.4791495193897043E-004
 max=   1376270.4018167099     
 min=   0.0000000000000000     
       n_pass,     n_total
       80000       80191
 max=   1376270.4018167099     
 min=   0.0000000000000000     
       n_pass,     n_total
       90000       90191
 ITERATION            5 :
   92035.881132568727      +\-   19.855759709704401     
 precision:   2.1573933410931452E-004
 max=   1376270.4018167099     
 min=   0.0000000000000000     
       n_pass,     n_total
      100000      100345
 max=   1376270.4018167099     
 min=   0.0000000000000000     
       n_pass,     n_total
      110000      110345
 ITERATION            6 :
   92023.321931423750      +\-   18.735434668876838     
 precision:   2.0359441797633191E-004
 max=   1376270.4018167099     
 min=   0.0000000000000000     
       n_pass,     n_total
      120000      120512
 max=   1376270.4018167099     
 min=   0.0000000000000000     
       n_pass,     n_total
      130000      130512
 ITERATION            7 :
   92072.794712226401      +\-   17.989442252389622     
 precision:   1.9538281974187531E-004
 max=   1376270.4018167099     
 min=   0.0000000000000000     
       n_pass,     n_total
      140000      140690
 max=   1376270.4018167099     
 min=   0.0000000000000000     
       n_pass,     n_total
      150000      150690
 ITERATION            8 :
   92013.979614148251      +\-   17.686998009748962     
 precision:   1.9222076997340711E-004
 max=   1377311.6955085010     
 min=   0.0000000000000000     
       n_pass,     n_total
      160000      160875
 max=   1377311.6955085010     
 min=   0.0000000000000000     
       n_pass,     n_total
      170000      170875
 ITERATION            9 :
   92040.055778601163      +\-   17.296635579363912     
 precision:   1.8792508797441744E-004
 max=   1377311.6955085010     
 min=   0.0000000000000000     
       n_pass,     n_total
      180000      181082
 max=   1377311.6955085010     
 min=   0.0000000000000000     
       n_pass,     n_total
      190000      191082
 ITERATION           10 :
   92058.621437619717      +\-   17.533703714027808     
 precision:   1.9046237538880489E-004
 ====================NCALL=40K ===========================
  
 max=   1377311.6955085010     
 min=   0.0000000000000000     
       n_pass,     n_total
      200000      201405
 max=   1377311.6955085010     
 min=   0.0000000000000000     
       n_pass,     n_total
      210000      211405
 max=   1377311.6955085010     
 min=   0.0000000000000000     
       n_pass,     n_total
      220000      221405
 max=   1377311.6955085010     
 min=   0.0000000000000000     
       n_pass,     n_total
      230000      231405
   92053.450983973831      +\-   8.4775625160597858     
 precision:   9.2093913106372279E-005
 ====================NCALL=80K ===========================
  
 max=   1379107.0244233625     
 min=   0.0000000000000000     
       n_pass,     n_total
      240000      242028
 max=   1379107.0244233625     
 min=   0.0000000000000000     
       n_pass,     n_total
      250000      252028
 max=   1379107.0244233625     
 min=   0.0000000000000000     
       n_pass,     n_total
      260000      262028
 max=   1379107.0244233625     
 min=   0.0000000000000000     
       n_pass,     n_total
      270000      272028
 max=   1379107.0244233625     
 min=   0.0000000000000000     
       n_pass,     n_total
      280000      282028
 max=   1379107.0244233625     
 min=   0.0000000000000000     
       n_pass,     n_total
      290000      292028
 max=   1379107.0244233625     
 min=   0.0000000000000000     
       n_pass,     n_total
      300000      302028
 max=   1379107.0244233625     
 min=   0.0000000000000000     
       n_pass,     n_total
      310000      312028
   92042.770599818541      +\-   4.0243557455584398     
 precision:   4.3722670659876612E-005
 sigma (pb)                   sd (pb)
   92042.770599818541        4.0243557455584398     
