 =======================================================
 |                                                     |
 |         \/\/\/\/\/\___________/\/\/\/\/\/           |
 |                   |     \     |                     |
 |                   |     /     |                     |
 |                   |     \     |                     |
 |         /\/\/\/\/\|_____/_____|/\/\/\/\/\           |
 |                                                     |
 | Light-by-light scattering at next-to-leading order  |
 |                   (VERSION 0.5)                     |
 |                                                     |
 |    Authors:                                         |
 |            Ajjath A.H. (LPTHE Paris)                |
 |            Ekta Chaubey (Bonn)                      |
 |            Mathijs Fraaije (Bern)                   |
 |            Valentin Hirschi (Bern)                  |
 |            Hua-Sheng Shao (LPTHE Paris)             |
 |                                                     |
 |    Please cite                                      |
 |            PLB 851 (2024) 138555 [arXiv:2312.16956] |
 |            JHEP 03 (2024) 121    [arXiv:2312.16966] |
 |                                                     |
 =======================================================
 ---------------------------------------------------
         the cuts in the lab frame                  
 min transverse momentum of photon    0.0000000000000000     
 max (pseudo-)rapidity of photon    5.0000000000000000     
 min (pseudo-)rapidity of photon   -5.0000000000000000     
 min invariant mass of di-photon    0.0000000000000000     
 ---------------------------------------------------
 max=   13991.673848616367     
 min=   0.0000000000000000     
       n_pass,     n_total
       10000       10000
  
 ====================NCALL=20K===========================
  
 ITERATION            1 :
   294.20506050989110      +\-   1.6302236056546706     
 precision:   5.5411134085501662E-003
 WARNING: outside the range of the grid (xs,xt)=   1.1103497438182219       -1.1102958904958324     
 WARNING: set the 2-loop amplitudes to zero
 WARNING: outside the range of the grid (xs,xt)=   1.0779325259515566       -1.0778802449039342     
 WARNING: set the 2-loop amplitudes to zero
 WARNING: outside the range of the grid (xs,xt)=  0.51898792169929198      -0.51896275014949955     
 WARNING: set the 2-loop amplitudes to zero
 WARNING: outside the range of the grid (xs,xt)=   5.5381777777777773E-002  -5.5379091693731036E-002
 WARNING: set the 2-loop amplitudes to zero
 WARNING: outside the range of the grid (xs,xt)=   477207.88446735422       -477184.73930053436     
 WARNING: set the 2-loop amplitudes to zero
 INFO: will suppress the further warning
 max=   15794.997829493552     
 min=   0.0000000000000000     
       n_pass,     n_total
       20000       20009
 max=   15794.997829493552     
 min=   0.0000000000000000     
       n_pass,     n_total
       30000       30009
 ITERATION            2 :
   292.27374080828741      +\-  0.43193617813038121     
 precision:   1.4778480507207225E-003
 max=   15915.987753331123     
 min=   0.0000000000000000     
       n_pass,     n_total
       40000       40044
 max=   15915.987753331123     
 min=   0.0000000000000000     
       n_pass,     n_total
       50000       50044
 ITERATION            3 :
   292.19372880978079      +\-  0.15484952656017953     
 precision:   5.2995499660770317E-004
 max=   16271.824032136470     
 min=   0.0000000000000000     
       n_pass,     n_total
       60000       60169
 max=   16271.824032136470     
 min=   0.0000000000000000     
       n_pass,     n_total
       70000       70169
 ITERATION            4 :
   292.31575117049613      +\-   9.7301999230264044E-002
 precision:   3.3286608347530227E-004
 max=   16356.777828947292     
 min=   0.0000000000000000     
       n_pass,     n_total
       80000       80466
 max=   16356.777828947292     
 min=   0.0000000000000000     
       n_pass,     n_total
       90000       90466
 ITERATION            5 :
   292.25460737812426      +\-   6.7322010853558420E-002
 precision:   2.3035397613580132E-004
 max=   16370.049734169659     
 min=   0.0000000000000000     
       n_pass,     n_total
      100000      100854
 max=   16370.049734169659     
 min=   0.0000000000000000     
       n_pass,     n_total
      110000      110854
 ITERATION            6 :
   292.24075512636267      +\-   6.3098822701353169E-002
 precision:   2.1591383677498958E-004
 max=   16370.049734169659     
 min=   0.0000000000000000     
       n_pass,     n_total
      120000      121178
 max=   16370.049734169659     
 min=   0.0000000000000000     
       n_pass,     n_total
      130000      131178
 ITERATION            7 :
   292.37532206361777      +\-   6.0083227369326295E-002
 precision:   2.0550033752935148E-004
 max=   16394.582490963494     
 min=   0.0000000000000000     
       n_pass,     n_total
      140000      141691
 max=   16394.582490963494     
 min=   0.0000000000000000     
       n_pass,     n_total
      150000      151691
 ITERATION            8 :
   292.17921131953284      +\-   5.5720197940390355E-002
 precision:   1.9070555255710397E-004
 max=   16394.582490963494     
 min=   0.0000000000000000     
       n_pass,     n_total
      160000      162188
 max=   16394.582490963494     
 min=   0.0000000000000000     
       n_pass,     n_total
      170000      172188
 ITERATION            9 :
   292.24656995086127      +\-   6.2160556897788911E-002
 precision:   2.1269901271464255E-004
 max=   16404.300013033615     
 min=   0.0000000000000000     
       n_pass,     n_total
      180000      182797
 max=   16404.300013033615     
 min=   0.0000000000000000     
       n_pass,     n_total
      190000      192797
 ITERATION           10 :
   292.36388734944876      +\-   5.9456805275119061E-002
 precision:   2.0336576385733012E-004
 ====================NCALL=40K ===========================
  
 max=   16404.666942928579     
 min=   0.0000000000000000     
       n_pass,     n_total
      200000      203850
 max=   16404.666942928579     
 min=   0.0000000000000000     
       n_pass,     n_total
      210000      213850
 max=   16404.666942928579     
 min=   0.0000000000000000     
       n_pass,     n_total
      220000      223850
 max=   16404.666942928579     
 min=   0.0000000000000000     
       n_pass,     n_total
      230000      233850
   292.31461495858167      +\-   2.7260014364250133E-002
 precision:   9.3255735325148320E-005
 ====================NCALL=80K ===========================
  
 max=   16404.666942928579     
 min=   0.0000000000000000     
       n_pass,     n_total
      240000      246383
 max=   16404.666942928579     
 min=   0.0000000000000000     
       n_pass,     n_total
      250000      256383
 max=   16404.666942928579     
 min=   0.0000000000000000     
       n_pass,     n_total
      260000      266383
 max=   16404.666942928579     
 min=   0.0000000000000000     
       n_pass,     n_total
      270000      276383
 max=   16404.666942928579     
 min=   0.0000000000000000     
       n_pass,     n_total
      280000      286383
 max=   16404.666942928579     
 min=   0.0000000000000000     
       n_pass,     n_total
      290000      296383
 max=   16404.666942928579     
 min=   0.0000000000000000     
       n_pass,     n_total
      300000      306383
   292.29100835351522      +\-   1.7013253938700006E-002
 precision:   5.8206559396186082E-005
 sigma (pb)                   sd (pb)
   292.29100835351522        1.7013253938700006E-002
