 =======================================================
 |                                                     |
 |         \/\/\/\/\/\___________/\/\/\/\/\/           |
 |                   |     \     |                     |
 |                   |     /     |                     |
 |                   |     \     |                     |
 |         /\/\/\/\/\|_____/_____|/\/\/\/\/\           |
 |                                                     |
 | Light-by-light scattering at next-to-leading order  |
 |                   (VERSION 0.5)                     |
 |                                                     |
 |    Authors:                                         |
 |            Ajjath A.H. (LPTHE Paris)                |
 |            Ekta Chaubey (Bonn)                      |
 |            Mathijs Fraaije (Bern)                   |
 |            Valentin Hirschi (Bern)                  |
 |            Hua-Sheng Shao (LPTHE Paris)             |
 |                                                     |
 |    Please cite                                      |
 |            PLB 851 (2024) 138555 [arXiv:2312.16956] |
 |            JHEP 03 (2024) 121    [arXiv:2312.16966] |
 |                                                     |
 =======================================================
 ---------------------------------------------------
         the cuts in the lab frame                  
 min transverse momentum of photon    0.0000000000000000     
 max (pseudo-)rapidity of photon    5.0000000000000000     
 min (pseudo-)rapidity of photon   -5.0000000000000000     
 min invariant mass of di-photon    0.0000000000000000     
 ---------------------------------------------------
 max=   2102.8223982423710     
 min=   0.0000000000000000     
       n_pass,     n_total
       10000       10000
  
 ====================NCALL=20K===========================
  
 ITERATION            1 :
   83.050425130812769      +\-  0.24202776931668082     
 precision:   2.9142267355701402E-003
 WARNING: outside the range of the grid (xs,xt)=   9.7493071953664501       -9.7488315489858000     
 WARNING: set the 2-loop amplitudes to zero
 WARNING: outside the range of the grid (xs,xt)=   9.4646712802768160       -9.4642095206308934     
 WARNING: set the 2-loop amplitudes to zero
 WARNING: outside the range of the grid (xs,xt)=   4.5569179508538120       -4.5566956292583578     
 WARNING: set the 2-loop amplitudes to zero
 WARNING: outside the range of the grid (xs,xt)=  0.48627377777777780      -0.48625005359330292     
 WARNING: set the 2-loop amplitudes to zero
 WARNING: outside the range of the grid (xs,xt)=   4.8492675900277012E-002  -4.8490310053625772E-002
 WARNING: set the 2-loop amplitudes to zero
 INFO: will suppress the further warning
 max=   2356.5544506787828     
 min=   0.0000000000000000     
       n_pass,     n_total
       20000       20007
 max=   2356.5544506787828     
 min=   0.0000000000000000     
       n_pass,     n_total
       30000       30007
 ITERATION            2 :
   82.746150699210673      +\-   6.4406983695803652E-002
 precision:   7.7836833679343633E-004
 max=   2382.9978501273745     
 min=   0.0000000000000000     
       n_pass,     n_total
       40000       40036
 max=   2382.9978501273745     
 min=   0.0000000000000000     
       n_pass,     n_total
       50000       50036
 ITERATION            3 :
   82.689726548501980      +\-   2.7980208538730175E-002
 precision:   3.3837587456911317E-004
 max=   2392.2063744886937     
 min=   0.0000000000000000     
       n_pass,     n_total
       60000       60122
 max=   2392.2063744886937     
 min=   0.0000000000000000     
       n_pass,     n_total
       70000       70122
 ITERATION            4 :
   82.710606076013420      +\-   2.1387137317868486E-002
 precision:   2.5857793011712542E-004
 max=   2394.2681822746608     
 min=   0.0000000000000000     
       n_pass,     n_total
       80000       80309
 max=   2394.2681822746608     
 min=   0.0000000000000000     
       n_pass,     n_total
       90000       90309
 ITERATION            5 :
   82.692555281094627      +\-   1.7078968802777157E-002
 precision:   2.0653574852924872E-004
 max=   2394.2681822746608     
 min=   0.0000000000000000     
       n_pass,     n_total
      100000      100615
 max=   2394.2681822746608     
 min=   0.0000000000000000     
       n_pass,     n_total
      110000      110615
 ITERATION            6 :
   82.707167611274215      +\-   1.4819954811570349E-002
 precision:   1.7918585824658526E-004
 max=   2394.8817865040960     
 min=   0.0000000000000000     
       n_pass,     n_total
      120000      120902
 max=   2394.8817865040960     
 min=   0.0000000000000000     
       n_pass,     n_total
      130000      130902
 ITERATION            7 :
   82.736010661545663      +\-   1.4197875126192335E-002
 precision:   1.7160454090870583E-004
 max=   2394.8817865040960     
 min=   0.0000000000000000     
       n_pass,     n_total
      140000      141279
 max=   2394.8817865040960     
 min=   0.0000000000000000     
       n_pass,     n_total
      150000      151279
 ITERATION            8 :
   82.690779636888479      +\-   1.4110156914718156E-002
 precision:   1.7063760889277665E-004
 max=   2394.8817865040960     
 min=   0.0000000000000000     
       n_pass,     n_total
      160000      161484
 max=   2394.8817865040960     
 min=   0.0000000000000000     
       n_pass,     n_total
      170000      171484
 ITERATION            9 :
   82.711827196210862      +\-   1.4966159652460939E-002
 precision:   1.8094340507020693E-004
 max=   2398.8880380921960     
 min=   0.0000000000000000     
       n_pass,     n_total
      180000      181875
 max=   2398.8880380921960     
 min=   0.0000000000000000     
       n_pass,     n_total
      190000      191875
 ITERATION           10 :
   82.721304123616662      +\-   1.4827878817471728E-002
 precision:   1.7925102819115756E-004
 ====================NCALL=40K ===========================
  
 max=   2398.8880380921960     
 min=   0.0000000000000000     
       n_pass,     n_total
      200000      202275
 max=   2398.8880380921960     
 min=   0.0000000000000000     
       n_pass,     n_total
      210000      212275
 max=   2398.8880380921960     
 min=   0.0000000000000000     
       n_pass,     n_total
      220000      222275
 max=   2398.8880380921960     
 min=   0.0000000000000000     
       n_pass,     n_total
      230000      232275
   82.718799757010999      +\-   6.6620884768856985E-003
 precision:   8.0538988675558476E-005
 ====================NCALL=80K ===========================
  
 max=   2398.8880380921960     
 min=   0.0000000000000000     
       n_pass,     n_total
      240000      243136
 max=   2398.8880380921960     
 min=   0.0000000000000000     
       n_pass,     n_total
      250000      253136
 max=   2398.8880380921960     
 min=   0.0000000000000000     
       n_pass,     n_total
      260000      263136
 max=   2398.8880380921960     
 min=   0.0000000000000000     
       n_pass,     n_total
      270000      273136
 max=   2398.8880380921960     
 min=   0.0000000000000000     
       n_pass,     n_total
      280000      283136
 max=   2398.8880380921960     
 min=   0.0000000000000000     
       n_pass,     n_total
      290000      293136
 max=   2398.8880380921960     
 min=   0.0000000000000000     
       n_pass,     n_total
      300000      303136
 max=   2398.8880380921960     
 min=   0.0000000000000000     
       n_pass,     n_total
      310000      313136
   82.710455054848936      +\-   3.6734812450406420E-003
 precision:   4.4413747241562087E-005
 sigma (pb)                   sd (pb)
   82.710455054848936        3.6734812450406420E-003
