 =======================================================
 |                                                     |
 |         \/\/\/\/\/\___________/\/\/\/\/\/           |
 |                   |     \     |                     |
 |                   |     /     |                     |
 |                   |     \     |                     |
 |         /\/\/\/\/\|_____/_____|/\/\/\/\/\           |
 |                                                     |
 | Light-by-light scattering at next-to-leading order  |
 |                   (VERSION 0.5)                     |
 |                                                     |
 |    Authors:                                         |
 |            Ajjath A.H. (LPTHE Paris)                |
 |            Ekta Chaubey (Bonn)                      |
 |            Mathijs Fraaije (Bern)                   |
 |            Valentin Hirschi (Bern)                  |
 |            Hua-Sheng Shao (LPTHE Paris)             |
 |                                                     |
 |    Please cite                                      |
 |            PLB 851 (2024) 138555 [arXiv:2312.16956] |
 |            JHEP 03 (2024) 121    [arXiv:2312.16966] |
 |                                                     |
 =======================================================
 ---------------------------------------------------
         the cuts in the lab frame                  
 min transverse momentum of photon    0.0000000000000000     
 max (pseudo-)rapidity of photon    5.0000000000000000     
 min (pseudo-)rapidity of photon   -5.0000000000000000     
 min invariant mass of di-photon    0.0000000000000000     
 ---------------------------------------------------
 max=   11.731771945653843     
 min=   0.0000000000000000     
       n_pass,     n_total
       10000       10000
  
 ====================NCALL=20K===========================
  
 ITERATION            1 :
   2.0769322670313419E-002 +\-   1.5650833442413556E-003
 precision:   7.5355531284532623E-002
 WARNING: outside the range of the grid (xs,xt)=   36000000.000000000       -35998211.566444829     
 WARNING: set the 2-loop amplitudes to zero
 WARNING: outside the range of the grid (xs,xt)=   3590027.7008310249       -3589849.3528864649     
 WARNING: set the 2-loop amplitudes to zero
 WARNING: outside the range of the grid (xs,xt)=   2706.4051588760067       -2706.2707081593389     
 WARNING: set the 2-loop amplitudes to zero
 WARNING: outside the range of the grid (xs,xt)=   25651346.268156644       -25650071.942367718     
 WARNING: set the 2-loop amplitudes to zero
 max=   12.739158938168448     
 min=   0.0000000000000000     
       n_pass,     n_total
       20000       20010
 max=   12.739158938168448     
 min=   0.0000000000000000     
       n_pass,     n_total
       30000       30010
 ITERATION            2 :
   1.9504643084607236E-002 +\-   3.9642954762173540E-004
 precision:   2.0324880896415452E-002
 WARNING: outside the range of the grid (xs,xt)=   36000000.000000000       -35998237.119770490     
 WARNING: set the 2-loop amplitudes to zero
 INFO: will suppress the further warning
 max=   12.930516943815395     
 min=   0.0000000000000000     
       n_pass,     n_total
       40000       40059
 max=   12.930516943815395     
 min=   0.0000000000000000     
       n_pass,     n_total
       50000       50059
 ITERATION            3 :
   1.9683004951805080E-002 +\-   9.6393697132838459E-005
 precision:   4.8973059433182952E-003
 max=   12.930516943815395     
 min=   0.0000000000000000     
       n_pass,     n_total
       60000       60363
 max=   12.930516943815395     
 min=   0.0000000000000000     
       n_pass,     n_total
       70000       70363
 ITERATION            4 :
   1.9582957900552315E-002 +\-   2.6405856556444370E-005
 precision:   1.3484100150008300E-003
 max=   12.940295906600284     
 min=   0.0000000000000000     
       n_pass,     n_total
       80000       81303
 max=   12.940295906600284     
 min=   0.0000000000000000     
       n_pass,     n_total
       90000       91303
 ITERATION            5 :
   1.9589420957597060E-002 +\-   1.5398886337600723E-005
 precision:   7.8608175151950125E-004
 max=   12.940295906600284     
 min=   0.0000000000000000     
       n_pass,     n_total
      100000      102849
 max=   12.940295906600284     
 min=   0.0000000000000000     
       n_pass,     n_total
      110000      112849
 ITERATION            6 :
   1.9579259238865294E-002 +\-   1.3248828564319713E-005
 precision:   6.7667670174265202E-004
 max=   12.940295906600284     
 min=   0.0000000000000000     
       n_pass,     n_total
      120000      124597
 max=   12.940295906600284     
 min=   0.0000000000000000     
       n_pass,     n_total
      130000      134597
 ITERATION            7 :
   1.9605318713846374E-002 +\-   1.2329557741140072E-005
 precision:   6.2888841141012653E-004
 max=   12.940295906600284     
 min=   0.0000000000000000     
       n_pass,     n_total
      140000      147122
 ITERATION            8 :
   1.9577677490418575E-002 +\-   1.1485901723500853E-005
 precision:   5.8668357005687308E-004
 max=   12.940591983327591     
 min=   0.0000000000000000     
       n_pass,     n_total
      150000      158628
 max=   12.940591983327591     
 min=   0.0000000000000000     
       n_pass,     n_total
      160000      168628
 ITERATION            9 :
   1.9587233560230222E-002 +\-   1.1481421844759098E-005
 precision:   5.8616862914581745E-004
 max=   12.940591983327591     
 min=   0.0000000000000000     
       n_pass,     n_total
      170000      180711
 max=   12.940591983327591     
 min=   0.0000000000000000     
       n_pass,     n_total
      180000      190711
 ITERATION           10 :
   1.9605428677040893E-002 +\-   1.1361384300066831E-005
 precision:   5.7950195770887060E-004
 ====================NCALL=40K ===========================
  
 max=   12.940591983327591     
 min=   0.0000000000000000     
       n_pass,     n_total
      190000      203576
 max=   12.940591983327591     
 min=   0.0000000000000000     
       n_pass,     n_total
      200000      213576
 max=   12.940591983327591     
 min=   0.0000000000000000     
       n_pass,     n_total
      210000      223576
 max=   12.940591983327591     
 min=   0.0000000000000000     
       n_pass,     n_total
      220000      233576
   1.9597461882808039E-002 +\-   5.7994867055342631E-006
 precision:   2.9593050060334032E-004
 ====================NCALL=80K ===========================
  
 max=   12.940985327160442     
 min=   0.0000000000000000     
       n_pass,     n_total
      230000      252086
 max=   12.940985327160442     
 min=   0.0000000000000000     
       n_pass,     n_total
      240000      262086
 max=   12.940985327160442     
 min=   0.0000000000000000     
       n_pass,     n_total
      250000      272086
 max=   12.940985327160442     
 min=   0.0000000000000000     
       n_pass,     n_total
      260000      282086
 max=   12.940985327160442     
 min=   0.0000000000000000     
       n_pass,     n_total
      270000      292086
 max=   12.940985327160442     
 min=   0.0000000000000000     
       n_pass,     n_total
      280000      302086
   1.9591701864110453E-002 +\-   2.9509256285261783E-006
 precision:   1.5062119916860848E-004
 sigma (pb)                   sd (pb)
   1.9591701864110453E-002   2.9509256285261783E-006
