 =======================================================
 |                                                     |
 |         \/\/\/\/\/\___________/\/\/\/\/\/           |
 |                   |     \     |                     |
 |                   |     /     |                     |
 |                   |     \     |                     |
 |         /\/\/\/\/\|_____/_____|/\/\/\/\/\           |
 |                                                     |
 | Light-by-light scattering at next-to-leading order  |
 |                   (VERSION 0.5)                     |
 |                                                     |
 |    Authors:                                         |
 |            Ajjath A.H. (LPTHE Paris)                |
 |            Ekta Chaubey (Bonn)                      |
 |            Mathijs Fraaije (Bern)                   |
 |            Valentin Hirschi (Bern)                  |
 |            Hua-Sheng Shao (LPTHE Paris)             |
 |                                                     |
 |    Please cite                                      |
 |            PLB 851 (2024) 138555 [arXiv:2312.16956] |
 |            JHEP 03 (2024) 121    [arXiv:2312.16966] |
 |                                                     |
 =======================================================
 ---------------------------------------------------
         the cuts in the lab frame                  
 min transverse momentum of photon    0.0000000000000000     
 max (pseudo-)rapidity of photon    5.0000000000000000     
 min (pseudo-)rapidity of photon   -5.0000000000000000     
 min invariant mass of di-photon    0.0000000000000000     
 ---------------------------------------------------
 max=   1523484.4829116880     
 min=   0.0000000000000000     
       n_pass,     n_total
       10000       10000
  
 ====================NCALL=20K===========================
  
 ITERATION            1 :
   120131.07196160688      +\-   238.28742842289799     
 precision:   1.9835619921801176E-003
 max=   1529677.5877532100     
 min=   0.0000000000000000     
       n_pass,     n_total
       20000       20007
 max=   1529677.5877532100     
 min=   0.0000000000000000     
       n_pass,     n_total
       30000       30007
 ITERATION            2 :
   119641.60675407089      +\-   43.581134309342964     
 precision:   3.6426403399050040E-004
 WARNING: outside the range of the grid (xs,xt)=   747.39641775268944       -747.36034759673714     
 WARNING: set the 2-loop amplitudes to zero
 WARNING: outside the range of the grid (xs,xt)=   1.5176327961454357E-002  -1.5175595535524354E-002
 WARNING: set the 2-loop amplitudes to zero
 max=   1539428.7533693823     
 min=   0.0000000000000000     
       n_pass,     n_total
       40000       40030
 max=   1539428.7533693823     
 min=   0.0000000000000000     
       n_pass,     n_total
       50000       50030
 WARNING: outside the range of the grid (xs,xt)=   747.39641775268944       -3.4888588790713423E-002
 WARNING: set the 2-loop amplitudes to zero
 WARNING: outside the range of the grid (xs,xt)=   1.5176327961454357E-002  -7.0843350733772216E-007
 WARNING: set the 2-loop amplitudes to zero
 WARNING: outside the range of the grid (xs,xt)=   747.39641775268944       -3.6095992380031028E-002
 WARNING: set the 2-loop amplitudes to zero
 INFO: will suppress the further warning
 ITERATION            3 :
   119593.19646498274      +\-   32.391349543845749     
 precision:   2.7084608908609645E-004
 max=   1541583.2081239140     
 min=   0.0000000000000000     
       n_pass,     n_total
       60000       60082
 max=   1541583.2081239140     
 min=   0.0000000000000000     
       n_pass,     n_total
       70000       70082
 ITERATION            4 :
   119592.88022423252      +\-   27.608017462031913     
 precision:   2.3085000888236687E-004
 max=   1545918.2227024557     
 min=   0.0000000000000000     
       n_pass,     n_total
       80000       80164
 max=   1545918.2227024557     
 min=   0.0000000000000000     
       n_pass,     n_total
       90000       90164
 ITERATION            5 :
   119598.92239514140      +\-   24.534079585936883     
 precision:   2.0513629299166294E-004
 max=   1545918.2227024557     
 min=   0.0000000000000000     
       n_pass,     n_total
      100000      100288
 max=   1545918.2227024557     
 min=   0.0000000000000000     
       n_pass,     n_total
      110000      110288
 ITERATION            6 :
   119586.98854015302      +\-   23.374728881588176     
 precision:   1.9546214155012173E-004
 max=   1545918.2227024557     
 min=   0.0000000000000000     
       n_pass,     n_total
      120000      120423
 max=   1545918.2227024557     
 min=   0.0000000000000000     
       n_pass,     n_total
      130000      130423
 ITERATION            7 :
   119638.83920673367      +\-   22.534930952828830     
 precision:   1.8835798727442427E-004
 max=   1545918.2227024557     
 min=   0.0000000000000000     
       n_pass,     n_total
      140000      140579
 max=   1545918.2227024557     
 min=   0.0000000000000000     
       n_pass,     n_total
      150000      150579
 ITERATION            8 :
   119559.95557415056      +\-   22.095876179622564     
 precision:   1.8481000660726073E-004
 max=   1545918.2227024557     
 min=   0.0000000000000000     
       n_pass,     n_total
      160000      160752
 max=   1545918.2227024557     
 min=   0.0000000000000000     
       n_pass,     n_total
      170000      170752
 ITERATION            9 :
   119595.60402422160      +\-   21.617174798556597     
 precision:   1.8075225235016573E-004
 max=   1545918.2227024557     
 min=   0.0000000000000000     
       n_pass,     n_total
      180000      180940
 max=   1545918.2227024557     
 min=   0.0000000000000000     
       n_pass,     n_total
      190000      190940
 ITERATION           10 :
   119617.56096213988      +\-   21.701946838973576     
 precision:   1.8142776582647806E-004
 ====================NCALL=40K ===========================
  
 max=   1545918.2227024557     
 min=   0.0000000000000000     
       n_pass,     n_total
      200000      201237
 max=   1545918.2227024557     
 min=   0.0000000000000000     
       n_pass,     n_total
      210000      211237
 max=   1545918.2227024557     
 min=   0.0000000000000000     
       n_pass,     n_total
      220000      221237
 max=   1545918.2227024557     
 min=   0.0000000000000000     
       n_pass,     n_total
      230000      231237
   119615.70560545198      +\-   10.669356937188219     
 precision:   8.9196956897789838E-005
 ====================NCALL=80K ===========================
  
 max=   1545918.2227024557     
 min=   0.0000000000000000     
       n_pass,     n_total
      240000      241802
 max=   1545918.2227024557     
 min=   0.0000000000000000     
       n_pass,     n_total
      250000      251802
 max=   1545918.2227024557     
 min=   0.0000000000000000     
       n_pass,     n_total
      260000      261802
 max=   1545918.2227024557     
 min=   0.0000000000000000     
       n_pass,     n_total
      270000      271802
 max=   1545918.2227024557     
 min=   0.0000000000000000     
       n_pass,     n_total
      280000      281802
 max=   1545918.2227024557     
 min=   0.0000000000000000     
       n_pass,     n_total
      290000      291802
 max=   1545918.2227024557     
 min=   0.0000000000000000     
       n_pass,     n_total
      300000      301802
 max=   1545918.2227024557     
 min=   0.0000000000000000     
       n_pass,     n_total
      310000      311802
   119600.68601618068      +\-   4.9067753008062018     
 precision:   4.1026314014138412E-005
 sigma (pb)                   sd (pb)
   119600.68601618068        4.9067753008062018     
