 =======================================================
 |                                                     |
 |         \/\/\/\/\/\___________/\/\/\/\/\/           |
 |                   |     \     |                     |
 |                   |     /     |                     |
 |                   |     \     |                     |
 |         /\/\/\/\/\|_____/_____|/\/\/\/\/\           |
 |                                                     |
 | Light-by-light scattering at next-to-leading order  |
 |                   (VERSION 0.5)                     |
 |                                                     |
 |    Authors:                                         |
 |            Ajjath A.H. (LPTHE Paris)                |
 |            Ekta Chaubey (Bonn)                      |
 |            Mathijs Fraaije (Bern)                   |
 |            Valentin Hirschi (Bern)                  |
 |            Hua-Sheng Shao (LPTHE Paris)             |
 |                                                     |
 |    Please cite                                      |
 |            PLB 851 (2024) 138555 [arXiv:2312.16956] |
 |            JHEP 03 (2024) 121    [arXiv:2312.16966] |
 |                                                     |
 =======================================================
 ---------------------------------------------------
         the cuts in the lab frame                  
 min transverse momentum of photon    0.0000000000000000     
 max (pseudo-)rapidity of photon    5.0000000000000000     
 min (pseudo-)rapidity of photon   -5.0000000000000000     
 min invariant mass of di-photon    0.0000000000000000     
 ---------------------------------------------------
 max=   3465.1721545139339     
 min=   0.0000000000000000     
       n_pass,     n_total
       10000       10000
  
 ====================NCALL=20K===========================
  
 ITERATION            1 :
   114.14665530670872      +\-  0.40037423678881823     
 precision:   3.5075424305077039E-003
 WARNING: outside the range of the grid (xs,xt)=   5.2420494542214300       -5.2418002268831065     
 WARNING: set the 2-loop amplitudes to zero
 WARNING: outside the range of the grid (xs,xt)=   5.0890051903114184       -5.0887632392902828     
 WARNING: set the 2-loop amplitudes to zero
 WARNING: outside the range of the grid (xs,xt)=   2.4501832569762603       -2.4500667657724149     
 WARNING: set the 2-loop amplitudes to zero
 WARNING: outside the range of the grid (xs,xt)=  0.26146177777777779      -0.26144934687198079     
 WARNING: set the 2-loop amplitudes to zero
 WARNING: outside the range of the grid (xs,xt)=   2.6073750692520780E-002  -2.6072511045405287E-002
 WARNING: set the 2-loop amplitudes to zero
 INFO: will suppress the further warning
 max=   3947.9604645324584     
 min=   0.0000000000000000     
       n_pass,     n_total
       20000       20007
 max=   3947.9604645324584     
 min=   0.0000000000000000     
       n_pass,     n_total
       30000       30007
 ITERATION            2 :
   113.67996537649438      +\-  0.10770642767458657     
 precision:   9.4745303024922490E-004
 max=   3985.9180440805194     
 min=   0.0000000000000000     
       n_pass,     n_total
       40000       40038
 max=   3985.9180440805194     
 min=   0.0000000000000000     
       n_pass,     n_total
       50000       50038
 ITERATION            3 :
   113.57599749411608      +\-   4.3414055907401577E-002
 precision:   3.8224674988789498E-004
 max=   3985.9180440805194     
 min=   0.0000000000000000     
       n_pass,     n_total
       60000       60138
 max=   3985.9180440805194     
 min=   0.0000000000000000     
       n_pass,     n_total
       70000       70138
 ITERATION            4 :
   113.60286491733106      +\-   3.1438425531536911E-002
 precision:   2.7673972442873414E-004
 max=   4005.8899875587163     
 min=   0.0000000000000000     
       n_pass,     n_total
       80000       80353
 max=   4005.8899875587163     
 min=   0.0000000000000000     
       n_pass,     n_total
       90000       90353
 ITERATION            5 :
   113.59535571841211      +\-   2.4461319014812067E-002
 precision:   2.1533731603824057E-004
 max=   4005.8899875587163     
 min=   0.0000000000000000     
       n_pass,     n_total
      100000      100702
 max=   4005.8899875587163     
 min=   0.0000000000000000     
       n_pass,     n_total
      110000      110702
 ITERATION            6 :
   113.61370730558878      +\-   2.0659231697570342E-002
 precision:   1.8183749291802304E-004
 max=   4005.8899875587163     
 min=   0.0000000000000000     
       n_pass,     n_total
      120000      120975
 max=   4005.8899875587163     
 min=   0.0000000000000000     
       n_pass,     n_total
      130000      130975
 ITERATION            7 :
   113.66391832173151      +\-   2.0786094021979659E-002
 precision:   1.8287328405434310E-004
 max=   4005.8899875587163     
 min=   0.0000000000000000     
       n_pass,     n_total
      140000      141405
 max=   4005.8899875587163     
 min=   0.0000000000000000     
       n_pass,     n_total
      150000      151405
 ITERATION            8 :
   113.59287118035932      +\-   2.1450267570158620E-002
 precision:   1.8883462797679033E-004
 max=   4005.8899875587163     
 min=   0.0000000000000000     
       n_pass,     n_total
      160000      161690
 max=   4005.8899875587163     
 min=   0.0000000000000000     
       n_pass,     n_total
      170000      171690
 ITERATION            9 :
   113.61888569411119      +\-   1.9845862090203014E-002
 precision:   1.7467045173839103E-004
 max=   4009.6721161470332     
 min=   0.0000000000000000     
       n_pass,     n_total
      180000      182107
 max=   4009.6721161470332     
 min=   0.0000000000000000     
       n_pass,     n_total
      190000      192107
 ITERATION           10 :
   113.64885146200743      +\-   1.8944527506134127E-002
 precision:   1.6669352362498130E-004
 ====================NCALL=40K ===========================
  
 max=   4009.6721161470332     
 min=   0.0000000000000000     
       n_pass,     n_total
      200000      202480
 max=   4009.6721161470332     
 min=   0.0000000000000000     
       n_pass,     n_total
      210000      212480
 max=   4009.6721161470332     
 min=   0.0000000000000000     
       n_pass,     n_total
      220000      222480
 max=   4009.6721161470332     
 min=   0.0000000000000000     
       n_pass,     n_total
      230000      232480
   113.62612907102633      +\-   1.1069897408565305E-002
 precision:   9.7423871595992204E-005
 ====================NCALL=80K ===========================
  
 max=   4009.6721161470332     
 min=   0.0000000000000000     
       n_pass,     n_total
      240000      244004
 max=   4009.6721161470332     
 min=   0.0000000000000000     
       n_pass,     n_total
      250000      254004
 max=   4009.6721161470332     
 min=   0.0000000000000000     
       n_pass,     n_total
      260000      264004
 max=   4009.6721161470332     
 min=   0.0000000000000000     
       n_pass,     n_total
      270000      274004
 max=   4009.6721161470332     
 min=   0.0000000000000000     
       n_pass,     n_total
      280000      284004
 max=   4009.6721161470332     
 min=   0.0000000000000000     
       n_pass,     n_total
      290000      294004
 max=   4009.6721161470332     
 min=   0.0000000000000000     
       n_pass,     n_total
      300000      304004
 max=   4009.6721161470332     
 min=   0.0000000000000000     
       n_pass,     n_total
      310000      314004
   113.62376621953349      +\-   5.0814952062511777E-003
 precision:   4.4722115586568179E-005
 sigma (pb)                   sd (pb)
   113.62376621953349        5.0814952062511777E-003
