 =======================================================
 |                                                     |
 |         \/\/\/\/\/\___________/\/\/\/\/\/           |
 |                   |     \     |                     |
 |                   |     /     |                     |
 |                   |     \     |                     |
 |         /\/\/\/\/\|_____/_____|/\/\/\/\/\           |
 |                                                     |
 | Light-by-light scattering at next-to-leading order  |
 |                   (VERSION 0.5)                     |
 |                                                     |
 |    Authors:                                         |
 |            Ajjath A.H. (LPTHE Paris)                |
 |            Ekta Chaubey (Bonn)                      |
 |            Mathijs Fraaije (Bern)                   |
 |            Valentin Hirschi (Bern)                  |
 |            Hua-Sheng Shao (LPTHE Paris)             |
 |                                                     |
 |    Please cite                                      |
 |            PLB 851 (2024) 138555 [arXiv:2312.16956] |
 |            JHEP 03 (2024) 121    [arXiv:2312.16966] |
 |                                                     |
 =======================================================
 ---------------------------------------------------
         the cuts in the lab frame                  
 min transverse momentum of photon    0.0000000000000000     
 max (pseudo-)rapidity of photon    5.0000000000000000     
 min (pseudo-)rapidity of photon   -5.0000000000000000     
 min invariant mass of di-photon    0.0000000000000000     
 ---------------------------------------------------
 WARNING: outside the range of the grid (xs,xt)=   3.4341758506055315       -3.4341758162894971     
 WARNING: set the 2-loop amplitudes to zero
 WARNING: outside the range of the grid (xs,xt)=   3.4342066689345789       -3.4342066346182363     
 WARNING: set the 2-loop amplitudes to zero
 max=   1795396119336906.5     
 min=   0.0000000000000000     
       n_pass,     n_total
       10000       10000
  
 ====================NCALL=20K===========================
  
 ITERATION            1 :
   164244313429.74200      +\-   116907802603.87213     
 precision:  0.71179208681633421     
 WARNING: outside the range of the grid (xs,xt)=   3.4341873616365035       -3.4341873273203540     
 WARNING: set the 2-loop amplitudes to zero
 WARNING: outside the range of the grid (xs,xt)=   3.4341901590224739       -3.4341901247062960     
 WARNING: set the 2-loop amplitudes to zero
 WARNING: outside the range of the grid (xs,xt)=   3.4342309154923600       -3.4342308811757758     
 WARNING: set the 2-loop amplitudes to zero
 INFO: will suppress the further warning
 max=   4227036076085381.5     
 min=   0.0000000000000000     
       n_pass,     n_total
       20000       20017
 max=   4227036076085381.5     
 min=   0.0000000000000000     
       n_pass,     n_total
       30000       30017
 ITERATION            2 :
   113358046055.48480      +\-   90346479046.932434     
 precision:  0.79700102631189484     
 max=   4633039464496177.0     
 min=   0.0000000000000000     
       n_pass,     n_total
       40000       40290
 max=   4633039464496177.0     
 min=   0.0000000000000000     
       n_pass,     n_total
       50000       50290
 ITERATION            3 :
   115627835974.89264      +\-   7899808206.0988121     
 precision:   6.8320989833401125E-002
 max=   4650045244444215.0     
 min=   0.0000000000000000     
       n_pass,     n_total
       60000       64698
 max=   4650045244444215.0     
 min=   0.0000000000000000     
       n_pass,     n_total
       70000       74698
 ITERATION            4 :
   125040659934.63583      +\-   316056927.19028550     
 precision:   2.5276332303068630E-003
 max=   4650679782964471.0     
 min=   0.0000000000000000     
       n_pass,     n_total
       80000       91100
 ITERATION            5 :
   125337016965.98033      +\-   75958904.249307424     
 precision:   6.0603727524426892E-004
 max=   4651005497922118.0     
 min=   0.0000000000000000     
       n_pass,     n_total
       90000      104185
 max=   4651005497922118.0     
 min=   0.0000000000000000     
       n_pass,     n_total
      100000      114185
 ITERATION            6 :
   125190291888.06711      +\-   27630754.724407811     
 precision:   2.2071004314865345E-004
 max=   4651005497922118.0     
 min=   0.0000000000000000     
       n_pass,     n_total
      110000      125852
 max=   4651005497922118.0     
 min=   0.0000000000000000     
       n_pass,     n_total
      120000      135852
 ITERATION            7 :
   125178973833.88536      +\-   14853008.179318290     
 precision:   1.1865417749013094E-004
 max=   4651024273811420.0     
 min=   0.0000000000000000     
       n_pass,     n_total
      130000      147471
 ITERATION            8 :
   125194555804.65511      +\-   10380945.796489064     
 precision:   8.2918508155312853E-005
 max=   4651027253647529.0     
 min=   0.0000000000000000     
       n_pass,     n_total
      140000      158633
 max=   4651027253647529.0     
 min=   0.0000000000000000     
       n_pass,     n_total
      150000      168633
 ITERATION            9 :
   125176412315.88768      +\-   8158079.0433591008     
 precision:   6.5172654275885957E-005
 max=   4651027621097426.0     
 min=   0.0000000000000000     
       n_pass,     n_total
      160000      179943
 max=   4651027621097426.0     
 min=   0.0000000000000000     
       n_pass,     n_total
      170000      189943
 ITERATION           10 :
   125183503603.22966      +\-   7926482.9501399007     
 precision:   6.3318909616581472E-005
 ====================NCALL=40K ===========================
  
 max=   4651027621097426.0     
 min=   0.0000000000000000     
       n_pass,     n_total
      180000      202460
 max=   4651027621097426.0     
 min=   0.0000000000000000     
       n_pass,     n_total
      190000      212460
 max=   4651027621097426.0     
 min=   0.0000000000000000     
       n_pass,     n_total
      200000      222460
 max=   4651027621097426.0     
 min=   0.0000000000000000     
       n_pass,     n_total
      210000      232460
   125203165353.33714      +\-   32875206.564431861     
 precision:   2.6257488356348183E-004
 ====================NCALL=80K ===========================
  
 max=   4651027621097426.0     
 min=   0.0000000000000000     
       n_pass,     n_total
      220000      266189
 max=   4651027621097426.0     
 min=   0.0000000000000000     
       n_pass,     n_total
      230000      276189
 max=   4651027621097426.0     
 min=   0.0000000000000000     
       n_pass,     n_total
      240000      286189
 max=   4651027621097426.0     
 min=   0.0000000000000000     
       n_pass,     n_total
      250000      296189
 max=   4651027621097426.0     
 min=   0.0000000000000000     
       n_pass,     n_total
      260000      306189
   125151236233.14894      +\-   6160452.1331966780     
 precision:   4.9224061372595159E-005
 sigma (pb)                   sd (pb)
   125151236233.14894        6160452.1331966780     
