 =======================================================
 |                                                     |
 |         \/\/\/\/\/\___________/\/\/\/\/\/           |
 |                   |     \     |                     |
 |                   |     /     |                     |
 |                   |     \     |                     |
 |         /\/\/\/\/\|_____/_____|/\/\/\/\/\           |
 |                                                     |
 | Light-by-light scattering at next-to-leading order  |
 |                   (VERSION 0.5)                     |
 |                                                     |
 |    Authors:                                         |
 |            Ajjath A.H. (LPTHE Paris)                |
 |            Ekta Chaubey (Bonn)                      |
 |            Mathijs Fraaije (Bern)                   |
 |            Valentin Hirschi (Bern)                  |
 |            Hua-Sheng Shao (LPTHE Paris)             |
 |                                                     |
 |    Please cite                                      |
 |            PLB 851 (2024) 138555 [arXiv:2312.16956] |
 |            JHEP 03 (2024) 121    [arXiv:2312.16966] |
 |                                                     |
 =======================================================
 ---------------------------------------------------
         the cuts in the lab frame                  
 min transverse momentum of photon    0.0000000000000000     
 max (pseudo-)rapidity of photon    5.0000000000000000     
 min (pseudo-)rapidity of photon   -5.0000000000000000     
 min invariant mass of di-photon    0.0000000000000000     
 ---------------------------------------------------
 max=   1.2698270592616078E-003
 min=   0.0000000000000000     
       n_pass,     n_total
       10000       10000
  
 ====================NCALL=20K===========================
  
 ITERATION            1 :
   8.7019973995841517E-004 +\-   1.8242855951195829E-007
 precision:   2.0963986902670890E-004
 max=   1.2698270592616078E-003
 min=   0.0000000000000000     
       n_pass,     n_total
       20000       20002
 max=   1.2698270592616078E-003
 min=   0.0000000000000000     
       n_pass,     n_total
       30000       30002
 ITERATION            2 :
   8.7015806449806628E-004 +\-   8.2531692844942650E-008
 precision:   9.4846782684878585E-005
 max=   1.2698618640198218E-003
 min=   0.0000000000000000     
       n_pass,     n_total
       40000       40011
 max=   1.2698618640198218E-003
 min=   0.0000000000000000     
       n_pass,     n_total
       50000       50011
 ITERATION            3 :
   8.7011623800939907E-004 +\-   6.6543823980570137E-008
 precision:   7.6476936153731823E-005
 max=   1.2699621325042009E-003
 min=   0.0000000000000000     
       n_pass,     n_total
       60000       60029
 max=   1.2699621325042009E-003
 min=   0.0000000000000000     
       n_pass,     n_total
       70000       70029
 ITERATION            4 :
   8.7013711267519534E-004 +\-   5.4182182419925087E-008
 precision:   6.2268557024702155E-005
 max=   1.2699675114899852E-003
 min=   0.0000000000000000     
       n_pass,     n_total
       80000       80047
 max=   1.2699675114899852E-003
 min=   0.0000000000000000     
       n_pass,     n_total
       90000       90047
 ITERATION            5 :
   8.7015506701609120E-004 +\-   5.0938528480679814E-008
 precision:   5.8539598758364575E-005
 max=   1.2699675114899852E-003
 min=   0.0000000000000000     
       n_pass,     n_total
      100000      100070
 max=   1.2699675114899852E-003
 min=   0.0000000000000000     
       n_pass,     n_total
      110000      110070
 ITERATION            6 :
   8.7015885749900680E-004 +\-   4.9580483526963830E-008
 precision:   5.6978657517165391E-005
 max=   1.2699675114899852E-003
 min=   0.0000000000000000     
       n_pass,     n_total
      120000      120090
 max=   1.2699675114899852E-003
 min=   0.0000000000000000     
       n_pass,     n_total
      130000      130090
 ITERATION            7 :
   8.7025731929996596E-004 +\-   4.4377938097146595E-008
 precision:   5.0994041777027692E-005
 max=   1.2699675114899852E-003
 min=   0.0000000000000000     
       n_pass,     n_total
      140000      140115
 max=   1.2699675114899852E-003
 min=   0.0000000000000000     
       n_pass,     n_total
      150000      150115
 ITERATION            8 :
   8.7010941231325481E-004 +\-   5.6650232780532260E-008
 precision:   6.5107022150149064E-005
 max=   1.2699675114899852E-003
 min=   0.0000000000000000     
       n_pass,     n_total
      160000      160148
 max=   1.2699675114899852E-003
 min=   0.0000000000000000     
       n_pass,     n_total
      170000      170148
 ITERATION            9 :
   8.7017933644629054E-004 +\-   4.9934041438145982E-008
 precision:   5.7383621222345615E-005
 max=   1.2699675114899852E-003
 min=   0.0000000000000000     
       n_pass,     n_total
      180000      180170
 max=   1.2699675114899852E-003
 min=   0.0000000000000000     
       n_pass,     n_total
      190000      190170
 ITERATION           10 :
   8.7015994766102541E-004 +\-   4.6154214468291985E-008
 precision:   5.3041069739366540E-005
 ====================NCALL=40K ===========================
  
 max=   1.2699675161109826E-003
 min=   0.0000000000000000     
       n_pass,     n_total
      200000      200216
 max=   1.2699675161109826E-003
 min=   0.0000000000000000     
       n_pass,     n_total
      210000      210216
 max=   1.2699675161109826E-003
 min=   0.0000000000000000     
       n_pass,     n_total
      220000      220216
 max=   1.2699675161109826E-003
 min=   0.0000000000000000     
       n_pass,     n_total
      230000      230216
   8.7019447611284871E-004 +\-   2.4133998258302898E-008
 precision:   2.7734028335952283E-005
 ====================NCALL=80K ===========================
  
 max=   1.2699675161109826E-003
 min=   0.0000000000000000     
       n_pass,     n_total
      240000      240350
 max=   1.2699675161109826E-003
 min=   0.0000000000000000     
       n_pass,     n_total
      250000      250350
 max=   1.2699675161109826E-003
 min=   0.0000000000000000     
       n_pass,     n_total
      260000      260350
 max=   1.2699675161109826E-003
 min=   0.0000000000000000     
       n_pass,     n_total
      270000      270350
 max=   1.2699675161109826E-003
 min=   0.0000000000000000     
       n_pass,     n_total
      280000      280350
 max=   1.2699675161109826E-003
 min=   0.0000000000000000     
       n_pass,     n_total
      290000      290350
 max=   1.2699675161109826E-003
 min=   0.0000000000000000     
       n_pass,     n_total
      300000      300350
 max=   1.2699675161109826E-003
 min=   0.0000000000000000     
       n_pass,     n_total
      310000      310350
   8.7020363037220328E-004 +\-   2.3528803785748501E-008
 precision:   2.7038273531086932E-005
 sigma (pb)                   sd (pb)
   8.7020363037220328E-004   2.3528803785748501E-008
