 =======================================================
 |                                                     |
 |         \/\/\/\/\/\___________/\/\/\/\/\/           |
 |                   |     \     |                     |
 |                   |     /     |                     |
 |                   |     \     |                     |
 |         /\/\/\/\/\|_____/_____|/\/\/\/\/\           |
 |                                                     |
 | Light-by-light scattering at next-to-leading order  |
 |                   (VERSION 0.5)                     |
 |                                                     |
 |    Authors:                                         |
 |            Ajjath A.H. (LPTHE Paris)                |
 |            Ekta Chaubey (Bonn)                      |
 |            Mathijs Fraaije (Bern)                   |
 |            Valentin Hirschi (Bern)                  |
 |            Hua-Sheng Shao (LPTHE Paris)             |
 |                                                     |
 |    Please cite                                      |
 |            PLB 851 (2024) 138555 [arXiv:2312.16956] |
 |            JHEP 03 (2024) 121    [arXiv:2312.16966] |
 |                                                     |
 =======================================================
 ---------------------------------------------------
         the cuts in the lab frame                  
 min transverse momentum of photon    0.0000000000000000     
 max (pseudo-)rapidity of photon    5.0000000000000000     
 min (pseudo-)rapidity of photon   -5.0000000000000000     
 min invariant mass of di-photon    0.0000000000000000     
 ---------------------------------------------------
 max=   5.2725259636319651E-007
 min=   0.0000000000000000     
       n_pass,     n_total
       10000       10000
  
 ====================NCALL=20K===========================
  
 ITERATION            1 :
   3.4850774995325541E-007 +\-   8.8552329189273248E-010
 precision:   2.5408998566359164E-003
 max=   2.4032165445572270E-006
 min=   0.0000000000000000     
       n_pass,     n_total
       20000       20001
 max=   2.4032165445572270E-006
 min=   0.0000000000000000     
       n_pass,     n_total
       30000       30001
 ITERATION            2 :
   3.4660130484307038E-007 +\-   4.9955861338891160E-010
 precision:   1.4413062109362089E-003
 max=   2.4032455679023225E-006
 min=   0.0000000000000000     
       n_pass,     n_total
       40000       40002
 max=   2.4032455679023225E-006
 min=   0.0000000000000000     
       n_pass,     n_total
       50000       50002
 ITERATION            3 :
   3.4714978591206046E-007 +\-   5.1896850634523533E-010
 precision:   1.4949411677779338E-003
 max=   2.4032455679023225E-006
 min=   0.0000000000000000     
       n_pass,     n_total
       60000       60002
 max=   2.4032455679023225E-006
 min=   0.0000000000000000     
       n_pass,     n_total
       70000       70002
 ITERATION            4 :
   3.4662362274258111E-007 +\-   4.1858089881163247E-010
 precision:   1.2075948416316975E-003
 max=   2.4032455679023225E-006
 min=   0.0000000000000000     
       n_pass,     n_total
       80000       80003
 max=   2.4032455679023225E-006
 min=   0.0000000000000000     
       n_pass,     n_total
       90000       90003
 ITERATION            5 :
   3.4614279870612704E-007 +\-   4.6618364580647736E-010
 precision:   1.3467957373345912E-003
 max=   2.4032455679023225E-006
 min=   0.0000000000000000     
       n_pass,     n_total
      100000      100004
 max=   2.4032455679023225E-006
 min=   0.0000000000000000     
       n_pass,     n_total
      110000      110004
 ITERATION            6 :
   3.4678726988017892E-007 +\-   4.5210412963945995E-010
 precision:   1.3036929809899591E-003
 max=   2.4032455679023225E-006
 min=   0.0000000000000000     
       n_pass,     n_total
      120000      120007
 max=   2.4032455679023225E-006
 min=   0.0000000000000000     
       n_pass,     n_total
      130000      130007
 ITERATION            7 :
   3.4692948420658549E-007 +\-   4.9903403657483894E-010
 precision:   1.4384307454182246E-003
 max=   2.4032455679023225E-006
 min=   0.0000000000000000     
       n_pass,     n_total
      140000      140009
 max=   2.4032455679023225E-006
 min=   0.0000000000000000     
       n_pass,     n_total
      150000      150009
 ITERATION            8 :
   3.4656860779155641E-007 +\-   5.4472316876502732E-010
 precision:   1.5717614247758151E-003
 max=   2.4032455679023225E-006
 min=   0.0000000000000000     
       n_pass,     n_total
      160000      160013
 max=   2.4032455679023225E-006
 min=   0.0000000000000000     
       n_pass,     n_total
      170000      170013
 ITERATION            9 :
   3.4645567801598376E-007 +\-   4.3414366377642705E-010
 precision:   1.2531001548671337E-003
 max=   2.4032455679023225E-006
 min=   0.0000000000000000     
       n_pass,     n_total
      180000      180013
 max=   2.4032455679023225E-006
 min=   0.0000000000000000     
       n_pass,     n_total
      190000      190013
 ITERATION           10 :
   3.4769807239273605E-007 +\-   9.1410987325088950E-010
 precision:   2.6290334799969018E-003
 ====================NCALL=40K ===========================
  
 max=   2.4032455679023225E-006
 min=   0.0000000000000000     
       n_pass,     n_total
      200000      200014
 max=   2.4032455679023225E-006
 min=   0.0000000000000000     
       n_pass,     n_total
      210000      210014
 max=   2.4032455679023225E-006
 min=   0.0000000000000000     
       n_pass,     n_total
      220000      220014
 max=   2.4032455679023225E-006
 min=   0.0000000000000000     
       n_pass,     n_total
      230000      230014
   3.4677798729560072E-007 +\-   3.3759168508436087E-010
 precision:   9.7350955785031055E-004
 ====================NCALL=80K ===========================
  
 max=   2.4032455679023225E-006
 min=   0.0000000000000000     
       n_pass,     n_total
      240000      240026
 max=   2.4032455679023225E-006
 min=   0.0000000000000000     
       n_pass,     n_total
      250000      250026
 max=   2.4032455679023225E-006
 min=   0.0000000000000000     
       n_pass,     n_total
      260000      260026
 max=   2.4032455679023225E-006
 min=   0.0000000000000000     
       n_pass,     n_total
      270000      270026
 max=   2.4032455679023225E-006
 min=   0.0000000000000000     
       n_pass,     n_total
      280000      280026
 max=   2.4032455679023225E-006
 min=   0.0000000000000000     
       n_pass,     n_total
      290000      290026
 max=   2.4032455679023225E-006
 min=   0.0000000000000000     
       n_pass,     n_total
      300000      300026
 max=   2.4033848619140838E-006
 min=   0.0000000000000000     
       n_pass,     n_total
      310000      310026
   3.4685475433137109E-007 +\-   1.8638672507509459E-010
 precision:   5.3736246295481998E-004
 sigma (pb)                   sd (pb)
   3.4685475433137109E-007   1.8638672507509459E-010
