 =======================================================
 |                                                     |
 |         \/\/\/\/\/\___________/\/\/\/\/\/           |
 |                   |     \     |                     |
 |                   |     /     |                     |
 |                   |     \     |                     |
 |         /\/\/\/\/\|_____/_____|/\/\/\/\/\           |
 |                                                     |
 | Light-by-light scattering at next-to-leading order  |
 |                   (VERSION 0.5)                     |
 |                                                     |
 |    Authors:                                         |
 |            Ajjath A.H. (LPTHE Paris)                |
 |            Ekta Chaubey (Bonn)                      |
 |            Mathijs Fraaije (Bern)                   |
 |            Valentin Hirschi (Bern)                  |
 |            Hua-Sheng Shao (LPTHE Paris)             |
 |                                                     |
 |    Please cite                                      |
 |            PLB 851 (2024) 138555 [arXiv:2312.16956] |
 |            JHEP 03 (2024) 121    [arXiv:2312.16966] |
 |                                                     |
 =======================================================
 ---------------------------------------------------
         the cuts in the lab frame                  
 min transverse momentum of photon    0.0000000000000000     
 max (pseudo-)rapidity of photon    5.0000000000000000     
 min (pseudo-)rapidity of photon   -5.0000000000000000     
 min invariant mass of di-photon    0.0000000000000000     
 ---------------------------------------------------
 max=   4.0777330109144382E-006
 min=   0.0000000000000000     
       n_pass,     n_total
       10000       10000
  
 ====================NCALL=20K===========================
  
 ITERATION            1 :
   1.7982077088527862E-006 +\-   1.0454831547688707E-009
 precision:   5.8140288778756499E-004
 max=   4.0777330109144382E-006
 min=   0.0000000000000000     
       n_pass,     n_total
       20000       20001
 max=   4.0777330109144382E-006
 min=   0.0000000000000000     
       n_pass,     n_total
       30000       30001
 ITERATION            2 :
   1.7987518532528020E-006 +\-   5.5268773462480723E-010
 precision:   3.0726180135706070E-004
 max=   4.0781817240693893E-006
 min=   0.0000000000000000     
       n_pass,     n_total
       40000       40001
 max=   4.0781817240693893E-006
 min=   0.0000000000000000     
       n_pass,     n_total
       50000       50001
 ITERATION            3 :
   1.7986526046692054E-006 +\-   3.7009441926475597E-010
 precision:   2.0576203448292946E-004
 max=   4.0781817240693893E-006
 min=   0.0000000000000000     
       n_pass,     n_total
       60000       60002
 max=   4.0781817240693893E-006
 min=   0.0000000000000000     
       n_pass,     n_total
       70000       70002
 ITERATION            4 :
   1.7982816609890579E-006 +\-   3.2771153118340019E-010
 precision:   1.8223593016188482E-004
 max=   4.0781817240693893E-006
 min=   0.0000000000000000     
       n_pass,     n_total
       80000       80004
 max=   4.0781817240693893E-006
 min=   0.0000000000000000     
       n_pass,     n_total
       90000       90004
 ITERATION            5 :
   1.7983806909734819E-006 +\-   4.3357615186780270E-010
 precision:   2.4109253065495464E-004
 max=   4.0781817240693893E-006
 min=   0.0000000000000000     
       n_pass,     n_total
      100000      100006
 max=   4.0781817240693893E-006
 min=   0.0000000000000000     
       n_pass,     n_total
      110000      110006
 ITERATION            6 :
   1.7984320417823191E-006 +\-   3.6392019882533444E-010
 precision:   2.0235415649327219E-004
 max=   4.0781817240693893E-006
 min=   0.0000000000000000     
       n_pass,     n_total
      120000      120010
 max=   4.0781817240693893E-006
 min=   0.0000000000000000     
       n_pass,     n_total
      130000      130010
 ITERATION            7 :
   1.7977723594138905E-006 +\-   4.1267781300042508E-010
 precision:   2.2954953714772111E-004
 max=   4.0781817240693893E-006
 min=   0.0000000000000000     
       n_pass,     n_total
      140000      140016
 max=   4.0781817240693893E-006
 min=   0.0000000000000000     
       n_pass,     n_total
      150000      150016
 ITERATION            8 :
   1.7976076015312299E-006 +\-   4.0139275220349768E-010
 precision:   2.2329275413699026E-004
 max=   4.0781817240693893E-006
 min=   0.0000000000000000     
       n_pass,     n_total
      160000      160024
 max=   4.0781817240693893E-006
 min=   0.0000000000000000     
       n_pass,     n_total
      170000      170024
 ITERATION            9 :
   1.7980479509317484E-006 +\-   4.0010505128854737E-010
 precision:   2.2252190275638253E-004
 max=   4.0781817240693893E-006
 min=   0.0000000000000000     
       n_pass,     n_total
      180000      180030
 max=   4.0781817240693893E-006
 min=   0.0000000000000000     
       n_pass,     n_total
      190000      190030
 ITERATION           10 :
   1.7984439175373856E-006 +\-   9.5256435822652110E-010
 precision:   5.2966030741223786E-004
 ====================NCALL=40K ===========================
  
 max=   4.0781817240693893E-006
 min=   0.0000000000000000     
       n_pass,     n_total
      200000      200035
 max=   4.0781817240693893E-006
 min=   0.0000000000000000     
       n_pass,     n_total
      210000      210035
 max=   4.0781817240693893E-006
 min=   0.0000000000000000     
       n_pass,     n_total
      220000      220035
 max=   4.0781817240693893E-006
 min=   0.0000000000000000     
       n_pass,     n_total
      230000      230035
   1.7982231179920834E-006 +\-   3.0876223478828277E-010
 precision:   1.7170407370418540E-004
 ====================NCALL=80K ===========================
  
 max=   4.0781817240693893E-006
 min=   0.0000000000000000     
       n_pass,     n_total
      240000      240051
 max=   4.0781817240693893E-006
 min=   0.0000000000000000     
       n_pass,     n_total
      250000      250051
 max=   4.0781817240693893E-006
 min=   0.0000000000000000     
       n_pass,     n_total
      260000      260051
 max=   4.0781817240693893E-006
 min=   0.0000000000000000     
       n_pass,     n_total
      270000      270051
 max=   4.0781817240693893E-006
 min=   0.0000000000000000     
       n_pass,     n_total
      280000      280051
 max=   4.0781817240693893E-006
 min=   0.0000000000000000     
       n_pass,     n_total
      290000      290051
 max=   4.0781817240693893E-006
 min=   0.0000000000000000     
       n_pass,     n_total
      300000      300051
 max=   4.0781817240693893E-006
 min=   0.0000000000000000     
       n_pass,     n_total
      310000      310051
   1.7981701845410002E-006 +\-   1.2740395232596332E-010
 precision:   7.0851999116248478E-005
 sigma (pb)                   sd (pb)
   1.7981701845410002E-006   1.2740395232596332E-010
