 =======================================================
 |                                                     |
 |         \/\/\/\/\/\___________/\/\/\/\/\/           |
 |                   |     \     |                     |
 |                   |     /     |                     |
 |                   |     \     |                     |
 |         /\/\/\/\/\|_____/_____|/\/\/\/\/\           |
 |                                                     |
 | Light-by-light scattering at next-to-leading order  |
 |                   (VERSION 0.5)                     |
 |                                                     |
 |    Authors:                                         |
 |            Ajjath A.H. (LPTHE Paris)                |
 |            Ekta Chaubey (Bonn)                      |
 |            Mathijs Fraaije (Bern)                   |
 |            Valentin Hirschi (Bern)                  |
 |            Hua-Sheng Shao (LPTHE Paris)             |
 |                                                     |
 |    Please cite                                      |
 |            PLB 851 (2024) 138555 [arXiv:2312.16956] |
 |            JHEP 03 (2024) 121    [arXiv:2312.16966] |
 |                                                     |
 =======================================================
 ---------------------------------------------------
         the cuts in the lab frame                  
 min transverse momentum of photon    0.0000000000000000     
 max (pseudo-)rapidity of photon    5.0000000000000000     
 min (pseudo-)rapidity of photon   -5.0000000000000000     
 min invariant mass of di-photon    0.0000000000000000     
 ---------------------------------------------------
 max=   5.7214664441740967E-004
 min=   0.0000000000000000     
       n_pass,     n_total
       10000       10000
  
 ====================NCALL=20K===========================
  
 ITERATION            1 :
   3.8713262684601205E-004 +\-   6.8588637624671022E-008
 precision:   1.7717090440933877E-004
 max=   5.7217764512791484E-004
 min=   0.0000000000000000     
       n_pass,     n_total
       20000       20001
 max=   5.7217764512791484E-004
 min=   0.0000000000000000     
       n_pass,     n_total
       30000       30001
 ITERATION            2 :
   3.8708839659784176E-004 +\-   3.4262777602526219E-008
 precision:   8.8514091105972592E-005
 max=   5.7220100166735792E-004
 min=   0.0000000000000000     
       n_pass,     n_total
       40000       40006
 max=   5.7220100166735792E-004
 min=   0.0000000000000000     
       n_pass,     n_total
       50000       50006
 ITERATION            3 :
   3.8701947704773465E-004 +\-   4.3019369252556702E-008
 precision:   1.1115556658987147E-004
 max=   5.7220729630630624E-004
 min=   0.0000000000000000     
       n_pass,     n_total
       60000       60019
 max=   5.7220729630630624E-004
 min=   0.0000000000000000     
       n_pass,     n_total
       70000       70019
 ITERATION            4 :
   3.8705666071353406E-004 +\-   3.0271083698751164E-008
 precision:   7.8208404017506903E-005
 max=   5.7220729630630624E-004
 min=   0.0000000000000000     
       n_pass,     n_total
       80000       80033
 max=   5.7220729630630624E-004
 min=   0.0000000000000000     
       n_pass,     n_total
       90000       90033
 ITERATION            5 :
   3.8708207119242990E-004 +\-   2.9842579825710606E-008
 precision:   7.7096259544594050E-005
 max=   5.7220729630630624E-004
 min=   0.0000000000000000     
       n_pass,     n_total
      100000      100048
 max=   5.7220729630630624E-004
 min=   0.0000000000000000     
       n_pass,     n_total
      110000      110048
 ITERATION            6 :
   3.8709329138334885E-004 +\-   2.6599587259109206E-008
 precision:   6.8716218677029254E-005
 max=   5.7220959237618289E-004
 min=   0.0000000000000000     
       n_pass,     n_total
      120000      120060
 max=   5.7220959237618289E-004
 min=   0.0000000000000000     
       n_pass,     n_total
      130000      130060
 ITERATION            7 :
   3.8708608840783040E-004 +\-   2.3462214885245426E-008
 precision:   6.0612394988801170E-005
 max=   5.7220959237618289E-004
 min=   0.0000000000000000     
       n_pass,     n_total
      140000      140081
 max=   5.7220959237618289E-004
 min=   0.0000000000000000     
       n_pass,     n_total
      150000      150081
 ITERATION            8 :
   3.8704671491993943E-004 +\-   2.3355443905846771E-008
 precision:   6.0342700262106194E-005
 max=   5.7220959237618289E-004
 min=   0.0000000000000000     
       n_pass,     n_total
      160000      160110
 max=   5.7220959237618289E-004
 min=   0.0000000000000000     
       n_pass,     n_total
      170000      170110
 ITERATION            9 :
   3.8708916034253961E-004 +\-   2.2721777961498702E-008
 precision:   5.8699080959518320E-005
 max=   5.7220959237618289E-004
 min=   0.0000000000000000     
       n_pass,     n_total
      180000      180130
 max=   5.7220959237618289E-004
 min=   0.0000000000000000     
       n_pass,     n_total
      190000      190130
 ITERATION           10 :
   3.8707724638490661E-004 +\-   2.0156609870504985E-008
 precision:   5.2073869127562740E-005
 ====================NCALL=40K ===========================
  
 max=   5.7220959237618289E-004
 min=   0.0000000000000000     
       n_pass,     n_total
      200000      200175
 max=   5.7220959237618289E-004
 min=   0.0000000000000000     
       n_pass,     n_total
      210000      210175
 max=   5.7220959237618289E-004
 min=   0.0000000000000000     
       n_pass,     n_total
      220000      220175
 max=   5.7220959237618289E-004
 min=   0.0000000000000000     
       n_pass,     n_total
      230000      230175
   3.8709400770835044E-004 +\-   1.5560288251619999E-008
 precision:   4.0197698599725264E-005
 ====================NCALL=80K ===========================
  
 max=   5.7220959237618289E-004
 min=   0.0000000000000000     
       n_pass,     n_total
      240000      240292
 max=   5.7220959237618289E-004
 min=   0.0000000000000000     
       n_pass,     n_total
      250000      250292
 max=   5.7220959237618289E-004
 min=   0.0000000000000000     
       n_pass,     n_total
      260000      260292
 max=   5.7220959237618289E-004
 min=   0.0000000000000000     
       n_pass,     n_total
      270000      270292
 max=   5.7220959237618289E-004
 min=   0.0000000000000000     
       n_pass,     n_total
      280000      280292
 max=   5.7220959237618289E-004
 min=   0.0000000000000000     
       n_pass,     n_total
      290000      290292
 max=   5.7220959237618289E-004
 min=   0.0000000000000000     
       n_pass,     n_total
      300000      300292
 max=   5.7220959237618289E-004
 min=   0.0000000000000000     
       n_pass,     n_total
      310000      310292
   3.8707087516142336E-004 +\-   7.2968705786188528E-009
 precision:   1.8851510270763150E-005
 sigma (pb)                   sd (pb)
   3.8707087516142336E-004   7.2968705786188528E-009
