 =======================================================
 |                                                     |
 |         \/\/\/\/\/\___________/\/\/\/\/\/           |
 |                   |     \     |                     |
 |                   |     /     |                     |
 |                   |     \     |                     |
 |         /\/\/\/\/\|_____/_____|/\/\/\/\/\           |
 |                                                     |
 | Light-by-light scattering at next-to-leading order  |
 |                   (VERSION 0.5)                     |
 |                                                     |
 |    Authors:                                         |
 |            Ajjath A.H. (LPTHE Paris)                |
 |            Ekta Chaubey (Bonn)                      |
 |            Mathijs Fraaije (Bern)                   |
 |            Valentin Hirschi (Bern)                  |
 |            Hua-Sheng Shao (LPTHE Paris)             |
 |                                                     |
 |    Please cite                                      |
 |            PLB 851 (2024) 138555 [arXiv:2312.16956] |
 |            JHEP 03 (2024) 121    [arXiv:2312.16966] |
 |                                                     |
 =======================================================
 ---------------------------------------------------
         the cuts in the lab frame                  
 min transverse momentum of photon    0.0000000000000000     
 max (pseudo-)rapidity of photon    5.0000000000000000     
 min (pseudo-)rapidity of photon   -5.0000000000000000     
 min invariant mass of di-photon    0.0000000000000000     
 ---------------------------------------------------
 max=   2020.0235773308968     
 min=   0.0000000000000000     
       n_pass,     n_total
       10000       10000
  
 ====================NCALL=20K===========================
  
 ITERATION            1 :
   80.610310420352903      +\-  0.23249603319292617     
 precision:   2.8841972196924377E-003
 WARNING: outside the range of the grid (xs,xt)=   10.259113388282465       -10.258611933392308     
 WARNING: set the 2-loop amplitudes to zero
 WARNING: outside the range of the grid (xs,xt)=   9.9595934256055330       -9.9591066109424879     
 WARNING: set the 2-loop amplitudes to zero
 WARNING: outside the range of the grid (xs,xt)=   4.7952061640982917       -4.7949717793625650     
 WARNING: set the 2-loop amplitudes to zero
 WARNING: outside the range of the grid (xs,xt)=  0.51170177777777770      -0.51167676632220083     
 WARNING: set the 2-loop amplitudes to zero
 WARNING: outside the range of the grid (xs,xt)=   5.1028432132963979E-002  -5.1025937915787342E-002
 WARNING: set the 2-loop amplitudes to zero
 INFO: will suppress the further warning
 max=   2260.4576353674693     
 min=   0.0000000000000000     
       n_pass,     n_total
       20000       20007
 max=   2260.4576353674693     
 min=   0.0000000000000000     
       n_pass,     n_total
       30000       30007
 ITERATION            2 :
   80.316162626307531      +\-   6.1798798710230959E-002
 precision:   7.6944411547357448E-004
 max=   2282.4729798806989     
 min=   0.0000000000000000     
       n_pass,     n_total
       40000       40036
 max=   2282.4729798806989     
 min=   0.0000000000000000     
       n_pass,     n_total
       50000       50036
 ITERATION            3 :
   80.260489562351225      +\-   2.7041274100170199E-002
 precision:   3.3691887811328257E-004
 max=   2290.5533569124223     
 min=   0.0000000000000000     
       n_pass,     n_total
       60000       60122
 max=   2290.5533569124223     
 min=   0.0000000000000000     
       n_pass,     n_total
       70000       70122
 ITERATION            4 :
   80.280245973789576      +\-   2.0727305777565874E-002
 precision:   2.5818687431940679E-004
 max=   2307.8135366319175     
 min=   0.0000000000000000     
       n_pass,     n_total
       80000       80308
 max=   2307.8135366319175     
 min=   0.0000000000000000     
       n_pass,     n_total
       90000       90308
 ITERATION            5 :
   80.267316350340991      +\-   1.6656285609028772E-002
 precision:   2.0751018429879291E-004
 max=   2307.8135366319175     
 min=   0.0000000000000000     
       n_pass,     n_total
      100000      100607
 max=   2307.8135366319175     
 min=   0.0000000000000000     
       n_pass,     n_total
      110000      110607
 ITERATION            6 :
   80.280312912161250      +\-   1.4362288930219434E-002
 precision:   1.7890175572601391E-004
 max=   2307.8135366319175     
 min=   0.0000000000000000     
       n_pass,     n_total
      120000      120898
 max=   2307.8135366319175     
 min=   0.0000000000000000     
       n_pass,     n_total
      130000      130898
 ITERATION            7 :
   80.308613002731363      +\-   1.3667139589009903E-002
 precision:   1.7018273729301080E-004
 max=   2307.8135366319175     
 min=   0.0000000000000000     
       n_pass,     n_total
      140000      141269
 max=   2307.8135366319175     
 min=   0.0000000000000000     
       n_pass,     n_total
      150000      151269
 ITERATION            8 :
   80.263275192524247      +\-   1.3378841777939712E-002
 precision:   1.6668696543778496E-004
 max=   2307.8135366319175     
 min=   0.0000000000000000     
       n_pass,     n_total
      160000      161495
 max=   2307.8135366319175     
 min=   0.0000000000000000     
       n_pass,     n_total
      170000      171495
 ITERATION            9 :
   80.274117141519753      +\-   1.3999108616311271E-002
 precision:   1.7439131210414256E-004
 max=   2307.8135366319175     
 min=   0.0000000000000000     
       n_pass,     n_total
      180000      181884
 max=   2307.8135366319175     
 min=   0.0000000000000000     
       n_pass,     n_total
      190000      191884
 ITERATION           10 :
   80.288604111749649      +\-   1.4657323907955643E-002
 precision:   1.8255796161999348E-004
 ====================NCALL=40K ===========================
  
 max=   2307.8135366319175     
 min=   0.0000000000000000     
       n_pass,     n_total
      200000      202221
 max=   2307.8135366319175     
 min=   0.0000000000000000     
       n_pass,     n_total
      210000      212221
 max=   2307.8135366319175     
 min=   0.0000000000000000     
       n_pass,     n_total
      220000      222221
 max=   2307.8135366319175     
 min=   0.0000000000000000     
       n_pass,     n_total
      230000      232221
   80.286553357977780      +\-   6.6938175733143764E-003
 precision:   8.3374080631762936E-005
 ====================NCALL=80K ===========================
  
 max=   2307.8135366319175     
 min=   0.0000000000000000     
       n_pass,     n_total
      240000      243174
 max=   2307.8135366319175     
 min=   0.0000000000000000     
       n_pass,     n_total
      250000      253174
 max=   2307.8135366319175     
 min=   0.0000000000000000     
       n_pass,     n_total
      260000      263174
 max=   2307.8135366319175     
 min=   0.0000000000000000     
       n_pass,     n_total
      270000      273174
 max=   2307.8135366319175     
 min=   0.0000000000000000     
       n_pass,     n_total
      280000      283174
 max=   2307.8135366319175     
 min=   0.0000000000000000     
       n_pass,     n_total
      290000      293174
 max=   2307.8135366319175     
 min=   0.0000000000000000     
       n_pass,     n_total
      300000      303174
 max=   2307.8135366319175     
 min=   0.0000000000000000     
       n_pass,     n_total
      310000      313174
   80.283119209797164      +\-   3.5702029763417164E-003
 precision:   4.4470157755231254E-005
 sigma (pb)                   sd (pb)
   80.283119209797164        3.5702029763417164E-003
