 =======================================================
 |                                                     |
 |         \/\/\/\/\/\___________/\/\/\/\/\/           |
 |                   |     \     |                     |
 |                   |     /     |                     |
 |                   |     \     |                     |
 |         /\/\/\/\/\|_____/_____|/\/\/\/\/\           |
 |                                                     |
 | Light-by-light scattering at next-to-leading order  |
 |                   (VERSION 0.5)                     |
 |                                                     |
 |    Authors:                                         |
 |            Ajjath A.H. (LPTHE Paris)                |
 |            Ekta Chaubey (Bonn)                      |
 |            Mathijs Fraaije (Bern)                   |
 |            Valentin Hirschi (Bern)                  |
 |            Hua-Sheng Shao (LPTHE Paris)             |
 |                                                     |
 |    Please cite                                      |
 |            PLB 851 (2024) 138555 [arXiv:2312.16956] |
 |            JHEP 03 (2024) 121    [arXiv:2312.16966] |
 |                                                     |
 =======================================================
 ---------------------------------------------------
         the cuts in the lab frame                  
 min transverse momentum of photon    0.0000000000000000     
 max (pseudo-)rapidity of photon    5.0000000000000000     
 min (pseudo-)rapidity of photon   -5.0000000000000000     
 min invariant mass of di-photon    0.0000000000000000     
 ---------------------------------------------------
 max=   2.1861605733229296E-006
 min=   0.0000000000000000     
       n_pass,     n_total
       10000       10000
  
 ====================NCALL=20K===========================
  
 ITERATION            1 :
   5.1438404839655705E-007 +\-   6.6930546320109610E-010
 precision:   1.3011784974426436E-003
 max=   2.1918298029484514E-006
 min=   0.0000000000000000     
       n_pass,     n_total
       20000       20001
 max=   2.1918298029484514E-006
 min=   0.0000000000000000     
       n_pass,     n_total
       30000       30001
 ITERATION            2 :
   5.1452964846359022E-007 +\-   6.5155116777137601E-010
 precision:   1.2663044194186643E-003
 max=   2.1926607740909099E-006
 min=   0.0000000000000000     
       n_pass,     n_total
       40000       40001
 max=   2.1926607740909099E-006
 min=   0.0000000000000000     
       n_pass,     n_total
       50000       50001
 ITERATION            3 :
   5.1483464638532474E-007 +\-   4.1581403415239875E-010
 precision:   8.0766521265001527E-004
 max=   2.1926607740909099E-006
 min=   0.0000000000000000     
       n_pass,     n_total
       60000       60001
 max=   2.1926607740909099E-006
 min=   0.0000000000000000     
       n_pass,     n_total
       70000       70001
 ITERATION            4 :
   5.1457694874576776E-007 +\-   4.6987039801262566E-010
 precision:   9.1311979512080741E-004
 max=   2.1926731112176296E-006
 min=   0.0000000000000000     
       n_pass,     n_total
       80000       80002
 max=   2.1926731112176296E-006
 min=   0.0000000000000000     
       n_pass,     n_total
       90000       90002
 ITERATION            5 :
   5.1448902423767364E-007 +\-   3.8682797404399534E-010
 precision:   7.5186827283082341E-004
 max=   2.1926731112176296E-006
 min=   0.0000000000000000     
       n_pass,     n_total
      100000      100002
 max=   2.1926731112176296E-006
 min=   0.0000000000000000     
       n_pass,     n_total
      110000      110002
 ITERATION            6 :
   5.1404462212790542E-007 +\-   3.3936477247467821E-010
 precision:   6.6018543501119816E-004
 max=   2.1926731112176296E-006
 min=   0.0000000000000000     
       n_pass,     n_total
      120000      120004
 max=   2.1926731112176296E-006
 min=   0.0000000000000000     
       n_pass,     n_total
      130000      130004
 ITERATION            7 :
   5.1393795611373017E-007 +\-   4.1090753897195810E-010
 precision:   7.9952751900081050E-004
 max=   2.1926731112176296E-006
 min=   0.0000000000000000     
       n_pass,     n_total
      140000      140006
 max=   2.1926731112176296E-006
 min=   0.0000000000000000     
       n_pass,     n_total
      150000      150006
 ITERATION            8 :
   5.1492500196369944E-007 +\-   3.8184285679575451E-010
 precision:   7.4155043033368427E-004
 max=   2.1926731112176296E-006
 min=   0.0000000000000000     
       n_pass,     n_total
      160000      160009
 max=   2.1926731112176296E-006
 min=   0.0000000000000000     
       n_pass,     n_total
      170000      170009
 ITERATION            9 :
   5.1483405123682267E-007 +\-   3.2434041616821113E-010
 precision:   6.2999021799165173E-004
 max=   2.1926731112176296E-006
 min=   0.0000000000000000     
       n_pass,     n_total
      180000      180009
 max=   2.1926731112176296E-006
 min=   0.0000000000000000     
       n_pass,     n_total
      190000      190009
 ITERATION           10 :
   5.1458272960936794E-007 +\-   2.7167472975017313E-010
 precision:   5.2795151123009496E-004
 ====================NCALL=40K ===========================
  
 max=   2.1926731112176296E-006
 min=   0.0000000000000000     
       n_pass,     n_total
      200000      200010
 max=   2.1926731112176296E-006
 min=   0.0000000000000000     
       n_pass,     n_total
      210000      210010
 max=   2.1926731112176296E-006
 min=   0.0000000000000000     
       n_pass,     n_total
      220000      220010
 max=   2.1926731112176296E-006
 min=   0.0000000000000000     
       n_pass,     n_total
      230000      230010
   5.1502823172243733E-007 +\-   2.7780732933195264E-010
 precision:   5.3940213802040763E-004
 ====================NCALL=80K ===========================
  
 max=   2.1926731112176296E-006
 min=   0.0000000000000000     
       n_pass,     n_total
      240000      240012
 max=   2.1926731112176296E-006
 min=   0.0000000000000000     
       n_pass,     n_total
      250000      250012
 max=   2.1926731112176296E-006
 min=   0.0000000000000000     
       n_pass,     n_total
      260000      260012
 max=   2.1926731112176296E-006
 min=   0.0000000000000000     
       n_pass,     n_total
      270000      270012
 max=   2.1926731112176296E-006
 min=   0.0000000000000000     
       n_pass,     n_total
      280000      280012
 max=   2.1926731112176296E-006
 min=   0.0000000000000000     
       n_pass,     n_total
      290000      290012
 max=   2.1926731112176296E-006
 min=   0.0000000000000000     
       n_pass,     n_total
      300000      300012
 max=   2.1926731112176296E-006
 min=   0.0000000000000000     
       n_pass,     n_total
      310000      310012
   5.1482330690594216E-007 +\-   1.3311011191578247E-010
 precision:   2.5855494522143224E-004
 sigma (pb)                   sd (pb)
   5.1482330690594216E-007   1.3311011191578247E-010
