 =======================================================
 |                                                     |
 |         \/\/\/\/\/\___________/\/\/\/\/\/           |
 |                   |     \     |                     |
 |                   |     /     |                     |
 |                   |     \     |                     |
 |         /\/\/\/\/\|_____/_____|/\/\/\/\/\           |
 |                                                     |
 | Light-by-light scattering at next-to-leading order  |
 |                   (VERSION 0.5)                     |
 |                                                     |
 |    Authors:                                         |
 |            Ajjath A.H. (LPTHE Paris)                |
 |            Ekta Chaubey (Bonn)                      |
 |            Mathijs Fraaije (Bern)                   |
 |            Valentin Hirschi (Bern)                  |
 |            Hua-Sheng Shao (LPTHE Paris)             |
 |                                                     |
 |    Please cite                                      |
 |            PLB 851 (2024) 138555 [arXiv:2312.16956] |
 |            JHEP 03 (2024) 121    [arXiv:2312.16966] |
 |                                                     |
 =======================================================
 ---------------------------------------------------
         the cuts in the lab frame                  
 min transverse momentum of photon    0.0000000000000000     
 max (pseudo-)rapidity of photon    5.0000000000000000     
 min (pseudo-)rapidity of photon   -5.0000000000000000     
 min invariant mass of di-photon    0.0000000000000000     
 ---------------------------------------------------
 WARNING: outside the range of the grid (xs,xt)=   1.0154130904199901       -1.0154130802681083     
 WARNING: set the 2-loop amplitudes to zero
 WARNING: outside the range of the grid (xs,xt)=   1.0154579487181976       -1.0154579385658675     
 WARNING: set the 2-loop amplitudes to zero
 WARNING: outside the range of the grid (xs,xt)=   1.0154158210243474       -1.0154158108724385     
 WARNING: set the 2-loop amplitudes to zero
 WARNING: outside the range of the grid (xs,xt)=   1.0156335295270866       -1.0156335193730015     
 WARNING: set the 2-loop amplitudes to zero
 WARNING: outside the range of the grid (xs,xt)=   1.0155687295986859       -1.0155687194452483     
 WARNING: set the 2-loop amplitudes to zero
 INFO: will suppress the further warning
 max=   303327763389265.62     
 min=   0.0000000000000000     
       n_pass,     n_total
       10000       10000
  
 ====================NCALL=20K===========================
  
 ITERATION            1 :
   47456636630.176010      +\-   20746147255.373165     
 precision:  0.43716008399511014     
 max=   736651776352915.88     
 min=   0.0000000000000000     
       n_pass,     n_total
       20000       20015
 max=   736651776352915.88     
 min=   0.0000000000000000     
       n_pass,     n_total
       30000       30015
 ITERATION            2 :
   45882706319.344803      +\-   10072274109.823090     
 precision:  0.21952223218307582     
 max=   774015187922002.75     
 min=   0.0000000000000000     
       n_pass,     n_total
       40000       40104
 max=   774015187922002.75     
 min=   0.0000000000000000     
       n_pass,     n_total
       50000       50104
 ITERATION            3 :
   59575717438.497566      +\-   3812289438.5546365     
 precision:   6.3990659323410040E-002
 max=   785562288404153.50     
 min=   0.0000000000000000     
       n_pass,     n_total
       60000       60602
 max=   785562288404153.50     
 min=   0.0000000000000000     
       n_pass,     n_total
       70000       70602
 ITERATION            4 :
   66259197004.636497      +\-   840209997.69312906     
 precision:   1.2680654696650417E-002
 max=   826572973063913.75     
 min=   0.0000000000000000     
       n_pass,     n_total
       80000       83788
 max=   826572973063913.75     
 min=   0.0000000000000000     
       n_pass,     n_total
       90000       93788
 ITERATION            5 :
   64080697145.271652      +\-   130437920.15614638     
 precision:   2.0355259222670776E-003
 max=   826812943720167.38     
 min=   0.0000000000000000     
       n_pass,     n_total
      100000      108968
 ITERATION            6 :
   63923247780.978012      +\-   92895942.990438327     
 precision:   1.4532419145649523E-003
 max=   826896863352576.50     
 min=   0.0000000000000000     
       n_pass,     n_total
      110000      124925
 max=   826896863352576.50     
 min=   0.0000000000000000     
       n_pass,     n_total
      120000      134925
 ITERATION            7 :
   66240489624.671951      +\-   2761760381.8471680     
 precision:   4.1692934298881178E-002
 max=   826921189116912.38     
 min=   0.0000000000000000     
       n_pass,     n_total
      130000      146395
 ITERATION            8 :
   62215654830.292572      +\-   839113591.89835024     
 precision:   1.3487177691647294E-002
 max=   826921189116912.38     
 min=   0.0000000000000000     
       n_pass,     n_total
      140000      158131
 max=   826921189116912.38     
 min=   0.0000000000000000     
       n_pass,     n_total
      150000      168131
 ITERATION            9 :
   62198459357.591171      +\-   172639234.85730121     
 precision:   2.7756191494191888E-003
 max=   826921189116912.38     
 min=   0.0000000000000000     
       n_pass,     n_total
      160000      184553
 max=   826921189116912.38     
 min=   0.0000000000000000     
       n_pass,     n_total
      170000      194553
 ITERATION           10 :
   60677229238.478981      +\-   67963543.410552770     
 precision:   1.1200831722792824E-003
 ====================NCALL=40K ===========================
  
 max=   826980567017961.62     
 min=   0.0000000000000000     
       n_pass,     n_total
      180000      210564
 max=   826980567017961.62     
 min=   0.0000000000000000     
       n_pass,     n_total
      190000      220564
 max=   826980567017961.62     
 min=   0.0000000000000000     
       n_pass,     n_total
      200000      230564
   59719562079.767403      +\-   25490415.780459322     
 precision:   4.2683527629375082E-004
 ====================NCALL=80K ===========================
  
 max=   826980567017961.62     
 min=   0.0000000000000000     
       n_pass,     n_total
      210000      249995
 max=   826980567017961.62     
 min=   0.0000000000000000     
       n_pass,     n_total
      220000      259995
 max=   826980567017961.62     
 min=   0.0000000000000000     
       n_pass,     n_total
      230000      269995
 max=   826980567017961.62     
 min=   0.0000000000000000     
       n_pass,     n_total
      240000      279995
 max=   826980567017961.62     
 min=   0.0000000000000000     
       n_pass,     n_total
      250000      289995
 max=   826980567017961.62     
 min=   0.0000000000000000     
       n_pass,     n_total
      260000      299995
   66417684339.492310      +\-   2349108333.9368072     
 precision:   3.5368717794035089E-002
 sigma (pb)                   sd (pb)
   66417684339.492310        2349108333.9368072     
