 =======================================================
 |                                                     |
 |         \/\/\/\/\/\___________/\/\/\/\/\/           |
 |                   |     \     |                     |
 |                   |     /     |                     |
 |                   |     \     |                     |
 |         /\/\/\/\/\|_____/_____|/\/\/\/\/\           |
 |                                                     |
 | Light-by-light scattering at next-to-leading order  |
 |                   (VERSION 0.5)                     |
 |                                                     |
 |    Authors:                                         |
 |            Ajjath A.H. (LPTHE Paris)                |
 |            Ekta Chaubey (Bonn)                      |
 |            Mathijs Fraaije (Bern)                   |
 |            Valentin Hirschi (Bern)                  |
 |            Hua-Sheng Shao (LPTHE Paris)             |
 |                                                     |
 |    Please cite                                      |
 |            PLB 851 (2024) 138555 [arXiv:2312.16956] |
 |            JHEP 03 (2024) 121    [arXiv:2312.16966] |
 |                                                     |
 =======================================================
 ---------------------------------------------------
         the cuts in the lab frame                  
 min transverse momentum of photon    0.0000000000000000     
 max (pseudo-)rapidity of photon    5.0000000000000000     
 min (pseudo-)rapidity of photon   -5.0000000000000000     
 min invariant mass of di-photon    0.0000000000000000     
 ---------------------------------------------------
 max=   2.7282356128673901E-006
 min=   0.0000000000000000     
       n_pass,     n_total
       10000       10000
  
 ====================NCALL=20K===========================
  
 ITERATION            1 :
   1.0531992278420236E-006 +\-   7.4506326838991341E-010
 precision:   7.0742861245400609E-004
 max=   2.7282356128673901E-006
 min=   0.0000000000000000     
       n_pass,     n_total
       20000       20001
 max=   2.7282356128673901E-006
 min=   0.0000000000000000     
       n_pass,     n_total
       30000       30001
 ITERATION            2 :
   1.0527121418812416E-006 +\-   4.8343433621301852E-010
 precision:   4.5922747252549084E-004
 max=   2.7284297005544285E-006
 min=   0.0000000000000000     
       n_pass,     n_total
       40000       40001
 max=   2.7284297005544285E-006
 min=   0.0000000000000000     
       n_pass,     n_total
       50000       50001
 ITERATION            3 :
   1.0521884727643667E-006 +\-   3.9586101075137728E-010
 precision:   3.7622633301745808E-004
 max=   2.7284297005544285E-006
 min=   0.0000000000000000     
       n_pass,     n_total
       60000       60002
 max=   2.7284297005544285E-006
 min=   0.0000000000000000     
       n_pass,     n_total
       70000       70002
 ITERATION            4 :
   1.0521238809651410E-006 +\-   3.5917227554927472E-010
 precision:   3.4137831299846226E-004
 max=   2.7284297005544285E-006
 min=   0.0000000000000000     
       n_pass,     n_total
       80000       80004
 max=   2.7284297005544285E-006
 min=   0.0000000000000000     
       n_pass,     n_total
       90000       90004
 ITERATION            5 :
   1.0517784818990251E-006 +\-   3.3670726311252892E-010
 precision:   3.2013134790948706E-004
 max=   2.7284815860003483E-006
 min=   0.0000000000000000     
       n_pass,     n_total
      100000      100005
 max=   2.7284815860003483E-006
 min=   0.0000000000000000     
       n_pass,     n_total
      110000      110005
 ITERATION            6 :
   1.0521994069380263E-006 +\-   5.3556746610409630E-010
 precision:   5.0899806878112108E-004
 max=   2.7284815860003483E-006
 min=   0.0000000000000000     
       n_pass,     n_total
      120000      120008
 max=   2.7284815860003483E-006
 min=   0.0000000000000000     
       n_pass,     n_total
      130000      130008
 ITERATION            7 :
   1.0519962753471861E-006 +\-   4.4168510597280660E-010
 precision:   4.1985424884421671E-004
 max=   2.7284815860003483E-006
 min=   0.0000000000000000     
       n_pass,     n_total
      140000      140010
 max=   2.7284815860003483E-006
 min=   0.0000000000000000     
       n_pass,     n_total
      150000      150010
 ITERATION            8 :
   1.0520575199180497E-006 +\-   3.6382130536115565E-010
 precision:   3.4581883449632639E-004
 max=   2.7284815860003483E-006
 min=   0.0000000000000000     
       n_pass,     n_total
      160000      160015
 max=   2.7284815860003483E-006
 min=   0.0000000000000000     
       n_pass,     n_total
      170000      170015
 ITERATION            9 :
   1.0516881614658137E-006 +\-   3.8539093565449387E-010
 precision:   3.6644981827821160E-004
 max=   2.7284815860003483E-006
 min=   0.0000000000000000     
       n_pass,     n_total
      180000      180018
 max=   2.7284815860003483E-006
 min=   0.0000000000000000     
       n_pass,     n_total
      190000      190018
 ITERATION           10 :
   1.0539054442449721E-006 +\-   9.4426632173713908E-010
 precision:   8.9596872935182570E-004
 ====================NCALL=40K ===========================
  
 max=   2.7284815860003483E-006
 min=   0.0000000000000000     
       n_pass,     n_total
      200000      200021
 max=   2.7284815860003483E-006
 min=   0.0000000000000000     
       n_pass,     n_total
      210000      210021
 max=   2.7284815860003483E-006
 min=   0.0000000000000000     
       n_pass,     n_total
      220000      220021
 max=   2.7284815860003483E-006
 min=   0.0000000000000000     
       n_pass,     n_total
      230000      230021
   1.0521656491730406E-006 +\-   3.0021516985034314E-010
 precision:   2.8533070822669418E-004
 ====================NCALL=80K ===========================
  
 max=   2.7284815860003483E-006
 min=   0.0000000000000000     
       n_pass,     n_total
      240000      240026
 max=   2.7284815860003483E-006
 min=   0.0000000000000000     
       n_pass,     n_total
      250000      250026
 max=   2.7284815860003483E-006
 min=   0.0000000000000000     
       n_pass,     n_total
      260000      260026
 max=   2.7284815860003483E-006
 min=   0.0000000000000000     
       n_pass,     n_total
      270000      270026
 max=   2.7284815860003483E-006
 min=   0.0000000000000000     
       n_pass,     n_total
      280000      280026
 max=   2.7284815860003483E-006
 min=   0.0000000000000000     
       n_pass,     n_total
      290000      290026
 max=   2.7284815860003483E-006
 min=   0.0000000000000000     
       n_pass,     n_total
      300000      300026
 max=   2.7284815860003483E-006
 min=   0.0000000000000000     
       n_pass,     n_total
      310000      310026
   1.0522224100251110E-006 +\-   1.5857713326511459E-010
 precision:   1.5070685793636555E-004
 sigma (pb)                   sd (pb)
   1.0522224100251110E-006   1.5857713326511459E-010
