 =======================================================
 |                                                     |
 |         \/\/\/\/\/\___________/\/\/\/\/\/           |
 |                   |     \     |                     |
 |                   |     /     |                     |
 |                   |     \     |                     |
 |         /\/\/\/\/\|_____/_____|/\/\/\/\/\           |
 |                                                     |
 | Light-by-light scattering at next-to-leading order  |
 |                   (VERSION 0.5)                     |
 |                                                     |
 |    Authors:                                         |
 |            Ajjath A.H. (LPTHE Paris)                |
 |            Ekta Chaubey (Bonn)                      |
 |            Mathijs Fraaije (Bern)                   |
 |            Valentin Hirschi (Bern)                  |
 |            Hua-Sheng Shao (LPTHE Paris)             |
 |                                                     |
 |    Please cite                                      |
 |            PLB 851 (2024) 138555 [arXiv:2312.16956] |
 |            JHEP 03 (2024) 121    [arXiv:2312.16966] |
 |                                                     |
 =======================================================
 ---------------------------------------------------
         the cuts in the lab frame                  
 min transverse momentum of photon    0.0000000000000000     
 max (pseudo-)rapidity of photon    5.0000000000000000     
 min (pseudo-)rapidity of photon   -5.0000000000000000     
 min invariant mass of di-photon    0.0000000000000000     
 ---------------------------------------------------
 max=   164556.97080464227     
 min=   0.0000000000000000     
       n_pass,     n_total
       10000       10000
  
 ====================NCALL=20K===========================
  
 ITERATION            1 :
   2743.5541375712351      +\-   22.070163418757012     
 precision:   8.0443695703030279E-003
 WARNING: outside the range of the grid (xs,xt)=   7.9911695255067944E-002  -7.9907768851503802E-002
 WARNING: set the 2-loop amplitudes to zero
 WARNING: outside the range of the grid (xs,xt)=   7.7578633217993076E-002  -7.7574821447750977E-002
 WARNING: set the 2-loop amplitudes to zero
 WARNING: outside the range of the grid (xs,xt)=   3.7351478550603924E-002  -3.7349643312619807E-002
 WARNING: set the 2-loop amplitudes to zero
 WARNING: outside the range of the grid (xs,xt)=   34344.575886274957       -34342.888390286556     
 WARNING: set the 2-loop amplitudes to zero
 WARNING: outside the range of the grid (xs,xt)=  0.69738700235466855      -0.69735273674682607     
 WARNING: set the 2-loop amplitudes to zero
 INFO: will suppress the further warning
 max=   174031.56422905231     
 min=   0.0000000000000000     
       n_pass,     n_total
       20000       20007
 max=   174031.56422905231     
 min=   0.0000000000000000     
       n_pass,     n_total
       30000       30007
 ITERATION            2 :
   2718.1520361568755      +\-   5.1840024575163639     
 precision:   1.9071789909316074E-003
 max=   176304.74782503513     
 min=   0.0000000000000000     
       n_pass,     n_total
       40000       40042
 max=   176304.74782503513     
 min=   0.0000000000000000     
       n_pass,     n_total
       50000       50042
 ITERATION            3 :
   2714.5894439182221      +\-   1.8440140707281631     
 precision:   6.7929759133908820E-004
 max=   177048.48986424631     
 min=   0.0000000000000000     
       n_pass,     n_total
       60000       60169
 max=   177048.48986424631     
 min=   0.0000000000000000     
       n_pass,     n_total
       70000       70169
 ITERATION            4 :
   2715.8209662065942      +\-   1.1325081615049266     
 precision:   4.1700398354564292E-004
 max=   177677.63710507061     
 min=   0.0000000000000000     
       n_pass,     n_total
       80000       80461
 max=   177677.63710507061     
 min=   0.0000000000000000     
       n_pass,     n_total
       90000       90461
 ITERATION            5 :
   2714.8484427753942      +\-  0.78565864695377896     
 precision:   2.8939318842807993E-004
 max=   177704.01188830761     
 min=   0.0000000000000000     
       n_pass,     n_total
      100000      100828
 max=   177704.01188830761     
 min=   0.0000000000000000     
       n_pass,     n_total
      110000      110828
 ITERATION            6 :
   2715.1432295129707      +\-  0.72114766373647365     
 precision:   2.6560207060083148E-004
 max=   177704.01188830761     
 min=   0.0000000000000000     
       n_pass,     n_total
      120000      121237
 max=   177704.01188830761     
 min=   0.0000000000000000     
       n_pass,     n_total
      130000      131237
 ITERATION            7 :
   2715.8031503487764      +\-  0.70361453584322886     
 precision:   2.5908156699533516E-004
 max=   177704.01188830761     
 min=   0.0000000000000000     
       n_pass,     n_total
      140000      141745
 max=   177704.01188830761     
 min=   0.0000000000000000     
       n_pass,     n_total
      150000      151745
 ITERATION            8 :
   2713.9227166074288      +\-  0.68597761620349740     
 precision:   2.5276239887221690E-004
 max=   177704.01188830761     
 min=   0.0000000000000000     
       n_pass,     n_total
      160000      162353
 max=   177704.01188830761     
 min=   0.0000000000000000     
       n_pass,     n_total
      170000      172353
 ITERATION            9 :
   2715.0665996729940      +\-  0.67107364015033466     
 precision:   2.4716654841216773E-004
 max=   177704.01188830761     
 min=   0.0000000000000000     
       n_pass,     n_total
      180000      183007
 max=   177704.01188830761     
 min=   0.0000000000000000     
       n_pass,     n_total
      190000      193007
 ITERATION           10 :
   2715.8409488218776      +\-  0.66836720330559096     
 precision:   2.4609953819111771E-004
 ====================NCALL=40K ===========================
  
 max=   177721.94429033899     
 min=   0.0000000000000000     
       n_pass,     n_total
      200000      204059
 max=   177721.94429033899     
 min=   0.0000000000000000     
       n_pass,     n_total
      210000      214059
 max=   177721.94429033899     
 min=   0.0000000000000000     
       n_pass,     n_total
      220000      224059
 max=   177721.94429033899     
 min=   0.0000000000000000     
       n_pass,     n_total
      230000      234059
   2715.4571117326900      +\-  0.31896596532776850     
 precision:   1.1746308345273087E-004
 ====================NCALL=80K ===========================
  
 max=   177721.94429033899     
 min=   0.0000000000000000     
       n_pass,     n_total
      240000      246454
 max=   177721.94429033899     
 min=   0.0000000000000000     
       n_pass,     n_total
      250000      256454
 max=   177721.94429033899     
 min=   0.0000000000000000     
       n_pass,     n_total
      260000      266454
 max=   177721.94429033899     
 min=   0.0000000000000000     
       n_pass,     n_total
      270000      276454
 max=   177721.94429033899     
 min=   0.0000000000000000     
       n_pass,     n_total
      280000      286454
 max=   177721.94429033899     
 min=   0.0000000000000000     
       n_pass,     n_total
      290000      296454
 max=   177721.94429033899     
 min=   0.0000000000000000     
       n_pass,     n_total
      300000      306454
   2715.1739546054341      +\-  0.15466899046975471     
 precision:   5.6964670792973568E-005
 sigma (pb)                   sd (pb)
   2715.1739546054341       0.15466899046975471     
