 =======================================================
 |                                                     |
 |         \/\/\/\/\/\___________/\/\/\/\/\/           |
 |                   |     \     |                     |
 |                   |     /     |                     |
 |                   |     \     |                     |
 |         /\/\/\/\/\|_____/_____|/\/\/\/\/\           |
 |                                                     |
 | Light-by-light scattering at next-to-leading order  |
 |                   (VERSION 0.5)                     |
 |                                                     |
 |    Authors:                                         |
 |            Ajjath A.H. (LPTHE Paris)                |
 |            Ekta Chaubey (Bonn)                      |
 |            Mathijs Fraaije (Bern)                   |
 |            Valentin Hirschi (Bern)                  |
 |            Hua-Sheng Shao (LPTHE Paris)             |
 |                                                     |
 |    Please cite                                      |
 |            PLB 851 (2024) 138555 [arXiv:2312.16956] |
 |            JHEP 03 (2024) 121    [arXiv:2312.16966] |
 |                                                     |
 =======================================================
 ---------------------------------------------------
         the cuts in the lab frame                  
 min transverse momentum of photon    0.0000000000000000     
 max (pseudo-)rapidity of photon    5.0000000000000000     
 min (pseudo-)rapidity of photon   -5.0000000000000000     
 min invariant mass of di-photon    0.0000000000000000     
 ---------------------------------------------------
 max=   45605.692923284987     
 min=   0.0000000000000000     
       n_pass,     n_total
       10000       10000
  
 ====================NCALL=20K===========================
  
 ITERATION            1 :
   619.28823896106348      +\-   5.4729200344790154     
 precision:   8.8374357692640026E-003
 WARNING: outside the range of the grid (xs,xt)=  0.32814087770104688      -0.32812534124457010     
 WARNING: set the 2-loop amplitudes to zero
 WARNING: outside the range of the grid (xs,xt)=  0.31856064013840818      -0.31854555727657335     
 WARNING: set the 2-loop amplitudes to zero
 WARNING: outside the range of the grid (xs,xt)=  0.15337613494377342      -0.15336887305777547     
 WARNING: set the 2-loop amplitudes to zero
 WARNING: outside the range of the grid (xs,xt)=   1.6366937777777774E-002  -1.6366162853854171E-002
 WARNING: set the 2-loop amplitudes to zero
 WARNING: outside the range of the grid (xs,xt)=   141028.90996894159       -141022.23268588851     
 WARNING: set the 2-loop amplitudes to zero
 INFO: will suppress the further warning
 max=   51042.655155557091     
 min=   0.0000000000000000     
       n_pass,     n_total
       20000       20009
 max=   51042.655155557091     
 min=   0.0000000000000000     
       n_pass,     n_total
       30000       30009
 ITERATION            2 :
   612.96508581255466      +\-   1.4175590331684897     
 precision:   2.3126260630152444E-003
 max=   52202.726263649980     
 min=   0.0000000000000000     
       n_pass,     n_total
       40000       40044
 max=   52202.726263649980     
 min=   0.0000000000000000     
       n_pass,     n_total
       50000       50044
 ITERATION            3 :
   612.94267898299665      +\-  0.47308317894120727     
 precision:   7.7182287212591188E-004
 max=   52328.976380824839     
 min=   0.0000000000000000     
       n_pass,     n_total
       60000       60180
 max=   52328.976380824839     
 min=   0.0000000000000000     
       n_pass,     n_total
       70000       70180
 ITERATION            4 :
   613.18415219378448      +\-  0.29050270469848272     
 precision:   4.7376094711377211E-004
 max=   52328.976380824839     
 min=   0.0000000000000000     
       n_pass,     n_total
       80000       80514
 max=   52328.976380824839     
 min=   0.0000000000000000     
       n_pass,     n_total
       90000       90514
 ITERATION            5 :
   612.89317959504160      +\-  0.19931555397967188     
 precision:   3.2520439224232537E-004
 max=   52328.976380824839     
 min=   0.0000000000000000     
       n_pass,     n_total
      100000      101024
 max=   52328.976380824839     
 min=   0.0000000000000000     
       n_pass,     n_total
      110000      111024
 ITERATION            6 :
   612.93392276280508      +\-  0.17561035086275484     
 precision:   2.8650780180543707E-004
 max=   52331.307873542166     
 min=   0.0000000000000000     
       n_pass,     n_total
      120000      121640
 max=   52331.307873542166     
 min=   0.0000000000000000     
       n_pass,     n_total
      130000      131640
 ITERATION            7 :
   613.25306720226968      +\-  0.16538903165228735     
 precision:   2.6969132401866483E-004
 max=   52331.307873542166     
 min=   0.0000000000000000     
       n_pass,     n_total
      140000      142393
 max=   52331.307873542166     
 min=   0.0000000000000000     
       n_pass,     n_total
      150000      152393
 ITERATION            8 :
   612.68907273517743      +\-  0.16168976162161161     
 precision:   2.6390182037977814E-004
 max=   52331.307873542166     
 min=   0.0000000000000000     
       n_pass,     n_total
      160000      162952
 max=   52331.307873542166     
 min=   0.0000000000000000     
       n_pass,     n_total
      170000      172952
 ITERATION            9 :
   612.95899694909065      +\-  0.15844889639382412     
 precision:   2.5849836152577770E-004
 max=   52341.498733937609     
 min=   0.0000000000000000     
       n_pass,     n_total
      180000      183716
 max=   52341.498733937609     
 min=   0.0000000000000000     
       n_pass,     n_total
      190000      193716
 ITERATION           10 :
   613.11636031036483      +\-  0.15268992405534504     
 precision:   2.4903906328327640E-004
 ====================NCALL=40K ===========================
  
 max=   52345.812202121779     
 min=   0.0000000000000000     
       n_pass,     n_total
      200000      204449
 max=   52345.812202121779     
 min=   0.0000000000000000     
       n_pass,     n_total
      210000      214449
 max=   52345.812202121779     
 min=   0.0000000000000000     
       n_pass,     n_total
      220000      224449
 max=   52345.812202121779     
 min=   0.0000000000000000     
       n_pass,     n_total
      230000      234449
   613.07396367760555      +\-   8.7345969662015258E-002
 precision:   1.4247215643942675E-004
 ====================NCALL=80K ===========================
  
 max=   52345.812202121779     
 min=   0.0000000000000000     
       n_pass,     n_total
      240000      247321
 max=   52345.812202121779     
 min=   0.0000000000000000     
       n_pass,     n_total
      250000      257321
 max=   52345.812202121779     
 min=   0.0000000000000000     
       n_pass,     n_total
      260000      267321
 max=   52345.812202121779     
 min=   0.0000000000000000     
       n_pass,     n_total
      270000      277321
 max=   52345.812202121779     
 min=   0.0000000000000000     
       n_pass,     n_total
      280000      287321
 max=   52345.812202121779     
 min=   0.0000000000000000     
       n_pass,     n_total
      290000      297321
 max=   52345.812202121779     
 min=   0.0000000000000000     
       n_pass,     n_total
      300000      307321
   612.99365525711687      +\-   4.1131134135505593E-002
 precision:   6.7098792593951666E-005
 sigma (pb)                   sd (pb)
   612.99365525711687        4.1131134135505593E-002
