 =======================================================
 |                                                     |
 |         \/\/\/\/\/\___________/\/\/\/\/\/           |
 |                   |     \     |                     |
 |                   |     /     |                     |
 |                   |     \     |                     |
 |         /\/\/\/\/\|_____/_____|/\/\/\/\/\           |
 |                                                     |
 | Light-by-light scattering at next-to-leading order  |
 |                   (VERSION 0.5)                     |
 |                                                     |
 |    Authors:                                         |
 |            Ajjath A.H. (LPTHE Paris)                |
 |            Ekta Chaubey (Bonn)                      |
 |            Mathijs Fraaije (Bern)                   |
 |            Valentin Hirschi (Bern)                  |
 |            Hua-Sheng Shao (LPTHE Paris)             |
 |                                                     |
 |    Please cite                                      |
 |            PLB 851 (2024) 138555 [arXiv:2312.16956] |
 |            JHEP 03 (2024) 121    [arXiv:2312.16966] |
 |                                                     |
 =======================================================
 ---------------------------------------------------
         the cuts in the lab frame                  
 min transverse momentum of photon    0.0000000000000000     
 max (pseudo-)rapidity of photon    5.0000000000000000     
 min (pseudo-)rapidity of photon   -5.0000000000000000     
 min invariant mass of di-photon    0.0000000000000000     
 ---------------------------------------------------
 WARNING: outside the range of the grid (xs,xt)=   4.0332944957481805E-002  -4.0332944554155911E-002
 WARNING: set the 2-loop amplitudes to zero
 WARNING: outside the range of the grid (xs,xt)=   4.0224052965668361E-002  -4.0224052563431367E-002
 WARNING: set the 2-loop amplitudes to zero
 WARNING: outside the range of the grid (xs,xt)=   4.0409722623101690E-002  -4.0409722219008029E-002
 WARNING: set the 2-loop amplitudes to zero
 WARNING: outside the range of the grid (xs,xt)=   4.0360959445014048E-002  -4.0360959041408011E-002
 WARNING: set the 2-loop amplitudes to zero
 WARNING: outside the range of the grid (xs,xt)=   4.0440739901640883E-002  -4.0440739497237053E-002
 WARNING: set the 2-loop amplitudes to zero
 INFO: will suppress the further warning
 max=  0.22018394267297198     
 min=   0.0000000000000000     
       n_pass,     n_total
       10000       10000
  
 ====================NCALL=20K===========================
  
 ITERATION            1 :
  0.15721604440084433      +\-   7.6016354730964563E-006
 precision:   4.8351524820933807E-005
 max=  0.22367482741887867     
 min=   0.0000000000000000     
       n_pass,     n_total
       20000       20002
 max=  0.22367482741887867     
 min=   0.0000000000000000     
       n_pass,     n_total
       30000       30002
 ITERATION            2 :
  0.15719397828512902      +\-   9.8420956706821732E-006
 precision:   6.2611149473104617E-005
 max=  0.22417987107365650     
 min=   0.0000000000000000     
       n_pass,     n_total
       40000       40011
 max=  0.22417987107365650     
 min=   0.0000000000000000     
       n_pass,     n_total
       50000       50011
 ITERATION            3 :
  0.15719630882117952      +\-   9.1796262341675476E-006
 precision:   5.8395940101939274E-005
 max=  0.22417987107365650     
 min=   0.0000000000000000     
       n_pass,     n_total
       60000       60033
 max=  0.22417987107365650     
 min=   0.0000000000000000     
       n_pass,     n_total
       70000       70033
 ITERATION            4 :
  0.15718056645384762      +\-   7.8808138339605469E-006
 precision:   5.0138601811659473E-005
 max=  0.22417987107365650     
 min=   0.0000000000000000     
       n_pass,     n_total
       80000       80063
 max=  0.22417987107365650     
 min=   0.0000000000000000     
       n_pass,     n_total
       90000       90063
 ITERATION            5 :
  0.15719406395643107      +\-   6.6749888356544014E-006
 precision:   4.2463364504046951E-005
 max=  0.22418913727669307     
 min=   0.0000000000000000     
       n_pass,     n_total
      100000      100098
 max=  0.22418913727669307     
 min=   0.0000000000000000     
       n_pass,     n_total
      110000      110098
 ITERATION            6 :
  0.15718300677203445      +\-   6.0407407993273205E-006
 precision:   3.8431258717988031E-005
 max=  0.22418913727669307     
 min=   0.0000000000000000     
       n_pass,     n_total
      120000      120134
 max=  0.22418913727669307     
 min=   0.0000000000000000     
       n_pass,     n_total
      130000      130134
 ITERATION            7 :
  0.15718908335759146      +\-   5.9261466450894242E-006
 precision:   3.7700751976573060E-005
 max=  0.22418913727669307     
 min=   0.0000000000000000     
       n_pass,     n_total
      140000      140174
 max=  0.22418913727669307     
 min=   0.0000000000000000     
       n_pass,     n_total
      150000      150174
 ITERATION            8 :
  0.15718539194285142      +\-   5.9443701514198963E-006
 precision:   3.7817573744900650E-005
 max=  0.22418913727669307     
 min=   0.0000000000000000     
       n_pass,     n_total
      160000      160226
 max=  0.22418913727669307     
 min=   0.0000000000000000     
       n_pass,     n_total
      170000      170226
 ITERATION            9 :
  0.15718739404223928      +\-   5.8107615175189826E-006
 precision:   3.6967096203385875E-005
 max=  0.22418913727669307     
 min=   0.0000000000000000     
       n_pass,     n_total
      180000      180277
 max=  0.22418913727669307     
 min=   0.0000000000000000     
       n_pass,     n_total
      190000      190277
 ITERATION           10 :
  0.15719589911454682      +\-   5.5500934595728955E-006
 precision:   3.5306859090061930E-005
 ====================NCALL=40K ===========================
  
 max=  0.22418928571114108     
 min=   0.0000000000000000     
       n_pass,     n_total
      200000      200380
 max=  0.22418928571114108     
 min=   0.0000000000000000     
       n_pass,     n_total
      210000      210380
 max=  0.22418928571114108     
 min=   0.0000000000000000     
       n_pass,     n_total
      220000      220380
 max=  0.22418928571114108     
 min=   0.0000000000000000     
       n_pass,     n_total
      230000      230380
  0.15719047543279310      +\-   3.0609592503829972E-006
 precision:   1.9472930799116466E-005
 ====================NCALL=80K ===========================
  
 max=  0.22418928571114108     
 min=   0.0000000000000000     
       n_pass,     n_total
      240000      240632
 max=  0.22418928571114108     
 min=   0.0000000000000000     
       n_pass,     n_total
      250000      250632
 max=  0.22418928571114108     
 min=   0.0000000000000000     
       n_pass,     n_total
      260000      260632
 max=  0.22418928571114108     
 min=   0.0000000000000000     
       n_pass,     n_total
      270000      270632
 max=  0.22418928571114108     
 min=   0.0000000000000000     
       n_pass,     n_total
      280000      280632
 max=  0.22418928571114108     
 min=   0.0000000000000000     
       n_pass,     n_total
      290000      290632
 max=  0.22418928571114108     
 min=   0.0000000000000000     
       n_pass,     n_total
      300000      300632
 max=  0.22418928571114108     
 min=   0.0000000000000000     
       n_pass,     n_total
      310000      310632
  0.15718721808574265      +\-   1.5676657731085666E-006
 precision:   9.9732395050940758E-006
 sigma (pb)                   sd (pb)
  0.15718721808574265        1.5676657731085666E-006
