 =======================================================
 |                                                     |
 |         \/\/\/\/\/\___________/\/\/\/\/\/           |
 |                   |     \     |                     |
 |                   |     /     |                     |
 |                   |     \     |                     |
 |         /\/\/\/\/\|_____/_____|/\/\/\/\/\           |
 |                                                     |
 | Light-by-light scattering at next-to-leading order  |
 |                   (VERSION 0.5)                     |
 |                                                     |
 |    Authors:                                         |
 |            Ajjath A.H. (LPTHE Paris)                |
 |            Ekta Chaubey (Bonn)                      |
 |            Mathijs Fraaije (Bern)                   |
 |            Valentin Hirschi (Bern)                  |
 |            Hua-Sheng Shao (LPTHE Paris)             |
 |                                                     |
 |    Please cite                                      |
 |            PLB 851 (2024) 138555 [arXiv:2312.16956] |
 |            JHEP 03 (2024) 121    [arXiv:2312.16966] |
 |                                                     |
 =======================================================
 ---------------------------------------------------
         the cuts in the lab frame                  
 min transverse momentum of photon    0.0000000000000000     
 max (pseudo-)rapidity of photon    5.0000000000000000     
 min (pseudo-)rapidity of photon   -5.0000000000000000     
 min invariant mass of di-photon    0.0000000000000000     
 ---------------------------------------------------
 max=   85959.001710947006     
 min=   0.0000000000000000     
       n_pass,     n_total
       10000       10000
  
 ====================NCALL=20K===========================
  
 ITERATION            1 :
   1272.5212729004222      +\-   10.704490639151427     
 precision:   8.4120327629203240E-003
 WARNING: outside the range of the grid (xs,xt)=  0.16944896413455107      -0.16944084195483497     
 WARNING: set the 2-loop amplitudes to zero
 WARNING: outside the range of the grid (xs,xt)=  0.16450181660899649      -0.16449393156039235     
 WARNING: set the 2-loop amplitudes to zero
 WARNING: outside the range of the grid (xs,xt)=   7.9202040816326522E-002  -7.9198244433075216E-002
 WARNING: set the 2-loop amplitudes to zero
 WARNING: outside the range of the grid (xs,xt)=   72826.046162507031       -72822.555399149671     
 WARNING: set the 2-loop amplitudes to zero
 WARNING: outside the range of the grid (xs,xt)=   1.4787761012040845       -1.4787052191817882     
 WARNING: set the 2-loop amplitudes to zero
 INFO: will suppress the further warning
 max=   93317.944699158965     
 min=   0.0000000000000000     
       n_pass,     n_total
       20000       20009
 max=   93317.944699158965     
 min=   0.0000000000000000     
       n_pass,     n_total
       30000       30009
 ITERATION            2 :
   1259.8569581759355      +\-   2.6879858450058975     
 precision:   2.1335643126483635E-003
 max=   94860.301912079667     
 min=   0.0000000000000000     
       n_pass,     n_total
       40000       40044
 max=   94860.301912079667     
 min=   0.0000000000000000     
       n_pass,     n_total
       50000       50044
 ITERATION            3 :
   1259.5837143666065      +\-  0.90803691609046588     
 precision:   7.2090239476228920E-004
 max=   95345.085965953927     
 min=   0.0000000000000000     
       n_pass,     n_total
       60000       60178
 max=   95345.085965953927     
 min=   0.0000000000000000     
       n_pass,     n_total
       70000       70178
 ITERATION            4 :
   1260.0745192856716      +\-  0.56473090820515093     
 precision:   4.4817262754054686E-004
 max=   95720.286839778477     
 min=   0.0000000000000000     
       n_pass,     n_total
       80000       80494
 max=   95720.286839778477     
 min=   0.0000000000000000     
       n_pass,     n_total
       90000       90494
 ITERATION            5 :
   1259.6495351228552      +\-  0.38136378141180083     
 precision:   3.0275387778760693E-004
 max=   95720.286839778477     
 min=   0.0000000000000000     
       n_pass,     n_total
      100000      100933
 max=   95720.286839778477     
 min=   0.0000000000000000     
       n_pass,     n_total
      110000      110933
 ITERATION            6 :
   1259.7960926201372      +\-  0.31673156302398886     
 precision:   2.5141494316373628E-004
 max=   95720.286839778477     
 min=   0.0000000000000000     
       n_pass,     n_total
      120000      121315
 max=   95720.286839778477     
 min=   0.0000000000000000     
       n_pass,     n_total
      130000      131315
 ITERATION            7 :
   1260.5851169370469      +\-  0.34487973942571154     
 precision:   2.7358703096836155E-004
 max=   95720.286839778477     
 min=   0.0000000000000000     
       n_pass,     n_total
      140000      141915
 max=   95720.286839778477     
 min=   0.0000000000000000     
       n_pass,     n_total
      150000      151915
 ITERATION            8 :
   1259.2068998539348      +\-  0.32981250852139926     
 precision:   2.6192082378174449E-004
 max=   95720.286839778477     
 min=   0.0000000000000000     
       n_pass,     n_total
      160000      162636
 max=   95720.286839778477     
 min=   0.0000000000000000     
       n_pass,     n_total
      170000      172636
 ITERATION            9 :
   1259.7334043174103      +\-  0.31594299227532241     
 precision:   2.5080147211505987E-004
 max=   95720.286839778477     
 min=   0.0000000000000000     
       n_pass,     n_total
      180000      183216
 max=   95720.286839778477     
 min=   0.0000000000000000     
       n_pass,     n_total
      190000      193216
 ITERATION           10 :
   1260.3415466523472      +\-  0.30951067768648777     
 precision:   2.4557682678048160E-004
 ====================NCALL=40K ===========================
  
 max=   95720.286839778477     
 min=   0.0000000000000000     
       n_pass,     n_total
      200000      204389
 max=   95720.286839778477     
 min=   0.0000000000000000     
       n_pass,     n_total
      210000      214389
 max=   95720.286839778477     
 min=   0.0000000000000000     
       n_pass,     n_total
      220000      224389
 max=   95720.286839778477     
 min=   0.0000000000000000     
       n_pass,     n_total
      230000      234389
   1259.9421575391298      +\-  0.16596575160456511     
 precision:   1.3172489753714012E-004
 ====================NCALL=80K ===========================
  
 max=   95720.286839778477     
 min=   0.0000000000000000     
       n_pass,     n_total
      240000      246451
 max=   95720.286839778477     
 min=   0.0000000000000000     
       n_pass,     n_total
      250000      256451
 max=   95720.286839778477     
 min=   0.0000000000000000     
       n_pass,     n_total
      260000      266451
 max=   95720.286839778477     
 min=   0.0000000000000000     
       n_pass,     n_total
      270000      276451
 max=   95720.286839778477     
 min=   0.0000000000000000     
       n_pass,     n_total
      280000      286451
 max=   95720.286839778477     
 min=   0.0000000000000000     
       n_pass,     n_total
      290000      296451
 max=   95720.286839778477     
 min=   0.0000000000000000     
       n_pass,     n_total
      300000      306451
   1259.7583472661438      +\-   7.9313517461970767E-002
 precision:   6.2959310913948278E-005
 sigma (pb)                   sd (pb)
   1259.7583472661438        7.9313517461970767E-002
