 =======================================================
 |                                                     |
 |         \/\/\/\/\/\___________/\/\/\/\/\/           |
 |                   |     \     |                     |
 |                   |     /     |                     |
 |                   |     \     |                     |
 |         /\/\/\/\/\|_____/_____|/\/\/\/\/\           |
 |                                                     |
 | Light-by-light scattering at next-to-leading order  |
 |                   (VERSION 0.5)                     |
 |                                                     |
 |    Authors:                                         |
 |            Ajjath A.H. (LPTHE Paris)                |
 |            Ekta Chaubey (Bonn)                      |
 |            Mathijs Fraaije (Bern)                   |
 |            Valentin Hirschi (Bern)                  |
 |            Hua-Sheng Shao (LPTHE Paris)             |
 |                                                     |
 |    Please cite                                      |
 |            PLB 851 (2024) 138555 [arXiv:2312.16956] |
 |            JHEP 03 (2024) 121    [arXiv:2312.16966] |
 |                                                     |
 =======================================================
 ---------------------------------------------------
         the cuts in the lab frame                  
 min transverse momentum of photon    0.0000000000000000     
 max (pseudo-)rapidity of photon    5.0000000000000000     
 min (pseudo-)rapidity of photon   -5.0000000000000000     
 min invariant mass of di-photon    0.0000000000000000     
 ---------------------------------------------------
 WARNING: outside the range of the grid (xs,xt)=   3.5540892621416846E-002  -3.5540892266010683E-002
 WARNING: set the 2-loop amplitudes to zero
 WARNING: outside the range of the grid (xs,xt)=   3.5444938344027656E-002  -3.5444937989581010E-002
 WARNING: set the 2-loop amplitudes to zero
 WARNING: outside the range of the grid (xs,xt)=   3.5608548151465455E-002  -3.5608547795382743E-002
 WARNING: set the 2-loop amplitudes to zero
 WARNING: outside the range of the grid (xs,xt)=   3.5565578641599045E-002  -3.5565578285946024E-002
 WARNING: set the 2-loop amplitudes to zero
 WARNING: outside the range of the grid (xs,xt)=   3.5635880193971438E-002  -3.5635879837615417E-002
 WARNING: set the 2-loop amplitudes to zero
 INFO: will suppress the further warning
 max=  0.15027582030472883     
 min=   0.0000000000000000     
       n_pass,     n_total
       10000       10000
  
 ====================NCALL=20K===========================
  
 ITERATION            1 :
  0.10751319558755951      +\-   5.9706006642850579E-006
 precision:   5.5533654558919312E-005
 max=  0.15304374684173011     
 min=   0.0000000000000000     
       n_pass,     n_total
       20000       20002
 max=  0.15304374684173011     
 min=   0.0000000000000000     
       n_pass,     n_total
       30000       30002
 ITERATION            2 :
  0.10749654173466944      +\-   7.1832990967898544E-006
 precision:   6.6823536654045862E-005
 max=  0.15335403281435439     
 min=   0.0000000000000000     
       n_pass,     n_total
       40000       40012
 max=  0.15335403281435439     
 min=   0.0000000000000000     
       n_pass,     n_total
       50000       50012
 ITERATION            3 :
  0.10749836893287003      +\-   5.3980491857338277E-006
 precision:   5.0215172930714615E-005
 max=  0.15335403281435439     
 min=   0.0000000000000000     
       n_pass,     n_total
       60000       60034
 max=  0.15335403281435439     
 min=   0.0000000000000000     
       n_pass,     n_total
       70000       70034
 ITERATION            4 :
  0.10749284230996073      +\-   5.2354469014063891E-006
 precision:   4.8705074578916883E-005
 max=  0.15337220715933025     
 min=   0.0000000000000000     
       n_pass,     n_total
       80000       80057
 max=  0.15337220715933025     
 min=   0.0000000000000000     
       n_pass,     n_total
       90000       90057
 ITERATION            5 :
  0.10749358703346000      +\-   4.4882972020486160E-006
 precision:   4.1754092740914151E-005
 max=  0.15339377609998206     
 min=   0.0000000000000000     
       n_pass,     n_total
      100000      100089
 max=  0.15339377609998206     
 min=   0.0000000000000000     
       n_pass,     n_total
      110000      110089
 ITERATION            6 :
  0.10748844352404606      +\-   4.2744304683128119E-006
 precision:   3.9766418864894868E-005
 max=  0.15339377609998206     
 min=   0.0000000000000000     
       n_pass,     n_total
      120000      120119
 max=  0.15339377609998206     
 min=   0.0000000000000000     
       n_pass,     n_total
      130000      130119
 ITERATION            7 :
  0.10749417891183470      +\-   4.2971247714545281E-006
 precision:   3.9975418343154866E-005
 max=  0.15339377609998206     
 min=   0.0000000000000000     
       n_pass,     n_total
      140000      140157
 max=  0.15339377609998206     
 min=   0.0000000000000000     
       n_pass,     n_total
      150000      150157
 ITERATION            8 :
  0.10749343805794441      +\-   4.0102699270103467E-006
 precision:   3.7307113805854904E-005
 max=  0.15339377609998206     
 min=   0.0000000000000000     
       n_pass,     n_total
      160000      160209
 max=  0.15339377609998206     
 min=   0.0000000000000000     
       n_pass,     n_total
      170000      170209
 ITERATION            9 :
  0.10749230617286426      +\-   3.8841856266520326E-006
 precision:   3.6134545484638324E-005
 max=  0.15339377609998206     
 min=   0.0000000000000000     
       n_pass,     n_total
      180000      180263
 max=  0.15339377609998206     
 min=   0.0000000000000000     
       n_pass,     n_total
      190000      190263
 ITERATION           10 :
  0.10749843799334394      +\-   3.8341065063729113E-006
 precision:   3.5666625282595368E-005
 ====================NCALL=40K ===========================
  
 max=  0.15339465741117847     
 min=   0.0000000000000000     
       n_pass,     n_total
      200000      200369
 max=  0.15339465741117847     
 min=   0.0000000000000000     
       n_pass,     n_total
      210000      210369
 max=  0.15339465741117847     
 min=   0.0000000000000000     
       n_pass,     n_total
      220000      220369
 max=  0.15339465741117847     
 min=   0.0000000000000000     
       n_pass,     n_total
      230000      230369
  0.10749481337623655      +\-   2.0409680171483730E-006
 precision:   1.8986665058944711E-005
 ====================NCALL=80K ===========================
  
 max=  0.15339552333877027     
 min=   0.0000000000000000     
       n_pass,     n_total
      240000      240623
 max=  0.15339552333877027     
 min=   0.0000000000000000     
       n_pass,     n_total
      250000      250623
 max=  0.15339552333877027     
 min=   0.0000000000000000     
       n_pass,     n_total
      260000      260623
 max=  0.15339552333877027     
 min=   0.0000000000000000     
       n_pass,     n_total
      270000      270623
 max=  0.15339552333877027     
 min=   0.0000000000000000     
       n_pass,     n_total
      280000      280623
 max=  0.15339552333877027     
 min=   0.0000000000000000     
       n_pass,     n_total
      290000      290623
 max=  0.15339552333877027     
 min=   0.0000000000000000     
       n_pass,     n_total
      300000      300623
 max=  0.15339552333877027     
 min=   0.0000000000000000     
       n_pass,     n_total
      310000      310623
  0.10749239105698051      +\-   1.1163023203473976E-006
 precision:   1.0384942686367990E-005
 sigma (pb)                   sd (pb)
  0.10749239105698051        1.1163023203473976E-006
