 =======================================================
 |                                                     |
 |         \/\/\/\/\/\___________/\/\/\/\/\/           |
 |                   |     \     |                     |
 |                   |     /     |                     |
 |                   |     \     |                     |
 |         /\/\/\/\/\|_____/_____|/\/\/\/\/\           |
 |                                                     |
 | Light-by-light scattering at next-to-leading order  |
 |                   (VERSION 0.5)                     |
 |                                                     |
 |    Authors:                                         |
 |            Ajjath A.H. (LPTHE Paris)                |
 |            Ekta Chaubey (Bonn)                      |
 |            Mathijs Fraaije (Bern)                   |
 |            Valentin Hirschi (Bern)                  |
 |            Hua-Sheng Shao (LPTHE Paris)             |
 |                                                     |
 |    Please cite                                      |
 |            PLB 851 (2024) 138555 [arXiv:2312.16956] |
 |            JHEP 03 (2024) 121    [arXiv:2312.16966] |
 |                                                     |
 =======================================================
 ---------------------------------------------------
         the cuts in the lab frame                  
 min transverse momentum of photon    0.0000000000000000     
 max (pseudo-)rapidity of photon    5.0000000000000000     
 min (pseudo-)rapidity of photon   -5.0000000000000000     
 min invariant mass of di-photon    0.0000000000000000     
 ---------------------------------------------------
 WARNING: outside the range of the grid (xs,xt)=   8.9575911260842897E-002  -8.9575910365101305E-002
 WARNING: set the 2-loop amplitudes to zero
 WARNING: outside the range of the grid (xs,xt)=   8.9746427680351362E-002  -8.9746426782904662E-002
 WARNING: set the 2-loop amplitudes to zero
 WARNING: outside the range of the grid (xs,xt)=   8.9638128965298977E-002  -8.9638128068935216E-002
 WARNING: set the 2-loop amplitudes to zero
 WARNING: outside the range of the grid (xs,xt)=   8.9815314318629519E-002  -8.9815313420493981E-002
 WARNING: set the 2-loop amplitudes to zero
 WARNING: outside the range of the grid (xs,xt)=   8.9855741092834340E-002  -8.9855740194294542E-002
 WARNING: set the 2-loop amplitudes to zero
 INFO: will suppress the further warning
 max=   2.4371137454679199     
 min=   0.0000000000000000     
       n_pass,     n_total
       10000       10000
  
 ====================NCALL=20K===========================
  
 ITERATION            1 :
   1.7287421684891147      +\-   5.9557484874714895E-005
 precision:   3.4451340379327310E-005
 max=   2.4509393449151737     
 min=   0.0000000000000000     
       n_pass,     n_total
       20000       20002
 max=   2.4509393449151737     
 min=   0.0000000000000000     
       n_pass,     n_total
       30000       30002
 ITERATION            2 :
   1.7286395652566890      +\-   1.1209794688258319E-004
 precision:   6.4847495762332348E-005
 max=   2.4556487371379818     
 min=   0.0000000000000000     
       n_pass,     n_total
       40000       40010
 max=   2.4556487371379818     
 min=   0.0000000000000000     
       n_pass,     n_total
       50000       50010
 ITERATION            3 :
   1.7284951193540647      +\-   9.5814840950979535E-005
 precision:   5.5432520391949592E-005
 max=   2.4564792082885383     
 min=   0.0000000000000000     
       n_pass,     n_total
       60000       60033
 max=   2.4564792082885383     
 min=   0.0000000000000000     
       n_pass,     n_total
       70000       70033
 ITERATION            4 :
   1.7285366152088439      +\-   7.4739096957038173E-005
 precision:   4.3238364926396483E-005
 max=   2.4565755385880674     
 min=   0.0000000000000000     
       n_pass,     n_total
       80000       80065
 max=   2.4565755385880674     
 min=   0.0000000000000000     
       n_pass,     n_total
       90000       90065
 ITERATION            5 :
   1.7285703409202855      +\-   6.2983774750079415E-005
 precision:   3.6436917410342147E-005
 max=   2.4565755385880674     
 min=   0.0000000000000000     
       n_pass,     n_total
      100000      100111
 max=   2.4565755385880674     
 min=   0.0000000000000000     
       n_pass,     n_total
      110000      110111
 ITERATION            6 :
   1.7285390439677097      +\-   5.7396502790687540E-005
 precision:   3.3205210487429256E-005
 max=   2.4565762169417087     
 min=   0.0000000000000000     
       n_pass,     n_total
      120000      120154
 max=   2.4565762169417087     
 min=   0.0000000000000000     
       n_pass,     n_total
      130000      130154
 ITERATION            7 :
   1.7286367212354308      +\-   5.6157095611668401E-005
 precision:   3.2486348879325996E-005
 max=   2.4565762169417087     
 min=   0.0000000000000000     
       n_pass,     n_total
      140000      140211
 max=   2.4565762169417087     
 min=   0.0000000000000000     
       n_pass,     n_total
      150000      150211
 ITERATION            8 :
   1.7284686578367416      +\-   5.6378774151268834E-005
 precision:   3.2617759017875091E-005
 max=   2.4565762169417087     
 min=   0.0000000000000000     
       n_pass,     n_total
      160000      160280
 max=   2.4565762169417087     
 min=   0.0000000000000000     
       n_pass,     n_total
      170000      170280
 ITERATION            9 :
   1.7285788008835916      +\-   5.4612910695805854E-005
 precision:   3.1594111109016006E-005
 max=   2.4565820830176275     
 min=   0.0000000000000000     
       n_pass,     n_total
      180000      180351
 max=   2.4565820830176275     
 min=   0.0000000000000000     
       n_pass,     n_total
      190000      190351
 ITERATION           10 :
   1.7285891977193535      +\-   5.5585921048820340E-005
 precision:   3.2156813846898194E-005
 ====================NCALL=40K ===========================
  
 max=   2.4565820830176275     
 min=   0.0000000000000000     
       n_pass,     n_total
      200000      200493
 max=   2.4565820830176275     
 min=   0.0000000000000000     
       n_pass,     n_total
      210000      210493
 max=   2.4565820830176275     
 min=   0.0000000000000000     
       n_pass,     n_total
      220000      220493
 max=   2.4565820830176275     
 min=   0.0000000000000000     
       n_pass,     n_total
      230000      230493
   1.7285643268571806      +\-   2.8593784910409497E-005
 precision:   1.6541927000424559E-005
 ====================NCALL=80K ===========================
  
 max=   2.4565820830176275     
 min=   0.0000000000000000     
       n_pass,     n_total
      240000      240819
 max=   2.4565820830176275     
 min=   0.0000000000000000     
       n_pass,     n_total
      250000      250819
 max=   2.4565820830176275     
 min=   0.0000000000000000     
       n_pass,     n_total
      260000      260819
 max=   2.4565820830176275     
 min=   0.0000000000000000     
       n_pass,     n_total
      270000      270819
 max=   2.4565820830176275     
 min=   0.0000000000000000     
       n_pass,     n_total
      280000      280819
 max=   2.4565820830176275     
 min=   0.0000000000000000     
       n_pass,     n_total
      290000      290819
 max=   2.4565820830176275     
 min=   0.0000000000000000     
       n_pass,     n_total
      300000      300819
 max=   2.4565820830176275     
 min=   0.0000000000000000     
       n_pass,     n_total
      310000      310819
   1.7285422089623372      +\-   1.4394819768194219E-005
 precision:   8.3277224551175908E-006
 sigma (pb)                   sd (pb)
   1.7285422089623372        1.4394819768194219E-005
