 =======================================================
 |                                                     |
 |         \/\/\/\/\/\___________/\/\/\/\/\/           |
 |                   |     \     |                     |
 |                   |     /     |                     |
 |                   |     \     |                     |
 |         /\/\/\/\/\|_____/_____|/\/\/\/\/\           |
 |                                                     |
 | Light-by-light scattering at next-to-leading order  |
 |                   (VERSION 0.5)                     |
 |                                                     |
 |    Authors:                                         |
 |            Ajjath A.H. (LPTHE Paris)                |
 |            Ekta Chaubey (Bonn)                      |
 |            Mathijs Fraaije (Bern)                   |
 |            Valentin Hirschi (Bern)                  |
 |            Hua-Sheng Shao (LPTHE Paris)             |
 |                                                     |
 |    Please cite                                      |
 |            PLB 851 (2024) 138555 [arXiv:2312.16956] |
 |            JHEP 03 (2024) 121    [arXiv:2312.16966] |
 |                                                     |
 =======================================================
 ---------------------------------------------------
         the cuts in the lab frame                  
 min transverse momentum of photon    0.0000000000000000     
 max (pseudo-)rapidity of photon    5.0000000000000000     
 min (pseudo-)rapidity of photon   -5.0000000000000000     
 min invariant mass of di-photon    0.0000000000000000     
 ---------------------------------------------------
 max=   2247551.2052717931     
 min=   0.0000000000000000     
       n_pass,     n_total
       10000       10000
  
 ====================NCALL=20K===========================
  
 ITERATION            1 :
   332633.17376806337      +\-   244.77717831559607     
 precision:   7.3587722938985327E-004
 WARNING: outside the range of the grid (xs,xt)=   241.43443078113211       -241.42335868760287     
 WARNING: set the 2-loop amplitudes to zero
 max=   2290963.1091506653     
 min=   0.0000000000000000     
       n_pass,     n_total
       20000       20005
 max=   2290963.1091506653     
 min=   0.0000000000000000     
       n_pass,     n_total
       30000       30005
 ITERATION            2 :
   332116.13319974986      +\-   70.638754404625644     
 precision:   2.1269293281257209E-004
 max=   2290963.1091506653     
 min=   0.0000000000000000     
       n_pass,     n_total
       40000       40025
 max=   2290963.1091506653     
 min=   0.0000000000000000     
       n_pass,     n_total
       50000       50025
 ITERATION            3 :
   331980.93149860896      +\-   64.432505996000813     
 precision:   1.9408496055825663E-004
 WARNING: outside the range of the grid (xs,xt)=   241.43443078113211       -241.42298878424594     
 WARNING: set the 2-loop amplitudes to zero
 WARNING: outside the range of the grid (xs,xt)=   241.43443078113211       -241.42280016429461     
 WARNING: set the 2-loop amplitudes to zero
 max=   2305808.8855031854     
 min=   0.0000000000000000     
       n_pass,     n_total
       60000       60060
 max=   2305808.8855031854     
 min=   0.0000000000000000     
       n_pass,     n_total
       70000       70060
 WARNING: outside the range of the grid (xs,xt)=   241.43443078113211       -1.1947780390823224E-002
 WARNING: set the 2-loop amplitudes to zero
 WARNING: outside the range of the grid (xs,xt)=   241.43443078113211       -1.0983139448204469E-002
 WARNING: set the 2-loop amplitudes to zero
 INFO: will suppress the further warning
 ITERATION            4 :
   331998.00207058055      +\-   57.595131498790039     
 precision:   1.7348035572378444E-004
 max=   2313392.0757216611     
 min=   0.0000000000000000     
       n_pass,     n_total
       80000       80107
 max=   2313392.0757216611     
 min=   0.0000000000000000     
       n_pass,     n_total
       90000       90107
 ITERATION            5 :
   332031.33719620772      +\-   52.160121837163544     
 precision:   1.5709397274854360E-004
 max=   2313392.0757216611     
 min=   0.0000000000000000     
       n_pass,     n_total
      100000      100174
 max=   2313392.0757216611     
 min=   0.0000000000000000     
       n_pass,     n_total
      110000      110174
 ITERATION            6 :
   331976.49392410775      +\-   50.857006912165154     
 precision:   1.5319460215695705E-004
 max=   2315186.4232039144     
 min=   0.0000000000000000     
       n_pass,     n_total
      120000      120245
 max=   2315186.4232039144     
 min=   0.0000000000000000     
       n_pass,     n_total
      130000      130245
 ITERATION            7 :
   332086.23640780500      +\-   49.311994459035340     
 precision:   1.4849153338134660E-004
 max=   2315267.7182939975     
 min=   0.0000000000000000     
       n_pass,     n_total
      140000      140327
 max=   2315267.7182939975     
 min=   0.0000000000000000     
       n_pass,     n_total
      150000      150327
 ITERATION            8 :
   331938.01400408865      +\-   48.573293600894175     
 precision:   1.4633242217414687E-004
 max=   2315267.7182939975     
 min=   0.0000000000000000     
       n_pass,     n_total
      160000      160412
 max=   2315267.7182939975     
 min=   0.0000000000000000     
       n_pass,     n_total
      170000      170412
 ITERATION            9 :
   332046.49283566815      +\-   47.513832188041064     
 precision:   1.4309391369345361E-004
 max=   2315267.7182939975     
 min=   0.0000000000000000     
       n_pass,     n_total
      180000      180504
 max=   2315267.7182939975     
 min=   0.0000000000000000     
       n_pass,     n_total
      190000      190504
 ITERATION           10 :
   332060.34175938426      +\-   48.589800865988138     
 precision:   1.4632822639566219E-004
 ====================NCALL=40K ===========================
  
 max=   2328299.2186428811     
 min=   0.0000000000000000     
       n_pass,     n_total
      200000      200677
 max=   2328299.2186428811     
 min=   0.0000000000000000     
       n_pass,     n_total
      210000      210677
 max=   2328299.2186428811     
 min=   0.0000000000000000     
       n_pass,     n_total
      220000      220677
 max=   2328299.2186428811     
 min=   0.0000000000000000     
       n_pass,     n_total
      230000      230677
   332037.97660147247      +\-   24.183944416412828     
 precision:   7.2834874684950664E-005
 ====================NCALL=80K ===========================
  
 max=   2328299.2186428811     
 min=   0.0000000000000000     
       n_pass,     n_total
      240000      241064
 max=   2328299.2186428811     
 min=   0.0000000000000000     
       n_pass,     n_total
      250000      251064
 max=   2328299.2186428811     
 min=   0.0000000000000000     
       n_pass,     n_total
      260000      261064
 max=   2328299.2186428811     
 min=   0.0000000000000000     
       n_pass,     n_total
      270000      271064
 max=   2328299.2186428811     
 min=   0.0000000000000000     
       n_pass,     n_total
      280000      281064
 max=   2328299.2186428811     
 min=   0.0000000000000000     
       n_pass,     n_total
      290000      291064
 max=   2328299.2186428811     
 min=   0.0000000000000000     
       n_pass,     n_total
      300000      301064
 max=   2328299.2186428811     
 min=   0.0000000000000000     
       n_pass,     n_total
      310000      311064
   332006.54418470518      +\-   11.720616659535260     
 precision:   3.5302366368461490E-005
 sigma (pb)                   sd (pb)
   332006.54418470518        11.720616659535260     
