 =======================================================
 |                                                     |
 |         \/\/\/\/\/\___________/\/\/\/\/\/           |
 |                   |     \     |                     |
 |                   |     /     |                     |
 |                   |     \     |                     |
 |         /\/\/\/\/\|_____/_____|/\/\/\/\/\           |
 |                                                     |
 | Light-by-light scattering at next-to-leading order  |
 |                   (VERSION 0.5)                     |
 |                                                     |
 |    Authors:                                         |
 |            Ajjath A.H. (LPTHE Paris)                |
 |            Ekta Chaubey (Bonn)                      |
 |            Mathijs Fraaije (Bern)                   |
 |            Valentin Hirschi (Bern)                  |
 |            Hua-Sheng Shao (LPTHE Paris)             |
 |                                                     |
 |    Please cite                                      |
 |            PLB 851 (2024) 138555 [arXiv:2312.16956] |
 |            JHEP 03 (2024) 121    [arXiv:2312.16966] |
 |                                                     |
 =======================================================
 ---------------------------------------------------
         the cuts in the lab frame                  
 min transverse momentum of photon    0.0000000000000000     
 max (pseudo-)rapidity of photon    5.0000000000000000     
 min (pseudo-)rapidity of photon   -5.0000000000000000     
 min invariant mass of di-photon    0.0000000000000000     
 ---------------------------------------------------
 max=  0.33429332791191135     
 min=   0.0000000000000000     
       n_pass,     n_total
       10000       10000
  
 ====================NCALL=20K===========================
  
 ITERATION            1 :
   1.5003400426187162E-002 +\-   3.7142262475649469E-005
 precision:   2.4755896277233796E-003
 WARNING: outside the range of the grid (xs,xt)=   1060592.5595901089       -1060541.1185520124     
 WARNING: set the 2-loop amplitudes to zero
 WARNING: outside the range of the grid (xs,xt)=   1029628.0276816607       -1029578.0884904809     
 WARNING: set the 2-loop amplitudes to zero
 WARNING: outside the range of the grid (xs,xt)=   495730.94543940027       -495706.90141399257     
 WARNING: set the 2-loop amplitudes to zero
 WARNING: outside the range of the grid (xs,xt)=   52900.000000000000       -52897.434235333159     
 WARNING: set the 2-loop amplitudes to zero
 WARNING: outside the range of the grid (xs,xt)=   5275.3462603878115       -5275.0903946592625     
 WARNING: set the 2-loop amplitudes to zero
 INFO: will suppress the further warning
 max=  0.39057006897936830     
 min=   0.0000000000000000     
       n_pass,     n_total
       20000       20007
 max=  0.39057006897936830     
 min=   0.0000000000000000     
       n_pass,     n_total
       30000       30007
 ITERATION            2 :
   1.4960725560256998E-002 +\-   1.0785421834007043E-005
 precision:   7.2091569292992029E-004
 max=  0.39057458261614864     
 min=   0.0000000000000000     
       n_pass,     n_total
       40000       40035
 max=  0.39057458261614864     
 min=   0.0000000000000000     
       n_pass,     n_total
       50000       50035
 ITERATION            3 :
   1.4951527125150452E-002 +\-   4.4732796972179691E-006
 precision:   2.9918547180998782E-004
 max=  0.39057458261614864     
 min=   0.0000000000000000     
       n_pass,     n_total
       60000       60118
 max=  0.39057458261614864     
 min=   0.0000000000000000     
       n_pass,     n_total
       70000       70118
 ITERATION            4 :
   1.4956177492147782E-002 +\-   3.4513178212830073E-006
 precision:   2.3076202613234571E-004
 max=  0.39959956554339920     
 min=   0.0000000000000000     
       n_pass,     n_total
       80000       80298
 max=  0.39959956554339920     
 min=   0.0000000000000000     
       n_pass,     n_total
       90000       90298
 ITERATION            5 :
   1.4952628081218453E-002 +\-   2.7499544526730887E-006
 precision:   1.8391111166118175E-004
 max=  0.40085522336867341     
 min=   0.0000000000000000     
       n_pass,     n_total
      100000      100593
 max=  0.40085522336867341     
 min=   0.0000000000000000     
       n_pass,     n_total
      110000      110593
 ITERATION            6 :
   1.4955518015488866E-002 +\-   2.3855917184648893E-006
 precision:   1.5951247666541685E-004
 max=  0.40246415244449396     
 min=   0.0000000000000000     
       n_pass,     n_total
      120000      120878
 max=  0.40246415244449396     
 min=   0.0000000000000000     
       n_pass,     n_total
      130000      130878
 ITERATION            7 :
   1.4960012894141617E-002 +\-   2.2752334774156429E-006
 precision:   1.5208766820693254E-004
 max=  0.40246415244449396     
 min=   0.0000000000000000     
       n_pass,     n_total
      140000      141248
 max=  0.40246415244449396     
 min=   0.0000000000000000     
       n_pass,     n_total
      150000      151248
 ITERATION            8 :
   1.4953297181047851E-002 +\-   2.2646734170069051E-006
 precision:   1.5144976987932826E-004
 max=  0.40246415244449396     
 min=   0.0000000000000000     
       n_pass,     n_total
      160000      161459
 max=  0.40246415244449396     
 min=   0.0000000000000000     
       n_pass,     n_total
      170000      171459
 ITERATION            9 :
   1.4955038389838457E-002 +\-   2.3803148619402539E-006
 precision:   1.5916474434178739E-004
 max=  0.40246415244449396     
 min=   0.0000000000000000     
       n_pass,     n_total
      180000      181842
 max=  0.40246415244449396     
 min=   0.0000000000000000     
       n_pass,     n_total
      190000      191842
 ITERATION           10 :
   1.4957189125073409E-002 +\-   2.4421209309282505E-006
 precision:   1.6327405574048759E-004
 ====================NCALL=40K ===========================
  
 max=  0.40246415244449396     
 min=   0.0000000000000000     
       n_pass,     n_total
      200000      202177
 max=  0.40246415244449396     
 min=   0.0000000000000000     
       n_pass,     n_total
      210000      212177
 max=  0.40246415244449396     
 min=   0.0000000000000000     
       n_pass,     n_total
      220000      222177
 max=  0.40246415244449396     
 min=   0.0000000000000000     
       n_pass,     n_total
      230000      232177
   1.4956693134699403E-002 +\-   1.1083124957382802E-006
 precision:   7.4101439787315317E-005
 ====================NCALL=80K ===========================
  
 max=  0.40887121411391836     
 min=   0.0000000000000000     
       n_pass,     n_total
      240000      243089
 max=  0.40887121411391836     
 min=   0.0000000000000000     
       n_pass,     n_total
      250000      253089
 max=  0.40887121411391836     
 min=   0.0000000000000000     
       n_pass,     n_total
      260000      263089
 max=  0.40887121411391836     
 min=   0.0000000000000000     
       n_pass,     n_total
      270000      273089
 max=  0.40887121411391836     
 min=   0.0000000000000000     
       n_pass,     n_total
      280000      283089
 max=  0.40887121411391836     
 min=   0.0000000000000000     
       n_pass,     n_total
      290000      293089
 max=  0.40887121411391836     
 min=   0.0000000000000000     
       n_pass,     n_total
      300000      303089
 max=  0.40887121411391836     
 min=   0.0000000000000000     
       n_pass,     n_total
      310000      313089
   1.4956188100179098E-002 +\-   5.8616103723158908E-007
 precision:   3.9191873845486732E-005
 sigma (pb)                   sd (pb)
   1.4956188100179098E-002   5.8616103723158908E-007
