 =======================================================
 |                                                     |
 |         \/\/\/\/\/\___________/\/\/\/\/\/           |
 |                   |     \     |                     |
 |                   |     /     |                     |
 |                   |     \     |                     |
 |         /\/\/\/\/\|_____/_____|/\/\/\/\/\           |
 |                                                     |
 | Light-by-light scattering at next-to-leading order  |
 |                   (VERSION 0.5)                     |
 |                                                     |
 |    Authors:                                         |
 |            Ajjath A.H. (LPTHE Paris)                |
 |            Ekta Chaubey (Bonn)                      |
 |            Mathijs Fraaije (Bern)                   |
 |            Valentin Hirschi (Bern)                  |
 |            Hua-Sheng Shao (LPTHE Paris)             |
 |                                                     |
 |    Please cite                                      |
 |            PLB 851 (2024) 138555 [arXiv:2312.16956] |
 |            JHEP 03 (2024) 121    [arXiv:2312.16966] |
 |                                                     |
 =======================================================
 ---------------------------------------------------
         the cuts in the lab frame                  
 min transverse momentum of photon    0.0000000000000000     
 max (pseudo-)rapidity of photon    5.0000000000000000     
 min (pseudo-)rapidity of photon   -5.0000000000000000     
 min invariant mass of di-photon    0.0000000000000000     
 ---------------------------------------------------
 max=   1762162.5762942189     
 min=   0.0000000000000000     
       n_pass,     n_total
       10000       10000
  
 ====================NCALL=20K===========================
  
 ITERATION            1 :
   171250.64034691453      +\-   249.27860856886230     
 precision:   1.4556360669010112E-003
 WARNING: outside the range of the grid (xs,xt)=   509.99957873935847       -509.97631976798584     
 WARNING: set the 2-loop amplitudes to zero
 WARNING: outside the range of the grid (xs,xt)=   1.0355844212399179E-002  -1.0355371925177550E-002
 WARNING: set the 2-loop amplitudes to zero
 max=   1773647.1163831232     
 min=   0.0000000000000000     
       n_pass,     n_total
       20000       20006
 max=   1773647.1163831232     
 min=   0.0000000000000000     
       n_pass,     n_total
       30000       30006
 ITERATION            2 :
   170739.86431493791      +\-   51.448229782617176     
 precision:   3.0132523525799713E-004
 WARNING: outside the range of the grid (xs,xt)=   509.99957873935847       -509.97457476259223     
 WARNING: set the 2-loop amplitudes to zero
 WARNING: outside the range of the grid (xs,xt)=   1.0355844212399179E-002  -1.0355336491807093E-002
 WARNING: set the 2-loop amplitudes to zero
 WARNING: outside the range of the grid (xs,xt)=   509.99957873935847       -509.97511652383213     
 WARNING: set the 2-loop amplitudes to zero
 INFO: will suppress the further warning
 max=   1773647.1163831232     
 min=   0.0000000000000000     
       n_pass,     n_total
       40000       40027
 max=   1773647.1163831232     
 min=   0.0000000000000000     
       n_pass,     n_total
       50000       50027
 ITERATION            3 :
   170649.26214205089      +\-   41.057297801723827     
 precision:   2.4059464006089370E-004
 max=   1786814.8362920997     
 min=   0.0000000000000000     
       n_pass,     n_total
       60000       60073
 max=   1786814.8362920997     
 min=   0.0000000000000000     
       n_pass,     n_total
       70000       70073
 ITERATION            4 :
   170655.20936668135      +\-   36.585136403517140     
 precision:   2.1438042553337963E-004
 max=   1788944.2543714938     
 min=   0.0000000000000000     
       n_pass,     n_total
       80000       80142
 max=   1788944.2543714938     
 min=   0.0000000000000000     
       n_pass,     n_total
       90000       90142
 ITERATION            5 :
   170670.69185852210      +\-   32.362298988102715     
 precision:   1.8961837346349731E-004
 max=   1788944.2543714938     
 min=   0.0000000000000000     
       n_pass,     n_total
      100000      100243
 max=   1788944.2543714938     
 min=   0.0000000000000000     
       n_pass,     n_total
      110000      110243
 ITERATION            6 :
   170648.27794249501      +\-   31.070245823373149     
 precision:   1.8207183921213190E-004
 max=   1789241.1803998570     
 min=   0.0000000000000000     
       n_pass,     n_total
      120000      120357
 max=   1789241.1803998570     
 min=   0.0000000000000000     
       n_pass,     n_total
      130000      130357
 ITERATION            7 :
   170718.36487947957      +\-   29.883453238278847     
 precision:   1.7504533422268534E-004
 max=   1789355.4596983518     
 min=   0.0000000000000000     
       n_pass,     n_total
      140000      140486
 max=   1789355.4596983518     
 min=   0.0000000000000000     
       n_pass,     n_total
      150000      150486
 ITERATION            8 :
   170618.49679066220      +\-   29.380256566637584     
 precision:   1.7219854306116205E-004
 max=   1789355.4596983518     
 min=   0.0000000000000000     
       n_pass,     n_total
      160000      160626
 max=   1789355.4596983518     
 min=   0.0000000000000000     
       n_pass,     n_total
      170000      170626
 ITERATION            9 :
   170668.64930251052      +\-   28.877367391621714     
 precision:   1.6920135894692951E-004
 max=   1799231.5465185314     
 min=   0.0000000000000000     
       n_pass,     n_total
      180000      180781
 max=   1799231.5465185314     
 min=   0.0000000000000000     
       n_pass,     n_total
      190000      190781
 ITERATION           10 :
   170699.53523627907      +\-   28.902475206313770     
 precision:   1.6931783186349927E-004
 ====================NCALL=40K ===========================
  
 max=   1799231.5465185314     
 min=   0.0000000000000000     
       n_pass,     n_total
      200000      201031
 max=   1799231.5465185314     
 min=   0.0000000000000000     
       n_pass,     n_total
      210000      211031
 max=   1799231.5465185314     
 min=   0.0000000000000000     
       n_pass,     n_total
      220000      221031
 max=   1799231.5465185314     
 min=   0.0000000000000000     
       n_pass,     n_total
      230000      231031
   170693.21012346487      +\-   14.325624543682348     
 precision:   8.3926153438208912E-005
 ====================NCALL=80K ===========================
  
 max=   1799231.5465185314     
 min=   0.0000000000000000     
       n_pass,     n_total
      240000      241549
 max=   1799231.5465185314     
 min=   0.0000000000000000     
       n_pass,     n_total
      250000      251549
 max=   1799231.5465185314     
 min=   0.0000000000000000     
       n_pass,     n_total
      260000      261549
 max=   1799231.5465185314     
 min=   0.0000000000000000     
       n_pass,     n_total
      270000      271549
 max=   1799231.5465185314     
 min=   0.0000000000000000     
       n_pass,     n_total
      280000      281549
 max=   1799231.5465185314     
 min=   0.0000000000000000     
       n_pass,     n_total
      290000      291549
 max=   1799231.5465185314     
 min=   0.0000000000000000     
       n_pass,     n_total
      300000      301549
 max=   1799231.5465185314     
 min=   0.0000000000000000     
       n_pass,     n_total
      310000      311549
   170670.84579794758      +\-   6.5853111014944430     
 precision:   3.8584862404037115E-005
 sigma (pb)                   sd (pb)
   170670.84579794758        6.5853111014944430     
