 =======================================================
 |                                                     |
 |         \/\/\/\/\/\___________/\/\/\/\/\/           |
 |                   |     \     |                     |
 |                   |     /     |                     |
 |                   |     \     |                     |
 |         /\/\/\/\/\|_____/_____|/\/\/\/\/\           |
 |                                                     |
 | Light-by-light scattering at next-to-leading order  |
 |                   (VERSION 0.5)                     |
 |                                                     |
 |    Authors:                                         |
 |            Ajjath A.H. (LPTHE Paris)                |
 |            Ekta Chaubey (Bonn)                      |
 |            Mathijs Fraaije (Bern)                   |
 |            Valentin Hirschi (Bern)                  |
 |            Hua-Sheng Shao (LPTHE Paris)             |
 |                                                     |
 |    Please cite                                      |
 |            PLB 851 (2024) 138555 [arXiv:2312.16956] |
 |            JHEP 03 (2024) 121    [arXiv:2312.16966] |
 |                                                     |
 =======================================================
 ---------------------------------------------------
         the cuts in the lab frame                  
 min transverse momentum of photon    0.0000000000000000     
 max (pseudo-)rapidity of photon    5.0000000000000000     
 min (pseudo-)rapidity of photon   -5.0000000000000000     
 min invariant mass of di-photon    0.0000000000000000     
 ---------------------------------------------------
 max=   11261.631102010580     
 min=   0.0000000000000000     
       n_pass,     n_total
       10000       10000
  
 ====================NCALL=20K===========================
  
 ITERATION            1 :
   265.23263068756734      +\-   1.3092927169458222     
 precision:   4.9363938122987316E-003
 WARNING: outside the range of the grid (xs,xt)=   1.4114858543105369       -1.4114166826797696     
 WARNING: set the 2-loop amplitudes to zero
 WARNING: outside the range of the grid (xs,xt)=   1.3702768166089965       -1.3702096644786950     
 WARNING: set the 2-loop amplitudes to zero
 WARNING: outside the range of the grid (xs,xt)=  0.65974177426072478      -0.65970944278940935     
 WARNING: set the 2-loop amplitudes to zero
 WARNING: outside the range of the grid (xs,xt)=   7.0401777777777785E-002  -7.0398327650549847E-002
 WARNING: set the 2-loop amplitudes to zero
 WARNING: outside the range of the grid (xs,xt)=   606630.64249907143       -606600.91380523657     
 WARNING: set the 2-loop amplitudes to zero
 INFO: will suppress the further warning
 max=   12997.419834182594     
 min=   0.0000000000000000     
       n_pass,     n_total
       20000       20008
 max=   12997.419834182594     
 min=   0.0000000000000000     
       n_pass,     n_total
       30000       30008
 ITERATION            2 :
   263.74854091298403      +\-  0.34871156814849835     
 precision:   1.3221364825049225E-003
 max=   13122.042161958609     
 min=   0.0000000000000000     
       n_pass,     n_total
       40000       40041
 max=   13122.042161958609     
 min=   0.0000000000000000     
       n_pass,     n_total
       50000       50041
 ITERATION            3 :
   263.61569061880783      +\-  0.12558739773974825     
 precision:   4.7640334854479310E-004
 max=   13122.042161958609     
 min=   0.0000000000000000     
       n_pass,     n_total
       60000       60160
 max=   13122.042161958609     
 min=   0.0000000000000000     
       n_pass,     n_total
       70000       70160
 ITERATION            4 :
   263.65966624823932      +\-   8.1027239097493001E-002
 precision:   3.0731753646841341E-004
 max=   13122.042161958609     
 min=   0.0000000000000000     
       n_pass,     n_total
       80000       80435
 max=   13122.042161958609     
 min=   0.0000000000000000     
       n_pass,     n_total
       90000       90435
 ITERATION            5 :
   263.65261301145404      +\-   5.5921308568528873E-002
 precision:   2.1210223532318811E-004
 max=   13122.042161958609     
 min=   0.0000000000000000     
       n_pass,     n_total
      100000      100738
 max=   13122.042161958609     
 min=   0.0000000000000000     
       n_pass,     n_total
      110000      110738
 ITERATION            6 :
   263.57977043294665      +\-   6.5800464726826560E-002
 precision:   2.4964155867783435E-004
 max=   13122.042161958609     
 min=   0.0000000000000000     
       n_pass,     n_total
      120000      121114
 max=   13122.042161958609     
 min=   0.0000000000000000     
       n_pass,     n_total
      130000      131114
 ITERATION            7 :
   263.74734386869955      +\-   5.7006531789244821E-002
 precision:   2.1614068582857156E-004
 max=   13178.722300902666     
 min=   0.0000000000000000     
       n_pass,     n_total
      140000      141628
 max=   13178.722300902666     
 min=   0.0000000000000000     
       n_pass,     n_total
      150000      151628
 ITERATION            8 :
   263.58228113730843      +\-   5.0747421435220465E-002
 precision:   1.9252971488164833E-004
 max=   13178.722300902666     
 min=   0.0000000000000000     
       n_pass,     n_total
      160000      162185
 max=   13178.722300902666     
 min=   0.0000000000000000     
       n_pass,     n_total
      170000      172185
 ITERATION            9 :
   263.64523283086351      +\-   4.9452958418625549E-002
 precision:   1.8757387678749017E-004
 max=   13178.722300902666     
 min=   0.0000000000000000     
       n_pass,     n_total
      180000      182792
 max=   13178.722300902666     
 min=   0.0000000000000000     
       n_pass,     n_total
      190000      192792
 ITERATION           10 :
   263.74739430538864      +\-   4.9132149324977864E-002
 precision:   1.8628487100080536E-004
 ====================NCALL=40K ===========================
  
 max=   13178.722300902666     
 min=   0.0000000000000000     
       n_pass,     n_total
      200000      203819
 max=   13178.722300902666     
 min=   0.0000000000000000     
       n_pass,     n_total
      210000      213819
 max=   13178.722300902666     
 min=   0.0000000000000000     
       n_pass,     n_total
      220000      223819
 max=   13178.722300902666     
 min=   0.0000000000000000     
       n_pass,     n_total
      230000      233819
   263.68335722816732      +\-   2.3765904362466211E-002
 precision:   9.0130467892599617E-005
 ====================NCALL=80K ===========================
  
 max=   13178.722300902666     
 min=   0.0000000000000000     
       n_pass,     n_total
      240000      246206
 max=   13178.722300902666     
 min=   0.0000000000000000     
       n_pass,     n_total
      250000      256206
 max=   13178.722300902666     
 min=   0.0000000000000000     
       n_pass,     n_total
      260000      266206
 max=   13178.722300902666     
 min=   0.0000000000000000     
       n_pass,     n_total
      270000      276206
 max=   13178.722300902666     
 min=   0.0000000000000000     
       n_pass,     n_total
      280000      286206
 max=   13178.722300902666     
 min=   0.0000000000000000     
       n_pass,     n_total
      290000      296206
 max=   13178.722300902666     
 min=   0.0000000000000000     
       n_pass,     n_total
      300000      306206
   263.67076129347299      +\-   1.1489416401775329E-002
 precision:   4.3574859591607448E-005
 sigma (pb)                   sd (pb)
   263.67076129347299        1.1489416401775329E-002
