 =======================================================
 |                                                     |
 |         \/\/\/\/\/\___________/\/\/\/\/\/           |
 |                   |     \     |                     |
 |                   |     /     |                     |
 |                   |     \     |                     |
 |         /\/\/\/\/\|_____/_____|/\/\/\/\/\           |
 |                                                     |
 | Light-by-light scattering at next-to-leading order  |
 |                   (VERSION 0.5)                     |
 |                                                     |
 |    Authors:                                         |
 |            Ajjath A.H. (LPTHE Paris)                |
 |            Ekta Chaubey (Bonn)                      |
 |            Mathijs Fraaije (Bern)                   |
 |            Valentin Hirschi (Bern)                  |
 |            Hua-Sheng Shao (LPTHE Paris)             |
 |                                                     |
 |    Please cite                                      |
 |            PLB 851 (2024) 138555 [arXiv:2312.16956] |
 |            JHEP 03 (2024) 121    [arXiv:2312.16966] |
 |                                                     |
 =======================================================
 ---------------------------------------------------
         the cuts in the lab frame                  
 min transverse momentum of photon    0.0000000000000000     
 max (pseudo-)rapidity of photon    5.0000000000000000     
 min (pseudo-)rapidity of photon   -5.0000000000000000     
 min invariant mass of di-photon    0.0000000000000000     
 ---------------------------------------------------
 WARNING: outside the range of the grid (xs,xt)=   2.5248444674910098       -2.5248444422564695     
 WARNING: set the 2-loop amplitudes to zero
 WARNING: outside the range of the grid (xs,xt)=   2.5246833761761200       -2.5246833509431896     
 WARNING: set the 2-loop amplitudes to zero
 WARNING: outside the range of the grid (xs,xt)=   2.5248671254709665       -2.5248671002362006     
 WARNING: set the 2-loop amplitudes to zero
 max=   938124477840449.75     
 min=   0.0000000000000000     
       n_pass,     n_total
       10000       10000
  
 ====================NCALL=20K===========================
  
 ITERATION            1 :
   97833629027.089035      +\-   62256617964.418869     
 precision:  0.63635192298939158     
 WARNING: outside the range of the grid (xs,xt)=   2.5248532676977056       -2.5248532424630774     
 WARNING: set the 2-loop amplitudes to zero
 WARNING: outside the range of the grid (xs,xt)=   2.5247641348973775       -2.5247641096636406     
 WARNING: set the 2-loop amplitudes to zero
 INFO: will suppress the further warning
 max=   2216104595775575.0     
 min=   0.0000000000000000     
       n_pass,     n_total
       20000       20017
 max=   2216104595775575.0     
 min=   0.0000000000000000     
       n_pass,     n_total
       30000       30017
 ITERATION            2 :
   97689800162.433884      +\-   59835991685.585251     
 precision:  0.61251012476320821     
 max=   2410785686784628.0     
 min=   0.0000000000000000     
       n_pass,     n_total
       40000       40292
 max=   2410785686784628.0     
 min=   0.0000000000000000     
       n_pass,     n_total
       50000       50292
 ITERATION            3 :
   75967044902.878250      +\-   3680068561.1757216     
 precision:   4.8442960574293585E-002
 max=   2430110202219032.5     
 min=   0.0000000000000000     
       n_pass,     n_total
       60000       64875
 max=   2430110202219032.5     
 min=   0.0000000000000000     
       n_pass,     n_total
       70000       74875
 ITERATION            4 :
   77234854250.664230      +\-   127729584.61161283     
 precision:   1.6537816488533651E-003
 max=   2430110202219032.5     
 min=   0.0000000000000000     
       n_pass,     n_total
       80000       91631
 ITERATION            5 :
   77313401990.350891      +\-   27685944.181382310     
 precision:   3.5810019309249461E-004
 max=   2430110202219032.5     
 min=   0.0000000000000000     
       n_pass,     n_total
       90000      104037
 max=   2430110202219032.5     
 min=   0.0000000000000000     
       n_pass,     n_total
      100000      114037
 ITERATION            6 :
   77321669951.256393      +\-   13215166.030006407     
 precision:   1.7091154443944694E-004
 max=   2430110202219032.5     
 min=   0.0000000000000000     
       n_pass,     n_total
      110000      125138
 max=   2430110202219032.5     
 min=   0.0000000000000000     
       n_pass,     n_total
      120000      135138
 ITERATION            7 :
   77297333612.256287      +\-   9474979.2718894426     
 precision:   1.2257834557940155E-004
 max=   2430110202219032.5     
 min=   0.0000000000000000     
       n_pass,     n_total
      130000      147175
 ITERATION            8 :
   77304463495.993027      +\-   7032064.6201702226     
 precision:   9.0965829166316127E-005
 max=   2430110202219032.5     
 min=   0.0000000000000000     
       n_pass,     n_total
      140000      158357
 max=   2430110202219032.5     
 min=   0.0000000000000000     
       n_pass,     n_total
      150000      168357
 ITERATION            9 :
   77296902105.715225      +\-   6094680.4558629068     
 precision:   7.8847667756820418E-005
 max=   2430110202219032.5     
 min=   0.0000000000000000     
       n_pass,     n_total
      160000      180074
 max=   2430110202219032.5     
 min=   0.0000000000000000     
       n_pass,     n_total
      170000      190074
 ITERATION           10 :
   77251524132.653290      +\-   6883264.0162597811     
 precision:   8.9101983340032353E-005
 ====================NCALL=40K ===========================
  
 max=   2430110202219032.5     
 min=   0.0000000000000000     
       n_pass,     n_total
      180000      204942
 max=   2430110202219032.5     
 min=   0.0000000000000000     
       n_pass,     n_total
      190000      214942
 max=   2430110202219032.5     
 min=   0.0000000000000000     
       n_pass,     n_total
      200000      224942
 max=   2430110202219032.5     
 min=   0.0000000000000000     
       n_pass,     n_total
      210000      234942
   75551108662.063187      +\-   2759670.4720512894     
 precision:   3.6527200208208394E-005
 ====================NCALL=80K ===========================
  
 max=   2430111824670348.0     
 min=   0.0000000000000000     
       n_pass,     n_total
      220000      249094
 max=   2430111824670348.0     
 min=   0.0000000000000000     
       n_pass,     n_total
      230000      259094
 max=   2430111824670348.0     
 min=   0.0000000000000000     
       n_pass,     n_total
      240000      269094
 max=   2430111824670348.0     
 min=   0.0000000000000000     
       n_pass,     n_total
      250000      279094
 max=   2430111824670348.0     
 min=   0.0000000000000000     
       n_pass,     n_total
      260000      289094
 max=   2430111824670348.0     
 min=   0.0000000000000000     
       n_pass,     n_total
      270000      299094
 max=   2430111824670348.0     
 min=   0.0000000000000000     
       n_pass,     n_total
      280000      309094
   75199643688.096024      +\-   1088724.8243600891     
 precision:   1.4477792326726575E-005
 sigma (pb)                   sd (pb)
   75199643688.096024        1088724.8243600891     
