 =======================================================
 |                                                     |
 |         \/\/\/\/\/\___________/\/\/\/\/\/           |
 |                   |     \     |                     |
 |                   |     /     |                     |
 |                   |     \     |                     |
 |         /\/\/\/\/\|_____/_____|/\/\/\/\/\           |
 |                                                     |
 | Light-by-light scattering at next-to-leading order  |
 |                   (VERSION 0.5)                     |
 |                                                     |
 |    Authors:                                         |
 |            Ajjath A.H. (LPTHE Paris)                |
 |            Ekta Chaubey (Bonn)                      |
 |            Mathijs Fraaije (Bern)                   |
 |            Valentin Hirschi (Bern)                  |
 |            Hua-Sheng Shao (LPTHE Paris)             |
 |                                                     |
 |    Please cite                                      |
 |            PLB 851 (2024) 138555 [arXiv:2312.16956] |
 |            JHEP 03 (2024) 121    [arXiv:2312.16966] |
 |                                                     |
 =======================================================
 ---------------------------------------------------
         the cuts in the lab frame                  
 min transverse momentum of photon    0.0000000000000000     
 max (pseudo-)rapidity of photon    5.0000000000000000     
 min (pseudo-)rapidity of photon   -5.0000000000000000     
 min invariant mass of di-photon    0.0000000000000000     
 ---------------------------------------------------
 WARNING: outside the range of the grid (xs,xt)=   1.7960645283437330E-002  -1.7960645103831583E-002
 WARNING: set the 2-loop amplitudes to zero
 WARNING: outside the range of the grid (xs,xt)=   1.7912154640335760E-002  -1.7912154461214913E-002
 WARNING: set the 2-loop amplitudes to zero
 WARNING: outside the range of the grid (xs,xt)=   1.7994835110620611E-002  -1.7994834930672970E-002
 WARNING: set the 2-loop amplitudes to zero
 WARNING: outside the range of the grid (xs,xt)=   1.7973120402075313E-002  -1.7973120222344818E-002
 WARNING: set the 2-loop amplitudes to zero
 WARNING: outside the range of the grid (xs,xt)=   1.8008647400749377E-002  -1.8008647220663612E-002
 WARNING: set the 2-loop amplitudes to zero
 INFO: will suppress the further warning
 max=   1.9327016754028155E-002
 min=   0.0000000000000000     
       n_pass,     n_total
       10000       10000
  
 ====================NCALL=20K===========================
  
 ITERATION            1 :
   1.3815341502981304E-002 +\-   1.2021684549833943E-006
 precision:   8.7016919178144848E-005
 max=   1.9750566522440099E-002
 min=   0.0000000000000000     
       n_pass,     n_total
       20000       20002
 max=   1.9750566522440099E-002
 min=   0.0000000000000000     
       n_pass,     n_total
       30000       30002
 ITERATION            2 :
   1.3812356375861121E-002 +\-   9.6561056058895566E-007
 precision:   6.9909183799839170E-005
 max=   1.9794808784905062E-002
 min=   0.0000000000000000     
       n_pass,     n_total
       40000       40012
 max=   1.9794808784905062E-002
 min=   0.0000000000000000     
       n_pass,     n_total
       50000       50012
 ITERATION            3 :
   1.3811752674388231E-002 +\-   8.0062267907994478E-007
 precision:   5.7966769167867907E-005
 max=   1.9795317851417395E-002
 min=   0.0000000000000000     
       n_pass,     n_total
       60000       60033
 max=   1.9795317851417395E-002
 min=   0.0000000000000000     
       n_pass,     n_total
       70000       70033
 ITERATION            4 :
   1.3812370164536337E-002 +\-   7.0917791211071488E-007
 precision:   5.1343679879905758E-005
 max=   1.9795317851417395E-002
 min=   0.0000000000000000     
       n_pass,     n_total
       80000       80058
 max=   1.9795317851417395E-002
 min=   0.0000000000000000     
       n_pass,     n_total
       90000       90058
 ITERATION            5 :
   1.3812497467225748E-002 +\-   6.3219253105429150E-007
 precision:   4.5769603401148561E-005
 max=   1.9795317851417395E-002
 min=   0.0000000000000000     
       n_pass,     n_total
      100000      100089
 max=   1.9795317851417395E-002
 min=   0.0000000000000000     
       n_pass,     n_total
      110000      110089
 ITERATION            6 :
   1.3812134248540130E-002 +\-   6.1022610636057000E-007
 precision:   4.4180435505473583E-005
 max=   1.9795677255009296E-002
 min=   0.0000000000000000     
       n_pass,     n_total
      120000      120118
 max=   1.9795677255009296E-002
 min=   0.0000000000000000     
       n_pass,     n_total
      130000      130118
 ITERATION            7 :
   1.3813160631969326E-002 +\-   5.6127224728101043E-007
 precision:   4.0633151400700864E-005
 max=   1.9795677255009296E-002
 min=   0.0000000000000000     
       n_pass,     n_total
      140000      140152
 max=   1.9795677255009296E-002
 min=   0.0000000000000000     
       n_pass,     n_total
      150000      150152
 ITERATION            8 :
   1.3811845555196057E-002 +\-   5.5781178866587173E-007
 precision:   4.0386477421623159E-005
 max=   1.9795677255009296E-002
 min=   0.0000000000000000     
       n_pass,     n_total
      160000      160201
 max=   1.9795677255009296E-002
 min=   0.0000000000000000     
       n_pass,     n_total
      170000      170201
 ITERATION            9 :
   1.3813058025201904E-002 +\-   5.9246650616316903E-007
 precision:   4.2891769880515580E-005
 max=   1.9795677255009296E-002
 min=   0.0000000000000000     
       n_pass,     n_total
      180000      180247
 max=   1.9795677255009296E-002
 min=   0.0000000000000000     
       n_pass,     n_total
      190000      190247
 ITERATION           10 :
   1.3813120295766194E-002 +\-   5.5051550497867942E-007
 precision:   3.9854536353195718E-005
 ====================NCALL=40K ===========================
  
 max=   1.9795677255009296E-002
 min=   0.0000000000000000     
       n_pass,     n_total
      200000      200333
 max=   1.9795677255009296E-002
 min=   0.0000000000000000     
       n_pass,     n_total
      210000      210333
 max=   1.9795677255009296E-002
 min=   0.0000000000000000     
       n_pass,     n_total
      220000      220333
 max=   1.9795677255009296E-002
 min=   0.0000000000000000     
       n_pass,     n_total
      230000      230333
   1.3812667850495508E-002 +\-   3.4195129618810225E-007
 precision:   2.4756354086646287E-005
 ====================NCALL=80K ===========================
  
 max=   1.9795829107825361E-002
 min=   0.0000000000000000     
       n_pass,     n_total
      240000      240522
 max=   1.9795829107825361E-002
 min=   0.0000000000000000     
       n_pass,     n_total
      250000      250522
 max=   1.9795829107825361E-002
 min=   0.0000000000000000     
       n_pass,     n_total
      260000      260522
 max=   1.9795829107825361E-002
 min=   0.0000000000000000     
       n_pass,     n_total
      270000      270522
 max=   1.9795829107825361E-002
 min=   0.0000000000000000     
       n_pass,     n_total
      280000      280522
 max=   1.9795829107825361E-002
 min=   0.0000000000000000     
       n_pass,     n_total
      290000      290522
 max=   1.9795829107825361E-002
 min=   0.0000000000000000     
       n_pass,     n_total
      300000      300522
 max=   1.9795829107825361E-002
 min=   0.0000000000000000     
       n_pass,     n_total
      310000      310522
   1.3812465886358809E-002 +\-   1.5944021223728310E-007
 precision:   1.1543211295439017E-005
 sigma (pb)                   sd (pb)
   1.3812465886358809E-002   1.5944021223728310E-007
