 =======================================================
 |                                                     |
 |         \/\/\/\/\/\___________/\/\/\/\/\/           |
 |                   |     \     |                     |
 |                   |     /     |                     |
 |                   |     \     |                     |
 |         /\/\/\/\/\|_____/_____|/\/\/\/\/\           |
 |                                                     |
 | Light-by-light scattering at next-to-leading order  |
 |                   (VERSION 0.5)                     |
 |                                                     |
 |    Authors:                                         |
 |            Ajjath A.H. (LPTHE Paris)                |
 |            Ekta Chaubey (Bonn)                      |
 |            Mathijs Fraaije (Bern)                   |
 |            Valentin Hirschi (Bern)                  |
 |            Hua-Sheng Shao (LPTHE Paris)             |
 |                                                     |
 |    Please cite                                      |
 |            PLB 851 (2024) 138555 [arXiv:2312.16956] |
 |            JHEP 03 (2024) 121    [arXiv:2312.16966] |
 |                                                     |
 =======================================================
 ---------------------------------------------------
         the cuts in the lab frame                  
 min transverse momentum of photon    0.0000000000000000     
 max (pseudo-)rapidity of photon    5.0000000000000000     
 min (pseudo-)rapidity of photon   -5.0000000000000000     
 min invariant mass of di-photon    0.0000000000000000     
 ---------------------------------------------------
 max=   3143057.5366494223     
 min=   0.0000000000000000     
       n_pass,     n_total
       10000       10000
  
 ====================NCALL=20K===========================
  
 ITERATION            1 :
   1777657.2942711897      +\-   76.333052548825620     
 precision:   4.2940252204304044E-005
 max=   3143057.5366494223     
 min=   0.0000000000000000     
       n_pass,     n_total
       20000       20002
 max=   3143057.5366494223     
 min=   0.0000000000000000     
       n_pass,     n_total
       30000       30002
 ITERATION            2 :
   1777428.1264718282      +\-   120.92335980720729     
 precision:   6.8032770499271104E-005
 WARNING: outside the range of the grid (xs,xt)=   13.839564799460787       -13.838922599253509     
 WARNING: set the 2-loop amplitudes to zero
 WARNING: outside the range of the grid (xs,xt)=   13.839564799460787       -13.838932102069824     
 WARNING: set the 2-loop amplitudes to zero
 max=   5520016.2792173419     
 min=   0.0000000000000000     
       n_pass,     n_total
       40000       40010
 max=   5520016.2792173419     
 min=   0.0000000000000000     
       n_pass,     n_total
       50000       50010
 WARNING: outside the range of the grid (xs,xt)=   13.839564799460787       -6.6254391645243459E-004
 WARNING: set the 2-loop amplitudes to zero
 ITERATION            3 :
   1777250.1275965734      +\-   111.11779310620665     
 precision:   6.2522315447220952E-005
 WARNING: outside the range of the grid (xs,xt)=   13.839564799460787       -13.838922000120382     
 WARNING: set the 2-loop amplitudes to zero
 WARNING: outside the range of the grid (xs,xt)=   13.839564799460787       -13.838882345072827     
 WARNING: set the 2-loop amplitudes to zero
 INFO: will suppress the further warning
 max=   5520016.2792173419     
 min=   0.0000000000000000     
       n_pass,     n_total
       60000       60034
 max=   5520016.2792173419     
 min=   0.0000000000000000     
       n_pass,     n_total
       70000       70034
 ITERATION            4 :
   1777345.6056237905      +\-   86.562049890972645     
 precision:   4.8702992607108719E-005
 max=   5717648.4122669138     
 min=   0.0000000000000000     
       n_pass,     n_total
       80000       80065
 max=   5717648.4122669138     
 min=   0.0000000000000000     
       n_pass,     n_total
       90000       90065
 ITERATION            5 :
   1777402.2531729862      +\-   74.469680024476858     
 precision:   4.1898045246389749E-005
 max=   5717648.4122669138     
 min=   0.0000000000000000     
       n_pass,     n_total
      100000      100109
 max=   5717648.4122669138     
 min=   0.0000000000000000     
       n_pass,     n_total
      110000      110109
 ITERATION            6 :
   1777338.2249748898      +\-   69.468763768571293     
 precision:   3.9085843534115600E-005
 max=   5717916.4239042150     
 min=   0.0000000000000000     
       n_pass,     n_total
      120000      120152
 max=   5717916.4239042150     
 min=   0.0000000000000000     
       n_pass,     n_total
      130000      130152
 ITERATION            7 :
   1777454.4542683773      +\-   68.312354058340546     
 precision:   3.8432688890730973E-005
 max=   5717916.4239042150     
 min=   0.0000000000000000     
       n_pass,     n_total
      140000      140215
 max=   5717916.4239042150     
 min=   0.0000000000000000     
       n_pass,     n_total
      150000      150215
 ITERATION            8 :
   1777238.7799273792      +\-   67.776349444448797     
 precision:   3.8135758801762275E-005
 max=   6476304.0554419234     
 min=   0.0000000000000000     
       n_pass,     n_total
      160000      160292
 max=   6476304.0554419234     
 min=   0.0000000000000000     
       n_pass,     n_total
      170000      170292
 ITERATION            9 :
   1777382.7714785235      +\-   65.287805632115905     
 precision:   3.6732552312187637E-005
 max=   6711087.0286038127     
 min=   0.0000000000000000     
       n_pass,     n_total
      180000      180380
 max=   6711087.0286038127     
 min=   0.0000000000000000     
       n_pass,     n_total
      190000      190380
 ITERATION           10 :
   1777405.8313007883      +\-   65.276339541323225     
 precision:   3.6725624723280538E-005
 ====================NCALL=40K ===========================
  
 max=   6711087.0286038127     
 min=   0.0000000000000000     
       n_pass,     n_total
      200000      200551
 max=   6711087.0286038127     
 min=   0.0000000000000000     
       n_pass,     n_total
      210000      210551
 max=   6711087.0286038127     
 min=   0.0000000000000000     
       n_pass,     n_total
      220000      220551
 max=   6711087.0286038127     
 min=   0.0000000000000000     
       n_pass,     n_total
      230000      230551
   1777371.2888615672      +\-   32.749603219925284     
 precision:   1.8425864885497219E-005
 ====================NCALL=80K ===========================
  
 max=   6711087.0286038127     
 min=   0.0000000000000000     
       n_pass,     n_total
      240000      240966
 max=   6711087.0286038127     
 min=   0.0000000000000000     
       n_pass,     n_total
      250000      250966
 max=   6711087.0286038127     
 min=   0.0000000000000000     
       n_pass,     n_total
      260000      260966
 max=   6711087.0286038127     
 min=   0.0000000000000000     
       n_pass,     n_total
      270000      270966
 max=   6711087.0286038127     
 min=   0.0000000000000000     
       n_pass,     n_total
      280000      280966
 max=   6711087.0286038127     
 min=   0.0000000000000000     
       n_pass,     n_total
      290000      290966
 max=   6711087.0286038127     
 min=   0.0000000000000000     
       n_pass,     n_total
      300000      300966
 max=   6711087.0286038127     
 min=   0.0000000000000000     
       n_pass,     n_total
      310000      310966
   1777327.4032961328      +\-   15.631086415689705     
 precision:   8.7947141234086404E-006
 sigma (pb)                   sd (pb)
   1777327.4032961328        15.631086415689705     
