 =======================================================
 |                                                     |
 |         \/\/\/\/\/\___________/\/\/\/\/\/           |
 |                   |     \     |                     |
 |                   |     /     |                     |
 |                   |     \     |                     |
 |         /\/\/\/\/\|_____/_____|/\/\/\/\/\           |
 |                                                     |
 | Light-by-light scattering at next-to-leading order  |
 |                   (VERSION 0.5)                     |
 |                                                     |
 |    Authors:                                         |
 |            Ajjath A.H. (LPTHE Paris)                |
 |            Ekta Chaubey (Bonn)                      |
 |            Mathijs Fraaije (Bern)                   |
 |            Valentin Hirschi (Bern)                  |
 |            Hua-Sheng Shao (LPTHE Paris)             |
 |                                                     |
 |    Please cite                                      |
 |            PLB 851 (2024) 138555 [arXiv:2312.16956] |
 |            JHEP 03 (2024) 121    [arXiv:2312.16966] |
 |                                                     |
 =======================================================
 ---------------------------------------------------
         the cuts in the lab frame                  
 min transverse momentum of photon    0.0000000000000000     
 max (pseudo-)rapidity of photon    5.0000000000000000     
 min (pseudo-)rapidity of photon   -5.0000000000000000     
 min invariant mass of di-photon    0.0000000000000000     
 ---------------------------------------------------
 max=   3136442.7472893898     
 min=   0.0000000000000000     
       n_pass,     n_total
       10000       10000
  
 ====================NCALL=20K===========================
  
 ITERATION            1 :
   1800771.8224153179      +\-   56.231806324969789     
 precision:   3.1226502783427531E-005
 WARNING: outside the range of the grid (xs,xt)=   6.9070161474152432       -6.9070160784491410     
 WARNING: set the 2-loop amplitudes to zero
 WARNING: outside the range of the grid (xs,xt)=   6.9069751887175048       -6.9069751197518094     
 WARNING: set the 2-loop amplitudes to zero
 WARNING: outside the range of the grid (xs,xt)=   6.9070073222125430       -6.9070072532465270     
 WARNING: set the 2-loop amplitudes to zero
 max=   7057774646855694.0     
 min=   0.0000000000000000     
       n_pass,     n_total
       20000       20003
 max=   7057774646855694.0     
 min=   0.0000000000000000     
       n_pass,     n_total
       30000       30003
 ITERATION            2 :
   193062587987.39740      +\-   122600783998.53635     
 precision:  0.63503128843657375     
 WARNING: outside the range of the grid (xs,xt)=   6.9070058203495783       -6.9070057513835783     
 WARNING: set the 2-loop amplitudes to zero
 WARNING: outside the range of the grid (xs,xt)=   6.9069691509870852       -6.9069690820214502     
 WARNING: set the 2-loop amplitudes to zero
 INFO: will suppress the further warning
 max=   7057774646855694.0     
 min=   0.0000000000000000     
       n_pass,     n_total
       40000       40074
 max=   7057774646855694.0     
 min=   0.0000000000000000     
       n_pass,     n_total
       50000       50074
 ITERATION            3 :
   65264122451.162308      +\-   35094868789.110771     
 precision:  0.53773600978657998     
 max=   7071997749682062.0     
 min=   0.0000000000000000     
       n_pass,     n_total
       60000       61362
 max=   7071997749682062.0     
 min=   0.0000000000000000     
       n_pass,     n_total
       70000       71362
 ITERATION            4 :
   54808924023.743668      +\-   3870967933.4205341     
 precision:   7.0626599634460982E-002
 max=   7085630173874685.0     
 min=   0.0000000000000000     
       n_pass,     n_total
       80000       88525
 ITERATION            5 :
   58203631465.575714      +\-   164002487.09255397     
 precision:   2.8177363329907092E-003
 max=   7087328149353097.0     
 min=   0.0000000000000000     
       n_pass,     n_total
       90000      102851
 max=   7087328149353097.0     
 min=   0.0000000000000000     
       n_pass,     n_total
      100000      112851
 ITERATION            6 :
   58308507649.215294      +\-   28721963.343266394     
 precision:   4.9258615082481752E-004
 max=   7087521672000891.0     
 min=   0.0000000000000000     
       n_pass,     n_total
      110000      125623
 max=   7087521672000891.0     
 min=   0.0000000000000000     
       n_pass,     n_total
      120000      135623
 ITERATION            7 :
   58308160772.959396      +\-   4667390.0805697171     
 precision:   8.0046944007437025E-005
 max=   7087521672000891.0     
 min=   0.0000000000000000     
       n_pass,     n_total
      130000      146211
 max=   7087521672000891.0     
 min=   0.0000000000000000     
       n_pass,     n_total
      140000      156211
 ITERATION            8 :
   59764483452.586792      +\-   1336878216.3675582     
 precision:   2.2369108526272958E-002
 max=   7087521672000891.0     
 min=   0.0000000000000000     
       n_pass,     n_total
      150000      174804
 ITERATION            9 :
   58282098972.649597      +\-   51409232.878781982     
 precision:   8.8207586523105679E-004
 max=   7087564191922011.0     
 min=   0.0000000000000000     
       n_pass,     n_total
      160000      191126
 ITERATION           10 :
   57008204237.218742      +\-   4961960.6678148536     
 precision:   8.7039413610845787E-005
 ====================NCALL=40K ===========================
  
 max=   7087582212466056.0     
 min=   0.0000000000000000     
       n_pass,     n_total
      170000      207299
 max=   7087582212466056.0     
 min=   0.0000000000000000     
       n_pass,     n_total
      180000      217299
 max=   7087582212466056.0     
 min=   0.0000000000000000     
       n_pass,     n_total
      190000      227299
   54458707911.936600      +\-   798472.61171971622     
 precision:   1.4661982304297418E-005
 ====================NCALL=80K ===========================
  
 max=   7087582212466056.0     
 min=   0.0000000000000000     
       n_pass,     n_total
      200000      246431
 max=   7087582212466056.0     
 min=   0.0000000000000000     
       n_pass,     n_total
      210000      256431
 max=   7087582212466056.0     
 min=   0.0000000000000000     
       n_pass,     n_total
      220000      266431
 max=   7087582212466056.0     
 min=   0.0000000000000000     
       n_pass,     n_total
      230000      276431
 max=   7087582212466056.0     
 min=   0.0000000000000000     
       n_pass,     n_total
      240000      286431
 max=   7087582212466056.0     
 min=   0.0000000000000000     
       n_pass,     n_total
      250000      296431
 max=   7087582212466056.0     
 min=   0.0000000000000000     
       n_pass,     n_total
      260000      306431
   52885308950.467117      +\-   206619.80891469831     
 precision:   3.9069415120221834E-006
 sigma (pb)                   sd (pb)
   52885308950.467117        206619.80891469831     
