 =======================================================
 |                                                     |
 |         \/\/\/\/\/\___________/\/\/\/\/\/           |
 |                   |     \     |                     |
 |                   |     /     |                     |
 |                   |     \     |                     |
 |         /\/\/\/\/\|_____/_____|/\/\/\/\/\           |
 |                                                     |
 | Light-by-light scattering at next-to-leading order  |
 |                   (VERSION 0.5)                     |
 |                                                     |
 |    Authors:                                         |
 |            Ajjath A.H. (LPTHE Paris)                |
 |            Ekta Chaubey (Bonn)                      |
 |            Mathijs Fraaije (Bern)                   |
 |            Valentin Hirschi (Bern)                  |
 |            Hua-Sheng Shao (LPTHE Paris)             |
 |                                                     |
 |    Please cite                                      |
 |            PLB 851 (2024) 138555 [arXiv:2312.16956] |
 |            JHEP 03 (2024) 121    [arXiv:2312.16966] |
 |                                                     |
 =======================================================
 ---------------------------------------------------
         the cuts in the lab frame                  
 min transverse momentum of photon    0.0000000000000000     
 max (pseudo-)rapidity of photon    5.0000000000000000     
 min (pseudo-)rapidity of photon   -5.0000000000000000     
 min invariant mass of di-photon    0.0000000000000000     
 ---------------------------------------------------
 max=   1947370.9232290757     
 min=   0.0000000000000000     
       n_pass,     n_total
       10000       10000
  
 ====================NCALL=20K===========================
  
 ITERATION            1 :
   222026.59962968712      +\-   251.38547337499892     
 precision:   1.1322313353187355E-003
 WARNING: outside the range of the grid (xs,xt)=   382.96421965295787       -382.94603174044079     
 WARNING: set the 2-loop amplitudes to zero
 max=   1957737.1737642940     
 min=   0.0000000000000000     
       n_pass,     n_total
       20000       20006
 max=   1957737.1737642940     
 min=   0.0000000000000000     
       n_pass,     n_total
       30000       30006
 ITERATION            2 :
   221496.22611569293      +\-   59.174071800639780     
 precision:   2.6715611745787356E-004
 max=   1979776.4938794032     
 min=   0.0000000000000000     
       n_pass,     n_total
       40000       40027
 max=   1979776.4938794032     
 min=   0.0000000000000000     
       n_pass,     n_total
       50000       50027
 WARNING: outside the range of the grid (xs,xt)=   382.96421965295787       -1.8944955373841832E-002
 WARNING: set the 2-loop amplitudes to zero
 ITERATION            3 :
   221400.49901381021      +\-   48.948442906449571     
 precision:   2.2108551301592294E-004
 WARNING: outside the range of the grid (xs,xt)=   382.96421965295787       -382.94613924998771     
 WARNING: set the 2-loop amplitudes to zero
 WARNING: outside the range of the grid (xs,xt)=   382.96421965295787       -382.94598543184617     
 WARNING: set the 2-loop amplitudes to zero
 WARNING: outside the range of the grid (xs,xt)=   382.96421965295787       -382.94607269077505     
 WARNING: set the 2-loop amplitudes to zero
 INFO: will suppress the further warning
 max=   1980773.5143654833     
 min=   0.0000000000000000     
       n_pass,     n_total
       60000       60068
 max=   1980773.5143654833     
 min=   0.0000000000000000     
       n_pass,     n_total
       70000       70068
 ITERATION            4 :
   221403.69767605080      +\-   44.091204305536984     
 precision:   1.9914393828259139E-004
 max=   1985183.6223348540     
 min=   0.0000000000000000     
       n_pass,     n_total
       80000       80129
 max=   1985183.6223348540     
 min=   0.0000000000000000     
       n_pass,     n_total
       90000       90129
 ITERATION            5 :
   221430.28669996827      +\-   39.508113735896345     
 precision:   1.7842235732381411E-004
 max=   1985532.3279584944     
 min=   0.0000000000000000     
       n_pass,     n_total
      100000      100217
 max=   1985532.3279584944     
 min=   0.0000000000000000     
       n_pass,     n_total
      110000      110217
 ITERATION            6 :
   221389.00044677567      +\-   38.134471151472049     
 precision:   1.7225097486557375E-004
 max=   1985532.3279584944     
 min=   0.0000000000000000     
       n_pass,     n_total
      120000      120318
 max=   1985532.3279584944     
 min=   0.0000000000000000     
       n_pass,     n_total
      130000      130318
 ITERATION            7 :
   221483.71652132619      +\-   36.903802026268437     
 precision:   1.6662083608622781E-004
 max=   1985532.3279584944     
 min=   0.0000000000000000     
       n_pass,     n_total
      140000      140429
 max=   1985532.3279584944     
 min=   0.0000000000000000     
       n_pass,     n_total
      150000      150429
 ITERATION            8 :
   221358.43985892562      +\-   36.265890922725220     
 precision:   1.6383333269713097E-004
 max=   1985532.3279584944     
 min=   0.0000000000000000     
       n_pass,     n_total
      160000      160550
 max=   1985532.3279584944     
 min=   0.0000000000000000     
       n_pass,     n_total
      170000      170550
 ITERATION            9 :
   221434.51145141729      +\-   35.662874684580494     
 precision:   1.6105382332150570E-004
 max=   1985532.3279584944     
 min=   0.0000000000000000     
       n_pass,     n_total
      180000      180675
 max=   1985532.3279584944     
 min=   0.0000000000000000     
       n_pass,     n_total
      190000      190675
 ITERATION           10 :
   221456.04520850076      +\-   36.204897288740760     
 precision:   1.6348570324487582E-004
 ====================NCALL=40K ===========================
  
 max=   1985532.3279584944     
 min=   0.0000000000000000     
       n_pass,     n_total
      200000      200895
 max=   1985532.3279584944     
 min=   0.0000000000000000     
       n_pass,     n_total
      210000      210895
 max=   1985532.3279584944     
 min=   0.0000000000000000     
       n_pass,     n_total
      220000      220895
 max=   1985532.3279584944     
 min=   0.0000000000000000     
       n_pass,     n_total
      230000      230895
   221442.31549917115      +\-   18.003709971008597     
 precision:   8.1302030871674048E-005
 ====================NCALL=80K ===========================
  
 max=   1985578.0718670895     
 min=   0.0000000000000000     
       n_pass,     n_total
      240000      241358
 max=   1985578.0718670895     
 min=   0.0000000000000000     
       n_pass,     n_total
      250000      251358
 max=   1985578.0718670895     
 min=   0.0000000000000000     
       n_pass,     n_total
      260000      261358
 max=   1985578.0718670895     
 min=   0.0000000000000000     
       n_pass,     n_total
      270000      271358
 max=   1985578.0718670895     
 min=   0.0000000000000000     
       n_pass,     n_total
      280000      281358
 max=   1985578.0718670895     
 min=   0.0000000000000000     
       n_pass,     n_total
      290000      291358
 max=   1985578.0718670895     
 min=   0.0000000000000000     
       n_pass,     n_total
      300000      301358
 max=   1985578.0718670895     
 min=   0.0000000000000000     
       n_pass,     n_total
      310000      311358
   221420.56917242162      +\-   8.4630830028015165     
 precision:   3.8221756155866707E-005
 sigma (pb)                   sd (pb)
   221420.56917242162        8.4630830028015165     
