 =======================================================
 |                                                     |
 |         \/\/\/\/\/\___________/\/\/\/\/\/           |
 |                   |     \     |                     |
 |                   |     /     |                     |
 |                   |     \     |                     |
 |         /\/\/\/\/\|_____/_____|/\/\/\/\/\           |
 |                                                     |
 | Light-by-light scattering at next-to-leading order  |
 |                   (VERSION 0.5)                     |
 |                                                     |
 |    Authors:                                         |
 |            Ajjath A.H. (LPTHE Paris)                |
 |            Ekta Chaubey (Bonn)                      |
 |            Mathijs Fraaije (Bern)                   |
 |            Valentin Hirschi (Bern)                  |
 |            Hua-Sheng Shao (LPTHE Paris)             |
 |                                                     |
 |    Please cite                                      |
 |            PLB 851 (2024) 138555 [arXiv:2312.16956] |
 |            JHEP 03 (2024) 121    [arXiv:2312.16966] |
 |                                                     |
 =======================================================
 ---------------------------------------------------
         the cuts in the lab frame                  
 min transverse momentum of photon    0.0000000000000000     
 max (pseudo-)rapidity of photon    5.0000000000000000     
 min (pseudo-)rapidity of photon   -5.0000000000000000     
 min invariant mass of di-photon    0.0000000000000000     
 ---------------------------------------------------
 max=   28.987866964778362     
 min=   0.0000000000000000     
       n_pass,     n_total
       10000       10000
  
 ====================NCALL=20K===========================
  
 ITERATION            1 :
   1.4470730015017924E-002 +\-   2.4785945545149984E-003
 precision:  0.17128331134246016     
 max=   38.613808028101772     
 min=   0.0000000000000000     
       n_pass,     n_total
       20000       20012
 max=   38.613808028101772     
 min=   0.0000000000000000     
       n_pass,     n_total
       30000       30012
 WARNING: outside the range of the grid (xs,xt)=   25529085.872576177       -1245.7529164716930     
 WARNING: set the 2-loop amplitudes to zero
 WARNING: outside the range of the grid (xs,xt)=   19245.547796451603      -0.93913261979660434     
 WARNING: set the 2-loop amplitudes to zero
 ITERATION            2 :
   1.4651707237447449E-002 +\-   1.5420912166931873E-003
 precision:  0.10524993379282421     
 WARNING: outside the range of the grid (xs,xt)=   25529085.872576177       -25527817.414298546     
 WARNING: set the 2-loop amplitudes to zero
 WARNING: outside the range of the grid (xs,xt)=   19245.547796451603       -19244.591546998261     
 WARNING: set the 2-loop amplitudes to zero
 WARNING: outside the range of the grid (xs,xt)=   25529085.872576177       -25527904.193066947     
 WARNING: set the 2-loop amplitudes to zero
 INFO: will suppress the further warning
 max=   41.656104170095915     
 min=   0.0000000000000000     
       n_pass,     n_total
       40000       40059
 max=   41.656104170095915     
 min=   0.0000000000000000     
       n_pass,     n_total
       50000       50059
 ITERATION            3 :
   1.4736845891933508E-002 +\-   2.5606275317809958E-004
 precision:   1.7375682358072318E-002
 max=   42.171611691579663     
 min=   0.0000000000000000     
       n_pass,     n_total
       60000       60395
 max=   42.171611691579663     
 min=   0.0000000000000000     
       n_pass,     n_total
       70000       70395
 ITERATION            4 :
   1.4594312189469836E-002 +\-   6.2876025461212876E-005
 precision:   4.3082554795956414E-003
 max=   42.206859786575940     
 min=   0.0000000000000000     
       n_pass,     n_total
       80000       81902
 max=   42.206859786575940     
 min=   0.0000000000000000     
       n_pass,     n_total
       90000       91902
 ITERATION            5 :
   1.4665065617767733E-002 +\-   2.1710355333352837E-005
 precision:   1.4804131054858187E-003
 max=   42.227040464718769     
 min=   0.0000000000000000     
       n_pass,     n_total
      100000      104059
 max=   42.227040464718769     
 min=   0.0000000000000000     
       n_pass,     n_total
      110000      114059
 ITERATION            6 :
   1.4626190265754539E-002 +\-   1.5370244028468528E-005
 precision:   1.0508713307563146E-003
 max=   42.227040464718769     
 min=   0.0000000000000000     
       n_pass,     n_total
      120000      126401
 ITERATION            7 :
   1.4633695447683557E-002 +\-   1.6240346150194358E-005
 precision:   1.1097911807892056E-003
 max=   42.228639810928591     
 min=   0.0000000000000000     
       n_pass,     n_total
      130000      140365
 max=   42.228639810928591     
 min=   0.0000000000000000     
       n_pass,     n_total
      140000      150365
 ITERATION            8 :
   1.4625659092854735E-002 +\-   1.4510630524040545E-005
 precision:   9.9213515315214841E-004
 max=   42.228639810928591     
 min=   0.0000000000000000     
       n_pass,     n_total
      150000      162114
 max=   42.228639810928591     
 min=   0.0000000000000000     
       n_pass,     n_total
      160000      172114
 ITERATION            9 :
   1.4620654337367894E-002 +\-   1.2243280686169057E-005
 precision:   8.3739622069289497E-004
 max=   42.230197732097849     
 min=   0.0000000000000000     
       n_pass,     n_total
      170000      184386
 ITERATION           10 :
   1.4642464924878439E-002 +\-   1.2653665489129965E-005
 precision:   8.6417591259724431E-004
 ====================NCALL=40K ===========================
  
 max=   42.230197732097849     
 min=   0.0000000000000000     
       n_pass,     n_total
      180000      200578
 max=   42.230197732097849     
 min=   0.0000000000000000     
       n_pass,     n_total
      190000      210578
 max=   42.230197732097849     
 min=   0.0000000000000000     
       n_pass,     n_total
      200000      220578
 max=   42.230197732097849     
 min=   0.0000000000000000     
       n_pass,     n_total
      210000      230578
   1.4646499347929491E-002 +\-   5.4566353068789969E-006
 precision:   3.7255559688741439E-004
 ====================NCALL=80K ===========================
  
 max=   42.230197732097849     
 min=   0.0000000000000000     
       n_pass,     n_total
      220000      247282
 max=   42.230197732097849     
 min=   0.0000000000000000     
       n_pass,     n_total
      230000      257282
 max=   42.230197732097849     
 min=   0.0000000000000000     
       n_pass,     n_total
      240000      267282
 max=   42.230197732097849     
 min=   0.0000000000000000     
       n_pass,     n_total
      250000      277282
 max=   42.230197732097849     
 min=   0.0000000000000000     
       n_pass,     n_total
      260000      287282
 max=   42.230197732097849     
 min=   0.0000000000000000     
       n_pass,     n_total
      270000      297282
 max=   42.230197732097849     
 min=   0.0000000000000000     
       n_pass,     n_total
      280000      307282
   1.4637488013508554E-002 +\-   2.4380116475318450E-006
 precision:   1.6655942913714893E-004
 sigma (pb)                   sd (pb)
   1.4637488013508554E-002   2.4380116475318450E-006
