 =======================================================
 |                                                     |
 |         \/\/\/\/\/\___________/\/\/\/\/\/           |
 |                   |     \     |                     |
 |                   |     /     |                     |
 |                   |     \     |                     |
 |         /\/\/\/\/\|_____/_____|/\/\/\/\/\           |
 |                                                     |
 | Light-by-light scattering at next-to-leading order  |
 |                   (VERSION 0.5)                     |
 |                                                     |
 |    Authors:                                         |
 |            Ajjath A.H. (LPTHE Paris)                |
 |            Ekta Chaubey (Bonn)                      |
 |            Mathijs Fraaije (Bern)                   |
 |            Valentin Hirschi (Bern)                  |
 |            Hua-Sheng Shao (LPTHE Paris)             |
 |                                                     |
 |    Please cite                                      |
 |            PLB 851 (2024) 138555 [arXiv:2312.16956] |
 |            JHEP 03 (2024) 121    [arXiv:2312.16966] |
 |                                                     |
 =======================================================
 ---------------------------------------------------
         the cuts in the lab frame                  
 min transverse momentum of photon    0.0000000000000000     
 max (pseudo-)rapidity of photon    5.0000000000000000     
 min (pseudo-)rapidity of photon   -5.0000000000000000     
 min invariant mass of di-photon    0.0000000000000000     
 ---------------------------------------------------
 max=   479765.48072848859     
 min=   0.0000000000000000     
       n_pass,     n_total
       10000       10000
  
 ====================NCALL=20K===========================
  
 ITERATION            1 :
   12637.038002210562      +\-   79.057852394426831     
 precision:   6.2560429414390828E-003
 WARNING: outside the range of the grid (xs,xt)=   1.7487101804410779E-002  -1.7486237713148618E-002
 WARNING: set the 2-loop amplitudes to zero
 WARNING: outside the range of the grid (xs,xt)=   1.6976557093425600E-002  -1.6975718229741379E-002
 WARNING: set the 2-loop amplitudes to zero
 WARNING: outside the range of the grid (xs,xt)=   7515.6345142673326       -7515.2631437460186     
 WARNING: set the 2-loop amplitudes to zero
 WARNING: outside the range of the grid (xs,xt)=  0.15260942054004956      -0.15260187964114663     
 WARNING: set the 2-loop amplitudes to zero
 WARNING: outside the range of the grid (xs,xt)=   1.7487101804410779E-002  -1.7486230448173826E-002
 WARNING: set the 2-loop amplitudes to zero
 INFO: will suppress the further warning
 max=   490544.34908745799     
 min=   0.0000000000000000     
       n_pass,     n_total
       20000       20007
 max=   490544.34908745799     
 min=   0.0000000000000000     
       n_pass,     n_total
       30000       30007
 ITERATION            2 :
   12516.683816808774      +\-   14.144867663582120     
 precision:   1.1300810878187115E-003
 max=   492347.18708146678     
 min=   0.0000000000000000     
       n_pass,     n_total
       40000       40038
 max=   492347.18708146678     
 min=   0.0000000000000000     
       n_pass,     n_total
       50000       50038
 ITERATION            3 :
   12504.400771273391      +\-   6.3202563414852628     
 precision:   5.0544256035082579E-004
 max=   492347.18708146678     
 min=   0.0000000000000000     
       n_pass,     n_total
       60000       60141
 max=   492347.18708146678     
 min=   0.0000000000000000     
       n_pass,     n_total
       70000       70141
 ITERATION            4 :
   12507.500440373267      +\-   4.3610604332167693     
 precision:   3.4867561700334588E-004
 max=   492347.18708146678     
 min=   0.0000000000000000     
       n_pass,     n_total
       80000       80362
 max=   492347.18708146678     
 min=   0.0000000000000000     
       n_pass,     n_total
       90000       90362
 ITERATION            5 :
   12504.809259911275      +\-   3.3717859300248740     
 precision:   2.6963913322807436E-004
 max=   492473.05160066386     
 min=   0.0000000000000000     
       n_pass,     n_total
      100000      100690
 max=   492473.05160066386     
 min=   0.0000000000000000     
       n_pass,     n_total
      110000      110690
 ITERATION            6 :
   12505.885580501503      +\-   2.9868431772661270     
 precision:   2.3883499957196559E-004
 max=   492473.05160066386     
 min=   0.0000000000000000     
       n_pass,     n_total
      120000      120968
 max=   492473.05160066386     
 min=   0.0000000000000000     
       n_pass,     n_total
      130000      130968
 ITERATION            7 :
   12513.693575967323      +\-   2.8987891310028568     
 precision:   2.3164936182950899E-004
 max=   492586.61035898526     
 min=   0.0000000000000000     
       n_pass,     n_total
      140000      141366
 max=   492586.61035898526     
 min=   0.0000000000000000     
       n_pass,     n_total
      150000      151366
 ITERATION            8 :
   12503.523661308061      +\-   3.2001630584318570     
 precision:   2.5594089675174580E-004
 max=   492586.61035898526     
 min=   0.0000000000000000     
       n_pass,     n_total
      160000      161529
 max=   492586.61035898526     
 min=   0.0000000000000000     
       n_pass,     n_total
      170000      171529
 ITERATION            9 :
   12507.964852064581      +\-   3.2643309225545809     
 precision:   2.6098018032212221E-004
 max=   492634.13051952608     
 min=   0.0000000000000000     
       n_pass,     n_total
      180000      181923
 max=   492634.13051952608     
 min=   0.0000000000000000     
       n_pass,     n_total
      190000      191923
 ITERATION           10 :
   12510.254720250172      +\-   2.9693528354757426     
 precision:   2.3735350733261197E-004
 ====================NCALL=40K ===========================
  
 max=   492634.13051952608     
 min=   0.0000000000000000     
       n_pass,     n_total
      200000      202356
 max=   492634.13051952608     
 min=   0.0000000000000000     
       n_pass,     n_total
      210000      212356
 max=   492634.13051952608     
 min=   0.0000000000000000     
       n_pass,     n_total
      220000      222356
 max=   492634.13051952608     
 min=   0.0000000000000000     
       n_pass,     n_total
      230000      232356
   12509.019090524340      +\-   1.3532312002496090     
 precision:   1.0818044088482446E-004
 ====================NCALL=80K ===========================
  
 max=   492643.97412495420     
 min=   0.0000000000000000     
       n_pass,     n_total
      240000      243074
 max=   492643.97412495420     
 min=   0.0000000000000000     
       n_pass,     n_total
      250000      253074
 max=   492643.97412495420     
 min=   0.0000000000000000     
       n_pass,     n_total
      260000      263074
 max=   492643.97412495420     
 min=   0.0000000000000000     
       n_pass,     n_total
      270000      273074
 max=   492643.97412495420     
 min=   0.0000000000000000     
       n_pass,     n_total
      280000      283074
 max=   492643.97412495420     
 min=   0.0000000000000000     
       n_pass,     n_total
      290000      293074
 max=   492643.97412495420     
 min=   0.0000000000000000     
       n_pass,     n_total
      300000      303074
 max=   492643.97412495420     
 min=   0.0000000000000000     
       n_pass,     n_total
      310000      313074
   12507.966552909071      +\-  0.86070622317783008     
 precision:   6.8812641890032017E-005
 sigma (pb)                   sd (pb)
   12507.966552909071       0.86070622317783008     
