 =======================================================
 |                                                     |
 |         \/\/\/\/\/\___________/\/\/\/\/\/           |
 |                   |     \     |                     |
 |                   |     /     |                     |
 |                   |     \     |                     |
 |         /\/\/\/\/\|_____/_____|/\/\/\/\/\           |
 |                                                     |
 | Light-by-light scattering at next-to-leading order  |
 |                   (VERSION 0.5)                     |
 |                                                     |
 |    Authors:                                         |
 |            Ajjath A.H. (LPTHE Paris)                |
 |            Ekta Chaubey (Bonn)                      |
 |            Mathijs Fraaije (Bern)                   |
 |            Valentin Hirschi (Bern)                  |
 |            Hua-Sheng Shao (LPTHE Paris)             |
 |                                                     |
 |    Please cite                                      |
 |            PLB 851 (2024) 138555 [arXiv:2312.16956] |
 |            JHEP 03 (2024) 121    [arXiv:2312.16966] |
 |                                                     |
 =======================================================
 ---------------------------------------------------
         the cuts in the lab frame                  
 min transverse momentum of photon    0.0000000000000000     
 max (pseudo-)rapidity of photon    5.0000000000000000     
 min (pseudo-)rapidity of photon   -5.0000000000000000     
 min invariant mass of di-photon    0.0000000000000000     
 ---------------------------------------------------
 max=   3160339.5603921213     
 min=   0.0000000000000000     
       n_pass,     n_total
       10000       10000
  
 ====================NCALL=20K===========================
  
 ITERATION            1 :
   1746631.3360626092      +\-   60.222347010920096     
 precision:   3.4479140370101196E-005
 WARNING: outside the range of the grid (xs,xt)=   5.9262337895147459       -5.9262337303290114     
 WARNING: set the 2-loop amplitudes to zero
 WARNING: outside the range of the grid (xs,xt)=   5.9261456946246840       -5.9261456354398288     
 WARNING: set the 2-loop amplitudes to zero
 WARNING: outside the range of the grid (xs,xt)=   5.9261426381857376       -5.9261425790009117     
 WARNING: set the 2-loop amplitudes to zero
 max=   8041261176393053.0     
 min=   0.0000000000000000     
       n_pass,     n_total
       20000       20006
 max=   8041261176393053.0     
 min=   0.0000000000000000     
       n_pass,     n_total
       30000       30006
 ITERATION            2 :
   166211455607.55649      +\-   113876995275.68472     
 precision:  0.68513325305664141     
 WARNING: outside the range of the grid (xs,xt)=   5.9261854851281246       -5.9261854259428732     
 WARNING: set the 2-loop amplitudes to zero
 WARNING: outside the range of the grid (xs,xt)=   5.9261927910913030       -5.9261927319059771     
 WARNING: set the 2-loop amplitudes to zero
 INFO: will suppress the further warning
 max=   8282021365730927.0     
 min=   0.0000000000000000     
       n_pass,     n_total
       40000       40094
 max=   8282021365730927.0     
 min=   0.0000000000000000     
       n_pass,     n_total
       50000       50094
 ITERATION            3 :
   146633418322.33551      +\-   66433284598.077675     
 precision:  0.45305691811699667     
 max=   8422662408637785.0     
 min=   0.0000000000000000     
       n_pass,     n_total
       60000       61691
 max=   8422662408637785.0     
 min=   0.0000000000000000     
       n_pass,     n_total
       70000       71691
 ITERATION            4 :
   116236407046.69029      +\-   1563136438.9392729     
 precision:   1.3447907404014872E-002
 max=   8427152959603089.0     
 min=   0.0000000000000000     
       n_pass,     n_total
       80000       88852
 ITERATION            5 :
   113706161577.19823      +\-   171129456.59426126     
 precision:   1.5050148050075262E-003
 max=   8427152959603089.0     
 min=   0.0000000000000000     
       n_pass,     n_total
       90000      102304
 max=   8427152959603089.0     
 min=   0.0000000000000000     
       n_pass,     n_total
      100000      112304
 ITERATION            6 :
   113824826189.21672      +\-   39242562.559900723     
 precision:   3.4476277165287162E-004
 max=   8427261760458399.0     
 min=   0.0000000000000000     
       n_pass,     n_total
      110000      127027
 max=   8427261760458399.0     
 min=   0.0000000000000000     
       n_pass,     n_total
      120000      137027
 ITERATION            7 :
   113796494060.19620      +\-   9567025.6345276199     
 precision:   8.4071356622523398E-005
 max=   8427368090600768.0     
 min=   0.0000000000000000     
       n_pass,     n_total
      130000      149365
 ITERATION            8 :
   113807201555.34450      +\-   7274986.0728449393     
 precision:   6.3923776118043901E-005
 max=   8427375769096580.0     
 min=   0.0000000000000000     
       n_pass,     n_total
      140000      161041
 max=   8427375769096580.0     
 min=   0.0000000000000000     
       n_pass,     n_total
      150000      171041
 ITERATION            9 :
   113808923795.68242      +\-   5070013.2734078169     
 precision:   4.4548468646534714E-005
 max=   8427375769096580.0     
 min=   0.0000000000000000     
       n_pass,     n_total
      160000      182976
 max=   8427375769096580.0     
 min=   0.0000000000000000     
       n_pass,     n_total
      170000      192976
 ITERATION           10 :
   113805786408.28003      +\-   3242461.6700867619     
 precision:   2.8491184608613663E-005
 ====================NCALL=40K ===========================
  
 max=   8427379275316067.0     
 min=   0.0000000000000000     
       n_pass,     n_total
      180000      204820
 max=   8427379275316067.0     
 min=   0.0000000000000000     
       n_pass,     n_total
      190000      214820
 max=   8427379275316067.0     
 min=   0.0000000000000000     
       n_pass,     n_total
      200000      224820
 max=   8427379275316067.0     
 min=   0.0000000000000000     
       n_pass,     n_total
      210000      234820
   113808524338.28279      +\-   2560762.1711954237     
 precision:   2.2500618350729613E-005
 ====================NCALL=80K ===========================
  
 max=   8427379275316067.0     
 min=   0.0000000000000000     
       n_pass,     n_total
      220000      248818
 max=   8427379275316067.0     
 min=   0.0000000000000000     
       n_pass,     n_total
      230000      258818
 max=   8427379275316067.0     
 min=   0.0000000000000000     
       n_pass,     n_total
      240000      268818
 max=   8427379275316067.0     
 min=   0.0000000000000000     
       n_pass,     n_total
      250000      278818
 max=   8427379275316067.0     
 min=   0.0000000000000000     
       n_pass,     n_total
      260000      288818
 max=   8427379275316067.0     
 min=   0.0000000000000000     
       n_pass,     n_total
      270000      298818
 max=   8427379275316067.0     
 min=   0.0000000000000000     
       n_pass,     n_total
      280000      308818
   113705833372.99550      +\-   14606702.442449197     
 precision:   1.2846044929404834E-004
 sigma (pb)                   sd (pb)
   113705833372.99550        14606702.442449197     
