 =======================================================
 |                                                     |
 |         \/\/\/\/\/\___________/\/\/\/\/\/           |
 |                   |     \     |                     |
 |                   |     /     |                     |
 |                   |     \     |                     |
 |         /\/\/\/\/\|_____/_____|/\/\/\/\/\           |
 |                                                     |
 | Light-by-light scattering at next-to-leading order  |
 |                   (VERSION 0.5)                     |
 |                                                     |
 |    Authors:                                         |
 |            Ajjath A.H. (LPTHE Paris)                |
 |            Ekta Chaubey (Bonn)                      |
 |            Mathijs Fraaije (Bern)                   |
 |            Valentin Hirschi (Bern)                  |
 |            Hua-Sheng Shao (LPTHE Paris)             |
 |                                                     |
 |    Please cite                                      |
 |            PLB 851 (2024) 138555 [arXiv:2312.16956] |
 |            JHEP 03 (2024) 121    [arXiv:2312.16966] |
 |                                                     |
 =======================================================
 ---------------------------------------------------
         the cuts in the lab frame                  
 min transverse momentum of photon    0.0000000000000000     
 max (pseudo-)rapidity of photon    5.0000000000000000     
 min (pseudo-)rapidity of photon   -5.0000000000000000     
 min invariant mass of di-photon    0.0000000000000000     
 ---------------------------------------------------
 max=   2931762.1794446851     
 min=   0.0000000000000000     
       n_pass,     n_total
       10000       10000
  
 ====================NCALL=20K===========================
  
 ITERATION            1 :
   871076.59658139828      +\-   185.15267643649136     
 precision:   2.1255613704137632E-004
 max=   3011168.1665177830     
 min=   0.0000000000000000     
       n_pass,     n_total
       20000       20003
 max=   3011168.1665177830     
 min=   0.0000000000000000     
       n_pass,     n_total
       30000       30003
 ITERATION            2 :
   870729.08060108894      +\-   108.22582583436777     
 precision:   1.2429334019676525E-004
 WARNING: outside the range of the grid (xs,xt)=   69.172912174815522       -69.169573701901712     
 WARNING: set the 2-loop amplitudes to zero
 max=   3067815.7304101512     
 min=   0.0000000000000000     
       n_pass,     n_total
       40000       40014
 max=   3067815.7304101512     
 min=   0.0000000000000000     
       n_pass,     n_total
       50000       50014
 WARNING: outside the range of the grid (xs,xt)=   69.172912174815522       -3.3310181400945257E-003
 WARNING: set the 2-loop amplitudes to zero
 ITERATION            3 :
   870513.69517278846      +\-   104.26448591841758     
 precision:   1.1977351590973200E-004
 WARNING: outside the range of the grid (xs,xt)=   69.172912174815522       -69.169656296505948     
 WARNING: set the 2-loop amplitudes to zero
 WARNING: outside the range of the grid (xs,xt)=   69.172912174815522       -69.169455437542567     
 WARNING: set the 2-loop amplitudes to zero
 max=   3265428.9888170501     
 min=   0.0000000000000000     
       n_pass,     n_total
       60000       60039
 max=   3265428.9888170501     
 min=   0.0000000000000000     
       n_pass,     n_total
       70000       70039
 WARNING: outside the range of the grid (xs,xt)=   69.172912174815522       -3.4037820882979563E-003
 WARNING: set the 2-loop amplitudes to zero
 INFO: will suppress the further warning
 ITERATION            4 :
   870542.04879845993      +\-   96.188677239084313     
 precision:   1.1049285599913973E-004
 max=   3314337.7810967537     
 min=   0.0000000000000000     
       n_pass,     n_total
       80000       80066
 max=   3314337.7810967537     
 min=   0.0000000000000000     
       n_pass,     n_total
       90000       90066
 ITERATION            5 :
   870582.87980383774      +\-   87.800133368465552     
 precision:   1.0085212494443830E-004
 max=   3314337.7810967537     
 min=   0.0000000000000000     
       n_pass,     n_total
      100000      100099
 max=   3314337.7810967537     
 min=   0.0000000000000000     
       n_pass,     n_total
      110000      110099
 ITERATION            6 :
   870520.91733841784      +\-   85.155518131639766     
 precision:   9.7821334830183393E-005
 max=   3314337.7810967537     
 min=   0.0000000000000000     
       n_pass,     n_total
      120000      120131
 max=   3314337.7810967537     
 min=   0.0000000000000000     
       n_pass,     n_total
      130000      130131
 ITERATION            7 :
   870643.27571713214      +\-   83.705704364215336     
 precision:   9.6142365879146725E-005
 max=   3314337.7810967537     
 min=   0.0000000000000000     
       n_pass,     n_total
      140000      140169
 max=   3314337.7810967537     
 min=   0.0000000000000000     
       n_pass,     n_total
      150000      150169
 ITERATION            8 :
   870394.93925214361      +\-   82.888697487615801     
 precision:   9.5231134453556236E-005
 max=   3314337.7810967537     
 min=   0.0000000000000000     
       n_pass,     n_total
      160000      160219
 max=   3314337.7810967537     
 min=   0.0000000000000000     
       n_pass,     n_total
      170000      170219
 ITERATION            9 :
   870532.97375136625      +\-   81.967020377380450     
 precision:   9.4157283927065954E-005
 max=   3314337.7810967537     
 min=   0.0000000000000000     
       n_pass,     n_total
      180000      180265
 max=   3314337.7810967537     
 min=   0.0000000000000000     
       n_pass,     n_total
      190000      190265
 ITERATION           10 :
   870648.60967858846      +\-   81.217367055183303     
 precision:   9.3283749784158935E-005
 ====================NCALL=40K ===========================
  
 max=   3314337.7810967537     
 min=   0.0000000000000000     
       n_pass,     n_total
      200000      200353
 max=   3314337.7810967537     
 min=   0.0000000000000000     
       n_pass,     n_total
      210000      210353
 max=   3314337.7810967537     
 min=   0.0000000000000000     
       n_pass,     n_total
      220000      220353
 max=   3314337.7810967537     
 min=   0.0000000000000000     
       n_pass,     n_total
      230000      230353
   870587.11365237576      +\-   41.642742469920485     
 precision:   4.7832941490733315E-005
 ====================NCALL=80K ===========================
  
 max=   3314337.7810967537     
 min=   0.0000000000000000     
       n_pass,     n_total
      240000      240578
 max=   3314337.7810967537     
 min=   0.0000000000000000     
       n_pass,     n_total
      250000      250578
 max=   3314337.7810967537     
 min=   0.0000000000000000     
       n_pass,     n_total
      260000      260578
 max=   3314337.7810967537     
 min=   0.0000000000000000     
       n_pass,     n_total
      270000      270578
 max=   3314337.7810967537     
 min=   0.0000000000000000     
       n_pass,     n_total
      280000      280578
 max=   3314337.7810967537     
 min=   0.0000000000000000     
       n_pass,     n_total
      290000      290578
 max=   3314337.7810967537     
 min=   0.0000000000000000     
       n_pass,     n_total
      300000      300578
 max=   3314337.7810967537     
 min=   0.0000000000000000     
       n_pass,     n_total
      310000      310578
   870521.67265410209      +\-   21.570508009836967     
 precision:   2.4778829393266481E-005
 sigma (pb)                   sd (pb)
   870521.67265410209        21.570508009836967     
