 =======================================================
 |                                                     |
 |         \/\/\/\/\/\___________/\/\/\/\/\/           |
 |                   |     \     |                     |
 |                   |     /     |                     |
 |                   |     \     |                     |
 |         /\/\/\/\/\|_____/_____|/\/\/\/\/\           |
 |                                                     |
 | Light-by-light scattering at next-to-leading order  |
 |                   (VERSION 0.5)                     |
 |                                                     |
 |    Authors:                                         |
 |            Ajjath A.H. (LPTHE Paris)                |
 |            Ekta Chaubey (Bonn)                      |
 |            Mathijs Fraaije (Bern)                   |
 |            Valentin Hirschi (Bern)                  |
 |            Hua-Sheng Shao (LPTHE Paris)             |
 |                                                     |
 |    Please cite                                      |
 |            PLB 851 (2024) 138555 [arXiv:2312.16956] |
 |            JHEP 03 (2024) 121    [arXiv:2312.16966] |
 |                                                     |
 =======================================================
 ---------------------------------------------------
         the cuts in the lab frame                  
 min transverse momentum of photon    0.0000000000000000     
 max (pseudo-)rapidity of photon    5.0000000000000000     
 min (pseudo-)rapidity of photon   -5.0000000000000000     
 min invariant mass of di-photon    0.0000000000000000     
 ---------------------------------------------------
 max=   2030919.1813729133     
 min=   0.0000000000000000     
       n_pass,     n_total
       10000       10000
  
 ====================NCALL=20K===========================
  
 ITERATION            1 :
   248847.50555318882      +\-   250.71040830552499     
 precision:   1.0074861218648543E-003
 WARNING: outside the range of the grid (xs,xt)=   336.94877087633705       -336.93243295752916     
 WARNING: set the 2-loop amplitudes to zero
 max=   2034189.0040305501     
 min=   0.0000000000000000     
       n_pass,     n_total
       20000       20006
 max=   2034189.0040305501     
 min=   0.0000000000000000     
       n_pass,     n_total
       30000       30006
 ITERATION            2 :
   248312.36824692320      +\-   63.172779559250799     
 precision:   2.5440850975426015E-004
 max=   2075534.7592625632     
 min=   0.0000000000000000     
       n_pass,     n_total
       40000       40027
 max=   2075534.7592625632     
 min=   0.0000000000000000     
       n_pass,     n_total
       50000       50027
 WARNING: outside the range of the grid (xs,xt)=   336.94877087633705       -1.5625662475600960E-002
 WARNING: set the 2-loop amplitudes to zero
 ITERATION            3 :
   248222.39244488798      +\-   51.938957156474160     
 precision:   2.0924364093382911E-004
 WARNING: outside the range of the grid (xs,xt)=   336.94877087633705       -336.93241113043536     
 WARNING: set the 2-loop amplitudes to zero
 WARNING: outside the range of the grid (xs,xt)=   336.94877087633705       -336.93227195069954     
 WARNING: set the 2-loop amplitudes to zero
 WARNING: outside the range of the grid (xs,xt)=   336.94877087633705       -336.93235090546091     
 WARNING: set the 2-loop amplitudes to zero
 INFO: will suppress the further warning
 max=   2075534.7592625632     
 min=   0.0000000000000000     
       n_pass,     n_total
       60000       60067
 max=   2075534.7592625632     
 min=   0.0000000000000000     
       n_pass,     n_total
       70000       70067
 ITERATION            4 :
   248230.33333502736      +\-   46.874780166142394     
 precision:   1.8883582653404901E-004
 max=   2075534.7592625632     
 min=   0.0000000000000000     
       n_pass,     n_total
       80000       80121
 max=   2075534.7592625632     
 min=   0.0000000000000000     
       n_pass,     n_total
       90000       90121
 ITERATION            5 :
   248249.60655900609      +\-   42.844623181397139     
 precision:   1.7258687244369695E-004
 max=   2075534.7592625632     
 min=   0.0000000000000000     
       n_pass,     n_total
      100000      100202
 max=   2075534.7592625632     
 min=   0.0000000000000000     
       n_pass,     n_total
      110000      110202
 ITERATION            6 :
   248203.83360931370      +\-   41.694425474314642     
 precision:   1.6798461517699171E-004
 max=   2075534.7592625632     
 min=   0.0000000000000000     
       n_pass,     n_total
      120000      120290
 max=   2075534.7592625632     
 min=   0.0000000000000000     
       n_pass,     n_total
      130000      130290
 ITERATION            7 :
   248296.96435597775      +\-   40.425957677800668     
 precision:   1.6281293564202778E-004
 max=   2075674.3094317156     
 min=   0.0000000000000000     
       n_pass,     n_total
      140000      140389
 max=   2075674.3094317156     
 min=   0.0000000000000000     
       n_pass,     n_total
      150000      150389
 ITERATION            8 :
   248171.55448591633      +\-   39.588382634428449     
 precision:   1.5952022670944377E-004
 max=   2075674.3094317156     
 min=   0.0000000000000000     
       n_pass,     n_total
      160000      160501
 max=   2075674.3094317156     
 min=   0.0000000000000000     
       n_pass,     n_total
      170000      170501
 ITERATION            9 :
   248248.69558599300      +\-   38.890249837316311     
 precision:   1.5665842571907808E-004
 max=   2079919.1844693583     
 min=   0.0000000000000000     
       n_pass,     n_total
      180000      180615
 max=   2079919.1844693583     
 min=   0.0000000000000000     
       n_pass,     n_total
      190000      190615
 ITERATION           10 :
   248275.03499390397      +\-   39.650402450061861     
 precision:   1.5970354188464989E-004
 ====================NCALL=40K ===========================
  
 max=   2079919.1844693583     
 min=   0.0000000000000000     
       n_pass,     n_total
      200000      200824
 max=   2079919.1844693583     
 min=   0.0000000000000000     
       n_pass,     n_total
      210000      210824
 max=   2079919.1844693583     
 min=   0.0000000000000000     
       n_pass,     n_total
      220000      220824
 max=   2079919.1844693583     
 min=   0.0000000000000000     
       n_pass,     n_total
      230000      230824
   248257.96893519346      +\-   19.553473470471747     
 precision:   7.8762722317993696E-005
 ====================NCALL=80K ===========================
  
 max=   2079919.1844693583     
 min=   0.0000000000000000     
       n_pass,     n_total
      240000      241262
 max=   2079919.1844693583     
 min=   0.0000000000000000     
       n_pass,     n_total
      250000      251262
 max=   2079919.1844693583     
 min=   0.0000000000000000     
       n_pass,     n_total
      260000      261262
 max=   2079919.1844693583     
 min=   0.0000000000000000     
       n_pass,     n_total
      270000      271262
 max=   2079919.1844693583     
 min=   0.0000000000000000     
       n_pass,     n_total
      280000      281262
 max=   2079919.1844693583     
 min=   0.0000000000000000     
       n_pass,     n_total
      290000      291262
 max=   2079919.1844693583     
 min=   0.0000000000000000     
       n_pass,     n_total
      300000      301262
 max=   2079919.1844693583     
 min=   0.0000000000000000     
       n_pass,     n_total
      310000      311262
   248233.09646284889      +\-   9.2708208324359571     
 precision:   3.7347239205967236E-005
 sigma (pb)                   sd (pb)
   248233.09646284889        9.2708208324359571     
