 =======================================================
 |                                                     |
 |         \/\/\/\/\/\___________/\/\/\/\/\/           |
 |                   |     \     |                     |
 |                   |     /     |                     |
 |                   |     \     |                     |
 |         /\/\/\/\/\|_____/_____|/\/\/\/\/\           |
 |                                                     |
 | Light-by-light scattering at next-to-leading order  |
 |                   (VERSION 0.5)                     |
 |                                                     |
 |    Authors:                                         |
 |            Ajjath A.H. (LPTHE Paris)                |
 |            Ekta Chaubey (Bonn)                      |
 |            Mathijs Fraaije (Bern)                   |
 |            Valentin Hirschi (Bern)                  |
 |            Hua-Sheng Shao (LPTHE Paris)             |
 |                                                     |
 |    Please cite                                      |
 |            PLB 851 (2024) 138555 [arXiv:2312.16956] |
 |            JHEP 03 (2024) 121    [arXiv:2312.16966] |
 |                                                     |
 =======================================================
 ---------------------------------------------------
         the cuts in the lab frame                  
 min transverse momentum of photon    0.0000000000000000     
 max (pseudo-)rapidity of photon    5.0000000000000000     
 min (pseudo-)rapidity of photon   -5.0000000000000000     
 min invariant mass of di-photon    0.0000000000000000     
 ---------------------------------------------------
 max=   348607.89837131283     
 min=   0.0000000000000000     
       n_pass,     n_total
       10000       10000
  
 ====================NCALL=20K===========================
  
 ITERATION            1 :
   7656.3926375052342      +\-   53.736165184045696     
 precision:   7.0184704113548614E-003
 WARNING: outside the range of the grid (xs,xt)=   2.8849276008019595E-002  -2.8847893839739389E-002
 WARNING: set the 2-loop amplitudes to zero
 WARNING: outside the range of the grid (xs,xt)=   2.8007006920415217E-002  -2.8005665105231427E-002
 WARNING: set the 2-loop amplitudes to zero
 WARNING: outside the range of the grid (xs,xt)=   1.3484423157017910E-002  -1.3483777118553742E-002
 WARNING: set the 2-loop amplitudes to zero
 WARNING: outside the range of the grid (xs,xt)=   12398.887871906129       -12398.293841417404     
 WARNING: set the 2-loop amplitudes to zero
 WARNING: outside the range of the grid (xs,xt)=  0.25176677895666721      -0.25175471681494183     
 WARNING: set the 2-loop amplitudes to zero
 INFO: will suppress the further warning
 max=   361181.99903657963     
 min=   0.0000000000000000     
       n_pass,     n_total
       20000       20007
 max=   361181.99903657963     
 min=   0.0000000000000000     
       n_pass,     n_total
       30000       30007
 ITERATION            2 :
   7582.6064126580804      +\-   10.583289319587863     
 precision:   1.3957323832502462E-003
 max=   361745.66453317209     
 min=   0.0000000000000000     
       n_pass,     n_total
       40000       40040
 max=   361745.66453317209     
 min=   0.0000000000000000     
       n_pass,     n_total
       50000       50040
 ITERATION            3 :
   7573.6042626298349      +\-   4.2580892733234323     
 precision:   5.6222759014937847E-004
 max=   361968.64057087630     
 min=   0.0000000000000000     
       n_pass,     n_total
       60000       60155
 max=   361968.64057087630     
 min=   0.0000000000000000     
       n_pass,     n_total
       70000       70155
 ITERATION            4 :
   7576.5336713369334      +\-   2.7301165190794547     
 precision:   3.6033846578255969E-004
 max=   362394.14139200532     
 min=   0.0000000000000000     
       n_pass,     n_total
       80000       80405
 max=   362394.14139200532     
 min=   0.0000000000000000     
       n_pass,     n_total
       90000       90405
 ITERATION            5 :
   7574.7186242898379      +\-   2.0450331271807447     
 precision:   2.6998139846712461E-004
 max=   362394.14139200532     
 min=   0.0000000000000000     
       n_pass,     n_total
      100000      100750
 max=   362394.14139200532     
 min=   0.0000000000000000     
       n_pass,     n_total
      110000      110750
 ITERATION            6 :
   7574.8442931035315      +\-   1.8446586087393169     
 precision:   2.4352429401337984E-004
 max=   362394.14139200532     
 min=   0.0000000000000000     
       n_pass,     n_total
      120000      121050
 max=   362394.14139200532     
 min=   0.0000000000000000     
       n_pass,     n_total
      130000      131050
 ITERATION            7 :
   7579.2615766196886      +\-   1.8449448617148159     
 precision:   2.4342013309133629E-004
 max=   362394.14139200532     
 min=   0.0000000000000000     
       n_pass,     n_total
      140000      141472
 max=   362394.14139200532     
 min=   0.0000000000000000     
       n_pass,     n_total
      150000      151472
 ITERATION            8 :
   7573.0138026432760      +\-   1.8026805596801156     
 precision:   2.3804004675799086E-004
 max=   362394.14139200532     
 min=   0.0000000000000000     
       n_pass,     n_total
      160000      161729
 max=   362394.14139200532     
 min=   0.0000000000000000     
       n_pass,     n_total
      170000      171729
 ITERATION            9 :
   7575.8912747615996      +\-   1.9144313088581977     
 precision:   2.5270047304347588E-004
 max=   362394.14139200532     
 min=   0.0000000000000000     
       n_pass,     n_total
      180000      182172
 max=   362394.14139200532     
 min=   0.0000000000000000     
       n_pass,     n_total
      190000      192172
 ITERATION           10 :
   7578.1364462031352      +\-   1.8693424198776372     
 precision:   2.4667574055284156E-004
 ====================NCALL=40K ===========================
  
 max=   362394.14139200532     
 min=   0.0000000000000000     
       n_pass,     n_total
      200000      202713
 max=   362394.14139200532     
 min=   0.0000000000000000     
       n_pass,     n_total
      210000      212713
 max=   362394.14139200532     
 min=   0.0000000000000000     
       n_pass,     n_total
      220000      222713
 max=   362394.14139200532     
 min=   0.0000000000000000     
       n_pass,     n_total
      230000      232713
   7576.3308080510187      +\-  0.92674966298148453     
 precision:   1.2232169983874915E-004
 ====================NCALL=80K ===========================
  
 max=   362394.14139200532     
 min=   0.0000000000000000     
       n_pass,     n_total
      240000      244413
 max=   362394.14139200532     
 min=   0.0000000000000000     
       n_pass,     n_total
      250000      254413
 max=   362394.14139200532     
 min=   0.0000000000000000     
       n_pass,     n_total
      260000      264413
 max=   362394.14139200532     
 min=   0.0000000000000000     
       n_pass,     n_total
      270000      274413
 max=   362394.14139200532     
 min=   0.0000000000000000     
       n_pass,     n_total
      280000      284413
 max=   362394.14139200532     
 min=   0.0000000000000000     
       n_pass,     n_total
      290000      294413
 max=   362394.14139200532     
 min=   0.0000000000000000     
       n_pass,     n_total
      300000      304413
 max=   362410.16705792595     
 min=   0.0000000000000000     
       n_pass,     n_total
      310000      314443
   7575.7142600061670      +\-  0.42943616559078251     
 precision:   5.6685897969762252E-005
 sigma (pb)                   sd (pb)
   7575.7142600061670       0.42943616559078251     
