 =======================================================
 |                                                     |
 |         \/\/\/\/\/\___________/\/\/\/\/\/           |
 |                   |     \     |                     |
 |                   |     /     |                     |
 |                   |     \     |                     |
 |         /\/\/\/\/\|_____/_____|/\/\/\/\/\           |
 |                                                     |
 | Light-by-light scattering at next-to-leading order  |
 |                   (VERSION 0.5)                     |
 |                                                     |
 |    Authors:                                         |
 |            Ajjath A.H. (LPTHE Paris)                |
 |            Ekta Chaubey (Bonn)                      |
 |            Mathijs Fraaije (Bern)                   |
 |            Valentin Hirschi (Bern)                  |
 |            Hua-Sheng Shao (LPTHE Paris)             |
 |                                                     |
 |    Please cite                                      |
 |            PLB 851 (2024) 138555 [arXiv:2312.16956] |
 |            JHEP 03 (2024) 121    [arXiv:2312.16966] |
 |                                                     |
 =======================================================
 ---------------------------------------------------
         the cuts in the lab frame                  
 min transverse momentum of photon    0.0000000000000000     
 max (pseudo-)rapidity of photon    5.0000000000000000     
 min (pseudo-)rapidity of photon   -5.0000000000000000     
 min invariant mass of di-photon    0.0000000000000000     
 ---------------------------------------------------
 max=   2.2951960011227666E-003
 min=   0.0000000000000000     
       n_pass,     n_total
       10000       10000
  
 ====================NCALL=20K===========================
  
 ITERATION            1 :
   1.5834431216302531E-003 +\-   3.1063142314752931E-007
 precision:   1.9617466450434605E-004
 max=   2.2954225546214396E-003
 min=   0.0000000000000000     
       n_pass,     n_total
       20000       20001
 max=   2.2954225546214396E-003
 min=   0.0000000000000000     
       n_pass,     n_total
       30000       30001
 ITERATION            2 :
   1.5831306251066490E-003 +\-   1.2666542794427163E-007
 precision:   8.0009460960139470E-005
 max=   2.2954225546214396E-003
 min=   0.0000000000000000     
       n_pass,     n_total
       40000       40010
 max=   2.2954225546214396E-003
 min=   0.0000000000000000     
       n_pass,     n_total
       50000       50010
 ITERATION            3 :
   1.5830631845029685E-003 +\-   1.1141873030097840E-007
 precision:   7.0381732953988399E-005
 max=   2.2954341140032247E-003
 min=   0.0000000000000000     
       n_pass,     n_total
       60000       60029
 max=   2.2954341140032247E-003
 min=   0.0000000000000000     
       n_pass,     n_total
       70000       70029
 ITERATION            4 :
   1.5831146627090873E-003 +\-   9.7597053016856608E-008
 precision:   6.1648758182710994E-005
 max=   2.2954350879006275E-003
 min=   0.0000000000000000     
       n_pass,     n_total
       80000       80052
 max=   2.2954350879006275E-003
 min=   0.0000000000000000     
       n_pass,     n_total
       90000       90052
 ITERATION            5 :
   1.5831751259281750E-003 +\-   8.4317403399172435E-008
 precision:   5.3258418489703914E-005
 max=   2.2954350879006275E-003
 min=   0.0000000000000000     
       n_pass,     n_total
      100000      100079
 max=   2.2954350879006275E-003
 min=   0.0000000000000000     
       n_pass,     n_total
      110000      110079
 ITERATION            6 :
   1.5832126653981288E-003 +\-   7.6752881961616022E-008
 precision:   4.8479199060926571E-005
 max=   2.2954350879006275E-003
 min=   0.0000000000000000     
       n_pass,     n_total
      120000      120105
 max=   2.2954350879006275E-003
 min=   0.0000000000000000     
       n_pass,     n_total
      130000      130105
 ITERATION            7 :
   1.5833172474437596E-003 +\-   8.2404213010103442E-008
 precision:   5.2045294866296521E-005
 max=   2.2954350879006275E-003
 min=   0.0000000000000000     
       n_pass,     n_total
      140000      140134
 max=   2.2954350879006275E-003
 min=   0.0000000000000000     
       n_pass,     n_total
      150000      150134
 ITERATION            8 :
   1.5830576388245112E-003 +\-   8.4575253292050362E-008
 precision:   5.3425252004627667E-005
 max=   2.2954406012468446E-003
 min=   0.0000000000000000     
       n_pass,     n_total
      160000      160166
 max=   2.2954406012468446E-003
 min=   0.0000000000000000     
       n_pass,     n_total
      170000      170166
 ITERATION            9 :
   1.5832543136428941E-003 +\-   7.8512786116724648E-008
 precision:   4.9589497682198230E-005
 max=   2.2954406012468446E-003
 min=   0.0000000000000000     
       n_pass,     n_total
      180000      180191
 max=   2.2954406012468446E-003
 min=   0.0000000000000000     
       n_pass,     n_total
      190000      190191
 ITERATION           10 :
   1.5832638603930794E-003 +\-   1.0138678482123978E-007
 precision:   6.4036568608386173E-005
 ====================NCALL=40K ===========================
  
 max=   2.2954406012468446E-003
 min=   0.0000000000000000     
       n_pass,     n_total
      200000      200239
 max=   2.2954406012468446E-003
 min=   0.0000000000000000     
       n_pass,     n_total
      210000      210239
 max=   2.2954406012468446E-003
 min=   0.0000000000000000     
       n_pass,     n_total
      220000      220239
 max=   2.2954406012468446E-003
 min=   0.0000000000000000     
       n_pass,     n_total
      230000      230239
   1.5831716229982302E-003 +\-   4.9619695095910324E-008
 precision:   3.1341955840479205E-005
 ====================NCALL=80K ===========================
  
 max=   2.2954406012468446E-003
 min=   0.0000000000000000     
       n_pass,     n_total
      240000      240368
 max=   2.2954406012468446E-003
 min=   0.0000000000000000     
       n_pass,     n_total
      250000      250368
 max=   2.2954406012468446E-003
 min=   0.0000000000000000     
       n_pass,     n_total
      260000      260368
 max=   2.2954406012468446E-003
 min=   0.0000000000000000     
       n_pass,     n_total
      270000      270368
 max=   2.2954406012468446E-003
 min=   0.0000000000000000     
       n_pass,     n_total
      280000      280368
 max=   2.2954406012468446E-003
 min=   0.0000000000000000     
       n_pass,     n_total
      290000      290368
 max=   2.2954406012468446E-003
 min=   0.0000000000000000     
       n_pass,     n_total
      300000      300368
 max=   2.2954406012468446E-003
 min=   0.0000000000000000     
       n_pass,     n_total
      310000      310368
   1.5831361935061607E-003 +\-   2.3565518476571126E-008
 precision:   1.4885338717688423E-005
 sigma (pb)                   sd (pb)
   1.5831361935061607E-003   2.3565518476571126E-008
