 =======================================================
 |                                                     |
 |         \/\/\/\/\/\___________/\/\/\/\/\/           |
 |                   |     \     |                     |
 |                   |     /     |                     |
 |                   |     \     |                     |
 |         /\/\/\/\/\|_____/_____|/\/\/\/\/\           |
 |                                                     |
 | Light-by-light scattering at next-to-leading order  |
 |                   (VERSION 0.5)                     |
 |                                                     |
 |    Authors:                                         |
 |            Ajjath A.H. (LPTHE Paris)                |
 |            Ekta Chaubey (Bonn)                      |
 |            Mathijs Fraaije (Bern)                   |
 |            Valentin Hirschi (Bern)                  |
 |            Hua-Sheng Shao (LPTHE Paris)             |
 |                                                     |
 |    Please cite                                      |
 |            PLB 851 (2024) 138555 [arXiv:2312.16956] |
 |            JHEP 03 (2024) 121    [arXiv:2312.16966] |
 |                                                     |
 =======================================================
 ---------------------------------------------------
         the cuts in the lab frame                  
 min transverse momentum of photon    0.0000000000000000     
 max (pseudo-)rapidity of photon    5.0000000000000000     
 min (pseudo-)rapidity of photon   -5.0000000000000000     
 min invariant mass of di-photon    0.0000000000000000     
 ---------------------------------------------------
 WARNING: outside the range of the grid (xs,xt)=   1.8915552135581392E-002  -1.8915551946426655E-002
 WARNING: set the 2-loop amplitudes to zero
 WARNING: outside the range of the grid (xs,xt)=   1.8864483408751097E-002  -1.8864483220107045E-002
 WARNING: set the 2-loop amplitudes to zero
 WARNING: outside the range of the grid (xs,xt)=   1.8951559720408434E-002  -1.8951559530893620E-002
 WARNING: set the 2-loop amplitudes to zero
 WARNING: outside the range of the grid (xs,xt)=   1.8928690514145766E-002  -1.8928690324859644E-002
 WARNING: set the 2-loop amplitudes to zero
 WARNING: outside the range of the grid (xs,xt)=   1.8966106363355797E-002  -1.8966106173695516E-002
 WARNING: set the 2-loop amplitudes to zero
 INFO: will suppress the further warning
 max=   2.2576508397092257E-002
 min=   0.0000000000000000     
       n_pass,     n_total
       10000       10000
  
 ====================NCALL=20K===========================
  
 ITERATION            1 :
   1.6145714928692365E-002 +\-   9.5253857016043623E-007
 precision:   5.8996369895500313E-005
 max=   2.3071265880402449E-002
 min=   0.0000000000000000     
       n_pass,     n_total
       20000       20002
 max=   2.3071265880402449E-002
 min=   0.0000000000000000     
       n_pass,     n_total
       30000       30002
 ITERATION            2 :
   1.6142525256407005E-002 +\-   1.1631098628753523E-006
 precision:   7.2052534804844826E-005
 max=   2.3118775793168636E-002
 min=   0.0000000000000000     
       n_pass,     n_total
       40000       40012
 max=   2.3118775793168636E-002
 min=   0.0000000000000000     
       n_pass,     n_total
       50000       50012
 ITERATION            3 :
   1.6142006600047672E-002 +\-   9.2160637283258122E-007
 precision:   5.7093668443293749E-005
 max=   2.3122691985551339E-002
 min=   0.0000000000000000     
       n_pass,     n_total
       60000       60033
 max=   2.3122691985551339E-002
 min=   0.0000000000000000     
       n_pass,     n_total
       70000       70033
 ITERATION            4 :
   1.6142415134129274E-002 +\-   8.2959173095212161E-007
 precision:   5.1392045369849796E-005
 max=   2.3123173412555244E-002
 min=   0.0000000000000000     
       n_pass,     n_total
       80000       80056
 max=   2.3123173412555244E-002
 min=   0.0000000000000000     
       n_pass,     n_total
       90000       90056
 ITERATION            5 :
   1.6142341673843714E-002 +\-   7.2845267160184332E-007
 precision:   4.5126827713118817E-005
 max=   2.3123173412555244E-002
 min=   0.0000000000000000     
       n_pass,     n_total
      100000      100086
 max=   2.3123173412555244E-002
 min=   0.0000000000000000     
       n_pass,     n_total
      110000      110086
 ITERATION            6 :
   1.6141214827493956E-002 +\-   8.0032752221414018E-007
 precision:   4.9582855489347142E-005
 max=   2.3123652321056315E-002
 min=   0.0000000000000000     
       n_pass,     n_total
      120000      120113
 max=   2.3123652321056315E-002
 min=   0.0000000000000000     
       n_pass,     n_total
      130000      130113
 ITERATION            7 :
   1.6142931625667066E-002 +\-   7.3254240124001403E-007
 precision:   4.5378523444606587E-005
 max=   2.3123652321056315E-002
 min=   0.0000000000000000     
       n_pass,     n_total
      140000      140145
 max=   2.3123652321056315E-002
 min=   0.0000000000000000     
       n_pass,     n_total
      150000      150145
 ITERATION            8 :
   1.6141906529209431E-002 +\-   7.3043153456037864E-007
 precision:   4.5250635867493928E-005
 max=   2.3123715105953818E-002
 min=   0.0000000000000000     
       n_pass,     n_total
      160000      160189
 max=   2.3123715105953818E-002
 min=   0.0000000000000000     
       n_pass,     n_total
      170000      170189
 ITERATION            9 :
   1.6143023506944226E-002 +\-   7.1679025519988080E-007
 precision:   4.4402478562429152E-005
 max=   2.3124137266439582E-002
 min=   0.0000000000000000     
       n_pass,     n_total
      180000      180227
 max=   2.3124137266439582E-002
 min=   0.0000000000000000     
       n_pass,     n_total
      190000      190227
 ITERATION           10 :
   1.6143114815224058E-002 +\-   6.7607202414076430E-007
 precision:   4.1879899379962428E-005
 ====================NCALL=40K ===========================
  
 max=   2.3124137266439582E-002
 min=   0.0000000000000000     
       n_pass,     n_total
      200000      200305
 max=   2.3124137266439582E-002
 min=   0.0000000000000000     
       n_pass,     n_total
      210000      210305
 max=   2.3124137266439582E-002
 min=   0.0000000000000000     
       n_pass,     n_total
      220000      220305
 max=   2.3124137266439582E-002
 min=   0.0000000000000000     
       n_pass,     n_total
      230000      230305
   1.6142694980265365E-002 +\-   3.6178454623183522E-007
 precision:   2.2411657203095339E-005
 ====================NCALL=80K ===========================
  
 max=   2.3124210481509189E-002
 min=   0.0000000000000000     
       n_pass,     n_total
      240000      240486
 max=   2.3124210481509189E-002
 min=   0.0000000000000000     
       n_pass,     n_total
      250000      250486
 max=   2.3124210481509189E-002
 min=   0.0000000000000000     
       n_pass,     n_total
      260000      260486
 max=   2.3124210481509189E-002
 min=   0.0000000000000000     
       n_pass,     n_total
      270000      270486
 max=   2.3124210481509189E-002
 min=   0.0000000000000000     
       n_pass,     n_total
      280000      280486
 max=   2.3124210481509189E-002
 min=   0.0000000000000000     
       n_pass,     n_total
      290000      290486
 max=   2.3124210481509189E-002
 min=   0.0000000000000000     
       n_pass,     n_total
      300000      300486
 max=   2.3124210481509189E-002
 min=   0.0000000000000000     
       n_pass,     n_total
      310000      310486
   1.6142283590302731E-002 +\-   1.8665993024454788E-007
 precision:   1.1563415374308096E-005
 sigma (pb)                   sd (pb)
   1.6142283590302731E-002   1.8665993024454788E-007
