 =======================================================
 |                                                     |
 |         \/\/\/\/\/\___________/\/\/\/\/\/           |
 |                   |     \     |                     |
 |                   |     /     |                     |
 |                   |     \     |                     |
 |         /\/\/\/\/\|_____/_____|/\/\/\/\/\           |
 |                                                     |
 | Light-by-light scattering at next-to-leading order  |
 |                   (VERSION 0.5)                     |
 |                                                     |
 |    Authors:                                         |
 |            Ajjath A.H. (LPTHE Paris)                |
 |            Ekta Chaubey (Bonn)                      |
 |            Mathijs Fraaije (Bern)                   |
 |            Valentin Hirschi (Bern)                  |
 |            Hua-Sheng Shao (LPTHE Paris)             |
 |                                                     |
 |    Please cite                                      |
 |            PLB 851 (2024) 138555 [arXiv:2312.16956] |
 |            JHEP 03 (2024) 121    [arXiv:2312.16966] |
 |                                                     |
 =======================================================
 ---------------------------------------------------
         the cuts in the lab frame                  
 min transverse momentum of photon    0.0000000000000000     
 max (pseudo-)rapidity of photon    5.0000000000000000     
 min (pseudo-)rapidity of photon   -5.0000000000000000     
 min invariant mass of di-photon    0.0000000000000000     
 ---------------------------------------------------
 WARNING: outside the range of the grid (xs,xt)=   9.3835208011412138E-002  -9.3835207073079283E-002
 WARNING: set the 2-loop amplitudes to zero
 WARNING: outside the range of the grid (xs,xt)=   9.4013832414655357E-002  -9.4013831474536319E-002
 WARNING: set the 2-loop amplitudes to zero
 WARNING: outside the range of the grid (xs,xt)=   9.3900384141439142E-002  -9.3900383202454543E-002
 WARNING: set the 2-loop amplitudes to zero
 WARNING: outside the range of the grid (xs,xt)=   9.4085994583491289E-002  -9.4085993642650648E-002
 WARNING: set the 2-loop amplitudes to zero
 WARNING: outside the range of the grid (xs,xt)=   9.4128343633736414E-002  -9.4128342692472319E-002
 WARNING: set the 2-loop amplitudes to zero
 INFO: will suppress the further warning
 max=   2.8026577887333803     
 min=   0.0000000000000000     
       n_pass,     n_total
       10000       10000
  
 ====================NCALL=20K===========================
  
 ITERATION            1 :
   1.9878412972638526      +\-   6.6893609225818554E-005
 precision:   3.3651383195375659E-005
 max=   2.8175481531318427     
 min=   0.0000000000000000     
       n_pass,     n_total
       20000       20002
 max=   2.8175481531318427     
 min=   0.0000000000000000     
       n_pass,     n_total
       30000       30002
 ITERATION            2 :
   1.9877268919673357      +\-   1.3043668285815690E-004
 precision:   6.5621028414551610E-005
 max=   2.8227614930553431     
 min=   0.0000000000000000     
       n_pass,     n_total
       40000       40010
 max=   2.8227614930553431     
 min=   0.0000000000000000     
       n_pass,     n_total
       50000       50010
 ITERATION            3 :
   1.9875302148853948      +\-   1.1081763126572994E-004
 precision:   5.5756451114943130E-005
 max=   2.8239307138892191     
 min=   0.0000000000000000     
       n_pass,     n_total
       60000       60033
 max=   2.8239307138892191     
 min=   0.0000000000000000     
       n_pass,     n_total
       70000       70033
 ITERATION            4 :
   1.9875805860312095      +\-   8.6514195011395750E-005
 precision:   4.3527389842414811E-005
 max=   2.8240303624368912     
 min=   0.0000000000000000     
       n_pass,     n_total
       80000       80065
 max=   2.8240303624368912     
 min=   0.0000000000000000     
       n_pass,     n_total
       90000       90065
 ITERATION            5 :
   1.9876415811762773      +\-   7.2307282005045439E-005
 precision:   3.6378430945409338E-005
 max=   2.8240303624368912     
 min=   0.0000000000000000     
       n_pass,     n_total
      100000      100111
 max=   2.8240303624368912     
 min=   0.0000000000000000     
       n_pass,     n_total
      110000      110111
 ITERATION            6 :
   1.9875994093465179      +\-   6.5409713867626263E-005
 precision:   3.2908901844125444E-005
 max=   2.8240469945324764     
 min=   0.0000000000000000     
       n_pass,     n_total
      120000      120154
 max=   2.8240469945324764     
 min=   0.0000000000000000     
       n_pass,     n_total
      130000      130154
 ITERATION            7 :
   1.9876914066553353      +\-   6.4661027801568756E-005
 precision:   3.2530717587783460E-005
 max=   2.8240469945324764     
 min=   0.0000000000000000     
       n_pass,     n_total
      140000      140211
 max=   2.8240469945324764     
 min=   0.0000000000000000     
       n_pass,     n_total
      150000      150211
 ITERATION            8 :
   1.9875296155437328      +\-   6.4663734668635878E-005
 precision:   3.2534727615087977E-005
 max=   2.8240469945324764     
 min=   0.0000000000000000     
       n_pass,     n_total
      160000      160280
 max=   2.8240469945324764     
 min=   0.0000000000000000     
       n_pass,     n_total
      170000      170280
 ITERATION            9 :
   1.9876352085392379      +\-   6.2326072071550685E-005
 precision:   3.1356896780549413E-005
 max=   2.8240469945324764     
 min=   0.0000000000000000     
       n_pass,     n_total
      180000      180351
 max=   2.8240469945324764     
 min=   0.0000000000000000     
       n_pass,     n_total
      190000      190351
 ITERATION           10 :
   1.9876611843227685      +\-   6.3552843939087468E-005
 precision:   3.1973680645547770E-005
 ====================NCALL=40K ===========================
  
 max=   2.8240469945324764     
 min=   0.0000000000000000     
       n_pass,     n_total
      200000      200494
 max=   2.8240469945324764     
 min=   0.0000000000000000     
       n_pass,     n_total
      210000      210494
 max=   2.8240469945324764     
 min=   0.0000000000000000     
       n_pass,     n_total
      220000      220494
 max=   2.8240469945324764     
 min=   0.0000000000000000     
       n_pass,     n_total
      230000      230494
   1.9876299259906576      +\-   3.2953112169702713E-005
 precision:   1.6579098422096108E-005
 ====================NCALL=80K ===========================
  
 max=   2.8240469945324764     
 min=   0.0000000000000000     
       n_pass,     n_total
      240000      240827
 max=   2.8240469945324764     
 min=   0.0000000000000000     
       n_pass,     n_total
      250000      250827
 max=   2.8240469945324764     
 min=   0.0000000000000000     
       n_pass,     n_total
      260000      260827
 max=   2.8240469945324764     
 min=   0.0000000000000000     
       n_pass,     n_total
      270000      270827
 max=   2.8240469945324764     
 min=   0.0000000000000000     
       n_pass,     n_total
      280000      280827
 max=   2.8240469945324764     
 min=   0.0000000000000000     
       n_pass,     n_total
      290000      290827
 max=   2.8240469945324764     
 min=   0.0000000000000000     
       n_pass,     n_total
      300000      300827
 max=   2.8240469945324764     
 min=   0.0000000000000000     
       n_pass,     n_total
      310000      310827
   1.9875993331724442      +\-   1.6412121464437427E-005
 precision:   8.2572584879276116E-006
 sigma (pb)                   sd (pb)
   1.9875993331724442        1.6412121464437427E-005
