 =======================================================
 |                                                     |
 |         \/\/\/\/\/\___________/\/\/\/\/\/           |
 |                   |     \     |                     |
 |                   |     /     |                     |
 |                   |     \     |                     |
 |         /\/\/\/\/\|_____/_____|/\/\/\/\/\           |
 |                                                     |
 | Light-by-light scattering at next-to-leading order  |
 |                   (VERSION 0.5)                     |
 |                                                     |
 |    Authors:                                         |
 |            Ajjath A.H. (LPTHE Paris)                |
 |            Ekta Chaubey (Bonn)                      |
 |            Mathijs Fraaije (Bern)                   |
 |            Valentin Hirschi (Bern)                  |
 |            Hua-Sheng Shao (LPTHE Paris)             |
 |                                                     |
 |    Please cite                                      |
 |            PLB 851 (2024) 138555 [arXiv:2312.16956] |
 |            JHEP 03 (2024) 121    [arXiv:2312.16966] |
 |                                                     |
 =======================================================
 ---------------------------------------------------
         the cuts in the lab frame                  
 min transverse momentum of photon    0.0000000000000000     
 max (pseudo-)rapidity of photon    5.0000000000000000     
 min (pseudo-)rapidity of photon   -5.0000000000000000     
 min invariant mass of di-photon    0.0000000000000000     
 ---------------------------------------------------
 WARNING: outside the range of the grid (xs,xt)=   4.4830862407882961       -4.4830861960012722     
 WARNING: set the 2-loop amplitudes to zero
 WARNING: outside the range of the grid (xs,xt)=   4.4831264720498645       -4.4831264272624383     
 WARNING: set the 2-loop amplitudes to zero
 max=   4446035374076426.0     
 min=   0.0000000000000000     
       n_pass,     n_total
       10000       10000
  
 ====================NCALL=20K===========================
  
 ITERATION            1 :
   406734020600.72064      +\-   289508830734.31274     
 precision:  0.71178907116431112     
 WARNING: outside the range of the grid (xs,xt)=   4.4831007499793669       -4.4831007051921974     
 WARNING: set the 2-loop amplitudes to zero
 WARNING: outside the range of the grid (xs,xt)=   4.4831044071375423       -4.4831043623503364     
 WARNING: set the 2-loop amplitudes to zero
 WARNING: outside the range of the grid (xs,xt)=   4.4831576900447807       -4.4831576452570427     
 WARNING: set the 2-loop amplitudes to zero
 INFO: will suppress the further warning
 max=   10435985944170626.     
 min=   0.0000000000000000     
       n_pass,     n_total
       20000       20017
 max=   10435985944170626.     
 min=   0.0000000000000000     
       n_pass,     n_total
       30000       30017
 ITERATION            2 :
   264452774396.18674      +\-   223336625584.12805     
 precision:  0.84452366247267641     
 max=   11470564238147392.     
 min=   0.0000000000000000     
       n_pass,     n_total
       40000       40289
 max=   11470564238147392.     
 min=   0.0000000000000000     
       n_pass,     n_total
       50000       50289
 ITERATION            3 :
   218141888495.89447      +\-   17292558108.788654     
 precision:   7.9272065663418462E-002
 max=   11502133960189678.     
 min=   0.0000000000000000     
       n_pass,     n_total
       60000       65142
 max=   11502133960189678.     
 min=   0.0000000000000000     
       n_pass,     n_total
       70000       75142
 ITERATION            4 :
   244231140872.57043      +\-   822064867.73844802     
 precision:   3.3659297696495101E-003
 max=   11515931029679508.     
 min=   0.0000000000000000     
       n_pass,     n_total
       80000       90459
 ITERATION            5 :
   245059786539.28781      +\-   150160889.35371366     
 precision:   6.1275206134091677E-004
 max=   11516245878595166.     
 min=   0.0000000000000000     
       n_pass,     n_total
       90000      103401
 max=   11516245878595166.     
 min=   0.0000000000000000     
       n_pass,     n_total
      100000      113401
 ITERATION            6 :
   244912809290.38345      +\-   48169667.253636837     
 precision:   1.9668088162969036E-004
 max=   11516369104008572.     
 min=   0.0000000000000000     
       n_pass,     n_total
      110000      126388
 max=   11516369104008572.     
 min=   0.0000000000000000     
       n_pass,     n_total
      120000      136388
 ITERATION            7 :
   244979258721.21487      +\-   21330213.020553038     
 precision:   8.7069465112663718E-005
 max=   11516369104008572.     
 min=   0.0000000000000000     
       n_pass,     n_total
      130000      147334
 ITERATION            8 :
   244969134277.82666      +\-   14817070.991529640     
 precision:   6.0485460893718821E-005
 max=   11516369104008572.     
 min=   0.0000000000000000     
       n_pass,     n_total
      140000      159236
 max=   11516369104008572.     
 min=   0.0000000000000000     
       n_pass,     n_total
      150000      169236
 ITERATION            9 :
   244964690831.90607      +\-   12637938.961638831     
 precision:   5.1590859559065762E-005
 max=   11516369104008572.     
 min=   0.0000000000000000     
       n_pass,     n_total
      160000      180424
 max=   11516369104008572.     
 min=   0.0000000000000000     
       n_pass,     n_total
      170000      190424
 ITERATION           10 :
   244923380099.81732      +\-   11467787.961819904     
 precision:   4.6821940629539995E-005
 ====================NCALL=40K ===========================
  
 max=   11516369104008572.     
 min=   0.0000000000000000     
       n_pass,     n_total
      180000      202071
 max=   11516369104008572.     
 min=   0.0000000000000000     
       n_pass,     n_total
      190000      212071
 max=   11516369104008572.     
 min=   0.0000000000000000     
       n_pass,     n_total
      200000      222071
 max=   11516369104008572.     
 min=   0.0000000000000000     
       n_pass,     n_total
      210000      232071
   246145994232.69009      +\-   1121092238.6535597     
 precision:   4.5545825035598732E-003
 ====================NCALL=80K ===========================
  
 max=   11516369104008572.     
 min=   0.0000000000000000     
       n_pass,     n_total
      220000      279154
 max=   11516369104008572.     
 min=   0.0000000000000000     
       n_pass,     n_total
      230000      289154
 max=   11516369104008572.     
 min=   0.0000000000000000     
       n_pass,     n_total
      240000      299154
 max=   11516369104008572.     
 min=   0.0000000000000000     
       n_pass,     n_total
      250000      309154
   242594633135.09256      +\-   76958529.316167191     
 precision:   3.1723096394021069E-004
 sigma (pb)                   sd (pb)
   242594633135.09256        76958529.316167191     
