 =======================================================
 |                                                     |
 |         \/\/\/\/\/\___________/\/\/\/\/\/           |
 |                   |     \     |                     |
 |                   |     /     |                     |
 |                   |     \     |                     |
 |         /\/\/\/\/\|_____/_____|/\/\/\/\/\           |
 |                                                     |
 | Light-by-light scattering at next-to-leading order  |
 |                   (VERSION 0.5)                     |
 |                                                     |
 |    Authors:                                         |
 |            Ajjath A.H. (LPTHE Paris)                |
 |            Ekta Chaubey (Bonn)                      |
 |            Mathijs Fraaije (Bern)                   |
 |            Valentin Hirschi (Bern)                  |
 |            Hua-Sheng Shao (LPTHE Paris)             |
 |                                                     |
 |    Please cite                                      |
 |            PLB 851 (2024) 138555 [arXiv:2312.16956] |
 |            JHEP 03 (2024) 121    [arXiv:2312.16966] |
 |                                                     |
 =======================================================
 ---------------------------------------------------
         the cuts in the lab frame                  
 min transverse momentum of photon    0.0000000000000000     
 max (pseudo-)rapidity of photon    5.0000000000000000     
 min (pseudo-)rapidity of photon   -5.0000000000000000     
 min invariant mass of di-photon    0.0000000000000000     
 ---------------------------------------------------
 max=   3144690.9755714419     
 min=   0.0000000000000000     
       n_pass,     n_total
       10000       10000
  
 ====================NCALL=20K===========================
  
 ITERATION            1 :
   1768731.9820270899      +\-   77.952554872284111     
 precision:   4.4072564789010632E-005
 max=   3144690.9755714419     
 min=   0.0000000000000000     
       n_pass,     n_total
       20000       20002
 max=   3144690.9755714419     
 min=   0.0000000000000000     
       n_pass,     n_total
       30000       30002
 ITERATION            2 :
   1768500.8449099087      +\-   121.22170033700705     
 precision:   6.8544892520637922E-005
 WARNING: outside the range of the grid (xs,xt)=   14.235484698664607       -14.234821275944915     
 WARNING: set the 2-loop amplitudes to zero
 WARNING: outside the range of the grid (xs,xt)=   14.235484698664607       -14.234831092796691     
 WARNING: set the 2-loop amplitudes to zero
 max=   5597957.7151897950     
 min=   0.0000000000000000     
       n_pass,     n_total
       40000       40010
 max=   5597957.7151897950     
 min=   0.0000000000000000     
       n_pass,     n_total
       50000       50010
 WARNING: outside the range of the grid (xs,xt)=   14.235484698664607       -6.8710505530379445E-004
 WARNING: set the 2-loop amplitudes to zero
 ITERATION            3 :
   1768323.8350231992      +\-   112.27565138470175     
 precision:   6.3492698091257010E-005
 WARNING: outside the range of the grid (xs,xt)=   14.235484698664607       -14.234816392464268     
 WARNING: set the 2-loop amplitudes to zero
 WARNING: outside the range of the grid (xs,xt)=   14.235484698664607       -14.234775163868520     
 WARNING: set the 2-loop amplitudes to zero
 INFO: will suppress the further warning
 max=   5597957.7151897950     
 min=   0.0000000000000000     
       n_pass,     n_total
       60000       60034
 max=   5597957.7151897950     
 min=   0.0000000000000000     
       n_pass,     n_total
       70000       70034
 ITERATION            4 :
   1768422.0132784506      +\-   88.330626144033587     
 precision:   4.9948838840949952E-005
 max=   5597957.7151897950     
 min=   0.0000000000000000     
       n_pass,     n_total
       80000       80065
 max=   5597957.7151897950     
 min=   0.0000000000000000     
       n_pass,     n_total
       90000       90065
 ITERATION            5 :
   1768470.7934001344      +\-   75.651331124534479     
 precision:   4.2777823307493890E-005
 max=   5638437.5439797947     
 min=   0.0000000000000000     
       n_pass,     n_total
      100000      100109
 max=   5638437.5439797947     
 min=   0.0000000000000000     
       n_pass,     n_total
      110000      110109
 ITERATION            6 :
   1768405.4393086717      +\-   70.797554951006433     
 precision:   4.0034685133451942E-005
 max=   5638437.5439797947     
 min=   0.0000000000000000     
       n_pass,     n_total
      120000      120152
 max=   5638437.5439797947     
 min=   0.0000000000000000     
       n_pass,     n_total
      130000      130152
 ITERATION            7 :
   1768522.5595684671      +\-   69.288272407158743     
 precision:   3.9178619482278818E-005
 max=   5643244.5324965222     
 min=   0.0000000000000000     
       n_pass,     n_total
      140000      140214
 max=   5643244.5324965222     
 min=   0.0000000000000000     
       n_pass,     n_total
      150000      150214
 ITERATION            8 :
   1768292.1404644826      +\-   68.887110571922335     
 precision:   3.8956860688091704E-005
 max=   6005135.8957028007     
 min=   0.0000000000000000     
       n_pass,     n_total
      160000      160290
 max=   6005135.8957028007     
 min=   0.0000000000000000     
       n_pass,     n_total
      170000      170290
 ITERATION            9 :
   1768451.8775720387      +\-   66.385723528079836     
 precision:   3.7538891710880373E-005
 max=   6005135.8957028007     
 min=   0.0000000000000000     
       n_pass,     n_total
      180000      180375
 max=   6005135.8957028007     
 min=   0.0000000000000000     
       n_pass,     n_total
      190000      190375
 ITERATION           10 :
   1768478.6775178395      +\-   66.181600455515252     
 precision:   3.7422899861255268E-005
 ====================NCALL=40K ===========================
  
 max=   6005135.8957028007     
 min=   0.0000000000000000     
       n_pass,     n_total
      200000      200541
 max=   6005135.8957028007     
 min=   0.0000000000000000     
       n_pass,     n_total
      210000      210541
 max=   6005135.8957028007     
 min=   0.0000000000000000     
       n_pass,     n_total
      220000      220541
 max=   6005135.8957028007     
 min=   0.0000000000000000     
       n_pass,     n_total
      230000      230541
   1768435.8813156004      +\-   33.317020635356407     
 precision:   1.8839823929929949E-005
 ====================NCALL=80K ===========================
  
 max=   6005135.8957028007     
 min=   0.0000000000000000     
       n_pass,     n_total
      240000      240948
 max=   6005135.8957028007     
 min=   0.0000000000000000     
       n_pass,     n_total
      250000      250948
 max=   6005135.8957028007     
 min=   0.0000000000000000     
       n_pass,     n_total
      260000      260948
 max=   6005135.8957028007     
 min=   0.0000000000000000     
       n_pass,     n_total
      270000      270948
 max=   6005135.8957028007     
 min=   0.0000000000000000     
       n_pass,     n_total
      280000      280948
 max=   6005135.8957028007     
 min=   0.0000000000000000     
       n_pass,     n_total
      290000      290948
 max=   6005135.8957028007     
 min=   0.0000000000000000     
       n_pass,     n_total
      300000      300948
 max=   6005135.8957028007     
 min=   0.0000000000000000     
       n_pass,     n_total
      310000      310948
   1768398.2954277992      +\-   16.176744072975094     
 precision:   9.1476813310667223E-006
 sigma (pb)                   sd (pb)
   1768398.2954277992        16.176744072975094     
