 =======================================================
 |                                                     |
 |         \/\/\/\/\/\___________/\/\/\/\/\/           |
 |                   |     \     |                     |
 |                   |     /     |                     |
 |                   |     \     |                     |
 |         /\/\/\/\/\|_____/_____|/\/\/\/\/\           |
 |                                                     |
 | Light-by-light scattering at next-to-leading order  |
 |                   (VERSION 0.5)                     |
 |                                                     |
 |    Authors:                                         |
 |            Ajjath A.H. (LPTHE Paris)                |
 |            Ekta Chaubey (Bonn)                      |
 |            Mathijs Fraaije (Bern)                   |
 |            Valentin Hirschi (Bern)                  |
 |            Hua-Sheng Shao (LPTHE Paris)             |
 |                                                     |
 |    Please cite                                      |
 |            PLB 851 (2024) 138555 [arXiv:2312.16956] |
 |            JHEP 03 (2024) 121    [arXiv:2312.16966] |
 |                                                     |
 =======================================================
 ---------------------------------------------------
         the cuts in the lab frame                  
 min transverse momentum of photon    0.0000000000000000     
 max (pseudo-)rapidity of photon    5.0000000000000000     
 min (pseudo-)rapidity of photon   -5.0000000000000000     
 min invariant mass of di-photon    0.0000000000000000     
 ---------------------------------------------------
 WARNING: outside the range of the grid (xs,xt)=   8.2360181677035599E-002  -8.2360180853448595E-002
 WARNING: set the 2-loop amplitudes to zero
 WARNING: outside the range of the grid (xs,xt)=   8.2516962256679816E-002  -8.2516961431525065E-002
 WARNING: set the 2-loop amplitudes to zero
 WARNING: outside the range of the grid (xs,xt)=   8.2417387474558623E-002  -8.2417386650399577E-002
 WARNING: set the 2-loop amplitudes to zero
 WARNING: outside the range of the grid (xs,xt)=   8.2580299776375127E-002  -8.2580298950587022E-002
 WARNING: set the 2-loop amplitudes to zero
 WARNING: outside the range of the grid (xs,xt)=   8.2617469997936455E-002  -8.2617469171776661E-002
 WARNING: set the 2-loop amplitudes to zero
 INFO: will suppress the further warning
 max=   1.8933150994065209     
 min=   0.0000000000000000     
       n_pass,     n_total
       10000       10000
  
 ====================NCALL=20K===========================
  
 ITERATION            1 :
   1.3430723504188316      +\-   4.7273721059180368E-005
 precision:   3.5198193935299356E-005
 max=   1.9049647571845640     
 min=   0.0000000000000000     
       n_pass,     n_total
       20000       20002
 max=   1.9049647571845640     
 min=   0.0000000000000000     
       n_pass,     n_total
       30000       30002
 ITERATION            2 :
   1.3429501287554986      +\-   8.8139094381949295E-005
 precision:   6.5630951213078255E-005
 max=   1.9087323122725535     
 min=   0.0000000000000000     
       n_pass,     n_total
       40000       40010
 max=   1.9087323122725535     
 min=   0.0000000000000000     
       n_pass,     n_total
       50000       50010
 ITERATION            3 :
   1.3428690819262123      +\-   7.4674255766940542E-005
 precision:   5.5607993937746884E-005
 max=   1.9093272070976710     
 min=   0.0000000000000000     
       n_pass,     n_total
       60000       60033
 max=   1.9093272070976710     
 min=   0.0000000000000000     
       n_pass,     n_total
       70000       70033
 ITERATION            4 :
   1.3429100239968421      +\-   5.7109044461892764E-005
 precision:   4.2526337164363187E-005
 max=   1.9093395098460886     
 min=   0.0000000000000000     
       n_pass,     n_total
       80000       80064
 max=   1.9093395098460886     
 min=   0.0000000000000000     
       n_pass,     n_total
       90000       90064
 ITERATION            5 :
   1.3429364827269223      +\-   4.8396507082940283E-005
 precision:   3.6037822864613776E-005
 max=   1.9093465177898814     
 min=   0.0000000000000000     
       n_pass,     n_total
      100000      100107
 max=   1.9093465177898814     
 min=   0.0000000000000000     
       n_pass,     n_total
      110000      110107
 ITERATION            6 :
   1.3428873331627686      +\-   4.5071143456454523E-005
 precision:   3.3562862902506463E-005
 max=   1.9093465177898814     
 min=   0.0000000000000000     
       n_pass,     n_total
      120000      120150
 max=   1.9093465177898814     
 min=   0.0000000000000000     
       n_pass,     n_total
      130000      130150
 ITERATION            7 :
   1.3429660586870902      +\-   4.3800720846157268E-005
 precision:   3.2614912761814478E-005
 max=   1.9093465177898814     
 min=   0.0000000000000000     
       n_pass,     n_total
      140000      140204
 max=   1.9093465177898814     
 min=   0.0000000000000000     
       n_pass,     n_total
      150000      150204
 ITERATION            8 :
   1.3428481676111381      +\-   4.3784585725892355E-005
 precision:   3.2605760488755042E-005
 max=   1.9093465177898814     
 min=   0.0000000000000000     
       n_pass,     n_total
      160000      160270
 max=   1.9093465177898814     
 min=   0.0000000000000000     
       n_pass,     n_total
      170000      170270
 ITERATION            9 :
   1.3429266263870354      +\-   4.2497890362450309E-005
 precision:   3.1645727716923152E-005
 max=   1.9093465177898814     
 min=   0.0000000000000000     
       n_pass,     n_total
      180000      180338
 max=   1.9093465177898814     
 min=   0.0000000000000000     
       n_pass,     n_total
      190000      190338
 ITERATION           10 :
   1.3429421535409376      +\-   4.3720652806979997E-005
 precision:   3.2555871964925431E-005
 ====================NCALL=40K ===========================
  
 max=   1.9093566993296998     
 min=   0.0000000000000000     
       n_pass,     n_total
      200000      200473
 max=   1.9093566993296998     
 min=   0.0000000000000000     
       n_pass,     n_total
      210000      210473
 max=   1.9093566993296998     
 min=   0.0000000000000000     
       n_pass,     n_total
      220000      220473
 max=   1.9093566993296998     
 min=   0.0000000000000000     
       n_pass,     n_total
      230000      230473
   1.3429215947175646      +\-   2.2311929934439661E-005
 precision:   1.6614469543273803E-005
 ====================NCALL=80K ===========================
  
 max=   1.9093609710598038     
 min=   0.0000000000000000     
       n_pass,     n_total
      240000      240797
 max=   1.9093609710598038     
 min=   0.0000000000000000     
       n_pass,     n_total
      250000      250797
 max=   1.9093609710598038     
 min=   0.0000000000000000     
       n_pass,     n_total
      260000      260797
 max=   1.9093609710598038     
 min=   0.0000000000000000     
       n_pass,     n_total
      270000      270797
 max=   1.9093609710598038     
 min=   0.0000000000000000     
       n_pass,     n_total
      280000      280797
 max=   1.9093609710598038     
 min=   0.0000000000000000     
       n_pass,     n_total
      290000      290797
 max=   1.9093609710598038     
 min=   0.0000000000000000     
       n_pass,     n_total
      300000      300797
 max=   1.9093609710598038     
 min=   0.0000000000000000     
       n_pass,     n_total
      310000      310797
   1.3428995525543261      +\-   1.1439337988754367E-005
 precision:   8.5183869240224464E-006
 sigma (pb)                   sd (pb)
   1.3428995525543261        1.1439337988754367E-005
