 =======================================================
 |                                                     |
 |         \/\/\/\/\/\___________/\/\/\/\/\/           |
 |                   |     \     |                     |
 |                   |     /     |                     |
 |                   |     \     |                     |
 |         /\/\/\/\/\|_____/_____|/\/\/\/\/\           |
 |                                                     |
 | Light-by-light scattering at next-to-leading order  |
 |                   (VERSION 0.5)                     |
 |                                                     |
 |    Authors:                                         |
 |            Ajjath A.H. (LPTHE Paris)                |
 |            Ekta Chaubey (Bonn)                      |
 |            Mathijs Fraaije (Bern)                   |
 |            Valentin Hirschi (Bern)                  |
 |            Hua-Sheng Shao (LPTHE Paris)             |
 |                                                     |
 |    Please cite                                      |
 |            PLB 851 (2024) 138555 [arXiv:2312.16956] |
 |            JHEP 03 (2024) 121    [arXiv:2312.16966] |
 |                                                     |
 =======================================================
 ---------------------------------------------------
         the cuts in the lab frame                  
 min transverse momentum of photon    0.0000000000000000     
 max (pseudo-)rapidity of photon    5.0000000000000000     
 min (pseudo-)rapidity of photon   -5.0000000000000000     
 min invariant mass of di-photon    0.0000000000000000     
 ---------------------------------------------------
 max=   1399666.4452913033     
 min=   0.0000000000000000     
       n_pass,     n_total
       10000       10000
  
 ====================NCALL=20K===========================
  
 ITERATION            1 :
   98744.748646018925      +\-   228.52248787304114     
 precision:   2.3142748450578434E-003
 max=   1406349.6191603863     
 min=   0.0000000000000000     
       n_pass,     n_total
       20000       20007
 max=   1406349.6191603863     
 min=   0.0000000000000000     
       n_pass,     n_total
       30000       30007
 ITERATION            2 :
   98281.938575769775      +\-   39.011523863502021     
 precision:   3.9693482270322086E-004
 WARNING: outside the range of the grid (xs,xt)=   920.07153771623121       -920.02643697439839     
 WARNING: set the 2-loop amplitudes to zero
 WARNING: outside the range of the grid (xs,xt)=   1.8682598782539993E-002  -1.8681682985202591E-002
 WARNING: set the 2-loop amplitudes to zero
 WARNING: outside the range of the grid (xs,xt)=   920.07153771623121       -920.02636134313207     
 WARNING: set the 2-loop amplitudes to zero
 WARNING: outside the range of the grid (xs,xt)=   1.8682598782539993E-002  -1.8681681449464829E-002
 WARNING: set the 2-loop amplitudes to zero
 WARNING: outside the range of the grid (xs,xt)=   920.07153771623121       -920.02910436422519     
 WARNING: set the 2-loop amplitudes to zero
 INFO: will suppress the further warning
 max=   1409383.3183379073     
 min=   0.0000000000000000     
       n_pass,     n_total
       40000       40030
 max=   1409383.3183379073     
 min=   0.0000000000000000     
       n_pass,     n_total
       50000       50030
 ITERATION            3 :
   98243.117659581258      +\-   28.091915475546639     
 precision:   2.8594283390809055E-004
 max=   1415020.2193612852     
 min=   0.0000000000000000     
       n_pass,     n_total
       60000       60089
 max=   1415020.2193612852     
 min=   0.0000000000000000     
       n_pass,     n_total
       70000       70089
 ITERATION            4 :
   98235.445179232978      +\-   24.123362055921927     
 precision:   2.4556678103212403E-004
 max=   1415020.2193612852     
 min=   0.0000000000000000     
       n_pass,     n_total
       80000       80189
 max=   1415020.2193612852     
 min=   0.0000000000000000     
       n_pass,     n_total
       90000       90189
 ITERATION            5 :
   98238.954776983985      +\-   21.037009547875822     
 precision:   2.1414121918980861E-004
 max=   1415672.5871718407     
 min=   0.0000000000000000     
       n_pass,     n_total
      100000      100339
 max=   1415672.5871718407     
 min=   0.0000000000000000     
       n_pass,     n_total
      110000      110339
 ITERATION            6 :
   98228.337950471629      +\-   19.776937273687963     
 precision:   2.0133637284649799E-004
 max=   1420450.8643206048     
 min=   0.0000000000000000     
       n_pass,     n_total
      120000      120500
 max=   1420450.8643206048     
 min=   0.0000000000000000     
       n_pass,     n_total
      130000      130500
 ITERATION            7 :
   98279.356589459421      +\-   19.048642869947926     
 precision:   1.9382140391414524E-004
 max=   1420450.8643206048     
 min=   0.0000000000000000     
       n_pass,     n_total
      140000      140674
 max=   1420450.8643206048     
 min=   0.0000000000000000     
       n_pass,     n_total
      150000      150674
 ITERATION            8 :
   98216.028404970260      +\-   18.710505133254742     
 precision:   1.9050358110701094E-004
 max=   1420450.8643206048     
 min=   0.0000000000000000     
       n_pass,     n_total
      160000      160856
 max=   1420450.8643206048     
 min=   0.0000000000000000     
       n_pass,     n_total
      170000      170856
 ITERATION            9 :
   98244.478787560569      +\-   18.343927548797314     
 precision:   1.8671713438943877E-004
 max=   1420450.8643206048     
 min=   0.0000000000000000     
       n_pass,     n_total
      180000      181057
 max=   1420450.8643206048     
 min=   0.0000000000000000     
       n_pass,     n_total
      190000      191057
 ITERATION           10 :
   98262.788951620678      +\-   18.577084846719092     
 precision:   1.8905513516276698E-004
 ====================NCALL=40K ===========================
  
 max=   1420450.8643206048     
 min=   0.0000000000000000     
       n_pass,     n_total
      200000      201373
 max=   1420450.8643206048     
 min=   0.0000000000000000     
       n_pass,     n_total
      210000      211373
 max=   1420450.8643206048     
 min=   0.0000000000000000     
       n_pass,     n_total
      220000      221373
 max=   1420450.8643206048     
 min=   0.0000000000000000     
       n_pass,     n_total
      230000      231373
   98259.180818407694      +\-   8.9987789481192291     
 precision:   9.1582067682304699E-005
 ====================NCALL=80K ===========================
  
 max=   1420450.8643206048     
 min=   0.0000000000000000     
       n_pass,     n_total
      240000      241985
 max=   1420450.8643206048     
 min=   0.0000000000000000     
       n_pass,     n_total
      250000      251985
 max=   1420450.8643206048     
 min=   0.0000000000000000     
       n_pass,     n_total
      260000      261985
 max=   1420450.8643206048     
 min=   0.0000000000000000     
       n_pass,     n_total
      270000      271985
 max=   1420450.8643206048     
 min=   0.0000000000000000     
       n_pass,     n_total
      280000      281985
 max=   1420450.8643206048     
 min=   0.0000000000000000     
       n_pass,     n_total
      290000      291985
 max=   1420450.8643206048     
 min=   0.0000000000000000     
       n_pass,     n_total
      300000      301985
 max=   1420450.8643206048     
 min=   0.0000000000000000     
       n_pass,     n_total
      310000      311985
   98247.788926979629      +\-   4.2215449562331377     
 precision:   4.2968345673109270E-005
 sigma (pb)                   sd (pb)
   98247.788926979629        4.2215449562331377     
