 =======================================================
 |                                                     |
 |         \/\/\/\/\/\___________/\/\/\/\/\/           |
 |                   |     \     |                     |
 |                   |     /     |                     |
 |                   |     \     |                     |
 |         /\/\/\/\/\|_____/_____|/\/\/\/\/\           |
 |                                                     |
 | Light-by-light scattering at next-to-leading order  |
 |                   (VERSION 0.5)                     |
 |                                                     |
 |    Authors:                                         |
 |            Ajjath A.H. (LPTHE Paris)                |
 |            Ekta Chaubey (Bonn)                      |
 |            Mathijs Fraaije (Bern)                   |
 |            Valentin Hirschi (Bern)                  |
 |            Hua-Sheng Shao (LPTHE Paris)             |
 |                                                     |
 |    Please cite                                      |
 |            PLB 851 (2024) 138555 [arXiv:2312.16956] |
 |            JHEP 03 (2024) 121    [arXiv:2312.16966] |
 |                                                     |
 =======================================================
 ---------------------------------------------------
         the cuts in the lab frame                  
 min transverse momentum of photon    0.0000000000000000     
 max (pseudo-)rapidity of photon    5.0000000000000000     
 min (pseudo-)rapidity of photon   -5.0000000000000000     
 min invariant mass of di-photon    0.0000000000000000     
 ---------------------------------------------------
 max=   1.9282397683691852E-004
 min=   0.0000000000000000     
       n_pass,     n_total
       10000       10000
  
 ====================NCALL=20K===========================
  
 ITERATION            1 :
   1.2676548995283900E-004 +\-   2.6441222663339158E-008
 precision:   2.0858376103130417E-004
 max=   1.9282946196796068E-004
 min=   0.0000000000000000     
       n_pass,     n_total
       20000       20001
 max=   1.9282946196796068E-004
 min=   0.0000000000000000     
       n_pass,     n_total
       30000       30001
 ITERATION            2 :
   1.2677375285300905E-004 +\-   1.5293281164080718E-008
 precision:   1.2063444380172991E-004
 max=   1.9282946196796068E-004
 min=   0.0000000000000000     
       n_pass,     n_total
       40000       40008
 max=   1.9282946196796068E-004
 min=   0.0000000000000000     
       n_pass,     n_total
       50000       50008
 ITERATION            3 :
   1.2676761869762372E-004 +\-   1.2830260218473539E-008
 precision:   1.0121086402259636E-004
 max=   1.9284501091201370E-004
 min=   0.0000000000000000     
       n_pass,     n_total
       60000       60022
 max=   1.9284501091201370E-004
 min=   0.0000000000000000     
       n_pass,     n_total
       70000       70022
 ITERATION            4 :
   1.2677268645524243E-004 +\-   1.1598137251968449E-008
 precision:   9.1487666438805129E-005
 max=   1.9284501091201370E-004
 min=   0.0000000000000000     
       n_pass,     n_total
       80000       80036
 max=   1.9284501091201370E-004
 min=   0.0000000000000000     
       n_pass,     n_total
       90000       90036
 ITERATION            5 :
   1.2676747576225179E-004 +\-   9.6770534062441003E-009
 precision:   7.6337036357757040E-005
 max=   1.9284501091201370E-004
 min=   0.0000000000000000     
       n_pass,     n_total
      100000      100051
 max=   1.9284501091201370E-004
 min=   0.0000000000000000     
       n_pass,     n_total
      110000      110051
 ITERATION            6 :
   1.2678236595829067E-004 +\-   8.6627571918905544E-009
 precision:   6.8327776709423935E-005
 max=   1.9284501091201370E-004
 min=   0.0000000000000000     
       n_pass,     n_total
      120000      120064
 max=   1.9284501091201370E-004
 min=   0.0000000000000000     
       n_pass,     n_total
      130000      130064
 ITERATION            7 :
   1.2678216115256228E-004 +\-   8.8771527736409598E-009
 precision:   7.0018941883777413E-005
 max=   1.9284501091201370E-004
 min=   0.0000000000000000     
       n_pass,     n_total
      140000      140084
 max=   1.9284501091201370E-004
 min=   0.0000000000000000     
       n_pass,     n_total
      150000      150084
 ITERATION            8 :
   1.2677841193037354E-004 +\-   9.1989594895594625E-009
 precision:   7.2559352570305993E-005
 max=   1.9284501091201370E-004
 min=   0.0000000000000000     
       n_pass,     n_total
      160000      160108
 max=   1.9284501091201370E-004
 min=   0.0000000000000000     
       n_pass,     n_total
      170000      170108
 ITERATION            9 :
   1.2677984667251393E-004 +\-   8.5325295238062547E-009
 precision:   6.7301939131119969E-005
 max=   1.9284527471914102E-004
 min=   0.0000000000000000     
       n_pass,     n_total
      180000      180125
 max=   1.9284527471914102E-004
 min=   0.0000000000000000     
       n_pass,     n_total
      190000      190125
 ITERATION           10 :
   1.2678056042875568E-004 +\-   7.5387615030191387E-009
 precision:   5.9463071290456594E-005
 ====================NCALL=40K ===========================
  
 max=   1.9284527471914102E-004
 min=   0.0000000000000000     
       n_pass,     n_total
      200000      200164
 max=   1.9284527471914102E-004
 min=   0.0000000000000000     
       n_pass,     n_total
      210000      210164
 max=   1.9284527471914102E-004
 min=   0.0000000000000000     
       n_pass,     n_total
      220000      220164
 max=   1.9284527471914102E-004
 min=   0.0000000000000000     
       n_pass,     n_total
      230000      230164
   1.2678227014550458E-004 +\-   5.2836998150067766E-009
 precision:   4.1675384175901076E-005
 ====================NCALL=80K ===========================
  
 max=   1.9284527471914102E-004
 min=   0.0000000000000000     
       n_pass,     n_total
      240000      240272
 max=   1.9284527471914102E-004
 min=   0.0000000000000000     
       n_pass,     n_total
      250000      250272
 max=   1.9284527471914102E-004
 min=   0.0000000000000000     
       n_pass,     n_total
      260000      260272
 max=   1.9284527471914102E-004
 min=   0.0000000000000000     
       n_pass,     n_total
      270000      270272
 max=   1.9284527471914102E-004
 min=   0.0000000000000000     
       n_pass,     n_total
      280000      280272
 max=   1.9284527471914102E-004
 min=   0.0000000000000000     
       n_pass,     n_total
      290000      290272
 max=   1.9284527471914102E-004
 min=   0.0000000000000000     
       n_pass,     n_total
      300000      300272
 max=   1.9284527471914102E-004
 min=   0.0000000000000000     
       n_pass,     n_total
      310000      310272
   1.2677664508146898E-004 +\-   2.5274058098107541E-009
 precision:   1.9935894408521358E-005
 sigma (pb)                   sd (pb)
   1.2677664508146898E-004   2.5274058098107541E-009
