 =======================================================
 |                                                     |
 |         \/\/\/\/\/\___________/\/\/\/\/\/           |
 |                   |     \     |                     |
 |                   |     /     |                     |
 |                   |     \     |                     |
 |         /\/\/\/\/\|_____/_____|/\/\/\/\/\           |
 |                                                     |
 | Light-by-light scattering at next-to-leading order  |
 |                   (VERSION 0.5)                     |
 |                                                     |
 |    Authors:                                         |
 |            Ajjath A.H. (LPTHE Paris)                |
 |            Ekta Chaubey (Bonn)                      |
 |            Mathijs Fraaije (Bern)                   |
 |            Valentin Hirschi (Bern)                  |
 |            Hua-Sheng Shao (LPTHE Paris)             |
 |                                                     |
 |    Please cite                                      |
 |            PLB 851 (2024) 138555 [arXiv:2312.16956] |
 |            JHEP 03 (2024) 121    [arXiv:2312.16966] |
 |                                                     |
 =======================================================
 ---------------------------------------------------
         the cuts in the lab frame                  
 min transverse momentum of photon    0.0000000000000000     
 max (pseudo-)rapidity of photon    5.0000000000000000     
 min (pseudo-)rapidity of photon   -5.0000000000000000     
 min invariant mass of di-photon    0.0000000000000000     
 ---------------------------------------------------
 max=   45181.520513182702     
 min=   0.0000000000000000     
       n_pass,     n_total
       10000       10000
  
 ====================NCALL=20K===========================
  
 ITERATION            1 :
   612.38704296191395      +\-   5.4198329596601571     
 precision:   8.8503390493799711E-003
 WARNING: outside the range of the grid (xs,xt)=  0.33122601915794153      -0.33121033932062233     
 WARNING: set the 2-loop amplitudes to zero
 WARNING: outside the range of the grid (xs,xt)=  0.32155570934256045      -0.32154048728595880     
 WARNING: set the 2-loop amplitudes to zero
 WARNING: outside the range of the grid (xs,xt)=  0.15481815910037486      -0.15481083019682151     
 WARNING: set the 2-loop amplitudes to zero
 WARNING: outside the range of the grid (xs,xt)=   1.6520817777777776E-002  -1.6520035702336375E-002
 WARNING: set the 2-loop amplitudes to zero
 WARNING: outside the range of the grid (xs,xt)=   142354.84698664604       -142348.10808114571     
 WARNING: set the 2-loop amplitudes to zero
 INFO: will suppress the further warning
 max=   50583.514071359677     
 min=   0.0000000000000000     
       n_pass,     n_total
       20000       20009
 max=   50583.514071359677     
 min=   0.0000000000000000     
       n_pass,     n_total
       30000       30009
 ITERATION            2 :
   606.12790772732740      +\-   1.4043949156115774     
 precision:   2.3169943137535884E-003
 max=   52206.603887061901     
 min=   0.0000000000000000     
       n_pass,     n_total
       40000       40044
 max=   52206.603887061901     
 min=   0.0000000000000000     
       n_pass,     n_total
       50000       50044
 ITERATION            3 :
   606.11208608520644      +\-  0.46894694863148667     
 precision:   7.7369674586156125E-004
 max=   52315.647025492122     
 min=   0.0000000000000000     
       n_pass,     n_total
       60000       60180
 max=   52315.647025492122     
 min=   0.0000000000000000     
       n_pass,     n_total
       70000       70180
 ITERATION            4 :
   606.35126534129552      +\-  0.28781327148295283     
 precision:   4.7466425475495966E-004
 max=   52322.152557984169     
 min=   0.0000000000000000     
       n_pass,     n_total
       80000       80514
 max=   52322.152557984169     
 min=   0.0000000000000000     
       n_pass,     n_total
       90000       90514
 ITERATION            5 :
   606.04769785584313      +\-  0.19694374752788510     
 precision:   3.2496410468129674E-004
 max=   52322.152557984169     
 min=   0.0000000000000000     
       n_pass,     n_total
      100000      101031
 max=   52322.152557984169     
 min=   0.0000000000000000     
       n_pass,     n_total
      110000      111031
 ITERATION            6 :
   606.06956656928458      +\-  0.17449605260108295     
 precision:   2.8791423002615812E-004
 max=   52324.062116279281     
 min=   0.0000000000000000     
       n_pass,     n_total
      120000      121642
 max=   52324.062116279281     
 min=   0.0000000000000000     
       n_pass,     n_total
      130000      131642
 ITERATION            7 :
   606.43373434059276      +\-  0.16410564571006192     
 precision:   2.7060771262750184E-004
 max=   52324.062116279281     
 min=   0.0000000000000000     
       n_pass,     n_total
      140000      142397
 max=   52324.062116279281     
 min=   0.0000000000000000     
       n_pass,     n_total
      150000      152397
 ITERATION            8 :
   605.85062544122115      +\-  0.15994218131536761     
 precision:   2.6399606536493537E-004
 max=   52324.062116279281     
 min=   0.0000000000000000     
       n_pass,     n_total
      160000      162948
 max=   52324.062116279281     
 min=   0.0000000000000000     
       n_pass,     n_total
      170000      172948
 ITERATION            9 :
   606.11443790794169      +\-  0.15637489862982101     
 precision:   2.5799566690667031E-004
 max=   52325.056154635749     
 min=   0.0000000000000000     
       n_pass,     n_total
      180000      183700
 max=   52325.056154635749     
 min=   0.0000000000000000     
       n_pass,     n_total
      190000      193700
 ITERATION           10 :
   606.23303006087576      +\-  0.15092579790397306     
 precision:   2.4895673844893876E-004
 ====================NCALL=40K ===========================
  
 max=   52325.056154635749     
 min=   0.0000000000000000     
       n_pass,     n_total
      200000      204407
 max=   52325.056154635749     
 min=   0.0000000000000000     
       n_pass,     n_total
      210000      214407
 max=   52325.056154635749     
 min=   0.0000000000000000     
       n_pass,     n_total
      220000      224407
 max=   52325.056154635749     
 min=   0.0000000000000000     
       n_pass,     n_total
      230000      234407
   606.25460082313998      +\-   8.5916727774297333E-002
 precision:   1.4171723836428491E-004
 ====================NCALL=80K ===========================
  
 max=   52325.367011466835     
 min=   0.0000000000000000     
       n_pass,     n_total
      240000      247144
 max=   52325.367011466835     
 min=   0.0000000000000000     
       n_pass,     n_total
      250000      257144
 max=   52325.367011466835     
 min=   0.0000000000000000     
       n_pass,     n_total
      260000      267144
 max=   52325.367011466835     
 min=   0.0000000000000000     
       n_pass,     n_total
      270000      277144
 max=   52325.367011466835     
 min=   0.0000000000000000     
       n_pass,     n_total
      280000      287144
 max=   52325.367011466835     
 min=   0.0000000000000000     
       n_pass,     n_total
      290000      297144
 max=   52325.367011466835     
 min=   0.0000000000000000     
       n_pass,     n_total
      300000      307144
   606.16853460802145      +\-   4.0162275653501875E-002
 precision:   6.6255955828312314E-005
 sigma (pb)                   sd (pb)
   606.16853460802145        4.0162275653501875E-002
