 =======================================================
 |                                                     |
 |         \/\/\/\/\/\___________/\/\/\/\/\/           |
 |                   |     \     |                     |
 |                   |     /     |                     |
 |                   |     \     |                     |
 |         /\/\/\/\/\|_____/_____|/\/\/\/\/\           |
 |                                                     |
 | Light-by-light scattering at next-to-leading order  |
 |                   (VERSION 0.5)                     |
 |                                                     |
 |    Authors:                                         |
 |            Ajjath A.H. (LPTHE Paris)                |
 |            Ekta Chaubey (Bonn)                      |
 |            Mathijs Fraaije (Bern)                   |
 |            Valentin Hirschi (Bern)                  |
 |            Hua-Sheng Shao (LPTHE Paris)             |
 |                                                     |
 |    Please cite                                      |
 |            PLB 851 (2024) 138555 [arXiv:2312.16956] |
 |            JHEP 03 (2024) 121    [arXiv:2312.16966] |
 |                                                     |
 =======================================================
 ---------------------------------------------------
         the cuts in the lab frame                  
 min transverse momentum of photon    0.0000000000000000     
 max (pseudo-)rapidity of photon    5.0000000000000000     
 min (pseudo-)rapidity of photon   -5.0000000000000000     
 min invariant mass of di-photon    0.0000000000000000     
 ---------------------------------------------------
 max=   79171.263059574572     
 min=   0.0000000000000000     
       n_pass,     n_total
       10000       10000
  
 ====================NCALL=20K===========================
  
 ITERATION            1 :
   1159.3741148616548      +\-   9.7945241755069059     
 precision:   8.4481135553691935E-003
 WARNING: outside the range of the grid (xs,xt)=  0.18528527511695250      -0.18527641220483027     
 WARNING: set the 2-loop amplitudes to zero
 WARNING: outside the range of the grid (xs,xt)=  0.17987577854671274      -0.17986717439175673     
 WARNING: set the 2-loop amplitudes to zero
 WARNING: outside the range of the grid (xs,xt)=   8.6604081632653068E-002  -8.6599939024102804E-002
 WARNING: set the 2-loop amplitudes to zero
 WARNING: outside the range of the grid (xs,xt)=   79632.201163445308       -79628.392046932582     
 WARNING: set the 2-loop amplitudes to zero
 WARNING: outside the range of the grid (xs,xt)=   1.6169791190367320       -1.6169017726646231     
 WARNING: set the 2-loop amplitudes to zero
 INFO: will suppress the further warning
 max=   86332.791579165700     
 min=   0.0000000000000000     
       n_pass,     n_total
       20000       20009
 max=   86332.791579165700     
 min=   0.0000000000000000     
       n_pass,     n_total
       30000       30009
 ITERATION            2 :
   1147.8332997636460      +\-   2.4734232865777135     
 precision:   2.1548628072447663E-003
 max=   87948.961508590335     
 min=   0.0000000000000000     
       n_pass,     n_total
       40000       40044
 max=   87948.961508590335     
 min=   0.0000000000000000     
       n_pass,     n_total
       50000       50044
 ITERATION            3 :
   1147.6227078019169      +\-  0.83342161810460702     
 precision:   7.2621569130580329E-004
 max=   88346.499594392459     
 min=   0.0000000000000000     
       n_pass,     n_total
       60000       60179
 max=   88346.499594392459     
 min=   0.0000000000000000     
       n_pass,     n_total
       70000       70179
 ITERATION            4 :
   1148.0175423486428      +\-  0.51787509648527874     
 precision:   4.5110381800072234E-004
 max=   88449.996860618659     
 min=   0.0000000000000000     
       n_pass,     n_total
       80000       80501
 max=   88449.996860618659     
 min=   0.0000000000000000     
       n_pass,     n_total
       90000       90501
 ITERATION            5 :
   1147.6622974823799      +\-  0.35037547062280378     
 precision:   3.0529492115530883E-004
 max=   88531.151063243786     
 min=   0.0000000000000000     
       n_pass,     n_total
      100000      100968
 max=   88531.151063243786     
 min=   0.0000000000000000     
       n_pass,     n_total
      110000      110968
 ITERATION            6 :
   1147.7087780971794      +\-  0.29910471866478577     
 precision:   2.6061029101884226E-004
 max=   88531.151063243786     
 min=   0.0000000000000000     
       n_pass,     n_total
      120000      121467
 max=   88531.151063243786     
 min=   0.0000000000000000     
       n_pass,     n_total
      130000      131467
 ITERATION            7 :
   1148.0915763979842      +\-  0.30436867307192755     
 precision:   2.6510835836532484E-004
 max=   88574.104482865849     
 min=   0.0000000000000000     
       n_pass,     n_total
      140000      142086
 max=   88574.104482865849     
 min=   0.0000000000000000     
       n_pass,     n_total
      150000      152086
 ITERATION            8 :
   1147.2482490940934      +\-  0.29483546490488971     
 precision:   2.5699360634256964E-004
 max=   88577.283649214834     
 min=   0.0000000000000000     
       n_pass,     n_total
      160000      162794
 max=   88577.283649214834     
 min=   0.0000000000000000     
       n_pass,     n_total
      170000      172794
 ITERATION            9 :
   1147.7944091007948      +\-  0.29033794219464498     
 precision:   2.5295291551568158E-004
 max=   88577.283649214834     
 min=   0.0000000000000000     
       n_pass,     n_total
      180000      183405
 max=   88577.283649214834     
 min=   0.0000000000000000     
       n_pass,     n_total
      190000      193405
 ITERATION           10 :
   1148.1763834506273      +\-  0.28420214699994750     
 precision:   2.4752481508619049E-004
 ====================NCALL=40K ===========================
  
 max=   88577.283649214834     
 min=   0.0000000000000000     
       n_pass,     n_total
      200000      204622
 max=   88577.283649214834     
 min=   0.0000000000000000     
       n_pass,     n_total
      210000      214622
 max=   88577.283649214834     
 min=   0.0000000000000000     
       n_pass,     n_total
      220000      224622
 max=   88577.283649214834     
 min=   0.0000000000000000     
       n_pass,     n_total
      230000      234622
   1147.7963208049218      +\-  0.14967631846704382     
 precision:   1.3040320460522075E-004
 ====================NCALL=80K ===========================
  
 max=   88581.889879442722     
 min=   0.0000000000000000     
       n_pass,     n_total
      240000      246031
 max=   88581.889879442722     
 min=   0.0000000000000000     
       n_pass,     n_total
      250000      256031
 max=   88581.889879442722     
 min=   0.0000000000000000     
       n_pass,     n_total
      260000      266031
 max=   88581.889879442722     
 min=   0.0000000000000000     
       n_pass,     n_total
      270000      276031
 max=   88581.889879442722     
 min=   0.0000000000000000     
       n_pass,     n_total
      280000      286031
 max=   88581.889879442722     
 min=   0.0000000000000000     
       n_pass,     n_total
      290000      296031
 max=   88581.889879442722     
 min=   0.0000000000000000     
       n_pass,     n_total
      300000      306031
   1147.8293934717983      +\-   7.6047841174310418E-002
 precision:   6.6253610167876298E-005
 sigma (pb)                   sd (pb)
   1147.8293934717983        7.6047841174310418E-002
