 =======================================================
 |                                                     |
 |         \/\/\/\/\/\___________/\/\/\/\/\/           |
 |                   |     \     |                     |
 |                   |     /     |                     |
 |                   |     \     |                     |
 |         /\/\/\/\/\|_____/_____|/\/\/\/\/\           |
 |                                                     |
 | Light-by-light scattering at next-to-leading order  |
 |                   (VERSION 0.5)                     |
 |                                                     |
 |    Authors:                                         |
 |            Ajjath A.H. (LPTHE Paris)                |
 |            Ekta Chaubey (Bonn)                      |
 |            Mathijs Fraaije (Bern)                   |
 |            Valentin Hirschi (Bern)                  |
 |            Hua-Sheng Shao (LPTHE Paris)             |
 |                                                     |
 |    Please cite                                      |
 |            PLB 851 (2024) 138555 [arXiv:2312.16956] |
 |            JHEP 03 (2024) 121    [arXiv:2312.16966] |
 |                                                     |
 =======================================================
 ---------------------------------------------------
         the cuts in the lab frame                  
 min transverse momentum of photon    0.0000000000000000     
 max (pseudo-)rapidity of photon    5.0000000000000000     
 min (pseudo-)rapidity of photon   -5.0000000000000000     
 min invariant mass of di-photon    0.0000000000000000     
 ---------------------------------------------------
 max=   1613795.9422594220     
 min=   0.0000000000000000     
       n_pass,     n_total
       10000       10000
  
 ====================NCALL=20K===========================
  
 ITERATION            1 :
   137818.16731050389      +\-   243.62089724744456     
 precision:   1.7676979893265264E-003
 max=   1621679.5525816048     
 min=   0.0000000000000000     
       n_pass,     n_total
       20000       20007
 max=   1621679.5525816048     
 min=   0.0000000000000000     
       n_pass,     n_total
       30000       30007
 ITERATION            2 :
   137313.48409612221      +\-   47.337521862661518     
 precision:   3.4474051965300288E-004
 max=   1631690.4727903891     
 min=   0.0000000000000000     
       n_pass,     n_total
       40000       40030
 max=   1631690.4727903891     
 min=   0.0000000000000000     
       n_pass,     n_total
       50000       50030
 WARNING: outside the range of the grid (xs,xt)=   645.21964912818203       -3.2249621834600131E-002
 WARNING: set the 2-loop amplitudes to zero
 WARNING: outside the range of the grid (xs,xt)=   1.3101568016324042E-002  -6.5484771664602985E-007
 WARNING: set the 2-loop amplitudes to zero
 ITERATION            3 :
   137249.58420199520      +\-   36.280493417860228     
 precision:   2.6433955067189794E-004
 WARNING: outside the range of the grid (xs,xt)=   645.21964912818203       -645.18766800523156     
 WARNING: set the 2-loop amplitudes to zero
 WARNING: outside the range of the grid (xs,xt)=   1.3101568016324042E-002  -1.3100918620636634E-002
 WARNING: set the 2-loop amplitudes to zero
 WARNING: outside the range of the grid (xs,xt)=   645.21964912818203       -645.18911405446329     
 WARNING: set the 2-loop amplitudes to zero
 INFO: will suppress the further warning
 max=   1634312.3658142339     
 min=   0.0000000000000000     
       n_pass,     n_total
       60000       60080
 max=   1634312.3658142339     
 min=   0.0000000000000000     
       n_pass,     n_total
       70000       70080
 ITERATION            4 :
   137256.86138747339      +\-   30.784741174704720     
 precision:   2.2428562669665023E-004
 max=   1640168.5428361457     
 min=   0.0000000000000000     
       n_pass,     n_total
       80000       80155
 max=   1640168.5428361457     
 min=   0.0000000000000000     
       n_pass,     n_total
       90000       90155
 ITERATION            5 :
   137266.81493508906      +\-   27.389228235396118     
 precision:   1.9953277307663893E-004
 max=   1640168.5428361457     
 min=   0.0000000000000000     
       n_pass,     n_total
      100000      100269
 max=   1640168.5428361457     
 min=   0.0000000000000000     
       n_pass,     n_total
      110000      110269
 ITERATION            6 :
   137254.29857703811      +\-   26.106700886845292     
 precision:   1.9020679976876733E-004
 max=   1640168.5428361457     
 min=   0.0000000000000000     
       n_pass,     n_total
      120000      120392
 max=   1640168.5428361457     
 min=   0.0000000000000000     
       n_pass,     n_total
      130000      130392
 ITERATION            7 :
   137308.35247215827      +\-   25.040786715383899     
 precision:   1.8236899842244753E-004
 max=   1640168.5428361457     
 min=   0.0000000000000000     
       n_pass,     n_total
      140000      140540
 max=   1640168.5428361457     
 min=   0.0000000000000000     
       n_pass,     n_total
      150000      150540
 ITERATION            8 :
   137220.96349451816      +\-   24.750853137853188     
 precision:   1.8037224420772968E-004
 max=   1640168.5428361457     
 min=   0.0000000000000000     
       n_pass,     n_total
      160000      160698
 max=   1640168.5428361457     
 min=   0.0000000000000000     
       n_pass,     n_total
      170000      170698
 ITERATION            9 :
   137263.74616966522      +\-   24.142862607129327     
 precision:   1.7588666549496235E-004
 max=   1640168.5428361457     
 min=   0.0000000000000000     
       n_pass,     n_total
      180000      180868
 max=   1640168.5428361457     
 min=   0.0000000000000000     
       n_pass,     n_total
      190000      190868
 ITERATION           10 :
   137287.37820479207      +\-   24.014139403522787     
 precision:   1.7491877052019166E-004
 ====================NCALL=40K ===========================
  
 max=   1642077.1630575056     
 min=   0.0000000000000000     
       n_pass,     n_total
      200000      201151
 max=   1642077.1630575056     
 min=   0.0000000000000000     
       n_pass,     n_total
      210000      211151
 max=   1642077.1630575056     
 min=   0.0000000000000000     
       n_pass,     n_total
      220000      221151
 max=   1642077.1630575056     
 min=   0.0000000000000000     
       n_pass,     n_total
      230000      231151
   137285.14305794137      +\-   11.872460189835245     
 precision:   8.6480298780942802E-005
 ====================NCALL=80K ===========================
  
 max=   1642077.1630575056     
 min=   0.0000000000000000     
       n_pass,     n_total
      240000      241683
 max=   1642077.1630575056     
 min=   0.0000000000000000     
       n_pass,     n_total
      250000      251683
 max=   1642077.1630575056     
 min=   0.0000000000000000     
       n_pass,     n_total
      260000      261683
 max=   1642077.1630575056     
 min=   0.0000000000000000     
       n_pass,     n_total
      270000      271683
 max=   1642077.1630575056     
 min=   0.0000000000000000     
       n_pass,     n_total
      280000      281683
 max=   1642077.1630575056     
 min=   0.0000000000000000     
       n_pass,     n_total
      290000      291683
 max=   1642077.1630575056     
 min=   0.0000000000000000     
       n_pass,     n_total
      300000      301683
 max=   1642077.1630575056     
 min=   0.0000000000000000     
       n_pass,     n_total
      310000      311683
   137266.98652228052      +\-   5.4232307174146586     
 precision:   3.9508630988518029E-005
 sigma (pb)                   sd (pb)
   137266.98652228052        5.4232307174146586     
