 =======================================================
 |                                                     |
 |         \/\/\/\/\/\___________/\/\/\/\/\/           |
 |                   |     \     |                     |
 |                   |     /     |                     |
 |                   |     \     |                     |
 |         /\/\/\/\/\|_____/_____|/\/\/\/\/\           |
 |                                                     |
 | Light-by-light scattering at next-to-leading order  |
 |                   (VERSION 0.5)                     |
 |                                                     |
 |    Authors:                                         |
 |            Ajjath A.H. (LPTHE Paris)                |
 |            Ekta Chaubey (Bonn)                      |
 |            Mathijs Fraaije (Bern)                   |
 |            Valentin Hirschi (Bern)                  |
 |            Hua-Sheng Shao (LPTHE Paris)             |
 |                                                     |
 |    Please cite                                      |
 |            PLB 851 (2024) 138555 [arXiv:2312.16956] |
 |            JHEP 03 (2024) 121    [arXiv:2312.16966] |
 |                                                     |
 =======================================================
 ---------------------------------------------------
         the cuts in the lab frame                  
 min transverse momentum of photon    0.0000000000000000     
 max (pseudo-)rapidity of photon    5.0000000000000000     
 min (pseudo-)rapidity of photon   -5.0000000000000000     
 min invariant mass of di-photon    0.0000000000000000     
 ---------------------------------------------------
 max=   1697.1407171690355     
 min=   0.0000000000000000     
       n_pass,     n_total
       10000       10000
  
 ====================NCALL=20K===========================
  
 ITERATION            1 :
   70.260898878925190      +\-  0.19548728762465528     
 precision:   2.7823055318652043E-003
 WARNING: outside the range of the grid (xs,xt)=   12.809988861661839       -12.809357946639418     
 WARNING: set the 2-loop amplitudes to zero
 WARNING: outside the range of the grid (xs,xt)=   12.435994809688580       -12.435382314546787     
 WARNING: set the 2-loop amplitudes to zero
 WARNING: outside the range of the grid (xs,xt)=   5.9875093710953777       -5.9872144754752563     
 WARNING: set the 2-loop amplitudes to zero
 WARNING: outside the range of the grid (xs,xt)=  0.63893377777777782      -0.63890230913849289     
 WARNING: set the 2-loop amplitudes to zero
 WARNING: outside the range of the grid (xs,xt)=   6.3716387811634356E-002  -6.3713249664780452E-002
 WARNING: set the 2-loop amplitudes to zero
 INFO: will suppress the further warning
 max=   1887.2907248309750     
 min=   0.0000000000000000     
       n_pass,     n_total
       20000       20007
 max=   1887.2907248309750     
 min=   0.0000000000000000     
       n_pass,     n_total
       30000       30007
 ITERATION            2 :
   70.006821730776565      +\-   5.1664521081021257E-002
 precision:   7.3799266705330770E-004
 max=   1923.4696169235485     
 min=   0.0000000000000000     
       n_pass,     n_total
       40000       40036
 max=   1923.4696169235485     
 min=   0.0000000000000000     
       n_pass,     n_total
       50000       50036
 ITERATION            3 :
   69.955822755414204      +\-   2.3119549723188821E-002
 precision:   3.3048785379912485E-004
 max=   1923.4696169235485     
 min=   0.0000000000000000     
       n_pass,     n_total
       60000       60121
 max=   1923.4696169235485     
 min=   0.0000000000000000     
       n_pass,     n_total
       70000       70121
 ITERATION            4 :
   69.975889488044743      +\-   1.7774865814249471E-002
 precision:   2.5401414607650359E-004
 max=   1923.4696169235485     
 min=   0.0000000000000000     
       n_pass,     n_total
       80000       80302
 max=   1923.4696169235485     
 min=   0.0000000000000000     
       n_pass,     n_total
       90000       90302
 ITERATION            5 :
   69.962986651389016      +\-   1.4477446140750878E-002
 precision:   2.0693007593985339E-004
 max=   1925.6621979005465     
 min=   0.0000000000000000     
       n_pass,     n_total
      100000      100593
 max=   1925.6621979005465     
 min=   0.0000000000000000     
       n_pass,     n_total
      110000      110593
 ITERATION            6 :
   69.977582881675019      +\-   1.2530710805714371E-002
 precision:   1.7906749975777998E-004
 max=   1925.6621979005465     
 min=   0.0000000000000000     
       n_pass,     n_total
      120000      120882
 max=   1925.6621979005465     
 min=   0.0000000000000000     
       n_pass,     n_total
      130000      130882
 ITERATION            7 :
   70.002776044382884      +\-   1.1797053417492686E-002
 precision:   1.6852265130190216E-004
 max=   1926.3587585424305     
 min=   0.0000000000000000     
       n_pass,     n_total
      140000      141250
 max=   1926.3587585424305     
 min=   0.0000000000000000     
       n_pass,     n_total
      150000      151250
 ITERATION            8 :
   69.960670561272266      +\-   1.1756437013185470E-002
 precision:   1.6804351529033819E-004
 max=   1926.3587585424305     
 min=   0.0000000000000000     
       n_pass,     n_total
      160000      161474
 max=   1926.3587585424305     
 min=   0.0000000000000000     
       n_pass,     n_total
      170000      171474
 ITERATION            9 :
   69.976957249152065      +\-   1.2036595266963124E-002
 precision:   1.7200798291510419E-004
 max=   1926.3587585424305     
 min=   0.0000000000000000     
       n_pass,     n_total
      180000      181867
 max=   1926.3587585424305     
 min=   0.0000000000000000     
       n_pass,     n_total
      190000      191867
 ITERATION           10 :
   69.985072103636810      +\-   1.2458349154491130E-002
 precision:   1.7801437906704286E-004
 ====================NCALL=40K ===========================
  
 max=   1926.3587585424305     
 min=   0.0000000000000000     
       n_pass,     n_total
      200000      202165
 max=   1926.3587585424305     
 min=   0.0000000000000000     
       n_pass,     n_total
      210000      212165
 max=   1926.3587585424305     
 min=   0.0000000000000000     
       n_pass,     n_total
      220000      222165
 max=   1926.3587585424305     
 min=   0.0000000000000000     
       n_pass,     n_total
      230000      232165
   69.983166891917548      +\-   6.1546292439852426E-003
 precision:   8.7944423170938974E-005
 ====================NCALL=80K ===========================
  
 max=   1926.8474138945182     
 min=   0.0000000000000000     
       n_pass,     n_total
      240000      243387
 max=   1926.8474138945182     
 min=   0.0000000000000000     
       n_pass,     n_total
      250000      253387
 max=   1926.8474138945182     
 min=   0.0000000000000000     
       n_pass,     n_total
      260000      263387
 max=   1926.8474138945182     
 min=   0.0000000000000000     
       n_pass,     n_total
      270000      273387
 max=   1926.8474138945182     
 min=   0.0000000000000000     
       n_pass,     n_total
      280000      283387
 max=   1926.8474138945182     
 min=   0.0000000000000000     
       n_pass,     n_total
      290000      293387
 max=   1926.8474138945182     
 min=   0.0000000000000000     
       n_pass,     n_total
      300000      303387
 max=   1926.8474138945182     
 min=   0.0000000000000000     
       n_pass,     n_total
      310000      313387
   69.980722262856077      +\-   2.7484112766625315E-003
 precision:   3.9273834104471881E-005
 sigma (pb)                   sd (pb)
   69.980722262856077        2.7484112766625315E-003
