 =======================================================
 |                                                     |
 |         \/\/\/\/\/\___________/\/\/\/\/\/           |
 |                   |     \     |                     |
 |                   |     /     |                     |
 |                   |     \     |                     |
 |         /\/\/\/\/\|_____/_____|/\/\/\/\/\           |
 |                                                     |
 | Light-by-light scattering at next-to-leading order  |
 |                   (VERSION 0.5)                     |
 |                                                     |
 |    Authors:                                         |
 |            Ajjath A.H. (LPTHE Paris)                |
 |            Ekta Chaubey (Bonn)                      |
 |            Mathijs Fraaije (Bern)                   |
 |            Valentin Hirschi (Bern)                  |
 |            Hua-Sheng Shao (LPTHE Paris)             |
 |                                                     |
 |    Please cite                                      |
 |            PLB 851 (2024) 138555 [arXiv:2312.16956] |
 |            JHEP 03 (2024) 121    [arXiv:2312.16966] |
 |                                                     |
 =======================================================
 ---------------------------------------------------
         the cuts in the lab frame                  
 min transverse momentum of photon    0.0000000000000000     
 max (pseudo-)rapidity of photon    5.0000000000000000     
 min (pseudo-)rapidity of photon   -5.0000000000000000     
 min invariant mass of di-photon    0.0000000000000000     
 ---------------------------------------------------
 max=   63426.144351272625     
 min=   0.0000000000000000     
       n_pass,     n_total
       10000       10000
  
 ====================NCALL=20K===========================
  
 ITERATION            1 :
   903.53645804951441      +\-   7.7311978403502648     
 precision:   8.5565975467550969E-003
 WARNING: outside the range of the grid (xs,xt)=  0.23442940521274225      -0.23441824402365852     
 WARNING: set the 2-loop amplitudes to zero
 WARNING: outside the range of the grid (xs,xt)=  0.22758512110726642      -0.22757428577469790     
 WARNING: set the 2-loop amplitudes to zero
 WARNING: outside the range of the grid (xs,xt)=  0.10957451062057479      -0.10956929377573962     
 WARNING: set the 2-loop amplitudes to zero
 WARNING: outside the range of the grid (xs,xt)=   1.1692817777777779E-002  -1.1692261082468925E-002
 WARNING: set the 2-loop amplitudes to zero
 WARNING: outside the range of the grid (xs,xt)=   100753.44380574525       -100748.64693209311     
 WARNING: set the 2-loop amplitudes to zero
 INFO: will suppress the further warning
 max=   69954.180927804584     
 min=   0.0000000000000000     
       n_pass,     n_total
       20000       20009
 max=   69954.180927804584     
 min=   0.0000000000000000     
       n_pass,     n_total
       30000       30009
 ITERATION            2 :
   894.50960929408086      +\-   1.9768585741476112     
 precision:   2.2099914339742941E-003
 max=   71348.492790845456     
 min=   0.0000000000000000     
       n_pass,     n_total
       40000       40044
 max=   71348.492790845456     
 min=   0.0000000000000000     
       n_pass,     n_total
       50000       50044
 ITERATION            3 :
   894.40566613818658      +\-  0.66283705171785978     
 precision:   7.4109218759740142E-004
 max=   71757.664639727140     
 min=   0.0000000000000000     
       n_pass,     n_total
       60000       60180
 max=   71757.664639727140     
 min=   0.0000000000000000     
       n_pass,     n_total
       70000       70180
 ITERATION            4 :
   894.73473076721245      +\-  0.41063171494545886     
 precision:   4.5894241144898057E-004
 max=   71757.664639727140     
 min=   0.0000000000000000     
       n_pass,     n_total
       80000       80504
 max=   71757.664639727140     
 min=   0.0000000000000000     
       n_pass,     n_total
       90000       90504
 ITERATION            5 :
   894.40763515687127      +\-  0.27875814272986621     
 precision:   3.1166789254988243E-004
 max=   71784.499275751703     
 min=   0.0000000000000000     
       n_pass,     n_total
      100000      100989
 max=   71784.499275751703     
 min=   0.0000000000000000     
       n_pass,     n_total
      110000      110989
 ITERATION            6 :
   894.44692926514028      +\-  0.24193384534407184     
 precision:   2.7048429306235068E-004
 max=   71786.183803991182     
 min=   0.0000000000000000     
       n_pass,     n_total
      120000      121541
 max=   71786.183803991182     
 min=   0.0000000000000000     
       n_pass,     n_total
      130000      131541
 ITERATION            7 :
   894.77377321445749      +\-  0.23835741516636560     
 precision:   2.6638846857353810E-004
 max=   71786.372920461101     
 min=   0.0000000000000000     
       n_pass,     n_total
      140000      142256
 max=   71786.372920461101     
 min=   0.0000000000000000     
       n_pass,     n_total
      150000      152256
 ITERATION            8 :
   894.04089496655229      +\-  0.23103376910821963     
 precision:   2.5841521390010131E-004
 max=   71786.372920461101     
 min=   0.0000000000000000     
       n_pass,     n_total
      160000      162882
 max=   71786.372920461101     
 min=   0.0000000000000000     
       n_pass,     n_total
      170000      172882
 ITERATION            9 :
   894.43487364559292      +\-  0.22376218978035745     
 precision:   2.5017158473297633E-004
 max=   71786.372920461101     
 min=   0.0000000000000000     
       n_pass,     n_total
      180000      183633
 max=   71786.372920461101     
 min=   0.0000000000000000     
       n_pass,     n_total
      190000      193633
 ITERATION           10 :
   894.74070912384457      +\-  0.22461720600387289     
 precision:   2.5104167465882314E-004
 ====================NCALL=40K ===========================
  
 max=   71786.372920461101     
 min=   0.0000000000000000     
       n_pass,     n_total
      200000      204367
 max=   71786.372920461101     
 min=   0.0000000000000000     
       n_pass,     n_total
      210000      214367
 max=   71786.372920461101     
 min=   0.0000000000000000     
       n_pass,     n_total
      220000      224367
 max=   71786.372920461101     
 min=   0.0000000000000000     
       n_pass,     n_total
      230000      234367
   894.61112864792597      +\-  0.11713078751872069     
 precision:   1.3092927616018679E-004
 ====================NCALL=80K ===========================
  
 max=   71786.372920461101     
 min=   0.0000000000000000     
       n_pass,     n_total
      240000      247267
 max=   71786.372920461101     
 min=   0.0000000000000000     
       n_pass,     n_total
      250000      257267
 max=   71786.372920461101     
 min=   0.0000000000000000     
       n_pass,     n_total
      260000      267267
 max=   71786.372920461101     
 min=   0.0000000000000000     
       n_pass,     n_total
      270000      277267
 max=   71786.372920461101     
 min=   0.0000000000000000     
       n_pass,     n_total
      280000      287267
 max=   71786.372920461101     
 min=   0.0000000000000000     
       n_pass,     n_total
      290000      297267
 max=   71786.372920461101     
 min=   0.0000000000000000     
       n_pass,     n_total
      300000      307267
   894.50662677651451      +\-   5.4818301162280661E-002
 precision:   6.1283281220426980E-005
 sigma (pb)                   sd (pb)
   894.50662677651451        5.4818301162280661E-002
