 =======================================================
 |                                                     |
 |         \/\/\/\/\/\___________/\/\/\/\/\/           |
 |                   |     \     |                     |
 |                   |     /     |                     |
 |                   |     \     |                     |
 |         /\/\/\/\/\|_____/_____|/\/\/\/\/\           |
 |                                                     |
 | Light-by-light scattering at next-to-leading order  |
 |                   (VERSION 0.5)                     |
 |                                                     |
 |    Authors:                                         |
 |            Ajjath A.H. (LPTHE Paris)                |
 |            Ekta Chaubey (Bonn)                      |
 |            Mathijs Fraaije (Bern)                   |
 |            Valentin Hirschi (Bern)                  |
 |            Hua-Sheng Shao (LPTHE Paris)             |
 |                                                     |
 |    Please cite                                      |
 |            PLB 851 (2024) 138555 [arXiv:2312.16956] |
 |            JHEP 03 (2024) 121    [arXiv:2312.16966] |
 |                                                     |
 =======================================================
 ---------------------------------------------------
         the cuts in the lab frame                  
 min transverse momentum of photon    0.0000000000000000     
 max (pseudo-)rapidity of photon    5.0000000000000000     
 min (pseudo-)rapidity of photon   -5.0000000000000000     
 min invariant mass of di-photon    0.0000000000000000     
 ---------------------------------------------------
 max=   71485.894114950206     
 min=   0.0000000000000000     
       n_pass,     n_total
       10000       10000
  
 ====================NCALL=20K===========================
  
 ITERATION            1 :
   1033.4761804635484      +\-   8.7792391984023013     
 precision:   8.4948636111424648E-003
 WARNING: outside the range of the grid (xs,xt)=  0.20668558699042097      -0.20667572316705016     
 WARNING: set the 2-loop amplitudes to zero
 WARNING: outside the range of the grid (xs,xt)=  0.20065129757785460      -0.20064172173375608     
 WARNING: set the 2-loop amplitudes to zero
 WARNING: outside the range of the grid (xs,xt)=   9.6606788837984167E-002  -9.6602178394095004E-002
 WARNING: set the 2-loop amplitudes to zero
 WARNING: outside the range of the grid (xs,xt)=   1.0309017777777776E-002  -1.0308525792187648E-002
 WARNING: set the 2-loop amplitudes to zero
 WARNING: outside the range of the grid (xs,xt)=   88829.661344740554       -88825.422054994458     
 WARNING: set the 2-loop amplitudes to zero
 INFO: will suppress the further warning
 max=   78372.033587907979     
 min=   0.0000000000000000     
       n_pass,     n_total
       20000       20009
 max=   78372.033587907979     
 min=   0.0000000000000000     
       n_pass,     n_total
       30000       30009
 ITERATION            2 :
   1023.1780957062357      +\-   2.2308443493785832     
 precision:   2.1803089400958798E-003
 max=   79910.547225456743     
 min=   0.0000000000000000     
       n_pass,     n_total
       40000       40044
 max=   79910.547225456743     
 min=   0.0000000000000000     
       n_pass,     n_total
       50000       50044
 ITERATION            3 :
   1023.0248779706931      +\-  0.74973865508268611     
 precision:   7.3286453851434505E-004
 max=   80322.973216620216     
 min=   0.0000000000000000     
       n_pass,     n_total
       60000       60180
 max=   80322.973216620216     
 min=   0.0000000000000000     
       n_pass,     n_total
       70000       70180
 ITERATION            4 :
   1023.3727285226025      +\-  0.46466354649613573     
 precision:   4.5405113263761651E-004
 max=   80347.223224796151     
 min=   0.0000000000000000     
       n_pass,     n_total
       80000       80502
 max=   80347.223224796151     
 min=   0.0000000000000000     
       n_pass,     n_total
       90000       90502
 ITERATION            5 :
   1023.0529642491684      +\-  0.31450271421137277     
 precision:   3.0741586721484189E-004
 max=   80437.412164227848     
 min=   0.0000000000000000     
       n_pass,     n_total
      100000      100972
 max=   80437.412164227848     
 min=   0.0000000000000000     
       n_pass,     n_total
      110000      110972
 ITERATION            6 :
   1023.1325547657095      +\-  0.26993966892662413     
 precision:   2.6383645762150388E-004
 max=   80445.912065792581     
 min=   0.0000000000000000     
       n_pass,     n_total
      120000      121488
 max=   80445.912065792581     
 min=   0.0000000000000000     
       n_pass,     n_total
      130000      131488
 ITERATION            7 :
   1023.4469680480740      +\-  0.27307458830325509     
 precision:   2.6681850337987228E-004
 max=   80449.807287913383     
 min=   0.0000000000000000     
       n_pass,     n_total
      140000      142140
 max=   80449.807287913383     
 min=   0.0000000000000000     
       n_pass,     n_total
      150000      152140
 ITERATION            8 :
   1022.6893851562870      +\-  0.26230157088143891     
 precision:   2.5648214862556150E-004
 max=   80449.807287913383     
 min=   0.0000000000000000     
       n_pass,     n_total
      160000      162858
 max=   80449.807287913383     
 min=   0.0000000000000000     
       n_pass,     n_total
      170000      172858
 ITERATION            9 :
   1023.2577224233676      +\-  0.25933236327343689     
 precision:   2.5343797324027376E-004
 max=   80449.807287913383     
 min=   0.0000000000000000     
       n_pass,     n_total
      180000      183465
 max=   80449.807287913383     
 min=   0.0000000000000000     
       n_pass,     n_total
      190000      193465
 ITERATION           10 :
   1023.5243834698302      +\-  0.25630493032551954     
 precision:   2.5041409317150330E-004
 ====================NCALL=40K ===========================
  
 max=   80454.044633365585     
 min=   0.0000000000000000     
       n_pass,     n_total
      200000      204648
 max=   80454.044633365585     
 min=   0.0000000000000000     
       n_pass,     n_total
      210000      214648
 max=   80454.044633365585     
 min=   0.0000000000000000     
       n_pass,     n_total
      220000      224648
 max=   80454.044633365585     
 min=   0.0000000000000000     
       n_pass,     n_total
      230000      234648
   1023.2811202849899      +\-  0.13284416416139438     
 precision:   1.2982176796577316E-004
 ====================NCALL=80K ===========================
  
 max=   80454.155630527457     
 min=   0.0000000000000000     
       n_pass,     n_total
      240000      246669
 max=   80454.155630527457     
 min=   0.0000000000000000     
       n_pass,     n_total
      250000      256669
 max=   80454.155630527457     
 min=   0.0000000000000000     
       n_pass,     n_total
      260000      266669
 max=   80454.155630527457     
 min=   0.0000000000000000     
       n_pass,     n_total
      270000      276669
 max=   80454.155630527457     
 min=   0.0000000000000000     
       n_pass,     n_total
      280000      286669
 max=   80454.155630527457     
 min=   0.0000000000000000     
       n_pass,     n_total
      290000      296669
 max=   80454.155630527457     
 min=   0.0000000000000000     
       n_pass,     n_total
      300000      306669
   1023.1648131169194      +\-   6.1888389412722976E-002
 precision:   6.0487214395292981E-005
 sigma (pb)                   sd (pb)
   1023.1648131169194        6.1888389412722976E-002
