 =======================================================
 |                                                     |
 |         \/\/\/\/\/\___________/\/\/\/\/\/           |
 |                   |     \     |                     |
 |                   |     /     |                     |
 |                   |     \     |                     |
 |         /\/\/\/\/\|_____/_____|/\/\/\/\/\           |
 |                                                     |
 | Light-by-light scattering at next-to-leading order  |
 |                   (VERSION 0.5)                     |
 |                                                     |
 |    Authors:                                         |
 |            Ajjath A.H. (LPTHE Paris)                |
 |            Ekta Chaubey (Bonn)                      |
 |            Mathijs Fraaije (Bern)                   |
 |            Valentin Hirschi (Bern)                  |
 |            Hua-Sheng Shao (LPTHE Paris)             |
 |                                                     |
 |    Please cite                                      |
 |            PLB 851 (2024) 138555 [arXiv:2312.16956] |
 |            JHEP 03 (2024) 121    [arXiv:2312.16966] |
 |                                                     |
 =======================================================
 ---------------------------------------------------
         the cuts in the lab frame                  
 min transverse momentum of photon    0.0000000000000000     
 max (pseudo-)rapidity of photon    5.0000000000000000     
 min (pseudo-)rapidity of photon   -5.0000000000000000     
 min invariant mass of di-photon    0.0000000000000000     
 ---------------------------------------------------
 max=   917.05117770755089     
 min=   0.0000000000000000     
       n_pass,     n_total
       10000       10000
  
 ====================NCALL=20K===========================
  
 ITERATION            1 :
   39.558601539153990      +\-  0.10743683757667420     
 precision:   2.7158906886618891E-003
 max=   1025.1935272849671     
 min=   0.0000000000000000     
       n_pass,     n_total
       20000       20007
 max=   1025.1935272849671     
 min=   0.0000000000000000     
       n_pass,     n_total
       30000       30007
 ITERATION            2 :
   39.408464010446075      +\-   2.7085485173930505E-002
 precision:   6.8730121444852315E-004
 WARNING: outside the range of the grid (xs,xt)=   28.359599019826238       -28.358291848335217     
 WARNING: set the 2-loop amplitudes to zero
 WARNING: outside the range of the grid (xs,xt)=   27.531626297577851       -27.530357289614358     
 WARNING: set the 2-loop amplitudes to zero
 WARNING: outside the range of the grid (xs,xt)=   13.255543523531863       -13.254932539272888     
 WARNING: set the 2-loop amplitudes to zero
 WARNING: outside the range of the grid (xs,xt)=   1.4145137777777779       -1.4144485789686312     
 WARNING: set the 2-loop amplitudes to zero
 WARNING: outside the range of the grid (xs,xt)=  0.14105954570637119      -0.14105304388606849     
 WARNING: set the 2-loop amplitudes to zero
 INFO: will suppress the further warning
 max=   1026.2159748974134     
 min=   0.0000000000000000     
       n_pass,     n_total
       40000       40035
 max=   1026.2159748974134     
 min=   0.0000000000000000     
       n_pass,     n_total
       50000       50035
 ITERATION            3 :
   39.384860626388516      +\-   1.2692520558213280E-002
 precision:   3.2226902308012942E-004
 max=   1026.2159748974134     
 min=   0.0000000000000000     
       n_pass,     n_total
       60000       60115
 max=   1026.2159748974134     
 min=   0.0000000000000000     
       n_pass,     n_total
       70000       70115
 ITERATION            4 :
   39.392582548283784      +\-   1.0071648979530199E-002
 precision:   2.5567374180622212E-004
 max=   1028.1107387935535     
 min=   0.0000000000000000     
       n_pass,     n_total
       80000       80285
 max=   1028.1107387935535     
 min=   0.0000000000000000     
       n_pass,     n_total
       90000       90285
 ITERATION            5 :
   39.385791911468587      +\-   8.3877799429145604E-003
 precision:   2.1296461327395978E-004
 max=   1028.1619566452493     
 min=   0.0000000000000000     
       n_pass,     n_total
      100000      100556
 max=   1028.1619566452493     
 min=   0.0000000000000000     
       n_pass,     n_total
      110000      110556
 ITERATION            6 :
   39.390717033902853      +\-   7.2734721317265199E-003
 precision:   1.8464939659428842E-004
 max=   1028.1619566452493     
 min=   0.0000000000000000     
       n_pass,     n_total
      120000      120834
 max=   1028.1619566452493     
 min=   0.0000000000000000     
       n_pass,     n_total
      130000      130834
 ITERATION            7 :
   39.405049457952828      +\-   6.9081719481700991E-003
 precision:   1.7531184564408342E-004
 max=   1028.1619566452493     
 min=   0.0000000000000000     
       n_pass,     n_total
      140000      141187
 max=   1028.1619566452493     
 min=   0.0000000000000000     
       n_pass,     n_total
      150000      151187
 ITERATION            8 :
   39.380208074620732      +\-   6.7657878246047730E-003
 precision:   1.7180680741413107E-004
 max=   1028.2615613713688     
 min=   0.0000000000000000     
       n_pass,     n_total
      160000      161431
 max=   1028.2615613713688     
 min=   0.0000000000000000     
       n_pass,     n_total
      170000      171431
 ITERATION            9 :
   39.391682921538667      +\-   6.7594171336016005E-003
 precision:   1.7159503306992939E-004
 max=   1028.2615613713688     
 min=   0.0000000000000000     
       n_pass,     n_total
      180000      181795
 max=   1028.2615613713688     
 min=   0.0000000000000000     
       n_pass,     n_total
      190000      191795
 ITERATION           10 :
   39.399389736364526      +\-   6.8753008938474362E-003
 precision:   1.7450272554606923E-004
 ====================NCALL=40K ===========================
  
 max=   1029.0092462909049     
 min=   0.0000000000000000     
       n_pass,     n_total
      200000      202099
 max=   1029.0092462909049     
 min=   0.0000000000000000     
       n_pass,     n_total
      210000      212099
 max=   1029.0092462909049     
 min=   0.0000000000000000     
       n_pass,     n_total
      220000      222099
 max=   1029.0092462909049     
 min=   0.0000000000000000     
       n_pass,     n_total
      230000      232099
   39.395361823680872      +\-   3.6001466474433717E-003
 precision:   9.1385038257963007E-005
 ====================NCALL=80K ===========================
  
 max=   1029.0092462909049     
 min=   0.0000000000000000     
       n_pass,     n_total
      240000      243315
 max=   1029.0092462909049     
 min=   0.0000000000000000     
       n_pass,     n_total
      250000      253315
 max=   1029.0092462909049     
 min=   0.0000000000000000     
       n_pass,     n_total
      260000      263315
 max=   1029.0092462909049     
 min=   0.0000000000000000     
       n_pass,     n_total
      270000      273315
 max=   1029.0092462909049     
 min=   0.0000000000000000     
       n_pass,     n_total
      280000      283315
 max=   1029.0092462909049     
 min=   0.0000000000000000     
       n_pass,     n_total
      290000      293315
 max=   1029.0092462909049     
 min=   0.0000000000000000     
       n_pass,     n_total
      300000      303315
 max=   1029.0092462909049     
 min=   0.0000000000000000     
       n_pass,     n_total
      310000      313315
   39.393686501055605      +\-   1.6202670516619637E-003
 precision:   4.1130119965252468E-005
 sigma (pb)                   sd (pb)
   39.393686501055605        1.6202670516619637E-003
