 =======================================================
 |                                                     |
 |         \/\/\/\/\/\___________/\/\/\/\/\/           |
 |                   |     \     |                     |
 |                   |     /     |                     |
 |                   |     \     |                     |
 |         /\/\/\/\/\|_____/_____|/\/\/\/\/\           |
 |                                                     |
 | Light-by-light scattering at next-to-leading order  |
 |                   (VERSION 0.5)                     |
 |                                                     |
 |    Authors:                                         |
 |            Ajjath A.H. (LPTHE Paris)                |
 |            Ekta Chaubey (Bonn)                      |
 |            Mathijs Fraaije (Bern)                   |
 |            Valentin Hirschi (Bern)                  |
 |            Hua-Sheng Shao (LPTHE Paris)             |
 |                                                     |
 |    Please cite                                      |
 |            PLB 851 (2024) 138555 [arXiv:2312.16956] |
 |            JHEP 03 (2024) 121    [arXiv:2312.16966] |
 |                                                     |
 =======================================================
 ---------------------------------------------------
         the cuts in the lab frame                  
 min transverse momentum of photon    0.0000000000000000     
 max (pseudo-)rapidity of photon    5.0000000000000000     
 min (pseudo-)rapidity of photon   -5.0000000000000000     
 min invariant mass of di-photon    0.0000000000000000     
 ---------------------------------------------------
 max=   3.2830483227590255E-005
 min=   0.0000000000000000     
       n_pass,     n_total
       10000       10000
  
 ====================NCALL=20K===========================
  
 ITERATION            1 :
   1.9643559421466082E-005 +\-   5.0780891919809790E-009
 precision:   2.5851166191559694E-004
 max=   3.2830483227590255E-005
 min=   0.0000000000000000     
       n_pass,     n_total
       20000       20001
 max=   3.2830483227590255E-005
 min=   0.0000000000000000     
       n_pass,     n_total
       30000       30001
 ITERATION            2 :
   1.9651278331021820E-005 +\-   2.8990322815207756E-009
 precision:   1.4752385227501038E-004
 max=   3.2833355569433152E-005
 min=   0.0000000000000000     
       n_pass,     n_total
       40000       40002
 max=   3.2833355569433152E-005
 min=   0.0000000000000000     
       n_pass,     n_total
       50000       50002
 ITERATION            3 :
   1.9648351615415361E-005 +\-   2.2912526615942262E-009
 precision:   1.1661297122739778E-004
 max=   3.2833737861818848E-005
 min=   0.0000000000000000     
       n_pass,     n_total
       60000       60005
 max=   3.2833737861818848E-005
 min=   0.0000000000000000     
       n_pass,     n_total
       70000       70005
 ITERATION            4 :
   1.9651862708767534E-005 +\-   1.9916270480813984E-009
 precision:   1.0134545908428561E-004
 max=   3.2833737861818848E-005
 min=   0.0000000000000000     
       n_pass,     n_total
       80000       80009
 max=   3.2833737861818848E-005
 min=   0.0000000000000000     
       n_pass,     n_total
       90000       90009
 ITERATION            5 :
   1.9648609787995975E-005 +\-   1.8039938646795484E-009
 precision:   9.1812799182447577E-005
 max=   3.2833737861818848E-005
 min=   0.0000000000000000     
       n_pass,     n_total
      100000      100018
 max=   3.2833737861818848E-005
 min=   0.0000000000000000     
       n_pass,     n_total
      110000      110018
 ITERATION            6 :
   1.9650894654632970E-005 +\-   1.5901597200791883E-009
 precision:   8.0920474514084592E-005
 max=   3.2833737861818848E-005
 min=   0.0000000000000000     
       n_pass,     n_total
      120000      120029
 max=   3.2833737861818848E-005
 min=   0.0000000000000000     
       n_pass,     n_total
      130000      130029
 ITERATION            7 :
   1.9649194477363610E-005 +\-   1.7645669823912357E-009
 precision:   8.9803527794692209E-005
 max=   3.2833737861818848E-005
 min=   0.0000000000000000     
       n_pass,     n_total
      140000      140046
 max=   3.2833737861818848E-005
 min=   0.0000000000000000     
       n_pass,     n_total
      150000      150046
 ITERATION            8 :
   1.9646202818183663E-005 +\-   1.7667746885947799E-009
 precision:   8.9929575956506499E-005
 max=   3.2833737861818848E-005
 min=   0.0000000000000000     
       n_pass,     n_total
      160000      160065
 max=   3.2833737861818848E-005
 min=   0.0000000000000000     
       n_pass,     n_total
      170000      170065
 ITERATION            9 :
   1.9648276863331386E-005 +\-   1.6079428691352409E-009
 precision:   8.1836329990650006E-005
 max=   3.2833737861818848E-005
 min=   0.0000000000000000     
       n_pass,     n_total
      180000      180079
 max=   3.2833737861818848E-005
 min=   0.0000000000000000     
       n_pass,     n_total
      190000      190079
 ITERATION           10 :
   1.9651837508705103E-005 +\-   1.3964039650746374E-009
 precision:   7.1057170325984905E-005
 ====================NCALL=40K ===========================
  
 max=   3.2834057099038738E-005
 min=   0.0000000000000000     
       n_pass,     n_total
      200000      200105
 max=   3.2834057099038738E-005
 min=   0.0000000000000000     
       n_pass,     n_total
      210000      210105
 max=   3.2834057099038738E-005
 min=   0.0000000000000000     
       n_pass,     n_total
      220000      220105
 max=   3.2834057099038738E-005
 min=   0.0000000000000000     
       n_pass,     n_total
      230000      230105
   1.9650053969544972E-005 +\-   2.0074988530229320E-009
 precision:   1.0216251090883995E-004
 ====================NCALL=80K ===========================
  
 max=   3.2834057099038738E-005
 min=   0.0000000000000000     
       n_pass,     n_total
      240000      240166
 max=   3.2834057099038738E-005
 min=   0.0000000000000000     
       n_pass,     n_total
      250000      250166
 max=   3.2834057099038738E-005
 min=   0.0000000000000000     
       n_pass,     n_total
      260000      260166
 max=   3.2834057099038738E-005
 min=   0.0000000000000000     
       n_pass,     n_total
      270000      270166
 max=   3.2834057099038738E-005
 min=   0.0000000000000000     
       n_pass,     n_total
      280000      280166
 max=   3.2834057099038738E-005
 min=   0.0000000000000000     
       n_pass,     n_total
      290000      290166
 max=   3.2834057099038738E-005
 min=   0.0000000000000000     
       n_pass,     n_total
      300000      300166
 max=   3.2834057099038738E-005
 min=   0.0000000000000000     
       n_pass,     n_total
      310000      310166
   1.9650678751071485E-005 +\-   6.1302455514618519E-010
 precision:   3.1196100802002017E-005
 sigma (pb)                   sd (pb)
   1.9650678751071485E-005   6.1302455514618519E-010
