 =======================================================
 |                                                     |
 |         \/\/\/\/\/\___________/\/\/\/\/\/           |
 |                   |     \     |                     |
 |                   |     /     |                     |
 |                   |     \     |                     |
 |         /\/\/\/\/\|_____/_____|/\/\/\/\/\           |
 |                                                     |
 | Light-by-light scattering at next-to-leading order  |
 |                   (VERSION 0.5)                     |
 |                                                     |
 |    Authors:                                         |
 |            Ajjath A.H. (LPTHE Paris)                |
 |            Ekta Chaubey (Bonn)                      |
 |            Mathijs Fraaije (Bern)                   |
 |            Valentin Hirschi (Bern)                  |
 |            Hua-Sheng Shao (LPTHE Paris)             |
 |                                                     |
 |    Please cite                                      |
 |            PLB 851 (2024) 138555 [arXiv:2312.16956] |
 |            JHEP 03 (2024) 121    [arXiv:2312.16966] |
 |                                                     |
 =======================================================
 ---------------------------------------------------
         the cuts in the lab frame                  
 min transverse momentum of photon    0.0000000000000000     
 max (pseudo-)rapidity of photon    5.0000000000000000     
 min (pseudo-)rapidity of photon   -5.0000000000000000     
 min invariant mass of di-photon    0.0000000000000000     
 ---------------------------------------------------
 max=   3133922.9318637368     
 min=   0.0000000000000000     
       n_pass,     n_total
       10000       10000
  
 ====================NCALL=20K===========================
  
 ITERATION            1 :
   1817440.6162473322      +\-   68.009354964735905     
 precision:   3.7420400070711657E-005
 max=   3133922.9318637368     
 min=   0.0000000000000000     
       n_pass,     n_total
       20000       20002
 max=   3133922.9318637368     
 min=   0.0000000000000000     
       n_pass,     n_total
       30000       30002
 ITERATION            2 :
   1817223.5855605316      +\-   116.66679740310829     
 precision:   6.4200574068117128E-005
 WARNING: outside the range of the grid (xs,xt)=   11.822293113154441       -11.821704417745259     
 WARNING: set the 2-loop amplitudes to zero
 max=   4099545.5798713597     
 min=   0.0000000000000000     
       n_pass,     n_total
       40000       40012
 max=   4099545.5798713597     
 min=   0.0000000000000000     
       n_pass,     n_total
       50000       50012
 WARNING: outside the range of the grid (xs,xt)=   11.822293113154441       -5.5289093842996037E-004
 WARNING: set the 2-loop amplitudes to zero
 ITERATION            3 :
   1817037.2235327279      +\-   108.71109202876362     
 precision:   5.9828764441822977E-005
 WARNING: outside the range of the grid (xs,xt)=   11.822293113154441       -11.821753430048499     
 WARNING: set the 2-loop amplitudes to zero
 WARNING: outside the range of the grid (xs,xt)=   11.822293113154441       -11.821741784366854     
 WARNING: set the 2-loop amplitudes to zero
 max=   5695061.7000050116     
 min=   0.0000000000000000     
       n_pass,     n_total
       60000       60039
 max=   5695061.7000050116     
 min=   0.0000000000000000     
       n_pass,     n_total
       70000       70039
 WARNING: outside the range of the grid (xs,xt)=   11.822293113154441       -5.7684167034144308E-004
 WARNING: set the 2-loop amplitudes to zero
 INFO: will suppress the further warning
 ITERATION            4 :
   1817098.1677404465      +\-   82.088718252015383     
 precision:   4.5175720117583043E-005
 max=   6260899.3059089035     
 min=   0.0000000000000000     
       n_pass,     n_total
       80000       80076
 max=   6260899.3059089035     
 min=   0.0000000000000000     
       n_pass,     n_total
       90000       90076
 ITERATION            5 :
   1817159.3788956064      +\-   69.286378793481319     
 precision:   3.8128949831351990E-005
 max=   6260899.3059089035     
 min=   0.0000000000000000     
       n_pass,     n_total
      100000      100131
 max=   6260899.3059089035     
 min=   0.0000000000000000     
       n_pass,     n_total
      110000      110131
 ITERATION            6 :
   1817129.0125893762      +\-   63.178321481818500     
 precision:   3.4768209105742321E-005
 max=   6260899.3059089035     
 min=   0.0000000000000000     
       n_pass,     n_total
      120000      120194
 max=   6260899.3059089035     
 min=   0.0000000000000000     
       n_pass,     n_total
      130000      130194
 ITERATION            7 :
   1817241.1278310774      +\-   60.064076477728861     
 precision:   3.3052342673653242E-005
 max=   6268018.0961177191     
 min=   0.0000000000000000     
       n_pass,     n_total
      140000      140279
 max=   6268018.0961177191     
 min=   0.0000000000000000     
       n_pass,     n_total
      150000      150279
 ITERATION            8 :
   1817071.7886367480      +\-   59.507306708578838     
 precision:   3.2749012494010486E-005
 max=   6268018.0961177191     
 min=   0.0000000000000000     
       n_pass,     n_total
      160000      160391
 max=   6268018.0961177191     
 min=   0.0000000000000000     
       n_pass,     n_total
      170000      170391
 ITERATION            9 :
   1817152.4891659166      +\-   57.515750098167032     
 precision:   3.1651581494168984E-005
 max=   6805042.7871994171     
 min=   0.0000000000000000     
       n_pass,     n_total
      180000      180509
 max=   6805042.7871994171     
 min=   0.0000000000000000     
       n_pass,     n_total
      190000      190509
 ITERATION           10 :
   1817205.1856567501      +\-   57.247690111722193     
 precision:   3.1503151412718700E-005
 ====================NCALL=40K ===========================
  
 max=   6805042.7871994171     
 min=   0.0000000000000000     
       n_pass,     n_total
      200000      200728
 max=   6805042.7871994171     
 min=   0.0000000000000000     
       n_pass,     n_total
      210000      210728
 max=   6805042.7871994171     
 min=   0.0000000000000000     
       n_pass,     n_total
      220000      220728
 max=   6805042.7871994171     
 min=   0.0000000000000000     
       n_pass,     n_total
      230000      230728
   1817190.0270305953      +\-   28.940250787839169     
 precision:   1.5925825234210310E-005
 ====================NCALL=80K ===========================
  
 max=   7013994.5379329296     
 min=   0.0000000000000000     
       n_pass,     n_total
      240000      241244
 max=   7013994.5379329296     
 min=   0.0000000000000000     
       n_pass,     n_total
      250000      251244
 max=   7013994.5379329296     
 min=   0.0000000000000000     
       n_pass,     n_total
      260000      261244
 max=   7013994.5379329296     
 min=   0.0000000000000000     
       n_pass,     n_total
      270000      271244
 max=   7013994.5379329296     
 min=   0.0000000000000000     
       n_pass,     n_total
      280000      281244
 max=   7013994.5379329296     
 min=   0.0000000000000000     
       n_pass,     n_total
      290000      291244
 max=   7013994.5379329296     
 min=   0.0000000000000000     
       n_pass,     n_total
      300000      301244
 max=   7013994.5379329296     
 min=   0.0000000000000000     
       n_pass,     n_total
      310000      311244
   1817149.4964687631      +\-   13.252609102318567     
 precision:   7.2930758465784714E-006
 sigma (pb)                   sd (pb)
   1817149.4964687631        13.252609102318567     
