 =======================================================
 |                                                     |
 |         \/\/\/\/\/\___________/\/\/\/\/\/           |
 |                   |     \     |                     |
 |                   |     /     |                     |
 |                   |     \     |                     |
 |         /\/\/\/\/\|_____/_____|/\/\/\/\/\           |
 |                                                     |
 | Light-by-light scattering at next-to-leading order  |
 |                   (VERSION 0.5)                     |
 |                                                     |
 |    Authors:                                         |
 |            Ajjath A.H. (LPTHE Paris)                |
 |            Ekta Chaubey (Bonn)                      |
 |            Mathijs Fraaije (Bern)                   |
 |            Valentin Hirschi (Bern)                  |
 |            Hua-Sheng Shao (LPTHE Paris)             |
 |                                                     |
 |    Please cite                                      |
 |            PLB 851 (2024) 138555 [arXiv:2312.16956] |
 |            JHEP 03 (2024) 121    [arXiv:2312.16966] |
 |                                                     |
 =======================================================
 ---------------------------------------------------
         the cuts in the lab frame                  
 min transverse momentum of photon    0.0000000000000000     
 max (pseudo-)rapidity of photon    5.0000000000000000     
 min (pseudo-)rapidity of photon   -5.0000000000000000     
 min invariant mass of di-photon    0.0000000000000000     
 ---------------------------------------------------
 max=   133808.80942455970     
 min=   0.0000000000000000     
       n_pass,     n_total
       10000       10000
  
 ====================NCALL=20K===========================
  
 ITERATION            1 :
   2129.2748009617876      +\-   17.442661294560004     
 precision:   8.1918319263822609E-003
 WARNING: outside the range of the grid (xs,xt)=  0.10259113388282468      -0.10258614224415839     
 WARNING: set the 2-loop amplitudes to zero
 WARNING: outside the range of the grid (xs,xt)=   9.9595934256055355E-002  -9.9591088350784396E-002
 WARNING: set the 2-loop amplitudes to zero
 WARNING: outside the range of the grid (xs,xt)=   4.7952061640982931E-002  -4.7949728502085294E-002
 WARNING: set the 2-loop amplitudes to zero
 WARNING: outside the range of the grid (xs,xt)=   44091.781204882034       -44089.635890451857     
 WARNING: set the 2-loop amplitudes to zero
 WARNING: outside the range of the grid (xs,xt)=  0.89530979287005152      -0.89526623098696045     
 WARNING: set the 2-loop amplitudes to zero
 INFO: will suppress the further warning
 max=   141449.76136623212     
 min=   0.0000000000000000     
       n_pass,     n_total
       20000       20009
 max=   141449.76136623212     
 min=   0.0000000000000000     
       n_pass,     n_total
       30000       30009
 ITERATION            2 :
   2107.9031611305218      +\-   4.1905607933364504     
 precision:   1.9880233924451001E-003
 max=   144763.97728655959     
 min=   0.0000000000000000     
       n_pass,     n_total
       40000       40044
 max=   144763.97728655959     
 min=   0.0000000000000000     
       n_pass,     n_total
       50000       50044
 ITERATION            3 :
   2107.0943994298841      +\-   1.4548668688344322     
 precision:   6.9046117213736368E-004
 max=   146158.72334463656     
 min=   0.0000000000000000     
       n_pass,     n_total
       60000       60174
 max=   146158.72334463656     
 min=   0.0000000000000000     
       n_pass,     n_total
       70000       70174
 ITERATION            4 :
   2108.0353693993911      +\-  0.90881403008317208     
 precision:   4.3111896663389757E-004
 max=   146158.72334463656     
 min=   0.0000000000000000     
       n_pass,     n_total
       80000       80483
 max=   146158.72334463656     
 min=   0.0000000000000000     
       n_pass,     n_total
       90000       90483
 ITERATION            5 :
   2107.1306393468840      +\-  0.62482060550352048     
 precision:   2.9652675246428329E-004
 max=   146158.72334463656     
 min=   0.0000000000000000     
       n_pass,     n_total
      100000      100892
 max=   146158.72334463656     
 min=   0.0000000000000000     
       n_pass,     n_total
      110000      110892
 ITERATION            6 :
   2107.4996236355478      +\-  0.50582051320789534     
 precision:   2.4000977629373349E-004
 max=   146158.72334463656     
 min=   0.0000000000000000     
       n_pass,     n_total
      120000      121291
 max=   146158.72334463656     
 min=   0.0000000000000000     
       n_pass,     n_total
      130000      131291
 ITERATION            7 :
   2107.9019133112020      +\-  0.55563163001387528     
 precision:   2.6359463241866894E-004
 max=   146158.72334463656     
 min=   0.0000000000000000     
       n_pass,     n_total
      140000      141521
 max=   146158.72334463656     
 min=   0.0000000000000000     
       n_pass,     n_total
      150000      151521
 ITERATION            8 :
   2107.0875285203647      +\-  0.68352654152422143     
 precision:   3.2439399515795449E-004
 max=   146158.72334463656     
 min=   0.0000000000000000     
       n_pass,     n_total
      160000      162114
 max=   146158.72334463656     
 min=   0.0000000000000000     
       n_pass,     n_total
      170000      172114
 ITERATION            9 :
   2107.2469012386427      +\-  0.58373381705830540     
 precision:   2.7701254025581235E-004
 max=   146158.72334463656     
 min=   0.0000000000000000     
       n_pass,     n_total
      180000      182741
 max=   146158.72334463656     
 min=   0.0000000000000000     
       n_pass,     n_total
      190000      192741
 ITERATION           10 :
   2108.0194513126617      +\-  0.53170177685258990     
 precision:   2.5222811702306622E-004
 ====================NCALL=40K ===========================
  
 max=   146158.72334463656     
 min=   0.0000000000000000     
       n_pass,     n_total
      200000      203810
 max=   146158.72334463656     
 min=   0.0000000000000000     
       n_pass,     n_total
      210000      213810
 max=   146158.72334463656     
 min=   0.0000000000000000     
       n_pass,     n_total
      220000      223810
 max=   146158.72334463656     
 min=   0.0000000000000000     
       n_pass,     n_total
      230000      233810
   2107.7382750767274      +\-  0.25713242945834081     
 precision:   1.2199447744477691E-004
 ====================NCALL=80K ===========================
  
 max=   146158.72334463656     
 min=   0.0000000000000000     
       n_pass,     n_total
      240000      246354
 max=   146158.72334463656     
 min=   0.0000000000000000     
       n_pass,     n_total
      250000      256354
 max=   146158.72334463656     
 min=   0.0000000000000000     
       n_pass,     n_total
      260000      266354
 max=   146158.72334463656     
 min=   0.0000000000000000     
       n_pass,     n_total
      270000      276354
 max=   146158.72334463656     
 min=   0.0000000000000000     
       n_pass,     n_total
      280000      286354
 max=   146158.72334463656     
 min=   0.0000000000000000     
       n_pass,     n_total
      290000      296354
 max=   146158.72334463656     
 min=   0.0000000000000000     
       n_pass,     n_total
      300000      306354
   2107.3786945566558      +\-  0.12888746005536969     
 precision:   6.1160084985335139E-005
 sigma (pb)                   sd (pb)
   2107.3786945566558       0.12888746005536969     
