 =======================================================
 |                                                     |
 |         \/\/\/\/\/\___________/\/\/\/\/\/           |
 |                   |     \     |                     |
 |                   |     /     |                     |
 |                   |     \     |                     |
 |         /\/\/\/\/\|_____/_____|/\/\/\/\/\           |
 |                                                     |
 | Light-by-light scattering at next-to-leading order  |
 |                   (VERSION 0.5)                     |
 |                                                     |
 |    Authors:                                         |
 |            Ajjath A.H. (LPTHE Paris)                |
 |            Ekta Chaubey (Bonn)                      |
 |            Mathijs Fraaije (Bern)                   |
 |            Valentin Hirschi (Bern)                  |
 |            Hua-Sheng Shao (LPTHE Paris)             |
 |                                                     |
 |    Please cite                                      |
 |            PLB 851 (2024) 138555 [arXiv:2312.16956] |
 |            JHEP 03 (2024) 121    [arXiv:2312.16966] |
 |                                                     |
 =======================================================
 ---------------------------------------------------
         the cuts in the lab frame                  
 min transverse momentum of photon    0.0000000000000000     
 max (pseudo-)rapidity of photon    5.0000000000000000     
 min (pseudo-)rapidity of photon   -5.0000000000000000     
 min invariant mass of di-photon    0.0000000000000000     
 ---------------------------------------------------
 WARNING: outside the range of the grid (xs,xt)=   4.4681549543144572E-002  -4.4681549096333435E-002
 WARNING: set the 2-loop amplitudes to zero
 WARNING: outside the range of the grid (xs,xt)=   4.4560917069314705E-002  -4.4560916623709874E-002
 WARNING: set the 2-loop amplitudes to zero
 WARNING: outside the range of the grid (xs,xt)=   4.4766605198609796E-002  -4.4766604750948118E-002
 WARNING: set the 2-loop amplitudes to zero
 WARNING: outside the range of the grid (xs,xt)=   4.4712584487751686E-002  -4.4712584040630207E-002
 WARNING: set the 2-loop amplitudes to zero
 WARNING: outside the range of the grid (xs,xt)=   4.4800966688186200E-002  -4.4800966240180914E-002
 WARNING: set the 2-loop amplitudes to zero
 INFO: will suppress the further warning
 max=  0.29984128760345752     
 min=   0.0000000000000000     
       n_pass,     n_total
       10000       10000
  
 ====================NCALL=20K===========================
  
 ITERATION            1 :
  0.21382967800756258      +\-   1.0103291193729604E-005
 precision:   4.7249246633445696E-005
 max=  0.30410871071235074     
 min=   0.0000000000000000     
       n_pass,     n_total
       20000       20002
 max=  0.30410871071235074     
 min=   0.0000000000000000     
       n_pass,     n_total
       30000       30002
 ITERATION            2 :
  0.21381382637413837      +\-   1.4277534663923389E-005
 precision:   6.6775544435279395E-005
 max=  0.30478763627191963     
 min=   0.0000000000000000     
       n_pass,     n_total
       40000       40010
 max=  0.30478763627191963     
 min=   0.0000000000000000     
       n_pass,     n_total
       50000       50010
 ITERATION            3 :
  0.21380447348577142      +\-   1.1639659623852313E-005
 precision:   5.4440673920823864E-005
 max=  0.30480540392098759     
 min=   0.0000000000000000     
       n_pass,     n_total
       60000       60033
 max=  0.30480540392098759     
 min=   0.0000000000000000     
       n_pass,     n_total
       70000       70033
 ITERATION            4 :
  0.21379663173639440      +\-   9.7306518410238253E-006
 precision:   4.5513588132770312E-005
 max=  0.30480540392098759     
 min=   0.0000000000000000     
       n_pass,     n_total
       80000       80066
 max=  0.30480540392098759     
 min=   0.0000000000000000     
       n_pass,     n_total
       90000       90066
 ITERATION            5 :
  0.21380409681763490      +\-   8.8050825817163773E-006
 precision:   4.1182946036935435E-005
 max=  0.30480540392098759     
 min=   0.0000000000000000     
       n_pass,     n_total
      100000      100106
 max=  0.30480540392098759     
 min=   0.0000000000000000     
       n_pass,     n_total
      110000      110106
 ITERATION            6 :
  0.21379537615395847      +\-   8.0663172325547143E-006
 precision:   3.7729147269985822E-005
 max=  0.30480540392098759     
 min=   0.0000000000000000     
       n_pass,     n_total
      120000      120147
 max=  0.30480540392098759     
 min=   0.0000000000000000     
       n_pass,     n_total
      130000      130147
 ITERATION            7 :
  0.21381497147047995      +\-   8.0537747527642293E-006
 precision:   3.7667029101730429E-005
 max=  0.30480540392098759     
 min=   0.0000000000000000     
       n_pass,     n_total
      140000      140192
 max=  0.30480540392098759     
 min=   0.0000000000000000     
       n_pass,     n_total
      150000      150192
 ITERATION            8 :
  0.21379821065114835      +\-   7.8701092469109197E-006
 precision:   3.6810921957398746E-005
 max=  0.30480540392098759     
 min=   0.0000000000000000     
       n_pass,     n_total
      160000      160250
 max=  0.30480540392098759     
 min=   0.0000000000000000     
       n_pass,     n_total
      170000      170250
 ITERATION            9 :
  0.21380982765827064      +\-   7.7316159091141536E-006
 precision:   3.6161181147722970E-005
 max=  0.30480793720269517     
 min=   0.0000000000000000     
       n_pass,     n_total
      180000      180309
 max=  0.30480793720269517     
 min=   0.0000000000000000     
       n_pass,     n_total
      190000      190309
 ITERATION           10 :
  0.21381383833043205      +\-   7.6607222504713554E-006
 precision:   3.5828935630594346E-005
 ====================NCALL=40K ===========================
  
 max=  0.30480793720269517     
 min=   0.0000000000000000     
       n_pass,     n_total
      200000      200421
 max=  0.30480793720269517     
 min=   0.0000000000000000     
       n_pass,     n_total
      210000      210421
 max=  0.30480793720269517     
 min=   0.0000000000000000     
       n_pass,     n_total
      220000      220421
 max=  0.30480793720269517     
 min=   0.0000000000000000     
       n_pass,     n_total
      230000      230421
  0.21380786191334739      +\-   3.7742064566535443E-006
 precision:   1.7652327762311961E-005
 ====================NCALL=80K ===========================
  
 max=  0.30480793720269517     
 min=   0.0000000000000000     
       n_pass,     n_total
      240000      240700
 max=  0.30480793720269517     
 min=   0.0000000000000000     
       n_pass,     n_total
      250000      250700
 max=  0.30480793720269517     
 min=   0.0000000000000000     
       n_pass,     n_total
      260000      260700
 max=  0.30480793720269517     
 min=   0.0000000000000000     
       n_pass,     n_total
      270000      270700
 max=  0.30480793720269517     
 min=   0.0000000000000000     
       n_pass,     n_total
      280000      280700
 max=  0.30480793720269517     
 min=   0.0000000000000000     
       n_pass,     n_total
      290000      290700
 max=  0.30480793720269517     
 min=   0.0000000000000000     
       n_pass,     n_total
      300000      300700
 max=  0.30480793720269517     
 min=   0.0000000000000000     
       n_pass,     n_total
      310000      310700
  0.21380254726861647      +\-   1.8881717542385903E-006
 precision:   8.8313810025206849E-006
 sigma (pb)                   sd (pb)
  0.21380254726861647        1.8881717542385903E-006
