 =======================================================
 |                                                     |
 |         \/\/\/\/\/\___________/\/\/\/\/\/           |
 |                   |     \     |                     |
 |                   |     /     |                     |
 |                   |     \     |                     |
 |         /\/\/\/\/\|_____/_____|/\/\/\/\/\           |
 |                                                     |
 | Light-by-light scattering at next-to-leading order  |
 |                   (VERSION 0.5)                     |
 |                                                     |
 |    Authors:                                         |
 |            Ajjath A.H. (LPTHE Paris)                |
 |            Ekta Chaubey (Bonn)                      |
 |            Mathijs Fraaije (Bern)                   |
 |            Valentin Hirschi (Bern)                  |
 |            Hua-Sheng Shao (LPTHE Paris)             |
 |                                                     |
 |    Please cite                                      |
 |            PLB 851 (2024) 138555 [arXiv:2312.16956] |
 |            JHEP 03 (2024) 121    [arXiv:2312.16966] |
 |                                                     |
 =======================================================
 ---------------------------------------------------
         the cuts in the lab frame                  
 min transverse momentum of photon    0.0000000000000000     
 max (pseudo-)rapidity of photon    5.0000000000000000     
 min (pseudo-)rapidity of photon   -5.0000000000000000     
 min invariant mass of di-photon    0.0000000000000000     
 ---------------------------------------------------
 WARNING: outside the range of the grid (xs,xt)=   1.5244313129928248E-002  -1.5244312977485625E-002
 WARNING: set the 2-loop amplitudes to zero
 WARNING: outside the range of the grid (xs,xt)=   1.5203156114929823E-002  -1.5203155962898767E-002
 WARNING: set the 2-loop amplitudes to zero
 WARNING: outside the range of the grid (xs,xt)=   1.5273332155871643E-002  -1.5273332003138834E-002
 WARNING: set the 2-loop amplitudes to zero
 WARNING: outside the range of the grid (xs,xt)=   1.5254901536516608E-002  -1.5254901383968105E-002
 WARNING: set the 2-loop amplitudes to zero
 WARNING: outside the range of the grid (xs,xt)=   1.5285055502802748E-002  -1.5285055349952701E-002
 WARNING: set the 2-loop amplitudes to zero
 INFO: will suppress the further warning
 max=   1.1817369744672554E-002
 min=   0.0000000000000000     
       n_pass,     n_total
       10000       10000
  
 ====================NCALL=20K===========================
  
 ITERATION            1 :
   8.4319577562253101E-003 +\-   1.1328069070979549E-006
 precision:   1.3434684326562286E-004
 max=   1.2076353642682945E-002
 min=   0.0000000000000000     
       n_pass,     n_total
       20000       20002
 max=   1.2076353642682945E-002
 min=   0.0000000000000000     
       n_pass,     n_total
       30000       30002
 ITERATION            2 :
   8.4308078790726621E-003 +\-   6.1901436505045896E-007
 precision:   7.3422900145430283E-005
 max=   1.2103863752239291E-002
 min=   0.0000000000000000     
       n_pass,     n_total
       40000       40012
 max=   1.2103863752239291E-002
 min=   0.0000000000000000     
       n_pass,     n_total
       50000       50012
 ITERATION            3 :
   8.4301482176448624E-003 +\-   4.8346172112803672E-007
 precision:   5.7349136533106153E-005
 max=   1.2103863752239291E-002
 min=   0.0000000000000000     
       n_pass,     n_total
       60000       60035
 max=   1.2103863752239291E-002
 min=   0.0000000000000000     
       n_pass,     n_total
       70000       70035
 ITERATION            4 :
   8.4302563259291089E-003 +\-   4.4562831586862872E-007
 precision:   5.2860589125623704E-005
 max=   1.2103863752239291E-002
 min=   0.0000000000000000     
       n_pass,     n_total
       80000       80061
 max=   1.2103863752239291E-002
 min=   0.0000000000000000     
       n_pass,     n_total
       90000       90061
 ITERATION            5 :
   8.4306374638146390E-003 +\-   3.9304753279807935E-007
 precision:   4.6621330176405876E-005
 max=   1.2103863752239291E-002
 min=   0.0000000000000000     
       n_pass,     n_total
      100000      100092
 max=   1.2103863752239291E-002
 min=   0.0000000000000000     
       n_pass,     n_total
      110000      110092
 ITERATION            6 :
   8.4308045459311615E-003 +\-   4.0770093537609743E-007
 precision:   4.8358485024167748E-005
 max=   1.2103863752239291E-002
 min=   0.0000000000000000     
       n_pass,     n_total
      120000      120119
 max=   1.2103863752239291E-002
 min=   0.0000000000000000     
       n_pass,     n_total
      130000      130119
 ITERATION            7 :
   8.4311557225817506E-003 +\-   3.7695823420523170E-007
 precision:   4.4710149664962095E-005
 max=   1.2104040795483783E-002
 min=   0.0000000000000000     
       n_pass,     n_total
      140000      140151
 max=   1.2104040795483783E-002
 min=   0.0000000000000000     
       n_pass,     n_total
      150000      150151
 ITERATION            8 :
   8.4305801674401330E-003 +\-   3.7844060418794524E-007
 precision:   4.4889034523332838E-005
 max=   1.2104040795483783E-002
 min=   0.0000000000000000     
       n_pass,     n_total
      160000      160197
 max=   1.2104040795483783E-002
 min=   0.0000000000000000     
       n_pass,     n_total
      170000      170197
 ITERATION            9 :
   8.4310148415657118E-003 +\-   3.8974726820389613E-007
 precision:   4.6227800036883424E-005
 max=   1.2104060238899978E-002
 min=   0.0000000000000000     
       n_pass,     n_total
      180000      180236
 max=   1.2104060238899978E-002
 min=   0.0000000000000000     
       n_pass,     n_total
      190000      190236
 ITERATION           10 :
   8.4307391422942159E-003 +\-   3.6418933019990061E-007
 precision:   4.3197793699117531E-005
 ====================NCALL=40K ===========================
  
 max=   1.2104060238899978E-002
 min=   0.0000000000000000     
       n_pass,     n_total
      200000      200313
 max=   1.2104060238899978E-002
 min=   0.0000000000000000     
       n_pass,     n_total
      210000      210313
 max=   1.2104060238899978E-002
 min=   0.0000000000000000     
       n_pass,     n_total
      220000      220313
 max=   1.2104060238899978E-002
 min=   0.0000000000000000     
       n_pass,     n_total
      230000      230313
   8.4307567261339787E-003 +\-   2.0504165028390413E-007
 precision:   2.4320669774316732E-005
 ====================NCALL=80K ===========================
  
 max=   1.2104060238899978E-002
 min=   0.0000000000000000     
       n_pass,     n_total
      240000      240476
 max=   1.2104060238899978E-002
 min=   0.0000000000000000     
       n_pass,     n_total
      250000      250476
 max=   1.2104060238899978E-002
 min=   0.0000000000000000     
       n_pass,     n_total
      260000      260476
 max=   1.2104060238899978E-002
 min=   0.0000000000000000     
       n_pass,     n_total
      270000      270476
 max=   1.2104060238899978E-002
 min=   0.0000000000000000     
       n_pass,     n_total
      280000      280476
 max=   1.2104060238899978E-002
 min=   0.0000000000000000     
       n_pass,     n_total
      290000      290476
 max=   1.2104060238899978E-002
 min=   0.0000000000000000     
       n_pass,     n_total
      300000      300476
 max=   1.2104060238899978E-002
 min=   0.0000000000000000     
       n_pass,     n_total
      310000      310476
   8.4305812316182085E-003 +\-   1.0512806165558190E-007
 precision:   1.2469847424197475E-005
 sigma (pb)                   sd (pb)
   8.4305812316182085E-003   1.0512806165558190E-007
