 =======================================================
 |                                                     |
 |         \/\/\/\/\/\___________/\/\/\/\/\/           |
 |                   |     \     |                     |
 |                   |     /     |                     |
 |                   |     \     |                     |
 |         /\/\/\/\/\|_____/_____|/\/\/\/\/\           |
 |                                                     |
 | Light-by-light scattering at next-to-leading order  |
 |                   (VERSION 0.5)                     |
 |                                                     |
 |    Authors:                                         |
 |            Ajjath A.H. (LPTHE Paris)                |
 |            Ekta Chaubey (Bonn)                      |
 |            Mathijs Fraaije (Bern)                   |
 |            Valentin Hirschi (Bern)                  |
 |            Hua-Sheng Shao (LPTHE Paris)             |
 |                                                     |
 |    Please cite                                      |
 |            PLB 851 (2024) 138555 [arXiv:2312.16956] |
 |            JHEP 03 (2024) 121    [arXiv:2312.16966] |
 |                                                     |
 =======================================================
 ---------------------------------------------------
         the cuts in the lab frame                  
 min transverse momentum of photon    0.0000000000000000     
 max (pseudo-)rapidity of photon    5.0000000000000000     
 min (pseudo-)rapidity of photon   -5.0000000000000000     
 min invariant mass of di-photon    0.0000000000000000     
 ---------------------------------------------------
 max=   81986.780519921434     
 min=   0.0000000000000000     
       n_pass,     n_total
       10000       10000
  
 ====================NCALL=20K===========================
  
 ITERATION            1 :
   1206.0633418394295      +\-   10.170397700539418     
 precision:   8.4327226835599015E-003
 WARNING: outside the range of the grid (xs,xt)=  0.17841167297839156      -0.17840313157315235     
 WARNING: set the 2-loop amplitudes to zero
 WARNING: outside the range of the grid (xs,xt)=  0.17320285467128019      -0.17319456263665245     
 WARNING: set the 2-loop amplitudes to zero
 WARNING: outside the range of the grid (xs,xt)=   8.3391295293627640E-002  -8.3387302960420781E-002
 WARNING: set the 2-loop amplitudes to zero
 WARNING: outside the range of the grid (xs,xt)=   76678.053469464343       -76674.382530692776     
 WARNING: set the 2-loop amplitudes to zero
 WARNING: outside the range of the grid (xs,xt)=   1.5569933963525964       -1.5569188557615523     
 WARNING: set the 2-loop amplitudes to zero
 INFO: will suppress the further warning
 max=   89234.592997636428     
 min=   0.0000000000000000     
       n_pass,     n_total
       20000       20009
 max=   89234.592997636428     
 min=   0.0000000000000000     
       n_pass,     n_total
       30000       30009
 ITERATION            2 :
   1194.0595800371875      +\-   2.5623818832645786     
 precision:   2.1459413969818629E-003
 max=   90805.459427619018     
 min=   0.0000000000000000     
       n_pass,     n_total
       40000       40044
 max=   90805.459427619018     
 min=   0.0000000000000000     
       n_pass,     n_total
       50000       50044
 ITERATION            3 :
   1193.8239109632448      +\-  0.86425544894446793     
 precision:   7.2393879952290256E-004
 max=   91219.366387588350     
 min=   0.0000000000000000     
       n_pass,     n_total
       60000       60178
 max=   91219.366387588350     
 min=   0.0000000000000000     
       n_pass,     n_total
       70000       70178
 ITERATION            4 :
   1194.2624161377300      +\-  0.53572913564603319     
 precision:   4.4858577847454377E-004
 max=   91521.738809866089     
 min=   0.0000000000000000     
       n_pass,     n_total
       80000       80496
 max=   91521.738809866089     
 min=   0.0000000000000000     
       n_pass,     n_total
       90000       90496
 ITERATION            5 :
   1193.8969061418593      +\-  0.36135907990275878     
 precision:   3.0267192924597624E-004
 max=   91521.738809866089     
 min=   0.0000000000000000     
       n_pass,     n_total
      100000      100940
 max=   91521.738809866089     
 min=   0.0000000000000000     
       n_pass,     n_total
      110000      110940
 ITERATION            6 :
   1194.0037887597368      +\-  0.30261583295377831     
 precision:   2.5344629204913867E-004
 max=   91521.738809866089     
 min=   0.0000000000000000     
       n_pass,     n_total
      120000      121367
 max=   91521.738809866089     
 min=   0.0000000000000000     
       n_pass,     n_total
      130000      131367
 ITERATION            7 :
   1194.4087042582400      +\-  0.29880255522875521     
 precision:   2.5016776432010317E-004
 max=   91521.738809866089     
 min=   0.0000000000000000     
       n_pass,     n_total
      140000      141856
 max=   91521.738809866089     
 min=   0.0000000000000000     
       n_pass,     n_total
      150000      151856
 ITERATION            8 :
   1193.4309479742205      +\-  0.28681678347584766     
 precision:   2.4032960093979666E-004
 max=   91528.033217738979     
 min=   0.0000000000000000     
       n_pass,     n_total
      160000      162401
 max=   91528.033217738979     
 min=   0.0000000000000000     
       n_pass,     n_total
      170000      172401
 ITERATION            9 :
   1194.0222815198044      +\-  0.29816123885849594     
 precision:   2.4971162052267828E-004
 max=   91528.033217738979     
 min=   0.0000000000000000     
       n_pass,     n_total
      180000      182903
 max=   91528.033217738979     
 min=   0.0000000000000000     
       n_pass,     n_total
      190000      192903
 ITERATION           10 :
   1194.5479872476642      +\-  0.29152617583737017     
 precision:   2.4404727055718389E-004
 ====================NCALL=40K ===========================
  
 max=   91534.059410261863     
 min=   0.0000000000000000     
       n_pass,     n_total
      200000      203859
 max=   91534.059410261863     
 min=   0.0000000000000000     
       n_pass,     n_total
      210000      213859
 max=   91534.059410261863     
 min=   0.0000000000000000     
       n_pass,     n_total
      220000      223859
 max=   91534.059410261863     
 min=   0.0000000000000000     
       n_pass,     n_total
      230000      233859
   1194.1640588879693      +\-  0.15152648779434191     
 precision:   1.2688917127136331E-004
 ====================NCALL=80K ===========================
  
 max=   91534.059410261863     
 min=   0.0000000000000000     
       n_pass,     n_total
      240000      245167
 max=   91534.059410261863     
 min=   0.0000000000000000     
       n_pass,     n_total
      250000      255167
 max=   91534.059410261863     
 min=   0.0000000000000000     
       n_pass,     n_total
      260000      265167
 max=   91534.059410261863     
 min=   0.0000000000000000     
       n_pass,     n_total
      270000      275167
 max=   91534.059410261863     
 min=   0.0000000000000000     
       n_pass,     n_total
      280000      285167
 max=   91534.059410261863     
 min=   0.0000000000000000     
       n_pass,     n_total
      290000      295167
 max=   91534.059410261863     
 min=   0.0000000000000000     
       n_pass,     n_total
      300000      305167
   1194.0107994235432      +\-   7.7700004264886449E-002
 precision:   6.5074791871563690E-005
 sigma (pb)                   sd (pb)
   1194.0107994235432        7.7700004264886449E-002
