 =======================================================
 |                                                     |
 |         \/\/\/\/\/\___________/\/\/\/\/\/           |
 |                   |     \     |                     |
 |                   |     /     |                     |
 |                   |     \     |                     |
 |         /\/\/\/\/\|_____/_____|/\/\/\/\/\           |
 |                                                     |
 | Light-by-light scattering at next-to-leading order  |
 |                   (VERSION 0.5)                     |
 |                                                     |
 |    Authors:                                         |
 |            Ajjath A.H. (LPTHE Paris)                |
 |            Ekta Chaubey (Bonn)                      |
 |            Mathijs Fraaije (Bern)                   |
 |            Valentin Hirschi (Bern)                  |
 |            Hua-Sheng Shao (LPTHE Paris)             |
 |                                                     |
 |    Please cite                                      |
 |            PLB 851 (2024) 138555 [arXiv:2312.16956] |
 |            JHEP 03 (2024) 121    [arXiv:2312.16966] |
 |                                                     |
 =======================================================
 ---------------------------------------------------
         the cuts in the lab frame                  
 min transverse momentum of photon    0.0000000000000000     
 max (pseudo-)rapidity of photon    5.0000000000000000     
 min (pseudo-)rapidity of photon   -5.0000000000000000     
 min invariant mass of di-photon    0.0000000000000000     
 ---------------------------------------------------
 max=   3137933.1005504746     
 min=   0.0000000000000000     
       n_pass,     n_total
       10000       10000
  
 ====================NCALL=20K===========================
  
 ITERATION            1 :
   1801830.0828806907      +\-   71.565981388836292     
 precision:   3.9718496249335334E-005
 max=   3137933.1005504746     
 min=   0.0000000000000000     
       n_pass,     n_total
       20000       20002
 max=   3137933.1005504746     
 min=   0.0000000000000000     
       n_pass,     n_total
       30000       30002
 ITERATION            2 :
   1801606.0797779241      +\-   119.00136186500589     
 precision:   6.6052930882468301E-005
 WARNING: outside the range of the grid (xs,xt)=   12.685306811784576       -12.684730152836211     
 WARNING: set the 2-loop amplitudes to zero
 max=   3407351.5924060866     
 min=   0.0000000000000000     
       n_pass,     n_total
       40000       40011
 max=   3407351.5924060866     
 min=   0.0000000000000000     
       n_pass,     n_total
       50000       50011
 WARNING: outside the range of the grid (xs,xt)=   12.685306811784576       -5.9798110280690126E-004
 WARNING: set the 2-loop amplitudes to zero
 ITERATION            3 :
   1801400.7412672513      +\-   108.82083765776066     
 precision:   6.0409011257099443E-005
 WARNING: outside the range of the grid (xs,xt)=   12.685306811784576       -12.684707360917683     
 WARNING: set the 2-loop amplitudes to zero
 WARNING: outside the range of the grid (xs,xt)=   12.685306811784576       -12.684702422035562     
 WARNING: set the 2-loop amplitudes to zero
 WARNING: outside the range of the grid (xs,xt)=   12.685306811784576       -12.684695089198740     
 WARNING: set the 2-loop amplitudes to zero
 INFO: will suppress the further warning
 max=   5013156.2663320098     
 min=   0.0000000000000000     
       n_pass,     n_total
       60000       60036
 max=   5013156.2663320098     
 min=   0.0000000000000000     
       n_pass,     n_total
       70000       70036
 ITERATION            4 :
   1801490.0358565568      +\-   87.552706407619041     
 precision:   4.8600161346987544E-005
 max=   5866798.1235064017     
 min=   0.0000000000000000     
       n_pass,     n_total
       80000       80070
 max=   5866798.1235064017     
 min=   0.0000000000000000     
       n_pass,     n_total
       90000       90070
 ITERATION            5 :
   1801529.6093897095      +\-   73.481676486956815     
 precision:   4.0788492236799616E-005
 max=   6017517.7278067386     
 min=   0.0000000000000000     
       n_pass,     n_total
      100000      100125
 max=   6017517.7278067386     
 min=   0.0000000000000000     
       n_pass,     n_total
      110000      110125
 ITERATION            6 :
   1801517.6806286834      +\-   66.007370971813387     
 precision:   3.6639868529504806E-005
 max=   6997094.9728227761     
 min=   0.0000000000000000     
       n_pass,     n_total
      120000      120182
 max=   6997094.9728227761     
 min=   0.0000000000000000     
       n_pass,     n_total
      130000      130182
 ITERATION            7 :
   1801626.6171517933      +\-   63.335422457985800     
 precision:   3.5154577455185085E-005
 max=   6997094.9728227761     
 min=   0.0000000000000000     
       n_pass,     n_total
      140000      140265
 max=   6997094.9728227761     
 min=   0.0000000000000000     
       n_pass,     n_total
      150000      150265
 ITERATION            8 :
   1801447.6997927299      +\-   62.780119631454767     
 precision:   3.4849815311695196E-005
 max=   6997094.9728227761     
 min=   0.0000000000000000     
       n_pass,     n_total
      160000      160363
 max=   6997094.9728227761     
 min=   0.0000000000000000     
       n_pass,     n_total
      170000      170363
 ITERATION            9 :
   1801529.1981349366      +\-   60.516967656314065     
 precision:   3.3591999351975681E-005
 max=   6997094.9728227761     
 min=   0.0000000000000000     
       n_pass,     n_total
      180000      180468
 max=   6997094.9728227761     
 min=   0.0000000000000000     
       n_pass,     n_total
      190000      190468
 ITERATION           10 :
   1801587.8762611141      +\-   60.295735161004792     
 precision:   3.3468106638316320E-005
 ====================NCALL=40K ===========================
  
 max=   6997094.9728227761     
 min=   0.0000000000000000     
       n_pass,     n_total
      200000      200670
 max=   6997094.9728227761     
 min=   0.0000000000000000     
       n_pass,     n_total
      210000      210670
 max=   6997094.9728227761     
 min=   0.0000000000000000     
       n_pass,     n_total
      220000      220670
 max=   6997094.9728227761     
 min=   0.0000000000000000     
       n_pass,     n_total
      230000      230670
   1801562.4092624935      +\-   30.343312485596705     
 precision:   1.6842776208912110E-005
 ====================NCALL=80K ===========================
  
 max=   6997094.9728227761     
 min=   0.0000000000000000     
       n_pass,     n_total
      240000      241141
 max=   6997094.9728227761     
 min=   0.0000000000000000     
       n_pass,     n_total
      250000      251141
 max=   6997094.9728227761     
 min=   0.0000000000000000     
       n_pass,     n_total
      260000      261141
 max=   6997094.9728227761     
 min=   0.0000000000000000     
       n_pass,     n_total
      270000      271141
 max=   6997094.9728227761     
 min=   0.0000000000000000     
       n_pass,     n_total
      280000      281141
 max=   6997094.9728227761     
 min=   0.0000000000000000     
       n_pass,     n_total
      290000      291141
 max=   6997094.9728227761     
 min=   0.0000000000000000     
       n_pass,     n_total
      300000      301141
 max=   6997094.9728227761     
 min=   0.0000000000000000     
       n_pass,     n_total
      310000      311141
   1801520.5171002063      +\-   14.426121973479521     
 precision:   8.0077478088899794E-006
 sigma (pb)                   sd (pb)
   1801520.5171002063        14.426121973479521     
