 =======================================================
 |                                                     |
 |         \/\/\/\/\/\___________/\/\/\/\/\/           |
 |                   |     \     |                     |
 |                   |     /     |                     |
 |                   |     \     |                     |
 |         /\/\/\/\/\|_____/_____|/\/\/\/\/\           |
 |                                                     |
 | Light-by-light scattering at next-to-leading order  |
 |                   (VERSION 0.5)                     |
 |                                                     |
 |    Authors:                                         |
 |            Ajjath A.H. (LPTHE Paris)                |
 |            Ekta Chaubey (Bonn)                      |
 |            Mathijs Fraaije (Bern)                   |
 |            Valentin Hirschi (Bern)                  |
 |            Hua-Sheng Shao (LPTHE Paris)             |
 |                                                     |
 |    Please cite                                      |
 |            PLB 851 (2024) 138555 [arXiv:2312.16956] |
 |            JHEP 03 (2024) 121    [arXiv:2312.16966] |
 |                                                     |
 =======================================================
 ---------------------------------------------------
         the cuts in the lab frame                  
 min transverse momentum of photon    0.0000000000000000     
 max (pseudo-)rapidity of photon    5.0000000000000000     
 min (pseudo-)rapidity of photon   -5.0000000000000000     
 min invariant mass of di-photon    0.0000000000000000     
 ---------------------------------------------------
 max=   1.9159277731492027E-006
 min=   0.0000000000000000     
       n_pass,     n_total
       10000       10000
  
 ====================NCALL=20K===========================
  
 ITERATION            1 :
   5.4275274702548629E-007 +\-   1.0606262976911918E-009
 precision:   1.9541610862475974E-003
 max=   1.9196613722060099E-006
 min=   0.0000000000000000     
       n_pass,     n_total
       20000       20001
 max=   1.9196613722060099E-006
 min=   0.0000000000000000     
       n_pass,     n_total
       30000       30001
 ITERATION            2 :
   5.4162419539460430E-007 +\-   5.1221591290980653E-010
 precision:   9.4570352887693259E-004
 max=   1.9197866724717611E-006
 min=   0.0000000000000000     
       n_pass,     n_total
       40000       40001
 max=   1.9197866724717611E-006
 min=   0.0000000000000000     
       n_pass,     n_total
       50000       50001
 ITERATION            3 :
   5.4145974234109635E-007 +\-   4.6678151218607450E-010
 precision:   8.6207981071291214E-004
 max=   1.9197866724717611E-006
 min=   0.0000000000000000     
       n_pass,     n_total
       60000       60001
 max=   1.9197866724717611E-006
 min=   0.0000000000000000     
       n_pass,     n_total
       70000       70001
 ITERATION            4 :
   5.4188194816178849E-007 +\-   3.5205815114679405E-010
 precision:   6.4969529311886365E-004
 max=   1.9197866724717611E-006
 min=   0.0000000000000000     
       n_pass,     n_total
       80000       80002
 max=   1.9197866724717611E-006
 min=   0.0000000000000000     
       n_pass,     n_total
       90000       90002
 ITERATION            5 :
   5.4178577404738589E-007 +\-   3.5458664459883788E-010
 precision:   6.5447758428560155E-004
 max=   1.9197866724717611E-006
 min=   0.0000000000000000     
       n_pass,     n_total
      100000      100002
 max=   1.9197866724717611E-006
 min=   0.0000000000000000     
       n_pass,     n_total
      110000      110002
 ITERATION            6 :
   5.4120534684105503E-007 +\-   3.3402217726605418E-010
 precision:   6.1718196099816458E-004
 max=   1.9197866724717611E-006
 min=   0.0000000000000000     
       n_pass,     n_total
      120000      120005
 max=   1.9197866724717611E-006
 min=   0.0000000000000000     
       n_pass,     n_total
      130000      130005
 ITERATION            7 :
   5.4188380724126524E-007 +\-   4.0051270033879558E-010
 precision:   7.3911177080158367E-004
 max=   1.9197866724717611E-006
 min=   0.0000000000000000     
       n_pass,     n_total
      140000      140007
 max=   1.9197866724717611E-006
 min=   0.0000000000000000     
       n_pass,     n_total
      150000      150007
 ITERATION            8 :
   5.4130034032147386E-007 +\-   3.4399363916306445E-010
 precision:   6.3549496192588650E-004
 max=   1.9197866724717611E-006
 min=   0.0000000000000000     
       n_pass,     n_total
      160000      160010
 max=   1.9197866724717611E-006
 min=   0.0000000000000000     
       n_pass,     n_total
      170000      170010
 ITERATION            9 :
   5.4161738504866278E-007 +\-   4.5703504472870421E-010
 precision:   8.4383377887259088E-004
 max=   1.9197866724717611E-006
 min=   0.0000000000000000     
       n_pass,     n_total
      180000      180012
 max=   1.9197866724717611E-006
 min=   0.0000000000000000     
       n_pass,     n_total
      190000      190012
 ITERATION           10 :
   5.4212736220773876E-007 +\-   4.1914228664672620E-010
 precision:   7.7314357449110693E-004
 ====================NCALL=40K ===========================
  
 max=   1.9197866724717611E-006
 min=   0.0000000000000000     
       n_pass,     n_total
      200000      200014
 max=   1.9197866724717611E-006
 min=   0.0000000000000000     
       n_pass,     n_total
      210000      210014
 max=   1.9197866724717611E-006
 min=   0.0000000000000000     
       n_pass,     n_total
      220000      220014
 max=   1.9197899284880038E-006
 min=   0.0000000000000000     
       n_pass,     n_total
      230000      230014
   5.4150972298016253E-007 +\-   3.3260603810930075E-010
 precision:   6.1421988192349652E-004
 ====================NCALL=80K ===========================
  
 max=   1.9197899284880038E-006
 min=   0.0000000000000000     
       n_pass,     n_total
      240000      240017
 max=   1.9197899284880038E-006
 min=   0.0000000000000000     
       n_pass,     n_total
      250000      250017
 max=   1.9197899284880038E-006
 min=   0.0000000000000000     
       n_pass,     n_total
      260000      260017
 max=   1.9197899284880038E-006
 min=   0.0000000000000000     
       n_pass,     n_total
      270000      270017
 max=   1.9197899284880038E-006
 min=   0.0000000000000000     
       n_pass,     n_total
      280000      280017
 max=   1.9197899284880038E-006
 min=   0.0000000000000000     
       n_pass,     n_total
      290000      290017
 max=   1.9198000243856066E-006
 min=   0.0000000000000000     
       n_pass,     n_total
      300000      300017
 max=   1.9198000243856066E-006
 min=   0.0000000000000000     
       n_pass,     n_total
      310000      310017
   5.4190595919422504E-007 +\-   1.1664518420337798E-010
 precision:   2.1524986434329110E-004
 sigma (pb)                   sd (pb)
   5.4190595919422504E-007   1.1664518420337798E-010
