 =======================================================
 |                                                     |
 |         \/\/\/\/\/\___________/\/\/\/\/\/           |
 |                   |     \     |                     |
 |                   |     /     |                     |
 |                   |     \     |                     |
 |         /\/\/\/\/\|_____/_____|/\/\/\/\/\           |
 |                                                     |
 | Light-by-light scattering at next-to-leading order  |
 |                   (VERSION 0.5)                     |
 |                                                     |
 |    Authors:                                         |
 |            Ajjath A.H. (LPTHE Paris)                |
 |            Ekta Chaubey (Bonn)                      |
 |            Mathijs Fraaije (Bern)                   |
 |            Valentin Hirschi (Bern)                  |
 |            Hua-Sheng Shao (LPTHE Paris)             |
 |                                                     |
 |    Please cite                                      |
 |            PLB 851 (2024) 138555 [arXiv:2312.16956] |
 |            JHEP 03 (2024) 121    [arXiv:2312.16966] |
 |                                                     |
 =======================================================
 ---------------------------------------------------
         the cuts in the lab frame                  
 min transverse momentum of photon    0.0000000000000000     
 max (pseudo-)rapidity of photon    5.0000000000000000     
 min (pseudo-)rapidity of photon   -5.0000000000000000     
 min invariant mass of di-photon    0.0000000000000000     
 ---------------------------------------------------
 max=   1392914.6069420241     
 min=   0.0000000000000000     
       n_pass,     n_total
       10000       10000
  
 ====================NCALL=20K===========================
  
 ITERATION            1 :
   97666.475982879405      +\-   227.90672591779662     
 precision:   2.3335205209794596E-003
 max=   1399589.9504670636     
 min=   0.0000000000000000     
       n_pass,     n_total
       20000       20007
 max=   1399589.9504670636     
 min=   0.0000000000000000     
       n_pass,     n_total
       30000       30007
 ITERATION            2 :
   97205.314125874400      +\-   38.778880004990079     
 precision:   3.9893786007186825E-004
 WARNING: outside the range of the grid (xs,xt)=   930.78725954634069       -930.74173537018453     
 WARNING: set the 2-loop amplitudes to zero
 WARNING: outside the range of the grid (xs,xt)=   1.8900187875790460E-002  -1.8899263480367752E-002
 WARNING: set the 2-loop amplitudes to zero
 WARNING: outside the range of the grid (xs,xt)=   930.78725954634069       -930.74165902884386     
 WARNING: set the 2-loop amplitudes to zero
 WARNING: outside the range of the grid (xs,xt)=   1.8900187875790460E-002  -1.8899261930211509E-002
 WARNING: set the 2-loop amplitudes to zero
 WARNING: outside the range of the grid (xs,xt)=   930.78725954634069       -930.74442780315599     
 WARNING: set the 2-loop amplitudes to zero
 INFO: will suppress the further warning
 max=   1403045.8380484481     
 min=   0.0000000000000000     
       n_pass,     n_total
       40000       40030
 max=   1403045.8380484481     
 min=   0.0000000000000000     
       n_pass,     n_total
       50000       50030
 ITERATION            3 :
   97167.474818798408      +\-   27.834856869446483     
 precision:   2.8646269671362746E-004
 max=   1407836.9342694592     
 min=   0.0000000000000000     
       n_pass,     n_total
       60000       60089
 max=   1407836.9342694592     
 min=   0.0000000000000000     
       n_pass,     n_total
       70000       70089
 ITERATION            4 :
   97159.766080837813      +\-   23.900097195658475     
 precision:   2.4598759506865605E-004
 max=   1412434.4826934587     
 min=   0.0000000000000000     
       n_pass,     n_total
       80000       80189
 max=   1412434.4826934587     
 min=   0.0000000000000000     
       n_pass,     n_total
       90000       90189
 ITERATION            5 :
   97163.282457025765      +\-   20.844612468254958     
 precision:   2.1453178547641490E-004
 max=   1412434.4826934587     
 min=   0.0000000000000000     
       n_pass,     n_total
      100000      100340
 max=   1412434.4826934587     
 min=   0.0000000000000000     
       n_pass,     n_total
      110000      110340
 ITERATION            6 :
   97151.178374363066      +\-   19.565935914530275     
 precision:   2.0139679458271471E-004
 max=   1412434.4826934587     
 min=   0.0000000000000000     
       n_pass,     n_total
      120000      120502
 max=   1412434.4826934587     
 min=   0.0000000000000000     
       n_pass,     n_total
      130000      130502
 ITERATION            7 :
   97202.501364942989      +\-   18.855652626659449     
 precision:   1.9398320374356046E-004
 max=   1412434.4826934587     
 min=   0.0000000000000000     
       n_pass,     n_total
      140000      140676
 max=   1412434.4826934587     
 min=   0.0000000000000000     
       n_pass,     n_total
      150000      150676
 ITERATION            8 :
   97140.672635927520      +\-   18.540424437015492     
 precision:   1.9086160239494067E-004
 max=   1412434.4826934587     
 min=   0.0000000000000000     
       n_pass,     n_total
      160000      160858
 max=   1412434.4826934587     
 min=   0.0000000000000000     
       n_pass,     n_total
      170000      170858
 ITERATION            9 :
   97168.081591309747      +\-   18.166031226950924     
 precision:   1.8695471732536098E-004
 max=   1412434.4826934587     
 min=   0.0000000000000000     
       n_pass,     n_total
      180000      181061
 max=   1412434.4826934587     
 min=   0.0000000000000000     
       n_pass,     n_total
      190000      191061
 ITERATION           10 :
   97185.890763536416      +\-   18.425204569974174     
 precision:   1.8958723766605845E-004
 ====================NCALL=40K ===========================
  
 max=   1412434.4826934587     
 min=   0.0000000000000000     
       n_pass,     n_total
      200000      201378
 max=   1412434.4826934587     
 min=   0.0000000000000000     
       n_pass,     n_total
      210000      211378
 max=   1412434.4826934587     
 min=   0.0000000000000000     
       n_pass,     n_total
      220000      221378
 max=   1412434.4826934587     
 min=   0.0000000000000000     
       n_pass,     n_total
      230000      231378
   97183.613314683069      +\-   8.9252401218792734     
 precision:   9.1838940922880826E-005
 ====================NCALL=80K ===========================
  
 max=   1412434.4826934587     
 min=   0.0000000000000000     
       n_pass,     n_total
      240000      241997
 max=   1412434.4826934587     
 min=   0.0000000000000000     
       n_pass,     n_total
      250000      251997
 max=   1412434.4826934587     
 min=   0.0000000000000000     
       n_pass,     n_total
      260000      261997
 max=   1412434.4826934587     
 min=   0.0000000000000000     
       n_pass,     n_total
      270000      271997
 max=   1412434.4826934587     
 min=   0.0000000000000000     
       n_pass,     n_total
      280000      281997
 max=   1412434.4826934587     
 min=   0.0000000000000000     
       n_pass,     n_total
      290000      291997
 max=   1412434.4826934587     
 min=   0.0000000000000000     
       n_pass,     n_total
      300000      301997
 max=   1412434.4826934587     
 min=   0.0000000000000000     
       n_pass,     n_total
      310000      311997
   97171.312111762891      +\-   4.2108077979413681     
 precision:   4.3333857559711150E-005
 sigma (pb)                   sd (pb)
   97171.312111762891        4.2108077979413681     
