 =======================================================
 |                                                     |
 |         \/\/\/\/\/\___________/\/\/\/\/\/           |
 |                   |     \     |                     |
 |                   |     /     |                     |
 |                   |     \     |                     |
 |         /\/\/\/\/\|_____/_____|/\/\/\/\/\           |
 |                                                     |
 | Light-by-light scattering at next-to-leading order  |
 |                   (VERSION 0.5)                     |
 |                                                     |
 |    Authors:                                         |
 |            Ajjath A.H. (LPTHE Paris)                |
 |            Ekta Chaubey (Bonn)                      |
 |            Mathijs Fraaije (Bern)                   |
 |            Valentin Hirschi (Bern)                  |
 |            Hua-Sheng Shao (LPTHE Paris)             |
 |                                                     |
 |    Please cite                                      |
 |            PLB 851 (2024) 138555 [arXiv:2312.16956] |
 |            JHEP 03 (2024) 121    [arXiv:2312.16966] |
 |                                                     |
 =======================================================
 ---------------------------------------------------
         the cuts in the lab frame                  
 min transverse momentum of photon    0.0000000000000000     
 max (pseudo-)rapidity of photon    5.0000000000000000     
 min (pseudo-)rapidity of photon   -5.0000000000000000     
 min invariant mass of di-photon    0.0000000000000000     
 ---------------------------------------------------
 max=   955812.54353013705     
 min=   0.0000000000000000     
       n_pass,     n_total
       10000       10000
  
 ====================NCALL=20K===========================
  
 ITERATION            1 :
   43919.312185532741      +\-   170.11537933763952     
 precision:   3.8733616459885375E-003
 max=   965127.56316090038     
 min=   0.0000000000000000     
       n_pass,     n_total
       20000       20007
 max=   965127.56316090038     
 min=   0.0000000000000000     
       n_pass,     n_total
       30000       30007
 ITERATION            2 :
   43603.692659344953      +\-   25.951639155678805     
 precision:   5.9517067415429002E-004
 WARNING: outside the range of the grid (xs,xt)=   2132.9575177791144       -2132.8603364041792     
 WARNING: set the 2-loop amplitudes to zero
 WARNING: outside the range of the grid (xs,xt)=   4.3310968649005098E-002  -4.3308995323494401E-002
 WARNING: set the 2-loop amplitudes to zero
 WARNING: outside the range of the grid (xs,xt)=   2132.9575177791144       -2132.8549713227753     
 WARNING: set the 2-loop amplitudes to zero
 WARNING: outside the range of the grid (xs,xt)=   4.3310968649005098E-002  -4.3308886382331463E-002
 WARNING: set the 2-loop amplitudes to zero
 max=   965957.03836478479     
 min=   0.0000000000000000     
       n_pass,     n_total
       40000       40034
 max=   965957.03836478479     
 min=   0.0000000000000000     
       n_pass,     n_total
       50000       50034
 WARNING: outside the range of the grid (xs,xt)=   2132.9575177791144       -9.9418282890759740E-002
 WARNING: set the 2-loop amplitudes to zero
 INFO: will suppress the further warning
 ITERATION            3 :
   43589.711231496549      +\-   15.160362586773653     
 precision:   3.4779681164346082E-004
 max=   965957.03836478479     
 min=   0.0000000000000000     
       n_pass,     n_total
       60000       60108
 max=   965957.03836478479     
 min=   0.0000000000000000     
       n_pass,     n_total
       70000       70108
 ITERATION            4 :
   43578.590603059667      +\-   12.774899201292682     
 precision:   2.9314622213587034E-004
 max=   965957.03836478479     
 min=   0.0000000000000000     
       n_pass,     n_total
       80000       80253
 max=   965957.03836478479     
 min=   0.0000000000000000     
       n_pass,     n_total
       90000       90253
 ITERATION            5 :
   43573.273863076509      +\-   10.878768173719427     
 precision:   2.4966607301311758E-004
 max=   967844.73630956130     
 min=   0.0000000000000000     
       n_pass,     n_total
      100000      100468
 max=   967844.73630956130     
 min=   0.0000000000000000     
       n_pass,     n_total
      110000      110468
 ITERATION            6 :
   43577.180687819826      +\-   9.7308753383235977     
 precision:   2.2330208574148204E-004
 max=   967844.73630956130     
 min=   0.0000000000000000     
       n_pass,     n_total
      120000      120700
 max=   967844.73630956130     
 min=   0.0000000000000000     
       n_pass,     n_total
      130000      130700
 ITERATION            7 :
   43597.426428679690      +\-   9.2522029106253107     
 precision:   2.1221901539901299E-004
 max=   967908.41998881893     
 min=   0.0000000000000000     
       n_pass,     n_total
      140000      140977
 max=   967908.41998881893     
 min=   0.0000000000000000     
       n_pass,     n_total
      150000      150977
 ITERATION            8 :
   43563.477759414658      +\-   9.1798981132261250     
 precision:   2.1072463874265008E-004
 max=   967908.41998881893     
 min=   0.0000000000000000     
       n_pass,     n_total
      160000      161217
 max=   967908.41998881893     
 min=   0.0000000000000000     
       n_pass,     n_total
      170000      171217
 ITERATION            9 :
   43581.787846040854      +\-   9.0240654359922967     
 precision:   2.0706046910859072E-004
 max=   967908.41998881893     
 min=   0.0000000000000000     
       n_pass,     n_total
      180000      181504
 max=   967908.41998881893     
 min=   0.0000000000000000     
       n_pass,     n_total
      190000      191504
 ITERATION           10 :
   43588.436497940755      +\-   8.9211912384680350     
 precision:   2.0466875977277822E-004
 ====================NCALL=40K ===========================
  
 max=   967908.41998881893     
 min=   0.0000000000000000     
       n_pass,     n_total
      200000      201894
 max=   967908.41998881893     
 min=   0.0000000000000000     
       n_pass,     n_total
      210000      211894
 max=   967908.41998881893     
 min=   0.0000000000000000     
       n_pass,     n_total
      220000      221894
 max=   967908.41998881893     
 min=   0.0000000000000000     
       n_pass,     n_total
      230000      231894
   43589.279340926099      +\-   4.2864454558983383     
 precision:   9.8337148966667646E-005
 ====================NCALL=80K ===========================
  
 max=   967908.41998881893     
 min=   0.0000000000000000     
       n_pass,     n_total
      240000      242624
 max=   967908.41998881893     
 min=   0.0000000000000000     
       n_pass,     n_total
      250000      252624
 max=   967908.41998881893     
 min=   0.0000000000000000     
       n_pass,     n_total
      260000      262624
 max=   967908.41998881893     
 min=   0.0000000000000000     
       n_pass,     n_total
      270000      272624
 max=   967908.41998881893     
 min=   0.0000000000000000     
       n_pass,     n_total
      280000      282624
 max=   967908.41998881893     
 min=   0.0000000000000000     
       n_pass,     n_total
      290000      292624
 max=   967908.41998881893     
 min=   0.0000000000000000     
       n_pass,     n_total
      300000      302624
 max=   967908.41998881893     
 min=   0.0000000000000000     
       n_pass,     n_total
      310000      312624
   43583.949454147543      +\-   2.2392086464875520     
 precision:   5.1376909952672129E-005
 sigma (pb)                   sd (pb)
   43583.949454147543        2.2392086464875520     
