 =======================================================
 |                                                     |
 |         \/\/\/\/\/\___________/\/\/\/\/\/           |
 |                   |     \     |                     |
 |                   |     /     |                     |
 |                   |     \     |                     |
 |         /\/\/\/\/\|_____/_____|/\/\/\/\/\           |
 |                                                     |
 | Light-by-light scattering at next-to-leading order  |
 |                   (VERSION 0.5)                     |
 |                                                     |
 |    Authors:                                         |
 |            Ajjath A.H. (LPTHE Paris)                |
 |            Ekta Chaubey (Bonn)                      |
 |            Mathijs Fraaije (Bern)                   |
 |            Valentin Hirschi (Bern)                  |
 |            Hua-Sheng Shao (LPTHE Paris)             |
 |                                                     |
 |    Please cite                                      |
 |            PLB 851 (2024) 138555 [arXiv:2312.16956] |
 |            JHEP 03 (2024) 121    [arXiv:2312.16966] |
 |                                                     |
 =======================================================
 ---------------------------------------------------
         the cuts in the lab frame                  
 min transverse momentum of photon    0.0000000000000000     
 max (pseudo-)rapidity of photon    5.0000000000000000     
 min (pseudo-)rapidity of photon   -5.0000000000000000     
 min invariant mass of di-photon    0.0000000000000000     
 ---------------------------------------------------
 max=   2.3713988282836216E-006
 min=   0.0000000000000000     
       n_pass,     n_total
       10000       10000
  
 ====================NCALL=20K===========================
  
 ITERATION            1 :
   8.7016531621832138E-007 +\-   5.5713588934583713E-010
 precision:   6.4026441753287913E-004
 max=   2.3713988282836216E-006
 min=   0.0000000000000000     
       n_pass,     n_total
       20000       20001
 max=   2.3713988282836216E-006
 min=   0.0000000000000000     
       n_pass,     n_total
       30000       30001
 ITERATION            2 :
   8.6954102568690471E-007 +\-   4.6062140524153913E-010
 precision:   5.2972935334208709E-004
 max=   2.3714971269045334E-006
 min=   0.0000000000000000     
       n_pass,     n_total
       40000       40001
 max=   2.3714971269045334E-006
 min=   0.0000000000000000     
       n_pass,     n_total
       50000       50001
 ITERATION            3 :
   8.6892256012455222E-007 +\-   3.6045138621510841E-010
 precision:   4.1482567349090461E-004
 max=   2.3714971269045334E-006
 min=   0.0000000000000000     
       n_pass,     n_total
       60000       60001
 max=   2.3714971269045334E-006
 min=   0.0000000000000000     
       n_pass,     n_total
       70000       70001
 ITERATION            4 :
   8.6951177641399502E-007 +\-   3.6399013413865412E-010
 precision:   4.1861438109533995E-004
 max=   2.3714971269045334E-006
 min=   0.0000000000000000     
       n_pass,     n_total
       80000       80002
 max=   2.3714971269045334E-006
 min=   0.0000000000000000     
       n_pass,     n_total
       90000       90002
 ITERATION            5 :
   8.6909082737901277E-007 +\-   3.9125205763555560E-010
 precision:   4.5018546429201876E-004
 max=   2.3715119793293722E-006
 min=   0.0000000000000000     
       n_pass,     n_total
      100000      100003
 max=   2.3715119793293722E-006
 min=   0.0000000000000000     
       n_pass,     n_total
      110000      110003
 ITERATION            6 :
   8.6902366043369423E-007 +\-   3.1849431980621414E-010
 precision:   3.6649671845213812E-004
 max=   2.3715119793293722E-006
 min=   0.0000000000000000     
       n_pass,     n_total
      120000      120006
 max=   2.3715119793293722E-006
 min=   0.0000000000000000     
       n_pass,     n_total
      130000      130006
 ITERATION            7 :
   8.6903200070449964E-007 +\-   4.3180250428845204E-010
 precision:   4.9687756485192951E-004
 max=   2.3715119793293722E-006
 min=   0.0000000000000000     
       n_pass,     n_total
      140000      140008
 max=   2.3715119793293722E-006
 min=   0.0000000000000000     
       n_pass,     n_total
      150000      150008
 ITERATION            8 :
   8.6851287284477299E-007 +\-   3.8082444940814421E-010
 precision:   4.3847876216361847E-004
 max=   2.3715119793293722E-006
 min=   0.0000000000000000     
       n_pass,     n_total
      160000      160012
 max=   2.3715119793293722E-006
 min=   0.0000000000000000     
       n_pass,     n_total
      170000      170012
 ITERATION            9 :
   8.6870425309747942E-007 +\-   3.6668177809272555E-010
 precision:   4.2210197174156035E-004
 max=   2.3715119793293722E-006
 min=   0.0000000000000000     
       n_pass,     n_total
      180000      180015
 max=   2.3715119793293722E-006
 min=   0.0000000000000000     
       n_pass,     n_total
      190000      190015
 ITERATION           10 :
   8.6918304565931635E-007 +\-   3.6992390429614051E-010
 precision:   4.2559953987084017E-004
 ====================NCALL=40K ===========================
  
 max=   2.3715119793293722E-006
 min=   0.0000000000000000     
       n_pass,     n_total
      200000      200018
 max=   2.3715119793293722E-006
 min=   0.0000000000000000     
       n_pass,     n_total
      210000      210018
 max=   2.3715119793293722E-006
 min=   0.0000000000000000     
       n_pass,     n_total
      220000      220018
 max=   2.3715119793293722E-006
 min=   0.0000000000000000     
       n_pass,     n_total
      230000      230018
   8.6950954944607541E-007 +\-   2.4317626868738179E-010
 precision:   2.7967061298210955E-004
 ====================NCALL=80K ===========================
  
 max=   2.3715445131153749E-006
 min=   0.0000000000000000     
       n_pass,     n_total
      240000      240023
 max=   2.3715445131153749E-006
 min=   0.0000000000000000     
       n_pass,     n_total
      250000      250023
 max=   2.3715445131153749E-006
 min=   0.0000000000000000     
       n_pass,     n_total
      260000      260023
 max=   2.3715445131153749E-006
 min=   0.0000000000000000     
       n_pass,     n_total
      270000      270023
 max=   2.3715445131153749E-006
 min=   0.0000000000000000     
       n_pass,     n_total
      280000      280023
 max=   2.3715445131153749E-006
 min=   0.0000000000000000     
       n_pass,     n_total
      290000      290023
 max=   2.3715445131153749E-006
 min=   0.0000000000000000     
       n_pass,     n_total
      300000      300023
 max=   2.3715445131153749E-006
 min=   0.0000000000000000     
       n_pass,     n_total
      310000      310023
   8.6917653635826517E-007 +\-   1.2817671477549717E-010
 precision:   1.4746913821735302E-004
 sigma (pb)                   sd (pb)
   8.6917653635826517E-007   1.2817671477549717E-010
