 =======================================================
 |                                                     |
 |         \/\/\/\/\/\___________/\/\/\/\/\/           |
 |                   |     \     |                     |
 |                   |     /     |                     |
 |                   |     \     |                     |
 |         /\/\/\/\/\|_____/_____|/\/\/\/\/\           |
 |                                                     |
 | Light-by-light scattering at next-to-leading order  |
 |                   (VERSION 0.5)                     |
 |                                                     |
 |    Authors:                                         |
 |            Ajjath A.H. (LPTHE Paris)                |
 |            Ekta Chaubey (Bonn)                      |
 |            Mathijs Fraaije (Bern)                   |
 |            Valentin Hirschi (Bern)                  |
 |            Hua-Sheng Shao (LPTHE Paris)             |
 |                                                     |
 |    Please cite                                      |
 |            PLB 851 (2024) 138555 [arXiv:2312.16956] |
 |            JHEP 03 (2024) 121    [arXiv:2312.16966] |
 |                                                     |
 =======================================================
 ---------------------------------------------------
         the cuts in the lab frame                  
 min transverse momentum of photon    0.0000000000000000     
 max (pseudo-)rapidity of photon    5.0000000000000000     
 min (pseudo-)rapidity of photon   -5.0000000000000000     
 min invariant mass of di-photon    0.0000000000000000     
 ---------------------------------------------------
 max=   1309914.0541903100     
 min=   0.0000000000000000     
       n_pass,     n_total
       10000       10000
  
 ====================NCALL=20K===========================
  
 ITERATION            1 :
   85101.019413029921      +\-   219.62723812052516     
 precision:   2.5807826937370125E-003
 max=   1316350.5404759925     
 min=   0.0000000000000000     
       n_pass,     n_total
       20000       20007
 max=   1316350.5404759925     
 min=   0.0000000000000000     
       n_pass,     n_total
       30000       30007
 ITERATION            2 :
   84661.725222609573      +\-   36.038827292338205     
 precision:   4.2568028465729584E-004
 WARNING: outside the range of the grid (xs,xt)=   1075.7373018638871       -1075.6860157615044     
 WARNING: set the 2-loop amplitudes to zero
 WARNING: outside the range of the grid (xs,xt)=   2.1843484536018341E-002  -2.1842443141262980E-002
 WARNING: set the 2-loop amplitudes to zero
 WARNING: outside the range of the grid (xs,xt)=   1075.7373018638871       -1075.6859297577562     
 WARNING: set the 2-loop amplitudes to zero
 WARNING: outside the range of the grid (xs,xt)=   2.1843484536018341E-002  -2.1842441394905814E-002
 WARNING: set the 2-loop amplitudes to zero
 WARNING: outside the range of the grid (xs,xt)=   1075.7373018638871       -1075.6836235176997     
 WARNING: set the 2-loop amplitudes to zero
 INFO: will suppress the further warning
 max=   1323219.9379146257     
 min=   0.0000000000000000     
       n_pass,     n_total
       40000       40031
 max=   1323219.9379146257     
 min=   0.0000000000000000     
       n_pass,     n_total
       50000       50031
 ITERATION            3 :
   84626.992330965149      +\-   25.427239399634576     
 precision:   3.0046252028184992E-004
 max=   1323219.9379146257     
 min=   0.0000000000000000     
       n_pass,     n_total
       60000       60095
 max=   1323219.9379146257     
 min=   0.0000000000000000     
       n_pass,     n_total
       70000       70095
 ITERATION            4 :
   84625.363118055524      +\-   21.264997057144452     
 precision:   2.5128396822922925E-004
 max=   1323308.2981175105     
 min=   0.0000000000000000     
       n_pass,     n_total
       80000       80199
 max=   1323308.2981175105     
 min=   0.0000000000000000     
       n_pass,     n_total
       90000       90199
 ITERATION            5 :
   84622.974256425921      +\-   18.538512483083458     
 precision:   2.1907186134710599E-004
 max=   1323315.8536445096     
 min=   0.0000000000000000     
       n_pass,     n_total
      100000      100360
 max=   1323315.8536445096     
 min=   0.0000000000000000     
       n_pass,     n_total
      110000      110360
 ITERATION            6 :
   84614.800990692427      +\-   17.476309861499683     
 precision:   2.0653963203697738E-004
 max=   1327944.7258555621     
 min=   0.0000000000000000     
       n_pass,     n_total
      120000      120533
 max=   1327944.7258555621     
 min=   0.0000000000000000     
       n_pass,     n_total
      130000      130533
 ITERATION            7 :
   84658.436816661546      +\-   16.826212886707040     
 precision:   1.9875411736158455E-004
 max=   1327944.7258555621     
 min=   0.0000000000000000     
       n_pass,     n_total
      140000      140721
 max=   1327944.7258555621     
 min=   0.0000000000000000     
       n_pass,     n_total
      150000      150721
 ITERATION            8 :
   84603.410131289304      +\-   16.544109633597191     
 precision:   1.9554896910093462E-004
 max=   1327944.7258555621     
 min=   0.0000000000000000     
       n_pass,     n_total
      160000      160910
 max=   1327944.7258555621     
 min=   0.0000000000000000     
       n_pass,     n_total
      170000      170910
 ITERATION            9 :
   84629.713572110413      +\-   16.218143846298275     
 precision:   1.9163652057594744E-004
 max=   1327944.7258555621     
 min=   0.0000000000000000     
       n_pass,     n_total
      180000      181128
 max=   1327944.7258555621     
 min=   0.0000000000000000     
       n_pass,     n_total
      190000      191128
 ITERATION           10 :
   84646.028269649134      +\-   16.370444632898522     
 precision:   1.9339885128158275E-004
 ====================NCALL=40K ===========================
  
 max=   1327944.7258555621     
 min=   0.0000000000000000     
       n_pass,     n_total
      200000      201464
 max=   1327944.7258555621     
 min=   0.0000000000000000     
       n_pass,     n_total
      210000      211464
 max=   1327944.7258555621     
 min=   0.0000000000000000     
       n_pass,     n_total
      220000      221464
 max=   1327944.7258555621     
 min=   0.0000000000000000     
       n_pass,     n_total
      230000      231464
   84642.420713688451      +\-   7.8731317721623926     
 precision:   9.3016382397593007E-005
 ====================NCALL=80K ===========================
  
 max=   1327944.7258555621     
 min=   0.0000000000000000     
       n_pass,     n_total
      240000      242093
 max=   1327944.7258555621     
 min=   0.0000000000000000     
       n_pass,     n_total
      250000      252093
 max=   1327944.7258555621     
 min=   0.0000000000000000     
       n_pass,     n_total
      260000      262093
 max=   1327944.7258555621     
 min=   0.0000000000000000     
       n_pass,     n_total
      270000      272093
 max=   1327944.7258555621     
 min=   0.0000000000000000     
       n_pass,     n_total
      280000      282093
 max=   1327944.7258555621     
 min=   0.0000000000000000     
       n_pass,     n_total
      290000      292093
 max=   1327944.7258555621     
 min=   0.0000000000000000     
       n_pass,     n_total
      300000      302093
 max=   1327944.7258555621     
 min=   0.0000000000000000     
       n_pass,     n_total
      310000      312093
   84631.709014810127      +\-   3.7591500204182573     
 precision:   4.4417749141287278E-005
 sigma (pb)                   sd (pb)
   84631.709014810127        3.7591500204182573     
