 =======================================================
 |                                                     |
 |         \/\/\/\/\/\___________/\/\/\/\/\/           |
 |                   |     \     |                     |
 |                   |     /     |                     |
 |                   |     \     |                     |
 |         /\/\/\/\/\|_____/_____|/\/\/\/\/\           |
 |                                                     |
 | Light-by-light scattering at next-to-leading order  |
 |                   (VERSION 0.5)                     |
 |                                                     |
 |    Authors:                                         |
 |            Ajjath A.H. (LPTHE Paris)                |
 |            Ekta Chaubey (Bonn)                      |
 |            Mathijs Fraaije (Bern)                   |
 |            Valentin Hirschi (Bern)                  |
 |            Hua-Sheng Shao (LPTHE Paris)             |
 |                                                     |
 |    Please cite                                      |
 |            PLB 851 (2024) 138555 [arXiv:2312.16956] |
 |            JHEP 03 (2024) 121    [arXiv:2312.16966] |
 |                                                     |
 =======================================================
 ---------------------------------------------------
         the cuts in the lab frame                  
 min transverse momentum of photon    0.0000000000000000     
 max (pseudo-)rapidity of photon    5.0000000000000000     
 min (pseudo-)rapidity of photon   -5.0000000000000000     
 min invariant mass of di-photon    0.0000000000000000     
 ---------------------------------------------------
 max=   6.7833897112236503     
 min=   0.0000000000000000     
       n_pass,     n_total
       10000       10000
  
 ====================NCALL=20K===========================
  
 ITERATION            1 :
   2.1534394389535423E-002 +\-   1.0938679557424868E-003
 precision:   5.0796318482680375E-002
 max=   7.0301638980490830     
 min=   0.0000000000000000     
       n_pass,     n_total
       20000       20010
 max=   7.0301638980490830     
 min=   0.0000000000000000     
       n_pass,     n_total
       30000       30010
 WARNING: outside the range of the grid (xs,xt)=   18204444.444444444       -905.22610394853973     
 WARNING: set the 2-loop amplitudes to zero
 WARNING: outside the range of the grid (xs,xt)=   1815401.6620498614       -90.271855241405618     
 WARNING: set the 2-loop amplitudes to zero
 WARNING: outside the range of the grid (xs,xt)=   1368.5722877476694       -6.8053016602098781E-002
 WARNING: set the 2-loop amplitudes to zero
 WARNING: outside the range of the grid (xs,xt)=   12971347.446218470       -645.00745120439865     
 WARNING: set the 2-loop amplitudes to zero
 ITERATION            2 :
   2.0312014363362982E-002 +\-   2.1696013298489177E-004
 precision:   1.0681369612273676E-002
 WARNING: outside the range of the grid (xs,xt)=   18204444.444444444       -18203601.511100736     
 WARNING: set the 2-loop amplitudes to zero
 INFO: will suppress the further warning
 max=   7.1396714817486444     
 min=   0.0000000000000000     
       n_pass,     n_total
       40000       40054
 max=   7.1396714817486444     
 min=   0.0000000000000000     
       n_pass,     n_total
       50000       50054
 ITERATION            3 :
   2.0352146738938735E-002 +\-   5.7891525490320378E-005
 precision:   2.8444923394523019E-003
 max=   7.1440309426431314     
 min=   0.0000000000000000     
       n_pass,     n_total
       60000       60303
 max=   7.1440309426431314     
 min=   0.0000000000000000     
       n_pass,     n_total
       70000       70303
 ITERATION            4 :
   2.0313800640507917E-002 +\-   1.5802236910676578E-005
 precision:   7.7790646813601224E-004
 max=   7.1523013963417599     
 min=   0.0000000000000000     
       n_pass,     n_total
       80000       80802
 max=   7.1523013963417599     
 min=   0.0000000000000000     
       n_pass,     n_total
       90000       90802
 ITERATION            5 :
   2.0296342905936796E-002 +\-   1.4480627445505324E-005
 precision:   7.1345993278767767E-004
 max=   7.1523013963417599     
 min=   0.0000000000000000     
       n_pass,     n_total
      100000      101758
 max=   7.1523013963417599     
 min=   0.0000000000000000     
       n_pass,     n_total
      110000      111758
 ITERATION            6 :
   2.0292073350717043E-002 +\-   1.2045911505453006E-005
 precision:   5.9362645192820329E-004
 max=   7.1523275490779401     
 min=   0.0000000000000000     
       n_pass,     n_total
      120000      123010
 max=   7.1523275490779401     
 min=   0.0000000000000000     
       n_pass,     n_total
      130000      133010
 ITERATION            7 :
   2.0303822115196643E-002 +\-   1.0924956325704154E-005
 precision:   5.3807387908147788E-004
 max=   7.1523275490779401     
 min=   0.0000000000000000     
       n_pass,     n_total
      140000      144609
 max=   7.1523275490779401     
 min=   0.0000000000000000     
       n_pass,     n_total
      150000      154609
 ITERATION            8 :
   2.0279048450940473E-002 +\-   1.1180590931742051E-005
 precision:   5.5133705897445764E-004
 max=   7.1523861708648298     
 min=   0.0000000000000000     
       n_pass,     n_total
      160000      166101
 ITERATION            9 :
   2.0294711075826893E-002 +\-   1.0304189463258657E-005
 precision:   5.0772782252278602E-004
 max=   7.1523861708648298     
 min=   0.0000000000000000     
       n_pass,     n_total
      170000      178120
 max=   7.1523861708648298     
 min=   0.0000000000000000     
       n_pass,     n_total
      180000      188120
 ITERATION           10 :
   2.0313579678722077E-002 +\-   1.2048085371660359E-005
 precision:   5.9310498504999600E-004
 ====================NCALL=40K ===========================
  
 max=   7.1525316247602486     
 min=   0.0000000000000000     
       n_pass,     n_total
      190000      200551
 max=   7.1525316247602486     
 min=   0.0000000000000000     
       n_pass,     n_total
      200000      210551
 max=   7.1525316247602486     
 min=   0.0000000000000000     
       n_pass,     n_total
      210000      220551
 max=   7.1525316247602486     
 min=   0.0000000000000000     
       n_pass,     n_total
      220000      230551
   2.0302408829962450E-002 +\-   5.7455907912858658E-006
 precision:   2.8300044784865524E-004
 ====================NCALL=80K ===========================
  
 max=   7.1525316247602486     
 min=   0.0000000000000000     
       n_pass,     n_total
      230000      246320
 max=   7.1525316247602486     
 min=   0.0000000000000000     
       n_pass,     n_total
      240000      256320
 max=   7.1525316247602486     
 min=   0.0000000000000000     
       n_pass,     n_total
      250000      266320
 max=   7.1525316247602486     
 min=   0.0000000000000000     
       n_pass,     n_total
      260000      276320
 max=   7.1525316247602486     
 min=   0.0000000000000000     
       n_pass,     n_total
      270000      286320
 max=   7.1525316247602486     
 min=   0.0000000000000000     
       n_pass,     n_total
      280000      296320
 max=   7.1525316247602486     
 min=   0.0000000000000000     
       n_pass,     n_total
      290000      306320
   2.0298669162063687E-002 +\-   2.6460061753206001E-006
 precision:   1.3035367758324463E-004
 sigma (pb)                   sd (pb)
   2.0298669162063687E-002   2.6460061753206001E-006
