 =======================================================
 |                                                     |
 |         \/\/\/\/\/\___________/\/\/\/\/\/           |
 |                   |     \     |                     |
 |                   |     /     |                     |
 |                   |     \     |                     |
 |         /\/\/\/\/\|_____/_____|/\/\/\/\/\           |
 |                                                     |
 | Light-by-light scattering at next-to-leading order  |
 |                   (VERSION 0.5)                     |
 |                                                     |
 |    Authors:                                         |
 |            Ajjath A.H. (LPTHE Paris)                |
 |            Ekta Chaubey (Bonn)                      |
 |            Mathijs Fraaije (Bern)                   |
 |            Valentin Hirschi (Bern)                  |
 |            Hua-Sheng Shao (LPTHE Paris)             |
 |                                                     |
 |    Please cite                                      |
 |            PLB 851 (2024) 138555 [arXiv:2312.16956] |
 |            JHEP 03 (2024) 121    [arXiv:2312.16966] |
 |                                                     |
 =======================================================
 ---------------------------------------------------
         the cuts in the lab frame                  
 min transverse momentum of photon    0.0000000000000000     
 max (pseudo-)rapidity of photon    5.0000000000000000     
 min (pseudo-)rapidity of photon   -5.0000000000000000     
 min invariant mass of di-photon    0.0000000000000000     
 ---------------------------------------------------
 max=   1099.2900654901659     
 min=   0.0000000000000000     
       n_pass,     n_total
       10000       10000
  
 ====================NCALL=20K===========================
  
 ITERATION            1 :
   47.452558399382653      +\-  0.12780270626124710     
 precision:   2.6932732516885701E-003
 max=   1238.7077759980866     
 min=   0.0000000000000000     
       n_pass,     n_total
       20000       20007
 max=   1238.7077759980866     
 min=   0.0000000000000000     
       n_pass,     n_total
       30000       30007
 ITERATION            2 :
   47.277642354631752      +\-   3.2803555261550391E-002
 precision:   6.9384921979589054E-004
 WARNING: outside the range of the grid (xs,xt)=   22.413865003341503       -22.412747193740664     
 WARNING: set the 2-loop amplitudes to zero
 WARNING: outside the range of the grid (xs,xt)=   21.759480968858131       -21.758395794269429     
 WARNING: set the 2-loop amplitudes to zero
 WARNING: outside the range of the grid (xs,xt)=   10.476451478550606       -10.475929003821520     
 WARNING: set the 2-loop amplitudes to zero
 WARNING: outside the range of the grid (xs,xt)=   1.1179537777777779       -1.1178980239189096     
 WARNING: set the 2-loop amplitudes to zero
 WARNING: outside the range of the grid (xs,xt)=  0.11148569529085875      -0.11148013534925415     
 WARNING: set the 2-loop amplitudes to zero
 INFO: will suppress the further warning
 max=   1238.7077759980866     
 min=   0.0000000000000000     
       n_pass,     n_total
       40000       40035
 max=   1238.7077759980866     
 min=   0.0000000000000000     
       n_pass,     n_total
       50000       50035
 ITERATION            3 :
   47.249356896464796      +\-   1.5126201354358442E-002
 precision:   3.2013560285071703E-004
 max=   1238.7077759980866     
 min=   0.0000000000000000     
       n_pass,     n_total
       60000       60115
 max=   1238.7077759980866     
 min=   0.0000000000000000     
       n_pass,     n_total
       70000       70115
 ITERATION            4 :
   47.257374161231517      +\-   1.2015713985931466E-002
 precision:   2.5426114334953432E-004
 max=   1238.7077759980866     
 min=   0.0000000000000000     
       n_pass,     n_total
       80000       80288
 max=   1238.7077759980866     
 min=   0.0000000000000000     
       n_pass,     n_total
       90000       90288
 ITERATION            5 :
   47.250161429280396      +\-   9.8897579977850550E-003
 precision:   2.0930633247861208E-004
 max=   1238.7077759980866     
 min=   0.0000000000000000     
       n_pass,     n_total
      100000      100565
 max=   1238.7077759980866     
 min=   0.0000000000000000     
       n_pass,     n_total
      110000      110565
 ITERATION            6 :
   47.256020219822815      +\-   8.6429632826646417E-003
 precision:   1.8289655460743004E-004
 max=   1238.7077759980866     
 min=   0.0000000000000000     
       n_pass,     n_total
      120000      120844
 max=   1238.7077759980866     
 min=   0.0000000000000000     
       n_pass,     n_total
      130000      130844
 ITERATION            7 :
   47.274161155189944      +\-   8.1507395738415027E-003
 precision:   1.7241426129349061E-004
 max=   1238.7077759980866     
 min=   0.0000000000000000     
       n_pass,     n_total
      140000      141201
 max=   1238.7077759980866     
 min=   0.0000000000000000     
       n_pass,     n_total
      150000      151201
 ITERATION            8 :
   47.244397895119242      +\-   8.1167943133474332E-003
 precision:   1.7180437628534090E-004
 max=   1238.7077759980866     
 min=   0.0000000000000000     
       n_pass,     n_total
      160000      161442
 max=   1238.7077759980866     
 min=   0.0000000000000000     
       n_pass,     n_total
      170000      171442
 ITERATION            9 :
   47.256152518313996      +\-   7.9875704289478228E-003
 precision:   1.6902710024588357E-004
 max=   1238.7077759980866     
 min=   0.0000000000000000     
       n_pass,     n_total
      180000      181829
 max=   1238.7077759980866     
 min=   0.0000000000000000     
       n_pass,     n_total
      190000      191829
 ITERATION           10 :
   47.262235881298764      +\-   9.0762620008825352E-003
 precision:   1.9204047019015302E-004
 ====================NCALL=40K ===========================
  
 max=   1238.7077759980866     
 min=   0.0000000000000000     
       n_pass,     n_total
      200000      202047
 max=   1238.7077759980866     
 min=   0.0000000000000000     
       n_pass,     n_total
      210000      212047
 max=   1238.7077759980866     
 min=   0.0000000000000000     
       n_pass,     n_total
      220000      222047
 max=   1238.7077759980866     
 min=   0.0000000000000000     
       n_pass,     n_total
      230000      232047
   47.261439878464579      +\-   4.7669633000566123E-003
 precision:   1.0086369167581698E-004
 ====================NCALL=80K ===========================
  
 max=   1238.7077759980866     
 min=   0.0000000000000000     
       n_pass,     n_total
      240000      243240
 max=   1238.7077759980866     
 min=   0.0000000000000000     
       n_pass,     n_total
      250000      253240
 max=   1238.7077759980866     
 min=   0.0000000000000000     
       n_pass,     n_total
      260000      263240
 max=   1238.7077759980866     
 min=   0.0000000000000000     
       n_pass,     n_total
      270000      273240
 max=   1238.7077759980866     
 min=   0.0000000000000000     
       n_pass,     n_total
      280000      283240
 max=   1238.7077759980866     
 min=   0.0000000000000000     
       n_pass,     n_total
      290000      293240
 max=   1238.7077759980866     
 min=   0.0000000000000000     
       n_pass,     n_total
      300000      303240
 max=   1238.7077759980866     
 min=   0.0000000000000000     
       n_pass,     n_total
      310000      313240
   47.261521703914809      +\-   2.1836670705494480E-003
 precision:   4.6203909476925890E-005
 sigma (pb)                   sd (pb)
   47.261521703914809        2.1836670705494480E-003
