 =======================================================
 |                                                     |
 |         \/\/\/\/\/\___________/\/\/\/\/\/           |
 |                   |     \     |                     |
 |                   |     /     |                     |
 |                   |     \     |                     |
 |         /\/\/\/\/\|_____/_____|/\/\/\/\/\           |
 |                                                     |
 | Light-by-light scattering at next-to-leading order  |
 |                   (VERSION 0.5)                     |
 |                                                     |
 |    Authors:                                         |
 |            Ajjath A.H. (LPTHE Paris)                |
 |            Ekta Chaubey (Bonn)                      |
 |            Mathijs Fraaije (Bern)                   |
 |            Valentin Hirschi (Bern)                  |
 |            Hua-Sheng Shao (LPTHE Paris)             |
 |                                                     |
 |    Please cite                                      |
 |            PLB 851 (2024) 138555 [arXiv:2312.16956] |
 |            JHEP 03 (2024) 121    [arXiv:2312.16966] |
 |                                                     |
 =======================================================
 ---------------------------------------------------
         the cuts in the lab frame                  
 min transverse momentum of photon    0.0000000000000000     
 max (pseudo-)rapidity of photon    5.0000000000000000     
 min (pseudo-)rapidity of photon   -5.0000000000000000     
 min invariant mass of di-photon    0.0000000000000000     
 ---------------------------------------------------
 max=   7.3261910761418828E-006
 min=   0.0000000000000000     
       n_pass,     n_total
       10000       10000
  
 ====================NCALL=20K===========================
  
 ITERATION            1 :
   3.6768442489125671E-006 +\-   1.5781414044134037E-009
 precision:   4.2921083885458071E-004
 max=   7.3261910761418828E-006
 min=   0.0000000000000000     
       n_pass,     n_total
       20000       20001
 max=   7.3261910761418828E-006
 min=   0.0000000000000000     
       n_pass,     n_total
       30000       30001
 ITERATION            2 :
   3.6766978861425773E-006 +\-   8.6026624454329538E-010
 precision:   2.3397795282164107E-004
 max=   7.3267468388234401E-006
 min=   0.0000000000000000     
       n_pass,     n_total
       40000       40002
 max=   7.3267468388234401E-006
 min=   0.0000000000000000     
       n_pass,     n_total
       50000       50002
 ITERATION            3 :
   3.6760207178060019E-006 +\-   5.7304516297885590E-010
 precision:   1.5588735944907091E-004
 max=   7.3268618730553309E-006
 min=   0.0000000000000000     
       n_pass,     n_total
       60000       60004
 max=   7.3268618730553309E-006
 min=   0.0000000000000000     
       n_pass,     n_total
       70000       70004
 ITERATION            4 :
   3.6760379521761329E-006 +\-   4.5529488348990598E-010
 precision:   1.2385478316957570E-004
 max=   7.3268618730553309E-006
 min=   0.0000000000000000     
       n_pass,     n_total
       80000       80007
 max=   7.3268618730553309E-006
 min=   0.0000000000000000     
       n_pass,     n_total
       90000       90007
 ITERATION            5 :
   3.6755170997693076E-006 +\-   4.6340211708031688E-010
 precision:   1.2607807405096882E-004
 max=   7.3268618730553309E-006
 min=   0.0000000000000000     
       n_pass,     n_total
      100000      100012
 max=   7.3268618730553309E-006
 min=   0.0000000000000000     
       n_pass,     n_total
      110000      110012
 ITERATION            6 :
   3.6759056718310259E-006 +\-   4.4091511701948947E-010
 precision:   1.1994734260954601E-004
 max=   7.3269902752945226E-006
 min=   0.0000000000000000     
       n_pass,     n_total
      120000      120020
 max=   7.3269902752945226E-006
 min=   0.0000000000000000     
       n_pass,     n_total
      130000      130020
 ITERATION            7 :
   3.6760196842900413E-006 +\-   4.8916788262822830E-010
 precision:   1.3306998455931896E-004
 max=   7.3269902752945226E-006
 min=   0.0000000000000000     
       n_pass,     n_total
      140000      140031
 max=   7.3269902752945226E-006
 min=   0.0000000000000000     
       n_pass,     n_total
      150000      150031
 ITERATION            8 :
   3.6753903489781868E-006 +\-   4.4074961603038947E-010
 precision:   1.1991913080822134E-004
 max=   7.3269902752945226E-006
 min=   0.0000000000000000     
       n_pass,     n_total
      160000      160045
 max=   7.3269902752945226E-006
 min=   0.0000000000000000     
       n_pass,     n_total
      170000      170045
 ITERATION            9 :
   3.6755036497837564E-006 +\-   4.1411488191437987E-010
 precision:   1.1266888061415577E-004
 max=   7.3269902752945226E-006
 min=   0.0000000000000000     
       n_pass,     n_total
      180000      180058
 max=   7.3269902752945226E-006
 min=   0.0000000000000000     
       n_pass,     n_total
      190000      190058
 ITERATION           10 :
   3.6765260990373349E-006 +\-   5.4201550174163402E-010
 precision:   1.4742599049781148E-004
 ====================NCALL=40K ===========================
  
 max=   7.3269902752945226E-006
 min=   0.0000000000000000     
       n_pass,     n_total
      200000      200074
 max=   7.3269902752945226E-006
 min=   0.0000000000000000     
       n_pass,     n_total
      210000      210074
 max=   7.3269902752945226E-006
 min=   0.0000000000000000     
       n_pass,     n_total
      220000      220074
 max=   7.3269902752945226E-006
 min=   0.0000000000000000     
       n_pass,     n_total
      230000      230074
   3.6758558326397086E-006 +\-   2.5552346186713159E-010
 precision:   6.9514005309515874E-005
 ====================NCALL=80K ===========================
  
 max=   7.3269902752945226E-006
 min=   0.0000000000000000     
       n_pass,     n_total
      240000      240125
 max=   7.3269902752945226E-006
 min=   0.0000000000000000     
       n_pass,     n_total
      250000      250125
 max=   7.3269902752945226E-006
 min=   0.0000000000000000     
       n_pass,     n_total
      260000      260125
 max=   7.3269902752945226E-006
 min=   0.0000000000000000     
       n_pass,     n_total
      270000      270125
 max=   7.3269902752945226E-006
 min=   0.0000000000000000     
       n_pass,     n_total
      280000      280125
 max=   7.3269902752945226E-006
 min=   0.0000000000000000     
       n_pass,     n_total
      290000      290125
 max=   7.3269902752945226E-006
 min=   0.0000000000000000     
       n_pass,     n_total
      300000      300125
 max=   7.3269902752945226E-006
 min=   0.0000000000000000     
       n_pass,     n_total
      310000      310125
   3.6755902587355291E-006 +\-   1.3540264576000175E-010
 precision:   3.6838340573517232E-005
 sigma (pb)                   sd (pb)
   3.6755902587355291E-006   1.3540264576000175E-010
