 =======================================================
 |                                                     |
 |         \/\/\/\/\/\___________/\/\/\/\/\/           |
 |                   |     \     |                     |
 |                   |     /     |                     |
 |                   |     \     |                     |
 |         /\/\/\/\/\|_____/_____|/\/\/\/\/\           |
 |                                                     |
 | Light-by-light scattering at next-to-leading order  |
 |                   (VERSION 0.5)                     |
 |                                                     |
 |    Authors:                                         |
 |            Ajjath A.H. (LPTHE Paris)                |
 |            Ekta Chaubey (Bonn)                      |
 |            Mathijs Fraaije (Bern)                   |
 |            Valentin Hirschi (Bern)                  |
 |            Hua-Sheng Shao (LPTHE Paris)             |
 |                                                     |
 |    Please cite                                      |
 |            PLB 851 (2024) 138555 [arXiv:2312.16956] |
 |            JHEP 03 (2024) 121    [arXiv:2312.16966] |
 |                                                     |
 =======================================================
 ---------------------------------------------------
         the cuts in the lab frame                  
 min transverse momentum of photon    0.0000000000000000     
 max (pseudo-)rapidity of photon    5.0000000000000000     
 min (pseudo-)rapidity of photon   -5.0000000000000000     
 min invariant mass of di-photon    0.0000000000000000     
 ---------------------------------------------------
 max=   1.3858126727476855E-006
 min=   0.0000000000000000     
       n_pass,     n_total
       10000       10000
  
 ====================NCALL=20K===========================
  
 ITERATION            1 :
   3.6042925130856096E-007 +\-   5.1690999062025702E-010
 precision:   1.4341510538991575E-003
 max=   1.3970676597254967E-006
 min=   0.0000000000000000     
       n_pass,     n_total
       20000       20001
 max=   1.3970676597254967E-006
 min=   0.0000000000000000     
       n_pass,     n_total
       30000       30001
 ITERATION            2 :
   3.5809813296521507E-007 +\-   7.5372687547285498E-010
 precision:   2.1048053762013626E-003
 max=   1.3970676597254967E-006
 min=   0.0000000000000000     
       n_pass,     n_total
       40000       40001
 max=   1.3970676597254967E-006
 min=   0.0000000000000000     
       n_pass,     n_total
       50000       50001
 ITERATION            3 :
   3.5940037208557556E-007 +\-   4.7872062115670305E-010
 precision:   1.3319981233706586E-003
 max=   1.3970994187081525E-006
 min=   0.0000000000000000     
       n_pass,     n_total
       60000       60001
 max=   1.3970994187081525E-006
 min=   0.0000000000000000     
       n_pass,     n_total
       70000       70001
 ITERATION            4 :
   3.5973287102470958E-007 +\-   3.7703657473543121E-010
 precision:   1.0481015361799757E-003
 max=   1.3970994187081525E-006
 min=   0.0000000000000000     
       n_pass,     n_total
       80000       80002
 max=   1.3970994187081525E-006
 min=   0.0000000000000000     
       n_pass,     n_total
       90000       90002
 ITERATION            5 :
   3.5964403277067687E-007 +\-   2.8360110501078984E-010
 precision:   7.8856057425989614E-004
 max=   1.3971132395253963E-006
 min=   0.0000000000000000     
       n_pass,     n_total
      100000      100002
 max=   1.3971132395253963E-006
 min=   0.0000000000000000     
       n_pass,     n_total
      110000      110002
 ITERATION            6 :
   3.5950125659020182E-007 +\-   3.0157451868214195E-010
 precision:   8.3886916430422659E-004
 max=   1.3971132395253963E-006
 min=   0.0000000000000000     
       n_pass,     n_total
      120000      120003
 max=   1.3971132395253963E-006
 min=   0.0000000000000000     
       n_pass,     n_total
      130000      130003
 ITERATION            7 :
   3.6000928063135617E-007 +\-   4.7654059787273287E-010
 precision:   1.3236897588779189E-003
 max=   1.3971132395253963E-006
 min=   0.0000000000000000     
       n_pass,     n_total
      140000      140004
 max=   1.3971132395253963E-006
 min=   0.0000000000000000     
       n_pass,     n_total
      150000      150004
 ITERATION            8 :
   3.5939595432009559E-007 +\-   3.3185923254745067E-010
 precision:   9.2338054604777385E-004
 max=   1.3971132395253963E-006
 min=   0.0000000000000000     
       n_pass,     n_total
      160000      160005
 max=   1.3971132395253963E-006
 min=   0.0000000000000000     
       n_pass,     n_total
      170000      170005
 ITERATION            9 :
   3.5871974813007515E-007 +\-   2.9185652350947771E-010
 precision:   8.1360595571016011E-004
 max=   1.3971132395253963E-006
 min=   0.0000000000000000     
       n_pass,     n_total
      180000      180005
 max=   1.3971132395253963E-006
 min=   0.0000000000000000     
       n_pass,     n_total
      190000      190005
 ITERATION           10 :
   3.5992416333795976E-007 +\-   2.9289859725611133E-010
 precision:   8.1377864308900785E-004
 ====================NCALL=40K ===========================
  
 max=   1.3971132395253963E-006
 min=   0.0000000000000000     
       n_pass,     n_total
      200000      200006
 max=   1.3971132395253963E-006
 min=   0.0000000000000000     
       n_pass,     n_total
      210000      210006
 max=   1.3971132395253963E-006
 min=   0.0000000000000000     
       n_pass,     n_total
      220000      220006
 max=   1.3971132395253963E-006
 min=   0.0000000000000000     
       n_pass,     n_total
      230000      230006
   3.5957610994404206E-007 +\-   1.4261463684651989E-010
 precision:   3.9661877667210386E-004
 ====================NCALL=80K ===========================
  
 max=   1.3971232821247918E-006
 min=   0.0000000000000000     
       n_pass,     n_total
      240000      240009
 max=   1.3971232821247918E-006
 min=   0.0000000000000000     
       n_pass,     n_total
      250000      250009
 max=   1.3971232821247918E-006
 min=   0.0000000000000000     
       n_pass,     n_total
      260000      260009
 max=   1.3971232821247918E-006
 min=   0.0000000000000000     
       n_pass,     n_total
      270000      270009
 max=   1.3971232821247918E-006
 min=   0.0000000000000000     
       n_pass,     n_total
      280000      280009
 max=   1.3971232821247918E-006
 min=   0.0000000000000000     
       n_pass,     n_total
      290000      290009
 max=   1.3971232821247918E-006
 min=   0.0000000000000000     
       n_pass,     n_total
      300000      300009
 max=   1.3971328426604024E-006
 min=   0.0000000000000000     
       n_pass,     n_total
      310000      310009
   3.5946604500484617E-007 +\-   6.6390594215082724E-011
 precision:   1.8469225435239001E-004
 sigma (pb)                   sd (pb)
   3.5946604500484617E-007   6.6390594215082724E-011
