 =======================================================
 |                                                     |
 |         \/\/\/\/\/\___________/\/\/\/\/\/           |
 |                   |     \     |                     |
 |                   |     /     |                     |
 |                   |     \     |                     |
 |         /\/\/\/\/\|_____/_____|/\/\/\/\/\           |
 |                                                     |
 | Light-by-light scattering at next-to-leading order  |
 |                   (VERSION 0.5)                     |
 |                                                     |
 |    Authors:                                         |
 |            Ajjath A.H. (LPTHE Paris)                |
 |            Ekta Chaubey (Bonn)                      |
 |            Mathijs Fraaije (Bern)                   |
 |            Valentin Hirschi (Bern)                  |
 |            Hua-Sheng Shao (LPTHE Paris)             |
 |                                                     |
 |    Please cite                                      |
 |            PLB 851 (2024) 138555 [arXiv:2312.16956] |
 |            JHEP 03 (2024) 121    [arXiv:2312.16966] |
 |                                                     |
 =======================================================
 ---------------------------------------------------
         the cuts in the lab frame                  
 min transverse momentum of photon    0.0000000000000000     
 max (pseudo-)rapidity of photon    5.0000000000000000     
 min (pseudo-)rapidity of photon   -5.0000000000000000     
 min invariant mass of di-photon    0.0000000000000000     
 ---------------------------------------------------
 max=  0.45478767456943647     
 min=   0.0000000000000000     
       n_pass,     n_total
       10000       10000
  
 ====================NCALL=20K===========================
  
 ITERATION            1 :
   1.3460382235285544E-002 +\-   5.3457511244435065E-005
 precision:   3.9714705206735932E-003
 WARNING: outside the range of the grid (xs,xt)=   698596.56939184666       -698563.93901961832     
 WARNING: set the 2-loop amplitudes to zero
 WARNING: outside the range of the grid (xs,xt)=   678200.69204152236       -678169.01432938292     
 WARNING: set the 2-loop amplitudes to zero
 WARNING: outside the range of the grid (xs,xt)=   326530.61224489799       -326515.36050177715     
 WARNING: set the 2-loop amplitudes to zero
 WARNING: outside the range of the grid (xs,xt)=   34844.444444444445       -34842.816913989634     
 WARNING: set the 2-loop amplitudes to zero
 WARNING: outside the range of the grid (xs,xt)=   3474.7922437673128       -3474.6299415612934     
 WARNING: set the 2-loop amplitudes to zero
 INFO: will suppress the further warning
 max=  0.51644295190487011     
 min=   0.0000000000000000     
       n_pass,     n_total
       20000       20007
 max=  0.51644295190487011     
 min=   0.0000000000000000     
       n_pass,     n_total
       30000       30007
 ITERATION            2 :
   1.3402064354354294E-002 +\-   1.4608873731626981E-005
 precision:   1.0900465290543540E-003
 max=  0.51644295190487011     
 min=   0.0000000000000000     
       n_pass,     n_total
       40000       40039
 max=  0.51644295190487011     
 min=   0.0000000000000000     
       n_pass,     n_total
       50000       50039
 ITERATION            3 :
   1.3391038084971588E-002 +\-   5.5934603106200350E-006
 precision:   4.1770177002912340E-004
 max=  0.51828337919241252     
 min=   0.0000000000000000     
       n_pass,     n_total
       60000       60141
 max=  0.51828337919241252     
 min=   0.0000000000000000     
       n_pass,     n_total
       70000       70141
 ITERATION            4 :
   1.3393802170016527E-002 +\-   3.8634715947563187E-006
 precision:   2.8845219197018733E-004
 max=  0.51828337919241252     
 min=   0.0000000000000000     
       n_pass,     n_total
       80000       80369
 max=  0.51828337919241252     
 min=   0.0000000000000000     
       n_pass,     n_total
       90000       90369
 ITERATION            5 :
   1.3393497023427885E-002 +\-   2.9156150807616412E-006
 precision:   2.1768885867982435E-004
 max=  0.51837502716391914     
 min=   0.0000000000000000     
       n_pass,     n_total
      100000      100709
 max=  0.51837502716391914     
 min=   0.0000000000000000     
       n_pass,     n_total
      110000      110709
 ITERATION            6 :
   1.3394235234307933E-002 +\-   2.5201645191690718E-006
 precision:   1.8815292363343999E-004
 max=  0.51837502716391914     
 min=   0.0000000000000000     
       n_pass,     n_total
      120000      121001
 max=  0.51837502716391914     
 min=   0.0000000000000000     
       n_pass,     n_total
      130000      131001
 ITERATION            7 :
   1.3400004972683986E-002 +\-   2.4617668252944195E-006
 precision:   1.8371387401070003E-004
 max=  0.51837502716391914     
 min=   0.0000000000000000     
       n_pass,     n_total
      140000      141442
 max=  0.51837502716391914     
 min=   0.0000000000000000     
       n_pass,     n_total
      150000      151442
 ITERATION            8 :
   1.3391699071209677E-002 +\-   2.2799410595103602E-006
 precision:   1.7025032054460677E-004
 max=  0.51837502716391914     
 min=   0.0000000000000000     
       n_pass,     n_total
      160000      161782
 max=  0.51837502716391914     
 min=   0.0000000000000000     
       n_pass,     n_total
      170000      171782
 ITERATION            9 :
   1.3392462158707036E-002 +\-   2.6380763504270793E-006
 precision:   1.9698217692643979E-004
 max=  0.51837502716391914     
 min=   0.0000000000000000     
       n_pass,     n_total
      180000      182110
 max=  0.51837502716391914     
 min=   0.0000000000000000     
       n_pass,     n_total
      190000      192110
 ITERATION           10 :
   1.3398740104974514E-002 +\-   2.4191069592209483E-006
 precision:   1.8054734551667384E-004
 ====================NCALL=40K ===========================
  
 max=  0.51837502716391914     
 min=   0.0000000000000000     
       n_pass,     n_total
      200000      202602
 max=  0.51837502716391914     
 min=   0.0000000000000000     
       n_pass,     n_total
      210000      212602
 max=  0.51837502716391914     
 min=   0.0000000000000000     
       n_pass,     n_total
      220000      222602
 max=  0.51837502716391914     
 min=   0.0000000000000000     
       n_pass,     n_total
      230000      232602
   1.3396528113697119E-002 +\-   1.1876582038455307E-006
 precision:   8.8654179184771305E-005
 ====================NCALL=80K ===========================
  
 max=  0.51837502716391914     
 min=   0.0000000000000000     
       n_pass,     n_total
      240000      243958
 max=  0.51837502716391914     
 min=   0.0000000000000000     
       n_pass,     n_total
      250000      253958
 max=  0.51837502716391914     
 min=   0.0000000000000000     
       n_pass,     n_total
      260000      263958
 max=  0.51837502716391914     
 min=   0.0000000000000000     
       n_pass,     n_total
      270000      273958
 max=  0.51837502716391914     
 min=   0.0000000000000000     
       n_pass,     n_total
      280000      283958
 max=  0.51837502716391914     
 min=   0.0000000000000000     
       n_pass,     n_total
      290000      293958
 max=  0.51837502716391914     
 min=   0.0000000000000000     
       n_pass,     n_total
      300000      303958
 max=  0.51837502716391914     
 min=   0.0000000000000000     
       n_pass,     n_total
      310000      313958
   1.3395175206554037E-002 +\-   5.7303404839647263E-007
 precision:   4.2779137977687413E-005
 sigma (pb)                   sd (pb)
   1.3395175206554037E-002   5.7303404839647263E-007
