 =======================================================
 |                                                     |
 |         \/\/\/\/\/\___________/\/\/\/\/\/           |
 |                   |     \     |                     |
 |                   |     /     |                     |
 |                   |     \     |                     |
 |         /\/\/\/\/\|_____/_____|/\/\/\/\/\           |
 |                                                     |
 | Light-by-light scattering at next-to-leading order  |
 |                   (VERSION 0.5)                     |
 |                                                     |
 |    Authors:                                         |
 |            Ajjath A.H. (LPTHE Paris)                |
 |            Ekta Chaubey (Bonn)                      |
 |            Mathijs Fraaije (Bern)                   |
 |            Valentin Hirschi (Bern)                  |
 |            Hua-Sheng Shao (LPTHE Paris)             |
 |                                                     |
 |    Please cite                                      |
 |            PLB 851 (2024) 138555 [arXiv:2312.16956] |
 |            JHEP 03 (2024) 121    [arXiv:2312.16966] |
 |                                                     |
 =======================================================
 ---------------------------------------------------
         the cuts in the lab frame                  
 min transverse momentum of photon    0.0000000000000000     
 max (pseudo-)rapidity of photon    5.0000000000000000     
 min (pseudo-)rapidity of photon   -5.0000000000000000     
 min invariant mass of di-photon    0.0000000000000000     
 ---------------------------------------------------
 max=   888566.85770682420     
 min=   0.0000000000000000     
       n_pass,     n_total
       10000       10000
  
 ====================NCALL=20K===========================
  
 ITERATION            1 :
   38035.531931564910      +\-   158.41562833826109     
 precision:   4.1649378960517489E-003
 max=   898325.28817204281     
 min=   0.0000000000000000     
       n_pass,     n_total
       20000       20007
 max=   898325.28817204281     
 min=   0.0000000000000000     
       n_pass,     n_total
       30000       30007
 ITERATION            2 :
   37747.606922323554      +\-   24.115699648058499     
 precision:   6.3886698030111988E-004
 WARNING: outside the range of the grid (xs,xt)=   2470.7319595130230       -2470.6164781779516     
 WARNING: set the 2-loop amplitudes to zero
 WARNING: outside the range of the grid (xs,xt)=   5.0169679211419363E-002  -5.0167334294354153E-002
 WARNING: set the 2-loop amplitudes to zero
 max=   898562.74482054380     
 min=   0.0000000000000000     
       n_pass,     n_total
       40000       40035
 max=   898562.74482054380     
 min=   0.0000000000000000     
       n_pass,     n_total
       50000       50035
 WARNING: outside the range of the grid (xs,xt)=   2470.7319595130230      -0.11612537141023986     
 WARNING: set the 2-loop amplitudes to zero
 WARNING: outside the range of the grid (xs,xt)=   5.0169679211419363E-002  -2.3579946054152117E-006
 WARNING: set the 2-loop amplitudes to zero
 ITERATION            3 :
   37728.987734831870      +\-   13.899937179673156     
 precision:   3.6841532238726248E-004
 WARNING: outside the range of the grid (xs,xt)=   2470.7319595130230       -2470.6160676784752     
 WARNING: set the 2-loop amplitudes to zero
 INFO: will suppress the further warning
 max=   898739.69742580084     
 min=   0.0000000000000000     
       n_pass,     n_total
       60000       60114
 max=   898739.69742580084     
 min=   0.0000000000000000     
       n_pass,     n_total
       70000       70114
 ITERATION            4 :
   37727.835269808180      +\-   11.094324585043973     
 precision:   2.9406205009387966E-004
 max=   898739.69742580084     
 min=   0.0000000000000000     
       n_pass,     n_total
       80000       80270
 max=   898739.69742580084     
 min=   0.0000000000000000     
       n_pass,     n_total
       90000       90270
 ITERATION            5 :
   37721.333164677271      +\-   9.3004990210574139     
 precision:   2.4655806783007654E-004
 max=   899851.85294377664     
 min=   0.0000000000000000     
       n_pass,     n_total
      100000      100508
 max=   899851.85294377664     
 min=   0.0000000000000000     
       n_pass,     n_total
      110000      110508
 ITERATION            6 :
   37722.807253698003      +\-   8.3686144783705547     
 precision:   2.2184495501856297E-004
 max=   899851.85294377664     
 min=   0.0000000000000000     
       n_pass,     n_total
      120000      120748
 max=   899851.85294377664     
 min=   0.0000000000000000     
       n_pass,     n_total
      130000      130748
 ITERATION            7 :
   37741.177163485525      +\-   8.0958367301786893     
 precision:   2.1450938573297569E-004
 max=   900225.61999991070     
 min=   0.0000000000000000     
       n_pass,     n_total
      140000      141041
 max=   900225.61999991070     
 min=   0.0000000000000000     
       n_pass,     n_total
      150000      151041
 ITERATION            8 :
   37713.014883372714      +\-   8.0322642036505432     
 precision:   2.1298387913271520E-004
 max=   900225.61999991070     
 min=   0.0000000000000000     
       n_pass,     n_total
      160000      161286
 max=   900225.61999991070     
 min=   0.0000000000000000     
       n_pass,     n_total
      170000      171286
 ITERATION            9 :
   37727.559817861773      +\-   7.9153046299197332     
 precision:   2.0980165873787319E-004
 max=   900547.25813256740     
 min=   0.0000000000000000     
       n_pass,     n_total
      180000      181584
 max=   900547.25813256740     
 min=   0.0000000000000000     
       n_pass,     n_total
      190000      191584
 ITERATION           10 :
   37733.684810477651      +\-   7.7793204884113507     
 precision:   2.0616381695781903E-004
 ====================NCALL=40K ===========================
  
 max=   900547.25813256740     
 min=   0.0000000000000000     
       n_pass,     n_total
      200000      201974
 max=   900547.25813256740     
 min=   0.0000000000000000     
       n_pass,     n_total
      210000      211974
 max=   900547.25813256740     
 min=   0.0000000000000000     
       n_pass,     n_total
      220000      221974
 max=   900547.25813256740     
 min=   0.0000000000000000     
       n_pass,     n_total
      230000      231974
   37733.131528135280      +\-   3.6656690055154306     
 precision:   9.7147224655397770E-005
 ====================NCALL=80K ===========================
  
 max=   900547.25813256740     
 min=   0.0000000000000000     
       n_pass,     n_total
      240000      242752
 max=   900547.25813256740     
 min=   0.0000000000000000     
       n_pass,     n_total
      250000      252752
 max=   900547.25813256740     
 min=   0.0000000000000000     
       n_pass,     n_total
      260000      262752
 max=   900547.25813256740     
 min=   0.0000000000000000     
       n_pass,     n_total
      270000      272752
 max=   900547.25813256740     
 min=   0.0000000000000000     
       n_pass,     n_total
      280000      282752
 max=   900547.25813256740     
 min=   0.0000000000000000     
       n_pass,     n_total
      290000      292752
 max=   900547.25813256740     
 min=   0.0000000000000000     
       n_pass,     n_total
      300000      302752
 max=   900547.25813256740     
 min=   0.0000000000000000     
       n_pass,     n_total
      310000      312752
   37726.287065578363      +\-   2.1727809054338234     
 precision:   5.7593287716253385E-005
 sigma (pb)                   sd (pb)
   37726.287065578363        2.1727809054338234     
