 =======================================================
 |                                                     |
 |         \/\/\/\/\/\___________/\/\/\/\/\/           |
 |                   |     \     |                     |
 |                   |     /     |                     |
 |                   |     \     |                     |
 |         /\/\/\/\/\|_____/_____|/\/\/\/\/\           |
 |                                                     |
 | Light-by-light scattering at next-to-leading order  |
 |                   (VERSION 0.5)                     |
 |                                                     |
 |    Authors:                                         |
 |            Ajjath A.H. (LPTHE Paris)                |
 |            Ekta Chaubey (Bonn)                      |
 |            Mathijs Fraaije (Bern)                   |
 |            Valentin Hirschi (Bern)                  |
 |            Hua-Sheng Shao (LPTHE Paris)             |
 |                                                     |
 |    Please cite                                      |
 |            PLB 851 (2024) 138555 [arXiv:2312.16956] |
 |            JHEP 03 (2024) 121    [arXiv:2312.16966] |
 |                                                     |
 =======================================================
 ---------------------------------------------------
         the cuts in the lab frame                  
 min transverse momentum of photon    0.0000000000000000     
 max (pseudo-)rapidity of photon    5.0000000000000000     
 min (pseudo-)rapidity of photon   -5.0000000000000000     
 min invariant mass of di-photon    0.0000000000000000     
 ---------------------------------------------------
 max=   1181.1256531455310     
 min=   0.0000000000000000     
       n_pass,     n_total
       10000       10000
  
 ====================NCALL=20K===========================
  
 ITERATION            1 :
   50.855879134872275      +\-  0.13698668921248236     
 precision:   2.6936254282260456E-003
 WARNING: outside the range of the grid (xs,xt)=   20.425003341501444       -20.423984186343720     
 WARNING: set the 2-loop amplitudes to zero
 WARNING: outside the range of the grid (xs,xt)=   19.828685121107263       -19.827695720695711     
 WARNING: set the 2-loop amplitudes to zero
 WARNING: outside the range of the grid (xs,xt)=   9.5468388171595180       -9.5463624544457506     
 WARNING: set the 2-loop amplitudes to zero
 WARNING: outside the range of the grid (xs,xt)=   1.0187537777777778       -1.0187029445832998     
 WARNING: set the 2-loop amplitudes to zero
 WARNING: outside the range of the grid (xs,xt)=  0.10159317451523546      -0.10158810527700497     
 WARNING: set the 2-loop amplitudes to zero
 INFO: will suppress the further warning
 max=   1325.8971060771960     
 min=   0.0000000000000000     
       n_pass,     n_total
       20000       20007
 max=   1325.8971060771960     
 min=   0.0000000000000000     
       n_pass,     n_total
       30000       30007
 ITERATION            2 :
   50.669601681637637      +\-   3.5317461068743894E-002
 precision:   6.9701477605147095E-004
 max=   1325.8971060771960     
 min=   0.0000000000000000     
       n_pass,     n_total
       40000       40035
 max=   1325.8971060771960     
 min=   0.0000000000000000     
       n_pass,     n_total
       50000       50035
 ITERATION            3 :
   50.639332315297082      +\-   1.6195836901679160E-002
 precision:   3.1982722048621356E-004
 max=   1330.3242651749176     
 min=   0.0000000000000000     
       n_pass,     n_total
       60000       60115
 max=   1330.3242651749176     
 min=   0.0000000000000000     
       n_pass,     n_total
       70000       70115
 ITERATION            4 :
   50.648856927157631      +\-   1.2844167474715420E-002
 precision:   2.5359244519945821E-004
 max=   1330.3242651749176     
 min=   0.0000000000000000     
       n_pass,     n_total
       80000       80289
 max=   1330.3242651749176     
 min=   0.0000000000000000     
       n_pass,     n_total
       90000       90289
 ITERATION            5 :
   50.638759756235821      +\-   1.0577970341781541E-002
 precision:   2.0889078628113391E-004
 max=   1332.5508728277298     
 min=   0.0000000000000000     
       n_pass,     n_total
      100000      100570
 max=   1332.5508728277298     
 min=   0.0000000000000000     
       n_pass,     n_total
      110000      110570
 ITERATION            6 :
   50.647852970866715      +\-   9.2238059837561667E-003
 precision:   1.8211642631844270E-004
 max=   1332.5508728277298     
 min=   0.0000000000000000     
       n_pass,     n_total
      120000      120853
 max=   1332.5508728277298     
 min=   0.0000000000000000     
       n_pass,     n_total
      130000      130853
 ITERATION            7 :
   50.666689807860564      +\-   8.6771263032121952E-003
 precision:   1.7125899355410431E-004
 max=   1332.5508728277298     
 min=   0.0000000000000000     
       n_pass,     n_total
      140000      141211
 max=   1332.5508728277298     
 min=   0.0000000000000000     
       n_pass,     n_total
      150000      151211
 ITERATION            8 :
   50.635455129789712      +\-   8.6465820836590102E-003
 precision:   1.7076141730129482E-004
 max=   1332.5508728277298     
 min=   0.0000000000000000     
       n_pass,     n_total
      160000      161455
 max=   1332.5508728277298     
 min=   0.0000000000000000     
       n_pass,     n_total
      170000      171455
 ITERATION            9 :
   50.646166534038763      +\-   8.5306857701309153E-003
 precision:   1.6843694901167949E-004
 max=   1332.5508728277298     
 min=   0.0000000000000000     
       n_pass,     n_total
      180000      181849
 max=   1332.5508728277298     
 min=   0.0000000000000000     
       n_pass,     n_total
      190000      191849
 ITERATION           10 :
   50.652309579591332      +\-   9.6067889019789011E-003
 precision:   1.8966141883191914E-004
 ====================NCALL=40K ===========================
  
 max=   1332.5508728277298     
 min=   0.0000000000000000     
       n_pass,     n_total
      200000      202022
 max=   1332.5508728277298     
 min=   0.0000000000000000     
       n_pass,     n_total
      210000      212022
 max=   1332.5508728277298     
 min=   0.0000000000000000     
       n_pass,     n_total
      220000      222022
 max=   1332.5508728277298     
 min=   0.0000000000000000     
       n_pass,     n_total
      230000      232022
   50.648927810928264      +\-   5.7006322490124996E-003
 precision:   1.1255188402591423E-004
 ====================NCALL=80K ===========================
  
 max=   1332.5508728277298     
 min=   0.0000000000000000     
       n_pass,     n_total
      240000      243073
 max=   1332.5508728277298     
 min=   0.0000000000000000     
       n_pass,     n_total
      250000      253073
 max=   1332.5508728277298     
 min=   0.0000000000000000     
       n_pass,     n_total
      260000      263073
 max=   1332.5508728277298     
 min=   0.0000000000000000     
       n_pass,     n_total
      270000      273073
 max=   1332.5508728277298     
 min=   0.0000000000000000     
       n_pass,     n_total
      280000      283073
 max=   1332.5508728277298     
 min=   0.0000000000000000     
       n_pass,     n_total
      290000      293073
 max=   1332.5508728277298     
 min=   0.0000000000000000     
       n_pass,     n_total
      300000      303073
 max=   1332.5508728277298     
 min=   0.0000000000000000     
       n_pass,     n_total
      310000      313073
   50.653273883610979      +\-   2.4037279245085132E-003
 precision:   4.7454542228241768E-005
 sigma (pb)                   sd (pb)
   50.653273883610979        2.4037279245085132E-003
