 =======================================================
 |                                                     |
 |         \/\/\/\/\/\___________/\/\/\/\/\/           |
 |                   |     \     |                     |
 |                   |     /     |                     |
 |                   |     \     |                     |
 |         /\/\/\/\/\|_____/_____|/\/\/\/\/\           |
 |                                                     |
 | Light-by-light scattering at next-to-leading order  |
 |                   (VERSION 0.5)                     |
 |                                                     |
 |    Authors:                                         |
 |            Ajjath A.H. (LPTHE Paris)                |
 |            Ekta Chaubey (Bonn)                      |
 |            Mathijs Fraaije (Bern)                   |
 |            Valentin Hirschi (Bern)                  |
 |            Hua-Sheng Shao (LPTHE Paris)             |
 |                                                     |
 |    Please cite                                      |
 |            PLB 851 (2024) 138555 [arXiv:2312.16956] |
 |            JHEP 03 (2024) 121    [arXiv:2312.16966] |
 |                                                     |
 =======================================================
 ---------------------------------------------------
         the cuts in the lab frame                  
 min transverse momentum of photon    0.0000000000000000     
 max (pseudo-)rapidity of photon    5.0000000000000000     
 min (pseudo-)rapidity of photon   -5.0000000000000000     
 min invariant mass of di-photon    0.0000000000000000     
 ---------------------------------------------------
 WARNING: outside the range of the grid (xs,xt)=   2.7536851111858884       -2.7536850836655766     
 WARNING: set the 2-loop amplitudes to zero
 WARNING: outside the range of the grid (xs,xt)=   2.7537098227841117       -2.7537097952635534     
 WARNING: set the 2-loop amplitudes to zero
 max=   1087796573888075.2     
 min=   0.0000000000000000     
       n_pass,     n_total
       10000       10000
  
 ====================NCALL=20K===========================
  
 ITERATION            1 :
   99513067364.820663      +\-   70832608364.820267     
 precision:  0.71179203134341973     
 WARNING: outside the range of the grid (xs,xt)=   2.7536945905105110       -2.7536945629901055     
 WARNING: set the 2-loop amplitudes to zero
 WARNING: outside the range of the grid (xs,xt)=   2.7535973258662274       -2.7535972983467931     
 WARNING: set the 2-loop amplitudes to zero
 WARNING: outside the range of the grid (xs,xt)=   2.7536968310075483       -2.7536968034871201     
 WARNING: set the 2-loop amplitudes to zero
 INFO: will suppress the further warning
 max=   2566880353285426.0     
 min=   0.0000000000000000     
       n_pass,     n_total
       20000       20017
 max=   2566880353285426.0     
 min=   0.0000000000000000     
       n_pass,     n_total
       30000       30017
 ITERATION            2 :
   70356450526.229599      +\-   54815172774.373383     
 precision:  0.77910656896964592     
 max=   2814647914380126.5     
 min=   0.0000000000000000     
       n_pass,     n_total
       40000       40291
 max=   2814647914380126.5     
 min=   0.0000000000000000     
       n_pass,     n_total
       50000       50291
 ITERATION            3 :
   81996320215.255051      +\-   4672174404.0665741     
 precision:   5.6980293649779384E-002
 max=   2817655907686479.5     
 min=   0.0000000000000000     
       n_pass,     n_total
       60000       64858
 max=   2817655907686479.5     
 min=   0.0000000000000000     
       n_pass,     n_total
       70000       74858
 ITERATION            4 :
   86200930068.385300      +\-   97258507.558602691     
 precision:   1.1282767770770588E-003
 max=   2817768085435717.0     
 min=   0.0000000000000000     
       n_pass,     n_total
       80000       90592
 ITERATION            5 :
   86190976511.408188      +\-   30026476.353054248     
 precision:   3.4837146031266926E-004
 max=   2817768085435717.0     
 min=   0.0000000000000000     
       n_pass,     n_total
       90000      103254
 max=   2817768085435717.0     
 min=   0.0000000000000000     
       n_pass,     n_total
      100000      113254
 ITERATION            6 :
   86158903236.960403      +\-   16913722.935910713     
 precision:   1.9630847539218758E-004
 max=   2817795484888750.0     
 min=   0.0000000000000000     
       n_pass,     n_total
      110000      125684
 max=   2817795484888750.0     
 min=   0.0000000000000000     
       n_pass,     n_total
      120000      135684
 ITERATION            7 :
   86173299243.645676      +\-   10090503.779427979     
 precision:   1.1709547931892653E-004
 max=   2817843959223947.5     
 min=   0.0000000000000000     
       n_pass,     n_total
      130000      146623
 max=   2817843959223947.5     
 min=   0.0000000000000000     
       n_pass,     n_total
      140000      156623
 ITERATION            8 :
   86165859790.385468      +\-   7183440.0110001788     
 precision:   8.3367589303643430E-005
 max=   2817843959223947.5     
 min=   0.0000000000000000     
       n_pass,     n_total
      150000      167916
 ITERATION            9 :
   86164317564.317047      +\-   6949290.6037692148     
 precision:   8.0651606142901806E-005
 max=   2817843959223947.5     
 min=   0.0000000000000000     
       n_pass,     n_total
      160000      179101
 max=   2817843959223947.5     
 min=   0.0000000000000000     
       n_pass,     n_total
      170000      189101
 ITERATION           10 :
   85979414232.416382      +\-   21722666.935500655     
 precision:   2.5264962700002517E-004
 ====================NCALL=40K ===========================
  
 max=   2817843959223947.5     
 min=   0.0000000000000000     
       n_pass,     n_total
      180000      211432
 max=   2817843959223947.5     
 min=   0.0000000000000000     
       n_pass,     n_total
      190000      221432
 max=   2817843959223947.5     
 min=   0.0000000000000000     
       n_pass,     n_total
      200000      231432
   83595638499.107803      +\-   6413677.6528541520     
 precision:   7.6722634912616922E-005
 ====================NCALL=80K ===========================
  
 max=   2817843959223947.5     
 min=   0.0000000000000000     
       n_pass,     n_total
      210000      248152
 max=   2817843959223947.5     
 min=   0.0000000000000000     
       n_pass,     n_total
      220000      258152
 max=   2817843959223947.5     
 min=   0.0000000000000000     
       n_pass,     n_total
      230000      268152
 max=   2817843959223947.5     
 min=   0.0000000000000000     
       n_pass,     n_total
      240000      278152
 max=   2817843959223947.5     
 min=   0.0000000000000000     
       n_pass,     n_total
      250000      288152
 max=   2817843959223947.5     
 min=   0.0000000000000000     
       n_pass,     n_total
      260000      298152
 max=   2817843959223947.5     
 min=   0.0000000000000000     
       n_pass,     n_total
      270000      308152
   81424985296.350830      +\-   1355003.5579755618     
 precision:   1.6641127450547886E-005
 sigma (pb)                   sd (pb)
   81424985296.350830        1355003.5579755618     
