 =======================================================
 |                                                     |
 |         \/\/\/\/\/\___________/\/\/\/\/\/           |
 |                   |     \     |                     |
 |                   |     /     |                     |
 |                   |     \     |                     |
 |         /\/\/\/\/\|_____/_____|/\/\/\/\/\           |
 |                                                     |
 | Light-by-light scattering at next-to-leading order  |
 |                   (VERSION 0.5)                     |
 |                                                     |
 |    Authors:                                         |
 |            Ajjath A.H. (LPTHE Paris)                |
 |            Ekta Chaubey (Bonn)                      |
 |            Mathijs Fraaije (Bern)                   |
 |            Valentin Hirschi (Bern)                  |
 |            Hua-Sheng Shao (LPTHE Paris)             |
 |                                                     |
 |    Please cite                                      |
 |            PLB 851 (2024) 138555 [arXiv:2312.16956] |
 |            JHEP 03 (2024) 121    [arXiv:2312.16966] |
 |                                                     |
 =======================================================
 ---------------------------------------------------
         the cuts in the lab frame                  
 min transverse momentum of photon    0.0000000000000000     
 max (pseudo-)rapidity of photon    5.0000000000000000     
 min (pseudo-)rapidity of photon   -5.0000000000000000     
 min invariant mass of di-photon    0.0000000000000000     
 ---------------------------------------------------
 max=   2074.5849318590335     
 min=   0.0000000000000000     
       n_pass,     n_total
       10000       10000
  
 ====================NCALL=20K===========================
  
 ITERATION            1 :
   82.228275101533427      +\-  0.23877664862238032     
 precision:   2.9038265526978996E-003
 WARNING: outside the range of the grid (xs,xt)=   9.9177990643795919       -9.9173148907497080     
 WARNING: set the 2-loop amplitudes to zero
 WARNING: outside the range of the grid (xs,xt)=   9.6282439446366759       -9.6277739066988399     
 WARNING: set the 2-loop amplitudes to zero
 WARNING: outside the range of the grid (xs,xt)=   4.6356726364014991       -4.6354463290894889     
 WARNING: set the 2-loop amplitudes to zero
 WARNING: outside the range of the grid (xs,xt)=  0.49467777777777777      -0.49465362827306047     
 WARNING: set the 2-loop amplitudes to zero
 WARNING: outside the range of the grid (xs,xt)=   4.9330747922437669E-002  -4.9328339661579443E-002
 WARNING: set the 2-loop amplitudes to zero
 INFO: will suppress the further warning
 max=   2323.7001527667580     
 min=   0.0000000000000000     
       n_pass,     n_total
       20000       20007
 max=   2323.7001527667580     
 min=   0.0000000000000000     
       n_pass,     n_total
       30000       30007
 ITERATION            2 :
   81.927440418499344      +\-   6.3516994393470499E-002
 precision:   7.7528352001496510E-004
 max=   2348.2527054898269     
 min=   0.0000000000000000     
       n_pass,     n_total
       40000       40036
 max=   2348.2527054898269     
 min=   0.0000000000000000     
       n_pass,     n_total
       50000       50036
 ITERATION            3 :
   81.871267699556014      +\-   2.7660366945840308E-002
 precision:   3.3785194394871093E-004
 max=   2370.2954776703714     
 min=   0.0000000000000000     
       n_pass,     n_total
       60000       60122
 max=   2370.2954776703714     
 min=   0.0000000000000000     
       n_pass,     n_total
       70000       70122
 ITERATION            4 :
   81.891867913569484      +\-   2.1167728344393281E-002
 precision:   2.5848388715145901E-004
 max=   2370.6967197469321     
 min=   0.0000000000000000     
       n_pass,     n_total
       80000       80308
 max=   2370.6967197469321     
 min=   0.0000000000000000     
       n_pass,     n_total
       90000       90308
 ITERATION            5 :
   81.875474770888516      +\-   1.6948233502000219E-002
 precision:   2.0700012487776499E-004
 max=   2370.6967197469321     
 min=   0.0000000000000000     
       n_pass,     n_total
      100000      100614
 max=   2370.6967197469321     
 min=   0.0000000000000000     
       n_pass,     n_total
      110000      110614
 ITERATION            6 :
   81.889284207660154      +\-   1.4656692790596055E-002
 precision:   1.7898181590436990E-004
 max=   2370.6967197469321     
 min=   0.0000000000000000     
       n_pass,     n_total
      120000      120900
 max=   2370.6967197469321     
 min=   0.0000000000000000     
       n_pass,     n_total
      130000      130900
 ITERATION            7 :
   81.916322938615366      +\-   1.4050519104568037E-002
 precision:   1.7152282476225043E-004
 max=   2370.6967197469321     
 min=   0.0000000000000000     
       n_pass,     n_total
      140000      141277
 max=   2370.6967197469321     
 min=   0.0000000000000000     
       n_pass,     n_total
      150000      151277
 ITERATION            8 :
   81.873031867731342      +\-   1.3958017326599329E-002
 precision:   1.7048369906648845E-004
 max=   2370.6967197469321     
 min=   0.0000000000000000     
       n_pass,     n_total
      160000      161480
 max=   2370.6967197469321     
 min=   0.0000000000000000     
       n_pass,     n_total
      170000      171480
 ITERATION            9 :
   81.893951995851268      +\-   1.4760825995026343E-002
 precision:   1.8024317590356517E-004
 max=   2370.6967197469321     
 min=   0.0000000000000000     
       n_pass,     n_total
      180000      181866
 max=   2370.6967197469321     
 min=   0.0000000000000000     
       n_pass,     n_total
      190000      191866
 ITERATION           10 :
   81.903463955784900      +\-   1.4633305726416367E-002
 precision:   1.7866528495444432E-004
 ====================NCALL=40K ===========================
  
 max=   2370.6967197469321     
 min=   0.0000000000000000     
       n_pass,     n_total
      200000      202272
 max=   2370.6967197469321     
 min=   0.0000000000000000     
       n_pass,     n_total
      210000      212272
 max=   2370.6967197469321     
 min=   0.0000000000000000     
       n_pass,     n_total
      220000      222272
 max=   2370.6967197469321     
 min=   0.0000000000000000     
       n_pass,     n_total
      230000      232272
   81.897536244465599      +\-   6.6899310780675729E-003
 precision:   8.1686597483201576E-005
 ====================NCALL=80K ===========================
  
 max=   2371.1628605017295     
 min=   0.0000000000000000     
       n_pass,     n_total
      240000      243213
 max=   2371.1628605017295     
 min=   0.0000000000000000     
       n_pass,     n_total
      250000      253213
 max=   2371.1628605017295     
 min=   0.0000000000000000     
       n_pass,     n_total
      260000      263213
 max=   2371.1628605017295     
 min=   0.0000000000000000     
       n_pass,     n_total
      270000      273213
 max=   2371.1628605017295     
 min=   0.0000000000000000     
       n_pass,     n_total
      280000      283213
 max=   2371.1628605017295     
 min=   0.0000000000000000     
       n_pass,     n_total
      290000      293213
 max=   2371.1628605017295     
 min=   0.0000000000000000     
       n_pass,     n_total
      300000      303213
 max=   2371.1628605017295     
 min=   0.0000000000000000     
       n_pass,     n_total
      310000      313213
   81.893705539471696      +\-   3.6488714529080962E-003
 precision:   4.4556189378308050E-005
 sigma (pb)                   sd (pb)
   81.893705539471696        3.6488714529080962E-003
