 =======================================================
 |                                                     |
 |         \/\/\/\/\/\___________/\/\/\/\/\/           |
 |                   |     \     |                     |
 |                   |     /     |                     |
 |                   |     \     |                     |
 |         /\/\/\/\/\|_____/_____|/\/\/\/\/\           |
 |                                                     |
 | Light-by-light scattering at next-to-leading order  |
 |                   (VERSION 0.5)                     |
 |                                                     |
 |    Authors:                                         |
 |            Ajjath A.H. (LPTHE Paris)                |
 |            Ekta Chaubey (Bonn)                      |
 |            Mathijs Fraaije (Bern)                   |
 |            Valentin Hirschi (Bern)                  |
 |            Hua-Sheng Shao (LPTHE Paris)             |
 |                                                     |
 |    Please cite                                      |
 |            PLB 851 (2024) 138555 [arXiv:2312.16956] |
 |            JHEP 03 (2024) 121    [arXiv:2312.16966] |
 |                                                     |
 =======================================================
 ---------------------------------------------------
         the cuts in the lab frame                  
 min transverse momentum of photon    0.0000000000000000     
 max (pseudo-)rapidity of photon    5.0000000000000000     
 min (pseudo-)rapidity of photon   -5.0000000000000000     
 min invariant mass of di-photon    0.0000000000000000     
 ---------------------------------------------------
 max=   4.7591965791963819E-007
 min=   0.0000000000000000     
       n_pass,     n_total
       10000       10000
  
 ====================NCALL=20K===========================
  
 ITERATION            1 :
   2.7230928045276242E-007 +\-   5.9648071752810039E-010
 precision:   2.1904531367287427E-003
 max=   1.9283865612605968E-006
 min=   0.0000000000000000     
       n_pass,     n_total
       20000       20001
 max=   1.9283865612605968E-006
 min=   0.0000000000000000     
       n_pass,     n_total
       30000       30001
 ITERATION            2 :
   2.7159819181019546E-007 +\-   4.8213924420248043E-010
 precision:   1.7751931299285679E-003
 max=   1.9312095582799740E-006
 min=   0.0000000000000000     
       n_pass,     n_total
       40000       40002
 max=   1.9312095582799740E-006
 min=   0.0000000000000000     
       n_pass,     n_total
       50000       50002
 ITERATION            3 :
   2.7266690407163597E-007 +\-   4.4639802317907000E-010
 precision:   1.6371551387908479E-003
 max=   1.9325436006932862E-006
 min=   0.0000000000000000     
       n_pass,     n_total
       60000       60002
 max=   1.9325436006932862E-006
 min=   0.0000000000000000     
       n_pass,     n_total
       70000       70002
 ITERATION            4 :
   2.7253337866976567E-007 +\-   4.0118322122981721E-010
 precision:   1.4720516921192953E-003
 max=   1.9325436006932862E-006
 min=   0.0000000000000000     
       n_pass,     n_total
       80000       80003
 max=   1.9325436006932862E-006
 min=   0.0000000000000000     
       n_pass,     n_total
       90000       90003
 ITERATION            5 :
   2.7219918821852156E-007 +\-   4.1115408351504880E-010
 precision:   1.5104897490912949E-003
 max=   1.9325436006932862E-006
 min=   0.0000000000000000     
       n_pass,     n_total
      100000      100003
 max=   1.9325436006932862E-006
 min=   0.0000000000000000     
       n_pass,     n_total
      110000      110003
 ITERATION            6 :
   2.7245204819063276E-007 +\-   4.2638447319807778E-010
 precision:   1.5649890541462900E-003
 max=   1.9325436006932862E-006
 min=   0.0000000000000000     
       n_pass,     n_total
      120000      120006
 max=   1.9325436006932862E-006
 min=   0.0000000000000000     
       n_pass,     n_total
      130000      130006
 ITERATION            7 :
   2.7197837473890687E-007 +\-   4.0562286887090897E-010
 precision:   1.4913791188740568E-003
 max=   1.9325436006932862E-006
 min=   0.0000000000000000     
       n_pass,     n_total
      140000      140008
 max=   1.9325436006932862E-006
 min=   0.0000000000000000     
       n_pass,     n_total
      150000      150008
 ITERATION            8 :
   2.7267169922797906E-007 +\-   4.3155892139702141E-010
 precision:   1.5827052188360691E-003
 max=   1.9325595088801219E-006
 min=   0.0000000000000000     
       n_pass,     n_total
      160000      160009
 max=   1.9325595088801219E-006
 min=   0.0000000000000000     
       n_pass,     n_total
      170000      170009
 ITERATION            9 :
   2.7209255107076403E-007 +\-   3.8685265409229842E-010
 precision:   1.4217686319229236E-003
 max=   1.9325595088801219E-006
 min=   0.0000000000000000     
       n_pass,     n_total
      180000      180009
 max=   1.9325595088801219E-006
 min=   0.0000000000000000     
       n_pass,     n_total
      190000      190009
 ITERATION           10 :
   2.7208179998410797E-007 +\-   4.6667896222296932E-010
 precision:   1.7152156529772575E-003
 ====================NCALL=40K ===========================
  
 max=   1.9325595088801219E-006
 min=   0.0000000000000000     
       n_pass,     n_total
      200000      200010
 max=   1.9325595088801219E-006
 min=   0.0000000000000000     
       n_pass,     n_total
      210000      210010
 max=   1.9325595088801219E-006
 min=   0.0000000000000000     
       n_pass,     n_total
      220000      220010
 max=   1.9325595088801219E-006
 min=   0.0000000000000000     
       n_pass,     n_total
      230000      230010
   2.7196249699389111E-007 +\-   2.2851123285017342E-010
 precision:   8.4023067656753536E-004
 ====================NCALL=80K ===========================
  
 max=   1.9325595088801219E-006
 min=   0.0000000000000000     
       n_pass,     n_total
      240000      240013
 max=   1.9325595088801219E-006
 min=   0.0000000000000000     
       n_pass,     n_total
      250000      250013
 max=   1.9325595088801219E-006
 min=   0.0000000000000000     
       n_pass,     n_total
      260000      260013
 max=   1.9325595088801219E-006
 min=   0.0000000000000000     
       n_pass,     n_total
      270000      270013
 max=   1.9325595088801219E-006
 min=   0.0000000000000000     
       n_pass,     n_total
      280000      280013
 max=   1.9325595088801219E-006
 min=   0.0000000000000000     
       n_pass,     n_total
      290000      290013
 max=   1.9325595088801219E-006
 min=   0.0000000000000000     
       n_pass,     n_total
      300000      300013
 max=   1.9325626580590071E-006
 min=   0.0000000000000000     
       n_pass,     n_total
      310000      310013
   2.7213009418580781E-007 +\-   1.3771628884025859E-010
 precision:   5.0606783954672513E-004
 sigma (pb)                   sd (pb)
   2.7213009418580781E-007   1.3771628884025859E-010
