 =======================================================
 |                                                     |
 |         \/\/\/\/\/\___________/\/\/\/\/\/           |
 |                   |     \     |                     |
 |                   |     /     |                     |
 |                   |     \     |                     |
 |         /\/\/\/\/\|_____/_____|/\/\/\/\/\           |
 |                                                     |
 | Light-by-light scattering at next-to-leading order  |
 |                   (VERSION 0.5)                     |
 |                                                     |
 |    Authors:                                         |
 |            Ajjath A.H. (LPTHE Paris)                |
 |            Ekta Chaubey (Bonn)                      |
 |            Mathijs Fraaije (Bern)                   |
 |            Valentin Hirschi (Bern)                  |
 |            Hua-Sheng Shao (LPTHE Paris)             |
 |                                                     |
 |    Please cite                                      |
 |            PLB 851 (2024) 138555 [arXiv:2312.16956] |
 |            JHEP 03 (2024) 121    [arXiv:2312.16966] |
 |                                                     |
 =======================================================
 ---------------------------------------------------
         the cuts in the lab frame                  
 min transverse momentum of photon    0.0000000000000000     
 max (pseudo-)rapidity of photon    5.0000000000000000     
 min (pseudo-)rapidity of photon   -5.0000000000000000     
 min invariant mass of di-photon    0.0000000000000000     
 ---------------------------------------------------
 WARNING: outside the range of the grid (xs,xt)=  0.13044680033377268      -0.13044679902934184     
 WARNING: set the 2-loop amplitudes to zero
 WARNING: outside the range of the grid (xs,xt)=  0.13028938770773299      -0.13028938640487617     
 WARNING: set the 2-loop amplitudes to zero
 WARNING: outside the range of the grid (xs,xt)=  0.13054692734474563      -0.13054692603931356     
 WARNING: set the 2-loop amplitudes to zero
 WARNING: outside the range of the grid (xs,xt)=  0.13060568782668500      -0.13060568652066534     
 WARNING: set the 2-loop amplitudes to zero
 WARNING: outside the range of the grid (xs,xt)=  0.13048858271636879      -0.13048858141152012     
 WARNING: set the 2-loop amplitudes to zero
 INFO: will suppress the further warning
 max=   7.5082098318637147     
 min=   0.0000000000000000     
       n_pass,     n_total
       10000       10000
  
 ====================NCALL=20K===========================
  
 ITERATION            1 :
   5.3232585851882499      +\-   1.6808102314809305E-004
 precision:   3.1574837190094742E-005
 max=   7.5292864592977260     
 min=   0.0000000000000000     
       n_pass,     n_total
       20000       20002
 max=   7.5292864592977260     
 min=   0.0000000000000000     
       n_pass,     n_total
       30000       30002
 ITERATION            2 :
   5.3229133118586480      +\-   2.9923007055200016E-004
 precision:   5.6215469428247254E-005
 max=   7.5415802136659211     
 min=   0.0000000000000000     
       n_pass,     n_total
       40000       40012
 max=   7.5415802136659211     
 min=   0.0000000000000000     
       n_pass,     n_total
       50000       50012
 ITERATION            3 :
   5.3229337381607609      +\-   2.6221690531124883E-004
 precision:   4.9261726373068270E-005
 max=   7.5466373828090765     
 min=   0.0000000000000000     
       n_pass,     n_total
       60000       60038
 max=   7.5466373828090765     
 min=   0.0000000000000000     
       n_pass,     n_total
       70000       70038
 ITERATION            4 :
   5.3226774823859051      +\-   2.5462282706755640E-004
 precision:   4.7837357779081707E-005
 max=   7.5466373828090765     
 min=   0.0000000000000000     
       n_pass,     n_total
       80000       80064
 max=   7.5466373828090765     
 min=   0.0000000000000000     
       n_pass,     n_total
       90000       90064
 ITERATION            5 :
   5.3226752315123731      +\-   2.1335417242127481E-004
 precision:   4.0084010979691661E-005
 max=   7.5466373828090765     
 min=   0.0000000000000000     
       n_pass,     n_total
      100000      100096
 max=   7.5466373828090765     
 min=   0.0000000000000000     
       n_pass,     n_total
      110000      110096
 ITERATION            6 :
   5.3225540506079989      +\-   1.8463764599087367E-004
 precision:   3.4689670454315519E-005
 max=   7.5466373828090765     
 min=   0.0000000000000000     
       n_pass,     n_total
      120000      120128
 max=   7.5466373828090765     
 min=   0.0000000000000000     
       n_pass,     n_total
      130000      130128
 ITERATION            7 :
   5.3227810616879712      +\-   1.7447046170010277E-004
 precision:   3.2778064639159582E-005
 max=   7.5466373828090765     
 min=   0.0000000000000000     
       n_pass,     n_total
      140000      140175
 max=   7.5466373828090765     
 min=   0.0000000000000000     
       n_pass,     n_total
      150000      150175
 ITERATION            8 :
   5.3222755523837106      +\-   1.7252664393853793E-004
 precision:   3.2415954837450623E-005
 max=   7.5466373828090765     
 min=   0.0000000000000000     
       n_pass,     n_total
      160000      160238
 max=   7.5466373828090765     
 min=   0.0000000000000000     
       n_pass,     n_total
      170000      170238
 ITERATION            9 :
   5.3225729682708751      +\-   1.6537299535615175E-004
 precision:   3.1070122728608803E-005
 max=   7.5466879204381963     
 min=   0.0000000000000000     
       n_pass,     n_total
      180000      180304
 max=   7.5466879204381963     
 min=   0.0000000000000000     
       n_pass,     n_total
      190000      190304
 ITERATION           10 :
   5.3227483757910266      +\-   1.6600460386014093E-004
 precision:   3.1187760934776593E-005
 ====================NCALL=40K ===========================
  
 max=   7.5466879204381963     
 min=   0.0000000000000000     
       n_pass,     n_total
      200000      200443
 max=   7.5466879204381963     
 min=   0.0000000000000000     
       n_pass,     n_total
      210000      210443
 max=   7.5466879204381963     
 min=   0.0000000000000000     
       n_pass,     n_total
      220000      220443
 max=   7.5466879204381963     
 min=   0.0000000000000000     
       n_pass,     n_total
      230000      230443
   5.3226147918333515      +\-   8.4260203422155243E-005
 precision:   1.5830603325162327E-005
 ====================NCALL=80K ===========================
  
 max=   7.5466879204381963     
 min=   0.0000000000000000     
       n_pass,     n_total
      240000      240792
 max=   7.5466879204381963     
 min=   0.0000000000000000     
       n_pass,     n_total
      250000      250792
 max=   7.5466879204381963     
 min=   0.0000000000000000     
       n_pass,     n_total
      260000      260792
 max=   7.5466879204381963     
 min=   0.0000000000000000     
       n_pass,     n_total
      270000      270792
 max=   7.5466879204381963     
 min=   0.0000000000000000     
       n_pass,     n_total
      280000      280792
 max=   7.5466879204381963     
 min=   0.0000000000000000     
       n_pass,     n_total
      290000      290792
 max=   7.5466879204381963     
 min=   0.0000000000000000     
       n_pass,     n_total
      300000      300792
 max=   7.5466879204381963     
 min=   0.0000000000000000     
       n_pass,     n_total
      310000      310792
   5.3225414889883984      +\-   4.0825116238162192E-005
 precision:   7.6702297807586288E-006
 sigma (pb)                   sd (pb)
   5.3225414889883984        4.0825116238162192E-005
