 =======================================================
 |                                                     |
 |         \/\/\/\/\/\___________/\/\/\/\/\/           |
 |                   |     \     |                     |
 |                   |     /     |                     |
 |                   |     \     |                     |
 |         /\/\/\/\/\|_____/_____|/\/\/\/\/\           |
 |                                                     |
 | Light-by-light scattering at next-to-leading order  |
 |                   (VERSION 0.5)                     |
 |                                                     |
 |    Authors:                                         |
 |            Ajjath A.H. (LPTHE Paris)                |
 |            Ekta Chaubey (Bonn)                      |
 |            Mathijs Fraaije (Bern)                   |
 |            Valentin Hirschi (Bern)                  |
 |            Hua-Sheng Shao (LPTHE Paris)             |
 |                                                     |
 |    Please cite                                      |
 |            PLB 851 (2024) 138555 [arXiv:2312.16956] |
 |            JHEP 03 (2024) 121    [arXiv:2312.16966] |
 |                                                     |
 =======================================================
 ---------------------------------------------------
         the cuts in the lab frame                  
 min transverse momentum of photon    0.0000000000000000     
 max (pseudo-)rapidity of photon    5.0000000000000000     
 min (pseudo-)rapidity of photon   -5.0000000000000000     
 min invariant mass of di-photon    0.0000000000000000     
 ---------------------------------------------------
 WARNING: outside the range of the grid (xs,xt)=  0.12416786490011424      -0.12416786365846924     
 WARNING: set the 2-loop amplitudes to zero
 WARNING: outside the range of the grid (xs,xt)=  0.12401802918445350      -0.12401802794430677     
 WARNING: set the 2-loop amplitudes to zero
 WARNING: outside the range of the grid (xs,xt)=  0.12426317239052051      -0.12426317114792249     
 WARNING: set the 2-loop amplitudes to zero
 WARNING: outside the range of the grid (xs,xt)=  0.12431910449130219      -0.12431910324814487     
 WARNING: set the 2-loop amplitudes to zero
 WARNING: outside the range of the grid (xs,xt)=  0.12420763612657684      -0.12420763488453415     
 WARNING: set the 2-loop amplitudes to zero
 INFO: will suppress the further warning
 max=   6.4725852968860584     
 min=   0.0000000000000000     
       n_pass,     n_total
       10000       10000
  
 ====================NCALL=20K===========================
  
 ITERATION            1 :
   4.5890402886019421      +\-   1.4520573219251756E-004
 precision:   3.1641851685890234E-005
 max=   6.4930731409228661     
 min=   0.0000000000000000     
       n_pass,     n_total
       20000       20002
 max=   6.4930731409228661     
 min=   0.0000000000000000     
       n_pass,     n_total
       30000       30002
 ITERATION            2 :
   4.5887299227328011      +\-   2.5726979972722842E-004
 precision:   5.6065578942160176E-005
 max=   6.5037392730988213     
 min=   0.0000000000000000     
       n_pass,     n_total
       40000       40012
 max=   6.5037392730988213     
 min=   0.0000000000000000     
       n_pass,     n_total
       50000       50012
 ITERATION            3 :
   4.5887242125796357      +\-   2.2626672816169173E-004
 precision:   4.9309288961275736E-005
 max=   6.5048989925434313     
 min=   0.0000000000000000     
       n_pass,     n_total
       60000       60038
 max=   6.5048989925434313     
 min=   0.0000000000000000     
       n_pass,     n_total
       70000       70038
 ITERATION            4 :
   4.5885279865107522      +\-   2.1936862971612156E-004
 precision:   4.7808061836174121E-005
 max=   6.5067950675297208     
 min=   0.0000000000000000     
       n_pass,     n_total
       80000       80064
 max=   6.5067950675297208     
 min=   0.0000000000000000     
       n_pass,     n_total
       90000       90064
 ITERATION            5 :
   4.5885051721590546      +\-   1.8339006330131047E-004
 precision:   3.9967278322804838E-005
 max=   6.5078818434348351     
 min=   0.0000000000000000     
       n_pass,     n_total
      100000      100096
 max=   6.5078818434348351     
 min=   0.0000000000000000     
       n_pass,     n_total
      110000      110096
 ITERATION            6 :
   4.5884093916922692      +\-   1.6005460113510355E-004
 precision:   3.4882371530512711E-005
 max=   6.5079992590434781     
 min=   0.0000000000000000     
       n_pass,     n_total
      120000      120129
 max=   6.5079992590434781     
 min=   0.0000000000000000     
       n_pass,     n_total
      130000      130129
 ITERATION            7 :
   4.5886221260339148      +\-   1.5117092552308016E-004
 precision:   3.2944731854340288E-005
 max=   6.5079992590434781     
 min=   0.0000000000000000     
       n_pass,     n_total
      140000      140176
 max=   6.5079992590434781     
 min=   0.0000000000000000     
       n_pass,     n_total
      150000      150176
 ITERATION            8 :
   4.5881697090613063      +\-   1.4961058180557342E-004
 precision:   3.2607900599252734E-005
 max=   6.5079992590434781     
 min=   0.0000000000000000     
       n_pass,     n_total
      160000      160240
 max=   6.5079992590434781     
 min=   0.0000000000000000     
       n_pass,     n_total
      170000      170240
 ITERATION            9 :
   4.5884901839357006      +\-   1.4239774206255840E-004
 precision:   3.1033681310051127E-005
 max=   6.5080323840760919     
 min=   0.0000000000000000     
       n_pass,     n_total
      180000      180306
 max=   6.5080323840760919     
 min=   0.0000000000000000     
       n_pass,     n_total
      190000      190306
 ITERATION           10 :
   4.5885882467581869      +\-   1.4362369868144213E-004
 precision:   3.1300193209297325E-005
 ====================NCALL=40K ===========================
  
 max=   6.5080323840760919     
 min=   0.0000000000000000     
       n_pass,     n_total
      200000      200446
 max=   6.5080323840760919     
 min=   0.0000000000000000     
       n_pass,     n_total
      210000      210446
 max=   6.5080323840760919     
 min=   0.0000000000000000     
       n_pass,     n_total
      220000      220446
 max=   6.5080323840760919     
 min=   0.0000000000000000     
       n_pass,     n_total
      230000      230446
   4.5884732941737933      +\-   7.3436170856757148E-005
 precision:   1.6004489107521365E-005
 ====================NCALL=80K ===========================
  
 max=   6.5080323840760919     
 min=   0.0000000000000000     
       n_pass,     n_total
      240000      240794
 max=   6.5080323840760919     
 min=   0.0000000000000000     
       n_pass,     n_total
      250000      250794
 max=   6.5080323840760919     
 min=   0.0000000000000000     
       n_pass,     n_total
      260000      260794
 max=   6.5080323840760919     
 min=   0.0000000000000000     
       n_pass,     n_total
      270000      270794
 max=   6.5080323840760919     
 min=   0.0000000000000000     
       n_pass,     n_total
      280000      280794
 max=   6.5080323840760919     
 min=   0.0000000000000000     
       n_pass,     n_total
      290000      290794
 max=   6.5080323840760919     
 min=   0.0000000000000000     
       n_pass,     n_total
      300000      300794
 max=   6.5080323840760919     
 min=   0.0000000000000000     
       n_pass,     n_total
      310000      310794
   4.5884015090757844      +\-   3.5561932686541613E-005
 precision:   7.7503968683212843E-006
 sigma (pb)                   sd (pb)
   4.5884015090757844        3.5561932686541613E-005
