 =======================================================
 |                                                     |
 |         \/\/\/\/\/\___________/\/\/\/\/\/           |
 |                   |     \     |                     |
 |                   |     /     |                     |
 |                   |     \     |                     |
 |         /\/\/\/\/\|_____/_____|/\/\/\/\/\           |
 |                                                     |
 | Light-by-light scattering at next-to-leading order  |
 |                   (VERSION 0.5)                     |
 |                                                     |
 |    Authors:                                         |
 |            Ajjath A.H. (LPTHE Paris)                |
 |            Ekta Chaubey (Bonn)                      |
 |            Mathijs Fraaije (Bern)                   |
 |            Valentin Hirschi (Bern)                  |
 |            Hua-Sheng Shao (LPTHE Paris)             |
 |                                                     |
 |    Please cite                                      |
 |            PLB 851 (2024) 138555 [arXiv:2312.16956] |
 |            JHEP 03 (2024) 121    [arXiv:2312.16966] |
 |                                                     |
 =======================================================
 ---------------------------------------------------
         the cuts in the lab frame                  
 min transverse momentum of photon    0.0000000000000000     
 max (pseudo-)rapidity of photon    5.0000000000000000     
 min (pseudo-)rapidity of photon   -5.0000000000000000     
 min invariant mass of di-photon    0.0000000000000000     
 ---------------------------------------------------
 max=   341355.29233676655     
 min=   0.0000000000000000     
       n_pass,     n_total
       10000       10000
  
 ====================NCALL=20K===========================
  
 ITERATION            1 :
   7419.0507839911388      +\-   52.385516415763625     
 precision:   7.0609459270451862E-003
 WARNING: outside the range of the grid (xs,xt)=   2.9769124526620623E-002  -2.9767700978886355E-002
 WARNING: set the 2-loop amplitudes to zero
 WARNING: outside the range of the grid (xs,xt)=   2.8899999999999992E-002  -2.8898618013456067E-002
 WARNING: set the 2-loop amplitudes to zero
 WARNING: outside the range of the grid (xs,xt)=   1.3914369012911288E-002  -1.3913703633300800E-002
 WARNING: set the 2-loop amplitudes to zero
 WARNING: outside the range of the grid (xs,xt)=   12794.221835853878       -12793.610021237366     
 WARNING: set the 2-loop amplitudes to zero
 WARNING: outside the range of the grid (xs,xt)=  0.25979426978839087      -0.25978184652939307     
 WARNING: set the 2-loop amplitudes to zero
 INFO: will suppress the further warning
 max=   354020.13278290199     
 min=   0.0000000000000000     
       n_pass,     n_total
       20000       20007
 max=   354020.13278290199     
 min=   0.0000000000000000     
       n_pass,     n_total
       30000       30007
 ITERATION            2 :
   7347.5572881490798      +\-   10.381309655144538     
 precision:   1.4128926455447466E-003
 max=   354639.53075188393     
 min=   0.0000000000000000     
       n_pass,     n_total
       40000       40040
 max=   354639.53075188393     
 min=   0.0000000000000000     
       n_pass,     n_total
       50000       50040
 ITERATION            3 :
   7338.8559759498139      +\-   4.1576589094065000     
 precision:   5.6652684328886900E-004
 max=   354842.86599024676     
 min=   0.0000000000000000     
       n_pass,     n_total
       60000       60156
 max=   354842.86599024676     
 min=   0.0000000000000000     
       n_pass,     n_total
       70000       70156
 ITERATION            4 :
   7341.4526895920426      +\-   2.6567023985291507     
 precision:   3.6187693510516666E-004
 max=   354908.44000746653     
 min=   0.0000000000000000     
       n_pass,     n_total
       80000       80405
 max=   354908.44000746653     
 min=   0.0000000000000000     
       n_pass,     n_total
       90000       90405
 ITERATION            5 :
   7339.8485707892614      +\-   1.9807818491346902     
 precision:   2.6986685488549454E-004
 max=   354908.44000746653     
 min=   0.0000000000000000     
       n_pass,     n_total
      100000      100749
 max=   354908.44000746653     
 min=   0.0000000000000000     
       n_pass,     n_total
      110000      110749
 ITERATION            6 :
   7339.9161487013398      +\-   1.8032949966279350     
 precision:   2.4568332390922400E-004
 max=   355008.47012638336     
 min=   0.0000000000000000     
       n_pass,     n_total
      120000      121055
 max=   355008.47012638336     
 min=   0.0000000000000000     
       n_pass,     n_total
      130000      131055
 ITERATION            7 :
   7343.9308285428942      +\-   1.7988787857790478     
 precision:   2.4494767554012522E-004
 max=   355008.47012638336     
 min=   0.0000000000000000     
       n_pass,     n_total
      140000      141483
 max=   355008.47012638336     
 min=   0.0000000000000000     
       n_pass,     n_total
      150000      151483
 ITERATION            8 :
   7337.3737187436509      +\-   1.6774092663415567     
 precision:   2.2861167096566710E-004
 max=   355098.43830281880     
 min=   0.0000000000000000     
       n_pass,     n_total
      160000      161765
 max=   355098.43830281880     
 min=   0.0000000000000000     
       n_pass,     n_total
      170000      171765
 ITERATION            9 :
   7340.4666086329016      +\-   1.8381145984786929     
 precision:   2.5040841359007639E-004
 max=   355098.43830281880     
 min=   0.0000000000000000     
       n_pass,     n_total
      180000      182198
 max=   355098.43830281880     
 min=   0.0000000000000000     
       n_pass,     n_total
      190000      192198
 ITERATION           10 :
   7342.9828555452605      +\-   1.9436071644330040     
 precision:   2.6468905112113047E-004
 ====================NCALL=40K ===========================
  
 max=   355104.26971697528     
 min=   0.0000000000000000     
       n_pass,     n_total
      200000      202733
 max=   355104.26971697528     
 min=   0.0000000000000000     
       n_pass,     n_total
      210000      212733
 max=   355104.26971697528     
 min=   0.0000000000000000     
       n_pass,     n_total
      220000      222733
 max=   355104.26971697528     
 min=   0.0000000000000000     
       n_pass,     n_total
      230000      232733
   7341.0005735697823      +\-  0.91752291354649085     
 precision:   1.2498608389296416E-004
 ====================NCALL=80K ===========================
  
 max=   355169.40810109116     
 min=   0.0000000000000000     
       n_pass,     n_total
      240000      244423
 max=   355169.40810109116     
 min=   0.0000000000000000     
       n_pass,     n_total
      250000      254423
 max=   355169.40810109116     
 min=   0.0000000000000000     
       n_pass,     n_total
      260000      264423
 max=   355169.40810109116     
 min=   0.0000000000000000     
       n_pass,     n_total
      270000      274423
 max=   355169.40810109116     
 min=   0.0000000000000000     
       n_pass,     n_total
      280000      284423
 max=   355169.40810109116     
 min=   0.0000000000000000     
       n_pass,     n_total
      290000      294423
 max=   355169.40810109116     
 min=   0.0000000000000000     
       n_pass,     n_total
      300000      304423
 max=   355169.40810109116     
 min=   0.0000000000000000     
       n_pass,     n_total
      310000      314511
   7340.7253460462807      +\-  0.42100412238299378     
 precision:   5.7351842295768073E-005
 sigma (pb)                   sd (pb)
   7340.7253460462807       0.42100412238299378     
