 =======================================================
 |                                                     |
 |         \/\/\/\/\/\___________/\/\/\/\/\/           |
 |                   |     \     |                     |
 |                   |     /     |                     |
 |                   |     \     |                     |
 |         /\/\/\/\/\|_____/_____|/\/\/\/\/\           |
 |                                                     |
 | Light-by-light scattering at next-to-leading order  |
 |                   (VERSION 0.5)                     |
 |                                                     |
 |    Authors:                                         |
 |            Ajjath A.H. (LPTHE Paris)                |
 |            Ekta Chaubey (Bonn)                      |
 |            Mathijs Fraaije (Bern)                   |
 |            Valentin Hirschi (Bern)                  |
 |            Hua-Sheng Shao (LPTHE Paris)             |
 |                                                     |
 |    Please cite                                      |
 |            PLB 851 (2024) 138555 [arXiv:2312.16956] |
 |            JHEP 03 (2024) 121    [arXiv:2312.16966] |
 |                                                     |
 =======================================================
 ---------------------------------------------------
         the cuts in the lab frame                  
 min transverse momentum of photon    0.0000000000000000     
 max (pseudo-)rapidity of photon    5.0000000000000000     
 min (pseudo-)rapidity of photon   -5.0000000000000000     
 min invariant mass of di-photon    0.0000000000000000     
 ---------------------------------------------------
 max=   1.1519327138099051E-005
 min=   0.0000000000000000     
       n_pass,     n_total
       10000       10000
  
 ====================NCALL=20K===========================
  
 ITERATION            1 :
   6.1907887865949219E-006 +\-   1.9738729380770712E-009
 precision:   3.1884029743530423E-004
 max=   1.1519327138099051E-005
 min=   0.0000000000000000     
       n_pass,     n_total
       20000       20001
 max=   1.1519327138099051E-005
 min=   0.0000000000000000     
       n_pass,     n_total
       30000       30001
 ITERATION            2 :
   6.1889236250460148E-006 +\-   1.0740576164704789E-009
 precision:   1.7354513992124006E-004
 max=   1.1520108557328083E-005
 min=   0.0000000000000000     
       n_pass,     n_total
       40000       40002
 max=   1.1520108557328083E-005
 min=   0.0000000000000000     
       n_pass,     n_total
       50000       50002
 ITERATION            3 :
   6.1880342950944377E-006 +\-   8.5298838693104860E-010
 precision:   1.3784480600038932E-004
 max=   1.1520491272755546E-005
 min=   0.0000000000000000     
       n_pass,     n_total
       60000       60005
 max=   1.1520491272755546E-005
 min=   0.0000000000000000     
       n_pass,     n_total
       70000       70005
 ITERATION            4 :
   6.1886642893314398E-006 +\-   7.2802402437082427E-010
 precision:   1.1763831262035908E-004
 max=   1.1520592487432945E-005
 min=   0.0000000000000000     
       n_pass,     n_total
       80000       80008
 max=   1.1520592487432945E-005
 min=   0.0000000000000000     
       n_pass,     n_total
       90000       90008
 ITERATION            5 :
   6.1872189272894197E-006 +\-   6.6962938413223733E-010
 precision:   1.0822784711540790E-004
 max=   1.1520592487432945E-005
 min=   0.0000000000000000     
       n_pass,     n_total
      100000      100014
 max=   1.1520592487432945E-005
 min=   0.0000000000000000     
       n_pass,     n_total
      110000      110014
 ITERATION            6 :
   6.1882641768351670E-006 +\-   6.2115086028717279E-010
 precision:   1.0037562110104433E-004
 max=   1.1520592487432945E-005
 min=   0.0000000000000000     
       n_pass,     n_total
      120000      120023
 max=   1.1520592487432945E-005
 min=   0.0000000000000000     
       n_pass,     n_total
      130000      130023
 ITERATION            7 :
   6.1878779201382502E-006 +\-   6.5049552887042958E-010
 precision:   1.0512416975024875E-004
 max=   1.1520592487432945E-005
 min=   0.0000000000000000     
       n_pass,     n_total
      140000      140039
 max=   1.1520592487432945E-005
 min=   0.0000000000000000     
       n_pass,     n_total
      150000      150039
 ITERATION            8 :
   6.1871688130170729E-006 +\-   6.6690658146654603E-010
 precision:   1.0778865125894954E-004
 max=   1.1520592487432945E-005
 min=   0.0000000000000000     
       n_pass,     n_total
      160000      160057
 max=   1.1520592487432945E-005
 min=   0.0000000000000000     
       n_pass,     n_total
      170000      170057
 ITERATION            9 :
   6.1873231774836572E-006 +\-   6.8266384718033618E-010
 precision:   1.1033266367346452E-004
 max=   1.1520592487432945E-005
 min=   0.0000000000000000     
       n_pass,     n_total
      180000      180070
 max=   1.1520592487432945E-005
 min=   0.0000000000000000     
       n_pass,     n_total
      190000      190070
 ITERATION           10 :
   6.1890958192329679E-006 +\-   6.3787493927774029E-010
 precision:   1.0306431794051525E-004
 ====================NCALL=40K ===========================
  
 max=   1.1520592487432945E-005
 min=   0.0000000000000000     
       n_pass,     n_total
      200000      200087
 max=   1.1520592487432945E-005
 min=   0.0000000000000000     
       n_pass,     n_total
      210000      210087
 max=   1.1520592487432945E-005
 min=   0.0000000000000000     
       n_pass,     n_total
      220000      220087
 max=   1.1520592487432945E-005
 min=   0.0000000000000000     
       n_pass,     n_total
      230000      230087
   6.1880881665253584E-006 +\-   3.4449035220720002E-010
 precision:   5.5669916610227137E-005
 ====================NCALL=80K ===========================
  
 max=   1.1520592487432945E-005
 min=   0.0000000000000000     
       n_pass,     n_total
      240000      240145
 max=   1.1520592487432945E-005
 min=   0.0000000000000000     
       n_pass,     n_total
      250000      250145
 max=   1.1520592487432945E-005
 min=   0.0000000000000000     
       n_pass,     n_total
      260000      260145
 max=   1.1520592487432945E-005
 min=   0.0000000000000000     
       n_pass,     n_total
      270000      270145
 max=   1.1520592487432945E-005
 min=   0.0000000000000000     
       n_pass,     n_total
      280000      280145
 max=   1.1520592487432945E-005
 min=   0.0000000000000000     
       n_pass,     n_total
      290000      290145
 max=   1.1520592487432945E-005
 min=   0.0000000000000000     
       n_pass,     n_total
      300000      300145
 max=   1.1520592487432945E-005
 min=   0.0000000000000000     
       n_pass,     n_total
      310000      310145
   6.1877940799909232E-006 +\-   1.7367115139859322E-010
 precision:   2.8066730914686155E-005
 sigma (pb)                   sd (pb)
   6.1877940799909232E-006   1.7367115139859322E-010
