 =======================================================
 |                                                     |
 |         \/\/\/\/\/\___________/\/\/\/\/\/           |
 |                   |     \     |                     |
 |                   |     /     |                     |
 |                   |     \     |                     |
 |         /\/\/\/\/\|_____/_____|/\/\/\/\/\           |
 |                                                     |
 | Light-by-light scattering at next-to-leading order  |
 |                   (VERSION 0.5)                     |
 |                                                     |
 |    Authors:                                         |
 |            Ajjath A.H. (LPTHE Paris)                |
 |            Ekta Chaubey (Bonn)                      |
 |            Mathijs Fraaije (Bern)                   |
 |            Valentin Hirschi (Bern)                  |
 |            Hua-Sheng Shao (LPTHE Paris)             |
 |                                                     |
 |    Please cite                                      |
 |            PLB 851 (2024) 138555 [arXiv:2312.16956] |
 |            JHEP 03 (2024) 121    [arXiv:2312.16966] |
 |                                                     |
 =======================================================
 ---------------------------------------------------
         the cuts in the lab frame                  
 min transverse momentum of photon    0.0000000000000000     
 max (pseudo-)rapidity of photon    5.0000000000000000     
 min (pseudo-)rapidity of photon   -5.0000000000000000     
 min invariant mass of di-photon    0.0000000000000000     
 ---------------------------------------------------
 max=   5.1559008369623939E-007
 min=   0.0000000000000000     
       n_pass,     n_total
       10000       10000
  
 ====================NCALL=20K===========================
  
 ITERATION            1 :
   2.6962886433911623E-007 +\-   4.4492228974064250E-010
 precision:   1.6501285603497447E-003
 max=   1.7092792458121550E-006
 min=   0.0000000000000000     
       n_pass,     n_total
       20000       20001
 max=   1.7092792458121550E-006
 min=   0.0000000000000000     
       n_pass,     n_total
       30000       30001
 ITERATION            2 :
   2.6890531518412611E-007 +\-   5.1476516016906581E-010
 precision:   1.9142989413079969E-003
 max=   1.7125811992051048E-006
 min=   0.0000000000000000     
       n_pass,     n_total
       40000       40001
 max=   1.7125811992051048E-006
 min=   0.0000000000000000     
       n_pass,     n_total
       50000       50001
 ITERATION            3 :
   2.6994323675097960E-007 +\-   4.3437364042799488E-010
 precision:   1.6091295549986347E-003
 max=   1.7125811992051048E-006
 min=   0.0000000000000000     
       n_pass,     n_total
       60000       60001
 max=   1.7125811992051048E-006
 min=   0.0000000000000000     
       n_pass,     n_total
       70000       70001
 ITERATION            4 :
   2.6954407526957642E-007 +\-   4.0473020577007774E-010
 precision:   1.5015362714439150E-003
 max=   1.7138095595975716E-006
 min=   0.0000000000000000     
       n_pass,     n_total
       80000       80002
 max=   1.7138095595975716E-006
 min=   0.0000000000000000     
       n_pass,     n_total
       90000       90002
 ITERATION            5 :
   2.6948072914377855E-007 +\-   4.9563792944742023E-010
 precision:   1.8392332951681228E-003
 max=   1.7138095595975716E-006
 min=   0.0000000000000000     
       n_pass,     n_total
      100000      100002
 max=   1.7138095595975716E-006
 min=   0.0000000000000000     
       n_pass,     n_total
      110000      110002
 ITERATION            6 :
   2.6946951109393015E-007 +\-   4.1771462229355135E-010
 precision:   1.5501368618579888E-003
 max=   1.7154544689477051E-006
 min=   0.0000000000000000     
       n_pass,     n_total
      120000      120005
 max=   1.7154544689477051E-006
 min=   0.0000000000000000     
       n_pass,     n_total
      130000      130005
 ITERATION            7 :
   2.6950791878501065E-007 +\-   3.6128789689702033E-010
 precision:   1.3405464986920238E-003
 max=   1.7154544689477051E-006
 min=   0.0000000000000000     
       n_pass,     n_total
      140000      140006
 max=   1.7154544689477051E-006
 min=   0.0000000000000000     
       n_pass,     n_total
      150000      150006
 ITERATION            8 :
   2.6873540321050739E-007 +\-   4.2630342534448327E-010
 precision:   1.5863314630359616E-003
 max=   1.7154544689477051E-006
 min=   0.0000000000000000     
       n_pass,     n_total
      160000      160007
 max=   1.7154544689477051E-006
 min=   0.0000000000000000     
       n_pass,     n_total
      170000      170007
 ITERATION            9 :
   2.6869309196119615E-007 +\-   4.3433497879264784E-010
 precision:   1.6164724430480454E-003
 max=   1.7154544689477051E-006
 min=   0.0000000000000000     
       n_pass,     n_total
      180000      180007
 max=   1.7154544689477051E-006
 min=   0.0000000000000000     
       n_pass,     n_total
      190000      190007
 ITERATION           10 :
   2.6945418278510282E-007 +\-   4.0993016099357372E-010
 precision:   1.5213353036738881E-003
 ====================NCALL=40K ===========================
  
 max=   1.7154544689477051E-006
 min=   0.0000000000000000     
       n_pass,     n_total
      200000      200008
 max=   1.7154544689477051E-006
 min=   0.0000000000000000     
       n_pass,     n_total
      210000      210008
 max=   1.7154544689477051E-006
 min=   0.0000000000000000     
       n_pass,     n_total
      220000      220008
 max=   1.7154544689477051E-006
 min=   0.0000000000000000     
       n_pass,     n_total
      230000      230008
   2.6922723592709870E-007 +\-   2.5454410611361404E-010
 precision:   9.4546194495173381E-004
 ====================NCALL=80K ===========================
  
 max=   1.7154544689477051E-006
 min=   0.0000000000000000     
       n_pass,     n_total
      240000      240011
 max=   1.7154544689477051E-006
 min=   0.0000000000000000     
       n_pass,     n_total
      250000      250011
 max=   1.7154544689477051E-006
 min=   0.0000000000000000     
       n_pass,     n_total
      260000      260011
 max=   1.7154544689477051E-006
 min=   0.0000000000000000     
       n_pass,     n_total
      270000      270011
 max=   1.7154544689477051E-006
 min=   0.0000000000000000     
       n_pass,     n_total
      280000      280011
 max=   1.7154544689477051E-006
 min=   0.0000000000000000     
       n_pass,     n_total
      290000      290011
 max=   1.7154544689477051E-006
 min=   0.0000000000000000     
       n_pass,     n_total
      300000      300011
 max=   1.7154544689477051E-006
 min=   0.0000000000000000     
       n_pass,     n_total
      310000      310011
   2.6915607636120599E-007 +\-   1.3300505801130869E-010
 precision:   4.9415588089052321E-004
 sigma (pb)                   sd (pb)
   2.6915607636120599E-007   1.3300505801130869E-010
