 =======================================================
 |                                                     |
 |         \/\/\/\/\/\___________/\/\/\/\/\/           |
 |                   |     \     |                     |
 |                   |     /     |                     |
 |                   |     \     |                     |
 |         /\/\/\/\/\|_____/_____|/\/\/\/\/\           |
 |                                                     |
 | Light-by-light scattering at next-to-leading order  |
 |                   (VERSION 0.5)                     |
 |                                                     |
 |    Authors:                                         |
 |            Ajjath A.H. (LPTHE Paris)                |
 |            Ekta Chaubey (Bonn)                      |
 |            Mathijs Fraaije (Bern)                   |
 |            Valentin Hirschi (Bern)                  |
 |            Hua-Sheng Shao (LPTHE Paris)             |
 |                                                     |
 |    Please cite                                      |
 |            PLB 851 (2024) 138555 [arXiv:2312.16956] |
 |            JHEP 03 (2024) 121    [arXiv:2312.16966] |
 |                                                     |
 =======================================================
 ---------------------------------------------------
         the cuts in the lab frame                  
 min transverse momentum of photon    0.0000000000000000     
 max (pseudo-)rapidity of photon    5.0000000000000000     
 min (pseudo-)rapidity of photon   -5.0000000000000000     
 min invariant mass of di-photon    0.0000000000000000     
 ---------------------------------------------------
 max=   15383.813022067221     
 min=   0.0000000000000000     
       n_pass,     n_total
       10000       10000
  
 ====================NCALL=20K===========================
  
 ITERATION            1 :
   305.56931978117098      +\-   1.7946954016711312     
 precision:   5.8732840160667186E-003
 WARNING: outside the range of the grid (xs,xt)=   1.0000000000000000      -0.99995172212103545     
 WARNING: set the 2-loop amplitudes to zero
 WARNING: outside the range of the grid (xs,xt)=  0.97080449826989612      -0.97075762988783043     
 WARNING: set the 2-loop amplitudes to zero
 WARNING: outside the range of the grid (xs,xt)=  0.46740941274468983      -0.46738684720963447     
 WARNING: set the 2-loop amplitudes to zero
 WARNING: outside the range of the grid (xs,xt)=   4.9877777777777785E-002  -4.9875369784459209E-002
 WARNING: set the 2-loop amplitudes to zero
 WARNING: outside the range of the grid (xs,xt)=   429781.59550553205       -429760.84656168305     
 WARNING: set the 2-loop amplitudes to zero
 INFO: will suppress the further warning
 max=   17400.180900704720     
 min=   0.0000000000000000     
       n_pass,     n_total
       20000       20009
 max=   17400.180900704720     
 min=   0.0000000000000000     
       n_pass,     n_total
       30000       30009
 ITERATION            2 :
   303.45467446154385      +\-  0.47521989872126752     
 precision:   1.5660325535090450E-003
 max=   17599.094705320807     
 min=   0.0000000000000000     
       n_pass,     n_total
       40000       40044
 max=   17599.094705320807     
 min=   0.0000000000000000     
       n_pass,     n_total
       50000       50044
 ITERATION            3 :
   303.38762843672413      +\-  0.16849040181506034     
 precision:   5.5536345593011367E-004
 max=   17769.342017015966     
 min=   0.0000000000000000     
       n_pass,     n_total
       60000       60171
 max=   17769.342017015966     
 min=   0.0000000000000000     
       n_pass,     n_total
       70000       70171
 ITERATION            4 :
   303.49335119740130      +\-  0.10619739451997810     
 precision:   3.4991670855716403E-004
 max=   17983.755824144446     
 min=   0.0000000000000000     
       n_pass,     n_total
       80000       80474
 max=   17983.755824144446     
 min=   0.0000000000000000     
       n_pass,     n_total
       90000       90474
 ITERATION            5 :
   303.42366662420903      +\-   7.3115536260209363E-002
 precision:   2.4096846852346272E-004
 max=   18015.290436077619     
 min=   0.0000000000000000     
       n_pass,     n_total
      100000      100881
 max=   18015.290436077619     
 min=   0.0000000000000000     
       n_pass,     n_total
      110000      110881
 ITERATION            6 :
   303.44932065892323      +\-   5.7981585095333535E-002
 precision:   1.9107502026839200E-004
 max=   18028.851618402092     
 min=   0.0000000000000000     
       n_pass,     n_total
      120000      121268
 max=   18028.851618402092     
 min=   0.0000000000000000     
       n_pass,     n_total
      130000      131268
 ITERATION            7 :
   303.59073994174355      +\-   7.4292433721665885E-002
 precision:   2.4471244984587465E-004
 max=   18028.851618402092     
 min=   0.0000000000000000     
       n_pass,     n_total
      140000      141538
 max=   18028.851618402092     
 min=   0.0000000000000000     
       n_pass,     n_total
      150000      151538
 ITERATION            8 :
   303.33990375096670      +\-   6.7808130467943442E-002
 precision:   2.2353844525384948E-004
 max=   18028.851618402092     
 min=   0.0000000000000000     
       n_pass,     n_total
      160000      162070
 max=   18028.851618402092     
 min=   0.0000000000000000     
       n_pass,     n_total
      170000      172070
 ITERATION            9 :
   303.44442064778792      +\-   6.1525009774517747E-002
 precision:   2.0275544906436313E-004
 max=   18041.732922467960     
 min=   0.0000000000000000     
       n_pass,     n_total
      180000      182686
 max=   18041.732922467960     
 min=   0.0000000000000000     
       n_pass,     n_total
      190000      192686
 ITERATION           10 :
   303.54771667758382      +\-   6.1988248626816699E-002
 precision:   2.0421253470556699E-004
 ====================NCALL=40K ===========================
  
 max=   18041.732922467960     
 min=   0.0000000000000000     
       n_pass,     n_total
      200000      203755
 max=   18041.732922467960     
 min=   0.0000000000000000     
       n_pass,     n_total
      210000      213755
 max=   18041.732922467960     
 min=   0.0000000000000000     
       n_pass,     n_total
      220000      223755
 max=   18041.732922467960     
 min=   0.0000000000000000     
       n_pass,     n_total
      230000      233755
   303.50711189196841      +\-   3.0463782887036942E-002
 precision:   1.0037255040626643E-004
 ====================NCALL=80K ===========================
  
 max=   18053.228817767380     
 min=   0.0000000000000000     
       n_pass,     n_total
      240000      246285
 max=   18053.228817767380     
 min=   0.0000000000000000     
       n_pass,     n_total
      250000      256285
 max=   18053.228817767380     
 min=   0.0000000000000000     
       n_pass,     n_total
      260000      266285
 max=   18053.228817767380     
 min=   0.0000000000000000     
       n_pass,     n_total
      270000      276285
 max=   18053.228817767380     
 min=   0.0000000000000000     
       n_pass,     n_total
      280000      286285
 max=   18053.228817767380     
 min=   0.0000000000000000     
       n_pass,     n_total
      290000      296285
 max=   18053.228817767380     
 min=   0.0000000000000000     
       n_pass,     n_total
      300000      306285
   303.47339100697008      +\-   1.4547970294341612E-002
 precision:   4.7938207188674014E-005
 sigma (pb)                   sd (pb)
   303.47339100697008        1.4547970294341612E-002
