 =======================================================
 |                                                     |
 |         \/\/\/\/\/\___________/\/\/\/\/\/           |
 |                   |     \     |                     |
 |                   |     /     |                     |
 |                   |     \     |                     |
 |         /\/\/\/\/\|_____/_____|/\/\/\/\/\           |
 |                                                     |
 | Light-by-light scattering at next-to-leading order  |
 |                   (VERSION 0.5)                     |
 |                                                     |
 |    Authors:                                         |
 |            Ajjath A.H. (LPTHE Paris)                |
 |            Ekta Chaubey (Bonn)                      |
 |            Mathijs Fraaije (Bern)                   |
 |            Valentin Hirschi (Bern)                  |
 |            Hua-Sheng Shao (LPTHE Paris)             |
 |                                                     |
 |    Please cite                                      |
 |            PLB 851 (2024) 138555 [arXiv:2312.16956] |
 |            JHEP 03 (2024) 121    [arXiv:2312.16966] |
 |                                                     |
 =======================================================
 ---------------------------------------------------
         the cuts in the lab frame                  
 min transverse momentum of photon    0.0000000000000000     
 max (pseudo-)rapidity of photon    5.0000000000000000     
 min (pseudo-)rapidity of photon   -5.0000000000000000     
 min invariant mass of di-photon    0.0000000000000000     
 ---------------------------------------------------
 max=   59550.897680032031     
 min=   0.0000000000000000     
       n_pass,     n_total
       10000       10000
  
 ====================NCALL=20K===========================
  
 ITERATION            1 :
   841.65218242690548      +\-   7.2334010095458998     
 precision:   8.5942877123996470E-003
 WARNING: outside the range of the grid (xs,xt)=  0.25029859656939180      -0.25028669349000898     
 WARNING: set the 2-loop amplitudes to zero
 WARNING: outside the range of the grid (xs,xt)=  0.24299100346020755      -0.24297944789719947     
 WARNING: set the 2-loop amplitudes to zero
 WARNING: outside the range of the grid (xs,xt)=  0.11699192003331946      -0.11698635642197529     
 WARNING: set the 2-loop amplitudes to zero
 WARNING: outside the range of the grid (xs,xt)=   1.2484337777777778E-002  -1.2483744078629450E-002
 WARNING: set the 2-loop amplitudes to zero
 WARNING: outside the range of the grid (xs,xt)=   107573.73018638870       -107568.61446194012     
 WARNING: set the 2-loop amplitudes to zero
 INFO: will suppress the further warning
 max=   65879.772995963474     
 min=   0.0000000000000000     
       n_pass,     n_total
       20000       20009
 max=   65879.772995963474     
 min=   0.0000000000000000     
       n_pass,     n_total
       30000       30009
 ITERATION            2 :
   833.22562392717555      +\-   1.8549891978230846     
 precision:   2.2262747862699093E-003
 max=   67199.579346987637     
 min=   0.0000000000000000     
       n_pass,     n_total
       40000       40044
 max=   67199.579346987637     
 min=   0.0000000000000000     
       n_pass,     n_total
       50000       50044
 ITERATION            3 :
   833.14174725599014      +\-  0.62133570800661031     
 precision:   7.4577430557647888E-004
 max=   67516.119146470650     
 min=   0.0000000000000000     
       n_pass,     n_total
       60000       60180
 max=   67516.119146470650     
 min=   0.0000000000000000     
       n_pass,     n_total
       70000       70180
 ITERATION            4 :
   833.45883331503512      +\-  0.38481316943709420     
 precision:   4.6170627037033337E-004
 max=   67536.878928656544     
 min=   0.0000000000000000     
       n_pass,     n_total
       80000       80507
 max=   67536.878928656544     
 min=   0.0000000000000000     
       n_pass,     n_total
       90000       90507
 ITERATION            5 :
   833.13236221606076      +\-  0.26103476533506548     
 precision:   3.1331727967058603E-004
 max=   67556.434686982597     
 min=   0.0000000000000000     
       n_pass,     n_total
      100000      100994
 max=   67556.434686982597     
 min=   0.0000000000000000     
       n_pass,     n_total
      110000      110994
 ITERATION            6 :
   833.20530437350567      +\-  0.22725597626377436     
 precision:   2.7274907525300757E-004
 max=   67556.434686982597     
 min=   0.0000000000000000     
       n_pass,     n_total
      120000      121551
 max=   67556.434686982597     
 min=   0.0000000000000000     
       n_pass,     n_total
      130000      131551
 ITERATION            7 :
   833.53448920405697      +\-  0.22215448298375087     
 precision:   2.6652104485308872E-004
 max=   67556.434686982597     
 min=   0.0000000000000000     
       n_pass,     n_total
      140000      142263
 max=   67556.434686982597     
 min=   0.0000000000000000     
       n_pass,     n_total
      150000      152263
 ITERATION            8 :
   832.80209134196014      +\-  0.21669147720855034     
 precision:   2.6019564487329535E-004
 max=   67556.434686982597     
 min=   0.0000000000000000     
       n_pass,     n_total
      160000      162906
 max=   67556.434686982597     
 min=   0.0000000000000000     
       n_pass,     n_total
      170000      172906
 ITERATION            9 :
   833.20036300539175      +\-  0.20893266916045533     
 precision:   2.5075921523464735E-004
 max=   67557.140598565442     
 min=   0.0000000000000000     
       n_pass,     n_total
      180000      183674
 max=   67557.140598565442     
 min=   0.0000000000000000     
       n_pass,     n_total
      190000      193674
 ITERATION           10 :
   833.40119615905735      +\-  0.20824399371180377     
 precision:   2.4987244399402053E-004
 ====================NCALL=40K ===========================
  
 max=   67557.140598565442     
 min=   0.0000000000000000     
       n_pass,     n_total
      200000      204297
 max=   67557.140598565442     
 min=   0.0000000000000000     
       n_pass,     n_total
      210000      214297
 max=   67557.140598565442     
 min=   0.0000000000000000     
       n_pass,     n_total
      220000      224297
 max=   67557.140598565442     
 min=   0.0000000000000000     
       n_pass,     n_total
      230000      234297
   833.31800209187952      +\-  0.11470297031565868     
 precision:   1.3764609672144322E-004
 ====================NCALL=80K ===========================
  
 max=   67571.894800567126     
 min=   0.0000000000000000     
       n_pass,     n_total
      240000      246947
 max=   67571.894800567126     
 min=   0.0000000000000000     
       n_pass,     n_total
      250000      256947
 max=   67571.894800567126     
 min=   0.0000000000000000     
       n_pass,     n_total
      260000      266947
 max=   67571.894800567126     
 min=   0.0000000000000000     
       n_pass,     n_total
      270000      276947
 max=   67571.894800567126     
 min=   0.0000000000000000     
       n_pass,     n_total
      280000      286947
 max=   67571.894800567126     
 min=   0.0000000000000000     
       n_pass,     n_total
      290000      296947
 max=   67571.894800567126     
 min=   0.0000000000000000     
       n_pass,     n_total
      300000      306947
   833.24513598039937      +\-   5.3178076897517579E-002
 precision:   6.3820446830389294E-005
 sigma (pb)                   sd (pb)
   833.24513598039937        5.3178076897517579E-002
