 =======================================================
 |                                                     |
 |         \/\/\/\/\/\___________/\/\/\/\/\/           |
 |                   |     \     |                     |
 |                   |     /     |                     |
 |                   |     \     |                     |
 |         /\/\/\/\/\|_____/_____|/\/\/\/\/\           |
 |                                                     |
 | Light-by-light scattering at next-to-leading order  |
 |                   (VERSION 0.5)                     |
 |                                                     |
 |    Authors:                                         |
 |            Ajjath A.H. (LPTHE Paris)                |
 |            Ekta Chaubey (Bonn)                      |
 |            Mathijs Fraaije (Bern)                   |
 |            Valentin Hirschi (Bern)                  |
 |            Hua-Sheng Shao (LPTHE Paris)             |
 |                                                     |
 |    Please cite                                      |
 |            PLB 851 (2024) 138555 [arXiv:2312.16956] |
 |            JHEP 03 (2024) 121    [arXiv:2312.16966] |
 |                                                     |
 =======================================================
 ---------------------------------------------------
         the cuts in the lab frame                  
 min transverse momentum of photon    0.0000000000000000     
 max (pseudo-)rapidity of photon    5.0000000000000000     
 min (pseudo-)rapidity of photon   -5.0000000000000000     
 min invariant mass of di-photon    0.0000000000000000     
 ---------------------------------------------------
 max=   53783.922070456858     
 min=   0.0000000000000000     
       n_pass,     n_total
       10000       10000
  
 ====================NCALL=20K===========================
  
 ITERATION            1 :
   749.91529443931233      +\-   6.4996118329224206     
 precision:   8.6671279824769715E-003
 WARNING: outside the range of the grid (xs,xt)=  0.27790207173089770      -0.27788887888031727     
 WARNING: set the 2-loop amplitudes to zero
 WARNING: outside the range of the grid (xs,xt)=  0.26978858131487887      -0.26977577363619037     
 WARNING: set the 2-loop amplitudes to zero
 WARNING: outside the range of the grid (xs,xt)=  0.12989404414827158      -0.12988787768572935     
 WARNING: set the 2-loop amplitudes to zero
 WARNING: outside the range of the grid (xs,xt)=   1.3861137777777779E-002  -1.3860479747708272E-002
 WARNING: set the 2-loop amplitudes to zero
 WARNING: outside the range of the grid (xs,xt)=   119437.19578279804       -119431.52573842629     
 WARNING: set the 2-loop amplitudes to zero
 INFO: will suppress the further warning
 max=   59778.683583334459     
 min=   0.0000000000000000     
       n_pass,     n_total
       20000       20009
 max=   59778.683583334459     
 min=   0.0000000000000000     
       n_pass,     n_total
       30000       30009
 ITERATION            2 :
   742.36869112256363      +\-   1.6738009912423124     
 precision:   2.2546761619368604E-003
 max=   60992.833097252929     
 min=   0.0000000000000000     
       n_pass,     n_total
       40000       40044
 max=   60992.833097252929     
 min=   0.0000000000000000     
       n_pass,     n_total
       50000       50044
 ITERATION            3 :
   742.31142663436049      +\-  0.55980068547839901     
 precision:   7.5413184465788834E-004
 max=   61179.607491482297     
 min=   0.0000000000000000     
       n_pass,     n_total
       60000       60180
 max=   61179.607491482297     
 min=   0.0000000000000000     
       n_pass,     n_total
       70000       70180
 ITERATION            4 :
   742.57721495821147      +\-  0.34473382696551774     
 precision:   4.6423970466817735E-004
 max=   61179.607491482297     
 min=   0.0000000000000000     
       n_pass,     n_total
       80000       80511
 max=   61179.607491482297     
 min=   0.0000000000000000     
       n_pass,     n_total
       90000       90511
 ITERATION            5 :
   742.28291204990137      +\-  0.23511548434727525     
 precision:   3.1674645951093800E-004
 max=   61243.551966339197     
 min=   0.0000000000000000     
       n_pass,     n_total
      100000      101014
 max=   61243.551966339197     
 min=   0.0000000000000000     
       n_pass,     n_total
      110000      111014
 ITERATION            6 :
   742.33067918827589      +\-  0.20649913083847274     
 precision:   2.7817674336762629E-004
 max=   61313.757790782591     
 min=   0.0000000000000000     
       n_pass,     n_total
      120000      121595
 max=   61313.757790782591     
 min=   0.0000000000000000     
       n_pass,     n_total
      130000      131595
 ITERATION            7 :
   742.65123622174588      +\-  0.19958816883051483     
 precision:   2.6875087402523413E-004
 max=   61325.091564195769     
 min=   0.0000000000000000     
       n_pass,     n_total
      140000      142309
 max=   61325.091564195769     
 min=   0.0000000000000000     
       n_pass,     n_total
      150000      152309
 ITERATION            8 :
   741.98616267455122      +\-  0.19260056569245079     
 precision:   2.5957433626282991E-004
 max=   61325.091564195769     
 min=   0.0000000000000000     
       n_pass,     n_total
      160000      162953
 max=   61325.091564195769     
 min=   0.0000000000000000     
       n_pass,     n_total
      170000      172953
 ITERATION            9 :
   742.41366032903159      +\-  0.19102435114027794     
 precision:   2.5730177305145156E-004
 max=   61327.011768332821     
 min=   0.0000000000000000     
       n_pass,     n_total
      180000      183706
 max=   61327.011768332821     
 min=   0.0000000000000000     
       n_pass,     n_total
      190000      193706
 ITERATION           10 :
   742.50867395572641      +\-  0.18576405087485270     
 precision:   2.5018435122810333E-004
 ====================NCALL=40K ===========================
  
 max=   61333.858075435237     
 min=   0.0000000000000000     
       n_pass,     n_total
      200000      204422
 max=   61333.858075435237     
 min=   0.0000000000000000     
       n_pass,     n_total
      210000      214422
 max=   61333.858075435237     
 min=   0.0000000000000000     
       n_pass,     n_total
      220000      224422
 max=   61333.858075435237     
 min=   0.0000000000000000     
       n_pass,     n_total
      230000      234422
   742.47090065146790      +\-  0.10612934284069309     
 precision:   1.4294074386965439E-004
 ====================NCALL=80K ===========================
  
 max=   61333.858075435237     
 min=   0.0000000000000000     
       n_pass,     n_total
      240000      247027
 max=   61333.858075435237     
 min=   0.0000000000000000     
       n_pass,     n_total
      250000      257027
 max=   61333.858075435237     
 min=   0.0000000000000000     
       n_pass,     n_total
      260000      267027
 max=   61333.858075435237     
 min=   0.0000000000000000     
       n_pass,     n_total
      270000      277027
 max=   61333.858075435237     
 min=   0.0000000000000000     
       n_pass,     n_total
      280000      287027
 max=   61333.858075435237     
 min=   0.0000000000000000     
       n_pass,     n_total
      290000      297027
 max=   61333.858075435237     
 min=   0.0000000000000000     
       n_pass,     n_total
      300000      307027
   742.38722996209867      +\-   4.6813459035042214E-002
 precision:   6.3058006853690350E-005
 sigma (pb)                   sd (pb)
   742.38722996209867        4.6813459035042214E-002
