 =======================================================
 |                                                     |
 |         \/\/\/\/\/\___________/\/\/\/\/\/           |
 |                   |     \     |                     |
 |                   |     /     |                     |
 |                   |     \     |                     |
 |         /\/\/\/\/\|_____/_____|/\/\/\/\/\           |
 |                                                     |
 | Light-by-light scattering at next-to-leading order  |
 |                   (VERSION 0.5)                     |
 |                                                     |
 |    Authors:                                         |
 |            Ajjath A.H. (LPTHE Paris)                |
 |            Ekta Chaubey (Bonn)                      |
 |            Mathijs Fraaije (Bern)                   |
 |            Valentin Hirschi (Bern)                  |
 |            Hua-Sheng Shao (LPTHE Paris)             |
 |                                                     |
 |    Please cite                                      |
 |            PLB 851 (2024) 138555 [arXiv:2312.16956] |
 |            JHEP 03 (2024) 121    [arXiv:2312.16966] |
 |                                                     |
 =======================================================
 ---------------------------------------------------
         the cuts in the lab frame                  
 min transverse momentum of photon    0.0000000000000000     
 max (pseudo-)rapidity of photon    5.0000000000000000     
 min (pseudo-)rapidity of photon   -5.0000000000000000     
 min invariant mass of di-photon    0.0000000000000000     
 ---------------------------------------------------
 max=   186692.18660475535     
 min=   0.0000000000000000     
       n_pass,     n_total
       10000       10000
  
 ====================NCALL=20K===========================
  
 ITERATION            1 :
   3219.4292298780292      +\-   25.536576981391210     
 precision:   7.9320199818023913E-003
 WARNING: outside the range of the grid (xs,xt)=   6.8222321229672506E-002  -6.8218945690037669E-002
 WARNING: set the 2-loop amplitudes to zero
 WARNING: outside the range of the grid (xs,xt)=   6.6230536332179915E-002  -6.6227259343118308E-002
 WARNING: set the 2-loop amplitudes to zero
 WARNING: outside the range of the grid (xs,xt)=   3.1887755102040817E-002  -3.1886177343042395E-002
 WARNING: set the 2-loop amplitudes to zero
 WARNING: outside the range of the grid (xs,xt)=   29320.698067179583       -29319.247322369625     
 WARNING: set the 2-loop amplitudes to zero
 WARNING: outside the range of the grid (xs,xt)=  0.59537418076512716      -0.59534472253051252     
 WARNING: set the 2-loop amplitudes to zero
 INFO: will suppress the further warning
 max=   195693.51276626781     
 min=   0.0000000000000000     
       n_pass,     n_total
       20000       20007
 max=   195693.51276626781     
 min=   0.0000000000000000     
       n_pass,     n_total
       30000       30007
 ITERATION            2 :
   3189.4290406815080      +\-   5.8680752083518319     
 precision:   1.8398513130418975E-003
 max=   198385.87067976937     
 min=   0.0000000000000000     
       n_pass,     n_total
       40000       40042
 max=   198385.87067976937     
 min=   0.0000000000000000     
       n_pass,     n_total
       50000       50042
 ITERATION            3 :
   3185.1583042678772      +\-   2.1297811987429571     
 precision:   6.6865787985771611E-004
 max=   200181.29307304005     
 min=   0.0000000000000000     
       n_pass,     n_total
       60000       60167
 max=   200181.29307304005     
 min=   0.0000000000000000     
       n_pass,     n_total
       70000       70167
 ITERATION            4 :
   3186.5220723065227      +\-   1.3202879264772964     
 precision:   4.1433509529140752E-004
 max=   200181.29307304005     
 min=   0.0000000000000000     
       n_pass,     n_total
       80000       80451
 max=   200181.29307304005     
 min=   0.0000000000000000     
       n_pass,     n_total
       90000       90451
 ITERATION            5 :
   3185.6980522832173      +\-  0.90163951962889000     
 precision:   2.8302730040051261E-004
 max=   200181.29307304005     
 min=   0.0000000000000000     
       n_pass,     n_total
      100000      100759
 max=   200181.29307304005     
 min=   0.0000000000000000     
       n_pass,     n_total
      110000      110759
 ITERATION            6 :
   3184.8148609322852      +\-   1.0687082725672392     
 precision:   3.3556370440145403E-004
 max=   200251.26383176656     
 min=   0.0000000000000000     
       n_pass,     n_total
      120000      121135
 max=   200251.26383176656     
 min=   0.0000000000000000     
       n_pass,     n_total
      130000      131135
 ITERATION            7 :
   3187.2733919585758      +\-  0.90041842423810770     
 precision:   2.8250429552414443E-004
 max=   200251.26383176656     
 min=   0.0000000000000000     
       n_pass,     n_total
      140000      141632
 max=   200251.26383176656     
 min=   0.0000000000000000     
       n_pass,     n_total
      150000      151632
 ITERATION            8 :
   3184.5270617367391      +\-  0.79603547134089303     
 precision:   2.4996976188569766E-004
 max=   200251.26383176656     
 min=   0.0000000000000000     
       n_pass,     n_total
      160000      162165
 max=   200251.26383176656     
 min=   0.0000000000000000     
       n_pass,     n_total
      170000      172165
 ITERATION            9 :
   3185.3981400775888      +\-  0.78386531463936149     
 precision:   2.4608079749185400E-004
 max=   200251.26383176656     
 min=   0.0000000000000000     
       n_pass,     n_total
      180000      182740
 max=   200251.26383176656     
 min=   0.0000000000000000     
       n_pass,     n_total
      190000      192740
 ITERATION           10 :
   3186.9777393241425      +\-  0.78472061812406391     
 precision:   2.4622720405021668E-004
 ====================NCALL=40K ===========================
  
 max=   200251.26383176656     
 min=   0.0000000000000000     
       n_pass,     n_total
      200000      203697
 max=   200251.26383176656     
 min=   0.0000000000000000     
       n_pass,     n_total
      210000      213697
 max=   200251.26383176656     
 min=   0.0000000000000000     
       n_pass,     n_total
      220000      223697
 max=   200251.26383176656     
 min=   0.0000000000000000     
       n_pass,     n_total
      230000      233697
   3186.1458943508733      +\-  0.37077527094658247     
 precision:   1.1637109010104575E-004
 ====================NCALL=80K ===========================
  
 max=   200251.46779253992     
 min=   0.0000000000000000     
       n_pass,     n_total
      240000      245718
 max=   200251.46779253992     
 min=   0.0000000000000000     
       n_pass,     n_total
      250000      255718
 max=   200251.46779253992     
 min=   0.0000000000000000     
       n_pass,     n_total
      260000      265718
 max=   200251.46779253992     
 min=   0.0000000000000000     
       n_pass,     n_total
      270000      275718
 max=   200251.46779253992     
 min=   0.0000000000000000     
       n_pass,     n_total
      280000      285718
 max=   200251.46779253992     
 min=   0.0000000000000000     
       n_pass,     n_total
      290000      295718
 max=   200251.46779253992     
 min=   0.0000000000000000     
       n_pass,     n_total
      300000      305718
   3185.8499999343380      +\-  0.20140518620850209     
 precision:   6.3218665728974419E-005
 sigma (pb)                   sd (pb)
   3185.8499999343380       0.20140518620850209     
