 =======================================================
 |                                                     |
 |         \/\/\/\/\/\___________/\/\/\/\/\/           |
 |                   |     \     |                     |
 |                   |     /     |                     |
 |                   |     \     |                     |
 |         /\/\/\/\/\|_____/_____|/\/\/\/\/\           |
 |                                                     |
 | Light-by-light scattering at next-to-leading order  |
 |                   (VERSION 0.5)                     |
 |                                                     |
 |    Authors:                                         |
 |            Ajjath A.H. (LPTHE Paris)                |
 |            Ekta Chaubey (Bonn)                      |
 |            Mathijs Fraaije (Bern)                   |
 |            Valentin Hirschi (Bern)                  |
 |            Hua-Sheng Shao (LPTHE Paris)             |
 |                                                     |
 |    Please cite                                      |
 |            PLB 851 (2024) 138555 [arXiv:2312.16956] |
 |            JHEP 03 (2024) 121    [arXiv:2312.16966] |
 |                                                     |
 =======================================================
 ---------------------------------------------------
         the cuts in the lab frame                  
 min transverse momentum of photon    0.0000000000000000     
 max (pseudo-)rapidity of photon    5.0000000000000000     
 min (pseudo-)rapidity of photon   -5.0000000000000000     
 min invariant mass of di-photon    0.0000000000000000     
 ---------------------------------------------------
 WARNING: outside the range of the grid (xs,xt)=   3.8932872896568556E-002  -3.8932872507243144E-002
 WARNING: set the 2-loop amplitudes to zero
 WARNING: outside the range of the grid (xs,xt)=   3.8827760857732901E-002  -3.8827760469458593E-002
 WARNING: set the 2-loop amplitudes to zero
 WARNING: outside the range of the grid (xs,xt)=   3.9006985389470478E-002  -3.9006984999403943E-002
 WARNING: set the 2-loop amplitudes to zero
 WARNING: outside the range of the grid (xs,xt)=   3.8959914920985696E-002  -3.8959914531389868E-002
 WARNING: set the 2-loop amplitudes to zero
 WARNING: outside the range of the grid (xs,xt)=   3.9036925969416637E-002  -3.9036925579050703E-002
 WARNING: set the 2-loop amplitudes to zero
 INFO: will suppress the further warning
 max=  0.19788666457539866     
 min=   0.0000000000000000     
       n_pass,     n_total
       10000       10000
  
 ====================NCALL=20K===========================
  
 ITERATION            1 :
  0.14138384127125989      +\-   6.8921465828362318E-006
 precision:   4.8747767219118896E-005
 max=  0.20117991094601900     
 min=   0.0000000000000000     
       n_pass,     n_total
       20000       20002
 max=  0.20117991094601900     
 min=   0.0000000000000000     
       n_pass,     n_total
       30000       30002
 ITERATION            2 :
  0.14136477309932893      +\-   9.2405191863566210E-006
 precision:   6.5366491126214577E-005
 max=  0.20163574553053176     
 min=   0.0000000000000000     
       n_pass,     n_total
       40000       40011
 max=  0.20163574553053176     
 min=   0.0000000000000000     
       n_pass,     n_total
       50000       50011
 ITERATION            3 :
  0.14136582158393055      +\-   8.2510600936752645E-006
 precision:   5.8366725430704713E-005
 max=  0.20163574553053176     
 min=   0.0000000000000000     
       n_pass,     n_total
       60000       60033
 max=  0.20163574553053176     
 min=   0.0000000000000000     
       n_pass,     n_total
       70000       70033
 ITERATION            4 :
  0.14135579832364323      +\-   6.9195182413594088E-006
 precision:   4.8951074688260933E-005
 max=  0.20163574553053176     
 min=   0.0000000000000000     
       n_pass,     n_total
       80000       80063
 max=  0.20163574553053176     
 min=   0.0000000000000000     
       n_pass,     n_total
       90000       90063
 ITERATION            5 :
  0.14136308592034905      +\-   5.8743726403204833E-006
 precision:   4.1555209424548041E-005
 max=  0.20164228229779330     
 min=   0.0000000000000000     
       n_pass,     n_total
      100000      100100
 max=  0.20164228229779330     
 min=   0.0000000000000000     
       n_pass,     n_total
      110000      110100
 ITERATION            6 :
  0.14135126733664291      +\-   5.5004226935868904E-006
 precision:   3.8913147347218721E-005
 max=  0.20164228229779330     
 min=   0.0000000000000000     
       n_pass,     n_total
      120000      120139
 max=  0.20164228229779330     
 min=   0.0000000000000000     
       n_pass,     n_total
      130000      130139
 ITERATION            7 :
  0.14136381723925234      +\-   5.1489085930410084E-006
 precision:   3.6423100999930526E-005
 max=  0.20164228229779330     
 min=   0.0000000000000000     
       n_pass,     n_total
      140000      140184
 max=  0.20164228229779330     
 min=   0.0000000000000000     
       n_pass,     n_total
      150000      150184
 ITERATION            8 :
  0.14135215314827113      +\-   5.4806062849566009E-006
 precision:   3.8772711719557090E-005
 max=  0.20164228229779330     
 min=   0.0000000000000000     
       n_pass,     n_total
      160000      160242
 max=  0.20164228229779330     
 min=   0.0000000000000000     
       n_pass,     n_total
      170000      170242
 ITERATION            9 :
  0.14135996484278646      +\-   5.4663912364208499E-006
 precision:   3.8670009875146044E-005
 max=  0.20164228229779330     
 min=   0.0000000000000000     
       n_pass,     n_total
      180000      180298
 max=  0.20164228229779330     
 min=   0.0000000000000000     
       n_pass,     n_total
      190000      190298
 ITERATION           10 :
  0.14136382362218955      +\-   5.3731297520704619E-006
 precision:   3.8009227639673538E-005
 ====================NCALL=40K ===========================
  
 max=  0.20164228229779330     
 min=   0.0000000000000000     
       n_pass,     n_total
      200000      200403
 max=  0.20164228229779330     
 min=   0.0000000000000000     
       n_pass,     n_total
      210000      210403
 max=  0.20164228229779330     
 min=   0.0000000000000000     
       n_pass,     n_total
      220000      220403
 max=  0.20164228229779330     
 min=   0.0000000000000000     
       n_pass,     n_total
      230000      230403
  0.14135937853437427      +\-   2.7045363091669570E-006
 precision:   1.9132344363761450E-005
 ====================NCALL=80K ===========================
  
 max=  0.20164228229779330     
 min=   0.0000000000000000     
       n_pass,     n_total
      240000      240666
 max=  0.20164228229779330     
 min=   0.0000000000000000     
       n_pass,     n_total
      250000      250666
 max=  0.20164228229779330     
 min=   0.0000000000000000     
       n_pass,     n_total
      260000      260666
 max=  0.20164228229779330     
 min=   0.0000000000000000     
       n_pass,     n_total
      270000      270666
 max=  0.20164228229779330     
 min=   0.0000000000000000     
       n_pass,     n_total
      280000      280666
 max=  0.20164228229779330     
 min=   0.0000000000000000     
       n_pass,     n_total
      290000      290666
 max=  0.20164228229779330     
 min=   0.0000000000000000     
       n_pass,     n_total
      300000      300666
 max=  0.20164228229779330     
 min=   0.0000000000000000     
       n_pass,     n_total
      310000      310666
  0.14135721520099614      +\-   1.2993326128156791E-006
 precision:   9.1918379331975028E-006
 sigma (pb)                   sd (pb)
  0.14135721520099614        1.2993326128156791E-006
