 =======================================================
 |                                                     |
 |         \/\/\/\/\/\___________/\/\/\/\/\/           |
 |                   |     \     |                     |
 |                   |     /     |                     |
 |                   |     \     |                     |
 |         /\/\/\/\/\|_____/_____|/\/\/\/\/\           |
 |                                                     |
 | Light-by-light scattering at next-to-leading order  |
 |                   (VERSION 0.5)                     |
 |                                                     |
 |    Authors:                                         |
 |            Ajjath A.H. (LPTHE Paris)                |
 |            Ekta Chaubey (Bonn)                      |
 |            Mathijs Fraaije (Bern)                   |
 |            Valentin Hirschi (Bern)                  |
 |            Hua-Sheng Shao (LPTHE Paris)             |
 |                                                     |
 |    Please cite                                      |
 |            PLB 851 (2024) 138555 [arXiv:2312.16956] |
 |            JHEP 03 (2024) 121    [arXiv:2312.16966] |
 |                                                     |
 =======================================================
 ---------------------------------------------------
         the cuts in the lab frame                  
 min transverse momentum of photon    0.0000000000000000     
 max (pseudo-)rapidity of photon    5.0000000000000000     
 min (pseudo-)rapidity of photon   -5.0000000000000000     
 min invariant mass of di-photon    0.0000000000000000     
 ---------------------------------------------------
 WARNING: outside the range of the grid (xs,xt)=   7.0695204447250054E-002  -7.0695203740308923E-002
 WARNING: set the 2-loop amplitudes to zero
 WARNING: outside the range of the grid (xs,xt)=   7.0829779613375457E-002  -7.0829778905088611E-002
 WARNING: set the 2-loop amplitudes to zero
 WARNING: outside the range of the grid (xs,xt)=   7.0744307976031873E-002  -7.0744307268599732E-002
 WARNING: set the 2-loop amplitudes to zero
 WARNING: outside the range of the grid (xs,xt)=   7.0884146405833515E-002  -7.0884145697003020E-002
 WARNING: set the 2-loop amplitudes to zero
 WARNING: outside the range of the grid (xs,xt)=   7.0916052071400559E-002  -7.0916051362251015E-002
 WARNING: set the 2-loop amplitudes to zero
 INFO: will suppress the further warning
 max=   1.1952749771254194     
 min=   0.0000000000000000     
       n_pass,     n_total
       10000       10000
  
 ====================NCALL=20K===========================
  
 ITERATION            1 :
  0.84873176931232741      +\-   3.0968409557500854E-005
 precision:   3.6487864219566751E-005
 max=   1.2046774593237835     
 min=   0.0000000000000000     
       n_pass,     n_total
       20000       20002
 max=   1.2046774593237835     
 min=   0.0000000000000000     
       n_pass,     n_total
       30000       30002
 ITERATION            2 :
  0.84865935867733078      +\-   5.3512287683138927E-005
 precision:   6.3055084629644504E-005
 max=   1.2071440645661649     
 min=   0.0000000000000000     
       n_pass,     n_total
       40000       40010
 max=   1.2071440645661649     
 min=   0.0000000000000000     
       n_pass,     n_total
       50000       50010
 ITERATION            3 :
  0.84859145273856496      +\-   4.6249949824875534E-005
 precision:   5.4502021762790810E-005
 max=   1.2074063508508595     
 min=   0.0000000000000000     
       n_pass,     n_total
       60000       60033
 max=   1.2074063508508595     
 min=   0.0000000000000000     
       n_pass,     n_total
       70000       70033
 ITERATION            4 :
  0.84860921379095300      +\-   3.6981913029288300E-005
 precision:   4.3579438483917345E-005
 max=   1.2074313056806023     
 min=   0.0000000000000000     
       n_pass,     n_total
       80000       80063
 max=   1.2074313056806023     
 min=   0.0000000000000000     
       n_pass,     n_total
       90000       90063
 ITERATION            5 :
  0.84862520402299668      +\-   3.1153558489960982E-005
 precision:   3.6710621299337179E-005
 max=   1.2074313056806023     
 min=   0.0000000000000000     
       n_pass,     n_total
      100000      100103
 max=   1.2074313056806023     
 min=   0.0000000000000000     
       n_pass,     n_total
      110000      110103
 ITERATION            6 :
  0.84860386920469855      +\-   2.8491400750056568E-005
 precision:   3.3574441248728183E-005
 max=   1.2074313056806023     
 min=   0.0000000000000000     
       n_pass,     n_total
      120000      120145
 max=   1.2074313056806023     
 min=   0.0000000000000000     
       n_pass,     n_total
      130000      130145
 ITERATION            7 :
  0.84865565599462300      +\-   2.8055250442028073E-005
 precision:   3.3058461631469793E-005
 max=   1.2074313056806023     
 min=   0.0000000000000000     
       n_pass,     n_total
      140000      140198
 max=   1.2074313056806023     
 min=   0.0000000000000000     
       n_pass,     n_total
      150000      150198
 ITERATION            8 :
  0.84857855203530297      +\-   2.7828222820044606E-005
 precision:   3.2793926682802707E-005
 max=   1.2074492474495626     
 min=   0.0000000000000000     
       n_pass,     n_total
      160000      160264
 max=   1.2074492474495626     
 min=   0.0000000000000000     
       n_pass,     n_total
      170000      170264
 ITERATION            9 :
  0.84861735858500820      +\-   2.6770688401311910E-005
 precision:   3.1546241813801194E-005
 max=   1.2074521681633212     
 min=   0.0000000000000000     
       n_pass,     n_total
      180000      180332
 max=   1.2074521681633212     
 min=   0.0000000000000000     
       n_pass,     n_total
      190000      190332
 ITERATION           10 :
  0.84863613312358843      +\-   2.7728134443867507E-005
 precision:   3.2673761299566780E-005
 ====================NCALL=40K ===========================
  
 max=   1.2074539328036504     
 min=   0.0000000000000000     
       n_pass,     n_total
      200000      200467
 max=   1.2074539328036504     
 min=   0.0000000000000000     
       n_pass,     n_total
      210000      210467
 max=   1.2074539328036504     
 min=   0.0000000000000000     
       n_pass,     n_total
      220000      220467
 max=   1.2074539328036504     
 min=   0.0000000000000000     
       n_pass,     n_total
      230000      230467
  0.84861885682401172      +\-   1.4412689345674998E-005
 precision:   1.6983701493053119E-005
 ====================NCALL=80K ===========================
  
 max=   1.2074544053211833     
 min=   0.0000000000000000     
       n_pass,     n_total
      240000      240769
 max=   1.2074544053211833     
 min=   0.0000000000000000     
       n_pass,     n_total
      250000      250769
 max=   1.2074544053211833     
 min=   0.0000000000000000     
       n_pass,     n_total
      260000      260769
 max=   1.2074544053211833     
 min=   0.0000000000000000     
       n_pass,     n_total
      270000      270769
 max=   1.2074544053211833     
 min=   0.0000000000000000     
       n_pass,     n_total
      280000      280769
 max=   1.2074544053211833     
 min=   0.0000000000000000     
       n_pass,     n_total
      290000      290769
 max=   1.2074544053211833     
 min=   0.0000000000000000     
       n_pass,     n_total
      300000      300769
 max=   1.2074544053211833     
 min=   0.0000000000000000     
       n_pass,     n_total
      310000      310769
  0.84860675961647059      +\-   7.1750739215325617E-006
 precision:   8.4551222815799266E-006
 sigma (pb)                   sd (pb)
  0.84860675961647059        7.1750739215325617E-006
