 =======================================================
 |                                                     |
 |         \/\/\/\/\/\___________/\/\/\/\/\/           |
 |                   |     \     |                     |
 |                   |     /     |                     |
 |                   |     \     |                     |
 |         /\/\/\/\/\|_____/_____|/\/\/\/\/\           |
 |                                                     |
 | Light-by-light scattering at next-to-leading order  |
 |                   (VERSION 0.5)                     |
 |                                                     |
 |    Authors:                                         |
 |            Ajjath A.H. (LPTHE Paris)                |
 |            Ekta Chaubey (Bonn)                      |
 |            Mathijs Fraaije (Bern)                   |
 |            Valentin Hirschi (Bern)                  |
 |            Hua-Sheng Shao (LPTHE Paris)             |
 |                                                     |
 |    Please cite                                      |
 |            PLB 851 (2024) 138555 [arXiv:2312.16956] |
 |            JHEP 03 (2024) 121    [arXiv:2312.16966] |
 |                                                     |
 =======================================================
 ---------------------------------------------------
         the cuts in the lab frame                  
 min transverse momentum of photon    0.0000000000000000     
 max (pseudo-)rapidity of photon    5.0000000000000000     
 min (pseudo-)rapidity of photon   -5.0000000000000000     
 min invariant mass of di-photon    0.0000000000000000     
 ---------------------------------------------------
 max=   73101.583113433910     
 min=   0.0000000000000000     
       n_pass,     n_total
       10000       10000
  
 ====================NCALL=20K===========================
  
 ITERATION            1 :
   1059.7659701593777      +\-   8.9913794364160111     
 precision:   8.4843066201340678E-003
 WARNING: outside the range of the grid (xs,xt)=  0.20182891512586315      -0.20181927844297551     
 WARNING: set the 2-loop amplitudes to zero
 WARNING: outside the range of the grid (xs,xt)=  0.19593641868512104      -0.19592706335002530     
 WARNING: set the 2-loop amplitudes to zero
 WARNING: outside the range of the grid (xs,xt)=   9.4336734693877544E-002  -9.4332230417588217E-002
 WARNING: set the 2-loop amplitudes to zero
 WARNING: outside the range of the grid (xs,xt)=   1.0066777777777777E-002  -1.0066297121450192E-002
 WARNING: set the 2-loop amplitudes to zero
 WARNING: outside the range of the grid (xs,xt)=   86742.353161944076       -86738.211492997245     
 WARNING: set the 2-loop amplitudes to zero
 INFO: will suppress the further warning
 max=   80050.665559225905     
 min=   0.0000000000000000     
       n_pass,     n_total
       20000       20009
 max=   80050.665559225905     
 min=   0.0000000000000000     
       n_pass,     n_total
       30000       30009
 ITERATION            2 :
   1049.2091528954816      +\-   2.2818102860502538     
 precision:   2.1747906790111271E-003
 max=   81615.964601491272     
 min=   0.0000000000000000     
       n_pass,     n_total
       40000       40044
 max=   81615.964601491272     
 min=   0.0000000000000000     
       n_pass,     n_total
       50000       50044
 ITERATION            3 :
   1049.0448268891259      +\-  0.76726513245664263     
 precision:   7.3139403845297758E-004
 max=   82022.476424051085     
 min=   0.0000000000000000     
       n_pass,     n_total
       60000       60180
 max=   82022.476424051085     
 min=   0.0000000000000000     
       n_pass,     n_total
       70000       70180
 ITERATION            4 :
   1049.3957731832588      +\-  0.47556348937569082     
 precision:   4.5317839229817619E-004
 max=   82162.574612573168     
 min=   0.0000000000000000     
       n_pass,     n_total
       80000       80501
 max=   82162.574612573168     
 min=   0.0000000000000000     
       n_pass,     n_total
       90000       90501
 ITERATION            5 :
   1049.0776225291334      +\-  0.32178137011430419     
 precision:   3.0672789429875405E-004
 max=   82173.833272633463     
 min=   0.0000000000000000     
       n_pass,     n_total
      100000      100970
 max=   82173.833272633463     
 min=   0.0000000000000000     
       n_pass,     n_total
      110000      110970
 ITERATION            6 :
   1049.1302770813836      +\-  0.27628212887724579     
 precision:   2.6334396681968402E-004
 max=   82173.833272633463     
 min=   0.0000000000000000     
       n_pass,     n_total
      120000      121488
 max=   82173.833272633463     
 min=   0.0000000000000000     
       n_pass,     n_total
      130000      131488
 ITERATION            7 :
   1049.4594067932389      +\-  0.28018347235867030     
 precision:   2.6697885649032172E-004
 max=   82173.833272633463     
 min=   0.0000000000000000     
       n_pass,     n_total
      140000      142147
 max=   82173.833272633463     
 min=   0.0000000000000000     
       n_pass,     n_total
      150000      152147
 ITERATION            8 :
   1048.7075533238217      +\-  0.26839810736144704     
 precision:   2.5593227254898067E-004
 max=   82173.833272633463     
 min=   0.0000000000000000     
       n_pass,     n_total
      160000      162861
 max=   82173.833272633463     
 min=   0.0000000000000000     
       n_pass,     n_total
      170000      172861
 ITERATION            9 :
   1049.2693464444744      +\-  0.26446696015963872     
 precision:   2.5204868612220901E-004
 max=   82173.833272633463     
 min=   0.0000000000000000     
       n_pass,     n_total
      180000      183463
 max=   82173.833272633463     
 min=   0.0000000000000000     
       n_pass,     n_total
      190000      193463
 ITERATION           10 :
   1049.5113731571873      +\-  0.26197484127390286     
 precision:   2.4961600986354095E-004
 ====================NCALL=40K ===========================
  
 max=   82173.833272633463     
 min=   0.0000000000000000     
       n_pass,     n_total
      200000      204670
 max=   82173.833272633463     
 min=   0.0000000000000000     
       n_pass,     n_total
      210000      214670
 max=   82173.833272633463     
 min=   0.0000000000000000     
       n_pass,     n_total
      220000      224670
 max=   82173.833272633463     
 min=   0.0000000000000000     
       n_pass,     n_total
      230000      234670
   1049.3119672670277      +\-  0.13798417057202778     
 precision:   1.3149966347130560E-004
 ====================NCALL=80K ===========================
  
 max=   82173.833272633463     
 min=   0.0000000000000000     
       n_pass,     n_total
      240000      246192
 max=   82173.833272633463     
 min=   0.0000000000000000     
       n_pass,     n_total
      250000      256192
 max=   82173.833272633463     
 min=   0.0000000000000000     
       n_pass,     n_total
      260000      266192
 max=   82173.833272633463     
 min=   0.0000000000000000     
       n_pass,     n_total
      270000      276192
 max=   82173.833272633463     
 min=   0.0000000000000000     
       n_pass,     n_total
      280000      286192
 max=   82173.833272633463     
 min=   0.0000000000000000     
       n_pass,     n_total
      290000      296192
 max=   82173.833272633463     
 min=   0.0000000000000000     
       n_pass,     n_total
      300000      306192
   1049.2191712762060      +\-   6.9514542688142764E-002
 precision:   6.6253595617767378E-005
 sigma (pb)                   sd (pb)
   1049.2191712762060        6.9514542688142764E-002
