 =======================================================
 |                                                     |
 |         \/\/\/\/\/\___________/\/\/\/\/\/           |
 |                   |     \     |                     |
 |                   |     /     |                     |
 |                   |     \     |                     |
 |         /\/\/\/\/\|_____/_____|/\/\/\/\/\           |
 |                                                     |
 | Light-by-light scattering at next-to-leading order  |
 |                   (VERSION 0.5)                     |
 |                                                     |
 |    Authors:                                         |
 |            Ajjath A.H. (LPTHE Paris)                |
 |            Ekta Chaubey (Bonn)                      |
 |            Mathijs Fraaije (Bern)                   |
 |            Valentin Hirschi (Bern)                  |
 |            Hua-Sheng Shao (LPTHE Paris)             |
 |                                                     |
 |    Please cite                                      |
 |            PLB 851 (2024) 138555 [arXiv:2312.16956] |
 |            JHEP 03 (2024) 121    [arXiv:2312.16966] |
 |                                                     |
 =======================================================
 ---------------------------------------------------
         the cuts in the lab frame                  
 min transverse momentum of photon    0.0000000000000000     
 max (pseudo-)rapidity of photon    5.0000000000000000     
 min (pseudo-)rapidity of photon   -5.0000000000000000     
 min invariant mass of di-photon    0.0000000000000000     
 ---------------------------------------------------
 max=   1448518.9803230201     
 min=   0.0000000000000000     
       n_pass,     n_total
       10000       10000
  
 ====================NCALL=20K===========================
  
 ITERATION            1 :
   106810.33295935523      +\-   232.71989886262847     
 precision:   2.1788144687385803E-003
 max=   1455172.6443005388     
 min=   0.0000000000000000     
       n_pass,     n_total
       20000       20007
 max=   1455172.6443005388     
 min=   0.0000000000000000     
       n_pass,     n_total
       30000       30007
 ITERATION            2 :
   106336.19147602172      +\-   40.742988762903593     
 precision:   3.8315260493498995E-004
 WARNING: outside the range of the grid (xs,xt)=   846.79861060581118       -846.75639435950609     
 WARNING: set the 2-loop amplitudes to zero
 WARNING: outside the range of the grid (xs,xt)=   1.7194748498393413E-002  -1.7193891272450110E-002
 WARNING: set the 2-loop amplitudes to zero
 WARNING: outside the range of the grid (xs,xt)=   846.79861060581118       -846.75632356536732     
 WARNING: set the 2-loop amplitudes to zero
 WARNING: outside the range of the grid (xs,xt)=   1.7194748498393413E-002  -1.7193889834933095E-002
 WARNING: set the 2-loop amplitudes to zero
 WARNING: outside the range of the grid (xs,xt)=   846.79861060581118       -846.75889115182770     
 WARNING: set the 2-loop amplitudes to zero
 INFO: will suppress the further warning
 max=   1464238.7368389908     
 min=   0.0000000000000000     
       n_pass,     n_total
       40000       40030
 max=   1464238.7368389908     
 min=   0.0000000000000000     
       n_pass,     n_total
       50000       50030
 ITERATION            3 :
   106294.75968935117      +\-   29.650481893657965     
 precision:   2.7894584813317389E-004
 max=   1464238.7368389908     
 min=   0.0000000000000000     
       n_pass,     n_total
       60000       60086
 max=   1464238.7368389908     
 min=   0.0000000000000000     
       n_pass,     n_total
       70000       70086
 ITERATION            4 :
   106287.07518402743      +\-   25.562028180213488     
 precision:   2.4049987391180832E-004
 max=   1464529.7867995633     
 min=   0.0000000000000000     
       n_pass,     n_total
       80000       80176
 max=   1464529.7867995633     
 min=   0.0000000000000000     
       n_pass,     n_total
       90000       90176
 ITERATION            5 :
   106294.25381367937      +\-   22.321283896177352     
 precision:   2.0999520759893371E-004
 max=   1464693.0810221131     
 min=   0.0000000000000000     
       n_pass,     n_total
      100000      100315
 max=   1464693.0810221131     
 min=   0.0000000000000000     
       n_pass,     n_total
      110000      110315
 ITERATION            6 :
   106278.31812924582      +\-   21.114287837907902     
 precision:   1.9866975888939705E-004
 max=   1464693.0810221131     
 min=   0.0000000000000000     
       n_pass,     n_total
      120000      120471
 max=   1464693.0810221131     
 min=   0.0000000000000000     
       n_pass,     n_total
      130000      130471
 ITERATION            7 :
   106332.63237343245      +\-   20.358503504429684     
 precision:   1.9146054273284709E-004
 max=   1469960.1489093956     
 min=   0.0000000000000000     
       n_pass,     n_total
      140000      140632
 max=   1469960.1489093956     
 min=   0.0000000000000000     
       n_pass,     n_total
      150000      150632
 ITERATION            8 :
   106267.31039111690      +\-   20.045754478994890     
 precision:   1.8863519181219963E-004
 max=   1469960.1489093956     
 min=   0.0000000000000000     
       n_pass,     n_total
      160000      160810
 max=   1469960.1489093956     
 min=   0.0000000000000000     
       n_pass,     n_total
      170000      170810
 ITERATION            9 :
   106296.15248992827      +\-   19.609733202657726     
 precision:   1.8448206019983443E-004
 max=   1469960.1489093956     
 min=   0.0000000000000000     
       n_pass,     n_total
      180000      181001
 max=   1469960.1489093956     
 min=   0.0000000000000000     
       n_pass,     n_total
      190000      191001
 ITERATION           10 :
   106315.41531187901      +\-   19.808351522520717     
 precision:   1.8631683340005216E-004
 ====================NCALL=40K ===========================
  
 max=   1469960.1489093956     
 min=   0.0000000000000000     
       n_pass,     n_total
      200000      201308
 max=   1469960.1489093956     
 min=   0.0000000000000000     
       n_pass,     n_total
      210000      211308
 max=   1469960.1489093956     
 min=   0.0000000000000000     
       n_pass,     n_total
      220000      221308
 max=   1469960.1489093956     
 min=   0.0000000000000000     
       n_pass,     n_total
      230000      231308
   106312.59055547822      +\-   9.6160088081978969     
 precision:   9.0450329146855594E-005
 ====================NCALL=80K ===========================
  
 max=   1469960.1489093956     
 min=   0.0000000000000000     
       n_pass,     n_total
      240000      241906
 max=   1469960.1489093956     
 min=   0.0000000000000000     
       n_pass,     n_total
      250000      251906
 max=   1469960.1489093956     
 min=   0.0000000000000000     
       n_pass,     n_total
      260000      261906
 max=   1469960.1489093956     
 min=   0.0000000000000000     
       n_pass,     n_total
      270000      271906
 max=   1469960.1489093956     
 min=   0.0000000000000000     
       n_pass,     n_total
      280000      281906
 max=   1469960.1489093956     
 min=   0.0000000000000000     
       n_pass,     n_total
      290000      291906
 max=   1469960.1489093956     
 min=   0.0000000000000000     
       n_pass,     n_total
      300000      301906
 max=   1469960.1489093956     
 min=   0.0000000000000000     
       n_pass,     n_total
      310000      311906
   106299.34505212583      +\-   4.4588561887383769     
 precision:   4.1946224471579719E-005
 sigma (pb)                   sd (pb)
   106299.34505212583        4.4588561887383769     
