 =======================================================
 |                                                     |
 |         \/\/\/\/\/\___________/\/\/\/\/\/           |
 |                   |     \     |                     |
 |                   |     /     |                     |
 |                   |     \     |                     |
 |         /\/\/\/\/\|_____/_____|/\/\/\/\/\           |
 |                                                     |
 | Light-by-light scattering at next-to-leading order  |
 |                   (VERSION 0.5)                     |
 |                                                     |
 |    Authors:                                         |
 |            Ajjath A.H. (LPTHE Paris)                |
 |            Ekta Chaubey (Bonn)                      |
 |            Mathijs Fraaije (Bern)                   |
 |            Valentin Hirschi (Bern)                  |
 |            Hua-Sheng Shao (LPTHE Paris)             |
 |                                                     |
 |    Please cite                                      |
 |            PLB 851 (2024) 138555 [arXiv:2312.16956] |
 |            JHEP 03 (2024) 121    [arXiv:2312.16966] |
 |                                                     |
 =======================================================
 ---------------------------------------------------
         the cuts in the lab frame                  
 min transverse momentum of photon    0.0000000000000000     
 max (pseudo-)rapidity of photon    5.0000000000000000     
 min (pseudo-)rapidity of photon   -5.0000000000000000     
 min invariant mass of di-photon    0.0000000000000000     
 ---------------------------------------------------
 WARNING: outside the range of the grid (xs,xt)=  0.12169965306508000      -0.12169965184811582     
 WARNING: set the 2-loop amplitudes to zero
 WARNING: outside the range of the grid (xs,xt)=  0.12155279578741528      -0.12155279457191957     
 WARNING: set the 2-loop amplitudes to zero
 WARNING: outside the range of the grid (xs,xt)=  0.12179306603087663      -0.12179306481297832     
 WARNING: set the 2-loop amplitudes to zero
 WARNING: outside the range of the grid (xs,xt)=  0.12184788631200014      -0.12184788509355367     
 WARNING: set the 2-loop amplitudes to zero
 WARNING: outside the range of the grid (xs,xt)=  0.12173863371813681      -0.12173863250078280     
 WARNING: set the 2-loop amplitudes to zero
 INFO: will suppress the further warning
 max=   6.0940392656075453     
 min=   0.0000000000000000     
       n_pass,     n_total
       10000       10000
  
 ====================NCALL=20K===========================
  
 ITERATION            1 :
   4.3200881213804312      +\-   1.3674694178265063E-004
 precision:   3.1653738984137856E-005
 max=   6.1133459125555119     
 min=   0.0000000000000000     
       n_pass,     n_total
       20000       20002
 max=   6.1133459125555119     
 min=   0.0000000000000000     
       n_pass,     n_total
       30000       30002
 ITERATION            2 :
   4.3197744393797164      +\-   2.4220756688676565E-004
 precision:   5.6069493971436300E-005
 max=   6.1233854781388279     
 min=   0.0000000000000000     
       n_pass,     n_total
       40000       40012
 max=   6.1233854781388279     
 min=   0.0000000000000000     
       n_pass,     n_total
       50000       50012
 ITERATION            3 :
   4.3197750317641903      +\-   2.1312934653130617E-004
 precision:   4.9338066210421248E-005
 max=   6.1244660057348277     
 min=   0.0000000000000000     
       n_pass,     n_total
       60000       60038
 max=   6.1244660057348277     
 min=   0.0000000000000000     
       n_pass,     n_total
       70000       70038
 ITERATION            4 :
   4.3195805747500895      +\-   2.0676003822580228E-004
 precision:   4.7865767207679517E-005
 max=   6.1262552973572015     
 min=   0.0000000000000000     
       n_pass,     n_total
       80000       80064
 max=   6.1262552973572015     
 min=   0.0000000000000000     
       n_pass,     n_total
       90000       90064
 ITERATION            5 :
   4.3195574902361029      +\-   1.7254387125832101E-004
 precision:   3.9944802598029536E-005
 max=   6.1272937840828119     
 min=   0.0000000000000000     
       n_pass,     n_total
      100000      100096
 max=   6.1272937840828119     
 min=   0.0000000000000000     
       n_pass,     n_total
      110000      110096
 ITERATION            6 :
   4.3194767039430761      +\-   1.5080125944073216E-004
 precision:   3.4911927943278815E-005
 max=   6.1274006537448846     
 min=   0.0000000000000000     
       n_pass,     n_total
      120000      120129
 max=   6.1274006537448846     
 min=   0.0000000000000000     
       n_pass,     n_total
      130000      130129
 ITERATION            7 :
   4.3196632569630733      +\-   1.4249114751811761E-004
 precision:   3.2986633226196337E-005
 max=   6.1274006537448846     
 min=   0.0000000000000000     
       n_pass,     n_total
      140000      140176
 max=   6.1274006537448846     
 min=   0.0000000000000000     
       n_pass,     n_total
      150000      150176
 ITERATION            8 :
   4.3192486294659771      +\-   1.4093151068847803E-004
 precision:   3.2628709939743041E-005
 max=   6.1274006537448846     
 min=   0.0000000000000000     
       n_pass,     n_total
      160000      160240
 max=   6.1274006537448846     
 min=   0.0000000000000000     
       n_pass,     n_total
      170000      170240
 ITERATION            9 :
   4.3195529094894720      +\-   1.3428095742806247E-004
 precision:   3.1086772228918743E-005
 max=   6.1274230007078403     
 min=   0.0000000000000000     
       n_pass,     n_total
      180000      180306
 max=   6.1274230007078403     
 min=   0.0000000000000000     
       n_pass,     n_total
      190000      190306
 ITERATION           10 :
   4.3196500251028072      +\-   1.3538228266191186E-004
 precision:   3.1341030378656612E-005
 ====================NCALL=40K ===========================
  
 max=   6.1274230007078403     
 min=   0.0000000000000000     
       n_pass,     n_total
      200000      200445
 max=   6.1274230007078403     
 min=   0.0000000000000000     
       n_pass,     n_total
      210000      210445
 max=   6.1274230007078403     
 min=   0.0000000000000000     
       n_pass,     n_total
      220000      220445
 max=   6.1274230007078403     
 min=   0.0000000000000000     
       n_pass,     n_total
      230000      230445
   4.3195199531747663      +\-   6.9668920559767532E-005
 precision:   1.6128857214460180E-005
 ====================NCALL=80K ===========================
  
 max=   6.1274230007078403     
 min=   0.0000000000000000     
       n_pass,     n_total
      240000      240789
 max=   6.1274230007078403     
 min=   0.0000000000000000     
       n_pass,     n_total
      250000      250789
 max=   6.1274230007078403     
 min=   0.0000000000000000     
       n_pass,     n_total
      260000      260789
 max=   6.1274230007078403     
 min=   0.0000000000000000     
       n_pass,     n_total
      270000      270789
 max=   6.1274230007078403     
 min=   0.0000000000000000     
       n_pass,     n_total
      280000      280789
 max=   6.1274230007078403     
 min=   0.0000000000000000     
       n_pass,     n_total
      290000      290789
 max=   6.1274230007078403     
 min=   0.0000000000000000     
       n_pass,     n_total
      300000      300789
 max=   6.1274230007078403     
 min=   0.0000000000000000     
       n_pass,     n_total
      310000      310789
   4.3194652630002102      +\-   3.3679232153991202E-005
 precision:   7.7970836905395805E-006
 sigma (pb)                   sd (pb)
   4.3194652630002102        3.3679232153991202E-005
