 =======================================================
 |                                                     |
 |         \/\/\/\/\/\___________/\/\/\/\/\/           |
 |                   |     \     |                     |
 |                   |     /     |                     |
 |                   |     \     |                     |
 |         /\/\/\/\/\|_____/_____|/\/\/\/\/\           |
 |                                                     |
 | Light-by-light scattering at next-to-leading order  |
 |                   (VERSION 0.5)                     |
 |                                                     |
 |    Authors:                                         |
 |            Ajjath A.H. (LPTHE Paris)                |
 |            Ekta Chaubey (Bonn)                      |
 |            Mathijs Fraaije (Bern)                   |
 |            Valentin Hirschi (Bern)                  |
 |            Hua-Sheng Shao (LPTHE Paris)             |
 |                                                     |
 |    Please cite                                      |
 |            PLB 851 (2024) 138555 [arXiv:2312.16956] |
 |            JHEP 03 (2024) 121    [arXiv:2312.16966] |
 |                                                     |
 =======================================================
 ---------------------------------------------------
         the cuts in the lab frame                  
 min transverse momentum of photon    0.0000000000000000     
 max (pseudo-)rapidity of photon    5.0000000000000000     
 min (pseudo-)rapidity of photon   -5.0000000000000000     
 min invariant mass of di-photon    0.0000000000000000     
 ---------------------------------------------------
 max=   1237.4999201206483     
 min=   0.0000000000000000     
       n_pass,     n_total
       10000       10000
  
 ====================NCALL=20K===========================
  
 ITERATION            1 :
   53.152333860096157      +\-  0.14333788572901934     
 precision:   2.6967373832784704E-003
 WARNING: outside the range of the grid (xs,xt)=   19.228879483181107       -19.227921403305274     
 WARNING: set the 2-loop amplitudes to zero
 WARNING: outside the range of the grid (xs,xt)=   18.667482698961937       -18.666552590708775     
 WARNING: set the 2-loop amplitudes to zero
 WARNING: outside the range of the grid (xs,xt)=   8.9877592669720965       -8.9873114514199699     
 WARNING: set the 2-loop amplitudes to zero
 WARNING: outside the range of the grid (xs,xt)=  0.95909377777777793      -0.95904599088263764     
 WARNING: set the 2-loop amplitudes to zero
 WARNING: outside the range of the grid (xs,xt)=   9.5643700831024941E-002  -9.5638935378877993E-002
 WARNING: set the 2-loop amplitudes to zero
 INFO: will suppress the further warning
 max=   1391.8281468357718     
 min=   0.0000000000000000     
       n_pass,     n_total
       20000       20007
 max=   1391.8281468357718     
 min=   0.0000000000000000     
       n_pass,     n_total
       30000       30007
 ITERATION            2 :
   52.958520623701276      +\-   3.7100803139301204E-002
 precision:   7.0056343535202447E-004
 max=   1391.8281468357718     
 min=   0.0000000000000000     
       n_pass,     n_total
       40000       40035
 max=   1391.8281468357718     
 min=   0.0000000000000000     
       n_pass,     n_total
       50000       50035
 ITERATION            3 :
   52.926947119343296      +\-   1.6940811817379834E-002
 precision:   3.2007914190063775E-004
 max=   1396.7238794690440     
 min=   0.0000000000000000     
       n_pass,     n_total
       60000       60115
 max=   1396.7238794690440     
 min=   0.0000000000000000     
       n_pass,     n_total
       70000       70115
 ITERATION            4 :
   52.937106894661987      +\-   1.3413958700390536E-002
 precision:   2.5339425380919631E-004
 max=   1396.7238794690440     
 min=   0.0000000000000000     
       n_pass,     n_total
       80000       80291
 max=   1396.7238794690440     
 min=   0.0000000000000000     
       n_pass,     n_total
       90000       90291
 ITERATION            5 :
   52.925076528858106      +\-   1.1046309883661759E-002
 precision:   2.0871599264742888E-004
 max=   1398.4305730357498     
 min=   0.0000000000000000     
       n_pass,     n_total
      100000      100573
 max=   1398.4305730357498     
 min=   0.0000000000000000     
       n_pass,     n_total
      110000      110573
 ITERATION            6 :
   52.936034970463872      +\-   9.5993669859841396E-003
 precision:   1.8133898754109921E-004
 max=   1398.4305730357498     
 min=   0.0000000000000000     
       n_pass,     n_total
      120000      120859
 max=   1398.4305730357498     
 min=   0.0000000000000000     
       n_pass,     n_total
      130000      130859
 ITERATION            7 :
   52.954995929991959      +\-   9.0264605137281417E-003
 precision:   1.7045531503130288E-004
 max=   1398.4543389779233     
 min=   0.0000000000000000     
       n_pass,     n_total
      140000      141217
 max=   1398.4543389779233     
 min=   0.0000000000000000     
       n_pass,     n_total
      150000      151217
 ITERATION            8 :
   52.922717067774968      +\-   9.0223549476345956E-003
 precision:   1.7048170327461085E-004
 max=   1398.4543389779233     
 min=   0.0000000000000000     
       n_pass,     n_total
      160000      161465
 max=   1398.4543389779233     
 min=   0.0000000000000000     
       n_pass,     n_total
      170000      171465
 ITERATION            9 :
   52.933533901568168      +\-   8.8815638391318372E-003
 precision:   1.6778709420095452E-004
 max=   1398.4543389779233     
 min=   0.0000000000000000     
       n_pass,     n_total
      180000      181860
 max=   1398.4543389779233     
 min=   0.0000000000000000     
       n_pass,     n_total
      190000      191860
 ITERATION           10 :
   52.942271856468366      +\-   1.0190010355299539E-002
 precision:   1.9247399097125346E-004
 ====================NCALL=40K ===========================
  
 max=   1398.4543389779233     
 min=   0.0000000000000000     
       n_pass,     n_total
      200000      202030
 max=   1398.4543389779233     
 min=   0.0000000000000000     
       n_pass,     n_total
      210000      212030
 max=   1398.4543389779233     
 min=   0.0000000000000000     
       n_pass,     n_total
      220000      222030
 max=   1398.4543389779233     
 min=   0.0000000000000000     
       n_pass,     n_total
      230000      232030
   52.935377522752390      +\-   6.0460500195184475E-003
 precision:   1.1421567772742846E-004
 ====================NCALL=80K ===========================
  
 max=   1398.4543389779233     
 min=   0.0000000000000000     
       n_pass,     n_total
      240000      243097
 max=   1398.4543389779233     
 min=   0.0000000000000000     
       n_pass,     n_total
      250000      253097
 max=   1398.4543389779233     
 min=   0.0000000000000000     
       n_pass,     n_total
      260000      263097
 max=   1398.4543389779233     
 min=   0.0000000000000000     
       n_pass,     n_total
      270000      273097
 max=   1398.4543389779233     
 min=   0.0000000000000000     
       n_pass,     n_total
      280000      283097
 max=   1398.4543389779233     
 min=   0.0000000000000000     
       n_pass,     n_total
      290000      293097
 max=   1398.4543389779233     
 min=   0.0000000000000000     
       n_pass,     n_total
      300000      303097
 max=   1398.4543389779233     
 min=   0.0000000000000000     
       n_pass,     n_total
      310000      313097
   52.940095962101182      +\-   2.3180780188842161E-003
 precision:   4.3786811806002098E-005
 sigma (pb)                   sd (pb)
   52.940095962101182        2.3180780188842161E-003
