 =======================================================
 |                                                     |
 |         \/\/\/\/\/\___________/\/\/\/\/\/           |
 |                   |     \     |                     |
 |                   |     /     |                     |
 |                   |     \     |                     |
 |         /\/\/\/\/\|_____/_____|/\/\/\/\/\           |
 |                                                     |
 | Light-by-light scattering at next-to-leading order  |
 |                   (VERSION 0.5)                     |
 |                                                     |
 |    Authors:                                         |
 |            Ajjath A.H. (LPTHE Paris)                |
 |            Ekta Chaubey (Bonn)                      |
 |            Mathijs Fraaije (Bern)                   |
 |            Valentin Hirschi (Bern)                  |
 |            Hua-Sheng Shao (LPTHE Paris)             |
 |                                                     |
 |    Please cite                                      |
 |            PLB 851 (2024) 138555 [arXiv:2312.16956] |
 |            JHEP 03 (2024) 121    [arXiv:2312.16966] |
 |                                                     |
 =======================================================
 ---------------------------------------------------
         the cuts in the lab frame                  
 min transverse momentum of photon    0.0000000000000000     
 max (pseudo-)rapidity of photon    5.0000000000000000     
 min (pseudo-)rapidity of photon   -5.0000000000000000     
 min invariant mass of di-photon    0.0000000000000000     
 ---------------------------------------------------
 WARNING: outside the range of the grid (xs,xt)=   4.1042255263121122E-002  -4.1042254852702249E-002
 WARNING: set the 2-loop amplitudes to zero
 WARNING: outside the range of the grid (xs,xt)=   4.0931448255876086E-002  -4.0931447846565265E-002
 WARNING: set the 2-loop amplitudes to zero
 WARNING: outside the range of the grid (xs,xt)=   4.1120383169580700E-002  -4.1120382758380564E-002
 WARNING: set the 2-loop amplitudes to zero
 WARNING: outside the range of the grid (xs,xt)=   4.1070762423943995E-002  -4.1070762013240059E-002
 WARNING: set the 2-loop amplitudes to zero
 WARNING: outside the range of the grid (xs,xt)=   4.1151945929620036E-002  -4.1151945518104270E-002
 WARNING: set the 2-loop amplitudes to zero
 INFO: will suppress the further warning
 max=  0.23207844315637619     
 min=   0.0000000000000000     
       n_pass,     n_total
       10000       10000
  
 ====================NCALL=20K===========================
  
 ITERATION            1 :
  0.16566984779776070      +\-   8.0450833725556059E-006
 precision:   4.8560938997037869E-005
 max=  0.23568504969150372     
 min=   0.0000000000000000     
       n_pass,     n_total
       20000       20002
 max=  0.23568504969150372     
 min=   0.0000000000000000     
       n_pass,     n_total
       30000       30002
 ITERATION            2 :
  0.16564835055698798      +\-   1.0517730679314982E-005
 precision:   6.3494327857472805E-005
 max=  0.23621886155445754     
 min=   0.0000000000000000     
       n_pass,     n_total
       40000       40011
 max=  0.23621886155445754     
 min=   0.0000000000000000     
       n_pass,     n_total
       50000       50011
 ITERATION            3 :
  0.16564619219511884      +\-   9.5908466753655410E-006
 precision:   5.7899590375541140E-005
 max=  0.23621886155445754     
 min=   0.0000000000000000     
       n_pass,     n_total
       60000       60033
 max=  0.23621886155445754     
 min=   0.0000000000000000     
       n_pass,     n_total
       70000       70033
 ITERATION            4 :
  0.16563665948970246      +\-   8.1691571331749723E-006
 precision:   4.9319740921742294E-005
 max=  0.23621886155445754     
 min=   0.0000000000000000     
       n_pass,     n_total
       80000       80063
 max=  0.23621886155445754     
 min=   0.0000000000000000     
       n_pass,     n_total
       90000       90063
 ITERATION            5 :
  0.16564511413661642      +\-   6.8726316886031576E-006
 precision:   4.1490096006906239E-005
 max=  0.23622551136906542     
 min=   0.0000000000000000     
       n_pass,     n_total
      100000      100100
 max=  0.23622551136906542     
 min=   0.0000000000000000     
       n_pass,     n_total
      110000      110100
 ITERATION            6 :
  0.16563435436565560      +\-   6.6443525850963692E-006
 precision:   4.0114580157859331E-005
 max=  0.23622551136906542     
 min=   0.0000000000000000     
       n_pass,     n_total
      120000      120137
 max=  0.23622551136906542     
 min=   0.0000000000000000     
       n_pass,     n_total
      130000      130137
 ITERATION            7 :
  0.16564767479055265      +\-   6.0833580239552236E-006
 precision:   3.6724681053610388E-005
 max=  0.23622551136906542     
 min=   0.0000000000000000     
       n_pass,     n_total
      140000      140178
 max=  0.23622551136906542     
 min=   0.0000000000000000     
       n_pass,     n_total
      150000      150178
 ITERATION            8 :
  0.16563518730006124      +\-   6.3123054692431289E-006
 precision:   3.8109688962453905E-005
 max=  0.23622551136906542     
 min=   0.0000000000000000     
       n_pass,     n_total
      160000      160233
 max=  0.23622551136906542     
 min=   0.0000000000000000     
       n_pass,     n_total
      170000      170233
 ITERATION            9 :
  0.16563999734061707      +\-   6.2939878551399983E-006
 precision:   3.7997995388741960E-005
 max=  0.23622551136906542     
 min=   0.0000000000000000     
       n_pass,     n_total
      180000      180286
 max=  0.23622551136906542     
 min=   0.0000000000000000     
       n_pass,     n_total
      190000      190286
 ITERATION           10 :
  0.16564726454958759      +\-   5.7277802017665116E-006
 precision:   3.4578175603086176E-005
 ====================NCALL=40K ===========================
  
 max=  0.23622551136906542     
 min=   0.0000000000000000     
       n_pass,     n_total
      200000      200391
 max=  0.23622551136906542     
 min=   0.0000000000000000     
       n_pass,     n_total
      210000      210391
 max=  0.23622551136906542     
 min=   0.0000000000000000     
       n_pass,     n_total
      220000      220391
 max=  0.23622551136906542     
 min=   0.0000000000000000     
       n_pass,     n_total
      230000      230391
  0.16564263028731829      +\-   3.1449624161622026E-006
 precision:   1.8986431275010869E-005
 ====================NCALL=80K ===========================
  
 max=  0.23622673850317383     
 min=   0.0000000000000000     
       n_pass,     n_total
      240000      240649
 max=  0.23622673850317383     
 min=   0.0000000000000000     
       n_pass,     n_total
      250000      250649
 max=  0.23622673850317383     
 min=   0.0000000000000000     
       n_pass,     n_total
      260000      260649
 max=  0.23622673850317383     
 min=   0.0000000000000000     
       n_pass,     n_total
      270000      270649
 max=  0.23622673850317383     
 min=   0.0000000000000000     
       n_pass,     n_total
      280000      280649
 max=  0.23622673850317383     
 min=   0.0000000000000000     
       n_pass,     n_total
      290000      290649
 max=  0.23622673850317383     
 min=   0.0000000000000000     
       n_pass,     n_total
      300000      300649
 max=  0.23622673850317383     
 min=   0.0000000000000000     
       n_pass,     n_total
      310000      310649
  0.16563895667596690      +\-   1.6440894046139224E-006
 precision:   9.9257411276152334E-006
 sigma (pb)                   sd (pb)
  0.16563895667596690        1.6440894046139224E-006
