 =======================================================
 |                                                     |
 |         \/\/\/\/\/\___________/\/\/\/\/\/           |
 |                   |     \     |                     |
 |                   |     /     |                     |
 |                   |     \     |                     |
 |         /\/\/\/\/\|_____/_____|/\/\/\/\/\           |
 |                                                     |
 | Light-by-light scattering at next-to-leading order  |
 |                   (VERSION 0.5)                     |
 |                                                     |
 |    Authors:                                         |
 |            Ajjath A.H. (LPTHE Paris)                |
 |            Ekta Chaubey (Bonn)                      |
 |            Mathijs Fraaije (Bern)                   |
 |            Valentin Hirschi (Bern)                  |
 |            Hua-Sheng Shao (LPTHE Paris)             |
 |                                                     |
 |    Please cite                                      |
 |            PLB 851 (2024) 138555 [arXiv:2312.16956] |
 |            JHEP 03 (2024) 121    [arXiv:2312.16966] |
 |                                                     |
 =======================================================
 ---------------------------------------------------
         the cuts in the lab frame                  
 min transverse momentum of photon    0.0000000000000000     
 max (pseudo-)rapidity of photon    5.0000000000000000     
 min (pseudo-)rapidity of photon   -5.0000000000000000     
 min invariant mass of di-photon    0.0000000000000000     
 ---------------------------------------------------
 WARNING: outside the range of the grid (xs,xt)=   2.6955444235483710       -2.6955443966087751     
 WARNING: set the 2-loop amplitudes to zero
 WARNING: outside the range of the grid (xs,xt)=   2.6955686133914702       -2.6955685864516332     
 WARNING: set the 2-loop amplitudes to zero
 max=   1047250599560286.8     
 min=   0.0000000000000000     
       n_pass,     n_total
       10000       10000
  
 ====================NCALL=20K===========================
  
 ITERATION            1 :
   95803897374.006989      +\-   68192450707.761650     
 precision:  0.71179203118998857     
 WARNING: outside the range of the grid (xs,xt)=   2.6955537284470674       -2.6955537015073792     
 WARNING: set the 2-loop amplitudes to zero
 WARNING: outside the range of the grid (xs,xt)=   2.6954585289830058       -2.6954585020442683     
 WARNING: set the 2-loop amplitudes to zero
 WARNING: outside the range of the grid (xs,xt)=   2.6955559213725517       -2.6955558944328413     
 WARNING: set the 2-loop amplitudes to zero
 INFO: will suppress the further warning
 max=   2471798129195051.0     
 min=   0.0000000000000000     
       n_pass,     n_total
       20000       20017
 max=   2471798129195051.0     
 min=   0.0000000000000000     
       n_pass,     n_total
       30000       30017
 ITERATION            2 :
   67857249072.561531      +\-   52779154551.387772     
 precision:  0.77779684960334361     
 max=   2711180771334004.5     
 min=   0.0000000000000000     
       n_pass,     n_total
       40000       40291
 max=   2711180771334004.5     
 min=   0.0000000000000000     
       n_pass,     n_total
       50000       50291
 ITERATION            3 :
   80007261755.185745      +\-   4497271784.2034130     
 precision:   5.6210794939647063E-002
 max=   2711180771334004.5     
 min=   0.0000000000000000     
       n_pass,     n_total
       60000       64863
 max=   2711180771334004.5     
 min=   0.0000000000000000     
       n_pass,     n_total
       70000       74863
 ITERATION            4 :
   83773263292.118225      +\-   119281889.39538427     
 precision:   1.4238658577671386E-003
 max=   2712806098615946.5     
 min=   0.0000000000000000     
       n_pass,     n_total
       80000       91359
 ITERATION            5 :
   83837006905.842270      +\-   43386347.489737391     
 precision:   5.1750830678467326E-004
 max=   2712806098615946.5     
 min=   0.0000000000000000     
       n_pass,     n_total
       90000      105079
 max=   2712806098615946.5     
 min=   0.0000000000000000     
       n_pass,     n_total
      100000      115079
 ITERATION            6 :
   83815362531.341461      +\-   14457620.047667004     
 precision:   1.7249367670826217E-004
 max=   2712810617578883.5     
 min=   0.0000000000000000     
       n_pass,     n_total
      110000      126607
 max=   2712810617578883.5     
 min=   0.0000000000000000     
       n_pass,     n_total
      120000      136607
 ITERATION            7 :
   83796481185.394867      +\-   8323042.8884031717     
 precision:   9.9324491561750912E-005
 max=   2712810617578883.5     
 min=   0.0000000000000000     
       n_pass,     n_total
      130000      148078
 ITERATION            8 :
   83810011913.461426      +\-   9009416.9734826069     
 precision:   1.0749809918635186E-004
 max=   2712810617578883.5     
 min=   0.0000000000000000     
       n_pass,     n_total
      140000      159125
 max=   2712810617578883.5     
 min=   0.0000000000000000     
       n_pass,     n_total
      150000      169125
 ITERATION            9 :
   83681688099.288956      +\-   6892939.6180475103     
 precision:   8.2370943686855180E-005
 max=   2712810617578883.5     
 min=   0.0000000000000000     
       n_pass,     n_total
      160000      180476
 max=   2712810617578883.5     
 min=   0.0000000000000000     
       n_pass,     n_total
      170000      190476
 ITERATION           10 :
   82883414903.506714      +\-   5052388.5545078069     
 precision:   6.0957774970901273E-005
 ====================NCALL=40K ===========================
  
 max=   2712810617578883.5     
 min=   0.0000000000000000     
       n_pass,     n_total
      180000      202699
 max=   2712810617578883.5     
 min=   0.0000000000000000     
       n_pass,     n_total
      190000      212699
 max=   2712810617578883.5     
 min=   0.0000000000000000     
       n_pass,     n_total
      200000      222699
 max=   2712810617578883.5     
 min=   0.0000000000000000     
       n_pass,     n_total
      210000      232699
   81440844613.062393      +\-   3720688.0405656043     
 precision:   4.5685774235804511E-005
 ====================NCALL=80K ===========================
  
 max=   2712812110324115.0     
 min=   0.0000000000000000     
       n_pass,     n_total
      220000      252299
 max=   2712812110324115.0     
 min=   0.0000000000000000     
       n_pass,     n_total
      230000      262299
 max=   2712812110324115.0     
 min=   0.0000000000000000     
       n_pass,     n_total
      240000      272299
 max=   2712812110324115.0     
 min=   0.0000000000000000     
       n_pass,     n_total
      250000      282299
 max=   2712812110324115.0     
 min=   0.0000000000000000     
       n_pass,     n_total
      260000      292299
 max=   2712812110324115.0     
 min=   0.0000000000000000     
       n_pass,     n_total
      270000      302299
 max=   2712812110324115.0     
 min=   0.0000000000000000     
       n_pass,     n_total
      280000      312299
   80719531042.242371      +\-   1295544.3659216573     
 precision:   1.6049949116325631E-005
 sigma (pb)                   sd (pb)
   80719531042.242371        1295544.3659216573     
