 =======================================================
 |                                                     |
 |         \/\/\/\/\/\___________/\/\/\/\/\/           |
 |                   |     \     |                     |
 |                   |     /     |                     |
 |                   |     \     |                     |
 |         /\/\/\/\/\|_____/_____|/\/\/\/\/\           |
 |                                                     |
 | Light-by-light scattering at next-to-leading order  |
 |                   (VERSION 0.5)                     |
 |                                                     |
 |    Authors:                                         |
 |            Ajjath A.H. (LPTHE Paris)                |
 |            Ekta Chaubey (Bonn)                      |
 |            Mathijs Fraaije (Bern)                   |
 |            Valentin Hirschi (Bern)                  |
 |            Hua-Sheng Shao (LPTHE Paris)             |
 |                                                     |
 |    Please cite                                      |
 |            PLB 851 (2024) 138555 [arXiv:2312.16956] |
 |            JHEP 03 (2024) 121    [arXiv:2312.16966] |
 |                                                     |
 =======================================================
 ---------------------------------------------------
         the cuts in the lab frame                  
 min transverse momentum of photon    0.0000000000000000     
 max (pseudo-)rapidity of photon    5.0000000000000000     
 min (pseudo-)rapidity of photon   -5.0000000000000000     
 min invariant mass of di-photon    0.0000000000000000     
 ---------------------------------------------------
 max=   3124690.3644493856     
 min=   0.0000000000000000     
       n_pass,     n_total
       10000       10000
  
 ====================NCALL=20K===========================
  
 ITERATION            1 :
   1837437.3125139463      +\-   56.606848147524900     
 precision:   3.0807498988945912E-005
 WARNING: outside the range of the grid (xs,xt)=   8.4679861060581132       -8.4675817665909801     
 WARNING: set the 2-loop amplitudes to zero
 max=   4973282.0230762335     
 min=   0.0000000000000000     
       n_pass,     n_total
       20000       20002
 max=   4973282.0230762335     
 min=   0.0000000000000000     
       n_pass,     n_total
       30000       30002
 ITERATION            2 :
   1837566.9770222860      +\-   179.57703776598399     
 precision:   9.7725438044703216E-005
 WARNING: outside the range of the grid (xs,xt)=   8.4679861060581132       -8.4675749087611507     
 WARNING: set the 2-loop amplitudes to zero
 max=   7160745.6021265248     
 min=   0.0000000000000000     
       n_pass,     n_total
       40000       40011
 max=   7160745.6021265248     
 min=   0.0000000000000000     
       n_pass,     n_total
       50000       50011
 WARNING: outside the range of the grid (xs,xt)=   8.4679861060581132       -4.0612439220672560E-004
 WARNING: set the 2-loop amplitudes to zero
 ITERATION            3 :
   1837168.1022686539      +\-   109.77967129117212     
 precision:   5.9754831991481397E-005
 WARNING: outside the range of the grid (xs,xt)=   8.4679861060581132       -8.4676007134895013     
 WARNING: set the 2-loop amplitudes to zero
 max=   7160745.6021265248     
 min=   0.0000000000000000     
       n_pass,     n_total
       60000       60046
 max=   7160745.6021265248     
 min=   0.0000000000000000     
       n_pass,     n_total
       70000       70046
 WARNING: outside the range of the grid (xs,xt)=   8.4679861060581132       -4.2177211473981254E-004
 WARNING: set the 2-loop amplitudes to zero
 INFO: will suppress the further warning
 ITERATION            4 :
   1837214.1708486967      +\-   68.384830629543174     
 precision:   3.7222024364177949E-005
 max=   7845540.1536503369     
 min=   0.0000000000000000     
       n_pass,     n_total
       80000       80094
 max=   7845540.1536503369     
 min=   0.0000000000000000     
       n_pass,     n_total
       90000       90094
 ITERATION            5 :
   1837200.7592125286      +\-   55.329841040216252     
 precision:   3.0116382634161353E-005
 max=   7845540.1536503369     
 min=   0.0000000000000000     
       n_pass,     n_total
      100000      100187
 max=   7845540.1536503369     
 min=   0.0000000000000000     
       n_pass,     n_total
      110000      110187
 ITERATION            6 :
   1837185.7048128205      +\-   49.753068170781916     
 precision:   2.7081131776959340E-005
 max=   7971832.2062828830     
 min=   0.0000000000000000     
       n_pass,     n_total
      120000      120316
 max=   7971832.2062828830     
 min=   0.0000000000000000     
       n_pass,     n_total
      130000      130316
 ITERATION            7 :
   1837282.8729612539      +\-   45.137511954824610     
 precision:   2.4567535363824463E-005
 max=   7971832.2062828830     
 min=   0.0000000000000000     
       n_pass,     n_total
      140000      140469
 max=   7971832.2062828830     
 min=   0.0000000000000000     
       n_pass,     n_total
      150000      150469
 ITERATION            8 :
   1837147.6568412895      +\-   43.885893021071823     
 precision:   2.3888059763539795E-005
 max=   8871123.3718369808     
 min=   0.0000000000000000     
       n_pass,     n_total
      160000      160661
 max=   8871123.3718369808     
 min=   0.0000000000000000     
       n_pass,     n_total
      170000      170661
 ITERATION            9 :
   1837193.7385427919      +\-   42.957070539530505     
 precision:   2.3381894700774885E-005
 max=   10089348.977581399     
 min=   0.0000000000000000     
       n_pass,     n_total
      180000      180904
 max=   10089348.977581399     
 min=   0.0000000000000000     
       n_pass,     n_total
      190000      190904
 ITERATION           10 :
   1837223.6217965928      +\-   41.946668248370017     
 precision:   2.2831552866357667E-005
 ====================NCALL=40K ===========================
  
 max=   10089348.977581399     
 min=   0.0000000000000000     
       n_pass,     n_total
      200000      201300
 max=   10089348.977581399     
 min=   0.0000000000000000     
       n_pass,     n_total
      210000      211300
 max=   10089348.977581399     
 min=   0.0000000000000000     
       n_pass,     n_total
      220000      221300
 max=   10089348.977581399     
 min=   0.0000000000000000     
       n_pass,     n_total
      230000      231300
   1837240.1851492424      +\-   20.668746450771856     
 precision:   1.1249888075517408E-005
 ====================NCALL=80K ===========================
  
 max=   10089348.977581399     
 min=   0.0000000000000000     
       n_pass,     n_total
      240000      241831
 max=   10089348.977581399     
 min=   0.0000000000000000     
       n_pass,     n_total
      250000      251831
 max=   10089348.977581399     
 min=   0.0000000000000000     
       n_pass,     n_total
      260000      261831
 max=   10089348.977581399     
 min=   0.0000000000000000     
       n_pass,     n_total
      270000      271831
 max=   10089348.977581399     
 min=   0.0000000000000000     
       n_pass,     n_total
      280000      281831
 max=   10089348.977581399     
 min=   0.0000000000000000     
       n_pass,     n_total
      290000      291831
 max=   10089348.977581399     
 min=   0.0000000000000000     
       n_pass,     n_total
      300000      301831
 max=   10089348.977581399     
 min=   0.0000000000000000     
       n_pass,     n_total
      310000      311831
   1837218.7085263680      +\-   11.271805887383179     
 precision:   6.1352553373595287E-006
 sigma (pb)                   sd (pb)
   1837218.7085263680        11.271805887383179     
