 =======================================================
 |                                                     |
 |         \/\/\/\/\/\___________/\/\/\/\/\/           |
 |                   |     \     |                     |
 |                   |     /     |                     |
 |                   |     \     |                     |
 |         /\/\/\/\/\|_____/_____|/\/\/\/\/\           |
 |                                                     |
 | Light-by-light scattering at next-to-leading order  |
 |                   (VERSION 0.5)                     |
 |                                                     |
 |    Authors:                                         |
 |            Ajjath A.H. (LPTHE Paris)                |
 |            Ekta Chaubey (Bonn)                      |
 |            Mathijs Fraaije (Bern)                   |
 |            Valentin Hirschi (Bern)                  |
 |            Hua-Sheng Shao (LPTHE Paris)             |
 |                                                     |
 |    Please cite                                      |
 |            PLB 851 (2024) 138555 [arXiv:2312.16956] |
 |            JHEP 03 (2024) 121    [arXiv:2312.16966] |
 |                                                     |
 =======================================================
 ---------------------------------------------------
         the cuts in the lab frame                  
 min transverse momentum of photon    0.0000000000000000     
 max (pseudo-)rapidity of photon    5.0000000000000000     
 min (pseudo-)rapidity of photon   -5.0000000000000000     
 min invariant mass of di-photon    0.0000000000000000     
 ---------------------------------------------------
 max=   9.3304854375041064E-007
 min=   0.0000000000000000     
       n_pass,     n_total
       10000       10000
  
 ====================NCALL=20K===========================
  
 ITERATION            1 :
   2.9969585174761870E-007 +\-   5.5368190640229158E-010
 precision:   1.8474793800901882E-003
 max=   9.4083555407627602E-007
 min=   0.0000000000000000     
       n_pass,     n_total
       20000       20001
 max=   9.4083555407627602E-007
 min=   0.0000000000000000     
       n_pass,     n_total
       30000       30001
 ITERATION            2 :
   3.0149313527754355E-007 +\-   3.4366101410220919E-010
 precision:   1.1398634790999384E-003
 max=   9.4083555407627602E-007
 min=   0.0000000000000000     
       n_pass,     n_total
       40000       40001
 max=   9.4083555407627602E-007
 min=   0.0000000000000000     
       n_pass,     n_total
       50000       50001
 ITERATION            3 :
   3.0054225625754243E-007 +\-   2.9912454790198035E-010
 precision:   9.9528283186126336E-004
 max=   9.4093905820289709E-007
 min=   0.0000000000000000     
       n_pass,     n_total
       60000       60001
 max=   9.4093905820289709E-007
 min=   0.0000000000000000     
       n_pass,     n_total
       70000       70001
 ITERATION            4 :
   3.0076720171549490E-007 +\-   2.3754050484764095E-010
 precision:   7.8978194262131665E-004
 max=   9.4093905820289709E-007
 min=   0.0000000000000000     
       n_pass,     n_total
       80000       80002
 max=   9.4093905820289709E-007
 min=   0.0000000000000000     
       n_pass,     n_total
       90000       90002
 ITERATION            5 :
   3.0080214254791627E-007 +\-   2.0179649409312487E-010
 precision:   6.7086122586703224E-004
 max=   9.4095658314517056E-007
 min=   0.0000000000000000     
       n_pass,     n_total
      100000      100002
 max=   9.4095658314517056E-007
 min=   0.0000000000000000     
       n_pass,     n_total
      110000      110002
 ITERATION            6 :
   3.0013988485830149E-007 +\-   2.6523501559337329E-010
 precision:   8.8370466230635399E-004
 max=   9.4095658314517056E-007
 min=   0.0000000000000000     
       n_pass,     n_total
      120000      120005
 max=   9.4095658314517056E-007
 min=   0.0000000000000000     
       n_pass,     n_total
      130000      130005
 ITERATION            7 :
   3.0056437364147469E-007 +\-   2.3591042235983108E-010
 precision:   7.8489150095092291E-004
 max=   9.4095658314517056E-007
 min=   0.0000000000000000     
       n_pass,     n_total
      140000      140007
 max=   9.4095658314517056E-007
 min=   0.0000000000000000     
       n_pass,     n_total
      150000      150007
 ITERATION            8 :
   3.0048508926661891E-007 +\-   2.6483622620912296E-010
 precision:   8.8136228940842757E-004
 max=   9.4095658314517056E-007
 min=   0.0000000000000000     
       n_pass,     n_total
      160000      160011
 max=   9.4095658314517056E-007
 min=   0.0000000000000000     
       n_pass,     n_total
      170000      170011
 ITERATION            9 :
   3.0029160431313330E-007 +\-   2.2066544541478367E-010
 precision:   7.3483721238067534E-004
 max=   9.4095658314517056E-007
 min=   0.0000000000000000     
       n_pass,     n_total
      180000      180011
 max=   9.4095658314517056E-007
 min=   0.0000000000000000     
       n_pass,     n_total
      190000      190011
 ITERATION           10 :
   3.0054017551143433E-007 +\-   2.6678322662246925E-010
 precision:   8.8767908040407472E-004
 ====================NCALL=40K ===========================
  
 max=   9.4095658314517056E-007
 min=   0.0000000000000000     
       n_pass,     n_total
      200000      200012
 max=   9.4095658314517056E-007
 min=   0.0000000000000000     
       n_pass,     n_total
      210000      210012
 max=   9.4095658314517056E-007
 min=   0.0000000000000000     
       n_pass,     n_total
      220000      220012
 max=   9.4096754328374097E-007
 min=   0.0000000000000000     
       n_pass,     n_total
      230000      230012
   3.0082743339190847E-007 +\-   1.3026546334018429E-010
 precision:   4.3302388306613832E-004
 ====================NCALL=80K ===========================
  
 max=   9.4096754328374097E-007
 min=   0.0000000000000000     
       n_pass,     n_total
      240000      240016
 max=   9.4096754328374097E-007
 min=   0.0000000000000000     
       n_pass,     n_total
      250000      250016
 max=   9.4096754328374097E-007
 min=   0.0000000000000000     
       n_pass,     n_total
      260000      260016
 max=   9.4096754328374097E-007
 min=   0.0000000000000000     
       n_pass,     n_total
      270000      270016
 max=   9.4096754328374097E-007
 min=   0.0000000000000000     
       n_pass,     n_total
      280000      280016
 max=   9.4096754328374097E-007
 min=   0.0000000000000000     
       n_pass,     n_total
      290000      290016
 max=   9.4097265505925248E-007
 min=   0.0000000000000000     
       n_pass,     n_total
      300000      300016
 max=   9.4097265505925248E-007
 min=   0.0000000000000000     
       n_pass,     n_total
      310000      310016
   3.0059788183170342E-007 +\-   6.8968191999246166E-011
 precision:   2.2943671984308785E-004
 sigma (pb)                   sd (pb)
   3.0059788183170342E-007   6.8968191999246166E-011
