 =======================================================
 |                                                     |
 |         \/\/\/\/\/\___________/\/\/\/\/\/           |
 |                   |     \     |                     |
 |                   |     /     |                     |
 |                   |     \     |                     |
 |         /\/\/\/\/\|_____/_____|/\/\/\/\/\           |
 |                                                     |
 | Light-by-light scattering at next-to-leading order  |
 |                   (VERSION 0.5)                     |
 |                                                     |
 |    Authors:                                         |
 |            Ajjath A.H. (LPTHE Paris)                |
 |            Ekta Chaubey (Bonn)                      |
 |            Mathijs Fraaije (Bern)                   |
 |            Valentin Hirschi (Bern)                  |
 |            Hua-Sheng Shao (LPTHE Paris)             |
 |                                                     |
 |    Please cite                                      |
 |            PLB 851 (2024) 138555 [arXiv:2312.16956] |
 |            JHEP 03 (2024) 121    [arXiv:2312.16966] |
 |                                                     |
 =======================================================
 ---------------------------------------------------
         the cuts in the lab frame                  
 min transverse momentum of photon    0.0000000000000000     
 max (pseudo-)rapidity of photon    5.0000000000000000     
 min (pseudo-)rapidity of photon   -5.0000000000000000     
 min invariant mass of di-photon    0.0000000000000000     
 ---------------------------------------------------
 max=   6.1259619577510169E-006
 min=   0.0000000000000000     
       n_pass,     n_total
       10000       10000
  
 ====================NCALL=20K===========================
  
 ITERATION            1 :
   2.9745450324435390E-006 +\-   9.4661273756764657E-010
 precision:   3.1823782368156655E-004
 max=   6.1259619577510169E-006
 min=   0.0000000000000000     
       n_pass,     n_total
       20000       20001
 max=   6.1259619577510169E-006
 min=   0.0000000000000000     
       n_pass,     n_total
       30000       30001
 ITERATION            2 :
   2.9747410842752857E-006 +\-   6.5739123874703187E-010
 precision:   2.2099107792004268E-004
 max=   6.1264452180412613E-006
 min=   0.0000000000000000     
       n_pass,     n_total
       40000       40002
 max=   6.1264452180412613E-006
 min=   0.0000000000000000     
       n_pass,     n_total
       50000       50002
 ITERATION            3 :
   2.9739996046967389E-006 +\-   5.5112164954855250E-010
 precision:   1.8531328944300610E-004
 max=   6.1264452180412613E-006
 min=   0.0000000000000000     
       n_pass,     n_total
       60000       60004
 max=   6.1264452180412613E-006
 min=   0.0000000000000000     
       n_pass,     n_total
       70000       70004
 ITERATION            4 :
   2.9749472801493358E-006 +\-   4.1501526134947570E-010
 precision:   1.3950340031862441E-004
 max=   6.1264856522568422E-006
 min=   0.0000000000000000     
       n_pass,     n_total
       80000       80006
 max=   6.1264856522568422E-006
 min=   0.0000000000000000     
       n_pass,     n_total
       90000       90006
 ITERATION            5 :
   2.9741209562144698E-006 +\-   3.8551555065345227E-010
 precision:   1.2962335975203422E-004
 max=   6.1264856522568422E-006
 min=   0.0000000000000000     
       n_pass,     n_total
      100000      100010
 max=   6.1264856522568422E-006
 min=   0.0000000000000000     
       n_pass,     n_total
      110000      110010
 ITERATION            6 :
   2.9744309685112216E-006 +\-   3.7087556670370002E-010
 precision:   1.2468790522623315E-004
 max=   6.1264856522568422E-006
 min=   0.0000000000000000     
       n_pass,     n_total
      120000      120018
 max=   6.1264856522568422E-006
 min=   0.0000000000000000     
       n_pass,     n_total
      130000      130018
 ITERATION            7 :
   2.9737661317427482E-006 +\-   3.7457338211219995E-010
 precision:   1.2595926025046384E-004
 max=   6.1264928138828063E-006
 min=   0.0000000000000000     
       n_pass,     n_total
      140000      140029
 max=   6.1264928138828063E-006
 min=   0.0000000000000000     
       n_pass,     n_total
      150000      150029
 ITERATION            8 :
   2.9737977589365312E-006 +\-   3.9107482018799964E-010
 precision:   1.3150686492139030E-004
 max=   6.1265795325245105E-006
 min=   0.0000000000000000     
       n_pass,     n_total
      160000      160044
 max=   6.1265795325245105E-006
 min=   0.0000000000000000     
       n_pass,     n_total
      170000      170044
 ITERATION            9 :
   2.9733638917077246E-006 +\-   4.1100207178238955E-010
 precision:   1.3822797570408856E-004
 max=   6.1265795325245105E-006
 min=   0.0000000000000000     
       n_pass,     n_total
      180000      180057
 max=   6.1265795325245105E-006
 min=   0.0000000000000000     
       n_pass,     n_total
      190000      190057
 ITERATION           10 :
   2.9745503282366251E-006 +\-   3.6822768247716986E-010
 precision:   1.2379272220801953E-004
 ====================NCALL=40K ===========================
  
 max=   6.1265795325245105E-006
 min=   0.0000000000000000     
       n_pass,     n_total
      200000      200073
 max=   6.1265795325245105E-006
 min=   0.0000000000000000     
       n_pass,     n_total
      210000      210073
 max=   6.1265795325245105E-006
 min=   0.0000000000000000     
       n_pass,     n_total
      220000      220073
 max=   6.1265795325245105E-006
 min=   0.0000000000000000     
       n_pass,     n_total
      230000      230073
   2.9744689595667534E-006 +\-   2.0293756620860428E-010
 precision:   6.8226486464381588E-005
 ====================NCALL=80K ===========================
  
 max=   6.1266211600950147E-006
 min=   0.0000000000000000     
       n_pass,     n_total
      240000      240128
 max=   6.1266211600950147E-006
 min=   0.0000000000000000     
       n_pass,     n_total
      250000      250128
 max=   6.1266211600950147E-006
 min=   0.0000000000000000     
       n_pass,     n_total
      260000      260128
 max=   6.1266211600950147E-006
 min=   0.0000000000000000     
       n_pass,     n_total
      270000      270128
 max=   6.1266211600950147E-006
 min=   0.0000000000000000     
       n_pass,     n_total
      280000      280128
 max=   6.1266211600950147E-006
 min=   0.0000000000000000     
       n_pass,     n_total
      290000      290128
 max=   6.1266211600950147E-006
 min=   0.0000000000000000     
       n_pass,     n_total
      300000      300128
 max=   6.1266211600950147E-006
 min=   0.0000000000000000     
       n_pass,     n_total
      310000      310128
   2.9739943902049799E-006 +\-   1.1106731325876646E-010
 precision:   3.7346174432800877E-005
 sigma (pb)                   sd (pb)
   2.9739943902049799E-006   1.1106731325876646E-010
