 =======================================================
 |                                                     |
 |         \/\/\/\/\/\___________/\/\/\/\/\/           |
 |                   |     \     |                     |
 |                   |     /     |                     |
 |                   |     \     |                     |
 |         /\/\/\/\/\|_____/_____|/\/\/\/\/\           |
 |                                                     |
 | Light-by-light scattering at next-to-leading order  |
 |                   (VERSION 0.5)                     |
 |                                                     |
 |    Authors:                                         |
 |            Ajjath A.H. (LPTHE Paris)                |
 |            Ekta Chaubey (Bonn)                      |
 |            Mathijs Fraaije (Bern)                   |
 |            Valentin Hirschi (Bern)                  |
 |            Hua-Sheng Shao (LPTHE Paris)             |
 |                                                     |
 |    Please cite                                      |
 |            PLB 851 (2024) 138555 [arXiv:2312.16956] |
 |            JHEP 03 (2024) 121    [arXiv:2312.16966] |
 |                                                     |
 =======================================================
 ---------------------------------------------------
         the cuts in the lab frame                  
 min transverse momentum of photon    0.0000000000000000     
 max (pseudo-)rapidity of photon    5.0000000000000000     
 min (pseudo-)rapidity of photon   -5.0000000000000000     
 min invariant mass of di-photon    0.0000000000000000     
 ---------------------------------------------------
 max=   8.4362435930448930E-007
 min=   0.0000000000000000     
       n_pass,     n_total
       10000       10000
  
 ====================NCALL=20K===========================
  
 ITERATION            1 :
   3.4233740296034958E-007 +\-   4.3287790663553664E-010
 precision:   1.2644773924562187E-003
 max=   1.1997754426064582E-006
 min=   0.0000000000000000     
       n_pass,     n_total
       20000       20002
 max=   1.1997754426064582E-006
 min=   0.0000000000000000     
       n_pass,     n_total
       30000       30002
 ITERATION            2 :
   3.4259842354954275E-007 +\-   3.4885845231940513E-010
 precision:   1.0182722054147373E-003
 max=   1.1999727486796829E-006
 min=   0.0000000000000000     
       n_pass,     n_total
       40000       40002
 max=   1.1999727486796829E-006
 min=   0.0000000000000000     
       n_pass,     n_total
       50000       50002
 ITERATION            3 :
   3.4277844027112678E-007 +\-   2.0993773691533696E-010
 precision:   6.1245898881295716E-004
 max=   1.2003077972356797E-006
 min=   0.0000000000000000     
       n_pass,     n_total
       60000       60002
 max=   1.2003077972356797E-006
 min=   0.0000000000000000     
       n_pass,     n_total
       70000       70002
 ITERATION            4 :
   3.4295996479462519E-007 +\-   2.6072015622919750E-010
 precision:   7.6020580531994345E-004
 max=   1.2003487536230466E-006
 min=   0.0000000000000000     
       n_pass,     n_total
       80000       80003
 max=   1.2003487536230466E-006
 min=   0.0000000000000000     
       n_pass,     n_total
       90000       90003
 ITERATION            5 :
   3.4235680518059786E-007 +\-   2.4597368410981760E-010
 precision:   7.1847172420032117E-004
 max=   1.2004378978497559E-006
 min=   0.0000000000000000     
       n_pass,     n_total
      100000      100003
 max=   1.2004378978497559E-006
 min=   0.0000000000000000     
       n_pass,     n_total
      110000      110003
 ITERATION            6 :
   3.4224912433910925E-007 +\-   2.4822489756775984E-010
 precision:   7.2527547892806945E-004
 max=   1.2004378978497559E-006
 min=   0.0000000000000000     
       n_pass,     n_total
      120000      120006
 max=   1.2004378978497559E-006
 min=   0.0000000000000000     
       n_pass,     n_total
      130000      130006
 ITERATION            7 :
   3.4276682613271796E-007 +\-   2.8765065250827092E-010
 precision:   8.3920213561417911E-004
 max=   1.2004378978497559E-006
 min=   0.0000000000000000     
       n_pass,     n_total
      140000      140008
 max=   1.2004378978497559E-006
 min=   0.0000000000000000     
       n_pass,     n_total
      150000      150008
 ITERATION            8 :
   3.4226239284351611E-007 +\-   2.6027979548582201E-010
 precision:   7.6046857886844464E-004
 max=   1.2004378978497559E-006
 min=   0.0000000000000000     
       n_pass,     n_total
      160000      160012
 max=   1.2004378978497559E-006
 min=   0.0000000000000000     
       n_pass,     n_total
      170000      170012
 ITERATION            9 :
   3.4254811311787717E-007 +\-   2.4424533913136123E-010
 precision:   7.1302491468493905E-004
 max=   1.2004378978497559E-006
 min=   0.0000000000000000     
       n_pass,     n_total
      180000      180015
 max=   1.2004378978497559E-006
 min=   0.0000000000000000     
       n_pass,     n_total
      190000      190015
 ITERATION           10 :
   3.4277395124526213E-007 +\-   2.0744238525636143E-010
 precision:   6.0518713426952310E-004
 ====================NCALL=40K ===========================
  
 max=   1.2004378978497559E-006
 min=   0.0000000000000000     
       n_pass,     n_total
      200000      200018
 max=   1.2004378978497559E-006
 min=   0.0000000000000000     
       n_pass,     n_total
      210000      210018
 max=   1.2004378978497559E-006
 min=   0.0000000000000000     
       n_pass,     n_total
      220000      220018
 max=   1.2004378978497559E-006
 min=   0.0000000000000000     
       n_pass,     n_total
      230000      230018
   3.4256036423373733E-007 +\-   1.0150343298091301E-010
 precision:   2.9630816515495857E-004
 ====================NCALL=80K ===========================
  
 max=   1.2005340463563747E-006
 min=   0.0000000000000000     
       n_pass,     n_total
      240000      240022
 max=   1.2005340463563747E-006
 min=   0.0000000000000000     
       n_pass,     n_total
      250000      250022
 max=   1.2005340463563747E-006
 min=   0.0000000000000000     
       n_pass,     n_total
      260000      260022
 max=   1.2005340463563747E-006
 min=   0.0000000000000000     
       n_pass,     n_total
      270000      270022
 max=   1.2005340463563747E-006
 min=   0.0000000000000000     
       n_pass,     n_total
      280000      280022
 max=   1.2005340463563747E-006
 min=   0.0000000000000000     
       n_pass,     n_total
      290000      290022
 max=   1.2005340463563747E-006
 min=   0.0000000000000000     
       n_pass,     n_total
      300000      300022
 max=   1.2005340463563747E-006
 min=   0.0000000000000000     
       n_pass,     n_total
      310000      310022
   3.4256491856741685E-007 +\-   6.3267459302757273E-011
 precision:   1.8468750264136058E-004
 sigma (pb)                   sd (pb)
   3.4256491856741685E-007   6.3267459302757273E-011
