 =======================================================
 |                                                     |
 |         \/\/\/\/\/\___________/\/\/\/\/\/           |
 |                   |     \     |                     |
 |                   |     /     |                     |
 |                   |     \     |                     |
 |         /\/\/\/\/\|_____/_____|/\/\/\/\/\           |
 |                                                     |
 | Light-by-light scattering at next-to-leading order  |
 |                   (VERSION 0.5)                     |
 |                                                     |
 |    Authors:                                         |
 |            Ajjath A.H. (LPTHE Paris)                |
 |            Ekta Chaubey (Bonn)                      |
 |            Mathijs Fraaije (Bern)                   |
 |            Valentin Hirschi (Bern)                  |
 |            Hua-Sheng Shao (LPTHE Paris)             |
 |                                                     |
 |    Please cite                                      |
 |            PLB 851 (2024) 138555 [arXiv:2312.16956] |
 |            JHEP 03 (2024) 121    [arXiv:2312.16966] |
 |                                                     |
 =======================================================
 ---------------------------------------------------
         the cuts in the lab frame                  
 min transverse momentum of photon    0.0000000000000000     
 max (pseudo-)rapidity of photon    5.0000000000000000     
 min (pseudo-)rapidity of photon   -5.0000000000000000     
 min invariant mass of di-photon    0.0000000000000000     
 ---------------------------------------------------
 max=  0.72460230144485749     
 min=   0.0000000000000000     
       n_pass,     n_total
       10000       10000
  
 ====================NCALL=20K===========================
  
 ITERATION            1 :
   1.3056177738629677E-002 +\-   8.9349485021641829E-005
 precision:   6.8434642060119190E-003
 WARNING: outside the range of the grid (xs,xt)=   392960.57028291374       -392941.19734068745     
 WARNING: set the 2-loop amplitudes to zero
 WARNING: outside the range of the grid (xs,xt)=   381487.88927335636       -381469.08193389833     
 WARNING: set the 2-loop amplitudes to zero
 WARNING: outside the range of the grid (xs,xt)=   183673.46938775512       -183664.41429220600     
 WARNING: set the 2-loop amplitudes to zero
 WARNING: outside the range of the grid (xs,xt)=   19600.000000000000       -19599.033720692736     
 WARNING: set the 2-loop amplitudes to zero
 WARNING: outside the range of the grid (xs,xt)=   1954.5706371191136       -1954.4742768557853     
 WARNING: set the 2-loop amplitudes to zero
 INFO: will suppress the further warning
 max=  0.76928077316979671     
 min=   0.0000000000000000     
       n_pass,     n_total
       20000       20007
 max=  0.76928077316979671     
 min=   0.0000000000000000     
       n_pass,     n_total
       30000       30007
 ITERATION            2 :
   1.2957601600374836E-002 +\-   2.2800581223796101E-005
 precision:   1.7596297468457842E-003
 max=  0.82085190213222547     
 min=   0.0000000000000000     
       n_pass,     n_total
       40000       40040
 max=  0.82085190213222547     
 min=   0.0000000000000000     
       n_pass,     n_total
       50000       50040
 ITERATION            3 :
   1.2945469389984570E-002 +\-   8.1529740219703561E-006
 precision:   6.2979361940154982E-004
 max=  0.82085190213222547     
 min=   0.0000000000000000     
       n_pass,     n_total
       60000       60159
 max=  0.82085190213222547     
 min=   0.0000000000000000     
       n_pass,     n_total
       70000       70159
 ITERATION            4 :
   1.2947480705142305E-002 +\-   5.1530398819151799E-006
 precision:   3.9799556371368565E-004
 max=  0.82105493339794466     
 min=   0.0000000000000000     
       n_pass,     n_total
       80000       80436
 max=  0.82105493339794466     
 min=   0.0000000000000000     
       n_pass,     n_total
       90000       90436
 ITERATION            5 :
   1.2946108835157002E-002 +\-   3.6045251361949883E-006
 precision:   2.7842536951384086E-004
 max=  0.82259178218278639     
 min=   0.0000000000000000     
       n_pass,     n_total
      100000      100715
 max=  0.82259178218278639     
 min=   0.0000000000000000     
       n_pass,     n_total
      110000      110715
 ITERATION            6 :
   1.2941840009754109E-002 +\-   4.6246700539840783E-006
 precision:   3.5734254561163792E-004
 max=  0.82259178218278639     
 min=   0.0000000000000000     
       n_pass,     n_total
      120000      121051
 max=  0.82259178218278639     
 min=   0.0000000000000000     
       n_pass,     n_total
      130000      131051
 ITERATION            7 :
   1.2952473094834591E-002 +\-   3.7419725436381774E-006
 precision:   2.8890023675327804E-004
 max=  0.82318381092122850     
 min=   0.0000000000000000     
       n_pass,     n_total
      140000      141501
 max=  0.82318381092122850     
 min=   0.0000000000000000     
       n_pass,     n_total
      150000      151501
 ITERATION            8 :
   1.2940880419356439E-002 +\-   3.1447387771364707E-006
 precision:   2.4300810108968313E-004
 max=  0.82318381092122850     
 min=   0.0000000000000000     
       n_pass,     n_total
      160000      161881
 max=  0.82318381092122850     
 min=   0.0000000000000000     
       n_pass,     n_total
      170000      171881
 ITERATION            9 :
   1.2947335275804621E-002 +\-   3.6777979645342800E-006
 precision:   2.8405829355536796E-004
 max=  0.82318381092122850     
 min=   0.0000000000000000     
       n_pass,     n_total
      180000      182434
 max=  0.82318381092122850     
 min=   0.0000000000000000     
       n_pass,     n_total
      190000      192434
 ITERATION           10 :
   1.2951583019790004E-002 +\-   3.3545058736519492E-006
 precision:   2.5900354176985690E-004
 ====================NCALL=40K ===========================
  
 max=  0.82318381092122850     
 min=   0.0000000000000000     
       n_pass,     n_total
      200000      203332
 max=  0.82318381092122850     
 min=   0.0000000000000000     
       n_pass,     n_total
      210000      213332
 max=  0.82318381092122850     
 min=   0.0000000000000000     
       n_pass,     n_total
      220000      223332
 max=  0.82318381092122850     
 min=   0.0000000000000000     
       n_pass,     n_total
      230000      233332
   1.2948517071460877E-002 +\-   1.4897844241987575E-006
 precision:   1.1505444337578319E-004
 ====================NCALL=80K ===========================
  
 max=  0.82337843776832997     
 min=   0.0000000000000000     
       n_pass,     n_total
      240000      245026
 max=  0.82337843776832997     
 min=   0.0000000000000000     
       n_pass,     n_total
      250000      255026
 max=  0.82337843776832997     
 min=   0.0000000000000000     
       n_pass,     n_total
      260000      265026
 max=  0.82337843776832997     
 min=   0.0000000000000000     
       n_pass,     n_total
      270000      275026
 max=  0.82337843776832997     
 min=   0.0000000000000000     
       n_pass,     n_total
      280000      285026
 max=  0.82337843776832997     
 min=   0.0000000000000000     
       n_pass,     n_total
      290000      295026
 max=  0.82337843776832997     
 min=   0.0000000000000000     
       n_pass,     n_total
      300000      305026
   1.2947406326348906E-002 +\-   7.7506825048028613E-007
 precision:   5.9862819698719603E-005
 sigma (pb)                   sd (pb)
   1.2947406326348906E-002   7.7506825048028613E-007
