 =======================================================
 |                                                     |
 |         \/\/\/\/\/\___________/\/\/\/\/\/           |
 |                   |     \     |                     |
 |                   |     /     |                     |
 |                   |     \     |                     |
 |         /\/\/\/\/\|_____/_____|/\/\/\/\/\           |
 |                                                     |
 | Light-by-light scattering at next-to-leading order  |
 |                   (VERSION 0.5)                     |
 |                                                     |
 |    Authors:                                         |
 |            Ajjath A.H. (LPTHE Paris)                |
 |            Ekta Chaubey (Bonn)                      |
 |            Mathijs Fraaije (Bern)                   |
 |            Valentin Hirschi (Bern)                  |
 |            Hua-Sheng Shao (LPTHE Paris)             |
 |                                                     |
 |    Please cite                                      |
 |            PLB 851 (2024) 138555 [arXiv:2312.16956] |
 |            JHEP 03 (2024) 121    [arXiv:2312.16966] |
 |                                                     |
 =======================================================
 ---------------------------------------------------
         the cuts in the lab frame                  
 min transverse momentum of photon    0.0000000000000000     
 max (pseudo-)rapidity of photon    5.0000000000000000     
 min (pseudo-)rapidity of photon   -5.0000000000000000     
 min invariant mass of di-photon    0.0000000000000000     
 ---------------------------------------------------
 max=   7.0425097005686343E-007
 min=   0.0000000000000000     
       n_pass,     n_total
       10000       10000
  
 ====================NCALL=20K===========================
  
 ITERATION            1 :
   2.9073220801531840E-007 +\-   5.3153900626338916E-010
 precision:   1.8282769903339463E-003
 max=   1.4127775412672766E-006
 min=   0.0000000000000000     
       n_pass,     n_total
       20000       20001
 max=   1.4127775412672766E-006
 min=   0.0000000000000000     
       n_pass,     n_total
       30000       30001
 ITERATION            2 :
   2.9111911961436497E-007 +\-   4.1049368640557572E-010
 precision:   1.4100540251335671E-003
 max=   1.4127775412672766E-006
 min=   0.0000000000000000     
       n_pass,     n_total
       40000       40001
 max=   1.4127775412672766E-006
 min=   0.0000000000000000     
       n_pass,     n_total
       50000       50001
 ITERATION            3 :
   2.9040823983174573E-007 +\-   3.6919693739749633E-010
 precision:   1.2713032440518854E-003
 max=   1.4127808227238078E-006
 min=   0.0000000000000000     
       n_pass,     n_total
       60000       60001
 max=   1.4127808227238078E-006
 min=   0.0000000000000000     
       n_pass,     n_total
       70000       70001
 ITERATION            4 :
   2.9034032287675618E-007 +\-   3.5991790177979167E-010
 precision:   1.2396414601101406E-003
 max=   1.4127808227238078E-006
 min=   0.0000000000000000     
       n_pass,     n_total
       80000       80002
 max=   1.4127808227238078E-006
 min=   0.0000000000000000     
       n_pass,     n_total
       90000       90002
 ITERATION            5 :
   2.9146884571997091E-007 +\-   4.4287645012164650E-010
 precision:   1.5194641095437715E-003
 max=   1.4127808227238078E-006
 min=   0.0000000000000000     
       n_pass,     n_total
      100000      100002
 max=   1.4127808227238078E-006
 min=   0.0000000000000000     
       n_pass,     n_total
      110000      110002
 ITERATION            6 :
   2.9077263660123731E-007 +\-   3.9603047661850173E-010
 precision:   1.3619936223971927E-003
 max=   1.4128259798955742E-006
 min=   0.0000000000000000     
       n_pass,     n_total
      120000      120004
 max=   1.4128259798955742E-006
 min=   0.0000000000000000     
       n_pass,     n_total
      130000      130004
 ITERATION            7 :
   2.9104627912811628E-007 +\-   3.8675905900882547E-010
 precision:   1.3288575966936764E-003
 max=   1.4128259798955742E-006
 min=   0.0000000000000000     
       n_pass,     n_total
      140000      140005
 max=   1.4128259798955742E-006
 min=   0.0000000000000000     
       n_pass,     n_total
      150000      150005
 ITERATION            8 :
   2.9060866062288525E-007 +\-   3.7106522367392517E-010
 precision:   1.2768553520689672E-003
 max=   1.4128259798955742E-006
 min=   0.0000000000000000     
       n_pass,     n_total
      160000      160006
 max=   1.4128259798955742E-006
 min=   0.0000000000000000     
       n_pass,     n_total
      170000      170006
 ITERATION            9 :
   2.9079645584266547E-007 +\-   3.8883294795551760E-010
 precision:   1.3371309730332286E-003
 max=   1.4128259798955742E-006
 min=   0.0000000000000000     
       n_pass,     n_total
      180000      180006
 max=   1.4128259798955742E-006
 min=   0.0000000000000000     
       n_pass,     n_total
      190000      190006
 ITERATION           10 :
   2.9164898895810594E-007 +\-   4.5864132545739638E-010
 precision:   1.5725798573684689E-003
 ====================NCALL=40K ===========================
  
 max=   1.4128259798955742E-006
 min=   0.0000000000000000     
       n_pass,     n_total
      200000      200007
 max=   1.4128259798955742E-006
 min=   0.0000000000000000     
       n_pass,     n_total
      210000      210007
 max=   1.4128259798955742E-006
 min=   0.0000000000000000     
       n_pass,     n_total
      220000      220007
 max=   1.4128259798955742E-006
 min=   0.0000000000000000     
       n_pass,     n_total
      230000      230007
   2.9081945153556069E-007 +\-   2.1148216609982648E-010
 precision:   7.2719402014953234E-004
 ====================NCALL=80K ===========================
  
 max=   1.4128259798955742E-006
 min=   0.0000000000000000     
       n_pass,     n_total
      240000      240010
 max=   1.4128259798955742E-006
 min=   0.0000000000000000     
       n_pass,     n_total
      250000      250010
 max=   1.4128259798955742E-006
 min=   0.0000000000000000     
       n_pass,     n_total
      260000      260010
 max=   1.4128259798955742E-006
 min=   0.0000000000000000     
       n_pass,     n_total
      270000      270010
 max=   1.4128259798955742E-006
 min=   0.0000000000000000     
       n_pass,     n_total
      280000      280010
 max=   1.4128259798955742E-006
 min=   0.0000000000000000     
       n_pass,     n_total
      290000      290010
 max=   1.4128259798955742E-006
 min=   0.0000000000000000     
       n_pass,     n_total
      300000      300010
 max=   1.4128259798955742E-006
 min=   0.0000000000000000     
       n_pass,     n_total
      310000      310010
   2.9085816171662587E-007 +\-   1.3126989041248310E-010
 precision:   4.5131926034922584E-004
 sigma (pb)                   sd (pb)
   2.9085816171662587E-007   1.3126989041248310E-010
