 =======================================================
 |                                                     |
 |         \/\/\/\/\/\___________/\/\/\/\/\/           |
 |                   |     \     |                     |
 |                   |     /     |                     |
 |                   |     \     |                     |
 |         /\/\/\/\/\|_____/_____|/\/\/\/\/\           |
 |                                                     |
 | Light-by-light scattering at next-to-leading order  |
 |                   (VERSION 0.5)                     |
 |                                                     |
 |    Authors:                                         |
 |            Ajjath A.H. (LPTHE Paris)                |
 |            Ekta Chaubey (Bonn)                      |
 |            Mathijs Fraaije (Bern)                   |
 |            Valentin Hirschi (Bern)                  |
 |            Hua-Sheng Shao (LPTHE Paris)             |
 |                                                     |
 |    Please cite                                      |
 |            PLB 851 (2024) 138555 [arXiv:2312.16956] |
 |            JHEP 03 (2024) 121    [arXiv:2312.16966] |
 |                                                     |
 =======================================================
 ---------------------------------------------------
         the cuts in the lab frame                  
 min transverse momentum of photon    0.0000000000000000     
 max (pseudo-)rapidity of photon    5.0000000000000000     
 min (pseudo-)rapidity of photon   -5.0000000000000000     
 min invariant mass of di-photon    0.0000000000000000     
 ---------------------------------------------------
 max=   882.67331683674672     
 min=   0.0000000000000000     
       n_pass,     n_total
       10000       10000
  
 ====================NCALL=20K===========================
  
 ITERATION            1 :
   38.018755542525767      +\-  0.10360133277999720     
 precision:   2.7250058898985853E-003
 max=   985.35610316272164     
 min=   0.0000000000000000     
       n_pass,     n_total
       20000       20007
 max=   985.35610316272164     
 min=   0.0000000000000000     
       n_pass,     n_total
       30000       30007
 ITERATION            2 :
   37.873375521089841      +\-   2.6013182360558759E-002
 precision:   6.8684615518554146E-004
 WARNING: outside the range of the grid (xs,xt)=   29.808340387614159       -29.806965288051401     
 WARNING: set the 2-loop amplitudes to zero
 WARNING: outside the range of the grid (xs,xt)=   28.938070934256046       -28.936735981414952     
 WARNING: set the 2-loop amplitudes to zero
 WARNING: outside the range of the grid (xs,xt)=   13.932698875468555       -13.932056140989459     
 WARNING: set the 2-loop amplitudes to zero
 WARNING: outside the range of the grid (xs,xt)=   1.4867737777777776       -1.4867051908673641     
 WARNING: set the 2-loop amplitudes to zero
 WARNING: outside the range of the grid (xs,xt)=  0.14826552908587257      -0.14825868939397535     
 WARNING: set the 2-loop amplitudes to zero
 INFO: will suppress the further warning
 max=   986.14033795575995     
 min=   0.0000000000000000     
       n_pass,     n_total
       40000       40035
 max=   986.14033795575995     
 min=   0.0000000000000000     
       n_pass,     n_total
       50000       50035
 ITERATION            3 :
   37.850711275702494      +\-   1.2228156922570997E-002
 precision:   3.2306280411751779E-004
 max=   986.14033795575995     
 min=   0.0000000000000000     
       n_pass,     n_total
       60000       60115
 max=   986.14033795575995     
 min=   0.0000000000000000     
       n_pass,     n_total
       70000       70115
 ITERATION            4 :
   37.857967137880728      +\-   9.7090215972271444E-003
 precision:   2.5645913743509711E-004
 max=   987.02702528975806     
 min=   0.0000000000000000     
       n_pass,     n_total
       80000       80285
 max=   987.02702528975806     
 min=   0.0000000000000000     
       n_pass,     n_total
       90000       90285
 ITERATION            5 :
   37.851336700688400      +\-   8.0872654169940623E-003
 precision:   2.1365864780270705E-004
 max=   987.02702528975806     
 min=   0.0000000000000000     
       n_pass,     n_total
      100000      100555
 max=   987.02702528975806     
 min=   0.0000000000000000     
       n_pass,     n_total
      110000      110555
 ITERATION            6 :
   37.856297838704236      +\-   7.0214146212660552E-003
 precision:   1.8547546966115024E-004
 max=   989.42965093704265     
 min=   0.0000000000000000     
       n_pass,     n_total
      120000      120834
 max=   989.42965093704265     
 min=   0.0000000000000000     
       n_pass,     n_total
      130000      130834
 ITERATION            7 :
   37.870085231684882      +\-   6.6597918433774763E-003
 precision:   1.7585890822884674E-004
 max=   989.42965093704265     
 min=   0.0000000000000000     
       n_pass,     n_total
      140000      141185
 max=   989.42965093704265     
 min=   0.0000000000000000     
       n_pass,     n_total
      150000      151185
 ITERATION            8 :
   37.846128302630568      +\-   6.5409231823901123E-003
 precision:   1.7282938772723741E-004
 max=   989.42965093704265     
 min=   0.0000000000000000     
       n_pass,     n_total
      160000      161437
 max=   989.42965093704265     
 min=   0.0000000000000000     
       n_pass,     n_total
      170000      171437
 ITERATION            9 :
   37.857027075257783      +\-   6.5248558404085904E-003
 precision:   1.7235520970618003E-004
 max=   989.42965093704265     
 min=   0.0000000000000000     
       n_pass,     n_total
      180000      181803
 max=   989.42965093704265     
 min=   0.0000000000000000     
       n_pass,     n_total
      190000      191803
 ITERATION           10 :
   37.865258882574530      +\-   6.5842490398767377E-003
 precision:   1.7388628083318843E-004
 ====================NCALL=40K ===========================
  
 max=   989.42965093704265     
 min=   0.0000000000000000     
       n_pass,     n_total
      200000      202078
 max=   989.42965093704265     
 min=   0.0000000000000000     
       n_pass,     n_total
      210000      212078
 max=   989.42965093704265     
 min=   0.0000000000000000     
       n_pass,     n_total
      220000      222078
 max=   989.42965093704265     
 min=   0.0000000000000000     
       n_pass,     n_total
      230000      232078
   37.862284855118766      +\-   3.7249105149290179E-003
 precision:   9.8380499993133176E-005
 ====================NCALL=80K ===========================
  
 max=   989.70645574372088     
 min=   0.0000000000000000     
       n_pass,     n_total
      240000      243334
 max=   989.70645574372088     
 min=   0.0000000000000000     
       n_pass,     n_total
      250000      253334
 max=   989.70645574372088     
 min=   0.0000000000000000     
       n_pass,     n_total
      260000      263334
 max=   989.70645574372088     
 min=   0.0000000000000000     
       n_pass,     n_total
      270000      273334
 max=   989.70645574372088     
 min=   0.0000000000000000     
       n_pass,     n_total
      280000      283334
 max=   989.70645574372088     
 min=   0.0000000000000000     
       n_pass,     n_total
      290000      293334
 max=   989.70645574372088     
 min=   0.0000000000000000     
       n_pass,     n_total
      300000      303334
 max=   989.70645574372088     
 min=   0.0000000000000000     
       n_pass,     n_total
      310000      313334
   37.859858775653144      +\-   1.6234118347229242E-003
 precision:   4.2879500537569496E-005
 sigma (pb)                   sd (pb)
   37.859858775653144        1.6234118347229242E-003
