 =======================================================
 |                                                     |
 |         \/\/\/\/\/\___________/\/\/\/\/\/           |
 |                   |     \     |                     |
 |                   |     /     |                     |
 |                   |     \     |                     |
 |         /\/\/\/\/\|_____/_____|/\/\/\/\/\           |
 |                                                     |
 | Light-by-light scattering at next-to-leading order  |
 |                   (VERSION 0.5)                     |
 |                                                     |
 |    Authors:                                         |
 |            Ajjath A.H. (LPTHE Paris)                |
 |            Ekta Chaubey (Bonn)                      |
 |            Mathijs Fraaije (Bern)                   |
 |            Valentin Hirschi (Bern)                  |
 |            Hua-Sheng Shao (LPTHE Paris)             |
 |                                                     |
 |    Please cite                                      |
 |            PLB 851 (2024) 138555 [arXiv:2312.16956] |
 |            JHEP 03 (2024) 121    [arXiv:2312.16966] |
 |                                                     |
 =======================================================
 ---------------------------------------------------
         the cuts in the lab frame                  
 min transverse momentum of photon    0.0000000000000000     
 max (pseudo-)rapidity of photon    5.0000000000000000     
 min (pseudo-)rapidity of photon   -5.0000000000000000     
 min invariant mass of di-photon    0.0000000000000000     
 ---------------------------------------------------
 max=   7.8983868297697370E-007
 min=   0.0000000000000000     
       n_pass,     n_total
       10000       10000
  
 ====================NCALL=20K===========================
  
 ITERATION            1 :
   2.0553433630007444E-006 +\-   3.7834627601518571E-009
 precision:   1.8407935278649044E-003
 max=   1.2640356824073936E-005
 min=   0.0000000000000000     
       n_pass,     n_total
       20000       20000
 max=   1.2640356824073936E-005
 min=   0.0000000000000000     
       n_pass,     n_total
       30000       30000
 ITERATION            2 :
   2.0608576874085583E-006 +\-   7.9772992597697720E-010
 precision:   3.8708637226672794E-004
 max=   1.2642566307048002E-005
 min=   0.0000000000000000     
       n_pass,     n_total
       40000       40000
 max=   1.2642566307048002E-005
 min=   0.0000000000000000     
       n_pass,     n_total
       50000       50000
 ITERATION            3 :
   2.0609719043060025E-006 +\-   4.5226287857564731E-010
 precision:   2.1944155455527143E-004
 max=   1.2642921084150536E-005
 min=   0.0000000000000000     
       n_pass,     n_total
       60000       60000
 max=   1.2642921084150536E-005
 min=   0.0000000000000000     
       n_pass,     n_total
       70000       70000
 ITERATION            4 :
   2.0612325065480568E-006 +\-   3.6849426575936267E-010
 precision:   1.7877375045694359E-004
 max=   1.2642921084150536E-005
 min=   0.0000000000000000     
       n_pass,     n_total
       80000       80000
 max=   1.2642921084150536E-005
 min=   0.0000000000000000     
       n_pass,     n_total
       90000       90000
 ITERATION            5 :
   2.0607813837794678E-006 +\-   2.9612901211254838E-010
 precision:   1.4369744138965801E-004
 max=   1.2642921084150536E-005
 min=   0.0000000000000000     
       n_pass,     n_total
      100000      100000
 max=   1.2642921084150536E-005
 min=   0.0000000000000000     
       n_pass,     n_total
      110000      110000
 ITERATION            6 :
   2.0603587636274831E-006 +\-   5.2815860839954621E-010
 precision:   2.5634303002146396E-004
 max=   1.2642933161098039E-005
 min=   0.0000000000000000     
       n_pass,     n_total
      120000      120001
 max=   1.2642933161098039E-005
 min=   0.0000000000000000     
       n_pass,     n_total
      130000      130001
 ITERATION            7 :
   2.0607619186264905E-006 +\-   3.4372885463588319E-010
 precision:   1.6679697520079390E-004
 max=   1.2642973061819995E-005
 min=   0.0000000000000000     
       n_pass,     n_total
      140000      140002
 max=   1.2642973061819995E-005
 min=   0.0000000000000000     
       n_pass,     n_total
      150000      150002
 ITERATION            8 :
   2.0607320061923547E-006 +\-   4.9157490638856930E-010
 precision:   2.3854383049878454E-004
 max=   1.2642973061819995E-005
 min=   0.0000000000000000     
       n_pass,     n_total
      160000      160003
 max=   1.2642973061819995E-005
 min=   0.0000000000000000     
       n_pass,     n_total
      170000      170003
 ITERATION            9 :
   2.0607998700880283E-006 +\-   4.2297029191783059E-010
 precision:   2.0524569030556236E-004
 max=   1.2642973061819995E-005
 min=   0.0000000000000000     
       n_pass,     n_total
      180000      180003
 max=   1.2642973061819995E-005
 min=   0.0000000000000000     
       n_pass,     n_total
      190000      190003
 ITERATION           10 :
   2.0610956368432640E-006 +\-   3.1794719589506705E-010
 precision:   1.5426125319542626E-004
 ====================NCALL=40K ===========================
  
 max=   1.2642973061819995E-005
 min=   0.0000000000000000     
       n_pass,     n_total
      200000      200003
 max=   1.2642973061819995E-005
 min=   0.0000000000000000     
       n_pass,     n_total
      210000      210003
 max=   1.2642973061819995E-005
 min=   0.0000000000000000     
       n_pass,     n_total
      220000      220003
 max=   1.2642973061819995E-005
 min=   0.0000000000000000     
       n_pass,     n_total
      230000      230003
   2.0605167948372617E-006 +\-   1.3490786248788423E-010
 precision:   6.5472828382619010E-005
 ====================NCALL=80K ===========================
  
 max=   1.2642973061819995E-005
 min=   0.0000000000000000     
       n_pass,     n_total
      240000      240003
 max=   1.2642973061819995E-005
 min=   0.0000000000000000     
       n_pass,     n_total
      250000      250003
 max=   1.2642973061819995E-005
 min=   0.0000000000000000     
       n_pass,     n_total
      260000      260003
 max=   1.2642973061819995E-005
 min=   0.0000000000000000     
       n_pass,     n_total
      270000      270003
 max=   1.2642973061819995E-005
 min=   0.0000000000000000     
       n_pass,     n_total
      280000      280003
 max=   1.2642973061819995E-005
 min=   0.0000000000000000     
       n_pass,     n_total
      290000      290003
 max=   1.2642973061819995E-005
 min=   0.0000000000000000     
       n_pass,     n_total
      300000      300003
 max=   1.2642973061819995E-005
 min=   0.0000000000000000     
       n_pass,     n_total
      310000      310003
   2.0606155568433749E-006 +\-   7.1605294701056129E-011
 precision:   3.4749468168990807E-005
 sigma (pb)                   sd (pb)
   2.0606155568433749E-006   7.1605294701056129E-011
