 =======================================================
 |                                                     |
 |         \/\/\/\/\/\___________/\/\/\/\/\/           |
 |                   |     \     |                     |
 |                   |     /     |                     |
 |                   |     \     |                     |
 |         /\/\/\/\/\|_____/_____|/\/\/\/\/\           |
 |                                                     |
 | Light-by-light scattering at next-to-leading order  |
 |                   (VERSION 0.5)                     |
 |                                                     |
 |    Authors:                                         |
 |            Ajjath A.H. (LPTHE Paris)                |
 |            Ekta Chaubey (Bonn)                      |
 |            Mathijs Fraaije (Bern)                   |
 |            Valentin Hirschi (Bern)                  |
 |            Hua-Sheng Shao (LPTHE Paris)             |
 |                                                     |
 |    Please cite                                      |
 |            PLB 851 (2024) 138555 [arXiv:2312.16956] |
 |            JHEP 03 (2024) 121    [arXiv:2312.16966] |
 |                                                     |
 =======================================================
 ---------------------------------------------------
         the cuts in the lab frame                  
 min transverse momentum of photon    0.0000000000000000     
 max (pseudo-)rapidity of photon    5.0000000000000000     
 min (pseudo-)rapidity of photon   -5.0000000000000000     
 min invariant mass of di-photon    0.0000000000000000     
 ---------------------------------------------------
 max=   12.506313210105828     
 min=   0.0000000000000000     
       n_pass,     n_total
       10000       10000
  
 ====================NCALL=20K===========================
  
 ITERATION            1 :
   2.0624458531836792E-002 +\-   1.6276726221342939E-003
 precision:   7.8919532341746049E-002
 WARNING: outside the range of the grid (xs,xt)=   39271111.111111112       -39269184.072864808     
 WARNING: set the 2-loop amplitudes to zero
 WARNING: outside the range of the grid (xs,xt)=   3916232.6869806093       -3916040.5169615876     
 WARNING: set the 2-loop amplitudes to zero
 WARNING: outside the range of the grid (xs,xt)=   2952.3204918306660       -2952.1756211014676     
 WARNING: set the 2-loop amplitudes to zero
 WARNING: outside the range of the grid (xs,xt)=   27982135.262399025       -27980762.175584361     
 WARNING: set the 2-loop amplitudes to zero
 max=   13.699483902727199     
 min=   0.0000000000000000     
       n_pass,     n_total
       20000       20010
 max=   13.699483902727199     
 min=   0.0000000000000000     
       n_pass,     n_total
       30000       30010
 ITERATION            2 :
   1.9360460111212618E-002 +\-   4.2309083076595369E-004
 precision:   2.1853345857256793E-002
 WARNING: outside the range of the grid (xs,xt)=   39271111.111111112       -39269218.722101629     
 WARNING: set the 2-loop amplitudes to zero
 INFO: will suppress the further warning
 max=   13.808373280398271     
 min=   0.0000000000000000     
       n_pass,     n_total
       40000       40062
 max=   13.808373280398271     
 min=   0.0000000000000000     
       n_pass,     n_total
       50000       50062
 ITERATION            3 :
   1.9546416875744873E-002 +\-   1.0102206367593597E-004
 precision:   5.1683162350483853E-003
 max=   13.890839779367743     
 min=   0.0000000000000000     
       n_pass,     n_total
       60000       60366
 max=   13.890839779367743     
 min=   0.0000000000000000     
       n_pass,     n_total
       70000       70366
 ITERATION            4 :
   1.9460888792952706E-002 +\-   2.6218096941241532E-005
 precision:   1.3472199147829150E-003
 max=   13.900453273347974     
 min=   0.0000000000000000     
       n_pass,     n_total
       80000       81384
 max=   13.900453273347974     
 min=   0.0000000000000000     
       n_pass,     n_total
       90000       91384
 ITERATION            5 :
   1.9494200574454227E-002 +\-   1.2992000359633850E-005
 precision:   6.6645463659889439E-004
 max=   13.900453273347974     
 min=   0.0000000000000000     
       n_pass,     n_total
      100000      102723
 max=   13.900453273347974     
 min=   0.0000000000000000     
       n_pass,     n_total
      110000      112723
 ITERATION            6 :
   1.9474284573987092E-002 +\-   1.2983155458428070E-005
 precision:   6.6668202413815028E-004
 max=   13.900453273347974     
 min=   0.0000000000000000     
       n_pass,     n_total
      120000      124510
 max=   13.900453273347974     
 min=   0.0000000000000000     
       n_pass,     n_total
      130000      134510
 ITERATION            7 :
   1.9487606612623897E-002 +\-   1.3068058060981776E-005
 precision:   6.7058301826127811E-004
 max=   13.900453273347974     
 min=   0.0000000000000000     
       n_pass,     n_total
      140000      147259
 ITERATION            8 :
   1.9466205633736230E-002 +\-   1.1439959860056784E-005
 precision:   5.8768308910857141E-004
 max=   13.900453273347974     
 min=   0.0000000000000000     
       n_pass,     n_total
      150000      158973
 max=   13.900453273347974     
 min=   0.0000000000000000     
       n_pass,     n_total
      160000      168973
 ITERATION            9 :
   1.9488965378466824E-002 +\-   1.1936759694568142E-005
 precision:   6.1248811636542577E-004
 max=   13.900453273347974     
 min=   0.0000000000000000     
       n_pass,     n_total
      170000      180575
 max=   13.900453273347974     
 min=   0.0000000000000000     
       n_pass,     n_total
      180000      190575
 ITERATION           10 :
   1.9493719730667342E-002 +\-   1.1749327528523829E-005
 precision:   6.0272373312312958E-004
 ====================NCALL=40K ===========================
  
 max=   13.900453273347974     
 min=   0.0000000000000000     
       n_pass,     n_total
      190000      203763
 max=   13.900453273347974     
 min=   0.0000000000000000     
       n_pass,     n_total
      200000      213763
 max=   13.900453273347974     
 min=   0.0000000000000000     
       n_pass,     n_total
      210000      223763
 max=   13.900453273347974     
 min=   0.0000000000000000     
       n_pass,     n_total
      220000      233763
   1.9484169878097746E-002 +\-   5.8735499529297742E-006
 precision:   3.0145240929829200E-004
 ====================NCALL=80K ===========================
  
 max=   13.900453273347974     
 min=   0.0000000000000000     
       n_pass,     n_total
      230000      248730
 max=   13.900453273347974     
 min=   0.0000000000000000     
       n_pass,     n_total
      240000      258730
 max=   13.900453273347974     
 min=   0.0000000000000000     
       n_pass,     n_total
      250000      268730
 max=   13.900453273347974     
 min=   0.0000000000000000     
       n_pass,     n_total
      260000      278730
 max=   13.900453273347974     
 min=   0.0000000000000000     
       n_pass,     n_total
      270000      288730
 max=   13.900453273347974     
 min=   0.0000000000000000     
       n_pass,     n_total
      280000      298730
 max=   13.900453273347974     
 min=   0.0000000000000000     
       n_pass,     n_total
      290000      308730
   1.9477450666461879E-002 +\-   2.7996125438124318E-006
 precision:   1.4373608701435809E-004
 sigma (pb)                   sd (pb)
   1.9477450666461879E-002   2.7996125438124318E-006
