 =======================================================
 |                                                     |
 |         \/\/\/\/\/\___________/\/\/\/\/\/           |
 |                   |     \     |                     |
 |                   |     /     |                     |
 |                   |     \     |                     |
 |         /\/\/\/\/\|_____/_____|/\/\/\/\/\           |
 |                                                     |
 | Light-by-light scattering at next-to-leading order  |
 |                   (VERSION 0.5)                     |
 |                                                     |
 |    Authors:                                         |
 |            Ajjath A.H. (LPTHE Paris)                |
 |            Ekta Chaubey (Bonn)                      |
 |            Mathijs Fraaije (Bern)                   |
 |            Valentin Hirschi (Bern)                  |
 |            Hua-Sheng Shao (LPTHE Paris)             |
 |                                                     |
 |    Please cite                                      |
 |            PLB 851 (2024) 138555 [arXiv:2312.16956] |
 |            JHEP 03 (2024) 121    [arXiv:2312.16966] |
 |                                                     |
 =======================================================
 ---------------------------------------------------
         the cuts in the lab frame                  
 min transverse momentum of photon    0.0000000000000000     
 max (pseudo-)rapidity of photon    5.0000000000000000     
 min (pseudo-)rapidity of photon   -5.0000000000000000     
 min invariant mass of di-photon    0.0000000000000000     
 ---------------------------------------------------
 max=   4.3974874059136084     
 min=   0.0000000000000000     
       n_pass,     n_total
       10000       10000
  
 ====================NCALL=20K===========================
  
 ITERATION            1 :
   2.1764259195081254E-002 +\-   7.9947524064545041E-004
 precision:   3.6733400088624781E-002
 WARNING: outside the range of the grid (xs,xt)=   11111111.111111112       -11110593.680455036     
 WARNING: set the 2-loop amplitudes to zero
 WARNING: outside the range of the grid (xs,xt)=   1108033.2409972299       -1107981.6412642142     
 WARNING: set the 2-loop amplitudes to zero
 WARNING: outside the range of the grid (xs,xt)=   835.31023422098963       -835.27133485996308     
 WARNING: set the 2-loop amplitudes to zero
 WARNING: outside the range of the grid (xs,xt)=   7917082.1815298274       -7916713.4928373639     
 WARNING: set the 2-loop amplitudes to zero
 max=   4.5376610770754917     
 min=   0.0000000000000000     
       n_pass,     n_total
       20000       20009
 max=   4.5376610770754917     
 min=   0.0000000000000000     
       n_pass,     n_total
       30000       30009
 WARNING: outside the range of the grid (xs,xt)=   11111111.111111112       -529.37983958925588     
 WARNING: set the 2-loop amplitudes to zero
 INFO: will suppress the further warning
 ITERATION            2 :
   2.0708585826956158E-002 +\-   1.3061892995208719E-004
 precision:   6.3074770553410674E-003
 max=   4.5423939405071794     
 min=   0.0000000000000000     
       n_pass,     n_total
       40000       40051
 max=   4.5423939405071794     
 min=   0.0000000000000000     
       n_pass,     n_total
       50000       50051
 ITERATION            3 :
   2.0676087862062691E-002 +\-   4.1085081599514394E-005
 precision:   1.9870819796088666E-003
 max=   4.5443503672090486     
 min=   0.0000000000000000     
       n_pass,     n_total
       60000       60251
 max=   4.5443503672090486     
 min=   0.0000000000000000     
       n_pass,     n_total
       70000       70251
 ITERATION            4 :
   2.0651395646701074E-002 +\-   1.6450721242385351E-005
 precision:   7.9659125822875059E-004
 max=   4.5443503672090486     
 min=   0.0000000000000000     
       n_pass,     n_total
       80000       80703
 max=   4.5443503672090486     
 min=   0.0000000000000000     
       n_pass,     n_total
       90000       90703
 ITERATION            5 :
   2.0649461692687481E-002 +\-   1.2153033310161253E-005
 precision:   5.8853995765250201E-004
 max=   4.5443503672090486     
 min=   0.0000000000000000     
       n_pass,     n_total
      100000      101469
 max=   4.5443503672090486     
 min=   0.0000000000000000     
       n_pass,     n_total
      110000      111469
 ITERATION            6 :
   2.0643031435031510E-002 +\-   1.0400565491640107E-005
 precision:   5.0382936849043415E-004
 max=   4.5443503672090486     
 min=   0.0000000000000000     
       n_pass,     n_total
      120000      122452
 max=   4.5443503672090486     
 min=   0.0000000000000000     
       n_pass,     n_total
      130000      132452
 ITERATION            7 :
   2.0659559103925376E-002 +\-   9.2487392830783365E-006
 precision:   4.4767360409550316E-004
 max=   4.5443503672090486     
 min=   0.0000000000000000     
       n_pass,     n_total
      140000      143389
 max=   4.5443503672090486     
 min=   0.0000000000000000     
       n_pass,     n_total
      150000      153389
 ITERATION            8 :
   2.0633251796320910E-002 +\-   8.7946139825636121E-006
 precision:   4.2623499530654535E-004
 max=   4.5443503672090486     
 min=   0.0000000000000000     
       n_pass,     n_total
      160000      164414
 max=   4.5443503672090486     
 min=   0.0000000000000000     
       n_pass,     n_total
      170000      174414
 ITERATION            9 :
   2.0647359091444415E-002 +\-   8.5955993070154707E-006
 precision:   4.1630502326940220E-004
 max=   4.5443575269498373     
 min=   0.0000000000000000     
       n_pass,     n_total
      180000      185453
 max=   4.5443575269498373     
 min=   0.0000000000000000     
       n_pass,     n_total
      190000      195459
 ITERATION           10 :
   2.0654447988919290E-002 +\-   8.9248039257791113E-006
 precision:   4.3210082063520143E-004
 ====================NCALL=40K ===========================
  
 max=   4.5443575269498373     
 min=   0.0000000000000000     
       n_pass,     n_total
      200000      207233
 max=   4.5443575269498373     
 min=   0.0000000000000000     
       n_pass,     n_total
      210000      217233
 max=   4.5443575269498373     
 min=   0.0000000000000000     
       n_pass,     n_total
      220000      227233
   2.0650148481088936E-002 +\-   4.8445996193557858E-006
 precision:   2.3460362155712294E-004
 ====================NCALL=80K ===========================
  
 max=   4.5443575269498373     
 min=   0.0000000000000000     
       n_pass,     n_total
      230000      241289
 max=   4.5443575269498373     
 min=   0.0000000000000000     
       n_pass,     n_total
      240000      251289
 max=   4.5443575269498373     
 min=   0.0000000000000000     
       n_pass,     n_total
      250000      261289
 max=   4.5443575269498373     
 min=   0.0000000000000000     
       n_pass,     n_total
      260000      271289
 max=   4.5443575269498373     
 min=   0.0000000000000000     
       n_pass,     n_total
      270000      281289
 max=   4.5443575269498373     
 min=   0.0000000000000000     
       n_pass,     n_total
      280000      291289
 max=   4.5443575269498373     
 min=   0.0000000000000000     
       n_pass,     n_total
      290000      301289
 max=   4.5443575269498373     
 min=   0.0000000000000000     
       n_pass,     n_total
      300000      311289
   2.0649507862368566E-002 +\-   2.3100365056397497E-006
 precision:   1.1186884070247188E-004
 sigma (pb)                   sd (pb)
   2.0649507862368566E-002   2.3100365056397497E-006
