 =======================================================
 |                                                     |
 |         \/\/\/\/\/\___________/\/\/\/\/\/           |
 |                   |     \     |                     |
 |                   |     /     |                     |
 |                   |     \     |                     |
 |         /\/\/\/\/\|_____/_____|/\/\/\/\/\           |
 |                                                     |
 | Light-by-light scattering at next-to-leading order  |
 |                   (VERSION 0.5)                     |
 |                                                     |
 |    Authors:                                         |
 |            Ajjath A.H. (LPTHE Paris)                |
 |            Ekta Chaubey (Bonn)                      |
 |            Mathijs Fraaije (Bern)                   |
 |            Valentin Hirschi (Bern)                  |
 |            Hua-Sheng Shao (LPTHE Paris)             |
 |                                                     |
 |    Please cite                                      |
 |            PLB 851 (2024) 138555 [arXiv:2312.16956] |
 |            JHEP 03 (2024) 121    [arXiv:2312.16966] |
 |                                                     |
 =======================================================
 ---------------------------------------------------
         the cuts in the lab frame                  
 min transverse momentum of photon    0.0000000000000000     
 max (pseudo-)rapidity of photon    5.0000000000000000     
 min (pseudo-)rapidity of photon   -5.0000000000000000     
 min invariant mass of di-photon    0.0000000000000000     
 ---------------------------------------------------
 max=   9.2258291600765825E-006
 min=   0.0000000000000000     
       n_pass,     n_total
       10000       10000
  
 ====================NCALL=20K===========================
  
 ITERATION            1 :
   4.8066153192402237E-006 +\-   1.4986164722910989E-009
 precision:   3.1178206965977538E-004
 max=   9.2258291600765825E-006
 min=   0.0000000000000000     
       n_pass,     n_total
       20000       20001
 max=   9.2258291600765825E-006
 min=   0.0000000000000000     
       n_pass,     n_total
       30000       30001
 ITERATION            2 :
   4.8061587995195725E-006 +\-   9.5898032924682864E-010
 precision:   1.9953155300292806E-004
 max=   9.2264701360566425E-006
 min=   0.0000000000000000     
       n_pass,     n_total
       40000       40002
 max=   9.2264701360566425E-006
 min=   0.0000000000000000     
       n_pass,     n_total
       50000       50002
 ITERATION            3 :
   4.8057520921494345E-006 +\-   7.5591457468172762E-010
 precision:   1.5729370974349098E-004
 max=   9.2266920124433213E-006
 min=   0.0000000000000000     
       n_pass,     n_total
       60000       60005
 max=   9.2266920124433213E-006
 min=   0.0000000000000000     
       n_pass,     n_total
       70000       70005
 ITERATION            4 :
   4.8059972318815309E-006 +\-   5.5893173684584498E-010
 precision:   1.1629880540464340E-004
 max=   9.2266920124433213E-006
 min=   0.0000000000000000     
       n_pass,     n_total
       80000       80010
 max=   9.2266920124433213E-006
 min=   0.0000000000000000     
       n_pass,     n_total
       90000       90010
 ITERATION            5 :
   4.8049087163267339E-006 +\-   6.9381553911858981E-010
 precision:   1.4439723625988036E-004
 max=   9.2266920124433213E-006
 min=   0.0000000000000000     
       n_pass,     n_total
      100000      100018
 max=   9.2266920124433213E-006
 min=   0.0000000000000000     
       n_pass,     n_total
      110000      110018
 ITERATION            6 :
   4.8061979183758312E-006 +\-   6.3146034781222248E-010
 precision:   1.3138459100860608E-004
 max=   9.2266948628780025E-006
 min=   0.0000000000000000     
       n_pass,     n_total
      120000      120028
 max=   9.2266948628780025E-006
 min=   0.0000000000000000     
       n_pass,     n_total
      130000      130028
 ITERATION            7 :
   4.8054888231477164E-006 +\-   6.0945141804039095E-010
 precision:   1.2682402154484356E-004
 max=   9.2268405471715226E-006
 min=   0.0000000000000000     
       n_pass,     n_total
      140000      140039
 max=   9.2268405471715226E-006
 min=   0.0000000000000000     
       n_pass,     n_total
      150000      150039
 ITERATION            8 :
   4.8054820518996517E-006 +\-   5.9500253247066598E-010
 precision:   1.2381744974688979E-004
 max=   9.2268405471715226E-006
 min=   0.0000000000000000     
       n_pass,     n_total
      160000      160053
 max=   9.2268405471715226E-006
 min=   0.0000000000000000     
       n_pass,     n_total
      170000      170053
 ITERATION            9 :
   4.8051716614737859E-006 +\-   6.0376038196306620E-010
 precision:   1.2564803601165998E-004
 max=   9.2268405471715226E-006
 min=   0.0000000000000000     
       n_pass,     n_total
      180000      180065
 max=   9.2268405471715226E-006
 min=   0.0000000000000000     
       n_pass,     n_total
      190000      190065
 ITERATION           10 :
   4.8067949703288246E-006 +\-   5.6749396693677036E-010
 precision:   1.1806078071558543E-004
 ====================NCALL=40K ===========================
  
 max=   9.2268405471715226E-006
 min=   0.0000000000000000     
       n_pass,     n_total
      200000      200081
 max=   9.2268405471715226E-006
 min=   0.0000000000000000     
       n_pass,     n_total
      210000      210081
 max=   9.2268405471715226E-006
 min=   0.0000000000000000     
       n_pass,     n_total
      220000      220081
 max=   9.2268405471715226E-006
 min=   0.0000000000000000     
       n_pass,     n_total
      230000      230081
   4.8059256567518145E-006 +\-   3.0435014617825123E-010
 precision:   6.3328101164168365E-005
 ====================NCALL=80K ===========================
  
 max=   9.2268466564830182E-006
 min=   0.0000000000000000     
       n_pass,     n_total
      240000      240134
 max=   9.2268466564830182E-006
 min=   0.0000000000000000     
       n_pass,     n_total
      250000      250134
 max=   9.2268466564830182E-006
 min=   0.0000000000000000     
       n_pass,     n_total
      260000      260134
 max=   9.2268466564830182E-006
 min=   0.0000000000000000     
       n_pass,     n_total
      270000      270134
 max=   9.2268466564830182E-006
 min=   0.0000000000000000     
       n_pass,     n_total
      280000      280134
 max=   9.2268466564830182E-006
 min=   0.0000000000000000     
       n_pass,     n_total
      290000      290134
 max=   9.2268466564830182E-006
 min=   0.0000000000000000     
       n_pass,     n_total
      300000      300134
 max=   9.2268466564830182E-006
 min=   0.0000000000000000     
       n_pass,     n_total
      310000      310134
   4.8054668321152379E-006 +\-   1.6372002367292270E-010
 precision:   3.4069535675237927E-005
 sigma (pb)                   sd (pb)
   4.8054668321152379E-006   1.6372002367292270E-010
