 =======================================================
 |                                                     |
 |         \/\/\/\/\/\___________/\/\/\/\/\/           |
 |                   |     \     |                     |
 |                   |     /     |                     |
 |                   |     \     |                     |
 |         /\/\/\/\/\|_____/_____|/\/\/\/\/\           |
 |                                                     |
 | Light-by-light scattering at next-to-leading order  |
 |                   (VERSION 0.5)                     |
 |                                                     |
 |    Authors:                                         |
 |            Ajjath A.H. (LPTHE Paris)                |
 |            Ekta Chaubey (Bonn)                      |
 |            Mathijs Fraaije (Bern)                   |
 |            Valentin Hirschi (Bern)                  |
 |            Hua-Sheng Shao (LPTHE Paris)             |
 |                                                     |
 |    Please cite                                      |
 |            PLB 851 (2024) 138555 [arXiv:2312.16956] |
 |            JHEP 03 (2024) 121    [arXiv:2312.16966] |
 |                                                     |
 =======================================================
 ---------------------------------------------------
         the cuts in the lab frame                  
 min transverse momentum of photon    0.0000000000000000     
 max (pseudo-)rapidity of photon    5.0000000000000000     
 min (pseudo-)rapidity of photon   -5.0000000000000000     
 min invariant mass of di-photon    0.0000000000000000     
 ---------------------------------------------------
 max=   69153.565130974457     
 min=   0.0000000000000000     
       n_pass,     n_total
       10000       10000
  
 ====================NCALL=20K===========================
  
 ITERATION            1 :
   995.67788597035189      +\-   8.4742151870007696     
 precision:   8.5110007025435783E-003
 WARNING: outside the range of the grid (xs,xt)=  0.21407885943417240      -0.21406864985156912     
 WARNING: set the 2-loop amplitudes to zero
 WARNING: outside the range of the grid (xs,xt)=  0.20782871972318337      -0.20781880821446666     
 WARNING: set the 2-loop amplitudes to zero
 WARNING: outside the range of the grid (xs,xt)=  0.10006247396917953      -0.10005770191417056     
 WARNING: set the 2-loop amplitudes to zero
 WARNING: outside the range of the grid (xs,xt)=   1.0677777777777779E-002  -1.0677268546485489E-002
 WARNING: set the 2-loop amplitudes to zero
 WARNING: outside the range of the grid (xs,xt)=   92007.153771623125       -92002.765880922452     
 WARNING: set the 2-loop amplitudes to zero
 INFO: will suppress the further warning
 max=   75943.811778024552     
 min=   0.0000000000000000     
       n_pass,     n_total
       20000       20009
 max=   75943.811778024552     
 min=   0.0000000000000000     
       n_pass,     n_total
       30000       30009
 ITERATION            2 :
   985.75099486433396      +\-   2.1573077870966166     
 precision:   2.1884916153632901E-003
 max=   77444.683006569612     
 min=   0.0000000000000000     
       n_pass,     n_total
       40000       40044
 max=   77444.683006569612     
 min=   0.0000000000000000     
       n_pass,     n_total
       50000       50044
 ITERATION            3 :
   985.61309176013663      +\-  0.72450437647494415     
 precision:   7.3507990359696128E-004
 max=   77859.160704111811     
 min=   0.0000000000000000     
       n_pass,     n_total
       60000       60180
 max=   77859.160704111811     
 min=   0.0000000000000000     
       n_pass,     n_total
       70000       70180
 ITERATION            4 :
   985.95602886869244      +\-  0.44897202538004821     
 precision:   4.5536718903702890E-004
 max=   77916.363950617786     
 min=   0.0000000000000000     
       n_pass,     n_total
       80000       80503
 max=   77916.363950617786     
 min=   0.0000000000000000     
       n_pass,     n_total
       90000       90503
 ITERATION            5 :
   985.63874806265903      +\-  0.30403741080782354     
 precision:   3.0846738869127257E-004
 max=   77919.582575786291     
 min=   0.0000000000000000     
       n_pass,     n_total
      100000      100981
 max=   77919.582575786291     
 min=   0.0000000000000000     
       n_pass,     n_total
      110000      110981
 ITERATION            6 :
   985.64601223420163      +\-  0.26383073601997592     
 precision:   2.6767290969091498E-004
 max=   77919.582575786291     
 min=   0.0000000000000000     
       n_pass,     n_total
      120000      121517
 max=   77919.582575786291     
 min=   0.0000000000000000     
       n_pass,     n_total
      130000      131517
 ITERATION            7 :
   986.05803183837429      +\-  0.26518491092915564     
 precision:   2.6893438557034374E-004
 max=   77919.582575786291     
 min=   0.0000000000000000     
       n_pass,     n_total
      140000      142203
 max=   77919.582575786291     
 min=   0.0000000000000000     
       n_pass,     n_total
      150000      152203
 ITERATION            8 :
   985.27541237177752      +\-  0.25095159739711709     
 precision:   2.5470197900607372E-004
 max=   77955.114092910226     
 min=   0.0000000000000000     
       n_pass,     n_total
      160000      162886
 max=   77955.114092910226     
 min=   0.0000000000000000     
       n_pass,     n_total
      170000      172886
 ITERATION            9 :
   985.78218695201792      +\-  0.25213543480164713     
 precision:   2.5577195260672691E-004
 max=   77955.114092910226     
 min=   0.0000000000000000     
       n_pass,     n_total
      180000      183529
 max=   77955.114092910226     
 min=   0.0000000000000000     
       n_pass,     n_total
      190000      193529
 ITERATION           10 :
   985.98287631097060      +\-  0.24149801221706579     
 precision:   2.4493124375610291E-004
 ====================NCALL=40K ===========================
  
 max=   77955.114092910226     
 min=   0.0000000000000000     
       n_pass,     n_total
      200000      204346
 max=   77955.114092910226     
 min=   0.0000000000000000     
       n_pass,     n_total
      210000      214346
 max=   77955.114092910226     
 min=   0.0000000000000000     
       n_pass,     n_total
      220000      224346
 max=   77955.114092910226     
 min=   0.0000000000000000     
       n_pass,     n_total
      230000      234346
   985.80979824131305      +\-  0.12544171785538369     
 precision:   1.2724738390627887E-004
 ====================NCALL=80K ===========================
  
 max=   77956.947990392684     
 min=   0.0000000000000000     
       n_pass,     n_total
      240000      247033
 max=   77956.947990392684     
 min=   0.0000000000000000     
       n_pass,     n_total
      250000      257033
 max=   77956.947990392684     
 min=   0.0000000000000000     
       n_pass,     n_total
      260000      267033
 max=   77956.947990392684     
 min=   0.0000000000000000     
       n_pass,     n_total
      270000      277033
 max=   77956.947990392684     
 min=   0.0000000000000000     
       n_pass,     n_total
      280000      287033
 max=   77956.947990392684     
 min=   0.0000000000000000     
       n_pass,     n_total
      290000      297033
 max=   77956.947990392684     
 min=   0.0000000000000000     
       n_pass,     n_total
      300000      307033
   985.79946016121676      +\-   8.4040929579653978E-002
 precision:   8.5251547577343969E-005
 sigma (pb)                   sd (pb)
   985.79946016121676        8.4040929579653978E-002
