 =======================================================
 |                                                     |
 |         \/\/\/\/\/\___________/\/\/\/\/\/           |
 |                   |     \     |                     |
 |                   |     /     |                     |
 |                   |     \     |                     |
 |         /\/\/\/\/\|_____/_____|/\/\/\/\/\           |
 |                                                     |
 | Light-by-light scattering at next-to-leading order  |
 |                   (VERSION 0.5)                     |
 |                                                     |
 |    Authors:                                         |
 |            Ajjath A.H. (LPTHE Paris)                |
 |            Ekta Chaubey (Bonn)                      |
 |            Mathijs Fraaije (Bern)                   |
 |            Valentin Hirschi (Bern)                  |
 |            Hua-Sheng Shao (LPTHE Paris)             |
 |                                                     |
 |    Please cite                                      |
 |            PLB 851 (2024) 138555 [arXiv:2312.16956] |
 |            JHEP 03 (2024) 121    [arXiv:2312.16966] |
 |                                                     |
 =======================================================
 ---------------------------------------------------
         the cuts in the lab frame                  
 min transverse momentum of photon    0.0000000000000000     
 max (pseudo-)rapidity of photon    5.0000000000000000     
 min (pseudo-)rapidity of photon   -5.0000000000000000     
 min invariant mass of di-photon    0.0000000000000000     
 ---------------------------------------------------
 max=   2540.1539433259568     
 min=   0.0000000000000000     
       n_pass,     n_total
       10000       10000
  
 ====================NCALL=20K===========================
  
 ITERATION            1 :
   94.995815265994565      +\-  0.29256114356082602     
 precision:   3.0797266462910546E-003
 WARNING: outside the range of the grid (xs,xt)=   7.6902740031187342       -7.6899022256518812     
 WARNING: set the 2-loop amplitudes to zero
 WARNING: outside the range of the grid (xs,xt)=   7.4657525951557080       -7.4653916719185327     
 WARNING: set the 2-loop amplitudes to zero
 WARNING: outside the range of the grid (xs,xt)=   3.5945064556434825       -3.5943326833560292     
 WARNING: set the 2-loop amplitudes to zero
 WARNING: outside the range of the grid (xs,xt)=  0.38357377777777779      -0.38355523434390337     
 WARNING: set the 2-loop amplitudes to zero
 WARNING: outside the range of the grid (xs,xt)=   3.8251124653739615E-002  -3.8249275447037455E-002
 WARNING: set the 2-loop amplitudes to zero
 INFO: will suppress the further warning
 max=   2866.4985314483210     
 min=   0.0000000000000000     
       n_pass,     n_total
       20000       20007
 max=   2866.4985314483210     
 min=   0.0000000000000000     
       n_pass,     n_total
       30000       30007
 ITERATION            2 :
   94.638754367839653      +\-   7.8255208632923470E-002
 precision:   8.2688333289725050E-004
 max=   2870.2509587918148     
 min=   0.0000000000000000     
       n_pass,     n_total
       40000       40036
 max=   2870.2509587918148     
 min=   0.0000000000000000     
       n_pass,     n_total
       50000       50036
 ITERATION            3 :
   94.565964040893050      +\-   3.2960145498153209E-002
 precision:   3.4854131539229373E-004
 max=   2892.4063798241100     
 min=   0.0000000000000000     
       n_pass,     n_total
       60000       60128
 max=   2892.4063798241100     
 min=   0.0000000000000000     
       n_pass,     n_total
       70000       70128
 ITERATION            4 :
   94.593272145152653      +\-   2.4848170581716140E-002
 precision:   2.6268433280949210E-004
 max=   2898.7918158942157     
 min=   0.0000000000000000     
       n_pass,     n_total
       80000       80327
 max=   2898.7918158942157     
 min=   0.0000000000000000     
       n_pass,     n_total
       90000       90327
 ITERATION            5 :
   94.570180188744445      +\-   1.9486230192104513E-002
 precision:   2.0605047122902411E-004
 max=   2912.2478378842334     
 min=   0.0000000000000000     
       n_pass,     n_total
      100000      100651
 max=   2912.2478378842334     
 min=   0.0000000000000000     
       n_pass,     n_total
      110000      110651
 ITERATION            6 :
   94.588534268645304      +\-   1.6759334381424441E-002
 precision:   1.7718145767885011E-004
 max=   2916.2128139250703     
 min=   0.0000000000000000     
       n_pass,     n_total
      120000      120935
 max=   2916.2128139250703     
 min=   0.0000000000000000     
       n_pass,     n_total
      130000      130935
 ITERATION            7 :
   94.625650992528932      +\-   1.6215685369676491E-002
 precision:   1.7136669813723959E-004
 max=   2916.2128139250703     
 min=   0.0000000000000000     
       n_pass,     n_total
      140000      141337
 max=   2916.2128139250703     
 min=   0.0000000000000000     
       n_pass,     n_total
      150000      151337
 ITERATION            8 :
   94.570425172388283      +\-   1.7759407337798443E-002
 precision:   1.8779028756004426E-004
 max=   2916.2128139250703     
 min=   0.0000000000000000     
       n_pass,     n_total
      160000      161517
 max=   2916.2128139250703     
 min=   0.0000000000000000     
       n_pass,     n_total
      170000      171517
 ITERATION            9 :
   94.591807748775281      +\-   1.7558693101896124E-002
 precision:   1.8562593864925329E-004
 max=   2916.2128139250703     
 min=   0.0000000000000000     
       n_pass,     n_total
      180000      181915
 max=   2916.2128139250703     
 min=   0.0000000000000000     
       n_pass,     n_total
      190000      191915
 ITERATION           10 :
   94.610832779680095      +\-   1.6926513200303295E-002
 precision:   1.7890671398823859E-004
 ====================NCALL=40K ===========================
  
 max=   2916.2128139250703     
 min=   0.0000000000000000     
       n_pass,     n_total
      200000      202246
 max=   2916.2128139250703     
 min=   0.0000000000000000     
       n_pass,     n_total
      210000      212246
 max=   2916.2128139250703     
 min=   0.0000000000000000     
       n_pass,     n_total
      220000      222246
 max=   2916.2128139250703     
 min=   0.0000000000000000     
       n_pass,     n_total
      230000      232246
   94.603515168489281      +\-   8.5693412516553956E-003
 precision:   9.0581636806976582E-005
 ====================NCALL=80K ===========================
  
 max=   2916.2128139250703     
 min=   0.0000000000000000     
       n_pass,     n_total
      240000      243623
 max=   2916.2128139250703     
 min=   0.0000000000000000     
       n_pass,     n_total
      250000      253623
 max=   2916.2128139250703     
 min=   0.0000000000000000     
       n_pass,     n_total
      260000      263623
 max=   2916.2128139250703     
 min=   0.0000000000000000     
       n_pass,     n_total
      270000      273623
 max=   2916.2128139250703     
 min=   0.0000000000000000     
       n_pass,     n_total
      280000      283623
 max=   2916.2128139250703     
 min=   0.0000000000000000     
       n_pass,     n_total
      290000      293623
 max=   2916.2128139250703     
 min=   0.0000000000000000     
       n_pass,     n_total
      300000      303623
 max=   2916.2128139250703     
 min=   0.0000000000000000     
       n_pass,     n_total
      310000      313623
   94.598530501620232      +\-   4.0278268728317470E-003
 precision:   4.2578112487305079E-005
 sigma (pb)                   sd (pb)
   94.598530501620232        4.0278268728317470E-003
