 =======================================================
 |                                                     |
 |         \/\/\/\/\/\___________/\/\/\/\/\/           |
 |                   |     \     |                     |
 |                   |     /     |                     |
 |                   |     \     |                     |
 |         /\/\/\/\/\|_____/_____|/\/\/\/\/\           |
 |                                                     |
 | Light-by-light scattering at next-to-leading order  |
 |                   (VERSION 0.5)                     |
 |                                                     |
 |    Authors:                                         |
 |            Ajjath A.H. (LPTHE Paris)                |
 |            Ekta Chaubey (Bonn)                      |
 |            Mathijs Fraaije (Bern)                   |
 |            Valentin Hirschi (Bern)                  |
 |            Hua-Sheng Shao (LPTHE Paris)             |
 |                                                     |
 |    Please cite                                      |
 |            PLB 851 (2024) 138555 [arXiv:2312.16956] |
 |            JHEP 03 (2024) 121    [arXiv:2312.16966] |
 |                                                     |
 =======================================================
 ---------------------------------------------------
         the cuts in the lab frame                  
 min transverse momentum of photon    0.0000000000000000     
 max (pseudo-)rapidity of photon    5.0000000000000000     
 min (pseudo-)rapidity of photon   -5.0000000000000000     
 min invariant mass of di-photon    0.0000000000000000     
 ---------------------------------------------------
 WARNING: outside the range of the grid (xs,xt)=   2.4141462524987647       -2.4141462283700150     
 WARNING: set the 2-loop amplitudes to zero
 WARNING: outside the range of the grid (xs,xt)=   2.4139922240034832       -2.4139921998762719     
 WARNING: set the 2-loop amplitudes to zero
 WARNING: outside the range of the grid (xs,xt)=   2.4141679170718140       -2.4141678929428472     
 WARNING: set the 2-loop amplitudes to zero
 max=   874036602776101.12     
 min=   0.0000000000000000     
       n_pass,     n_total
       10000       10000
  
 ====================NCALL=20K===========================
  
 ITERATION            1 :
   91150302234.245010      +\-   58003617235.486679     
 precision:  0.63635134293273710     
 WARNING: outside the range of the grid (xs,xt)=   2.4139747203173143       -2.4139746961902775     
 WARNING: set the 2-loop amplitudes to zero
 WARNING: outside the range of the grid (xs,xt)=   2.4141547194424597       -2.4141546953136253     
 WARNING: set the 2-loop amplitudes to zero
 INFO: will suppress the further warning
 max=   2065848450646193.0     
 min=   0.0000000000000000     
       n_pass,     n_total
       20000       20017
 max=   2065848450646193.0     
 min=   0.0000000000000000     
       n_pass,     n_total
       30000       30017
 ITERATION            2 :
   103135644382.13651      +\-   56954046511.230286     
 precision:  0.55222466347526833     
 max=   2248736080292089.2     
 min=   0.0000000000000000     
       n_pass,     n_total
       40000       40292
 max=   2248736080292089.2     
 min=   0.0000000000000000     
       n_pass,     n_total
       50000       50292
 ITERATION            3 :
   71976869890.052231      +\-   3376076710.7145758     
 precision:   4.6905022625625126E-002
 max=   2262036512244508.5     
 min=   0.0000000000000000     
       n_pass,     n_total
       60000       64924
 max=   2262036512244508.5     
 min=   0.0000000000000000     
       n_pass,     n_total
       70000       74924
 ITERATION            4 :
   73075740650.660522      +\-   169429357.74297395     
 precision:   2.3185445160649565E-003
 max=   2263768888107069.0     
 min=   0.0000000000000000     
       n_pass,     n_total
       80000       92345
 ITERATION            5 :
   73354815631.086411      +\-   33683851.083361894     
 precision:   4.5919072651976378E-004
 max=   2264055307981128.0     
 min=   0.0000000000000000     
       n_pass,     n_total
       90000      105172
 max=   2264055307981128.0     
 min=   0.0000000000000000     
       n_pass,     n_total
      100000      115172
 ITERATION            6 :
   73365935660.994980      +\-   11985061.008114174     
 precision:   1.6336002396935334E-004
 max=   2264055307981128.0     
 min=   0.0000000000000000     
       n_pass,     n_total
      110000      127009
 max=   2264055307981128.0     
 min=   0.0000000000000000     
       n_pass,     n_total
      120000      137009
 ITERATION            7 :
   73368132696.157379      +\-   9548234.9911807664     
 precision:   1.3014144752359017E-004
 max=   2264088737278463.0     
 min=   0.0000000000000000     
       n_pass,     n_total
      130000      147908
 ITERATION            8 :
   73367210134.894882      +\-   7287243.8660210334     
 precision:   9.9325623158118113E-005
 max=   2264088737278463.0     
 min=   0.0000000000000000     
       n_pass,     n_total
      140000      159264
 max=   2264088737278463.0     
 min=   0.0000000000000000     
       n_pass,     n_total
      150000      169264
 ITERATION            9 :
   73367204615.312256      +\-   6257740.8031910555     
 precision:   8.5293433707913426E-005
 max=   2264088737278463.0     
 min=   0.0000000000000000     
       n_pass,     n_total
      160000      179903
 max=   2264088737278463.0     
 min=   0.0000000000000000     
       n_pass,     n_total
      170000      189903
 ITERATION           10 :
   73368011919.887024      +\-   5949708.7039115177     
 precision:   8.1094042869911796E-005
 ====================NCALL=40K ===========================
  
 max=   2264088737278463.0     
 min=   0.0000000000000000     
       n_pass,     n_total
      180000      202427
 max=   2264088737278463.0     
 min=   0.0000000000000000     
       n_pass,     n_total
      190000      212427
 max=   2264088737278463.0     
 min=   0.0000000000000000     
       n_pass,     n_total
      200000      222427
 max=   2264088737278463.0     
 min=   0.0000000000000000     
       n_pass,     n_total
      210000      232427
   73415940246.685394      +\-   64223598.242141731     
 precision:   8.7479092450963082E-004
 ====================NCALL=80K ===========================
  
 max=   2264088737278463.0     
 min=   0.0000000000000000     
       n_pass,     n_total
      220000      271923
 max=   2264088737278463.0     
 min=   0.0000000000000000     
       n_pass,     n_total
      230000      281923
 max=   2264088737278463.0     
 min=   0.0000000000000000     
       n_pass,     n_total
      240000      291923
 max=   2264088737278463.0     
 min=   0.0000000000000000     
       n_pass,     n_total
      250000      301923
 max=   2264088737278463.0     
 min=   0.0000000000000000     
       n_pass,     n_total
      260000      311923
   72456496481.775513      +\-   6116929.0579959881     
 precision:   8.4422092635054981E-005
 sigma (pb)                   sd (pb)
   72456496481.775513        6116929.0579959881     
