 =======================================================
 |                                                     |
 |         \/\/\/\/\/\___________/\/\/\/\/\/           |
 |                   |     \     |                     |
 |                   |     /     |                     |
 |                   |     \     |                     |
 |         /\/\/\/\/\|_____/_____|/\/\/\/\/\           |
 |                                                     |
 | Light-by-light scattering at next-to-leading order  |
 |                   (VERSION 0.5)                     |
 |                                                     |
 |    Authors:                                         |
 |            Ajjath A.H. (LPTHE Paris)                |
 |            Ekta Chaubey (Bonn)                      |
 |            Mathijs Fraaije (Bern)                   |
 |            Valentin Hirschi (Bern)                  |
 |            Hua-Sheng Shao (LPTHE Paris)             |
 |                                                     |
 |    Please cite                                      |
 |            PLB 851 (2024) 138555 [arXiv:2312.16956] |
 |            JHEP 03 (2024) 121    [arXiv:2312.16966] |
 |                                                     |
 =======================================================
 ---------------------------------------------------
         the cuts in the lab frame                  
 min transverse momentum of photon    0.0000000000000000     
 max (pseudo-)rapidity of photon    5.0000000000000000     
 min (pseudo-)rapidity of photon   -5.0000000000000000     
 min invariant mass of di-photon    0.0000000000000000     
 ---------------------------------------------------
 max=   2775244.6494797398     
 min=   0.0000000000000000     
       n_pass,     n_total
       10000       10000
  
 ====================NCALL=20K===========================
  
 ITERATION            1 :
   682785.56309675262      +\-   206.16091090380775     
 precision:   3.0194093438175724E-004
 max=   2993597.8681163345     
 min=   0.0000000000000000     
       n_pass,     n_total
       20000       20003
 max=   2993597.8681163345     
 min=   0.0000000000000000     
       n_pass,     n_total
       30000       30003
 ITERATION            2 :
   682380.01182470447      +\-   88.591880991765152     
 precision:   1.2982777844689183E-004
 WARNING: outside the range of the grid (xs,xt)=   98.052626943064737       -98.047985242604298     
 WARNING: set the 2-loop amplitudes to zero
 max=   2993597.8681163345     
 min=   0.0000000000000000     
       n_pass,     n_total
       40000       40016
 max=   2993597.8681163345     
 min=   0.0000000000000000     
       n_pass,     n_total
       50000       50016
 ITERATION            3 :
   682218.47137299692      +\-   107.54360847002752     
 precision:   1.5763807780459378E-004
 WARNING: outside the range of the grid (xs,xt)=   98.052626943064737       -98.048165669273402     
 WARNING: set the 2-loop amplitudes to zero
 WARNING: outside the range of the grid (xs,xt)=   98.052626943064737       -98.047890448044626     
 WARNING: set the 2-loop amplitudes to zero
 WARNING: outside the range of the grid (xs,xt)=   98.052626943064737       -98.047851424011384     
 WARNING: set the 2-loop amplitudes to zero
 WARNING: outside the range of the grid (xs,xt)=   98.052626943064737       -98.047793484408643     
 WARNING: set the 2-loop amplitudes to zero
 INFO: will suppress the further warning
 max=   2993597.8681163345     
 min=   0.0000000000000000     
       n_pass,     n_total
       60000       60039
 max=   2993597.8681163345     
 min=   0.0000000000000000     
       n_pass,     n_total
       70000       70039
 ITERATION            4 :
   682217.75377087132      +\-   95.145923429248100     
 precision:   1.3946562208816933E-004
 max=   2993597.8681163345     
 min=   0.0000000000000000     
       n_pass,     n_total
       80000       80066
 max=   2993597.8681163345     
 min=   0.0000000000000000     
       n_pass,     n_total
       90000       90066
 ITERATION            5 :
   682268.17632797849      +\-   80.547285923031140     
 precision:   1.1805810195712635E-004
 max=   2994112.0099933222     
 min=   0.0000000000000000     
       n_pass,     n_total
      100000      100100
 max=   2994112.0099933222     
 min=   0.0000000000000000     
       n_pass,     n_total
      110000      110100
 ITERATION            6 :
   682189.16002091591      +\-   77.989523679109638     
 precision:   1.1432243173831504E-004
 max=   2994112.0099933222     
 min=   0.0000000000000000     
       n_pass,     n_total
      120000      120136
 max=   2994112.0099933222     
 min=   0.0000000000000000     
       n_pass,     n_total
      130000      130136
 ITERATION            7 :
   682313.99929562374      +\-   77.063652706007474     
 precision:   1.1294455746996682E-004
 max=   2994112.0099933222     
 min=   0.0000000000000000     
       n_pass,     n_total
      140000      140174
 max=   2994112.0099933222     
 min=   0.0000000000000000     
       n_pass,     n_total
      150000      150174
 ITERATION            8 :
   682094.25666892657      +\-   76.519178269942856     
 precision:   1.1218270425502728E-004
 max=   2994112.0099933222     
 min=   0.0000000000000000     
       n_pass,     n_total
      160000      160225
 max=   2994112.0099933222     
 min=   0.0000000000000000     
       n_pass,     n_total
      170000      170225
 ITERATION            9 :
   682203.90523498214      +\-   75.428668239397453     
 precision:   1.1056616307908173E-004
 max=   3031441.0472144256     
 min=   0.0000000000000000     
       n_pass,     n_total
      180000      180275
 max=   3031441.0472144256     
 min=   0.0000000000000000     
       n_pass,     n_total
      190000      190275
 ITERATION           10 :
   682317.46064740838      +\-   74.239899996004866     
 precision:   1.0880551103816582E-004
 ====================NCALL=40K ===========================
  
 max=   3031441.0472144256     
 min=   0.0000000000000000     
       n_pass,     n_total
      200000      200370
 max=   3031441.0472144256     
 min=   0.0000000000000000     
       n_pass,     n_total
      210000      210370
 max=   3031441.0472144256     
 min=   0.0000000000000000     
       n_pass,     n_total
      220000      220370
 max=   3031441.0472144256     
 min=   0.0000000000000000     
       n_pass,     n_total
      230000      230370
   682260.04131236114      +\-   37.834024378460306     
 precision:   5.5453964892454611E-005
 ====================NCALL=80K ===========================
  
 max=   3031441.0472144256     
 min=   0.0000000000000000     
       n_pass,     n_total
      240000      240614
 max=   3031441.0472144256     
 min=   0.0000000000000000     
       n_pass,     n_total
      250000      250614
 max=   3031441.0472144256     
 min=   0.0000000000000000     
       n_pass,     n_total
      260000      260614
 max=   3031441.0472144256     
 min=   0.0000000000000000     
       n_pass,     n_total
      270000      270614
 max=   3031441.0472144256     
 min=   0.0000000000000000     
       n_pass,     n_total
      280000      280614
 max=   3031441.0472144256     
 min=   0.0000000000000000     
       n_pass,     n_total
      290000      290614
 max=   3031441.0472144256     
 min=   0.0000000000000000     
       n_pass,     n_total
      300000      300614
 max=   3031441.0472144256     
 min=   0.0000000000000000     
       n_pass,     n_total
      310000      310614
   682200.60562052485      +\-   19.234759838253282     
 precision:   2.8195166758548214E-005
 sigma (pb)                   sd (pb)
   682200.60562052485        19.234759838253282     
