 =======================================================
 |                                                     |
 |         \/\/\/\/\/\___________/\/\/\/\/\/           |
 |                   |     \     |                     |
 |                   |     /     |                     |
 |                   |     \     |                     |
 |         /\/\/\/\/\|_____/_____|/\/\/\/\/\           |
 |                                                     |
 | Light-by-light scattering at next-to-leading order  |
 |                   (VERSION 0.5)                     |
 |                                                     |
 |    Authors:                                         |
 |            Ajjath A.H. (LPTHE Paris)                |
 |            Ekta Chaubey (Bonn)                      |
 |            Mathijs Fraaije (Bern)                   |
 |            Valentin Hirschi (Bern)                  |
 |            Hua-Sheng Shao (LPTHE Paris)             |
 |                                                     |
 |    Please cite                                      |
 |            PLB 851 (2024) 138555 [arXiv:2312.16956] |
 |            JHEP 03 (2024) 121    [arXiv:2312.16966] |
 |                                                     |
 =======================================================
 ---------------------------------------------------
         the cuts in the lab frame                  
 min transverse momentum of photon    0.0000000000000000     
 max (pseudo-)rapidity of photon    5.0000000000000000     
 min (pseudo-)rapidity of photon   -5.0000000000000000     
 min invariant mass of di-photon    0.0000000000000000     
 ---------------------------------------------------
 max=   2352874.3809642256     
 min=   0.0000000000000000     
       n_pass,     n_total
       10000       10000
  
 ====================NCALL=20K===========================
  
 ITERATION            1 :
   382548.19848571694      +\-   239.86776869495975     
 precision:   6.2702626661020758E-004
 WARNING: outside the range of the grid (xs,xt)=   204.64114337797420       -204.63142031901586     
 WARNING: set the 2-loop amplitudes to zero
 max=   2418326.1843015123     
 min=   0.0000000000000000     
       n_pass,     n_total
       20000       20005
 max=   2418326.1843015123     
 min=   0.0000000000000000     
       n_pass,     n_total
       30000       30005
 ITERATION            2 :
   382031.02910560404      +\-   76.374531211247870     
 precision:   1.9991708890781178E-004
 max=   2437022.6278682193     
 min=   0.0000000000000000     
       n_pass,     n_total
       40000       40025
 max=   2437022.6278682193     
 min=   0.0000000000000000     
       n_pass,     n_total
       50000       50025
 ITERATION            3 :
   381887.14840895956      +\-   71.333213927988865     
 precision:   1.8679134457700775E-004
 WARNING: outside the range of the grid (xs,xt)=   204.64114337797420       -204.63093029352734     
 WARNING: set the 2-loop amplitudes to zero
 max=   2437022.6278682193     
 min=   0.0000000000000000     
       n_pass,     n_total
       60000       60060
 max=   2437022.6278682193     
 min=   0.0000000000000000     
       n_pass,     n_total
       70000       70060
 WARNING: outside the range of the grid (xs,xt)=   204.64114337797420       -9.8366958323427012E-003
 WARNING: set the 2-loop amplitudes to zero
 ITERATION            4 :
   381901.91527767747      +\-   63.646565679572369     
 precision:   1.6665683813943567E-004
 WARNING: outside the range of the grid (xs,xt)=   204.64114337797420       -204.63120314493864     
 WARNING: set the 2-loop amplitudes to zero
 WARNING: outside the range of the grid (xs,xt)=   204.64114337797420       -204.63161064022211     
 WARNING: set the 2-loop amplitudes to zero
 INFO: will suppress the further warning
 max=   2437130.2207946652     
 min=   0.0000000000000000     
       n_pass,     n_total
       80000       80104
 max=   2437130.2207946652     
 min=   0.0000000000000000     
       n_pass,     n_total
       90000       90104
 ITERATION            5 :
   381954.72947721131      +\-   57.181556804249666     
 precision:   1.4970768101893946E-004
 max=   2437130.2207946652     
 min=   0.0000000000000000     
       n_pass,     n_total
      100000      100165
 max=   2437130.2207946652     
 min=   0.0000000000000000     
       n_pass,     n_total
      110000      110165
 ITERATION            6 :
   381904.03124213149      +\-   55.167202416425340     
 precision:   1.4445305077559841E-004
 max=   2438115.7487028483     
 min=   0.0000000000000000     
       n_pass,     n_total
      120000      120223
 max=   2438115.7487028483     
 min=   0.0000000000000000     
       n_pass,     n_total
      130000      130223
 ITERATION            7 :
   382016.28572727193      +\-   53.603844922703153     
 precision:   1.4031821921061207E-004
 max=   2438115.7487028483     
 min=   0.0000000000000000     
       n_pass,     n_total
      140000      140298
 max=   2438115.7487028483     
 min=   0.0000000000000000     
       n_pass,     n_total
      150000      150298
 ITERATION            8 :
   381837.63818929129      +\-   53.379260869717285     
 precision:   1.3979570249503579E-004
 max=   2438115.7487028483     
 min=   0.0000000000000000     
       n_pass,     n_total
      160000      160376
 max=   2438115.7487028483     
 min=   0.0000000000000000     
       n_pass,     n_total
      170000      170376
 ITERATION            9 :
   381960.48422478972      +\-   51.664185933291478     
 precision:   1.3526055198654082E-004
 max=   2438115.7487028483     
 min=   0.0000000000000000     
       n_pass,     n_total
      180000      180456
 max=   2438115.7487028483     
 min=   0.0000000000000000     
       n_pass,     n_total
      190000      190456
 ITERATION           10 :
   381992.53781642870      +\-   52.506120851928728     
 precision:   1.3745326322882570E-004
 ====================NCALL=40K ===========================
  
 max=   2438115.7487028483     
 min=   0.0000000000000000     
       n_pass,     n_total
      200000      200608
 max=   2438115.7487028483     
 min=   0.0000000000000000     
       n_pass,     n_total
      210000      210608
 max=   2438115.7487028483     
 min=   0.0000000000000000     
       n_pass,     n_total
      220000      220608
 max=   2438115.7487028483     
 min=   0.0000000000000000     
       n_pass,     n_total
      230000      230608
   381955.52904387715      +\-   26.584436349247795     
 precision:   6.9600867974852404E-005
 ====================NCALL=80K ===========================
  
 max=   2438115.7487028483     
 min=   0.0000000000000000     
       n_pass,     n_total
      240000      240967
 max=   2438115.7487028483     
 min=   0.0000000000000000     
       n_pass,     n_total
      250000      250967
 max=   2438115.7487028483     
 min=   0.0000000000000000     
       n_pass,     n_total
      260000      260967
 max=   2438115.7487028483     
 min=   0.0000000000000000     
       n_pass,     n_total
      270000      270967
 max=   2438115.7487028483     
 min=   0.0000000000000000     
       n_pass,     n_total
      280000      280967
 max=   2438115.7487028483     
 min=   0.0000000000000000     
       n_pass,     n_total
      290000      290967
 max=   2438115.7487028483     
 min=   0.0000000000000000     
       n_pass,     n_total
      300000      300967
 max=   2438115.7487028483     
 min=   0.0000000000000000     
       n_pass,     n_total
      310000      310967
   381922.09444191866      +\-   13.021859470455899     
 precision:   3.4095590854684676E-005
 sigma (pb)                   sd (pb)
   381922.09444191866        13.021859470455899     
