 =======================================================
 |                                                     |
 |         \/\/\/\/\/\___________/\/\/\/\/\/           |
 |                   |     \     |                     |
 |                   |     /     |                     |
 |                   |     \     |                     |
 |         /\/\/\/\/\|_____/_____|/\/\/\/\/\           |
 |                                                     |
 | Light-by-light scattering at next-to-leading order  |
 |                   (VERSION 0.5)                     |
 |                                                     |
 |    Authors:                                         |
 |            Ajjath A.H. (LPTHE Paris)                |
 |            Ekta Chaubey (Bonn)                      |
 |            Mathijs Fraaije (Bern)                   |
 |            Valentin Hirschi (Bern)                  |
 |            Hua-Sheng Shao (LPTHE Paris)             |
 |                                                     |
 |    Please cite                                      |
 |            PLB 851 (2024) 138555 [arXiv:2312.16956] |
 |            JHEP 03 (2024) 121    [arXiv:2312.16966] |
 |                                                     |
 =======================================================
 ---------------------------------------------------
         the cuts in the lab frame                  
 min transverse momentum of photon    0.0000000000000000     
 max (pseudo-)rapidity of photon    5.0000000000000000     
 min (pseudo-)rapidity of photon   -5.0000000000000000     
 min invariant mass of di-photon    0.0000000000000000     
 ---------------------------------------------------
 max=   8.5963931739691138E-007
 min=   0.0000000000000000     
       n_pass,     n_total
       10000       10000
  
 ====================NCALL=20K===========================
  
 ITERATION            1 :
   2.3897780750374051E-006 +\-   5.2274023695018569E-009
 precision:   2.1874007566246656E-003
 max=   1.3754854522742768E-005
 min=   0.0000000000000000     
       n_pass,     n_total
       20000       20000
 max=   1.3754854522742768E-005
 min=   0.0000000000000000     
       n_pass,     n_total
       30000       30000
 ITERATION            2 :
   2.3835634398960291E-006 +\-   9.3631818909591902E-010
 precision:   3.9282285229914465E-004
 max=   1.3754854522742768E-005
 min=   0.0000000000000000     
       n_pass,     n_total
       40000       40004
 max=   1.3754854522742768E-005
 min=   0.0000000000000000     
       n_pass,     n_total
       50000       50004
 ITERATION            3 :
   2.3829069011043270E-006 +\-   5.9938803371258351E-010
 precision:   2.5153648824249278E-004
 max=   1.3755013363902542E-005
 min=   0.0000000000000000     
       n_pass,     n_total
       60000       60004
 max=   1.3755013363902542E-005
 min=   0.0000000000000000     
       n_pass,     n_total
       70000       70004
 ITERATION            4 :
   2.3843377814310584E-006 +\-   4.9925735773147435E-010
 precision:   2.0939036474598179E-004
 max=   1.3755256694020928E-005
 min=   0.0000000000000000     
       n_pass,     n_total
       80000       80004
 max=   1.3755256694020928E-005
 min=   0.0000000000000000     
       n_pass,     n_total
       90000       90004
 ITERATION            5 :
   2.3839310465669716E-006 +\-   3.4764993858508215E-010
 precision:   1.4583053443836913E-004
 max=   1.3755256694020928E-005
 min=   0.0000000000000000     
       n_pass,     n_total
      100000      100004
 max=   1.3755256694020928E-005
 min=   0.0000000000000000     
       n_pass,     n_total
      110000      110004
 ITERATION            6 :
   2.3828445215487422E-006 +\-   3.5177355978071592E-010
 precision:   1.4762757561373701E-004
 max=   1.3755256694020928E-005
 min=   0.0000000000000000     
       n_pass,     n_total
      120000      120006
 max=   1.3755256694020928E-005
 min=   0.0000000000000000     
       n_pass,     n_total
      130000      130006
 ITERATION            7 :
   2.3831851179208790E-006 +\-   3.1289946780948831E-010
 precision:   1.3129465497941083E-004
 max=   1.3755256694020928E-005
 min=   0.0000000000000000     
       n_pass,     n_total
      140000      140007
 max=   1.3755256694020928E-005
 min=   0.0000000000000000     
       n_pass,     n_total
      150000      150007
 ITERATION            8 :
   2.3830702158166310E-006 +\-   2.7590491041172073E-010
 precision:   1.1577707974381845E-004
 max=   1.3755256694020928E-005
 min=   0.0000000000000000     
       n_pass,     n_total
      160000      160009
 max=   1.3755256694020928E-005
 min=   0.0000000000000000     
       n_pass,     n_total
      170000      170009
 ITERATION            9 :
   2.3831520493920881E-006 +\-   2.5711132021976296E-010
 precision:   1.0788708185251914E-004
 max=   1.3755258843298871E-005
 min=   0.0000000000000000     
       n_pass,     n_total
      180000      180009
 max=   1.3755258843298871E-005
 min=   0.0000000000000000     
       n_pass,     n_total
      190000      190009
 ITERATION           10 :
   2.3836451631788209E-006 +\-   2.4753319688944992E-010
 precision:   1.0384649557459321E-004
 ====================NCALL=40K ===========================
  
 max=   1.3755258843298871E-005
 min=   0.0000000000000000     
       n_pass,     n_total
      200000      200009
 max=   1.3755258843298871E-005
 min=   0.0000000000000000     
       n_pass,     n_total
      210000      210009
 max=   1.3755258843298871E-005
 min=   0.0000000000000000     
       n_pass,     n_total
      220000      220009
 max=   1.3755258843298871E-005
 min=   0.0000000000000000     
       n_pass,     n_total
      230000      230009
   2.3837220214319774E-006 +\-   5.2602807272444226E-010
 precision:   2.2067509046564101E-004
 ====================NCALL=80K ===========================
  
 max=   1.3755258843298871E-005
 min=   0.0000000000000000     
       n_pass,     n_total
      240000      240009
 max=   1.3755258843298871E-005
 min=   0.0000000000000000     
       n_pass,     n_total
      250000      250009
 max=   1.3755258843298871E-005
 min=   0.0000000000000000     
       n_pass,     n_total
      260000      260009
 max=   1.3755258843298871E-005
 min=   0.0000000000000000     
       n_pass,     n_total
      270000      270009
 max=   1.3755258843298871E-005
 min=   0.0000000000000000     
       n_pass,     n_total
      280000      280009
 max=   1.3755258843298871E-005
 min=   0.0000000000000000     
       n_pass,     n_total
      290000      290009
 max=   1.3755264820061775E-005
 min=   0.0000000000000000     
       n_pass,     n_total
      300000      300009
 max=   1.3755264820061775E-005
 min=   0.0000000000000000     
       n_pass,     n_total
      310000      310009
   2.3831895169421602E-006 +\-   1.0880389957989542E-010
 precision:   4.5654740760818849E-005
 sigma (pb)                   sd (pb)
   2.3831895169421602E-006   1.0880389957989542E-010
