 =======================================================
 |                                                     |
 |         \/\/\/\/\/\___________/\/\/\/\/\/           |
 |                   |     \     |                     |
 |                   |     /     |                     |
 |                   |     \     |                     |
 |         /\/\/\/\/\|_____/_____|/\/\/\/\/\           |
 |                                                     |
 | Light-by-light scattering at next-to-leading order  |
 |                   (VERSION 0.5)                     |
 |                                                     |
 |    Authors:                                         |
 |            Ajjath A.H. (LPTHE Paris)                |
 |            Ekta Chaubey (Bonn)                      |
 |            Mathijs Fraaije (Bern)                   |
 |            Valentin Hirschi (Bern)                  |
 |            Hua-Sheng Shao (LPTHE Paris)             |
 |                                                     |
 |    Please cite                                      |
 |            PLB 851 (2024) 138555 [arXiv:2312.16956] |
 |            JHEP 03 (2024) 121    [arXiv:2312.16966] |
 |                                                     |
 =======================================================
 ---------------------------------------------------
         the cuts in the lab frame                  
 min transverse momentum of photon    0.0000000000000000     
 max (pseudo-)rapidity of photon    5.0000000000000000     
 min (pseudo-)rapidity of photon   -5.0000000000000000     
 min invariant mass of di-photon    0.0000000000000000     
 ---------------------------------------------------
 max=   2634189.1507119522     
 min=   0.0000000000000000     
       n_pass,     n_total
       10000       10000
  
 ====================NCALL=20K===========================
  
 ITERATION            1 :
   558806.81017846195      +\-   220.25764801567499     
 precision:   3.9415705750853853E-004
 WARNING: outside the range of the grid (xs,xt)=   127.94221835853880       -127.93617329390172     
 WARNING: set the 2-loop amplitudes to zero
 WARNING: outside the range of the grid (xs,xt)=   127.94221835853880       -127.93600352247002     
 WARNING: set the 2-loop amplitudes to zero
 max=   2757148.8288287451     
 min=   0.0000000000000000     
       n_pass,     n_total
       20000       20003
 max=   2757148.8288287451     
 min=   0.0000000000000000     
       n_pass,     n_total
       30000       30003
 WARNING: outside the range of the grid (xs,xt)=   127.94221835853880       -6.3669300087968407E-003
 WARNING: set the 2-loop amplitudes to zero
 ITERATION            2 :
   558387.49551832245      +\-   80.282590553990232     
 precision:   1.4377576718380491E-004
 WARNING: outside the range of the grid (xs,xt)=   127.94221835853880       -127.93639783169642     
 WARNING: set the 2-loop amplitudes to zero
 max=   2757148.8288287451     
 min=   0.0000000000000000     
       n_pass,     n_total
       40000       40016
 max=   2757148.8288287451     
 min=   0.0000000000000000     
       n_pass,     n_total
       50000       50016
 ITERATION            3 :
   558233.51065381384      +\-   93.267770839719532     
 precision:   1.6707662485271178E-004
 WARNING: outside the range of the grid (xs,xt)=   127.94221835853880       -127.93638708708683     
 WARNING: set the 2-loop amplitudes to zero
 INFO: will suppress the further warning
 max=   2757148.8288287451     
 min=   0.0000000000000000     
       n_pass,     n_total
       60000       60042
 max=   2757148.8288287451     
 min=   0.0000000000000000     
       n_pass,     n_total
       70000       70042
 ITERATION            4 :
   558217.88002926752      +\-   83.866492342803895     
 precision:   1.5023970987530308E-004
 max=   2835514.9220411107     
 min=   0.0000000000000000     
       n_pass,     n_total
       80000       80072
 max=   2835514.9220411107     
 min=   0.0000000000000000     
       n_pass,     n_total
       90000       90072
 ITERATION            5 :
   558276.33230762079      +\-   71.966231720210274     
 precision:   1.2890790376647297E-004
 max=   2835514.9220411107     
 min=   0.0000000000000000     
       n_pass,     n_total
      100000      100109
 max=   2835514.9220411107     
 min=   0.0000000000000000     
       n_pass,     n_total
      110000      110109
 ITERATION            6 :
   558193.96524107619      +\-   69.398229477150650     
 precision:   1.2432637004088448E-004
 max=   2835514.9220411107     
 min=   0.0000000000000000     
       n_pass,     n_total
      120000      120149
 max=   2835514.9220411107     
 min=   0.0000000000000000     
       n_pass,     n_total
      130000      130149
 ITERATION            7 :
   558308.98166210379      +\-   68.182862618140533     
 precision:   1.2212388633827447E-004
 max=   2835514.9220411107     
 min=   0.0000000000000000     
       n_pass,     n_total
      140000      140194
 max=   2835514.9220411107     
 min=   0.0000000000000000     
       n_pass,     n_total
      150000      150194
 ITERATION            8 :
   558086.89743212971      +\-   68.867108895398260     
 precision:   1.2339854100189363E-004
 max=   2835514.9220411107     
 min=   0.0000000000000000     
       n_pass,     n_total
      160000      160251
 max=   2835514.9220411107     
 min=   0.0000000000000000     
       n_pass,     n_total
      170000      170251
 ITERATION            9 :
   558224.56445247063      +\-   66.837854762208423     
 precision:   1.1973291578052591E-004
 max=   2835514.9220411107     
 min=   0.0000000000000000     
       n_pass,     n_total
      180000      180309
 max=   2835514.9220411107     
 min=   0.0000000000000000     
       n_pass,     n_total
      190000      190309
 ITERATION           10 :
   558301.09204748122      +\-   66.809593040799427     
 precision:   1.1966588278698467E-004
 ====================NCALL=40K ===========================
  
 max=   2835514.9220411107     
 min=   0.0000000000000000     
       n_pass,     n_total
      200000      200422
 max=   2835514.9220411107     
 min=   0.0000000000000000     
       n_pass,     n_total
      210000      210422
 max=   2835514.9220411107     
 min=   0.0000000000000000     
       n_pass,     n_total
      220000      220422
 max=   2835514.9220411107     
 min=   0.0000000000000000     
       n_pass,     n_total
      230000      230422
   558255.84774885850      +\-   33.832946651791318     
 precision:   6.0604733095445661E-005
 ====================NCALL=80K ===========================
  
 max=   2835514.9220411107     
 min=   0.0000000000000000     
       n_pass,     n_total
      240000      240701
 max=   2835514.9220411107     
 min=   0.0000000000000000     
       n_pass,     n_total
      250000      250701
 max=   2835514.9220411107     
 min=   0.0000000000000000     
       n_pass,     n_total
      260000      260701
 max=   2835514.9220411107     
 min=   0.0000000000000000     
       n_pass,     n_total
      270000      270701
 max=   2835514.9220411107     
 min=   0.0000000000000000     
       n_pass,     n_total
      280000      280701
 max=   2835514.9220411107     
 min=   0.0000000000000000     
       n_pass,     n_total
      290000      290701
 max=   2835514.9220411107     
 min=   0.0000000000000000     
       n_pass,     n_total
      300000      300701
 max=   2835514.9220411107     
 min=   0.0000000000000000     
       n_pass,     n_total
      310000      310701
   558200.08736573323      +\-   16.819563954559129     
 precision:   3.0131783092213911E-005
 sigma (pb)                   sd (pb)
   558200.08736573323        16.819563954559129     
