 =======================================================
 |                                                     |
 |         \/\/\/\/\/\___________/\/\/\/\/\/           |
 |                   |     \     |                     |
 |                   |     /     |                     |
 |                   |     \     |                     |
 |         /\/\/\/\/\|_____/_____|/\/\/\/\/\           |
 |                                                     |
 | Light-by-light scattering at next-to-leading order  |
 |                   (VERSION 0.5)                     |
 |                                                     |
 |    Authors:                                         |
 |            Ajjath A.H. (LPTHE Paris)                |
 |            Ekta Chaubey (Bonn)                      |
 |            Mathijs Fraaije (Bern)                   |
 |            Valentin Hirschi (Bern)                  |
 |            Hua-Sheng Shao (LPTHE Paris)             |
 |                                                     |
 |    Please cite                                      |
 |            PLB 851 (2024) 138555 [arXiv:2312.16956] |
 |            JHEP 03 (2024) 121    [arXiv:2312.16966] |
 |                                                     |
 =======================================================
 ---------------------------------------------------
         the cuts in the lab frame                  
 min transverse momentum of photon    0.0000000000000000     
 max (pseudo-)rapidity of photon    5.0000000000000000     
 min (pseudo-)rapidity of photon   -5.0000000000000000     
 min invariant mass of di-photon    0.0000000000000000     
 ---------------------------------------------------
 max=   984.89155197747823     
 min=   0.0000000000000000     
       n_pass,     n_total
       10000       10000
  
 ====================NCALL=20K===========================
  
 ITERATION            1 :
   42.553013326536423      +\-  0.11501650005832099     
 precision:   2.7028990679397015E-003
 max=   1104.9456732780091     
 min=   0.0000000000000000     
       n_pass,     n_total
       20000       20007
 max=   1104.9456732780091     
 min=   0.0000000000000000     
       n_pass,     n_total
       30000       30007
 ITERATION            2 :
   42.393557937880587      +\-   2.9208699666792327E-002
 precision:   6.8898910795814610E-004
 WARNING: outside the range of the grid (xs,xt)=   25.842806861216303       -25.841618047667751     
 WARNING: set the 2-loop amplitudes to zero
 WARNING: outside the range of the grid (xs,xt)=   25.088313148788924       -25.087159043248384     
 WARNING: set the 2-loop amplitudes to zero
 WARNING: outside the range of the grid (xs,xt)=   12.079171178675553       -12.078615516032961     
 WARNING: set the 2-loop amplitudes to zero
 WARNING: outside the range of the grid (xs,xt)=   1.2889817777777779       -1.2889224823997840     
 WARNING: set the 2-loop amplitudes to zero
 WARNING: outside the range of the grid (xs,xt)=  0.12854111911357341      -0.12853520600108648     
 WARNING: set the 2-loop amplitudes to zero
 INFO: will suppress the further warning
 max=   1106.7980897948703     
 min=   0.0000000000000000     
       n_pass,     n_total
       40000       40035
 max=   1106.7980897948703     
 min=   0.0000000000000000     
       n_pass,     n_total
       50000       50035
 ITERATION            3 :
   42.368179596511162      +\-   1.3605201599171864E-002
 precision:   3.2111838952580805E-004
 max=   1106.7980897948703     
 min=   0.0000000000000000     
       n_pass,     n_total
       60000       60115
 max=   1106.7980897948703     
 min=   0.0000000000000000     
       n_pass,     n_total
       70000       70115
 ITERATION            4 :
   42.375953460867855      +\-   1.0797878965631837E-002
 precision:   2.5481146933019821E-004
 max=   1106.7980897948703     
 min=   0.0000000000000000     
       n_pass,     n_total
       80000       80286
 max=   1106.7980897948703     
 min=   0.0000000000000000     
       n_pass,     n_total
       90000       90286
 ITERATION            5 :
   42.368966579182754      +\-   8.9521500964581148E-003
 precision:   2.1129026311575408E-004
 max=   1106.7980897948703     
 min=   0.0000000000000000     
       n_pass,     n_total
      100000      100561
 max=   1106.7980897948703     
 min=   0.0000000000000000     
       n_pass,     n_total
      110000      110561
 ITERATION            6 :
   42.373973579212247      +\-   7.8017795675721082E-003
 precision:   1.8411725190199042E-004
 max=   1106.7980897948703     
 min=   0.0000000000000000     
       n_pass,     n_total
      120000      120840
 max=   1106.7980897948703     
 min=   0.0000000000000000     
       n_pass,     n_total
      130000      130840
 ITERATION            7 :
   42.390917749762274      +\-   7.3815309720931246E-003
 precision:   1.7413001095345523E-004
 max=   1107.2243533076753     
 min=   0.0000000000000000     
       n_pass,     n_total
      140000      141191
 max=   1107.2243533076753     
 min=   0.0000000000000000     
       n_pass,     n_total
      150000      151191
 ITERATION            8 :
   42.363719625873195      +\-   7.2503020944020930E-003
 precision:   1.7114413366984063E-004
 max=   1107.2243533076753     
 min=   0.0000000000000000     
       n_pass,     n_total
      160000      161447
 max=   1107.2243533076753     
 min=   0.0000000000000000     
       n_pass,     n_total
      170000      171447
 ITERATION            9 :
   42.373908447890244      +\-   7.1921438729711388E-003
 precision:   1.6973048124214817E-004
 max=   1107.2243533076753     
 min=   0.0000000000000000     
       n_pass,     n_total
      180000      181820
 max=   1107.2243533076753     
 min=   0.0000000000000000     
       n_pass,     n_total
      190000      191820
 ITERATION           10 :
   42.382104999753338      +\-   7.3541176512442246E-003
 precision:   1.7351940521328577E-004
 ====================NCALL=40K ===========================
  
 max=   1107.2243533076753     
 min=   0.0000000000000000     
       n_pass,     n_total
      200000      202076
 max=   1107.2243533076753     
 min=   0.0000000000000000     
       n_pass,     n_total
      210000      212076
 max=   1107.2243533076753     
 min=   0.0000000000000000     
       n_pass,     n_total
      220000      222076
 max=   1107.2243533076753     
 min=   0.0000000000000000     
       n_pass,     n_total
      230000      232076
   42.379272459383948      +\-   4.2313516722261900E-003
 precision:   9.9844839863201827E-005
 ====================NCALL=80K ===========================
  
 max=   1108.3737106065169     
 min=   0.0000000000000000     
       n_pass,     n_total
      240000      243314
 max=   1108.3737106065169     
 min=   0.0000000000000000     
       n_pass,     n_total
      250000      253314
 max=   1108.3737106065169     
 min=   0.0000000000000000     
       n_pass,     n_total
      260000      263314
 max=   1108.3737106065169     
 min=   0.0000000000000000     
       n_pass,     n_total
      270000      273314
 max=   1108.3737106065169     
 min=   0.0000000000000000     
       n_pass,     n_total
      280000      283314
 max=   1108.3737106065169     
 min=   0.0000000000000000     
       n_pass,     n_total
      290000      293314
 max=   1108.3737106065169     
 min=   0.0000000000000000     
       n_pass,     n_total
      300000      303314
 max=   1108.3737106065169     
 min=   0.0000000000000000     
       n_pass,     n_total
      310000      313314
   42.378798766016949      +\-   1.8654625418092607E-003
 precision:   4.4018768726997345E-005
 sigma (pb)                   sd (pb)
   42.378798766016949        1.8654625418092607E-003
