 =======================================================
 |                                                     |
 |         \/\/\/\/\/\___________/\/\/\/\/\/           |
 |                   |     \     |                     |
 |                   |     /     |                     |
 |                   |     \     |                     |
 |         /\/\/\/\/\|_____/_____|/\/\/\/\/\           |
 |                                                     |
 | Light-by-light scattering at next-to-leading order  |
 |                   (VERSION 0.5)                     |
 |                                                     |
 |    Authors:                                         |
 |            Ajjath A.H. (LPTHE Paris)                |
 |            Ekta Chaubey (Bonn)                      |
 |            Mathijs Fraaije (Bern)                   |
 |            Valentin Hirschi (Bern)                  |
 |            Hua-Sheng Shao (LPTHE Paris)             |
 |                                                     |
 |    Please cite                                      |
 |            PLB 851 (2024) 138555 [arXiv:2312.16956] |
 |            JHEP 03 (2024) 121    [arXiv:2312.16966] |
 |                                                     |
 =======================================================
 ---------------------------------------------------
         the cuts in the lab frame                  
 min transverse momentum of photon    0.0000000000000000     
 max (pseudo-)rapidity of photon    5.0000000000000000     
 min (pseudo-)rapidity of photon   -5.0000000000000000     
 min invariant mass of di-photon    0.0000000000000000     
 ---------------------------------------------------
 max=   122.42887660818907     
 min=   0.0000000000000000     
       n_pass,     n_total
       10000       10000
  
 ====================NCALL=20K===========================
  
 ITERATION            1 :
   4.6894496540836927      +\-   1.5561600645186932E-002
 precision:   3.3184279165115872E-003
 max=   150.10847568681044     
 min=   0.0000000000000000     
       n_pass,     n_total
       20000       20007
 max=   150.10847568681044     
 min=   0.0000000000000000     
       n_pass,     n_total
       30000       30007
 ITERATION            2 :
   4.6663586642790325      +\-   3.4192930820731568E-003
 precision:   7.3275402258464169E-004
 WARNING: outside the range of the grid (xs,xt)=   570.28291378926258       -570.25480601313075     
 WARNING: set the 2-loop amplitudes to zero
 WARNING: outside the range of the grid (xs,xt)=   553.63321799307948       -553.60593083757442     
 WARNING: set the 2-loop amplitudes to zero
 WARNING: outside the range of the grid (xs,xt)=   266.55560183256978       -266.54246399343447     
 WARNING: set the 2-loop amplitudes to zero
 WARNING: outside the range of the grid (xs,xt)=   28.444444444444443       -28.443042491032717     
 WARNING: set the 2-loop amplitudes to zero
 WARNING: outside the range of the grid (xs,xt)=   2.8365650969529086       -2.8364252899644815     
 WARNING: set the 2-loop amplitudes to zero
 INFO: will suppress the further warning
 max=   190.67736818986032     
 min=   0.0000000000000000     
       n_pass,     n_total
       40000       40036
 max=   190.67736818986032     
 min=   0.0000000000000000     
       n_pass,     n_total
       50000       50036
 ITERATION            3 :
   4.6630162565649975      +\-   1.6049672661753089E-003
 precision:   3.4419079365543648E-004
 max=   190.67736818986032     
 min=   0.0000000000000000     
       n_pass,     n_total
       60000       60123
 max=   190.67736818986032     
 min=   0.0000000000000000     
       n_pass,     n_total
       70000       70123
 ITERATION            4 :
   4.6638598426774056      +\-   1.2527504974892277E-003
 precision:   2.6860809281310967E-004
 max=   193.59404887907093     
 min=   0.0000000000000000     
       n_pass,     n_total
       80000       80307
 max=   193.59404887907093     
 min=   0.0000000000000000     
       n_pass,     n_total
       90000       90307
 ITERATION            5 :
   4.6634241941493579      +\-   1.0389711771571560E-003
 precision:   2.2279147980160783E-004
 max=   214.50191608807495     
 min=   0.0000000000000000     
       n_pass,     n_total
      100000      100613
 max=   214.50191608807495     
 min=   0.0000000000000000     
       n_pass,     n_total
      110000      110613
 ITERATION            6 :
   4.6641208902333986      +\-   9.0029694162049227E-004
 precision:   1.9302607346771415E-004
 max=   214.50191608807495     
 min=   0.0000000000000000     
       n_pass,     n_total
      120000      120900
 max=   214.50191608807495     
 min=   0.0000000000000000     
       n_pass,     n_total
      130000      130900
 ITERATION            7 :
   4.6661859529102676      +\-   8.6521056031569677E-004
 precision:   1.8542136319622474E-004
 max=   214.50191608807495     
 min=   0.0000000000000000     
       n_pass,     n_total
      140000      141293
 max=   214.50191608807495     
 min=   0.0000000000000000     
       n_pass,     n_total
      150000      151293
 ITERATION            8 :
   4.6631127519365245      +\-   8.8050335886252513E-004
 precision:   1.8882309000503250E-004
 max=   214.50191608807495     
 min=   0.0000000000000000     
       n_pass,     n_total
      160000      161490
 max=   214.50191608807495     
 min=   0.0000000000000000     
       n_pass,     n_total
      170000      171490
 ITERATION            9 :
   4.6642877698765925      +\-   8.9580683445423788E-004
 precision:   1.9205651080099183E-004
 max=   214.50191608807495     
 min=   0.0000000000000000     
       n_pass,     n_total
      180000      181877
 max=   214.50191608807495     
 min=   0.0000000000000000     
       n_pass,     n_total
      190000      191877
 ITERATION           10 :
   4.6649511988101429      +\-   8.8110326123141448E-004
 precision:   1.8887727302616830E-004
 ====================NCALL=40K ===========================
  
 max=   220.74377761567470     
 min=   0.0000000000000000     
       n_pass,     n_total
      200000      202271
 max=   220.74377761567470     
 min=   0.0000000000000000     
       n_pass,     n_total
      210000      212271
 max=   220.74377761567470     
 min=   0.0000000000000000     
       n_pass,     n_total
      220000      222271
 max=   220.74377761567470     
 min=   0.0000000000000000     
       n_pass,     n_total
      230000      232271
   4.6649310470701444      +\-   4.0678706713531904E-004
 precision:   8.7201088940168931E-005
 ====================NCALL=80K ===========================
  
 max=   220.74377761567470     
 min=   0.0000000000000000     
       n_pass,     n_total
      240000      242999
 max=   220.74377761567470     
 min=   0.0000000000000000     
       n_pass,     n_total
      250000      252999
 max=   220.74377761567470     
 min=   0.0000000000000000     
       n_pass,     n_total
      260000      262999
 max=   220.74377761567470     
 min=   0.0000000000000000     
       n_pass,     n_total
      270000      272999
 max=   220.74377761567470     
 min=   0.0000000000000000     
       n_pass,     n_total
      280000      282999
 max=   220.74377761567470     
 min=   0.0000000000000000     
       n_pass,     n_total
      290000      292999
 max=   220.74377761567470     
 min=   0.0000000000000000     
       n_pass,     n_total
      300000      302999
 max=   220.74377761567470     
 min=   0.0000000000000000     
       n_pass,     n_total
      310000      312999
   4.6645433475074389      +\-   2.3960941079666630E-004
 precision:   5.1368246138114421E-005
 sigma (pb)                   sd (pb)
   4.6645433475074389        2.3960941079666630E-004
