 =======================================================
 |                                                     |
 |         \/\/\/\/\/\___________/\/\/\/\/\/           |
 |                   |     \     |                     |
 |                   |     /     |                     |
 |                   |     \     |                     |
 |         /\/\/\/\/\|_____/_____|/\/\/\/\/\           |
 |                                                     |
 | Light-by-light scattering at next-to-leading order  |
 |                   (VERSION 0.5)                     |
 |                                                     |
 |    Authors:                                         |
 |            Ajjath A.H. (LPTHE Paris)                |
 |            Ekta Chaubey (Bonn)                      |
 |            Mathijs Fraaije (Bern)                   |
 |            Valentin Hirschi (Bern)                  |
 |            Hua-Sheng Shao (LPTHE Paris)             |
 |                                                     |
 |    Please cite                                      |
 |            PLB 851 (2024) 138555 [arXiv:2312.16956] |
 |            JHEP 03 (2024) 121    [arXiv:2312.16966] |
 |                                                     |
 =======================================================
 ---------------------------------------------------
         the cuts in the lab frame                  
 min transverse momentum of photon    0.0000000000000000     
 max (pseudo-)rapidity of photon    5.0000000000000000     
 min (pseudo-)rapidity of photon   -5.0000000000000000     
 min invariant mass of di-photon    0.0000000000000000     
 ---------------------------------------------------
 WARNING: outside the range of the grid (xs,xt)=   5.9920557635002376E-002  -5.9920557035804643E-002
 WARNING: set the 2-loop amplitudes to zero
 WARNING: outside the range of the grid (xs,xt)=   5.9758782468861529E-002  -5.9758781871281488E-002
 WARNING: set the 2-loop amplitudes to zero
 WARNING: outside the range of the grid (xs,xt)=   6.0034622217757419E-002  -6.0034621617419057E-002
 WARNING: set the 2-loop amplitudes to zero
 WARNING: outside the range of the grid (xs,xt)=   5.9962177301420505E-002  -5.9962176701806584E-002
 WARNING: set the 2-loop amplitudes to zero
 WARNING: outside the range of the grid (xs,xt)=   6.0080702974527035E-002  -6.0080702373727882E-002
 WARNING: set the 2-loop amplitudes to zero
 INFO: will suppress the further warning
 max=  0.72609696793966416     
 min=   0.0000000000000000     
       n_pass,     n_total
       10000       10000
  
 ====================NCALL=20K===========================
  
 ITERATION            1 :
  0.51637893049322303      +\-   2.1134856544015099E-005
 precision:   4.0928967655260429E-005
 max=  0.73350270637900772     
 min=   0.0000000000000000     
       n_pass,     n_total
       20000       20002
 max=  0.73350270637900772     
 min=   0.0000000000000000     
       n_pass,     n_total
       30000       30002
 ITERATION            2 :
  0.51633814896568864      +\-   3.4696666593179372E-005
 precision:   6.7197565515317003E-005
 max=  0.73512650480595476     
 min=   0.0000000000000000     
       n_pass,     n_total
       40000       40012
 max=  0.73512650480595476     
 min=   0.0000000000000000     
       n_pass,     n_total
       50000       50012
 ITERATION            3 :
  0.51632086956883338      +\-   2.8411343335912251E-005
 precision:   5.5026525190891181E-005
 max=  0.73518806344162502     
 min=   0.0000000000000000     
       n_pass,     n_total
       60000       60036
 max=  0.73518806344162502     
 min=   0.0000000000000000     
       n_pass,     n_total
       70000       70036
 ITERATION            4 :
  0.51632076028187790      +\-   2.1840046299165169E-005
 precision:   4.2299376626347367E-005
 max=  0.73518806344162502     
 min=   0.0000000000000000     
       n_pass,     n_total
       80000       80067
 max=  0.73518806344162502     
 min=   0.0000000000000000     
       n_pass,     n_total
       90000       90067
 ITERATION            5 :
  0.51632352000291781      +\-   1.9280180830247096E-005
 precision:   3.7341279417482553E-005
 max=  0.73518806344162502     
 min=   0.0000000000000000     
       n_pass,     n_total
      100000      100108
 max=  0.73518806344162502     
 min=   0.0000000000000000     
       n_pass,     n_total
      110000      110108
 ITERATION            6 :
  0.51631515679713913      +\-   1.8530179474171138E-005
 precision:   3.5889280471872081E-005
 max=  0.73518806344162502     
 min=   0.0000000000000000     
       n_pass,     n_total
      120000      120149
 max=  0.73518806344162502     
 min=   0.0000000000000000     
       n_pass,     n_total
      130000      130149
 ITERATION            7 :
  0.51633873699121580      +\-   1.7821989182038859E-005
 precision:   3.4516080056069968E-005
 max=  0.73518806344162502     
 min=   0.0000000000000000     
       n_pass,     n_total
      140000      140198
 max=  0.73518806344162502     
 min=   0.0000000000000000     
       n_pass,     n_total
      150000      150198
 ITERATION            8 :
  0.51630946195138805      +\-   1.8350448206118743E-005
 precision:   3.5541568687824063E-005
 max=  0.73518929549782219     
 min=   0.0000000000000000     
       n_pass,     n_total
      160000      160259
 max=  0.73518929549782219     
 min=   0.0000000000000000     
       n_pass,     n_total
      170000      170259
 ITERATION            9 :
  0.51633199186885603      +\-   1.7526963369339527E-005
 precision:   3.3945143135332255E-005
 max=  0.73519031197178952     
 min=   0.0000000000000000     
       n_pass,     n_total
      180000      180320
 max=  0.73519031197178952     
 min=   0.0000000000000000     
       n_pass,     n_total
      190000      190320
 ITERATION           10 :
  0.51634438820849349      +\-   1.6969684482620421E-005
 precision:   3.2865050671894338E-005
 ====================NCALL=40K ===========================
  
 max=  0.73519031197178952     
 min=   0.0000000000000000     
       n_pass,     n_total
      200000      200447
 max=  0.73519031197178952     
 min=   0.0000000000000000     
       n_pass,     n_total
      210000      210447
 max=  0.73519031197178952     
 min=   0.0000000000000000     
       n_pass,     n_total
      220000      220447
 max=  0.73519031197178952     
 min=   0.0000000000000000     
       n_pass,     n_total
      230000      230447
  0.51632902940725200      +\-   8.7246909893019943E-006
 precision:   1.6897541087933751E-005
 ====================NCALL=80K ===========================
  
 max=  0.73519031197178952     
 min=   0.0000000000000000     
       n_pass,     n_total
      240000      240765
 max=  0.73519031197178952     
 min=   0.0000000000000000     
       n_pass,     n_total
      250000      250765
 max=  0.73519031197178952     
 min=   0.0000000000000000     
       n_pass,     n_total
      260000      260765
 max=  0.73519031197178952     
 min=   0.0000000000000000     
       n_pass,     n_total
      270000      270765
 max=  0.73519031197178952     
 min=   0.0000000000000000     
       n_pass,     n_total
      280000      280765
 max=  0.73519031197178952     
 min=   0.0000000000000000     
       n_pass,     n_total
      290000      290765
 max=  0.73519031197178952     
 min=   0.0000000000000000     
       n_pass,     n_total
      300000      300765
 max=  0.73519031197178952     
 min=   0.0000000000000000     
       n_pass,     n_total
      310000      310765
  0.51631794631988526      +\-   4.4711634117147798E-006
 precision:   8.6597094747209628E-006
 sigma (pb)                   sd (pb)
  0.51631794631988526        4.4711634117147798E-006
