 =======================================================
 |                                                     |
 |         \/\/\/\/\/\___________/\/\/\/\/\/           |
 |                   |     \     |                     |
 |                   |     /     |                     |
 |                   |     \     |                     |
 |         /\/\/\/\/\|_____/_____|/\/\/\/\/\           |
 |                                                     |
 | Light-by-light scattering at next-to-leading order  |
 |                   (VERSION 0.5)                     |
 |                                                     |
 |    Authors:                                         |
 |            Ajjath A.H. (LPTHE Paris)                |
 |            Ekta Chaubey (Bonn)                      |
 |            Mathijs Fraaije (Bern)                   |
 |            Valentin Hirschi (Bern)                  |
 |            Hua-Sheng Shao (LPTHE Paris)             |
 |                                                     |
 |    Please cite                                      |
 |            PLB 851 (2024) 138555 [arXiv:2312.16956] |
 |            JHEP 03 (2024) 121    [arXiv:2312.16966] |
 |                                                     |
 =======================================================
 ---------------------------------------------------
         the cuts in the lab frame                  
 min transverse momentum of photon    0.0000000000000000     
 max (pseudo-)rapidity of photon    5.0000000000000000     
 min (pseudo-)rapidity of photon   -5.0000000000000000     
 min invariant mass of di-photon    0.0000000000000000     
 ---------------------------------------------------
 max=   90198.762220033110     
 min=   0.0000000000000000     
       n_pass,     n_total
       10000       10000
  
 ====================NCALL=20K===========================
  
 ITERATION            1 :
   1344.2737649569449      +\-   11.279671698262032     
 precision:   8.3909036926145056E-003
 WARNING: outside the range of the grid (xs,xt)=  0.16071721987079526      -0.16070950611700693     
 WARNING: set the 2-loop amplitudes to zero
 WARNING: outside the range of the grid (xs,xt)=  0.15602500000000000      -0.15601751145312373     
 WARNING: set the 2-loop amplitudes to zero
 WARNING: outside the range of the grid (xs,xt)=   7.5120741357767612E-002  -7.5117135876639346E-002
 WARNING: set the 2-loop amplitudes to zero
 WARNING: outside the range of the grid (xs,xt)=   69073.303181283787       -69069.987951873292     
 WARNING: set the 2-loop amplitudes to zero
 WARNING: outside the range of the grid (xs,xt)=   1.4025744271188130       -1.4025071094175154     
 WARNING: set the 2-loop amplitudes to zero
 INFO: will suppress the further warning
 max=   97665.037538590070     
 min=   0.0000000000000000     
       n_pass,     n_total
       20000       20009
 max=   97665.037538590070     
 min=   0.0000000000000000     
       n_pass,     n_total
       30000       30009
 ITERATION            2 :
   1330.8943332957815      +\-   2.8221917939742558     
 precision:   2.1205228118940712E-003
 max=   99389.813011007893     
 min=   0.0000000000000000     
       n_pass,     n_total
       40000       40044
 max=   99389.813011007893     
 min=   0.0000000000000000     
       n_pass,     n_total
       50000       50044
 ITERATION            3 :
   1330.5799520031278      +\-  0.95527468144255068     
 precision:   7.1793858009391160E-004
 max=   100290.28048022014     
 min=   0.0000000000000000     
       n_pass,     n_total
       60000       60178
 max=   100290.28048022014     
 min=   0.0000000000000000     
       n_pass,     n_total
       70000       70178
 ITERATION            4 :
   1331.0787196786341      +\-  0.59421692954128580     
 precision:   4.4641757152029984E-004
 max=   100290.28048022014     
 min=   0.0000000000000000     
       n_pass,     n_total
       80000       80492
 max=   100290.28048022014     
 min=   0.0000000000000000     
       n_pass,     n_total
       90000       90492
 ITERATION            5 :
   1330.6688835198199      +\-  0.40099396695811784     
 precision:   3.0134766952498980E-004
 max=   100290.28048022014     
 min=   0.0000000000000000     
       n_pass,     n_total
      100000      100924
 max=   100290.28048022014     
 min=   0.0000000000000000     
       n_pass,     n_total
      110000      110924
 ITERATION            6 :
   1330.8281813753060      +\-  0.32743652132572504     
 precision:   2.4603966605767633E-004
 max=   100290.28048022014     
 min=   0.0000000000000000     
       n_pass,     n_total
      120000      121257
 max=   100290.28048022014     
 min=   0.0000000000000000     
       n_pass,     n_total
      130000      131257
 ITERATION            7 :
   1331.4931993653879      +\-  0.40756307385954299     
 precision:   3.0609474690054323E-004
 max=   100290.28048022014     
 min=   0.0000000000000000     
       n_pass,     n_total
      140000      141844
 max=   100290.28048022014     
 min=   0.0000000000000000     
       n_pass,     n_total
      150000      151844
 ITERATION            8 :
   1330.0691832948742      +\-  0.37010079462518830     
 precision:   2.7825679992702875E-004
 max=   100302.05169887384     
 min=   0.0000000000000000     
       n_pass,     n_total
      160000      162537
 max=   100302.05169887384     
 min=   0.0000000000000000     
       n_pass,     n_total
      170000      172537
 ITERATION            9 :
   1330.7010663311812      +\-  0.33489929010280556     
 precision:   2.5167131715475512E-004
 max=   100302.05169887384     
 min=   0.0000000000000000     
       n_pass,     n_total
      180000      183167
 max=   100302.05169887384     
 min=   0.0000000000000000     
       n_pass,     n_total
      190000      193167
 ITERATION           10 :
   1331.2203597432792      +\-  0.33134498181865268     
 precision:   2.4890318074954269E-004
 ====================NCALL=40K ===========================
  
 max=   100302.64076903886     
 min=   0.0000000000000000     
       n_pass,     n_total
      200000      204333
 max=   100302.64076903886     
 min=   0.0000000000000000     
       n_pass,     n_total
      210000      214333
 max=   100302.64076903886     
 min=   0.0000000000000000     
       n_pass,     n_total
      220000      224333
 max=   100302.64076903886     
 min=   0.0000000000000000     
       n_pass,     n_total
      230000      234333
   1330.9163368937634      +\-  0.16582589591222907     
 precision:   1.2459528169836092E-004
 ====================NCALL=80K ===========================
  
 max=   100302.64076903886     
 min=   0.0000000000000000     
       n_pass,     n_total
      240000      246559
 max=   100302.64076903886     
 min=   0.0000000000000000     
       n_pass,     n_total
      250000      256559
 max=   100302.64076903886     
 min=   0.0000000000000000     
       n_pass,     n_total
      260000      266559
 max=   100302.64076903886     
 min=   0.0000000000000000     
       n_pass,     n_total
      270000      276559
 max=   100302.64076903886     
 min=   0.0000000000000000     
       n_pass,     n_total
      280000      286559
 max=   100302.64076903886     
 min=   0.0000000000000000     
       n_pass,     n_total
      290000      296559
 max=   100302.64076903886     
 min=   0.0000000000000000     
       n_pass,     n_total
      300000      306559
   1330.7787906338619      +\-   8.3230094702519131E-002
 precision:   6.2542396443571126E-005
 sigma (pb)                   sd (pb)
   1330.7787906338619        8.3230094702519131E-002
