 =======================================================
 |                                                     |
 |         \/\/\/\/\/\___________/\/\/\/\/\/           |
 |                   |     \     |                     |
 |                   |     /     |                     |
 |                   |     \     |                     |
 |         /\/\/\/\/\|_____/_____|/\/\/\/\/\           |
 |                                                     |
 | Light-by-light scattering at next-to-leading order  |
 |                   (VERSION 0.5)                     |
 |                                                     |
 |    Authors:                                         |
 |            Ajjath A.H. (LPTHE Paris)                |
 |            Ekta Chaubey (Bonn)                      |
 |            Mathijs Fraaije (Bern)                   |
 |            Valentin Hirschi (Bern)                  |
 |            Hua-Sheng Shao (LPTHE Paris)             |
 |                                                     |
 |    Please cite                                      |
 |            PLB 851 (2024) 138555 [arXiv:2312.16956] |
 |            JHEP 03 (2024) 121    [arXiv:2312.16966] |
 |                                                     |
 =======================================================
 ---------------------------------------------------
         the cuts in the lab frame                  
 min transverse momentum of photon    0.0000000000000000     
 max (pseudo-)rapidity of photon    5.0000000000000000     
 min (pseudo-)rapidity of photon   -5.0000000000000000     
 min invariant mass of di-photon    0.0000000000000000     
 ---------------------------------------------------
 max=   77368.146446073457     
 min=   0.0000000000000000     
       n_pass,     n_total
       10000       10000
  
 ====================NCALL=20K===========================
  
 ITERATION            1 :
   1129.6374518024729      +\-   9.5549047001392484     
 precision:   8.4583816558960970E-003
 WARNING: outside the range of the grid (xs,xt)=  0.18993985297393623      -0.18993077235436992     
 WARNING: set the 2-loop amplitudes to zero
 WARNING: outside the range of the grid (xs,xt)=  0.18439446366782003      -0.18438564816149797     
 WARNING: set the 2-loop amplitudes to zero
 WARNING: outside the range of the grid (xs,xt)=   8.8779675135360267E-002  -8.8775430768301411E-002
 WARNING: set the 2-loop amplitudes to zero
 WARNING: outside the range of the grid (xs,xt)=   81632.653061224497       -81628.750378059107     
 WARNING: set the 2-loop amplitudes to zero
 WARNING: outside the range of the grid (xs,xt)=   1.6575994824084181       -1.6575202361098800     
 WARNING: set the 2-loop amplitudes to zero
 INFO: will suppress the further warning
 max=   84470.342813961877     
 min=   0.0000000000000000     
       n_pass,     n_total
       20000       20009
 max=   84470.342813961877     
 min=   0.0000000000000000     
       n_pass,     n_total
       30000       30009
 ITERATION            2 :
   1118.3909578401585      +\-   2.4164762057685563     
 precision:   2.1606721592557091E-003
 max=   86081.512130885923     
 min=   0.0000000000000000     
       n_pass,     n_total
       40000       40044
 max=   86081.512130885923     
 min=   0.0000000000000000     
       n_pass,     n_total
       50000       50044
 ITERATION            3 :
   1118.1949359561911      +\-  0.81371531041536349     
 precision:   7.2770434228405713E-004
 max=   86478.308134345149     
 min=   0.0000000000000000     
       n_pass,     n_total
       60000       60180
 max=   86478.308134345149     
 min=   0.0000000000000000     
       n_pass,     n_total
       70000       70180
 ITERATION            4 :
   1118.5527125340989      +\-  0.50445580305965854     
 precision:   4.5098974541557898E-004
 max=   86584.862199126364     
 min=   0.0000000000000000     
       n_pass,     n_total
       80000       80499
 max=   86584.862199126364     
 min=   0.0000000000000000     
       n_pass,     n_total
       90000       90499
 ITERATION            5 :
   1118.2481809902670      +\-  0.34062492206683587     
 precision:   3.0460583603650023E-004
 max=   86678.946010600339     
 min=   0.0000000000000000     
       n_pass,     n_total
      100000      100953
 max=   86678.946010600339     
 min=   0.0000000000000000     
       n_pass,     n_total
      110000      110953
 ITERATION            6 :
   1118.3629845894759      +\-  0.28933883316068809     
 precision:   2.5871638917564623E-004
 max=   86681.053678637632     
 min=   0.0000000000000000     
       n_pass,     n_total
      120000      121432
 max=   86681.053678637632     
 min=   0.0000000000000000     
       n_pass,     n_total
      130000      131432
 ITERATION            7 :
   1118.7379555479024      +\-  0.29295240314124288     
 precision:   2.6185971584182936E-004
 max=   86686.808920993717     
 min=   0.0000000000000000     
       n_pass,     n_total
      140000      142020
 max=   86686.808920993717     
 min=   0.0000000000000000     
       n_pass,     n_total
      150000      152020
 ITERATION            8 :
   1117.9244097315793      +\-  0.28926522670715721     
 precision:   2.5875204458288161E-004
 max=   86686.808920993717     
 min=   0.0000000000000000     
       n_pass,     n_total
      160000      162765
 max=   86686.808920993717     
 min=   0.0000000000000000     
       n_pass,     n_total
      170000      172765
 ITERATION            9 :
   1118.3726393517957      +\-  0.27776204073842398     
 precision:   2.4836269322487515E-004
 max=   86686.808920993717     
 min=   0.0000000000000000     
       n_pass,     n_total
      180000      183267
 max=   86686.808920993717     
 min=   0.0000000000000000     
       n_pass,     n_total
      190000      193267
 ITERATION           10 :
   1118.8949422750647      +\-  0.27008503184459043     
 precision:   2.4138551497553717E-004
 ====================NCALL=40K ===========================
  
 max=   86686.808920993717     
 min=   0.0000000000000000     
       n_pass,     n_total
      200000      204252
 max=   86686.808920993717     
 min=   0.0000000000000000     
       n_pass,     n_total
      210000      214252
 max=   86686.808920993717     
 min=   0.0000000000000000     
       n_pass,     n_total
      220000      224252
 max=   86686.808920993717     
 min=   0.0000000000000000     
       n_pass,     n_total
      230000      234252
   1118.4472083711207      +\-  0.13817557232410124     
 precision:   1.2354232840845191E-004
 ====================NCALL=80K ===========================
  
 max=   86686.808920993717     
 min=   0.0000000000000000     
       n_pass,     n_total
      240000      246169
 max=   86686.808920993717     
 min=   0.0000000000000000     
       n_pass,     n_total
      250000      256169
 max=   86686.808920993717     
 min=   0.0000000000000000     
       n_pass,     n_total
      260000      266169
 max=   86686.808920993717     
 min=   0.0000000000000000     
       n_pass,     n_total
      270000      276169
 max=   86686.808920993717     
 min=   0.0000000000000000     
       n_pass,     n_total
      280000      286169
 max=   86686.808920993717     
 min=   0.0000000000000000     
       n_pass,     n_total
      290000      296169
 max=   86686.808920993717     
 min=   0.0000000000000000     
       n_pass,     n_total
      300000      306169
   1118.3055894377499      +\-   7.2444807731662647E-002
 precision:   6.4780868857219692E-005
 sigma (pb)                   sd (pb)
   1118.3055894377499        7.2444807731662647E-002
