 =======================================================
 |                                                     |
 |         \/\/\/\/\/\___________/\/\/\/\/\/           |
 |                   |     \     |                     |
 |                   |     /     |                     |
 |                   |     \     |                     |
 |         /\/\/\/\/\|_____/_____|/\/\/\/\/\           |
 |                                                     |
 | Light-by-light scattering at next-to-leading order  |
 |                   (VERSION 0.5)                     |
 |                                                     |
 |    Authors:                                         |
 |            Ajjath A.H. (LPTHE Paris)                |
 |            Ekta Chaubey (Bonn)                      |
 |            Mathijs Fraaije (Bern)                   |
 |            Valentin Hirschi (Bern)                  |
 |            Hua-Sheng Shao (LPTHE Paris)             |
 |                                                     |
 |    Please cite                                      |
 |            PLB 851 (2024) 138555 [arXiv:2312.16956] |
 |            JHEP 03 (2024) 121    [arXiv:2312.16966] |
 |                                                     |
 =======================================================
 ---------------------------------------------------
         the cuts in the lab frame                  
 min transverse momentum of photon    0.0000000000000000     
 max (pseudo-)rapidity of photon    5.0000000000000000     
 min (pseudo-)rapidity of photon   -5.0000000000000000     
 min invariant mass of di-photon    0.0000000000000000     
 ---------------------------------------------------
 max=   99573.917644883535     
 min=   0.0000000000000000     
       n_pass,     n_total
       10000       10000
  
 ====================NCALL=20K===========================
  
 ITERATION            1 :
   1506.1535494677642      +\-   12.570411955672892     
 precision:   8.3460361396186667E-003
 WARNING: outside the range of the grid (xs,xt)=  0.14394662508353748      -0.14393969569123821     
 WARNING: set the 2-loop amplitudes to zero
 WARNING: outside the range of the grid (xs,xt)=  0.13974403114186845      -0.13973730405665405     
 WARNING: set the 2-loop amplitudes to zero
 WARNING: outside the range of the grid (xs,xt)=   6.7282007496876295E-002  -6.7278768633691019E-002
 WARNING: set the 2-loop amplitudes to zero
 WARNING: outside the range of the grid (xs,xt)=   61865.610196039379       -61862.632070761116     
 WARNING: set the 2-loop amplitudes to zero
 WARNING: outside the range of the grid (xs,xt)=   1.2562179421379889       -1.2561574695362212     
 WARNING: set the 2-loop amplitudes to zero
 INFO: will suppress the further warning
 max=   107243.01952762078     
 min=   0.0000000000000000     
       n_pass,     n_total
       20000       20009
 max=   107243.01952762078     
 min=   0.0000000000000000     
       n_pass,     n_total
       30000       30009
 ITERATION            2 :
   1491.1595166892698      +\-   3.1188625444366460     
 precision:   2.0915686816399535E-003
 max=   109693.24636544711     
 min=   0.0000000000000000     
       n_pass,     n_total
       40000       40044
 max=   109693.24636544711     
 min=   0.0000000000000000     
       n_pass,     n_total
       50000       50044
 ITERATION            3 :
   1490.7480256635304      +\-   1.0611066173963144     
 precision:   7.1179474943394066E-004
 max=   110484.92636832425     
 min=   0.0000000000000000     
       n_pass,     n_total
       60000       60177
 max=   110484.92636832425     
 min=   0.0000000000000000     
       n_pass,     n_total
       70000       70177
 ITERATION            4 :
   1491.3018321013105      +\-  0.66195257392366835     
 precision:   4.4387565258398949E-004
 max=   110542.61088911800     
 min=   0.0000000000000000     
       n_pass,     n_total
       80000       80491
 max=   110542.61088911800     
 min=   0.0000000000000000     
       n_pass,     n_total
       90000       90491
 ITERATION            5 :
   1490.8551971700656      +\-  0.44682093905496556     
 precision:   2.9970780522690530E-004
 max=   110542.61088911800     
 min=   0.0000000000000000     
       n_pass,     n_total
      100000      100918
 max=   110542.61088911800     
 min=   0.0000000000000000     
       n_pass,     n_total
      110000      110918
 ITERATION            6 :
   1490.9912167850782      +\-  0.35937755277876665     
 precision:   2.4103264240125287E-004
 max=   110542.61088911800     
 min=   0.0000000000000000     
       n_pass,     n_total
      120000      121224
 max=   110542.61088911800     
 min=   0.0000000000000000     
       n_pass,     n_total
      130000      131224
 ITERATION            7 :
   1491.8560769176052      +\-  0.46253274320779125     
 precision:   3.1003844832234231E-004
 max=   110544.02272555453     
 min=   0.0000000000000000     
       n_pass,     n_total
      140000      141755
 max=   110544.02272555453     
 min=   0.0000000000000000     
       n_pass,     n_total
      150000      151755
 ITERATION            8 :
   1490.1327989765216      +\-  0.42340675072991740     
 precision:   2.8414027999432590E-004
 max=   110545.20396989262     
 min=   0.0000000000000000     
       n_pass,     n_total
      160000      162396
 max=   110545.20396989262     
 min=   0.0000000000000000     
       n_pass,     n_total
      170000      172396
 ITERATION            9 :
   1490.9595643796749      +\-  0.37619435647889582     
 precision:   2.5231694102677716E-004
 max=   110550.54341427283     
 min=   0.0000000000000000     
       n_pass,     n_total
      180000      183073
 max=   110550.54341427283     
 min=   0.0000000000000000     
       n_pass,     n_total
      190000      193073
 ITERATION           10 :
   1491.2916281815983      +\-  0.37937554747721197     
 precision:   2.5439393630862287E-004
 ====================NCALL=40K ===========================
  
 max=   110550.54341427283     
 min=   0.0000000000000000     
       n_pass,     n_total
      200000      204194
 max=   110550.54341427283     
 min=   0.0000000000000000     
       n_pass,     n_total
      210000      214194
 max=   110550.54341427283     
 min=   0.0000000000000000     
       n_pass,     n_total
      220000      224194
 max=   110550.54341427283     
 min=   0.0000000000000000     
       n_pass,     n_total
      230000      234194
   1491.1563557133913      +\-  0.18170674158588018     
 precision:   1.2185626335539372E-004
 ====================NCALL=80K ===========================
  
 max=   110551.13639009124     
 min=   0.0000000000000000     
       n_pass,     n_total
      240000      246749
 max=   110551.13639009124     
 min=   0.0000000000000000     
       n_pass,     n_total
      250000      256749
 max=   110551.13639009124     
 min=   0.0000000000000000     
       n_pass,     n_total
      260000      266749
 max=   110551.13639009124     
 min=   0.0000000000000000     
       n_pass,     n_total
      270000      276749
 max=   110551.13639009124     
 min=   0.0000000000000000     
       n_pass,     n_total
      280000      286749
 max=   110551.13639009124     
 min=   0.0000000000000000     
       n_pass,     n_total
      290000      296749
 max=   110551.13639009124     
 min=   0.0000000000000000     
       n_pass,     n_total
      300000      306749
   1490.8983477999752      +\-   9.0941744634829888E-002
 precision:   6.0997951180928528E-005
 sigma (pb)                   sd (pb)
   1490.8983477999752        9.0941744634829888E-002
