 =======================================================
 |                                                     |
 |         \/\/\/\/\/\___________/\/\/\/\/\/           |
 |                   |     \     |                     |
 |                   |     /     |                     |
 |                   |     \     |                     |
 |         /\/\/\/\/\|_____/_____|/\/\/\/\/\           |
 |                                                     |
 | Light-by-light scattering at next-to-leading order  |
 |                   (VERSION 0.5)                     |
 |                                                     |
 |    Authors:                                         |
 |            Ajjath A.H. (LPTHE Paris)                |
 |            Ekta Chaubey (Bonn)                      |
 |            Mathijs Fraaije (Bern)                   |
 |            Valentin Hirschi (Bern)                  |
 |            Hua-Sheng Shao (LPTHE Paris)             |
 |                                                     |
 |    Please cite                                      |
 |            PLB 851 (2024) 138555 [arXiv:2312.16956] |
 |            JHEP 03 (2024) 121    [arXiv:2312.16966] |
 |                                                     |
 =======================================================
 ---------------------------------------------------
         the cuts in the lab frame                  
 min transverse momentum of photon    0.0000000000000000     
 max (pseudo-)rapidity of photon    5.0000000000000000     
 min (pseudo-)rapidity of photon   -5.0000000000000000     
 min invariant mass of di-photon    0.0000000000000000     
 ---------------------------------------------------
 max=   1413337.1674389085     
 min=   0.0000000000000000     
       n_pass,     n_total
       10000       10000
  
 ====================NCALL=20K===========================
  
 ITERATION            1 :
   100954.75637101826      +\-   229.74269786251338     
 precision:   2.2756995917873079E-003
 max=   1420028.3213275655     
 min=   0.0000000000000000     
       n_pass,     n_total
       20000       20007
 max=   1420028.3213275655     
 min=   0.0000000000000000     
       n_pass,     n_total
       30000       30007
 ITERATION            2 :
   100488.67005037502      +\-   39.487399357802914     
 precision:   3.9295374630799536E-004
 WARNING: outside the range of the grid (xs,xt)=   898.82621466676380       -898.78195227558354     
 WARNING: set the 2-loop amplitudes to zero
 WARNING: outside the range of the grid (xs,xt)=   1.8251199885532633E-002  -1.8250301111402925E-002
 WARNING: set the 2-loop amplitudes to zero
 WARNING: outside the range of the grid (xs,xt)=   898.82621466676380       -898.78187805018126     
 WARNING: set the 2-loop amplitudes to zero
 WARNING: outside the range of the grid (xs,xt)=   1.8251199885532633E-002  -1.8250299604212067E-002
 WARNING: set the 2-loop amplitudes to zero
 WARNING: outside the range of the grid (xs,xt)=   898.82621466676380       -898.78457008289979     
 WARNING: set the 2-loop amplitudes to zero
 INFO: will suppress the further warning
 max=   1424413.3268977129     
 min=   0.0000000000000000     
       n_pass,     n_total
       40000       40030
 max=   1424413.3268977129     
 min=   0.0000000000000000     
       n_pass,     n_total
       50000       50030
 ITERATION            3 :
   100447.79676314052      +\-   28.619166535850084     
 precision:   2.8491582153200530E-004
 max=   1427022.7968533193     
 min=   0.0000000000000000     
       n_pass,     n_total
       60000       60087
 max=   1427022.7968533193     
 min=   0.0000000000000000     
       n_pass,     n_total
       70000       70087
 ITERATION            4 :
   100443.21188993524      +\-   24.474737771457029     
 precision:   2.4366741476045415E-004
 max=   1428609.6818251812     
 min=   0.0000000000000000     
       n_pass,     n_total
       80000       80181
 max=   1428609.6818251812     
 min=   0.0000000000000000     
       n_pass,     n_total
       90000       90181
 ITERATION            5 :
   100449.03836007585      +\-   21.345600362626669     
 precision:   2.1250178907746142E-004
 max=   1428712.4390677758     
 min=   0.0000000000000000     
       n_pass,     n_total
      100000      100327
 max=   1428712.4390677758     
 min=   0.0000000000000000     
       n_pass,     n_total
      110000      110327
 ITERATION            6 :
   100433.15784228689      +\-   20.144767606980110     
 precision:   2.0057885303789835E-004
 max=   1428712.4390677758     
 min=   0.0000000000000000     
       n_pass,     n_total
      120000      120488
 max=   1428712.4390677758     
 min=   0.0000000000000000     
       n_pass,     n_total
      130000      130488
 ITERATION            7 :
   100484.44802895108      +\-   19.426515500717471     
 precision:   1.9332857851913959E-004
 max=   1428712.4390677758     
 min=   0.0000000000000000     
       n_pass,     n_total
      140000      140659
 max=   1428712.4390677758     
 min=   0.0000000000000000     
       n_pass,     n_total
      150000      150659
 ITERATION            8 :
   100423.24519564887      +\-   19.082919472550916     
 precision:   1.9002492336682363E-004
 max=   1428712.4390677758     
 min=   0.0000000000000000     
       n_pass,     n_total
      160000      160839
 max=   1428712.4390677758     
 min=   0.0000000000000000     
       n_pass,     n_total
      170000      170839
 ITERATION            9 :
   100450.82423987389      +\-   18.756023875540016     
 precision:   1.8671846664743269E-004
 max=   1428712.4390677758     
 min=   0.0000000000000000     
       n_pass,     n_total
      180000      181039
 max=   1428712.4390677758     
 min=   0.0000000000000000     
       n_pass,     n_total
      190000      191039
 ITERATION           10 :
   100468.19512690752      +\-   19.036762813732299     
 precision:   1.8948048971802271E-004
 ====================NCALL=40K ===========================
  
 max=   1432183.7518603723     
 min=   0.0000000000000000     
       n_pass,     n_total
      200000      201353
 max=   1432183.7518603723     
 min=   0.0000000000000000     
       n_pass,     n_total
      210000      211353
 max=   1432183.7518603723     
 min=   0.0000000000000000     
       n_pass,     n_total
      220000      221353
 max=   1432183.7518603723     
 min=   0.0000000000000000     
       n_pass,     n_total
      230000      231353
   100465.45062372790      +\-   9.2389867569808430     
 precision:   9.1961830655431126E-005
 ====================NCALL=80K ===========================
  
 max=   1432183.7518603723     
 min=   0.0000000000000000     
       n_pass,     n_total
      240000      241946
 max=   1432183.7518603723     
 min=   0.0000000000000000     
       n_pass,     n_total
      250000      251946
 max=   1432183.7518603723     
 min=   0.0000000000000000     
       n_pass,     n_total
      260000      261946
 max=   1432183.7518603723     
 min=   0.0000000000000000     
       n_pass,     n_total
      270000      271946
 max=   1432183.7518603723     
 min=   0.0000000000000000     
       n_pass,     n_total
      280000      281946
 max=   1432183.7518603723     
 min=   0.0000000000000000     
       n_pass,     n_total
      290000      291946
 max=   1432183.7518603723     
 min=   0.0000000000000000     
       n_pass,     n_total
      300000      301946
 max=   1432183.7518603723     
 min=   0.0000000000000000     
       n_pass,     n_total
      310000      311946
   100454.28615640868      +\-   4.2801638378690194     
 precision:   4.2608075788869242E-005
 sigma (pb)                   sd (pb)
   100454.28615640868        4.2801638378690194     
