 =======================================================
 |                                                     |
 |         \/\/\/\/\/\___________/\/\/\/\/\/           |
 |                   |     \     |                     |
 |                   |     /     |                     |
 |                   |     \     |                     |
 |         /\/\/\/\/\|_____/_____|/\/\/\/\/\           |
 |                                                     |
 | Light-by-light scattering at next-to-leading order  |
 |                   (VERSION 0.5)                     |
 |                                                     |
 |    Authors:                                         |
 |            Ajjath A.H. (LPTHE Paris)                |
 |            Ekta Chaubey (Bonn)                      |
 |            Mathijs Fraaije (Bern)                   |
 |            Valentin Hirschi (Bern)                  |
 |            Hua-Sheng Shao (LPTHE Paris)             |
 |                                                     |
 |    Please cite                                      |
 |            PLB 851 (2024) 138555 [arXiv:2312.16956] |
 |            JHEP 03 (2024) 121    [arXiv:2312.16966] |
 |                                                     |
 =======================================================
 ---------------------------------------------------
         the cuts in the lab frame                  
 min transverse momentum of photon    0.0000000000000000     
 max (pseudo-)rapidity of photon    5.0000000000000000     
 min (pseudo-)rapidity of photon   -5.0000000000000000     
 min invariant mass of di-photon    0.0000000000000000     
 ---------------------------------------------------
 max=   6.3299710552971596E-006
 min=   0.0000000000000000     
       n_pass,     n_total
       10000       10000
  
 ====================NCALL=20K===========================
  
 ITERATION            1 :
   1.4745251576385719E-006 +\-   2.4477378102188166E-009
 precision:   1.6600176657133670E-003
 max=   6.3306771124773329E-006
 min=   0.0000000000000000     
       n_pass,     n_total
       20000       20000
 max=   6.3310006407621075E-006
 min=   0.0000000000000000     
       n_pass,     n_total
       30000       30000
 ITERATION            2 :
   1.4718419553215872E-006 +\-   1.1844836855173291E-009
 precision:   8.0476282201000834E-004
 max=   6.3359377181531228E-006
 min=   0.0000000000000000     
       n_pass,     n_total
       40000       40000
 max=   6.3359377181531228E-006
 min=   0.0000000000000000     
       n_pass,     n_total
       50000       50000
 ITERATION            3 :
   1.4709529660393130E-006 +\-   7.7100064445885111E-010
 precision:   5.2415044006121211E-004
 max=   6.3360414128258189E-006
 min=   0.0000000000000000     
       n_pass,     n_total
       60000       60000
 max=   6.3360414128258189E-006
 min=   0.0000000000000000     
       n_pass,     n_total
       70000       70000
 ITERATION            4 :
   1.4721770219359706E-006 +\-   4.8776678835209020E-010
 precision:   3.3132346252127867E-004
 max=   6.3360414128258189E-006
 min=   0.0000000000000000     
       n_pass,     n_total
       80000       80001
 max=   6.3360414128258189E-006
 min=   0.0000000000000000     
       n_pass,     n_total
       90000       90001
 ITERATION            5 :
   1.4716440903137415E-006 +\-   4.4261956639088936E-010
 precision:   3.0076536120668060E-004
 max=   6.3361613929692752E-006
 min=   0.0000000000000000     
       n_pass,     n_total
      100000      100001
 max=   6.3361613929692752E-006
 min=   0.0000000000000000     
       n_pass,     n_total
      110000      110001
 ITERATION            6 :
   1.4711078514080232E-006 +\-   3.7501048342340680E-010
 precision:   2.5491705660089960E-004
 max=   6.3361613929692752E-006
 min=   0.0000000000000000     
       n_pass,     n_total
      120000      120002
 max=   6.3361613929692752E-006
 min=   0.0000000000000000     
       n_pass,     n_total
      130000      130002
 ITERATION            7 :
   1.4716023440948718E-006 +\-   3.2035872259084818E-010
 precision:   2.1769381101923222E-004
 max=   6.3361811891018395E-006
 min=   0.0000000000000000     
       n_pass,     n_total
      140000      140003
 max=   6.3361811891018395E-006
 min=   0.0000000000000000     
       n_pass,     n_total
      150000      150003
 ITERATION            8 :
   1.4707944183801681E-006 +\-   5.2421235660880129E-010
 precision:   3.5641443158734089E-004
 max=   6.3361811891018395E-006
 min=   0.0000000000000000     
       n_pass,     n_total
      160000      160004
 max=   6.3361811891018395E-006
 min=   0.0000000000000000     
       n_pass,     n_total
      170000      170004
 ITERATION            9 :
   1.4708897391178226E-006 +\-   1.1318003913659108E-009
 precision:   7.6946650810462295E-004
 max=   6.3361811891018395E-006
 min=   0.0000000000000000     
       n_pass,     n_total
      180000      180004
 max=   6.3361811891018395E-006
 min=   0.0000000000000000     
       n_pass,     n_total
      190000      190004
 ITERATION           10 :
   1.4722827485971290E-006 +\-   8.0362217552943233E-010
 precision:   5.4583413158591125E-004
 ====================NCALL=40K ===========================
  
 max=   6.3361811891018395E-006
 min=   0.0000000000000000     
       n_pass,     n_total
      200000      200004
 max=   6.3361811891018395E-006
 min=   0.0000000000000000     
       n_pass,     n_total
      210000      210004
 max=   6.3361811891018395E-006
 min=   0.0000000000000000     
       n_pass,     n_total
      220000      220004
 max=   6.3361811891018395E-006
 min=   0.0000000000000000     
       n_pass,     n_total
      230000      230004
   1.4714846630325745E-006 +\-   2.9836778547925804E-010
 precision:   2.0276649357958888E-004
 ====================NCALL=80K ===========================
  
 max=   6.3361882619194874E-006
 min=   0.0000000000000000     
       n_pass,     n_total
      240000      240006
 max=   6.3361882619194874E-006
 min=   0.0000000000000000     
       n_pass,     n_total
      250000      250006
 max=   6.3361882619194874E-006
 min=   0.0000000000000000     
       n_pass,     n_total
      260000      260006
 max=   6.3361882619194874E-006
 min=   0.0000000000000000     
       n_pass,     n_total
      270000      270006
 max=   6.3361882619194874E-006
 min=   0.0000000000000000     
       n_pass,     n_total
      280000      280006
 max=   6.3361882619194874E-006
 min=   0.0000000000000000     
       n_pass,     n_total
      290000      290006
 max=   6.3361882619194874E-006
 min=   0.0000000000000000     
       n_pass,     n_total
      300000      300006
 max=   6.3361991515466662E-006
 min=   0.0000000000000000     
       n_pass,     n_total
      310000      310006
   1.4714936685010830E-006 +\-   1.1434021371338345E-010
 precision:   7.7703503698969061E-005
 sigma (pb)                   sd (pb)
   1.4714936685010830E-006   1.1434021371338345E-010
