 =======================================================
 |                                                     |
 |         \/\/\/\/\/\___________/\/\/\/\/\/           |
 |                   |     \     |                     |
 |                   |     /     |                     |
 |                   |     \     |                     |
 |         /\/\/\/\/\|_____/_____|/\/\/\/\/\           |
 |                                                     |
 | Light-by-light scattering at next-to-leading order  |
 |                   (VERSION 0.5)                     |
 |                                                     |
 |    Authors:                                         |
 |            Ajjath A.H. (LPTHE Paris)                |
 |            Ekta Chaubey (Bonn)                      |
 |            Mathijs Fraaije (Bern)                   |
 |            Valentin Hirschi (Bern)                  |
 |            Hua-Sheng Shao (LPTHE Paris)             |
 |                                                     |
 |    Please cite                                      |
 |            PLB 851 (2024) 138555 [arXiv:2312.16956] |
 |            JHEP 03 (2024) 121    [arXiv:2312.16966] |
 |                                                     |
 =======================================================
 ---------------------------------------------------
         the cuts in the lab frame                  
 min transverse momentum of photon    0.0000000000000000     
 max (pseudo-)rapidity of photon    5.0000000000000000     
 min (pseudo-)rapidity of photon   -5.0000000000000000     
 min invariant mass of di-photon    0.0000000000000000     
 ---------------------------------------------------
 max=   28.231758028770447     
 min=   0.0000000000000000     
       n_pass,     n_total
       10000       10000
  
 ====================NCALL=20K===========================
  
 ITERATION            1 :
   1.5252029636421246E-002 +\-   2.4756908031488951E-003
 precision:  0.16231877738009654     
 max=   36.395870963057888     
 min=   0.0000000000000000     
       n_pass,     n_total
       20000       20012
 max=   36.395870963057888     
 min=   0.0000000000000000     
       n_pass,     n_total
       30000       30012
 WARNING: outside the range of the grid (xs,xt)=   21451523.545706373       -1007.8276513819994     
 WARNING: set the 2-loop amplitudes to zero
 WARNING: outside the range of the grid (xs,xt)=   16171.606134518361      -0.75976849825608472     
 WARNING: set the 2-loop amplitudes to zero
 ITERATION            2 :
   1.5234146066356306E-002 +\-   1.4413413191153078E-003
 precision:   9.4612544269771920E-002
 WARNING: outside the range of the grid (xs,xt)=   21451523.545706373       -21450460.249383088     
 WARNING: set the 2-loop amplitudes to zero
 WARNING: outside the range of the grid (xs,xt)=   16171.606134518361       -16170.804549991846     
 WARNING: set the 2-loop amplitudes to zero
 WARNING: outside the range of the grid (xs,xt)=   21451523.545706373       -21450532.992450021     
 WARNING: set the 2-loop amplitudes to zero
 INFO: will suppress the further warning
 max=   39.445798456267894     
 min=   0.0000000000000000     
       n_pass,     n_total
       40000       40059
 max=   39.445798456267894     
 min=   0.0000000000000000     
       n_pass,     n_total
       50000       50059
 ITERATION            3 :
   1.5425915940689290E-002 +\-   2.4597424951055164E-004
 precision:   1.5945519893683573E-002
 max=   39.756222094437270     
 min=   0.0000000000000000     
       n_pass,     n_total
       60000       60387
 max=   39.756222094437270     
 min=   0.0000000000000000     
       n_pass,     n_total
       70000       70387
 ITERATION            4 :
   1.5247149327417867E-002 +\-   5.7536124154943439E-005
 precision:   3.7735659905606296E-003
 max=   39.823784318804748     
 min=   0.0000000000000000     
       n_pass,     n_total
       80000       81918
 max=   39.823784318804748     
 min=   0.0000000000000000     
       n_pass,     n_total
       90000       91918
 ITERATION            5 :
   1.5298156861585692E-002 +\-   1.9741383729964216E-005
 precision:   1.2904419734076366E-003
 max=   39.865339110677894     
 min=   0.0000000000000000     
       n_pass,     n_total
      100000      104383
 max=   39.865339110677894     
 min=   0.0000000000000000     
       n_pass,     n_total
      110000      114383
 ITERATION            6 :
   1.5280078901999001E-002 +\-   1.4378773233801085E-005
 precision:   9.4101433153725381E-004
 max=   39.865614486534078     
 min=   0.0000000000000000     
       n_pass,     n_total
      120000      127081
 ITERATION            7 :
   1.5315076673512722E-002 +\-   1.2922978504129592E-005
 precision:   8.4380762693011906E-004
 max=   39.876784066894587     
 min=   0.0000000000000000     
       n_pass,     n_total
      130000      139980
 max=   39.876784066894587     
 min=   0.0000000000000000     
       n_pass,     n_total
      140000      149980
 ITERATION            8 :
   1.5278770362102017E-002 +\-   1.0099410978047696E-005
 precision:   6.6100940970345492E-004
 max=   39.876784066894587     
 min=   0.0000000000000000     
       n_pass,     n_total
      150000      161996
 max=   39.876784066894587     
 min=   0.0000000000000000     
       n_pass,     n_total
      160000      171996
 ITERATION            9 :
   1.5298299638772264E-002 +\-   1.0989092188487470E-005
 precision:   7.1832114992940337E-004
 max=   39.876784066894587     
 min=   0.0000000000000000     
       n_pass,     n_total
      170000      184546
 max=   39.876784066894587     
 min=   0.0000000000000000     
       n_pass,     n_total
      180000      194546
 ITERATION           10 :
   1.5301361376132453E-002 +\-   1.1511098326182845E-005
 precision:   7.5229242962251844E-004
 ====================NCALL=40K ===========================
  
 max=   39.876784066894587     
 min=   0.0000000000000000     
       n_pass,     n_total
      190000      208964
 max=   39.876784066894587     
 min=   0.0000000000000000     
       n_pass,     n_total
      200000      218964
 max=   39.876784066894587     
 min=   0.0000000000000000     
       n_pass,     n_total
      210000      228964
   1.5300600558583956E-002 +\-   7.2002755387906980E-006
 precision:   4.7058777276237000E-004
 ====================NCALL=80K ===========================
  
 max=   39.877454225729281     
 min=   0.0000000000000000     
       n_pass,     n_total
      220000      242678
 max=   39.877454225729281     
 min=   0.0000000000000000     
       n_pass,     n_total
      230000      252678
 max=   39.877454225729281     
 min=   0.0000000000000000     
       n_pass,     n_total
      240000      262678
 max=   39.877454225729281     
 min=   0.0000000000000000     
       n_pass,     n_total
      250000      272678
 max=   39.877454225729281     
 min=   0.0000000000000000     
       n_pass,     n_total
      260000      282678
 max=   39.877454225729281     
 min=   0.0000000000000000     
       n_pass,     n_total
      270000      292678
 max=   39.877454225729281     
 min=   0.0000000000000000     
       n_pass,     n_total
      280000      302678
   1.5290994031219897E-002 +\-   2.7551159622214040E-006
 precision:   1.8017899664313743E-004
 sigma (pb)                   sd (pb)
   1.5290994031219897E-002   2.7551159622214040E-006
