 =======================================================
 |                                                     |
 |         \/\/\/\/\/\___________/\/\/\/\/\/           |
 |                   |     \     |                     |
 |                   |     /     |                     |
 |                   |     \     |                     |
 |         /\/\/\/\/\|_____/_____|/\/\/\/\/\           |
 |                                                     |
 | Light-by-light scattering at next-to-leading order  |
 |                   (VERSION 0.5)                     |
 |                                                     |
 |    Authors:                                         |
 |            Ajjath A.H. (LPTHE Paris)                |
 |            Ekta Chaubey (Bonn)                      |
 |            Mathijs Fraaije (Bern)                   |
 |            Valentin Hirschi (Bern)                  |
 |            Hua-Sheng Shao (LPTHE Paris)             |
 |                                                     |
 |    Please cite                                      |
 |            PLB 851 (2024) 138555 [arXiv:2312.16956] |
 |            JHEP 03 (2024) 121    [arXiv:2312.16966] |
 |                                                     |
 =======================================================
 ---------------------------------------------------
         the cuts in the lab frame                  
 min transverse momentum of photon    0.0000000000000000     
 max (pseudo-)rapidity of photon    5.0000000000000000     
 min (pseudo-)rapidity of photon   -5.0000000000000000     
 min invariant mass of di-photon    0.0000000000000000     
 ---------------------------------------------------
 WARNING: outside the range of the grid (xs,xt)=   3.8369905258305494       -3.8369904874927570     
 WARNING: set the 2-loop amplitudes to zero
 WARNING: outside the range of the grid (xs,xt)=   3.8370249590225924       -3.8370249206844562     
 WARNING: set the 2-loop amplitudes to zero
 max=   2850962352017899.0     
 min=   0.0000000000000000     
       n_pass,     n_total
       10000       10000
  
 ====================NCALL=20K===========================
  
 ITERATION            1 :
   260804909152.47003      +\-   185639058320.42929     
 precision:  0.71179280682903945     
 WARNING: outside the range of the grid (xs,xt)=   3.8370033128161447       -3.8370032744782243     
 WARNING: set the 2-loop amplitudes to zero
 WARNING: outside the range of the grid (xs,xt)=   3.8370064390924119       -3.8370064007544609     
 WARNING: set the 2-loop amplitudes to zero
 WARNING: outside the range of the grid (xs,xt)=   3.8370519873242293       -3.8370519489858230     
 WARNING: set the 2-loop amplitudes to zero
 INFO: will suppress the further warning
 max=   6709541851939903.0     
 min=   0.0000000000000000     
       n_pass,     n_total
       20000       20017
 max=   6709541851939903.0     
 min=   0.0000000000000000     
       n_pass,     n_total
       30000       30017
 ITERATION            2 :
   172023703253.18713      +\-   143414165411.84180     
 precision:  0.83368839700400255     
 max=   7350173310789922.0     
 min=   0.0000000000000000     
       n_pass,     n_total
       40000       40290
 max=   7350173310789922.0     
 min=   0.0000000000000000     
       n_pass,     n_total
       50000       50290
 ITERATION            3 :
   177559376292.19781      +\-   14132056933.139349     
 precision:   7.9590597963596979E-002
 max=   7385551852178580.0     
 min=   0.0000000000000000     
       n_pass,     n_total
       60000       64991
 max=   7385551852178580.0     
 min=   0.0000000000000000     
       n_pass,     n_total
       70000       74991
 ITERATION            4 :
   182483594252.06259      +\-   517562233.47566831     
 precision:   2.8362124036244336E-003
 max=   7386082774925272.0     
 min=   0.0000000000000000     
       n_pass,     n_total
       80000       93307
 ITERATION            5 :
   182638459025.29120      +\-   79571322.363534033     
 precision:   4.3567670680201722E-004
 max=   7386082774925272.0     
 min=   0.0000000000000000     
       n_pass,     n_total
       90000      103883
 max=   7386082774925272.0     
 min=   0.0000000000000000     
       n_pass,     n_total
      100000      113883
 ITERATION            6 :
   185926088659.71295      +\-   2659069512.6382093     
 precision:   1.4301755777291220E-002
 max=   7386121023882522.0     
 min=   0.0000000000000000     
       n_pass,     n_total
      110000      131503
 ITERATION            7 :
   182048966195.71011      +\-   342895683.42980176     
 precision:   1.8835354607901196E-003
 max=   7386121023882522.0     
 min=   0.0000000000000000     
       n_pass,     n_total
      120000      149244
 ITERATION            8 :
   177030065947.75522      +\-   48590196.976785824     
 precision:   2.7447426354755848E-004
 max=   7386183629704716.0     
 min=   0.0000000000000000     
       n_pass,     n_total
      130000      161090
 max=   7386183629704716.0     
 min=   0.0000000000000000     
       n_pass,     n_total
      140000      171090
 ITERATION            9 :
   171483687050.04031      +\-   16716805.854273327     
 precision:   9.7483359157044655E-005
 max=   7386222219551838.0     
 min=   0.0000000000000000     
       n_pass,     n_total
      150000      183172
 max=   7386222219551838.0     
 min=   0.0000000000000000     
       n_pass,     n_total
      160000      193172
 ITERATION           10 :
   170633865824.86237      +\-   10297099.198148195     
 precision:   6.0346163690138038E-005
 ====================NCALL=40K ===========================
  
 max=   7386231471199420.0     
 min=   0.0000000000000000     
       n_pass,     n_total
      170000      205858
 max=   7386231471199420.0     
 min=   0.0000000000000000     
       n_pass,     n_total
      180000      215858
 max=   7386231471199420.0     
 min=   0.0000000000000000     
       n_pass,     n_total
      190000      225858
   164414931574.17075      +\-   3701821.6985013774     
 precision:   2.2515118688179572E-005
 ====================NCALL=80K ===========================
  
 max=   7386231471199420.0     
 min=   0.0000000000000000     
       n_pass,     n_total
      200000      239529
 max=   7386231471199420.0     
 min=   0.0000000000000000     
       n_pass,     n_total
      210000      249633
 max=   7386231471199420.0     
 min=   0.0000000000000000     
       n_pass,     n_total
      220000      259633
 max=   7386231471199420.0     
 min=   0.0000000000000000     
       n_pass,     n_total
      230000      269633
 max=   7386231471199420.0     
 min=   0.0000000000000000     
       n_pass,     n_total
      240000      279633
 max=   7386231471199420.0     
 min=   0.0000000000000000     
       n_pass,     n_total
      250000      289633
 max=   7386231471199420.0     
 min=   0.0000000000000000     
       n_pass,     n_total
      260000      299633
 max=   7386231471199420.0     
 min=   0.0000000000000000     
       n_pass,     n_total
      270000      309633
   163459116944.93500      +\-   1514803.3629860652     
 precision:   9.2671696219695222E-006
 sigma (pb)                   sd (pb)
   163459116944.93500        1514803.3629860652     
