 =======================================================
 |                                                     |
 |         \/\/\/\/\/\___________/\/\/\/\/\/           |
 |                   |     \     |                     |
 |                   |     /     |                     |
 |                   |     \     |                     |
 |         /\/\/\/\/\|_____/_____|/\/\/\/\/\           |
 |                                                     |
 | Light-by-light scattering at next-to-leading order  |
 |                   (VERSION 0.5)                     |
 |                                                     |
 |    Authors:                                         |
 |            Ajjath A.H. (LPTHE Paris)                |
 |            Ekta Chaubey (Bonn)                      |
 |            Mathijs Fraaije (Bern)                   |
 |            Valentin Hirschi (Bern)                  |
 |            Hua-Sheng Shao (LPTHE Paris)             |
 |                                                     |
 |    Please cite                                      |
 |            PLB 851 (2024) 138555 [arXiv:2312.16956] |
 |            JHEP 03 (2024) 121    [arXiv:2312.16966] |
 |                                                     |
 =======================================================
 ---------------------------------------------------
         the cuts in the lab frame                  
 min transverse momentum of photon    0.0000000000000000     
 max (pseudo-)rapidity of photon    5.0000000000000000     
 min (pseudo-)rapidity of photon   -5.0000000000000000     
 min invariant mass of di-photon    0.0000000000000000     
 ---------------------------------------------------
 max=   98332.343459021024     
 min=   0.0000000000000000     
       n_pass,     n_total
       10000       10000
  
 ====================NCALL=20K===========================
  
 ITERATION            1 :
   1484.4374683625915      +\-   12.397914758827325     
 precision:   8.3519279343594321E-003
 WARNING: outside the range of the grid (xs,xt)=  0.14599242593005121      -0.14598540088191728     
 WARNING: set the 2-loop amplitudes to zero
 WARNING: outside the range of the grid (xs,xt)=  0.14173010380622833      -0.14172328385789937     
 WARNING: set the 2-loop amplitudes to zero
 WARNING: outside the range of the grid (xs,xt)=   6.8238234069137857E-002  -6.8234950495515076E-002
 WARNING: set the 2-loop amplitudes to zero
 WARNING: outside the range of the grid (xs,xt)=   62744.857747940616       -62741.838511545109     
 WARNING: set the 2-loop amplitudes to zero
 WARNING: outside the range of the grid (xs,xt)=   1.2740715856530083       -1.2740102782655991     
 WARNING: set the 2-loop amplitudes to zero
 INFO: will suppress the further warning
 max=   105976.27317135931     
 min=   0.0000000000000000     
       n_pass,     n_total
       20000       20009
 max=   105976.27317135931     
 min=   0.0000000000000000     
       n_pass,     n_total
       30000       30009
 ITERATION            2 :
   1469.6629467555535      +\-   3.0796202118184315     
 precision:   2.0954601996444424E-003
 max=   108378.87007768350     
 min=   0.0000000000000000     
       n_pass,     n_total
       40000       40044
 max=   108378.87007768350     
 min=   0.0000000000000000     
       n_pass,     n_total
       50000       50044
 ITERATION            3 :
   1469.2615632663444      +\-   1.0471376370333358     
 precision:   7.1269654308891300E-004
 max=   109165.26397829709     
 min=   0.0000000000000000     
       n_pass,     n_total
       60000       60177
 max=   109165.26397829709     
 min=   0.0000000000000000     
       n_pass,     n_total
       70000       70177
 ITERATION            4 :
   1469.8126856817855      +\-  0.65327594790374899     
 precision:   4.4446204218241675E-004
 max=   109198.67454228652     
 min=   0.0000000000000000     
       n_pass,     n_total
       80000       80491
 max=   109198.67454228652     
 min=   0.0000000000000000     
       n_pass,     n_total
       90000       90491
 ITERATION            5 :
   1469.3769450913603      +\-  0.44066070215510839     
 precision:   2.9989629524758183E-004
 max=   109216.40517555302     
 min=   0.0000000000000000     
       n_pass,     n_total
      100000      100918
 max=   109216.40517555302     
 min=   0.0000000000000000     
       n_pass,     n_total
      110000      110918
 ITERATION            6 :
   1469.5178057235655      +\-  0.35436363463690640     
 precision:   2.4114279749228612E-004
 max=   109216.40517555302     
 min=   0.0000000000000000     
       n_pass,     n_total
      120000      121224
 max=   109216.40517555302     
 min=   0.0000000000000000     
       n_pass,     n_total
      130000      131224
 ITERATION            7 :
   1470.3532930104411      +\-  0.45649804459142823     
 precision:   3.1046827096689242E-004
 max=   109216.40517555302     
 min=   0.0000000000000000     
       n_pass,     n_total
      140000      141756
 max=   109216.40517555302     
 min=   0.0000000000000000     
       n_pass,     n_total
      150000      151756
 ITERATION            8 :
   1468.6672687639189      +\-  0.41723350197288872     
 precision:   2.8408987579878924E-004
 max=   109218.45512308285     
 min=   0.0000000000000000     
       n_pass,     n_total
      160000      162401
 max=   109218.45512308285     
 min=   0.0000000000000000     
       n_pass,     n_total
      170000      172401
 ITERATION            9 :
   1469.4604120462695      +\-  0.37111698591295633     
 precision:   2.5255323850212769E-004
 max=   109218.45512308285     
 min=   0.0000000000000000     
       n_pass,     n_total
      180000      183078
 max=   109218.45512308285     
 min=   0.0000000000000000     
       n_pass,     n_total
      190000      193078
 ITERATION           10 :
   1469.8620925487021      +\-  0.37388404655913798     
 precision:   2.5436675212899251E-004
 ====================NCALL=40K ===========================
  
 max=   109218.45512308285     
 min=   0.0000000000000000     
       n_pass,     n_total
      200000      204184
 max=   109218.45512308285     
 min=   0.0000000000000000     
       n_pass,     n_total
      210000      214184
 max=   109218.45512308285     
 min=   0.0000000000000000     
       n_pass,     n_total
      220000      224184
 max=   109218.45512308285     
 min=   0.0000000000000000     
       n_pass,     n_total
      230000      234184
   1469.6483147593779      +\-  0.18179524582895587     
 precision:   1.2369982941035849E-004
 ====================NCALL=80K ===========================
  
 max=   109218.45512308285     
 min=   0.0000000000000000     
       n_pass,     n_total
      240000      246772
 max=   109218.45512308285     
 min=   0.0000000000000000     
       n_pass,     n_total
      250000      256772
 max=   109218.45512308285     
 min=   0.0000000000000000     
       n_pass,     n_total
      260000      266772
 max=   109218.45512308285     
 min=   0.0000000000000000     
       n_pass,     n_total
      270000      276772
 max=   109218.45512308285     
 min=   0.0000000000000000     
       n_pass,     n_total
      280000      286772
 max=   109218.45512308285     
 min=   0.0000000000000000     
       n_pass,     n_total
      290000      296772
 max=   109218.45512308285     
 min=   0.0000000000000000     
       n_pass,     n_total
      300000      306772
   1469.4164714477631      +\-   8.9245980817291862E-002
 precision:   6.0735661095020266E-005
 sigma (pb)                   sd (pb)
   1469.4164714477631        8.9245980817291862E-002
