 =======================================================
 |                                                     |
 |         \/\/\/\/\/\___________/\/\/\/\/\/           |
 |                   |     \     |                     |
 |                   |     /     |                     |
 |                   |     \     |                     |
 |         /\/\/\/\/\|_____/_____|/\/\/\/\/\           |
 |                                                     |
 | Light-by-light scattering at next-to-leading order  |
 |                   (VERSION 0.5)                     |
 |                                                     |
 |    Authors:                                         |
 |            Ajjath A.H. (LPTHE Paris)                |
 |            Ekta Chaubey (Bonn)                      |
 |            Mathijs Fraaije (Bern)                   |
 |            Valentin Hirschi (Bern)                  |
 |            Hua-Sheng Shao (LPTHE Paris)             |
 |                                                     |
 |    Please cite                                      |
 |            PLB 851 (2024) 138555 [arXiv:2312.16956] |
 |            JHEP 03 (2024) 121    [arXiv:2312.16966] |
 |                                                     |
 =======================================================
 ---------------------------------------------------
         the cuts in the lab frame                  
 min transverse momentum of photon    0.0000000000000000     
 max (pseudo-)rapidity of photon    5.0000000000000000     
 min (pseudo-)rapidity of photon   -5.0000000000000000     
 min invariant mass of di-photon    0.0000000000000000     
 ---------------------------------------------------
 WARNING: outside the range of the grid (xs,xt)=  0.11068862696840168      -0.11068862586154214     
 WARNING: set the 2-loop amplitudes to zero
 WARNING: outside the range of the grid (xs,xt)=  0.11089933348631800      -0.11089933237735150     
 WARNING: set the 2-loop amplitudes to zero
 WARNING: outside the range of the grid (xs,xt)=  0.11076550915896412      -0.11076550805133581     
 WARNING: set the 2-loop amplitudes to zero
 WARNING: outside the range of the grid (xs,xt)=  0.11098445645409082      -0.11098445534427315     
 WARNING: set the 2-loop amplitudes to zero
 WARNING: outside the range of the grid (xs,xt)=  0.11103441167158744      -0.11103441056127022     
 WARNING: set the 2-loop amplitudes to zero
 INFO: will suppress the further warning
 max=   4.6076709473086277     
 min=   0.0000000000000000     
       n_pass,     n_total
       10000       10000
  
 ====================NCALL=20K===========================
  
 ITERATION            1 :
   3.2665659437985588      +\-   1.0667482428688098E-004
 precision:   3.2656565372390154E-005
 max=   4.6254005331165358     
 min=   0.0000000000000000     
       n_pass,     n_total
       20000       20002
 max=   4.6254005331165358     
 min=   0.0000000000000000     
       n_pass,     n_total
       30000       30002
 ITERATION            2 :
   3.2663042011823809      +\-   2.1400937461816009E-004
 precision:   6.5520343922862448E-005
 max=   4.6335158296860053     
 min=   0.0000000000000000     
       n_pass,     n_total
       40000       40010
 max=   4.6335158296860053     
 min=   0.0000000000000000     
       n_pass,     n_total
       50000       50010
 ITERATION            3 :
   3.2659807237463427      +\-   1.8295908926829957E-004
 precision:   5.6019647617035160E-005
 max=   4.6360598040704364     
 min=   0.0000000000000000     
       n_pass,     n_total
       60000       60033
 max=   4.6360598040704364     
 min=   0.0000000000000000     
       n_pass,     n_total
       70000       70033
 ITERATION            4 :
   3.2660729022595634      +\-   1.4391796604887189E-004
 precision:   4.4064529591273142E-005
 max=   4.6360727930558747     
 min=   0.0000000000000000     
       n_pass,     n_total
       80000       80066
 max=   4.6360727930558747     
 min=   0.0000000000000000     
       n_pass,     n_total
       90000       90066
 ITERATION            5 :
   3.2661794602685856      +\-   1.2025805597295552E-004
 precision:   3.6819181994080147E-005
 max=   4.6360727930558747     
 min=   0.0000000000000000     
       n_pass,     n_total
      100000      100111
 max=   4.6360727930558747     
 min=   0.0000000000000000     
       n_pass,     n_total
      110000      110111
 ITERATION            6 :
   3.2661447703838689      +\-   1.0674766057901982E-004
 precision:   3.2683076863881266E-005
 max=   4.6360835465866002     
 min=   0.0000000000000000     
       n_pass,     n_total
      120000      120155
 max=   4.6360835465866002     
 min=   0.0000000000000000     
       n_pass,     n_total
      130000      130155
 ITERATION            7 :
   3.2663074662289713      +\-   1.0557343982632021E-004
 precision:   3.2321954046845205E-005
 max=   4.6360835465866002     
 min=   0.0000000000000000     
       n_pass,     n_total
      140000      140214
 max=   4.6360835465866002     
 min=   0.0000000000000000     
       n_pass,     n_total
      150000      150214
 ITERATION            8 :
   3.2660493074911883      +\-   1.0502117063391724E-004
 precision:   3.2155414920722407E-005
 max=   4.6360835465866002     
 min=   0.0000000000000000     
       n_pass,     n_total
      160000      160285
 max=   4.6360835465866002     
 min=   0.0000000000000000     
       n_pass,     n_total
      170000      170285
 ITERATION            9 :
   3.2662009380255967      +\-   1.0126106955339891E-004
 precision:   3.1002706653623935E-005
 max=   4.6360835465866002     
 min=   0.0000000000000000     
       n_pass,     n_total
      180000      180360
 max=   4.6360835465866002     
 min=   0.0000000000000000     
       n_pass,     n_total
      190000      190360
 ITERATION           10 :
   3.2662171279752696      +\-   1.0383019099955440E-004
 precision:   3.1789126972069615E-005
 ====================NCALL=40K ===========================
  
 max=   4.6360835465866002     
 min=   0.0000000000000000     
       n_pass,     n_total
      200000      200509
 max=   4.6360835465866002     
 min=   0.0000000000000000     
       n_pass,     n_total
      210000      210509
 max=   4.6360835465866002     
 min=   0.0000000000000000     
       n_pass,     n_total
      220000      220509
 max=   4.6360835465866002     
 min=   0.0000000000000000     
       n_pass,     n_total
      230000      230509
   3.2661904917246463      +\-   5.2790538861851232E-005
 precision:   1.6162725044850722E-005
 ====================NCALL=80K ===========================
  
 max=   4.6360835465866002     
 min=   0.0000000000000000     
       n_pass,     n_total
      240000      240869
 max=   4.6360835465866002     
 min=   0.0000000000000000     
       n_pass,     n_total
      250000      250869
 max=   4.6360835465866002     
 min=   0.0000000000000000     
       n_pass,     n_total
      260000      260869
 max=   4.6360835465866002     
 min=   0.0000000000000000     
       n_pass,     n_total
      270000      270869
 max=   4.6360835465866002     
 min=   0.0000000000000000     
       n_pass,     n_total
      280000      280869
 max=   4.6360835465866002     
 min=   0.0000000000000000     
       n_pass,     n_total
      290000      290869
 max=   4.6360835465866002     
 min=   0.0000000000000000     
       n_pass,     n_total
      300000      300869
 max=   4.6360835465866002     
 min=   0.0000000000000000     
       n_pass,     n_total
      310000      310869
   3.2661256738816484      +\-   2.5566974699472943E-005
 precision:   7.8279212903304199E-006
 sigma (pb)                   sd (pb)
   3.2661256738816484        2.5566974699472943E-005
