 =======================================================
 |                                                     |
 |         \/\/\/\/\/\___________/\/\/\/\/\/           |
 |                   |     \     |                     |
 |                   |     /     |                     |
 |                   |     \     |                     |
 |         /\/\/\/\/\|_____/_____|/\/\/\/\/\           |
 |                                                     |
 | Light-by-light scattering at next-to-leading order  |
 |                   (VERSION 0.5)                     |
 |                                                     |
 |    Authors:                                         |
 |            Ajjath A.H. (LPTHE Paris)                |
 |            Ekta Chaubey (Bonn)                      |
 |            Mathijs Fraaije (Bern)                   |
 |            Valentin Hirschi (Bern)                  |
 |            Hua-Sheng Shao (LPTHE Paris)             |
 |                                                     |
 |    Please cite                                      |
 |            PLB 851 (2024) 138555 [arXiv:2312.16956] |
 |            JHEP 03 (2024) 121    [arXiv:2312.16966] |
 |                                                     |
 =======================================================
 ---------------------------------------------------
         the cuts in the lab frame                  
 min transverse momentum of photon    0.0000000000000000     
 max (pseudo-)rapidity of photon    5.0000000000000000     
 min (pseudo-)rapidity of photon   -5.0000000000000000     
 min invariant mass of di-photon    0.0000000000000000     
 ---------------------------------------------------
 max=   5744.2016423371042     
 min=   0.0000000000000000     
       n_pass,     n_total
       10000       10000
  
 ====================NCALL=20K===========================
  
 ITERATION            1 :
   168.55927721686149      +\-  0.66570378163017507     
 precision:   3.9493749179625856E-003
 WARNING: outside the range of the grid (xs,xt)=   2.9769124526620616       -2.9767736922864101     
 WARNING: set the 2-loop amplitudes to zero
 WARNING: outside the range of the grid (xs,xt)=   2.8899999999999988       -2.8898652908031344     
 WARNING: set the 2-loop amplitudes to zero
 WARNING: outside the range of the grid (xs,xt)=   1.3914369012911285       -1.3913720433854329     
 WARNING: set the 2-loop amplitudes to zero
 WARNING: outside the range of the grid (xs,xt)=  0.14848177777777774      -0.14847485671859662     
 WARNING: set the 2-loop amplitudes to zero
 WARNING: outside the range of the grid (xs,xt)=   1.4807047091412739E-002  -1.4806356902685537E-002
 WARNING: set the 2-loop amplitudes to zero
 INFO: will suppress the further warning
 max=   6612.0618918000373     
 min=   0.0000000000000000     
       n_pass,     n_total
       20000       20007
 max=   6612.0618918000373     
 min=   0.0000000000000000     
       n_pass,     n_total
       30000       30007
 ITERATION            2 :
   167.81934123594095      +\-  0.18005993640975138     
 precision:   1.0729391206261566E-003
 max=   6612.0618918000373     
 min=   0.0000000000000000     
       n_pass,     n_total
       40000       40040
 max=   6612.0618918000373     
 min=   0.0000000000000000     
       n_pass,     n_total
       50000       50040
 ITERATION            3 :
   167.65547867558863      +\-   6.9105712174538286E-002
 precision:   4.1218880957810526E-004
 max=   6620.7758622531401     
 min=   0.0000000000000000     
       n_pass,     n_total
       60000       60145
 max=   6620.7758622531401     
 min=   0.0000000000000000     
       n_pass,     n_total
       70000       70145
 ITERATION            4 :
   167.71836914694870      +\-   4.9323886551326850E-002
 precision:   2.9408756358768943E-004
 max=   6634.6900993554291     
 min=   0.0000000000000000     
       n_pass,     n_total
       80000       80381
 max=   6634.6900993554291     
 min=   0.0000000000000000     
       n_pass,     n_total
       90000       90381
 ITERATION            5 :
   167.69833870254075      +\-   3.6933766679439789E-002
 precision:   2.2023931164250833E-004
 max=   6634.6900993554291     
 min=   0.0000000000000000     
       n_pass,     n_total
      100000      100734
 max=   6634.6900993554291     
 min=   0.0000000000000000     
       n_pass,     n_total
      110000      110734
 ITERATION            6 :
   167.70766242418713      +\-   3.1499673491495066E-002
 precision:   1.8782489145798337E-004
 max=   6652.1708387659110     
 min=   0.0000000000000000     
       n_pass,     n_total
      120000      121042
 max=   6652.1708387659110     
 min=   0.0000000000000000     
       n_pass,     n_total
      130000      131042
 ITERATION            7 :
   167.77754499814938      +\-   3.0612139123324323E-002
 precision:   1.8245671149653538E-004
 max=   6652.1708387659110     
 min=   0.0000000000000000     
       n_pass,     n_total
      140000      141493
 max=   6652.1708387659110     
 min=   0.0000000000000000     
       n_pass,     n_total
      150000      151493
 ITERATION            8 :
   167.66951422828944      +\-   2.8547793423617726E-002
 precision:   1.7026227788045383E-004
 max=   6653.5963497064704     
 min=   0.0000000000000000     
       n_pass,     n_total
      160000      161872
 max=   6653.5963497064704     
 min=   0.0000000000000000     
       n_pass,     n_total
      170000      171872
 ITERATION            9 :
   167.70027143974909      +\-   2.9820365412441433E-002
 precision:   1.7781942245189040E-004
 max=   6653.5963497064704     
 min=   0.0000000000000000     
       n_pass,     n_total
      180000      182242
 max=   6653.5963497064704     
 min=   0.0000000000000000     
       n_pass,     n_total
      190000      192242
 ITERATION           10 :
   167.76582109346143      +\-   2.8725012707922638E-002
 precision:   1.7122088707162880E-004
 ====================NCALL=40K ===========================
  
 max=   6653.5963497064704     
 min=   0.0000000000000000     
       n_pass,     n_total
      200000      202793
 max=   6653.5963497064704     
 min=   0.0000000000000000     
       n_pass,     n_total
      210000      212793
 max=   6653.5963497064704     
 min=   0.0000000000000000     
       n_pass,     n_total
      220000      222793
 max=   6653.5963497064704     
 min=   0.0000000000000000     
       n_pass,     n_total
      230000      232793
   167.73308738543619      +\-   1.4538424226234895E-002
 precision:   8.6675947201918767E-005
 ====================NCALL=80K ===========================
  
 max=   6656.4690286171326     
 min=   0.0000000000000000     
       n_pass,     n_total
      240000      244171
 max=   6656.4690286171326     
 min=   0.0000000000000000     
       n_pass,     n_total
      250000      254171
 max=   6656.4690286171326     
 min=   0.0000000000000000     
       n_pass,     n_total
      260000      264171
 max=   6656.4690286171326     
 min=   0.0000000000000000     
       n_pass,     n_total
      270000      274171
 max=   6656.4690286171326     
 min=   0.0000000000000000     
       n_pass,     n_total
      280000      284171
 max=   6656.4690286171326     
 min=   0.0000000000000000     
       n_pass,     n_total
      290000      294171
 max=   6656.4690286171326     
 min=   0.0000000000000000     
       n_pass,     n_total
      300000      304171
 max=   6656.4690286171326     
 min=   0.0000000000000000     
       n_pass,     n_total
      310000      314171
   167.71795858782150      +\-   7.5338642208288599E-003
 precision:   4.4919842122237206E-005
 sigma (pb)                   sd (pb)
   167.71795858782150        7.5338642208288599E-003
