 =======================================================
 |                                                     |
 |         \/\/\/\/\/\___________/\/\/\/\/\/           |
 |                   |     \     |                     |
 |                   |     /     |                     |
 |                   |     \     |                     |
 |         /\/\/\/\/\|_____/_____|/\/\/\/\/\           |
 |                                                     |
 | Light-by-light scattering at next-to-leading order  |
 |                   (VERSION 0.5)                     |
 |                                                     |
 |    Authors:                                         |
 |            Ajjath A.H. (LPTHE Paris)                |
 |            Ekta Chaubey (Bonn)                      |
 |            Mathijs Fraaije (Bern)                   |
 |            Valentin Hirschi (Bern)                  |
 |            Hua-Sheng Shao (LPTHE Paris)             |
 |                                                     |
 |    Please cite                                      |
 |            PLB 851 (2024) 138555 [arXiv:2312.16956] |
 |            JHEP 03 (2024) 121    [arXiv:2312.16966] |
 |                                                     |
 =======================================================
 ---------------------------------------------------
         the cuts in the lab frame                  
 min transverse momentum of photon    0.0000000000000000     
 max (pseudo-)rapidity of photon    5.0000000000000000     
 min (pseudo-)rapidity of photon   -5.0000000000000000     
 min invariant mass of di-photon    0.0000000000000000     
 ---------------------------------------------------
 WARNING: outside the range of the grid (xs,xt)=   3.0536938165114353       -3.0536937859948368     
 WARNING: set the 2-loop amplitudes to zero
 WARNING: outside the range of the grid (xs,xt)=   3.0537212203908339       -3.0537211898739618     
 WARNING: set the 2-loop amplitudes to zero
 max=   1333775467641678.2     
 min=   0.0000000000000000     
       n_pass,     n_total
       10000       10000
  
 ====================NCALL=20K===========================
  
 ITERATION            1 :
   122015320895.45959      +\-   86849533257.994080     
 precision:  0.71179203251372924     
 WARNING: outside the range of the grid (xs,xt)=   3.0537041928209385       -3.0537041623042369     
 WARNING: set the 2-loop amplitudes to zero
 WARNING: outside the range of the grid (xs,xt)=   3.0535962703732622       -3.0535962398576380     
 WARNING: set the 2-loop amplitudes to zero
 WARNING: outside the range of the grid (xs,xt)=   3.0537066788211296       -3.0537066483044031     
 WARNING: set the 2-loop amplitudes to zero
 INFO: will suppress the further warning
 max=   3143803219366990.5     
 min=   0.0000000000000000     
       n_pass,     n_total
       20000       20017
 max=   3143803219366990.5     
 min=   0.0000000000000000     
       n_pass,     n_total
       30000       30017
 ITERATION            2 :
   85970403396.726700      +\-   67165813527.626801     
 precision:  0.78126670195645631     
 max=   3449985056268251.5     
 min=   0.0000000000000000     
       n_pass,     n_total
       40000       40290
 max=   3449985056268251.5     
 min=   0.0000000000000000     
       n_pass,     n_total
       50000       50290
 ITERATION            3 :
   92961756610.206360      +\-   5764278918.2035980     
 precision:   6.2006992212652878E-002
 max=   3453858604100650.0     
 min=   0.0000000000000000     
       n_pass,     n_total
       60000       64781
 max=   3453858604100650.0     
 min=   0.0000000000000000     
       n_pass,     n_total
       70000       74781
 ITERATION            4 :
   100345001314.79407      +\-   267960334.31424308     
 precision:   2.6703904609420453E-003
 max=   3455077586710198.5     
 min=   0.0000000000000000     
       n_pass,     n_total
       80000       91344
 ITERATION            5 :
   100079108067.19345      +\-   43118739.412126102     
 precision:   4.3084655973528495E-004
 max=   3455077586710198.5     
 min=   0.0000000000000000     
       n_pass,     n_total
       90000      103102
 max=   3455077586710198.5     
 min=   0.0000000000000000     
       n_pass,     n_total
      100000      113102
 ITERATION            6 :
   100067074694.63272      +\-   14974533.738148425     
 precision:   1.4964496347919732E-004
 max=   3455080346086583.5     
 min=   0.0000000000000000     
       n_pass,     n_total
      110000      125500
 max=   3455080346086583.5     
 min=   0.0000000000000000     
       n_pass,     n_total
      120000      135500
 ITERATION            7 :
   100078987948.90572      +\-   10399543.261048341     
 precision:   1.0391335358384839E-004
 max=   3455080346086583.5     
 min=   0.0000000000000000     
       n_pass,     n_total
      130000      146333
 max=   3455080346086583.5     
 min=   0.0000000000000000     
       n_pass,     n_total
      140000      156333
 ITERATION            8 :
   100066034540.87550      +\-   8368725.5888159117     
 precision:   8.3632029861215404E-005
 max=   3455080346086583.5     
 min=   0.0000000000000000     
       n_pass,     n_total
      150000      167622
 ITERATION            9 :
   100070525835.49991      +\-   7716874.7770561315     
 precision:   7.7114362222313607E-005
 max=   3455080346086583.5     
 min=   0.0000000000000000     
       n_pass,     n_total
      160000      178809
 max=   3455080346086583.5     
 min=   0.0000000000000000     
       n_pass,     n_total
      170000      188809
 ITERATION           10 :
   99999922762.792313      +\-   23209502.939001068     
 precision:   2.3209520865386904E-004
 ====================NCALL=40K ===========================
  
 max=   3455080346086583.5     
 min=   0.0000000000000000     
       n_pass,     n_total
      180000      211311
 max=   3455080346086583.5     
 min=   0.0000000000000000     
       n_pass,     n_total
      190000      221311
 max=   3455080346086583.5     
 min=   0.0000000000000000     
       n_pass,     n_total
      200000      231311
   97006276775.408813      +\-   8202912.1415969618     
 precision:   8.4560632716463644E-005
 ====================NCALL=80K ===========================
  
 max=   3455087941526876.0     
 min=   0.0000000000000000     
       n_pass,     n_total
      210000      251776
 max=   3455087941526876.0     
 min=   0.0000000000000000     
       n_pass,     n_total
      220000      261776
 max=   3455087941526876.0     
 min=   0.0000000000000000     
       n_pass,     n_total
      230000      271776
 max=   3455087941526876.0     
 min=   0.0000000000000000     
       n_pass,     n_total
      240000      281776
 max=   3455087941526876.0     
 min=   0.0000000000000000     
       n_pass,     n_total
      250000      291776
 max=   3455087941526876.0     
 min=   0.0000000000000000     
       n_pass,     n_total
      260000      301776
 max=   3455087941526876.0     
 min=   0.0000000000000000     
       n_pass,     n_total
      270000      311776
   94166537769.888336      +\-   1594340.0510324847     
 precision:   1.6931067965231141E-005
 sigma (pb)                   sd (pb)
   94166537769.888336        1594340.0510324847     
