 =======================================================
 |                                                     |
 |         \/\/\/\/\/\___________/\/\/\/\/\/           |
 |                   |     \     |                     |
 |                   |     /     |                     |
 |                   |     \     |                     |
 |         /\/\/\/\/\|_____/_____|/\/\/\/\/\           |
 |                                                     |
 | Light-by-light scattering at next-to-leading order  |
 |                   (VERSION 0.5)                     |
 |                                                     |
 |    Authors:                                         |
 |            Ajjath A.H. (LPTHE Paris)                |
 |            Ekta Chaubey (Bonn)                      |
 |            Mathijs Fraaije (Bern)                   |
 |            Valentin Hirschi (Bern)                  |
 |            Hua-Sheng Shao (LPTHE Paris)             |
 |                                                     |
 |    Please cite                                      |
 |            PLB 851 (2024) 138555 [arXiv:2312.16956] |
 |            JHEP 03 (2024) 121    [arXiv:2312.16966] |
 |                                                     |
 =======================================================
 ---------------------------------------------------
         the cuts in the lab frame                  
 min transverse momentum of photon    0.0000000000000000     
 max (pseudo-)rapidity of photon    5.0000000000000000     
 min (pseudo-)rapidity of photon   -5.0000000000000000     
 min invariant mass of di-photon    0.0000000000000000     
 ---------------------------------------------------
 max=   6.0956090029733598E-007
 min=   0.0000000000000000     
       n_pass,     n_total
       10000       10000
  
 ====================NCALL=20K===========================
  
 ITERATION            1 :
   4.4222531443686672E-007 +\-   5.8044338995486108E-010
 precision:   1.3125512516035007E-003
 max=   3.2130306040694597E-006
 min=   0.0000000000000000     
       n_pass,     n_total
       20000       20001
 max=   3.2130306040694597E-006
 min=   0.0000000000000000     
       n_pass,     n_total
       30000       30001
 ITERATION            2 :
   4.4143436818402073E-007 +\-   5.5937994729900908E-010
 precision:   1.2671871236491954E-003
 max=   3.2161896993969491E-006
 min=   0.0000000000000000     
       n_pass,     n_total
       40000       40002
 max=   3.2161896993969491E-006
 min=   0.0000000000000000     
       n_pass,     n_total
       50000       50002
 ITERATION            3 :
   4.4129257300574693E-007 +\-   4.6200934129378539E-010
 precision:   1.0469456536440931E-003
 max=   3.2161896993969491E-006
 min=   0.0000000000000000     
       n_pass,     n_total
       60000       60005
 max=   3.2161896993969491E-006
 min=   0.0000000000000000     
       n_pass,     n_total
       70000       70005
 ITERATION            4 :
   4.4172425668318935E-007 +\-   4.2871924915174832E-010
 precision:   9.7055853887424530E-004
 max=   3.2162371876495389E-006
 min=   0.0000000000000000     
       n_pass,     n_total
       80000       80012
 max=   3.2162371876495389E-006
 min=   0.0000000000000000     
       n_pass,     n_total
       90000       90012
 ITERATION            5 :
   4.4112350904990463E-007 +\-   4.3098146085684009E-010
 precision:   9.7700859739960691E-004
 max=   3.2171767738226403E-006
 min=   0.0000000000000000     
       n_pass,     n_total
      100000      100018
 max=   3.2171767738226403E-006
 min=   0.0000000000000000     
       n_pass,     n_total
      110000      110018
 ITERATION            6 :
   4.4121185924955791E-007 +\-   4.1488638220086762E-010
 precision:   9.4033370477968027E-004
 max=   3.2171767738226403E-006
 min=   0.0000000000000000     
       n_pass,     n_total
      120000      120027
 max=   3.2171767738226403E-006
 min=   0.0000000000000000     
       n_pass,     n_total
      130000      130027
 ITERATION            7 :
   4.4141614465406760E-007 +\-   4.0923455786265390E-010
 precision:   9.2709467657411124E-004
 max=   3.2171767738226403E-006
 min=   0.0000000000000000     
       n_pass,     n_total
      140000      140044
 max=   3.2171767738226403E-006
 min=   0.0000000000000000     
       n_pass,     n_total
      150000      150044
 ITERATION            8 :
   4.4077365342571057E-007 +\-   4.3524087160905089E-010
 precision:   9.8744756685509977E-004
 max=   3.2172044794331457E-006
 min=   0.0000000000000000     
       n_pass,     n_total
      160000      160056
 max=   3.2172044794331457E-006
 min=   0.0000000000000000     
       n_pass,     n_total
      170000      170056
 ITERATION            9 :
   4.4076456907558090E-007 +\-   4.6128286783870020E-010
 precision:   1.0465516064645406E-003
 max=   3.2173896139992153E-006
 min=   0.0000000000000000     
       n_pass,     n_total
      180000      180065
 max=   3.2173896139992153E-006
 min=   0.0000000000000000     
       n_pass,     n_total
      190000      190065
 ITERATION           10 :
   4.4054813982785801E-007 +\-   4.4238921375681664E-010
 precision:   1.0041790527811059E-003
 ====================NCALL=40K ===========================
  
 max=   3.2173896139992153E-006
 min=   0.0000000000000000     
       n_pass,     n_total
      200000      200073
 max=   3.2173896139992153E-006
 min=   0.0000000000000000     
       n_pass,     n_total
      210000      210073
 max=   3.2173896139992153E-006
 min=   0.0000000000000000     
       n_pass,     n_total
      220000      220073
 max=   3.2173896139992153E-006
 min=   0.0000000000000000     
       n_pass,     n_total
      230000      230073
   4.4147860880723498E-007 +\-   2.4957582508485016E-010
 precision:   5.6531804736619461E-004
 ====================NCALL=80K ===========================
  
 max=   3.2173896139992153E-006
 min=   0.0000000000000000     
       n_pass,     n_total
      240000      240092
 max=   3.2173896139992153E-006
 min=   0.0000000000000000     
       n_pass,     n_total
      250000      250092
 max=   3.2173896139992153E-006
 min=   0.0000000000000000     
       n_pass,     n_total
      260000      260092
 max=   3.2173896139992153E-006
 min=   0.0000000000000000     
       n_pass,     n_total
      270000      270092
 max=   3.2173896139992153E-006
 min=   0.0000000000000000     
       n_pass,     n_total
      280000      280092
 max=   3.2173896139992153E-006
 min=   0.0000000000000000     
       n_pass,     n_total
      290000      290092
 max=   3.2173896139992153E-006
 min=   0.0000000000000000     
       n_pass,     n_total
      300000      300092
 max=   3.2173896139992153E-006
 min=   0.0000000000000000     
       n_pass,     n_total
      310000      310092
   4.4104487960691981E-007 +\-   1.2502005459400433E-010
 precision:   2.8346333984293880E-004
 sigma (pb)                   sd (pb)
   4.4104487960691981E-007   1.2502005459400433E-010
