 =======================================================
 |                                                     |
 |         \/\/\/\/\/\___________/\/\/\/\/\/           |
 |                   |     \     |                     |
 |                   |     /     |                     |
 |                   |     \     |                     |
 |         /\/\/\/\/\|_____/_____|/\/\/\/\/\           |
 |                                                     |
 | Light-by-light scattering at next-to-leading order  |
 |                   (VERSION 0.5)                     |
 |                                                     |
 |    Authors:                                         |
 |            Ajjath A.H. (LPTHE Paris)                |
 |            Ekta Chaubey (Bonn)                      |
 |            Mathijs Fraaije (Bern)                   |
 |            Valentin Hirschi (Bern)                  |
 |            Hua-Sheng Shao (LPTHE Paris)             |
 |                                                     |
 |    Please cite                                      |
 |            PLB 851 (2024) 138555 [arXiv:2312.16956] |
 |            JHEP 03 (2024) 121    [arXiv:2312.16966] |
 |                                                     |
 =======================================================
 ---------------------------------------------------
         the cuts in the lab frame                  
 min transverse momentum of photon    0.0000000000000000     
 max (pseudo-)rapidity of photon    5.0000000000000000     
 min (pseudo-)rapidity of photon   -5.0000000000000000     
 min invariant mass of di-photon    0.0000000000000000     
 ---------------------------------------------------
 max=   3055232.5660409220     
 min=   0.0000000000000000     
       n_pass,     n_total
       10000       10000
  
 ====================NCALL=20K===========================
  
 ITERATION            1 :
   1097058.1410235681      +\-   160.46470413410549     
 precision:   1.4626818591801345E-004
 max=   3055232.5660409220     
 min=   0.0000000000000000     
       n_pass,     n_total
       20000       20002
 max=   3055232.5660409220     
 min=   0.0000000000000000     
       n_pass,     n_total
       30000       30002
 ITERATION            2 :
   1096771.6561773862      +\-   110.43168020341319     
 precision:   1.0068794136083377E-004
 WARNING: outside the range of the grid (xs,xt)=   47.720788446735433       -47.718492935783928     
 WARNING: set the 2-loop amplitudes to zero
 WARNING: outside the range of the grid (xs,xt)=   47.720788446735433       -47.718526903102344     
 WARNING: set the 2-loop amplitudes to zero
 max=   3367227.8300367128     
 min=   0.0000000000000000     
       n_pass,     n_total
       40000       40010
 max=   3367227.8300367128     
 min=   0.0000000000000000     
       n_pass,     n_total
       50000       50010
 WARNING: outside the range of the grid (xs,xt)=   47.720788446735433       -2.2262855575513585E-003
 WARNING: set the 2-loop amplitudes to zero
 ITERATION            3 :
   1096557.8801766650      +\-   109.54073904585319     
 precision:   9.9895081715344769E-005
 max=   3868077.3481831281     
 min=   0.0000000000000000     
       n_pass,     n_total
       60000       60033
 max=   3868077.3481831281     
 min=   0.0000000000000000     
       n_pass,     n_total
       70000       70033
 ITERATION            4 :
   1096509.5651793717      +\-   106.34779372817809     
 precision:   9.6987565914011207E-005
 max=   3868077.3481831281     
 min=   0.0000000000000000     
       n_pass,     n_total
       80000       80060
 max=   3868077.3481831281     
 min=   0.0000000000000000     
       n_pass,     n_total
       90000       90060
 WARNING: outside the range of the grid (xs,xt)=   47.720788446735433       -2.2927126256055337E-003
 WARNING: set the 2-loop amplitudes to zero
 ITERATION            5 :
   1096605.3521920387      +\-   95.876972038392793     
 precision:   8.7430698607061626E-005
 WARNING: outside the range of the grid (xs,xt)=   47.720788446735433       -47.718558415313275     
 WARNING: set the 2-loop amplitudes to zero
 INFO: will suppress the further warning
 max=   3868077.3481831281     
 min=   0.0000000000000000     
       n_pass,     n_total
      100000      100091
 max=   3868077.3481831281     
 min=   0.0000000000000000     
       n_pass,     n_total
      110000      110091
 ITERATION            6 :
   1096561.4259865407      +\-   90.317266692790867     
 precision:   8.2364074234633373E-005
 max=   3868077.3481831281     
 min=   0.0000000000000000     
       n_pass,     n_total
      120000      120122
 max=   3868077.3481831281     
 min=   0.0000000000000000     
       n_pass,     n_total
      130000      130122
 ITERATION            7 :
   1096668.7021134442      +\-   88.852076308539395     
 precision:   8.1019979996974648E-005
 max=   3868077.3481831281     
 min=   0.0000000000000000     
       n_pass,     n_total
      140000      140159
 max=   3868077.3481831281     
 min=   0.0000000000000000     
       n_pass,     n_total
      150000      150159
 ITERATION            8 :
   1096409.4528582520      +\-   87.942589901477902     
 precision:   8.0209623943152425E-005
 max=   3868077.3481831281     
 min=   0.0000000000000000     
       n_pass,     n_total
      160000      160207
 max=   3868077.3481831281     
 min=   0.0000000000000000     
       n_pass,     n_total
      170000      170207
 ITERATION            9 :
   1096554.5903500372      +\-   86.670915443373474     
 precision:   7.9039307487378970E-005
 max=   3868077.3481831281     
 min=   0.0000000000000000     
       n_pass,     n_total
      180000      180249
 max=   3868077.3481831281     
 min=   0.0000000000000000     
       n_pass,     n_total
      190000      190249
 ITERATION           10 :
   1096671.8280391186      +\-   86.275791486764817     
 precision:   7.8670564229801055E-005
 ====================NCALL=40K ===========================
  
 max=   3868077.3481831281     
 min=   0.0000000000000000     
       n_pass,     n_total
      200000      200335
 max=   3868077.3481831281     
 min=   0.0000000000000000     
       n_pass,     n_total
      210000      210335
 max=   3868077.3481831281     
 min=   0.0000000000000000     
       n_pass,     n_total
      220000      220335
 max=   3868077.3481831281     
 min=   0.0000000000000000     
       n_pass,     n_total
      230000      230335
   1096610.6852643786      +\-   44.228043753579477     
 precision:   4.0331581980633970E-005
 ====================NCALL=80K ===========================
  
 max=   3868077.3481831281     
 min=   0.0000000000000000     
       n_pass,     n_total
      240000      240557
 max=   3868077.3481831281     
 min=   0.0000000000000000     
       n_pass,     n_total
      250000      250557
 max=   3868077.3481831281     
 min=   0.0000000000000000     
       n_pass,     n_total
      260000      260557
 max=   3868077.3481831281     
 min=   0.0000000000000000     
       n_pass,     n_total
      270000      270557
 max=   3868077.3481831281     
 min=   0.0000000000000000     
       n_pass,     n_total
      280000      280557
 max=   3868077.3481831281     
 min=   0.0000000000000000     
       n_pass,     n_total
      290000      290557
 max=   3868077.3481831281     
 min=   0.0000000000000000     
       n_pass,     n_total
      300000      300557
 max=   3868077.3481831281     
 min=   0.0000000000000000     
       n_pass,     n_total
      310000      310557
   1096546.9746814840      +\-   22.934537844404971     
 precision:   2.0915235164518882E-005
 sigma (pb)                   sd (pb)
   1096546.9746814840        22.934537844404971     
