 =======================================================
 |                                                     |
 |         \/\/\/\/\/\___________/\/\/\/\/\/           |
 |                   |     \     |                     |
 |                   |     /     |                     |
 |                   |     \     |                     |
 |         /\/\/\/\/\|_____/_____|/\/\/\/\/\           |
 |                                                     |
 | Light-by-light scattering at next-to-leading order  |
 |                   (VERSION 0.5)                     |
 |                                                     |
 |    Authors:                                         |
 |            Ajjath A.H. (LPTHE Paris)                |
 |            Ekta Chaubey (Bonn)                      |
 |            Mathijs Fraaije (Bern)                   |
 |            Valentin Hirschi (Bern)                  |
 |            Hua-Sheng Shao (LPTHE Paris)             |
 |                                                     |
 |    Please cite                                      |
 |            PLB 851 (2024) 138555 [arXiv:2312.16956] |
 |            JHEP 03 (2024) 121    [arXiv:2312.16966] |
 |                                                     |
 =======================================================
 ---------------------------------------------------
         the cuts in the lab frame                  
 min transverse momentum of photon    0.0000000000000000     
 max (pseudo-)rapidity of photon    5.0000000000000000     
 min (pseudo-)rapidity of photon   -5.0000000000000000     
 min invariant mass of di-photon    0.0000000000000000     
 ---------------------------------------------------
 max=   2.8241095085163661E-006
 min=   0.0000000000000000     
       n_pass,     n_total
       10000       10000
  
 ====================NCALL=20K===========================
  
 ITERATION            1 :
   1.1047909945298591E-006 +\-   7.0421926227341749E-010
 precision:   6.3742306532204869E-004
 max=   2.8241095085163661E-006
 min=   0.0000000000000000     
       n_pass,     n_total
       20000       20001
 max=   2.8241095085163661E-006
 min=   0.0000000000000000     
       n_pass,     n_total
       30000       30001
 ITERATION            2 :
   1.1038067860194527E-006 +\-   5.4618505361091813E-010
 precision:   4.9481943808351669E-004
 max=   2.8243742590421728E-006
 min=   0.0000000000000000     
       n_pass,     n_total
       40000       40001
 max=   2.8243742590421728E-006
 min=   0.0000000000000000     
       n_pass,     n_total
       50000       50001
 ITERATION            3 :
   1.1036993603155320E-006 +\-   3.5587632983593499E-010
 precision:   3.2243955431322802E-004
 max=   2.8243742590421728E-006
 min=   0.0000000000000000     
       n_pass,     n_total
       60000       60001
 max=   2.8243742590421728E-006
 min=   0.0000000000000000     
       n_pass,     n_total
       70000       70001
 ITERATION            4 :
   1.1031116431091979E-006 +\-   3.4719196481305794E-010
 precision:   3.1473873653846396E-004
 max=   2.8243742590421728E-006
 min=   0.0000000000000000     
       n_pass,     n_total
       80000       80002
 max=   2.8243742590421728E-006
 min=   0.0000000000000000     
       n_pass,     n_total
       90000       90002
 ITERATION            5 :
   1.1028761505118132E-006 +\-   3.9082957175244006E-010
 precision:   3.5437303778041373E-004
 max=   2.8243742590421728E-006
 min=   0.0000000000000000     
       n_pass,     n_total
      100000      100003
 max=   2.8243742590421728E-006
 min=   0.0000000000000000     
       n_pass,     n_total
      110000      110003
 ITERATION            6 :
   1.1032281586483018E-006 +\-   3.3226238942297276E-010
 precision:   3.0117286874735649E-004
 max=   2.8243742590421728E-006
 min=   0.0000000000000000     
       n_pass,     n_total
      120000      120006
 max=   2.8243742590421728E-006
 min=   0.0000000000000000     
       n_pass,     n_total
      130000      130006
 ITERATION            7 :
   1.1027898931625438E-006 +\-   3.5560771032894394E-010
 precision:   3.2246188737651929E-004
 max=   2.8243742590421728E-006
 min=   0.0000000000000000     
       n_pass,     n_total
      140000      140008
 max=   2.8243742590421728E-006
 min=   0.0000000000000000     
       n_pass,     n_total
      150000      150008
 ITERATION            8 :
   1.1024403521897181E-006 +\-   4.1015257302462060E-010
 precision:   3.7204060265932443E-004
 max=   2.8243742590421728E-006
 min=   0.0000000000000000     
       n_pass,     n_total
      160000      160013
 max=   2.8243742590421728E-006
 min=   0.0000000000000000     
       n_pass,     n_total
      170000      170013
 ITERATION            9 :
   1.1023134964771013E-006 +\-   3.6363288076236793E-010
 precision:   3.2988154633369472E-004
 max=   2.8243742590421728E-006
 min=   0.0000000000000000     
       n_pass,     n_total
      180000      180016
 max=   2.8243742590421728E-006
 min=   0.0000000000000000     
       n_pass,     n_total
      190000      190016
 ITERATION           10 :
   1.1031301453021960E-006 +\-   3.1473604182109362E-010
 precision:   2.8531179495133236E-004
 ====================NCALL=40K ===========================
  
 max=   2.8243742590421728E-006
 min=   0.0000000000000000     
       n_pass,     n_total
      200000      200019
 max=   2.8243742590421728E-006
 min=   0.0000000000000000     
       n_pass,     n_total
      210000      210019
 max=   2.8243742590421728E-006
 min=   0.0000000000000000     
       n_pass,     n_total
      220000      220019
 max=   2.8243742590421728E-006
 min=   0.0000000000000000     
       n_pass,     n_total
      230000      230019
   1.1032664921057750E-006 +\-   2.1806208233200553E-010
 precision:   1.9765132349464933E-004
 ====================NCALL=80K ===========================
  
 max=   2.8244148385619363E-006
 min=   0.0000000000000000     
       n_pass,     n_total
      240000      240027
 max=   2.8244148385619363E-006
 min=   0.0000000000000000     
       n_pass,     n_total
      250000      250027
 max=   2.8244148385619363E-006
 min=   0.0000000000000000     
       n_pass,     n_total
      260000      260027
 max=   2.8244148385619363E-006
 min=   0.0000000000000000     
       n_pass,     n_total
      270000      270027
 max=   2.8244148385619363E-006
 min=   0.0000000000000000     
       n_pass,     n_total
      280000      280027
 max=   2.8244148385619363E-006
 min=   0.0000000000000000     
       n_pass,     n_total
      290000      290027
 max=   2.8244148385619363E-006
 min=   0.0000000000000000     
       n_pass,     n_total
      300000      300027
 max=   2.8244148385619363E-006
 min=   0.0000000000000000     
       n_pass,     n_total
      310000      310027
   1.1031541255307511E-006 +\-   1.3592952554566876E-010
 precision:   1.2321897946968214E-004
 sigma (pb)                   sd (pb)
   1.1031541255307511E-006   1.3592952554566876E-010
