 =======================================================
 |                                                     |
 |         \/\/\/\/\/\___________/\/\/\/\/\/           |
 |                   |     \     |                     |
 |                   |     /     |                     |
 |                   |     \     |                     |
 |         /\/\/\/\/\|_____/_____|/\/\/\/\/\           |
 |                                                     |
 | Light-by-light scattering at next-to-leading order  |
 |                   (VERSION 0.5)                     |
 |                                                     |
 |    Authors:                                         |
 |            Ajjath A.H. (LPTHE Paris)                |
 |            Ekta Chaubey (Bonn)                      |
 |            Mathijs Fraaije (Bern)                   |
 |            Valentin Hirschi (Bern)                  |
 |            Hua-Sheng Shao (LPTHE Paris)             |
 |                                                     |
 |    Please cite                                      |
 |            PLB 851 (2024) 138555 [arXiv:2312.16956] |
 |            JHEP 03 (2024) 121    [arXiv:2312.16966] |
 |                                                     |
 =======================================================
 ---------------------------------------------------
         the cuts in the lab frame                  
 min transverse momentum of photon    0.0000000000000000     
 max (pseudo-)rapidity of photon    5.0000000000000000     
 min (pseudo-)rapidity of photon   -5.0000000000000000     
 min invariant mass of di-photon    0.0000000000000000     
 ---------------------------------------------------
 WARNING: outside the range of the grid (xs,xt)=  0.12293066167270932      -0.12293066044343570     
 WARNING: set the 2-loop amplitudes to zero
 WARNING: outside the range of the grid (xs,xt)=  0.12278231891362912      -0.12278231768583880     
 WARNING: set the 2-loop amplitudes to zero
 WARNING: outside the range of the grid (xs,xt)=  0.12302501952340952      -0.12302501829319237     
 WARNING: set the 2-loop amplitudes to zero
 WARNING: outside the range of the grid (xs,xt)=  0.12308039431916178      -0.12308039308839090     
 WARNING: set the 2-loop amplitudes to zero
 WARNING: outside the range of the grid (xs,xt)=  0.12297003662039419      -0.12297003539072685     
 WARNING: set the 2-loop amplitudes to zero
 INFO: will suppress the further warning
 max=   6.2809349641668160     
 min=   0.0000000000000000     
       n_pass,     n_total
       10000       10000
  
 ====================NCALL=20K===========================
  
 ITERATION            1 :
   4.4528693429411152      +\-   1.4092355790328143E-004
 precision:   3.1647808873323367E-005
 max=   6.3008249673006498     
 min=   0.0000000000000000     
       n_pass,     n_total
       20000       20002
 max=   6.3008249673006498     
 min=   0.0000000000000000     
       n_pass,     n_total
       30000       30002
 ITERATION            2 :
   4.4525522411104150      +\-   2.4964748774540513E-004
 precision:   5.6068401722591789E-005
 max=   6.3111738519096523     
 min=   0.0000000000000000     
       n_pass,     n_total
       40000       40012
 max=   6.3111738519096523     
 min=   0.0000000000000000     
       n_pass,     n_total
       50000       50012
 ITERATION            3 :
   4.4525568814788521      +\-   2.1950561919276468E-004
 precision:   4.9298779338639035E-005
 max=   6.3123242267379673     
 min=   0.0000000000000000     
       n_pass,     n_total
       60000       60038
 max=   6.3123242267379673     
 min=   0.0000000000000000     
       n_pass,     n_total
       70000       70038
 ITERATION            4 :
   4.4523587367681481      +\-   2.1287422648935605E-004
 precision:   4.7811562157247897E-005
 max=   6.3141326278092844     
 min=   0.0000000000000000     
       n_pass,     n_total
       80000       80064
 max=   6.3141326278092844     
 min=   0.0000000000000000     
       n_pass,     n_total
       90000       90064
 ITERATION            5 :
   4.4523381797471542      +\-   1.7778353929767161E-004
 precision:   3.9930376382094103E-005
 max=   6.3152010264852700     
 min=   0.0000000000000000     
       n_pass,     n_total
      100000      100096
 max=   6.3152010264852700     
 min=   0.0000000000000000     
       n_pass,     n_total
      110000      110096
 ITERATION            6 :
   4.4522555867730436      +\-   1.5530334720713666E-004
 precision:   3.4881947853245145E-005
 max=   6.3153134865362581     
 min=   0.0000000000000000     
       n_pass,     n_total
      120000      120129
 max=   6.3153134865362581     
 min=   0.0000000000000000     
       n_pass,     n_total
      130000      130129
 ITERATION            7 :
   4.4524454352083653      +\-   1.4676486881499238E-004
 precision:   3.2962755175937172E-005
 max=   6.3153134865362581     
 min=   0.0000000000000000     
       n_pass,     n_total
      140000      140176
 max=   6.3153134865362581     
 min=   0.0000000000000000     
       n_pass,     n_total
      150000      150176
 ITERATION            8 :
   4.4520127453402658      +\-   1.4519948961997346E-004
 precision:   3.2614347245961426E-005
 max=   6.3153134865362581     
 min=   0.0000000000000000     
       n_pass,     n_total
      160000      160240
 max=   6.3153134865362581     
 min=   0.0000000000000000     
       n_pass,     n_total
      170000      170240
 ITERATION            9 :
   4.4523243652684794      +\-   1.3833245396648958E-004
 precision:   3.1069716089328097E-005
 max=   6.3153375186769027     
 min=   0.0000000000000000     
       n_pass,     n_total
      180000      180306
 max=   6.3153375186769027     
 min=   0.0000000000000000     
       n_pass,     n_total
      190000      190306
 ITERATION           10 :
   4.4524308964228938      +\-   1.3935202221103247E-004
 precision:   3.1297964067895721E-005
 ====================NCALL=40K ===========================
  
 max=   6.3153375186769027     
 min=   0.0000000000000000     
       n_pass,     n_total
      200000      200445
 max=   6.3153375186769027     
 min=   0.0000000000000000     
       n_pass,     n_total
      210000      210445
 max=   6.3153375186769027     
 min=   0.0000000000000000     
       n_pass,     n_total
      220000      220445
 max=   6.3153375186769027     
 min=   0.0000000000000000     
       n_pass,     n_total
      230000      230445
   4.4523064196907978      +\-   7.1409387004797343E-005
 precision:   1.6038740435514894E-005
 ====================NCALL=80K ===========================
  
 max=   6.3153375186769027     
 min=   0.0000000000000000     
       n_pass,     n_total
      240000      240792
 max=   6.3153375186769027     
 min=   0.0000000000000000     
       n_pass,     n_total
      250000      250792
 max=   6.3153375186769027     
 min=   0.0000000000000000     
       n_pass,     n_total
      260000      260792
 max=   6.3153375186769027     
 min=   0.0000000000000000     
       n_pass,     n_total
      270000      270792
 max=   6.3153375186769027     
 min=   0.0000000000000000     
       n_pass,     n_total
      280000      280792
 max=   6.3153375186769027     
 min=   0.0000000000000000     
       n_pass,     n_total
      290000      290792
 max=   6.3153375186769027     
 min=   0.0000000000000000     
       n_pass,     n_total
      300000      300792
 max=   6.3153375186769027     
 min=   0.0000000000000000     
       n_pass,     n_total
      310000      310792
   4.4522430712141654      +\-   3.4445412293428063E-005
 precision:   7.7366423491416645E-006
 sigma (pb)                   sd (pb)
   4.4522430712141654        3.4445412293428063E-005
