 =======================================================
 |                                                     |
 |         \/\/\/\/\/\___________/\/\/\/\/\/           |
 |                   |     \     |                     |
 |                   |     /     |                     |
 |                   |     \     |                     |
 |         /\/\/\/\/\|_____/_____|/\/\/\/\/\           |
 |                                                     |
 | Light-by-light scattering at next-to-leading order  |
 |                   (VERSION 0.5)                     |
 |                                                     |
 |    Authors:                                         |
 |            Ajjath A.H. (LPTHE Paris)                |
 |            Ekta Chaubey (Bonn)                      |
 |            Mathijs Fraaije (Bern)                   |
 |            Valentin Hirschi (Bern)                  |
 |            Hua-Sheng Shao (LPTHE Paris)             |
 |                                                     |
 |    Please cite                                      |
 |            PLB 851 (2024) 138555 [arXiv:2312.16956] |
 |            JHEP 03 (2024) 121    [arXiv:2312.16966] |
 |                                                     |
 =======================================================
 ---------------------------------------------------
         the cuts in the lab frame                  
 min transverse momentum of photon    0.0000000000000000     
 max (pseudo-)rapidity of photon    5.0000000000000000     
 min (pseudo-)rapidity of photon   -5.0000000000000000     
 min invariant mass of di-photon    0.0000000000000000     
 ---------------------------------------------------
 max=   4.2116209204555531E-006
 min=   0.0000000000000000     
       n_pass,     n_total
       10000       10000
  
 ====================NCALL=20K===========================
  
 ITERATION            1 :
   1.8749055392128692E-006 +\-   1.0162835262091797E-009
 precision:   5.4204518838631209E-004
 max=   4.2116209204555531E-006
 min=   0.0000000000000000     
       n_pass,     n_total
       20000       20001
 max=   4.2116209204555531E-006
 min=   0.0000000000000000     
       n_pass,     n_total
       30000       30001
 ITERATION            2 :
   1.8750987804235466E-006 +\-   5.5968067614394228E-010
 precision:   2.9848063578683670E-004
 max=   4.2120630649732211E-006
 min=   0.0000000000000000     
       n_pass,     n_total
       40000       40001
 max=   4.2120630649732211E-006
 min=   0.0000000000000000     
       n_pass,     n_total
       50000       50001
 ITERATION            3 :
   1.8751698434177097E-006 +\-   3.5693003379754267E-010
 precision:   1.9034544260108045E-004
 max=   4.2120630649732211E-006
 min=   0.0000000000000000     
       n_pass,     n_total
       60000       60002
 max=   4.2120630649732211E-006
 min=   0.0000000000000000     
       n_pass,     n_total
       70000       70002
 ITERATION            4 :
   1.8746789777749563E-006 +\-   3.1179931273627865E-010
 precision:   1.6632144299519010E-004
 max=   4.2120630649732211E-006
 min=   0.0000000000000000     
       n_pass,     n_total
       80000       80004
 max=   4.2120630649732211E-006
 min=   0.0000000000000000     
       n_pass,     n_total
       90000       90004
 ITERATION            5 :
   1.8743680826663704E-006 +\-   4.1344769838478090E-010
 precision:   2.2057977950447891E-004
 max=   4.2120630649732211E-006
 min=   0.0000000000000000     
       n_pass,     n_total
      100000      100007
 max=   4.2120630649732211E-006
 min=   0.0000000000000000     
       n_pass,     n_total
      110000      110007
 ITERATION            6 :
   1.8742053028894246E-006 +\-   3.6227734383431524E-010
 precision:   1.9329650987317108E-004
 max=   4.2120630649732211E-006
 min=   0.0000000000000000     
       n_pass,     n_total
      120000      120014
 max=   4.2120630649732211E-006
 min=   0.0000000000000000     
       n_pass,     n_total
      130000      130014
 ITERATION            7 :
   1.8738424261050688E-006 +\-   4.2069033448285947E-010
 precision:   2.2450678275936890E-004
 max=   4.2120630649732211E-006
 min=   0.0000000000000000     
       n_pass,     n_total
      140000      140022
 max=   4.2120630649732211E-006
 min=   0.0000000000000000     
       n_pass,     n_total
      150000      150022
 ITERATION            8 :
   1.8737952852707144E-006 +\-   4.5976486154225820E-010
 precision:   2.4536557710242834E-004
 max=   4.2120630649732211E-006
 min=   0.0000000000000000     
       n_pass,     n_total
      160000      160032
 max=   4.2120630649732211E-006
 min=   0.0000000000000000     
       n_pass,     n_total
      170000      170032
 ITERATION            9 :
   1.8741319645470076E-006 +\-   4.5325775385595407E-010
 precision:   2.4184943346052475E-004
 max=   4.2120630649732211E-006
 min=   0.0000000000000000     
       n_pass,     n_total
      180000      180037
 max=   4.2120630649732211E-006
 min=   0.0000000000000000     
       n_pass,     n_total
      190000      190037
 ITERATION           10 :
   1.8747361905261254E-006 +\-   3.7008597810261450E-010
 precision:   1.9740696316250964E-004
 ====================NCALL=40K ===========================
  
 max=   4.2120630649732211E-006
 min=   0.0000000000000000     
       n_pass,     n_total
      200000      200042
 max=   4.2120630649732211E-006
 min=   0.0000000000000000     
       n_pass,     n_total
      210000      210042
 max=   4.2120630649732211E-006
 min=   0.0000000000000000     
       n_pass,     n_total
      220000      220042
 max=   4.2120630649732211E-006
 min=   0.0000000000000000     
       n_pass,     n_total
      230000      230042
   1.8744908629708301E-006 +\-   2.2131690061551441E-010
 precision:   1.1806774041285815E-004
 ====================NCALL=80K ===========================
  
 max=   4.2120630649732211E-006
 min=   0.0000000000000000     
       n_pass,     n_total
      240000      240064
 max=   4.2120630649732211E-006
 min=   0.0000000000000000     
       n_pass,     n_total
      250000      250064
 max=   4.2120630649732211E-006
 min=   0.0000000000000000     
       n_pass,     n_total
      260000      260064
 max=   4.2120630649732211E-006
 min=   0.0000000000000000     
       n_pass,     n_total
      270000      270064
 max=   4.2120630649732211E-006
 min=   0.0000000000000000     
       n_pass,     n_total
      280000      280064
 max=   4.2120630649732211E-006
 min=   0.0000000000000000     
       n_pass,     n_total
      290000      290064
 max=   4.2120630649732211E-006
 min=   0.0000000000000000     
       n_pass,     n_total
      300000      300064
 max=   4.2120630649732211E-006
 min=   0.0000000000000000     
       n_pass,     n_total
      310000      310064
   1.8745555706037164E-006 +\-   1.2127549136875736E-010
 precision:   6.4695596796684760E-005
 sigma (pb)                   sd (pb)
   1.8745555706037164E-006   1.2127549136875736E-010
