 =======================================================
 |                                                     |
 |         \/\/\/\/\/\___________/\/\/\/\/\/           |
 |                   |     \     |                     |
 |                   |     /     |                     |
 |                   |     \     |                     |
 |         /\/\/\/\/\|_____/_____|/\/\/\/\/\           |
 |                                                     |
 | Light-by-light scattering at next-to-leading order  |
 |                   (VERSION 0.5)                     |
 |                                                     |
 |    Authors:                                         |
 |            Ajjath A.H. (LPTHE Paris)                |
 |            Ekta Chaubey (Bonn)                      |
 |            Mathijs Fraaije (Bern)                   |
 |            Valentin Hirschi (Bern)                  |
 |            Hua-Sheng Shao (LPTHE Paris)             |
 |                                                     |
 |    Please cite                                      |
 |            PLB 851 (2024) 138555 [arXiv:2312.16956] |
 |            JHEP 03 (2024) 121    [arXiv:2312.16966] |
 |                                                     |
 =======================================================
 ---------------------------------------------------
         the cuts in the lab frame                  
 min transverse momentum of photon    0.0000000000000000     
 max (pseudo-)rapidity of photon    5.0000000000000000     
 min (pseudo-)rapidity of photon   -5.0000000000000000     
 min invariant mass of di-photon    0.0000000000000000     
 ---------------------------------------------------
 max=   18.604555828406678     
 min=   0.0000000000000000     
       n_pass,     n_total
       10000       10000
  
 ====================NCALL=20K===========================
  
 ITERATION            1 :
  0.48610540097439864      +\-   2.4225523334129892E-003
 precision:   4.9835947688649032E-003
 WARNING: outside the range of the grid (xs,xt)=   8019.6034751615043       -8019.2175016829806     
 WARNING: set the 2-loop amplitudes to zero
 WARNING: outside the range of the grid (xs,xt)=   7785.4671280276798       -7785.0924232385169     
 WARNING: set the 2-loop amplitudes to zero
 WARNING: outside the range of the grid (xs,xt)=   3748.4381507705125       -3748.2577431335808     
 WARNING: set the 2-loop amplitudes to zero
 WARNING: outside the range of the grid (xs,xt)=   400.00000000000000       -399.98074850061010     
 WARNING: set the 2-loop amplitudes to zero
 WARNING: outside the range of the grid (xs,xt)=   39.889196675900280       -39.887276858786599     
 WARNING: set the 2-loop amplitudes to zero
 INFO: will suppress the further warning
 max=   21.647595351374896     
 min=   0.0000000000000000     
       n_pass,     n_total
       20000       20007
 max=   21.647595351374896     
 min=   0.0000000000000000     
       n_pass,     n_total
       30000       30007
 ITERATION            2 :
  0.48287491556939460      +\-   5.4743061359990462E-004
 precision:   1.1336903118158198E-003
 max=   21.647595351374896     
 min=   0.0000000000000000     
       n_pass,     n_total
       40000       40038
 max=   21.647595351374896     
 min=   0.0000000000000000     
       n_pass,     n_total
       50000       50038
 ITERATION            3 :
  0.48237792190609419      +\-   2.2934748591827756E-004
 precision:   4.7545187186847504E-004
 max=   21.745149500693657     
 min=   0.0000000000000000     
       n_pass,     n_total
       60000       60140
 max=   21.745149500693657     
 min=   0.0000000000000000     
       n_pass,     n_total
       70000       70140
 ITERATION            4 :
  0.48248508861250516      +\-   1.6467869200880640E-004
 precision:   3.4131353671960549E-004
 max=   21.748105229786063     
 min=   0.0000000000000000     
       n_pass,     n_total
       80000       80361
 max=   21.748105229786063     
 min=   0.0000000000000000     
       n_pass,     n_total
       90000       90361
 ITERATION            5 :
  0.48240595023502714      +\-   1.2892976806218315E-004
 precision:   2.6726405012079317E-004
 max=   22.332622425364043     
 min=   0.0000000000000000     
       n_pass,     n_total
      100000      100702
 max=   22.332622425364043     
 min=   0.0000000000000000     
       n_pass,     n_total
      110000      110702
 ITERATION            6 :
  0.48247471889407922      +\-   1.1197479865360131E-004
 precision:   2.3208428186717874E-004
 max=   22.357755556669272     
 min=   0.0000000000000000     
       n_pass,     n_total
      120000      120980
 max=   22.357755556669272     
 min=   0.0000000000000000     
       n_pass,     n_total
      130000      130980
 ITERATION            7 :
  0.48277910251423928      +\-   1.0928200397329351E-004
 precision:   2.2636026166867964E-004
 max=   22.357755556669272     
 min=   0.0000000000000000     
       n_pass,     n_total
      140000      141407
 max=   22.357755556669272     
 min=   0.0000000000000000     
       n_pass,     n_total
      150000      151407
 ITERATION            8 :
  0.48237258965000546      +\-   1.1803957282464301E-004
 precision:   2.4470621954346297E-004
 max=   22.357755556669272     
 min=   0.0000000000000000     
       n_pass,     n_total
      160000      161655
 max=   22.357755556669272     
 min=   0.0000000000000000     
       n_pass,     n_total
      170000      171655
 ITERATION            9 :
  0.48251205259934188      +\-   1.1025043046950916E-004
 precision:   2.2849259386491754E-004
 max=   22.357755556669272     
 min=   0.0000000000000000     
       n_pass,     n_total
      180000      182073
 max=   22.357755556669272     
 min=   0.0000000000000000     
       n_pass,     n_total
      190000      192073
 ITERATION           10 :
  0.48266180020624083      +\-   1.0118447918781162E-004
 precision:   2.0963846557688138E-004
 ====================NCALL=40K ===========================
  
 max=   22.357755556669272     
 min=   0.0000000000000000     
       n_pass,     n_total
      200000      202402
 max=   22.357755556669272     
 min=   0.0000000000000000     
       n_pass,     n_total
      210000      212402
 max=   22.357755556669272     
 min=   0.0000000000000000     
       n_pass,     n_total
      220000      222402
 max=   22.357755556669272     
 min=   0.0000000000000000     
       n_pass,     n_total
      230000      232402
  0.48258563944135235      +\-   6.3804785768161544E-005
 precision:   1.3221443108423788E-004
 ====================NCALL=80K ===========================
  
 max=   22.658129055184435     
 min=   0.0000000000000000     
       n_pass,     n_total
      240000      243978
 max=   22.658129055184435     
 min=   0.0000000000000000     
       n_pass,     n_total
      250000      253978
 max=   22.658129055184435     
 min=   0.0000000000000000     
       n_pass,     n_total
      260000      263978
 max=   22.658129055184435     
 min=   0.0000000000000000     
       n_pass,     n_total
      270000      273978
 max=   22.658129055184435     
 min=   0.0000000000000000     
       n_pass,     n_total
      280000      283978
 max=   22.658129055184435     
 min=   0.0000000000000000     
       n_pass,     n_total
      290000      293978
 max=   22.658129055184435     
 min=   0.0000000000000000     
       n_pass,     n_total
      300000      303978
 max=   22.658129055184435     
 min=   0.0000000000000000     
       n_pass,     n_total
      310000      313978
  0.48253568233326993      +\-   2.7305893725717639E-005
 precision:   5.6588340977566184E-005
 sigma (pb)                   sd (pb)
  0.48253568233326993        2.7305893725717639E-005
