 =======================================================
 |                                                     |
 |         \/\/\/\/\/\___________/\/\/\/\/\/           |
 |                   |     \     |                     |
 |                   |     /     |                     |
 |                   |     \     |                     |
 |         /\/\/\/\/\|_____/_____|/\/\/\/\/\           |
 |                                                     |
 | Light-by-light scattering at next-to-leading order  |
 |                   (VERSION 0.5)                     |
 |                                                     |
 |    Authors:                                         |
 |            Ajjath A.H. (LPTHE Paris)                |
 |            Ekta Chaubey (Bonn)                      |
 |            Mathijs Fraaije (Bern)                   |
 |            Valentin Hirschi (Bern)                  |
 |            Hua-Sheng Shao (LPTHE Paris)             |
 |                                                     |
 |    Please cite                                      |
 |            PLB 851 (2024) 138555 [arXiv:2312.16956] |
 |            JHEP 03 (2024) 121    [arXiv:2312.16966] |
 |                                                     |
 =======================================================
 ---------------------------------------------------
         the cuts in the lab frame                  
 min transverse momentum of photon    0.0000000000000000     
 max (pseudo-)rapidity of photon    5.0000000000000000     
 min (pseudo-)rapidity of photon   -5.0000000000000000     
 min invariant mass of di-photon    0.0000000000000000     
 ---------------------------------------------------
 WARNING: outside the range of the grid (xs,xt)=   9.9298443077363963E-002  -9.9298442084401056E-002
 WARNING: set the 2-loop amplitudes to zero
 WARNING: outside the range of the grid (xs,xt)=   9.9487467277486336E-002  -9.9487466282633261E-002
 WARNING: set the 2-loop amplitudes to zero
 WARNING: outside the range of the grid (xs,xt)=   9.9367413865351126E-002  -9.9367412871698521E-002
 WARNING: set the 2-loop amplitudes to zero
 WARNING: outside the range of the grid (xs,xt)=   9.9563830842573975E-002  -9.9563829846957316E-002
 WARNING: set the 2-loop amplitudes to zero
 WARNING: outside the range of the grid (xs,xt)=   9.9608645521885364E-002  -9.9608644525820550E-002
 WARNING: set the 2-loop amplitudes to zero
 INFO: will suppress the further warning
 max=   3.3237019798646661     
 min=   0.0000000000000000     
       n_pass,     n_total
       10000       10000
  
 ====================NCALL=20K===========================
  
 ITERATION            1 :
   2.3565141140242059      +\-   7.9055234886947899E-005
 precision:   3.3547532949822108E-005
 max=   3.3390391366620595     
 min=   0.0000000000000000     
       n_pass,     n_total
       20000       20002
 max=   3.3390391366620595     
 min=   0.0000000000000000     
       n_pass,     n_total
       30000       30002
 ITERATION            2 :
   2.3563815719436967      +\-   1.5202658399378577E-004
 precision:   6.4516963552886883E-005
 max=   3.3451017056714392     
 min=   0.0000000000000000     
       n_pass,     n_total
       40000       40010
 max=   3.3451017056714392     
 min=   0.0000000000000000     
       n_pass,     n_total
       50000       50010
 ITERATION            3 :
   2.3561306119194336      +\-   1.3105297508445832E-004
 precision:   5.5622118069972084E-005
 max=   3.3466115671114114     
 min=   0.0000000000000000     
       n_pass,     n_total
       60000       60033
 max=   3.3466115671114114     
 min=   0.0000000000000000     
       n_pass,     n_total
       70000       70033
 ITERATION            4 :
   2.3561952005458897      +\-   1.0431404254271408E-004
 precision:   4.4272241331510357E-005
 max=   3.3467398590230513     
 min=   0.0000000000000000     
       n_pass,     n_total
       80000       80065
 max=   3.3467398590230513     
 min=   0.0000000000000000     
       n_pass,     n_total
       90000       90065
 ITERATION            5 :
   2.3562826304080415      +\-   8.6789233934012622E-005
 precision:   3.6833117052254118E-005
 max=   3.3467398590230513     
 min=   0.0000000000000000     
       n_pass,     n_total
      100000      100109
 max=   3.3467398590230513     
 min=   0.0000000000000000     
       n_pass,     n_total
      110000      110109
 ITERATION            6 :
   2.3562384976654305      +\-   7.7613686657970613E-005
 precision:   3.2939656462989861E-005
 max=   3.3467398590230513     
 min=   0.0000000000000000     
       n_pass,     n_total
      120000      120153
 max=   3.3467398590230513     
 min=   0.0000000000000000     
       n_pass,     n_total
      130000      130153
 ITERATION            7 :
   2.3563511029511148      +\-   7.6514769957471986E-005
 precision:   3.2471718608336514E-005
 max=   3.3467398590230513     
 min=   0.0000000000000000     
       n_pass,     n_total
      140000      140211
 max=   3.3467398590230513     
 min=   0.0000000000000000     
       n_pass,     n_total
      150000      150211
 ITERATION            8 :
   2.3561634060262691      +\-   7.5859894516844501E-005
 precision:   3.2196363937586225E-005
 max=   3.3467398590230513     
 min=   0.0000000000000000     
       n_pass,     n_total
      160000      160281
 max=   3.3467398590230513     
 min=   0.0000000000000000     
       n_pass,     n_total
      170000      170281
 ITERATION            9 :
   2.3562821856429901      +\-   7.3236504963757388E-005
 precision:   3.1081381258150270E-005
 max=   3.3467398590230513     
 min=   0.0000000000000000     
       n_pass,     n_total
      180000      180355
 max=   3.3467398590230513     
 min=   0.0000000000000000     
       n_pass,     n_total
      190000      190355
 ITERATION           10 :
   2.3563177499468244      +\-   7.4785500360982936E-005
 precision:   3.1738291816827606E-005
 ====================NCALL=40K ===========================
  
 max=   3.3467398590230513     
 min=   0.0000000000000000     
       n_pass,     n_total
      200000      200503
 max=   3.3467398590230513     
 min=   0.0000000000000000     
       n_pass,     n_total
      210000      210503
 max=   3.3467398590230513     
 min=   0.0000000000000000     
       n_pass,     n_total
      220000      220503
 max=   3.3467398590230513     
 min=   0.0000000000000000     
       n_pass,     n_total
      230000      230503
   2.3562539163942482      +\-   3.9112830423167752E-005
 precision:   1.6599582137998832E-005
 ====================NCALL=80K ===========================
  
 max=   3.3467398590230513     
 min=   0.0000000000000000     
       n_pass,     n_total
      240000      240851
 max=   3.3467398590230513     
 min=   0.0000000000000000     
       n_pass,     n_total
      250000      250851
 max=   3.3467398590230513     
 min=   0.0000000000000000     
       n_pass,     n_total
      260000      260851
 max=   3.3467398590230513     
 min=   0.0000000000000000     
       n_pass,     n_total
      270000      270851
 max=   3.3467398590230513     
 min=   0.0000000000000000     
       n_pass,     n_total
      280000      280851
 max=   3.3467398590230513     
 min=   0.0000000000000000     
       n_pass,     n_total
      290000      290851
 max=   3.3467398590230513     
 min=   0.0000000000000000     
       n_pass,     n_total
      300000      300851
 max=   3.3467398590230513     
 min=   0.0000000000000000     
       n_pass,     n_total
      310000      310851
   2.3562378261346528      +\-   1.9227726158467200E-005
 precision:   8.1603503454529403E-006
 sigma (pb)                   sd (pb)
   2.3562378261346528        1.9227726158467200E-005
