 =======================================================
 |                                                     |
 |         \/\/\/\/\/\___________/\/\/\/\/\/           |
 |                   |     \     |                     |
 |                   |     /     |                     |
 |                   |     \     |                     |
 |         /\/\/\/\/\|_____/_____|/\/\/\/\/\           |
 |                                                     |
 | Light-by-light scattering at next-to-leading order  |
 |                   (VERSION 0.5)                     |
 |                                                     |
 |    Authors:                                         |
 |            Ajjath A.H. (LPTHE Paris)                |
 |            Ekta Chaubey (Bonn)                      |
 |            Mathijs Fraaije (Bern)                   |
 |            Valentin Hirschi (Bern)                  |
 |            Hua-Sheng Shao (LPTHE Paris)             |
 |                                                     |
 |    Please cite                                      |
 |            PLB 851 (2024) 138555 [arXiv:2312.16956] |
 |            JHEP 03 (2024) 121    [arXiv:2312.16966] |
 |                                                     |
 =======================================================
 ---------------------------------------------------
         the cuts in the lab frame                  
 min transverse momentum of photon    0.0000000000000000     
 max (pseudo-)rapidity of photon    5.0000000000000000     
 min (pseudo-)rapidity of photon   -5.0000000000000000     
 min invariant mass of di-photon    0.0000000000000000     
 ---------------------------------------------------
 max=   3124537.1401742678     
 min=   0.0000000000000000     
       n_pass,     n_total
       10000       10000
  
 ====================NCALL=20K===========================
  
 ITERATION            1 :
   1838390.0318892074      +\-   56.813248918333336     
 precision:   3.0903806011148590E-005
 WARNING: outside the range of the grid (xs,xt)=   8.5708005101083398       -8.5703846563440038     
 WARNING: set the 2-loop amplitudes to zero
 max=   4624176.0703466982     
 min=   0.0000000000000000     
       n_pass,     n_total
       20000       20002
 max=   4624176.0703466982     
 min=   0.0000000000000000     
       n_pass,     n_total
       30000       30002
 ITERATION            2 :
   1838447.7491542492      +\-   133.99467484066813     
 precision:   7.2884679427147385E-005
 WARNING: outside the range of the grid (xs,xt)=   8.5708005101083398       -8.5703899722965193     
 WARNING: set the 2-loop amplitudes to zero
 max=   5721550.2939095180     
 min=   0.0000000000000000     
       n_pass,     n_total
       40000       40012
 max=   5721550.2939095180     
 min=   0.0000000000000000     
       n_pass,     n_total
       50000       50012
 ITERATION            3 :
   1838003.3502377768      +\-   99.531932973550710     
 precision:   5.4152204325783505E-005
 max=   6909500.5262583131     
 min=   0.0000000000000000     
       n_pass,     n_total
       60000       60047
 max=   6909500.5262583131     
 min=   0.0000000000000000     
       n_pass,     n_total
       70000       70047
 WARNING: outside the range of the grid (xs,xt)=   8.5708005101083398       -4.0709134927573154E-004
 WARNING: set the 2-loop amplitudes to zero
 ITERATION            4 :
   1838150.1055583528      +\-   66.956757555844334     
 precision:   3.6426164192671130E-005
 WARNING: outside the range of the grid (xs,xt)=   8.5708005101083398       -8.5704063386505016     
 WARNING: set the 2-loop amplitudes to zero
 WARNING: outside the range of the grid (xs,xt)=   8.5708005101083398       -8.5703926172934022     
 WARNING: set the 2-loop amplitudes to zero
 INFO: will suppress the further warning
 max=   6909500.5262583131     
 min=   0.0000000000000000     
       n_pass,     n_total
       80000       80099
 max=   6909500.5262583131     
 min=   0.0000000000000000     
       n_pass,     n_total
       90000       90099
 ITERATION            5 :
   1838173.8502857494      +\-   55.041184979755677     
 precision:   2.9943405500627357E-005
 max=   7764983.1708255298     
 min=   0.0000000000000000     
       n_pass,     n_total
      100000      100186
 max=   7764983.1708255298     
 min=   0.0000000000000000     
       n_pass,     n_total
      110000      110186
 ITERATION            6 :
   1838137.0431278832      +\-   50.241190208849908     
 precision:   2.7332668364789883E-005
 max=   7780294.1770947948     
 min=   0.0000000000000000     
       n_pass,     n_total
      120000      120308
 max=   7780294.1770947948     
 min=   0.0000000000000000     
       n_pass,     n_total
      130000      130308
 ITERATION            7 :
   1838228.6349652910      +\-   46.183259114575556     
 precision:   2.5123783971218343E-005
 max=   7780294.1770947948     
 min=   0.0000000000000000     
       n_pass,     n_total
      140000      140471
 max=   7780294.1770947948     
 min=   0.0000000000000000     
       n_pass,     n_total
      150000      150471
 ITERATION            8 :
   1838100.6151059153      +\-   44.668368062772615     
 precision:   2.4301372675509783E-005
 max=   9768645.4244251978     
 min=   0.0000000000000000     
       n_pass,     n_total
      160000      160653
 max=   9768645.4244251978     
 min=   0.0000000000000000     
       n_pass,     n_total
      170000      170653
 ITERATION            9 :
   1838153.2359838197      +\-   43.284302951681170     
 precision:   2.3547711966741700E-005
 max=   9768645.4244251978     
 min=   0.0000000000000000     
       n_pass,     n_total
      180000      180880
 max=   9768645.4244251978     
 min=   0.0000000000000000     
       n_pass,     n_total
      190000      190880
 ITERATION           10 :
   1838180.3402607113      +\-   42.575311076312786     
 precision:   2.3161661641030434E-005
 ====================NCALL=40K ===========================
  
 max=   9768645.4244251978     
 min=   0.0000000000000000     
       n_pass,     n_total
      200000      201254
 max=   9768645.4244251978     
 min=   0.0000000000000000     
       n_pass,     n_total
      210000      211254
 max=   9768645.4244251978     
 min=   0.0000000000000000     
       n_pass,     n_total
      220000      221254
 max=   9768645.4244251978     
 min=   0.0000000000000000     
       n_pass,     n_total
      230000      231254
   1838189.0287213302      +\-   20.142910916976678     
 precision:   1.0958019334381714E-005
 ====================NCALL=80K ===========================
  
 max=   9768645.4244251978     
 min=   0.0000000000000000     
       n_pass,     n_total
      240000      242040
 max=   9768645.4244251978     
 min=   0.0000000000000000     
       n_pass,     n_total
      250000      252040
 max=   9768645.4244251978     
 min=   0.0000000000000000     
       n_pass,     n_total
      260000      262040
 max=   9768645.4244251978     
 min=   0.0000000000000000     
       n_pass,     n_total
      270000      272040
 max=   9768645.4244251978     
 min=   0.0000000000000000     
       n_pass,     n_total
      280000      282040
 max=   9768645.4244251978     
 min=   0.0000000000000000     
       n_pass,     n_total
      290000      292040
 max=   9768645.4244251978     
 min=   0.0000000000000000     
       n_pass,     n_total
      300000      302040
 max=   9768645.4244251978     
 min=   0.0000000000000000     
       n_pass,     n_total
      310000      312040
   1838145.8025508402      +\-   10.909816781368239     
 precision:   5.9352292762785284E-006
 sigma (pb)                   sd (pb)
   1838145.8025508402        10.909816781368239     
