 =======================================================
 |                                                     |
 |         \/\/\/\/\/\___________/\/\/\/\/\/           |
 |                   |     \     |                     |
 |                   |     /     |                     |
 |                   |     \     |                     |
 |         /\/\/\/\/\|_____/_____|/\/\/\/\/\           |
 |                                                     |
 | Light-by-light scattering at next-to-leading order  |
 |                   (VERSION 0.5)                     |
 |                                                     |
 |    Authors:                                         |
 |            Ajjath A.H. (LPTHE Paris)                |
 |            Ekta Chaubey (Bonn)                      |
 |            Mathijs Fraaije (Bern)                   |
 |            Valentin Hirschi (Bern)                  |
 |            Hua-Sheng Shao (LPTHE Paris)             |
 |                                                     |
 |    Please cite                                      |
 |            PLB 851 (2024) 138555 [arXiv:2312.16956] |
 |            JHEP 03 (2024) 121    [arXiv:2312.16966] |
 |                                                     |
 =======================================================
 ---------------------------------------------------
         the cuts in the lab frame                  
 min transverse momentum of photon    0.0000000000000000     
 max (pseudo-)rapidity of photon    5.0000000000000000     
 min (pseudo-)rapidity of photon   -5.0000000000000000     
 min invariant mass of di-photon    0.0000000000000000     
 ---------------------------------------------------
 max=   6.1737443325395976E-007
 min=   0.0000000000000000     
       n_pass,     n_total
       10000       10000
  
 ====================NCALL=20K===========================
  
 ITERATION            1 :
   2.8080956440277866E-007 +\-   4.4710916282795334E-010
 precision:   1.5922148655401322E-003
 max=   1.5304854261008029E-006
 min=   0.0000000000000000     
       n_pass,     n_total
       20000       20001
 max=   1.5304854261008029E-006
 min=   0.0000000000000000     
       n_pass,     n_total
       30000       30001
 ITERATION            2 :
   2.8098910184669233E-007 +\-   4.3107936075747562E-010
 precision:   1.5341497514472023E-003
 max=   1.5310158544406506E-006
 min=   0.0000000000000000     
       n_pass,     n_total
       40000       40001
 max=   1.5310158544406506E-006
 min=   0.0000000000000000     
       n_pass,     n_total
       50000       50001
 ITERATION            3 :
   2.8066754060904624E-007 +\-   4.1170720877637023E-010
 precision:   1.4668857249504840E-003
 max=   1.5310158544406506E-006
 min=   0.0000000000000000     
       n_pass,     n_total
       60000       60001
 max=   1.5310158544406506E-006
 min=   0.0000000000000000     
       n_pass,     n_total
       70000       70001
 ITERATION            4 :
   2.8044742109436489E-007 +\-   4.0573057467509305E-010
 precision:   1.4467259962378934E-003
 max=   1.5311927313660792E-006
 min=   0.0000000000000000     
       n_pass,     n_total
       80000       80002
 max=   1.5311927313660792E-006
 min=   0.0000000000000000     
       n_pass,     n_total
       90000       90002
 ITERATION            5 :
   2.8156546157467310E-007 +\-   3.9868407292999124E-010
 precision:   1.4159551768186506E-003
 max=   1.5312693999022573E-006
 min=   0.0000000000000000     
       n_pass,     n_total
      100000      100002
 max=   1.5312693999022573E-006
 min=   0.0000000000000000     
       n_pass,     n_total
      110000      110002
 ITERATION            6 :
   2.8109533643969043E-007 +\-   4.1914448584647091E-010
 precision:   1.4911114896294241E-003
 max=   1.5312693999022573E-006
 min=   0.0000000000000000     
       n_pass,     n_total
      120000      120004
 max=   1.5312693999022573E-006
 min=   0.0000000000000000     
       n_pass,     n_total
      130000      130004
 ITERATION            7 :
   2.8040337134927424E-007 +\-   4.1388514981227230E-010
 precision:   1.4760348558603147E-003
 max=   1.5312693999022573E-006
 min=   0.0000000000000000     
       n_pass,     n_total
      140000      140005
 max=   1.5312693999022573E-006
 min=   0.0000000000000000     
       n_pass,     n_total
      150000      150005
 ITERATION            8 :
   2.8059743611910281E-007 +\-   4.3078214332064533E-010
 precision:   1.5352319296951626E-003
 max=   1.5312693999022573E-006
 min=   0.0000000000000000     
       n_pass,     n_total
      160000      160006
 max=   1.5312693999022573E-006
 min=   0.0000000000000000     
       n_pass,     n_total
      170000      170006
 ITERATION            9 :
   2.8023432919306109E-007 +\-   3.7652645045946207E-010
 precision:   1.3436128669305990E-003
 max=   1.5312693999022573E-006
 min=   0.0000000000000000     
       n_pass,     n_total
      180000      180006
 max=   1.5312693999022573E-006
 min=   0.0000000000000000     
       n_pass,     n_total
      190000      190006
 ITERATION           10 :
   2.8133967235231174E-007 +\-   4.6699961648783558E-010
 precision:   1.6599138421652402E-003
 ====================NCALL=40K ===========================
  
 max=   1.5313274465339563E-006
 min=   0.0000000000000000     
       n_pass,     n_total
      200000      200007
 max=   1.5313274465339563E-006
 min=   0.0000000000000000     
       n_pass,     n_total
      210000      210007
 max=   1.5313274465339563E-006
 min=   0.0000000000000000     
       n_pass,     n_total
      220000      220007
 max=   1.5313274465339563E-006
 min=   0.0000000000000000     
       n_pass,     n_total
      230000      230007
   2.8094541189962561E-007 +\-   2.5900896796089436E-010
 precision:   9.2191919494108497E-004
 ====================NCALL=80K ===========================
  
 max=   1.5314028216831217E-006
 min=   0.0000000000000000     
       n_pass,     n_total
      240000      240010
 max=   1.5314028216831217E-006
 min=   0.0000000000000000     
       n_pass,     n_total
      250000      250010
 max=   1.5314028216831217E-006
 min=   0.0000000000000000     
       n_pass,     n_total
      260000      260010
 max=   1.5314028216831217E-006
 min=   0.0000000000000000     
       n_pass,     n_total
      270000      270010
 max=   1.5314028216831217E-006
 min=   0.0000000000000000     
       n_pass,     n_total
      280000      280010
 max=   1.5314028216831217E-006
 min=   0.0000000000000000     
       n_pass,     n_total
      290000      290010
 max=   1.5314028216831217E-006
 min=   0.0000000000000000     
       n_pass,     n_total
      300000      300010
 max=   1.5314028216831217E-006
 min=   0.0000000000000000     
       n_pass,     n_total
      310000      310010
   2.8071615716850235E-007 +\-   1.2997432501793059E-010
 precision:   4.6300977588515632E-004
 sigma (pb)                   sd (pb)
   2.8071615716850235E-007   1.2997432501793059E-010
