 =======================================================
 |                                                     |
 |         \/\/\/\/\/\___________/\/\/\/\/\/           |
 |                   |     \     |                     |
 |                   |     /     |                     |
 |                   |     \     |                     |
 |         /\/\/\/\/\|_____/_____|/\/\/\/\/\           |
 |                                                     |
 | Light-by-light scattering at next-to-leading order  |
 |                   (VERSION 0.5)                     |
 |                                                     |
 |    Authors:                                         |
 |            Ajjath A.H. (LPTHE Paris)                |
 |            Ekta Chaubey (Bonn)                      |
 |            Mathijs Fraaije (Bern)                   |
 |            Valentin Hirschi (Bern)                  |
 |            Hua-Sheng Shao (LPTHE Paris)             |
 |                                                     |
 |    Please cite                                      |
 |            PLB 851 (2024) 138555 [arXiv:2312.16956] |
 |            JHEP 03 (2024) 121    [arXiv:2312.16966] |
 |                                                     |
 =======================================================
 ---------------------------------------------------
         the cuts in the lab frame                  
 min transverse momentum of photon    0.0000000000000000     
 max (pseudo-)rapidity of photon    5.0000000000000000     
 min (pseudo-)rapidity of photon   -5.0000000000000000     
 min invariant mass of di-photon    0.0000000000000000     
 ---------------------------------------------------
 max=   2.5227297048332057E-006
 min=   0.0000000000000000     
       n_pass,     n_total
       10000       10000
  
 ====================NCALL=20K===========================
  
 ITERATION            1 :
   5.6469647138900939E-007 +\-   1.4298351688357562E-009
 precision:   2.5320419752557087E-003
 max=   2.5273778103036362E-006
 min=   0.0000000000000000     
       n_pass,     n_total
       20000       20001
 max=   2.5273778103036362E-006
 min=   0.0000000000000000     
       n_pass,     n_total
       30000       30001
 ITERATION            2 :
   5.6479752349024201E-007 +\-   6.5256603105001216E-010
 precision:   1.1553981806035425E-003
 max=   2.5273778103036362E-006
 min=   0.0000000000000000     
       n_pass,     n_total
       40000       40001
 max=   2.5273778103036362E-006
 min=   0.0000000000000000     
       n_pass,     n_total
       50000       50001
 ITERATION            3 :
   5.6433944222956009E-007 +\-   4.5490081709561246E-010
 precision:   8.0607659691198661E-004
 max=   2.5280048647859014E-006
 min=   0.0000000000000000     
       n_pass,     n_total
       60000       60001
 max=   2.5280048647859014E-006
 min=   0.0000000000000000     
       n_pass,     n_total
       70000       70001
 ITERATION            4 :
   5.6486442755241404E-007 +\-   2.9409709222489324E-010
 precision:   5.2065075773886265E-004
 max=   2.5280048647859014E-006
 min=   0.0000000000000000     
       n_pass,     n_total
       80000       80002
 max=   2.5280048647859014E-006
 min=   0.0000000000000000     
       n_pass,     n_total
       90000       90002
 ITERATION            5 :
   5.6482069164132344E-007 +\-   9.0908106683199021E-010
 precision:   1.6095038306586712E-003
 max=   2.5280956300211962E-006
 min=   0.0000000000000000     
       n_pass,     n_total
      100000      100002
 max=   2.5280956300211962E-006
 min=   0.0000000000000000     
       n_pass,     n_total
      110000      110002
 ITERATION            6 :
   5.6321515230135799E-007 +\-   4.4040229549936980E-010
 precision:   7.8194326573040231E-004
 max=   2.5281020737167074E-006
 min=   0.0000000000000000     
       n_pass,     n_total
      120000      120003
 max=   2.5281020737167074E-006
 min=   0.0000000000000000     
       n_pass,     n_total
      130000      130003
 ITERATION            7 :
   5.6337290102482329E-007 +\-   3.8708208050249375E-010
 precision:   6.8707969410377830E-004
 max=   2.5281020737167074E-006
 min=   0.0000000000000000     
       n_pass,     n_total
      140000      140004
 max=   2.5281020737167074E-006
 min=   0.0000000000000000     
       n_pass,     n_total
      150000      150004
 ITERATION            8 :
   5.6484285436894521E-007 +\-   3.8362447893344884E-010
 precision:   6.7917027889472458E-004
 max=   2.5281020737167074E-006
 min=   0.0000000000000000     
       n_pass,     n_total
      160000      160005
 max=   2.5281020737167074E-006
 min=   0.0000000000000000     
       n_pass,     n_total
      170000      170005
 ITERATION            9 :
   5.6421356573847256E-007 +\-   3.6047796066370604E-010
 precision:   6.3890339147002503E-004
 max=   2.5281081869725097E-006
 min=   0.0000000000000000     
       n_pass,     n_total
      180000      180005
 max=   2.5281081869725097E-006
 min=   0.0000000000000000     
       n_pass,     n_total
      190000      190005
 ITERATION           10 :
   5.6476227427578802E-007 +\-   4.2857175033399438E-010
 precision:   7.5885336159106068E-004
 ====================NCALL=40K ===========================
  
 max=   2.5281081869725097E-006
 min=   0.0000000000000000     
       n_pass,     n_total
      200000      200006
 max=   2.5281081869725097E-006
 min=   0.0000000000000000     
       n_pass,     n_total
      210000      210006
 max=   2.5281081869725097E-006
 min=   0.0000000000000000     
       n_pass,     n_total
      220000      220006
 max=   2.5281081869725097E-006
 min=   0.0000000000000000     
       n_pass,     n_total
      230000      230006
   5.6420762595097168E-007 +\-   2.6419722945462922E-010
 precision:   4.6826242202828243E-004
 ====================NCALL=80K ===========================
  
 max=   2.5281081869725097E-006
 min=   0.0000000000000000     
       n_pass,     n_total
      240000      240008
 max=   2.5281081869725097E-006
 min=   0.0000000000000000     
       n_pass,     n_total
      250000      250008
 max=   2.5281081869725097E-006
 min=   0.0000000000000000     
       n_pass,     n_total
      260000      260008
 max=   2.5281081869725097E-006
 min=   0.0000000000000000     
       n_pass,     n_total
      270000      270008
 max=   2.5281081869725097E-006
 min=   0.0000000000000000     
       n_pass,     n_total
      280000      280008
 max=   2.5281081869725097E-006
 min=   0.0000000000000000     
       n_pass,     n_total
      290000      290008
 max=   2.5281081869725097E-006
 min=   0.0000000000000000     
       n_pass,     n_total
      300000      300008
 max=   2.5281160423966710E-006
 min=   0.0000000000000000     
       n_pass,     n_total
      310000      310008
   5.6414384215234622E-007 +\-   9.0162120274975914E-011
 precision:   1.5982115470938309E-004
 sigma (pb)                   sd (pb)
   5.6414384215234622E-007   9.0162120274975914E-011
