 =======================================================
 |                                                     |
 |         \/\/\/\/\/\___________/\/\/\/\/\/           |
 |                   |     \     |                     |
 |                   |     /     |                     |
 |                   |     \     |                     |
 |         /\/\/\/\/\|_____/_____|/\/\/\/\/\           |
 |                                                     |
 | Light-by-light scattering at next-to-leading order  |
 |                   (VERSION 0.5)                     |
 |                                                     |
 |    Authors:                                         |
 |            Ajjath A.H. (LPTHE Paris)                |
 |            Ekta Chaubey (Bonn)                      |
 |            Mathijs Fraaije (Bern)                   |
 |            Valentin Hirschi (Bern)                  |
 |            Hua-Sheng Shao (LPTHE Paris)             |
 |                                                     |
 |    Please cite                                      |
 |            PLB 851 (2024) 138555 [arXiv:2312.16956] |
 |            JHEP 03 (2024) 121    [arXiv:2312.16966] |
 |                                                     |
 =======================================================
 ---------------------------------------------------
         the cuts in the lab frame                  
 min transverse momentum of photon    0.0000000000000000     
 max (pseudo-)rapidity of photon    5.0000000000000000     
 min (pseudo-)rapidity of photon   -5.0000000000000000     
 min invariant mass of di-photon    0.0000000000000000     
 ---------------------------------------------------
 WARNING: outside the range of the grid (xs,xt)=   1.9895190388212622E-002  -1.9895190189261586E-002
 WARNING: set the 2-loop amplitudes to zero
 WARNING: outside the range of the grid (xs,xt)=   1.9841476807139779E-002  -1.9841476608725872E-002
 WARNING: set the 2-loop amplitudes to zero
 WARNING: outside the range of the grid (xs,xt)=   1.9933062809298668E-002  -1.9933062609968914E-002
 WARNING: set the 2-loop amplitudes to zero
 WARNING: outside the range of the grid (xs,xt)=   1.9909009204658323E-002  -1.9909009005569096E-002
 WARNING: set the 2-loop amplitudes to zero
 WARNING: outside the range of the grid (xs,xt)=   1.9948362824274316E-002  -1.9948362624791556E-002
 WARNING: set the 2-loop amplitudes to zero
 INFO: will suppress the further warning
 max=   2.6269073436163710E-002
 min=   0.0000000000000000     
       n_pass,     n_total
       10000       10000
  
 ====================NCALL=20K===========================
  
 ITERATION            1 :
   1.8792941940850377E-002 +\-   1.3422171724703935E-006
 precision:   7.1421344071350776E-005
 max=   2.6844746169796655E-002
 min=   0.0000000000000000     
       n_pass,     n_total
       20000       20002
 max=   2.6844746169796655E-002
 min=   0.0000000000000000     
       n_pass,     n_total
       30000       30002
 ITERATION            2 :
   1.8791759494616467E-002 +\-   1.2503186251192350E-006
 precision:   6.6535473992067153E-005
 max=   2.6902675626196127E-002
 min=   0.0000000000000000     
       n_pass,     n_total
       40000       40012
 max=   2.6902675626196127E-002
 min=   0.0000000000000000     
       n_pass,     n_total
       50000       50012
 ITERATION            3 :
   1.8789552829778854E-002 +\-   1.0841829770876553E-006
 precision:   5.7701371975674406E-005
 max=   2.6905774515508244E-002
 min=   0.0000000000000000     
       n_pass,     n_total
       60000       60035
 max=   2.6905774515508244E-002
 min=   0.0000000000000000     
       n_pass,     n_total
       70000       70035
 ITERATION            4 :
   1.8790409751982984E-002 +\-   9.4672082272685762E-007
 precision:   5.0383192023098304E-005
 max=   2.6905774515508244E-002
 min=   0.0000000000000000     
       n_pass,     n_total
       80000       80062
 max=   2.6905774515508244E-002
 min=   0.0000000000000000     
       n_pass,     n_total
       90000       90062
 ITERATION            5 :
   1.8790916925913937E-002 +\-   8.2782940273155596E-007
 precision:   4.4054763585800521E-005
 max=   2.6905774515508244E-002
 min=   0.0000000000000000     
       n_pass,     n_total
      100000      100095
 max=   2.6905774515508244E-002
 min=   0.0000000000000000     
       n_pass,     n_total
      110000      110095
 ITERATION            6 :
   1.8790296264924768E-002 +\-   8.2106481988436522E-007
 precision:   4.3696214700830455E-005
 max=   2.6906210974235283E-002
 min=   0.0000000000000000     
       n_pass,     n_total
      120000      120126
 max=   2.6906210974235283E-002
 min=   0.0000000000000000     
       n_pass,     n_total
      130000      130126
 ITERATION            7 :
   1.8791114799681492E-002 +\-   7.7026174008356655E-007
 precision:   4.0990742076495771E-005
 max=   2.6906210974235283E-002
 min=   0.0000000000000000     
       n_pass,     n_total
      140000      140161
 max=   2.6906210974235283E-002
 min=   0.0000000000000000     
       n_pass,     n_total
      150000      150161
 ITERATION            8 :
   1.8790196159621818E-002 +\-   8.8165450979816275E-007
 precision:   4.6920984874694756E-005
 max=   2.6906210974235283E-002
 min=   0.0000000000000000     
       n_pass,     n_total
      160000      160207
 max=   2.6906210974235283E-002
 min=   0.0000000000000000     
       n_pass,     n_total
      170000      170207
 ITERATION            9 :
   1.8791432227244238E-002 +\-   8.0347499103745678E-007
 precision:   4.2757517432469082E-005
 max=   2.6906213361224139E-002
 min=   0.0000000000000000     
       n_pass,     n_total
      180000      180245
 max=   2.6906213361224139E-002
 min=   0.0000000000000000     
       n_pass,     n_total
      190000      190245
 ITERATION           10 :
   1.8791368705426352E-002 +\-   7.7657917228176143E-007
 precision:   4.1326376191932732E-005
 ====================NCALL=40K ===========================
  
 max=   2.6906271802258894E-002
 min=   0.0000000000000000     
       n_pass,     n_total
      200000      200324
 max=   2.6906271802258894E-002
 min=   0.0000000000000000     
       n_pass,     n_total
      210000      210324
 max=   2.6906271802258894E-002
 min=   0.0000000000000000     
       n_pass,     n_total
      220000      220324
 max=   2.6906271802258894E-002
 min=   0.0000000000000000     
       n_pass,     n_total
      230000      230324
   1.8790770696364249E-002 +\-   3.9855078787271173E-007
 precision:   2.1209922376937192E-005
 ====================NCALL=80K ===========================
  
 max=   2.6906290973776361E-002
 min=   0.0000000000000000     
       n_pass,     n_total
      240000      240527
 max=   2.6906290973776361E-002
 min=   0.0000000000000000     
       n_pass,     n_total
      250000      250527
 max=   2.6906290973776361E-002
 min=   0.0000000000000000     
       n_pass,     n_total
      260000      260527
 max=   2.6906290973776361E-002
 min=   0.0000000000000000     
       n_pass,     n_total
      270000      270527
 max=   2.6906290973776361E-002
 min=   0.0000000000000000     
       n_pass,     n_total
      280000      280527
 max=   2.6906290973776361E-002
 min=   0.0000000000000000     
       n_pass,     n_total
      290000      290527
 max=   2.6906290973776361E-002
 min=   0.0000000000000000     
       n_pass,     n_total
      300000      300527
 max=   2.6906290973776361E-002
 min=   0.0000000000000000     
       n_pass,     n_total
      310000      310527
   1.8790299086319122E-002 +\-   2.3626246838389323E-007
 precision:   1.2573640648216807E-005
 sigma (pb)                   sd (pb)
   1.8790299086319122E-002   2.3626246838389323E-007
