 =======================================================
 |                                                     |
 |         \/\/\/\/\/\___________/\/\/\/\/\/           |
 |                   |     \     |                     |
 |                   |     /     |                     |
 |                   |     \     |                     |
 |         /\/\/\/\/\|_____/_____|/\/\/\/\/\           |
 |                                                     |
 | Light-by-light scattering at next-to-leading order  |
 |                   (VERSION 0.5)                     |
 |                                                     |
 |    Authors:                                         |
 |            Ajjath A.H. (LPTHE Paris)                |
 |            Ekta Chaubey (Bonn)                      |
 |            Mathijs Fraaije (Bern)                   |
 |            Valentin Hirschi (Bern)                  |
 |            Hua-Sheng Shao (LPTHE Paris)             |
 |                                                     |
 |    Please cite                                      |
 |            PLB 851 (2024) 138555 [arXiv:2312.16956] |
 |            JHEP 03 (2024) 121    [arXiv:2312.16966] |
 |                                                     |
 =======================================================
 ---------------------------------------------------
         the cuts in the lab frame                  
 min transverse momentum of photon    0.0000000000000000     
 max (pseudo-)rapidity of photon    5.0000000000000000     
 min (pseudo-)rapidity of photon   -5.0000000000000000     
 min invariant mass of di-photon    0.0000000000000000     
 ---------------------------------------------------
 max=   750646.44886428141     
 min=   0.0000000000000000     
       n_pass,     n_total
       10000       10000
  
 ====================NCALL=20K===========================
  
 ITERATION            1 :
   27594.182842978262      +\-   132.74153052815842     
 precision:   4.8104896341199833E-003
 max=   760783.01845424681     
 min=   0.0000000000000000     
       n_pass,     n_total
       20000       20007
 max=   760783.01845424681     
 min=   0.0000000000000000     
       n_pass,     n_total
       30000       30007
 ITERATION            2 :
   27364.392407723288      +\-   20.654874914943679     
 precision:   7.5480846083445571E-004
 WARNING: outside the range of the grid (xs,xt)=   3423.7384201194086       -3423.5728213369530     
 WARNING: set the 2-loop amplitudes to zero
 WARNING: outside the range of the grid (xs,xt)=   6.9521041155373900E-002  -6.9517678573786851E-002
 WARNING: set the 2-loop amplitudes to zero
 WARNING: outside the range of the grid (xs,xt)=   3423.7384201194086       -3423.5685736080559     
 WARNING: set the 2-loop amplitudes to zero
 WARNING: outside the range of the grid (xs,xt)=   6.9521041155373900E-002  -6.9517592321129890E-002
 WARNING: set the 2-loop amplitudes to zero
 WARNING: outside the range of the grid (xs,xt)=   3423.7384201194086       -3423.5735785062025     
 WARNING: set the 2-loop amplitudes to zero
 INFO: will suppress the further warning
 max=   760783.01845424681     
 min=   0.0000000000000000     
       n_pass,     n_total
       40000       40036
 max=   760783.01845424681     
 min=   0.0000000000000000     
       n_pass,     n_total
       50000       50036
 ITERATION            3 :
   27345.707443582920      +\-   11.078477498916413     
 precision:   4.0512674692261963E-004
 max=   761768.83245240548     
 min=   0.0000000000000000     
       n_pass,     n_total
       60000       60121
 max=   761768.83245240548     
 min=   0.0000000000000000     
       n_pass,     n_total
       70000       70121
 ITERATION            4 :
   27348.853177982830      +\-   8.4748272982900286     
 precision:   3.0987870837350799E-004
 max=   761768.83245240548     
 min=   0.0000000000000000     
       n_pass,     n_total
       80000       80293
 max=   761768.83245240548     
 min=   0.0000000000000000     
       n_pass,     n_total
       90000       90293
 ITERATION            5 :
   27340.597591998205      +\-   7.1301992180434866     
 precision:   2.6079163756575271E-004
 max=   761768.83245240548     
 min=   0.0000000000000000     
       n_pass,     n_total
      100000      100560
 max=   761768.83245240548     
 min=   0.0000000000000000     
       n_pass,     n_total
      110000      110560
 ITERATION            6 :
   27345.434522223371      +\-   6.2907958358251266     
 precision:   2.3004921829684796E-004
 max=   761768.83245240548     
 min=   0.0000000000000000     
       n_pass,     n_total
      120000      120817
 max=   761768.83245240548     
 min=   0.0000000000000000     
       n_pass,     n_total
      130000      130817
 ITERATION            7 :
   27357.940426369620      +\-   6.1044523905559620     
 precision:   2.2313274666948380E-004
 max=   761768.83245240548     
 min=   0.0000000000000000     
       n_pass,     n_total
      140000      141137
 max=   761768.83245240548     
 min=   0.0000000000000000     
       n_pass,     n_total
      150000      151137
 ITERATION            8 :
   27337.490109569972      +\-   6.0178924192113641     
 precision:   2.2013331857062820E-004
 max=   761768.83245240548     
 min=   0.0000000000000000     
       n_pass,     n_total
      160000      161391
 max=   761768.83245240548     
 min=   0.0000000000000000     
       n_pass,     n_total
      170000      171391
 ITERATION            9 :
   27347.167595859781      +\-   5.8668039224715418     
 precision:   2.1453058719542661E-004
 max=   761958.16835548449     
 min=   0.0000000000000000     
       n_pass,     n_total
      180000      181715
 max=   761958.16835548449     
 min=   0.0000000000000000     
       n_pass,     n_total
      190000      191715
 ITERATION           10 :
   27351.895863375910      +\-   5.8607313041830498     
 precision:   2.1427148353655981E-004
 ====================NCALL=40K ===========================
  
 max=   762081.31674030935     
 min=   0.0000000000000000     
       n_pass,     n_total
      200000      202095
 max=   762081.31674030935     
 min=   0.0000000000000000     
       n_pass,     n_total
      210000      212095
 max=   762081.31674030935     
 min=   0.0000000000000000     
       n_pass,     n_total
      220000      222095
 max=   762081.31674030935     
 min=   0.0000000000000000     
       n_pass,     n_total
      230000      232095
   27350.290337531042      +\-   2.8117545453937445     
 precision:   1.0280529057255948E-004
 ====================NCALL=80K ===========================
  
 max=   762081.31674030935     
 min=   0.0000000000000000     
       n_pass,     n_total
      240000      242979
 max=   762081.31674030935     
 min=   0.0000000000000000     
       n_pass,     n_total
      250000      252979
 max=   762081.31674030935     
 min=   0.0000000000000000     
       n_pass,     n_total
      260000      262979
 max=   762081.31674030935     
 min=   0.0000000000000000     
       n_pass,     n_total
      270000      272979
 max=   762081.31674030935     
 min=   0.0000000000000000     
       n_pass,     n_total
      280000      282979
 max=   762081.31674030935     
 min=   0.0000000000000000     
       n_pass,     n_total
      290000      292979
 max=   762081.31674030935     
 min=   0.0000000000000000     
       n_pass,     n_total
      300000      302979
 max=   762081.31674030935     
 min=   0.0000000000000000     
       n_pass,     n_total
      310000      312979
   27348.131499037831      +\-   1.4788226026152553     
 precision:   5.4073990490622134E-005
 sigma (pb)                   sd (pb)
   27348.131499037831        1.4788226026152553     
