 =======================================================
 |                                                     |
 |         \/\/\/\/\/\___________/\/\/\/\/\/           |
 |                   |     \     |                     |
 |                   |     /     |                     |
 |                   |     \     |                     |
 |         /\/\/\/\/\|_____/_____|/\/\/\/\/\           |
 |                                                     |
 | Light-by-light scattering at next-to-leading order  |
 |                   (VERSION 0.5)                     |
 |                                                     |
 |    Authors:                                         |
 |            Ajjath A.H. (LPTHE Paris)                |
 |            Ekta Chaubey (Bonn)                      |
 |            Mathijs Fraaije (Bern)                   |
 |            Valentin Hirschi (Bern)                  |
 |            Hua-Sheng Shao (LPTHE Paris)             |
 |                                                     |
 |    Please cite                                      |
 |            PLB 851 (2024) 138555 [arXiv:2312.16956] |
 |            JHEP 03 (2024) 121    [arXiv:2312.16966] |
 |                                                     |
 =======================================================
 ---------------------------------------------------
         the cuts in the lab frame                  
 min transverse momentum of photon    0.0000000000000000     
 max (pseudo-)rapidity of photon    5.0000000000000000     
 min (pseudo-)rapidity of photon   -5.0000000000000000     
 min invariant mass of di-photon    0.0000000000000000     
 ---------------------------------------------------
 max=   1372985.7300505193     
 min=   0.0000000000000000     
       n_pass,     n_total
       10000       10000
  
 ====================NCALL=20K===========================
  
 ITERATION            1 :
   94534.116988932685      +\-   226.03859482408038     
 precision:   2.3910795596741355E-003
 max=   1379624.8718210943     
 min=   0.0000000000000000     
       n_pass,     n_total
       20000       20007
 max=   1379624.8718210943     
 min=   0.0000000000000000     
       n_pass,     n_total
       30000       30007
 ITERATION            2 :
   94077.935521589214      +\-   38.101149430849432     
 precision:   4.0499559455262383E-004
 WARNING: outside the range of the grid (xs,xt)=   963.30666625817162       -963.25985475139339     
 WARNING: set the 2-loop amplitudes to zero
 WARNING: outside the range of the grid (xs,xt)=   1.9560513734529019E-002  -1.9559563199093792E-002
 WARNING: set the 2-loop amplitudes to zero
 WARNING: outside the range of the grid (xs,xt)=   963.30666625817162       -963.25977625127541     
 WARNING: set the 2-loop amplitudes to zero
 WARNING: outside the range of the grid (xs,xt)=   1.9560513734529019E-002  -1.9559561605102294E-002
 WARNING: set the 2-loop amplitudes to zero
 WARNING: outside the range of the grid (xs,xt)=   963.30666625817162       -963.26262332086446     
 WARNING: set the 2-loop amplitudes to zero
 INFO: will suppress the further warning
 max=   1384290.4072213867     
 min=   0.0000000000000000     
       n_pass,     n_total
       40000       40030
 max=   1384290.4072213867     
 min=   0.0000000000000000     
       n_pass,     n_total
       50000       50030
 ITERATION            3 :
   94037.223382355733      +\-   27.617029368327142     
 precision:   2.9368188867121470E-004
 max=   1387520.7014926821     
 min=   0.0000000000000000     
       n_pass,     n_total
       60000       60090
 max=   1387520.7014926821     
 min=   0.0000000000000000     
       n_pass,     n_total
       70000       70090
 ITERATION            4 :
   94038.267885976762      +\-   23.237966134692293     
 precision:   2.4711180519476156E-004
 max=   1387524.4185126568     
 min=   0.0000000000000000     
       n_pass,     n_total
       80000       80190
 max=   1387524.4185126568     
 min=   0.0000000000000000     
       n_pass,     n_total
       90000       90190
 ITERATION            5 :
   94037.921568689140      +\-   20.233800132236468     
 precision:   2.1516639026796091E-004
 max=   1387524.4185126568     
 min=   0.0000000000000000     
       n_pass,     n_total
      100000      100344
 max=   1387524.4185126568     
 min=   0.0000000000000000     
       n_pass,     n_total
      110000      110344
 ITERATION            6 :
   94026.134761773879      +\-   19.044285699364799     
 precision:   2.0254247127796658E-004
 max=   1390807.8896775313     
 min=   0.0000000000000000     
       n_pass,     n_total
      120000      120509
 max=   1390807.8896775313     
 min=   0.0000000000000000     
       n_pass,     n_total
      130000      130509
 ITERATION            7 :
   94075.895742069304      +\-   18.282519819921635     
 precision:   1.9433798292016656E-004
 max=   1391651.5158912844     
 min=   0.0000000000000000     
       n_pass,     n_total
      140000      140684
 max=   1391651.5158912844     
 min=   0.0000000000000000     
       n_pass,     n_total
      150000      150684
 ITERATION            8 :
   94015.063628222139      +\-   18.012994381861002     
 precision:   1.9159689614307434E-004
 max=   1391651.5158912844     
 min=   0.0000000000000000     
       n_pass,     n_total
      160000      160869
 max=   1391651.5158912844     
 min=   0.0000000000000000     
       n_pass,     n_total
      170000      170869
 ITERATION            9 :
   94042.388337575932      +\-   17.629796712013391     
 precision:   1.8746649275568390E-004
 max=   1391651.5158912844     
 min=   0.0000000000000000     
       n_pass,     n_total
      180000      181076
 max=   1391651.5158912844     
 min=   0.0000000000000000     
       n_pass,     n_total
      190000      191076
 ITERATION           10 :
   94060.743893877589      +\-   17.882520333915991     
 precision:   1.9011672238199216E-004
 ====================NCALL=40K ===========================
  
 max=   1391651.5158912844     
 min=   0.0000000000000000     
       n_pass,     n_total
      200000      201398
 max=   1391651.5158912844     
 min=   0.0000000000000000     
       n_pass,     n_total
      210000      211398
 max=   1391651.5158912844     
 min=   0.0000000000000000     
       n_pass,     n_total
      220000      221398
 max=   1391651.5158912844     
 min=   0.0000000000000000     
       n_pass,     n_total
      230000      231398
   94055.360451375018      +\-   8.6456718095200866     
 precision:   9.1921095916587853E-005
 ====================NCALL=80K ===========================
  
 max=   1391651.5158912844     
 min=   0.0000000000000000     
       n_pass,     n_total
      240000      242020
 max=   1391651.5158912844     
 min=   0.0000000000000000     
       n_pass,     n_total
      250000      252020
 max=   1391651.5158912844     
 min=   0.0000000000000000     
       n_pass,     n_total
      260000      262020
 max=   1391651.5158912844     
 min=   0.0000000000000000     
       n_pass,     n_total
      270000      272020
 max=   1391651.5158912844     
 min=   0.0000000000000000     
       n_pass,     n_total
      280000      282020
 max=   1391651.5158912844     
 min=   0.0000000000000000     
       n_pass,     n_total
      290000      292020
 max=   1391651.5158912844     
 min=   0.0000000000000000     
       n_pass,     n_total
      300000      302020
 max=   1391651.5158912844     
 min=   0.0000000000000000     
       n_pass,     n_total
      310000      312020
   94045.385859514310      +\-   4.0833075170644646     
 precision:   4.3418478001293329E-005
 sigma (pb)                   sd (pb)
   94045.385859514310        4.0833075170644646     
