 =======================================================
 |                                                     |
 |         \/\/\/\/\/\___________/\/\/\/\/\/           |
 |                   |     \     |                     |
 |                   |     /     |                     |
 |                   |     \     |                     |
 |         /\/\/\/\/\|_____/_____|/\/\/\/\/\           |
 |                                                     |
 | Light-by-light scattering at next-to-leading order  |
 |                   (VERSION 0.5)                     |
 |                                                     |
 |    Authors:                                         |
 |            Ajjath A.H. (LPTHE Paris)                |
 |            Ekta Chaubey (Bonn)                      |
 |            Mathijs Fraaije (Bern)                   |
 |            Valentin Hirschi (Bern)                  |
 |            Hua-Sheng Shao (LPTHE Paris)             |
 |                                                     |
 |    Please cite                                      |
 |            PLB 851 (2024) 138555 [arXiv:2312.16956] |
 |            JHEP 03 (2024) 121    [arXiv:2312.16966] |
 |                                                     |
 =======================================================
 ---------------------------------------------------
         the cuts in the lab frame                  
 min transverse momentum of photon    0.0000000000000000     
 max (pseudo-)rapidity of photon    5.0000000000000000     
 min (pseudo-)rapidity of photon   -5.0000000000000000     
 min invariant mass of di-photon    0.0000000000000000     
 ---------------------------------------------------
 WARNING: outside the range of the grid (xs,xt)=   2.9220645830247954E-002  -2.9220645538043367E-002
 WARNING: set the 2-loop amplitudes to zero
 WARNING: outside the range of the grid (xs,xt)=   2.9141755128617178E-002  -2.9141754837201488E-002
 WARNING: set the 2-loop amplitudes to zero
 WARNING: outside the range of the grid (xs,xt)=   2.9276270158625595E-002  -2.9276269865864766E-002
 WARNING: set the 2-loop amplitudes to zero
 WARNING: outside the range of the grid (xs,xt)=   2.9240941928615146E-002  -2.9240941636207593E-002
 WARNING: set the 2-loop amplitudes to zero
 WARNING: outside the range of the grid (xs,xt)=   2.9298741736432935E-002  -2.9298741443447393E-002
 WARNING: set the 2-loop amplitudes to zero
 INFO: will suppress the further warning
 max=   8.3229807477040937E-002
 min=   0.0000000000000000     
       n_pass,     n_total
       10000       10000
  
 ====================NCALL=20K===========================
  
 ITERATION            1 :
   5.9691522848688588E-002 +\-   4.7719100238823547E-006
 precision:   7.9942842737964971E-005
 max=   8.5053574560100556E-002
 min=   0.0000000000000000     
       n_pass,     n_total
       20000       20002
 max=   8.5053574560100556E-002
 min=   0.0000000000000000     
       n_pass,     n_total
       30000       30002
 ITERATION            2 :
   5.9682475356772839E-002 +\-   4.0208441735567096E-006
 precision:   6.7370599988031819E-005
 max=   8.5241768351417141E-002
 min=   0.0000000000000000     
       n_pass,     n_total
       40000       40012
 max=   8.5241768351417141E-002
 min=   0.0000000000000000     
       n_pass,     n_total
       50000       50012
 ITERATION            3 :
   5.9683074742285722E-002 +\-   3.1560088825159453E-006
 precision:   5.2879461993936102E-005
 max=   8.5245286447861959E-002
 min=   0.0000000000000000     
       n_pass,     n_total
       60000       60035
 max=   8.5245286447861959E-002
 min=   0.0000000000000000     
       n_pass,     n_total
       70000       70035
 ITERATION            4 :
   5.9681954447334540E-002 +\-   2.7851905641184805E-006
 precision:   4.6667214401904866E-005
 max=   8.5245286447861959E-002
 min=   0.0000000000000000     
       n_pass,     n_total
       80000       80062
 max=   8.5245286447861959E-002
 min=   0.0000000000000000     
       n_pass,     n_total
       90000       90062
 ITERATION            5 :
   5.9686931860524227E-002 +\-   2.5779350449070922E-006
 precision:   4.3190945899701845E-005
 max=   8.5245286447861959E-002
 min=   0.0000000000000000     
       n_pass,     n_total
      100000      100095
 max=   8.5245286447861959E-002
 min=   0.0000000000000000     
       n_pass,     n_total
      110000      110095
 ITERATION            6 :
   5.9682162595781997E-002 +\-   2.5406413924505378E-006
 precision:   4.2569526336669580E-005
 max=   8.5248904566579617E-002
 min=   0.0000000000000000     
       n_pass,     n_total
      120000      120127
 max=   8.5248904566579617E-002
 min=   0.0000000000000000     
       n_pass,     n_total
      130000      130127
 ITERATION            7 :
   5.9685545868586480E-002 +\-   2.3731766151401636E-006
 precision:   3.9761328820973502E-005
 max=   8.5248904566579617E-002
 min=   0.0000000000000000     
       n_pass,     n_total
      140000      140165
 max=   8.5248904566579617E-002
 min=   0.0000000000000000     
       n_pass,     n_total
      150000      150165
 ITERATION            8 :
   5.9682622366474425E-002 +\-   2.4267341297610511E-006
 precision:   4.0660648502674081E-005
 max=   8.5248904566579617E-002
 min=   0.0000000000000000     
       n_pass,     n_total
      160000      160216
 max=   8.5248904566579617E-002
 min=   0.0000000000000000     
       n_pass,     n_total
      170000      170216
 ITERATION            9 :
   5.9684977939668968E-002 +\-   2.2756636076383193E-006
 precision:   3.8127912352394862E-005
 max=   8.5248904566579617E-002
 min=   0.0000000000000000     
       n_pass,     n_total
      180000      180265
 max=   8.5248904566579617E-002
 min=   0.0000000000000000     
       n_pass,     n_total
      190000      190265
 ITERATION           10 :
   5.9685121993969553E-002 +\-   2.1465013899432059E-006
 precision:   3.5963759781878025E-005
 ====================NCALL=40K ===========================
  
 max=   8.5248904566579617E-002
 min=   0.0000000000000000     
       n_pass,     n_total
      200000      200362
 max=   8.5248904566579617E-002
 min=   0.0000000000000000     
       n_pass,     n_total
      210000      210362
 max=   8.5248904566579617E-002
 min=   0.0000000000000000     
       n_pass,     n_total
      220000      220362
 max=   8.5248904566579617E-002
 min=   0.0000000000000000     
       n_pass,     n_total
      230000      230362
   5.9683308662596808E-002 +\-   1.2666729386251308E-006
 precision:   2.1223235893068838E-005
 ====================NCALL=80K ===========================
  
 max=   8.5248904566579617E-002
 min=   0.0000000000000000     
       n_pass,     n_total
      240000      240605
 max=   8.5248904566579617E-002
 min=   0.0000000000000000     
       n_pass,     n_total
      250000      250605
 max=   8.5248904566579617E-002
 min=   0.0000000000000000     
       n_pass,     n_total
      260000      260605
 max=   8.5248904566579617E-002
 min=   0.0000000000000000     
       n_pass,     n_total
      270000      270605
 max=   8.5248904566579617E-002
 min=   0.0000000000000000     
       n_pass,     n_total
      280000      280605
 max=   8.5248904566579617E-002
 min=   0.0000000000000000     
       n_pass,     n_total
      290000      290605
 max=   8.5248904566579617E-002
 min=   0.0000000000000000     
       n_pass,     n_total
      300000      300605
 max=   8.5248904566579617E-002
 min=   0.0000000000000000     
       n_pass,     n_total
      310000      310605
   5.9682322164752513E-002 +\-   5.9399071252632333E-007
 precision:   9.9525402327110751E-006
 sigma (pb)                   sd (pb)
   5.9682322164752513E-002   5.9399071252632333E-007
