 =======================================================
 |                                                     |
 |         \/\/\/\/\/\___________/\/\/\/\/\/           |
 |                   |     \     |                     |
 |                   |     /     |                     |
 |                   |     \     |                     |
 |         /\/\/\/\/\|_____/_____|/\/\/\/\/\           |
 |                                                     |
 | Light-by-light scattering at next-to-leading order  |
 |                   (VERSION 0.5)                     |
 |                                                     |
 |    Authors:                                         |
 |            Ajjath A.H. (LPTHE Paris)                |
 |            Ekta Chaubey (Bonn)                      |
 |            Mathijs Fraaije (Bern)                   |
 |            Valentin Hirschi (Bern)                  |
 |            Hua-Sheng Shao (LPTHE Paris)             |
 |                                                     |
 |    Please cite                                      |
 |            PLB 851 (2024) 138555 [arXiv:2312.16956] |
 |            JHEP 03 (2024) 121    [arXiv:2312.16966] |
 |                                                     |
 =======================================================
 ---------------------------------------------------
         the cuts in the lab frame                  
 min transverse momentum of photon    0.0000000000000000     
 max (pseudo-)rapidity of photon    5.0000000000000000     
 min (pseudo-)rapidity of photon   -5.0000000000000000     
 min invariant mass of di-photon    0.0000000000000000     
 ---------------------------------------------------
 max=   4177.0226772009810     
 min=   0.0000000000000000     
       n_pass,     n_total
       10000       10000
  
 ====================NCALL=20K===========================
  
 ITERATION            1 :
   124.09694021371186      +\-  0.48403053567778226     
 precision:   3.9004228053021745E-003
 WARNING: outside the range of the grid (xs,xt)=   4.1933259077745602       -4.1931285674988823     
 WARNING: set the 2-loop amplitudes to zero
 WARNING: outside the range of the grid (xs,xt)=   4.0708996539792386       -4.0707080751519209     
 WARNING: set the 2-loop amplitudes to zero
 WARNING: outside the range of the grid (xs,xt)=   1.9600000000000004       -1.9599077612976350     
 WARNING: set the 2-loop amplitudes to zero
 WARNING: outside the range of the grid (xs,xt)=  0.20915377777777780      -0.20914393488336094     
 WARNING: set the 2-loop amplitudes to zero
 WARNING: outside the range of the grid (xs,xt)=   2.0857440443213301E-002  -2.0856458880335164E-002
 WARNING: set the 2-loop amplitudes to zero
 INFO: will suppress the further warning
 max=   4779.0892860546282     
 min=   0.0000000000000000     
       n_pass,     n_total
       20000       20007
 max=   4779.0892860546282     
 min=   0.0000000000000000     
       n_pass,     n_total
       30000       30007
 ITERATION            2 :
   123.54681010510969      +\-  0.13045434768919081     
 precision:   1.0559102867828349E-003
 max=   4779.0892860546282     
 min=   0.0000000000000000     
       n_pass,     n_total
       40000       40039
 max=   4779.0892860546282     
 min=   0.0000000000000000     
       n_pass,     n_total
       50000       50039
 ITERATION            3 :
   123.42475924980704      +\-   5.1264194944515520E-002
 precision:   4.1534774105379238E-004
 max=   4836.5366997367673     
 min=   0.0000000000000000     
       n_pass,     n_total
       60000       60141
 max=   4836.5366997367673     
 min=   0.0000000000000000     
       n_pass,     n_total
       70000       70141
 ITERATION            4 :
   123.46335301548976      +\-   3.6752369973597654E-002
 precision:   2.9767837237489156E-004
 max=   4840.4132611701125     
 min=   0.0000000000000000     
       n_pass,     n_total
       80000       80367
 max=   4840.4132611701125     
 min=   0.0000000000000000     
       n_pass,     n_total
       90000       90367
 ITERATION            5 :
   123.45296054159094      +\-   2.8187510107152550E-002
 precision:   2.2832591444946565E-004
 max=   4840.4132611701125     
 min=   0.0000000000000000     
       n_pass,     n_total
      100000      100719
 max=   4840.4132611701125     
 min=   0.0000000000000000     
       n_pass,     n_total
      110000      110719
 ITERATION            6 :
   123.46692565107620      +\-   2.3965184199332360E-002
 precision:   1.9410205666786575E-004
 max=   4840.4132611701125     
 min=   0.0000000000000000     
       n_pass,     n_total
      120000      120997
 max=   4840.4132611701125     
 min=   0.0000000000000000     
       n_pass,     n_total
      130000      130997
 ITERATION            7 :
   123.52543754271301      +\-   2.4243646271428949E-002
 precision:   1.9626440313596063E-004
 max=   4840.6514002985814     
 min=   0.0000000000000000     
       n_pass,     n_total
      140000      141447
 max=   4840.6514002985814     
 min=   0.0000000000000000     
       n_pass,     n_total
      150000      151447
 ITERATION            8 :
   123.44997484721843      +\-   2.3404876006212608E-002
 precision:   1.8958996172480764E-004
 max=   4840.6514002985814     
 min=   0.0000000000000000     
       n_pass,     n_total
      160000      161787
 max=   4840.6514002985814     
 min=   0.0000000000000000     
       n_pass,     n_total
      170000      171787
 ITERATION            9 :
   123.47458587564689      +\-   2.1463016569824293E-002
 precision:   1.7382537805342403E-004
 max=   4840.6514002985814     
 min=   0.0000000000000000     
       n_pass,     n_total
      180000      182139
 max=   4840.6514002985814     
 min=   0.0000000000000000     
       n_pass,     n_total
      190000      192139
 ITERATION           10 :
   123.48185786934189      +\-   2.4428947952912020E-002
 precision:   1.9783430841120543E-004
 ====================NCALL=40K ===========================
  
 max=   4851.8503256180838     
 min=   0.0000000000000000     
       n_pass,     n_total
      200000      202792
 max=   4851.8503256180838     
 min=   0.0000000000000000     
       n_pass,     n_total
      210000      212792
 max=   4851.8503256180838     
 min=   0.0000000000000000     
       n_pass,     n_total
      220000      222792
 max=   4851.8503256180838     
 min=   0.0000000000000000     
       n_pass,     n_total
      230000      232792
   123.49323630039579      +\-   1.1622092435433381E-002
 precision:   9.4111165790187752E-005
 ====================NCALL=80K ===========================
  
 max=   4853.9818668212647     
 min=   0.0000000000000000     
       n_pass,     n_total
      240000      244473
 max=   4853.9818668212647     
 min=   0.0000000000000000     
       n_pass,     n_total
      250000      254473
 max=   4853.9818668212647     
 min=   0.0000000000000000     
       n_pass,     n_total
      260000      264473
 max=   4853.9818668212647     
 min=   0.0000000000000000     
       n_pass,     n_total
      270000      274473
 max=   4853.9818668212647     
 min=   0.0000000000000000     
       n_pass,     n_total
      280000      284473
 max=   4853.9818668212647     
 min=   0.0000000000000000     
       n_pass,     n_total
      290000      294473
 max=   4853.9818668212647     
 min=   0.0000000000000000     
       n_pass,     n_total
      300000      304473
 max=   4854.2286208962723     
 min=   0.0000000000000000     
       n_pass,     n_total
      310000      314563
   123.47286571869809      +\-   5.4459293736790829E-003
 precision:   4.4106284745073184E-005
 sigma (pb)                   sd (pb)
   123.47286571869809        5.4459293736790829E-003
