 =======================================================
 |                                                     |
 |         \/\/\/\/\/\___________/\/\/\/\/\/           |
 |                   |     \     |                     |
 |                   |     /     |                     |
 |                   |     \     |                     |
 |         /\/\/\/\/\|_____/_____|/\/\/\/\/\           |
 |                                                     |
 | Light-by-light scattering at next-to-leading order  |
 |                   (VERSION 0.5)                     |
 |                                                     |
 |    Authors:                                         |
 |            Ajjath A.H. (LPTHE Paris)                |
 |            Ekta Chaubey (Bonn)                      |
 |            Mathijs Fraaije (Bern)                   |
 |            Valentin Hirschi (Bern)                  |
 |            Hua-Sheng Shao (LPTHE Paris)             |
 |                                                     |
 |    Please cite                                      |
 |            PLB 851 (2024) 138555 [arXiv:2312.16956] |
 |            JHEP 03 (2024) 121    [arXiv:2312.16966] |
 |                                                     |
 =======================================================
 ---------------------------------------------------
         the cuts in the lab frame                  
 min transverse momentum of photon    0.0000000000000000     
 max (pseudo-)rapidity of photon    5.0000000000000000     
 min (pseudo-)rapidity of photon   -5.0000000000000000     
 min invariant mass of di-photon    0.0000000000000000     
 ---------------------------------------------------
 max=   3.0242959069635290E-006
 min=   0.0000000000000000     
       n_pass,     n_total
       10000       10000
  
 ====================NCALL=20K===========================
  
 ITERATION            1 :
   1.2108396288133969E-006 +\-   8.4574630190983209E-010
 precision:   6.9847920549036681E-004
 max=   3.0242959069635290E-006
 min=   0.0000000000000000     
       n_pass,     n_total
       20000       20001
 max=   3.0242959069635290E-006
 min=   0.0000000000000000     
       n_pass,     n_total
       30000       30001
 ITERATION            2 :
   1.2115370827739505E-006 +\-   5.5874254037426637E-010
 precision:   4.6118484388027350E-004
 max=   3.0245577379573748E-006
 min=   0.0000000000000000     
       n_pass,     n_total
       40000       40001
 max=   3.0245577379573748E-006
 min=   0.0000000000000000     
       n_pass,     n_total
       50000       50001
 ITERATION            3 :
   1.2114516309798056E-006 +\-   5.7028645442151427E-010
 precision:   4.7074636728193129E-004
 max=   3.0245577379573748E-006
 min=   0.0000000000000000     
       n_pass,     n_total
       60000       60002
 max=   3.0245577379573748E-006
 min=   0.0000000000000000     
       n_pass,     n_total
       70000       70002
 ITERATION            4 :
   1.2113046818872290E-006 +\-   3.7715266338876556E-010
 precision:   3.1136069151582626E-004
 max=   3.0245577379573748E-006
 min=   0.0000000000000000     
       n_pass,     n_total
       80000       80004
 max=   3.0245577379573748E-006
 min=   0.0000000000000000     
       n_pass,     n_total
       90000       90004
 ITERATION            5 :
   1.2104742328489396E-006 +\-   6.0945184620790946E-010
 precision:   5.0348188310751557E-004
 max=   3.0245577379573748E-006
 min=   0.0000000000000000     
       n_pass,     n_total
      100000      100005
 max=   3.0245577379573748E-006
 min=   0.0000000000000000     
       n_pass,     n_total
      110000      110005
 ITERATION            6 :
   1.2111237777615117E-006 +\-   4.6994612832644399E-010
 precision:   3.8802485506067190E-004
 max=   3.0245577379573748E-006
 min=   0.0000000000000000     
       n_pass,     n_total
      120000      120008
 max=   3.0245577379573748E-006
 min=   0.0000000000000000     
       n_pass,     n_total
      130000      130008
 ITERATION            7 :
   1.2107341119630996E-006 +\-   3.8627749731010994E-010
 precision:   3.1904403575760721E-004
 max=   3.0245577379573748E-006
 min=   0.0000000000000000     
       n_pass,     n_total
      140000      140010
 max=   3.0245577379573748E-006
 min=   0.0000000000000000     
       n_pass,     n_total
      150000      150010
 ITERATION            8 :
   1.2104463539957937E-006 +\-   3.8502312024135432E-010
 precision:   3.1808358872771017E-004
 max=   3.0245577379573748E-006
 min=   0.0000000000000000     
       n_pass,     n_total
      160000      160015
 max=   3.0245577379573748E-006
 min=   0.0000000000000000     
       n_pass,     n_total
      170000      170015
 ITERATION            9 :
   1.2107658651636966E-006 +\-   3.4089921289125787E-010
 precision:   2.8155667639768485E-004
 max=   3.0245577379573748E-006
 min=   0.0000000000000000     
       n_pass,     n_total
      180000      180018
 max=   3.0245577379573748E-006
 min=   0.0000000000000000     
       n_pass,     n_total
      190000      190018
 ITERATION           10 :
   1.2110924330667677E-006 +\-   3.9124537539611487E-010
 precision:   3.2305162241447633E-004
 ====================NCALL=40K ===========================
  
 max=   3.0245577379573748E-006
 min=   0.0000000000000000     
       n_pass,     n_total
      200000      200021
 max=   3.0245577379573748E-006
 min=   0.0000000000000000     
       n_pass,     n_total
      210000      210021
 max=   3.0245577379573748E-006
 min=   0.0000000000000000     
       n_pass,     n_total
      220000      220021
 max=   3.0245577379573748E-006
 min=   0.0000000000000000     
       n_pass,     n_total
      230000      230021
   1.2113075815346116E-006 +\-   2.1932887241996779E-010
 precision:   1.8106786068497891E-004
 ====================NCALL=80K ===========================
  
 max=   3.0246274389184497E-006
 min=   0.0000000000000000     
       n_pass,     n_total
      240000      240028
 max=   3.0246274389184497E-006
 min=   0.0000000000000000     
       n_pass,     n_total
      250000      250028
 max=   3.0246274389184497E-006
 min=   0.0000000000000000     
       n_pass,     n_total
      260000      260028
 max=   3.0246274389184497E-006
 min=   0.0000000000000000     
       n_pass,     n_total
      270000      270028
 max=   3.0246274389184497E-006
 min=   0.0000000000000000     
       n_pass,     n_total
      280000      280028
 max=   3.0246274389184497E-006
 min=   0.0000000000000000     
       n_pass,     n_total
      290000      290028
 max=   3.0246274389184497E-006
 min=   0.0000000000000000     
       n_pass,     n_total
      300000      300028
 max=   3.0246274389184497E-006
 min=   0.0000000000000000     
       n_pass,     n_total
      310000      310028
   1.2112459054808796E-006 +\-   1.2863810170695719E-010
 precision:   1.0620312615701787E-004
 sigma (pb)                   sd (pb)
   1.2112459054808796E-006   1.2863810170695719E-010
