 =======================================================
 |                                                     |
 |         \/\/\/\/\/\___________/\/\/\/\/\/           |
 |                   |     \     |                     |
 |                   |     /     |                     |
 |                   |     \     |                     |
 |         /\/\/\/\/\|_____/_____|/\/\/\/\/\           |
 |                                                     |
 | Light-by-light scattering at next-to-leading order  |
 |                   (VERSION 0.5)                     |
 |                                                     |
 |    Authors:                                         |
 |            Ajjath A.H. (LPTHE Paris)                |
 |            Ekta Chaubey (Bonn)                      |
 |            Mathijs Fraaije (Bern)                   |
 |            Valentin Hirschi (Bern)                  |
 |            Hua-Sheng Shao (LPTHE Paris)             |
 |                                                     |
 |    Please cite                                      |
 |            PLB 851 (2024) 138555 [arXiv:2312.16956] |
 |            JHEP 03 (2024) 121    [arXiv:2312.16966] |
 |                                                     |
 =======================================================
 ---------------------------------------------------
         the cuts in the lab frame                  
 min transverse momentum of photon    0.0000000000000000     
 max (pseudo-)rapidity of photon    5.0000000000000000     
 min (pseudo-)rapidity of photon   -5.0000000000000000     
 min invariant mass of di-photon    0.0000000000000000     
 ---------------------------------------------------
 max=   1893.6565747949496     
 min=   0.0000000000000000     
       n_pass,     n_total
       10000       10000
  
 ====================NCALL=20K===========================
  
 ITERATION            1 :
   76.719890239691338      +\-  0.21798153921590493     
 precision:   2.8412650035718029E-003
 WARNING: outside the range of the grid (xs,xt)=   11.137660948986412       -11.137114962390926     
 WARNING: set the 2-loop amplitudes to zero
 WARNING: outside the range of the grid (xs,xt)=   10.812491349480968       -10.811961303238077     
 WARNING: set the 2-loop amplitudes to zero
 WARNING: outside the range of the grid (xs,xt)=   5.2058475635152037       -5.2055923642412409     
 WARNING: set the 2-loop amplitudes to zero
 WARNING: outside the range of the grid (xs,xt)=  0.55552177777777789      -0.55549454517969865     
 WARNING: set the 2-loop amplitudes to zero
 WARNING: outside the range of the grid (xs,xt)=   5.5398293628808874E-002  -5.5395577912656924E-002
 WARNING: set the 2-loop amplitudes to zero
 INFO: will suppress the further warning
 max=   2113.8963493060673     
 min=   0.0000000000000000     
       n_pass,     n_total
       20000       20007
 max=   2113.8963493060673     
 min=   0.0000000000000000     
       n_pass,     n_total
       30000       30007
 ITERATION            2 :
   76.441313373524551      +\-   5.7825799862465929E-002
 precision:   7.5647313357771130E-004
 max=   2133.6794631531020     
 min=   0.0000000000000000     
       n_pass,     n_total
       40000       40036
 max=   2133.6794631531020     
 min=   0.0000000000000000     
       n_pass,     n_total
       50000       50036
 ITERATION            3 :
   76.386978559776878      +\-   2.5568469266783904E-002
 precision:   3.3472287749639442E-004
 max=   2134.3966097112975     
 min=   0.0000000000000000     
       n_pass,     n_total
       60000       60122
 max=   2134.3966097112975     
 min=   0.0000000000000000     
       n_pass,     n_total
       70000       70122
 ITERATION            4 :
   76.405309992284032      +\-   1.9674206642566208E-002
 precision:   2.5749789699895274E-004
 max=   2152.0815201677533     
 min=   0.0000000000000000     
       n_pass,     n_total
       80000       80306
 max=   2152.0815201677533     
 min=   0.0000000000000000     
       n_pass,     n_total
       90000       90306
 ITERATION            5 :
   76.393893452358256      +\-   1.5844959924446511E-002
 precision:   2.0741134151420034E-004
 max=   2152.0815201677533     
 min=   0.0000000000000000     
       n_pass,     n_total
      100000      100601
 max=   2152.0815201677533     
 min=   0.0000000000000000     
       n_pass,     n_total
      110000      110601
 ITERATION            6 :
   76.408786792303928      +\-   1.3739959755001063E-002
 precision:   1.7982172380709733E-004
 max=   2155.0604992289973     
 min=   0.0000000000000000     
       n_pass,     n_total
      120000      120896
 max=   2155.0604992289973     
 min=   0.0000000000000000     
       n_pass,     n_total
      130000      130896
 ITERATION            7 :
   76.434478516199420      +\-   1.2917272252965229E-002
 precision:   1.6899797713969568E-004
 max=   2159.9605303044264     
 min=   0.0000000000000000     
       n_pass,     n_total
      140000      141265
 max=   2159.9605303044264     
 min=   0.0000000000000000     
       n_pass,     n_total
      150000      151265
 ITERATION            8 :
   76.390682265070339      +\-   1.2911672016868141E-002
 precision:   1.6902155647812570E-004
 max=   2159.9605303044264     
 min=   0.0000000000000000     
       n_pass,     n_total
      160000      161490
 max=   2159.9605303044264     
 min=   0.0000000000000000     
       n_pass,     n_total
      170000      171490
 ITERATION            9 :
   76.409428347040489      +\-   1.3241260483362610E-002
 precision:   1.7329354203806806E-004
 max=   2159.9605303044264     
 min=   0.0000000000000000     
       n_pass,     n_total
      180000      181892
 max=   2159.9605303044264     
 min=   0.0000000000000000     
       n_pass,     n_total
      190000      191892
 ITERATION           10 :
   76.420175901131330      +\-   1.3362389601312797E-002
 precision:   1.7485421151870156E-004
 ====================NCALL=40K ===========================
  
 max=   2159.9605303044264     
 min=   0.0000000000000000     
       n_pass,     n_total
      200000      202182
 max=   2159.9605303044264     
 min=   0.0000000000000000     
       n_pass,     n_total
      210000      212182
 max=   2159.9605303044264     
 min=   0.0000000000000000     
       n_pass,     n_total
      220000      222182
 max=   2159.9605303044264     
 min=   0.0000000000000000     
       n_pass,     n_total
      230000      232182
   76.412544681484732      +\-   7.0682427540198480E-003
 precision:   9.2501077977220276E-005
 ====================NCALL=80K ===========================
  
 max=   2159.9605303044264     
 min=   0.0000000000000000     
       n_pass,     n_total
      240000      243488
 max=   2159.9605303044264     
 min=   0.0000000000000000     
       n_pass,     n_total
      250000      253488
 max=   2159.9605303044264     
 min=   0.0000000000000000     
       n_pass,     n_total
      260000      263488
 max=   2159.9605303044264     
 min=   0.0000000000000000     
       n_pass,     n_total
      270000      273488
 max=   2159.9605303044264     
 min=   0.0000000000000000     
       n_pass,     n_total
      280000      283488
 max=   2159.9605303044264     
 min=   0.0000000000000000     
       n_pass,     n_total
      290000      293488
 max=   2159.9605303044264     
 min=   0.0000000000000000     
       n_pass,     n_total
      300000      303488
 max=   2159.9605303044264     
 min=   0.0000000000000000     
       n_pass,     n_total
      310000      313488
   76.412334320033935      +\-   3.2549569904040481E-003
 precision:   4.2597272015948048E-005
 sigma (pb)                   sd (pb)
   76.412334320033935        3.2549569904040481E-003
