 =======================================================
 |                                                     |
 |         \/\/\/\/\/\___________/\/\/\/\/\/           |
 |                   |     \     |                     |
 |                   |     /     |                     |
 |                   |     \     |                     |
 |         /\/\/\/\/\|_____/_____|/\/\/\/\/\           |
 |                                                     |
 | Light-by-light scattering at next-to-leading order  |
 |                   (VERSION 0.5)                     |
 |                                                     |
 |    Authors:                                         |
 |            Ajjath A.H. (LPTHE Paris)                |
 |            Ekta Chaubey (Bonn)                      |
 |            Mathijs Fraaije (Bern)                   |
 |            Valentin Hirschi (Bern)                  |
 |            Hua-Sheng Shao (LPTHE Paris)             |
 |                                                     |
 |    Please cite                                      |
 |            PLB 851 (2024) 138555 [arXiv:2312.16956] |
 |            JHEP 03 (2024) 121    [arXiv:2312.16966] |
 |                                                     |
 =======================================================
 ---------------------------------------------------
         the cuts in the lab frame                  
 min transverse momentum of photon    0.0000000000000000     
 max (pseudo-)rapidity of photon    5.0000000000000000     
 min (pseudo-)rapidity of photon   -5.0000000000000000     
 min invariant mass of di-photon    0.0000000000000000     
 ---------------------------------------------------
 max=   1694571.7840671360     
 min=   0.0000000000000000     
       n_pass,     n_total
       10000       10000
  
 ====================NCALL=20K===========================
  
 ITERATION            1 :
   155300.39433686316      +\-   247.16456095124789     
 precision:   1.5915256494141382E-003
 max=   1704771.6565175997     
 min=   0.0000000000000000     
       n_pass,     n_total
       20000       20007
 max=   1704771.6565175997     
 min=   0.0000000000000000     
       n_pass,     n_total
       30000       30007
 ITERATION            2 :
   154783.54663862588      +\-   50.501875333664799     
 precision:   3.2627418372555998E-004
 WARNING: outside the range of the grid (xs,xt)=   567.20409312157972       -567.17834010879960     
 WARNING: set the 2-loop amplitudes to zero
 WARNING: outside the range of the grid (xs,xt)=   1.1517415836933767E-002  -1.1516892906720746E-002
 WARNING: set the 2-loop amplitudes to zero
 max=   1706475.3898854477     
 min=   0.0000000000000000     
       n_pass,     n_total
       40000       40029
 max=   1706475.3898854477     
 min=   0.0000000000000000     
       n_pass,     n_total
       50000       50029
 WARNING: outside the range of the grid (xs,xt)=   567.20409312157972       -2.5891298452406043E-002
 WARNING: set the 2-loop amplitudes to zero
 WARNING: outside the range of the grid (xs,xt)=   1.1517415836933767E-002  -5.2573818569147919E-007
 WARNING: set the 2-loop amplitudes to zero
 ITERATION            3 :
   154718.91243078464      +\-   38.936024613150757     
 precision:   2.5165652990593023E-004
 WARNING: outside the range of the grid (xs,xt)=   567.20409312157972       -567.17601250223754     
 WARNING: set the 2-loop amplitudes to zero
 INFO: will suppress the further warning
 max=   1718696.9137864991     
 min=   0.0000000000000000     
       n_pass,     n_total
       60000       60077
 max=   1718696.9137864991     
 min=   0.0000000000000000     
       n_pass,     n_total
       70000       70077
 ITERATION            4 :
   154713.51930045956      +\-   33.921263065723871     
 precision:   2.1925209392882779E-004
 max=   1718697.5039287447     
 min=   0.0000000000000000     
       n_pass,     n_total
       80000       80149
 max=   1718697.5039287447     
 min=   0.0000000000000000     
       n_pass,     n_total
       90000       90149
 ITERATION            5 :
   154733.01829485383      +\-   30.117062222994985     
 precision:   1.9463888544851471E-004
 max=   1723991.2417994395     
 min=   0.0000000000000000     
       n_pass,     n_total
      100000      100256
 max=   1723991.2417994395     
 min=   0.0000000000000000     
       n_pass,     n_total
      110000      110256
 ITERATION            6 :
   154716.70995048934      +\-   28.736925932979901     
 precision:   1.8573899317129972E-004
 max=   1723991.2417994395     
 min=   0.0000000000000000     
       n_pass,     n_total
      120000      120376
 max=   1723991.2417994395     
 min=   0.0000000000000000     
       n_pass,     n_total
      130000      130376
 ITERATION            7 :
   154774.45539141630      +\-   27.709017704469865     
 precision:   1.7902836507739759E-004
 max=   1723991.2417994395     
 min=   0.0000000000000000     
       n_pass,     n_total
      140000      140516
 max=   1723991.2417994395     
 min=   0.0000000000000000     
       n_pass,     n_total
      150000      150516
 ITERATION            8 :
   154683.93050756387      +\-   27.307718506264600     
 precision:   1.7653881962179183E-004
 max=   1723991.2417994395     
 min=   0.0000000000000000     
       n_pass,     n_total
      160000      160665
 max=   1723991.2417994395     
 min=   0.0000000000000000     
       n_pass,     n_total
      170000      170665
 ITERATION            9 :
   154728.43454152666      +\-   26.671098274772184     
 precision:   1.7237360640144062E-004
 max=   1723991.2417994395     
 min=   0.0000000000000000     
       n_pass,     n_total
      180000      180827
 max=   1723991.2417994395     
 min=   0.0000000000000000     
       n_pass,     n_total
      190000      190827
 ITERATION           10 :
   154757.11266890352      +\-   26.675052773997258     
 precision:   1.7236721669179391E-004
 ====================NCALL=40K ===========================
  
 max=   1727328.8969654401     
 min=   0.0000000000000000     
       n_pass,     n_total
      200000      201090
 max=   1727328.8969654401     
 min=   0.0000000000000000     
       n_pass,     n_total
      210000      211090
 max=   1727328.8969654401     
 min=   0.0000000000000000     
       n_pass,     n_total
      220000      221090
 max=   1727328.8969654401     
 min=   0.0000000000000000     
       n_pass,     n_total
      230000      231090
   154753.75708057848      +\-   13.159228812843853     
 precision:   8.5033339810884181E-005
 ====================NCALL=80K ===========================
  
 max=   1727328.8969654401     
 min=   0.0000000000000000     
       n_pass,     n_total
      240000      241642
 max=   1727328.8969654401     
 min=   0.0000000000000000     
       n_pass,     n_total
      250000      251642
 max=   1727328.8969654401     
 min=   0.0000000000000000     
       n_pass,     n_total
      260000      261642
 max=   1727328.8969654401     
 min=   0.0000000000000000     
       n_pass,     n_total
      270000      271642
 max=   1727328.8969654401     
 min=   0.0000000000000000     
       n_pass,     n_total
      280000      281642
 max=   1727328.8969654401     
 min=   0.0000000000000000     
       n_pass,     n_total
      290000      291642
 max=   1727328.8969654401     
 min=   0.0000000000000000     
       n_pass,     n_total
      300000      301642
 max=   1727328.8969654401     
 min=   0.0000000000000000     
       n_pass,     n_total
      310000      311642
   154732.88610351909      +\-   6.0422389868163204     
 precision:   3.9049481587087786E-005
 sigma (pb)                   sd (pb)
   154732.88610351909        6.0422389868163204     
