 =======================================================
 |                                                     |
 |         \/\/\/\/\/\___________/\/\/\/\/\/           |
 |                   |     \     |                     |
 |                   |     /     |                     |
 |                   |     \     |                     |
 |         /\/\/\/\/\|_____/_____|/\/\/\/\/\           |
 |                                                     |
 | Light-by-light scattering at next-to-leading order  |
 |                   (VERSION 0.5)                     |
 |                                                     |
 |    Authors:                                         |
 |            Ajjath A.H. (LPTHE Paris)                |
 |            Ekta Chaubey (Bonn)                      |
 |            Mathijs Fraaije (Bern)                   |
 |            Valentin Hirschi (Bern)                  |
 |            Hua-Sheng Shao (LPTHE Paris)             |
 |                                                     |
 |    Please cite                                      |
 |            PLB 851 (2024) 138555 [arXiv:2312.16956] |
 |            JHEP 03 (2024) 121    [arXiv:2312.16966] |
 |                                                     |
 =======================================================
 ---------------------------------------------------
         the cuts in the lab frame                  
 min transverse momentum of photon    0.0000000000000000     
 max (pseudo-)rapidity of photon    5.0000000000000000     
 min (pseudo-)rapidity of photon   -5.0000000000000000     
 min invariant mass of di-photon    0.0000000000000000     
 ---------------------------------------------------
 max=   2368451.7323127254     
 min=   0.0000000000000000     
       n_pass,     n_total
       10000       10000
  
 ====================NCALL=20K===========================
  
 ITERATION            1 :
   390545.26037058159      +\-   239.03277755227697     
 precision:   6.1204885017798684E-004
 WARNING: outside the range of the grid (xs,xt)=   199.63312027757249       -199.62358219977520     
 WARNING: set the 2-loop amplitudes to zero
 max=   2426054.1491303067     
 min=   0.0000000000000000     
       n_pass,     n_total
       20000       20005
 max=   2426054.1491303067     
 min=   0.0000000000000000     
       n_pass,     n_total
       30000       30005
 ITERATION            2 :
   390028.13645751658      +\-   77.271969556690522     
 precision:   1.9811896202803127E-004
 max=   2454571.1190198013     
 min=   0.0000000000000000     
       n_pass,     n_total
       40000       40025
 max=   2454571.1190198013     
 min=   0.0000000000000000     
       n_pass,     n_total
       50000       50025
 ITERATION            3 :
   389882.58149225987      +\-   72.392499334911207     
 precision:   1.8567769572529205E-004
 max=   2454571.1190198013     
 min=   0.0000000000000000     
       n_pass,     n_total
       60000       60060
 max=   2454571.1190198013     
 min=   0.0000000000000000     
       n_pass,     n_total
       70000       70060
 WARNING: outside the range of the grid (xs,xt)=   199.63312027757249       -9.1157874686185573E-003
 WARNING: set the 2-loop amplitudes to zero
 WARNING: outside the range of the grid (xs,xt)=   199.63312027757249       -9.6735151104321015E-003
 WARNING: set the 2-loop amplitudes to zero
 ITERATION            4 :
   389902.46801935602      +\-   64.391902353521687     
 precision:   1.6514874266024154E-004
 WARNING: outside the range of the grid (xs,xt)=   199.63312027757249       -199.62336478067948     
 WARNING: set the 2-loop amplitudes to zero
 WARNING: outside the range of the grid (xs,xt)=   199.63312027757249       -199.62376470278974     
 WARNING: set the 2-loop amplitudes to zero
 INFO: will suppress the further warning
 max=   2454571.1190198013     
 min=   0.0000000000000000     
       n_pass,     n_total
       80000       80103
 max=   2454571.1190198013     
 min=   0.0000000000000000     
       n_pass,     n_total
       90000       90103
 ITERATION            5 :
   389949.29286300944      +\-   57.958425158360043     
 precision:   1.4863067126709995E-004
 max=   2454992.7191684577     
 min=   0.0000000000000000     
       n_pass,     n_total
      100000      100163
 max=   2454992.7191684577     
 min=   0.0000000000000000     
       n_pass,     n_total
      110000      110163
 ITERATION            6 :
   389902.30118915188      +\-   55.807133538901077     
 precision:   1.4313106993392062E-004
 max=   2457716.4461548766     
 min=   0.0000000000000000     
       n_pass,     n_total
      120000      120220
 max=   2457716.4461548766     
 min=   0.0000000000000000     
       n_pass,     n_total
      130000      130220
 ITERATION            7 :
   390016.87819844001      +\-   54.071414283789288     
 precision:   1.3863865208489217E-004
 max=   2457716.4461548766     
 min=   0.0000000000000000     
       n_pass,     n_total
      140000      140288
 max=   2457716.4461548766     
 min=   0.0000000000000000     
       n_pass,     n_total
      150000      150288
 ITERATION            8 :
   389846.90932398842      +\-   53.684617804852884     
 precision:   1.3770692166816036E-004
 max=   2457716.4461548766     
 min=   0.0000000000000000     
       n_pass,     n_total
      160000      160362
 max=   2457716.4461548766     
 min=   0.0000000000000000     
       n_pass,     n_total
      170000      170362
 ITERATION            9 :
   389964.48848917254      +\-   52.219554296852195     
 precision:   1.3390848612694148E-004
 max=   2457716.4461548766     
 min=   0.0000000000000000     
       n_pass,     n_total
      180000      180435
 max=   2457716.4461548766     
 min=   0.0000000000000000     
       n_pass,     n_total
      190000      190435
 ITERATION           10 :
   389995.34382912942      +\-   53.669816183623844     
 precision:   1.3761655628160131E-004
 ====================NCALL=40K ===========================
  
 max=   2457716.4461548766     
 min=   0.0000000000000000     
       n_pass,     n_total
      200000      200578
 max=   2457716.4461548766     
 min=   0.0000000000000000     
       n_pass,     n_total
      210000      210578
 max=   2457716.4461548766     
 min=   0.0000000000000000     
       n_pass,     n_total
      220000      220578
 max=   2457716.4461548766     
 min=   0.0000000000000000     
       n_pass,     n_total
      230000      230578
   389955.71603929764      +\-   26.957828564105025     
 precision:   6.9130487015064965E-005
 ====================NCALL=80K ===========================
  
 max=   2464854.3379224441     
 min=   0.0000000000000000     
       n_pass,     n_total
      240000      240914
 max=   2464854.3379224441     
 min=   0.0000000000000000     
       n_pass,     n_total
      250000      250914
 max=   2464854.3379224441     
 min=   0.0000000000000000     
       n_pass,     n_total
      260000      260914
 max=   2464854.3379224441     
 min=   0.0000000000000000     
       n_pass,     n_total
      270000      270914
 max=   2464854.3379224441     
 min=   0.0000000000000000     
       n_pass,     n_total
      280000      280914
 max=   2464854.3379224441     
 min=   0.0000000000000000     
       n_pass,     n_total
      290000      290914
 max=   2464854.3379224441     
 min=   0.0000000000000000     
       n_pass,     n_total
      300000      300914
 max=   2464854.3379224441     
 min=   0.0000000000000000     
       n_pass,     n_total
      310000      310914
   389922.93579700723      +\-   13.316570591118566     
 precision:   3.4151801211435107E-005
 sigma (pb)                   sd (pb)
   389922.93579700723        13.316570591118566     
