 =======================================================
 |                                                     |
 |         \/\/\/\/\/\___________/\/\/\/\/\/           |
 |                   |     \     |                     |
 |                   |     /     |                     |
 |                   |     \     |                     |
 |         /\/\/\/\/\|_____/_____|/\/\/\/\/\           |
 |                                                     |
 | Light-by-light scattering at next-to-leading order  |
 |                   (VERSION 0.5)                     |
 |                                                     |
 |    Authors:                                         |
 |            Ajjath A.H. (LPTHE Paris)                |
 |            Ekta Chaubey (Bonn)                      |
 |            Mathijs Fraaije (Bern)                   |
 |            Valentin Hirschi (Bern)                  |
 |            Hua-Sheng Shao (LPTHE Paris)             |
 |                                                     |
 |    Please cite                                      |
 |            PLB 851 (2024) 138555 [arXiv:2312.16956] |
 |            JHEP 03 (2024) 121    [arXiv:2312.16966] |
 |                                                     |
 =======================================================
 ---------------------------------------------------
         the cuts in the lab frame                  
 min transverse momentum of photon    0.0000000000000000     
 max (pseudo-)rapidity of photon    5.0000000000000000     
 min (pseudo-)rapidity of photon   -5.0000000000000000     
 min invariant mass of di-photon    0.0000000000000000     
 ---------------------------------------------------
 max=   5.3961863480292607E-007
 min=   0.0000000000000000     
       n_pass,     n_total
       10000       10000
  
 ====================NCALL=20K===========================
  
 ITERATION            1 :
   2.7012141403748209E-007 +\-   6.2151711782784101E-010
 precision:   2.3008805875035115E-003
 max=   1.6665002623363929E-006
 min=   0.0000000000000000     
       n_pass,     n_total
       20000       20001
 max=   1.6665002623363929E-006
 min=   0.0000000000000000     
       n_pass,     n_total
       30000       30001
 ITERATION            2 :
   2.7118274121278893E-007 +\-   4.1406614454981656E-010
 precision:   1.5268897375180352E-003
 max=   1.6665002623363929E-006
 min=   0.0000000000000000     
       n_pass,     n_total
       40000       40001
 max=   1.6665002623363929E-006
 min=   0.0000000000000000     
       n_pass,     n_total
       50000       50001
 ITERATION            3 :
   2.7091746679920906E-007 +\-   4.1472314988294351E-010
 precision:   1.5308099355229698E-003
 max=   1.6665002623363929E-006
 min=   0.0000000000000000     
       n_pass,     n_total
       60000       60001
 max=   1.6665002623363929E-006
 min=   0.0000000000000000     
       n_pass,     n_total
       70000       70001
 ITERATION            4 :
   2.7098717042969264E-007 +\-   4.4043422411888090E-010
 precision:   1.6252954832529651E-003
 max=   1.6665328229715198E-006
 min=   0.0000000000000000     
       n_pass,     n_total
       80000       80002
 max=   1.6665328229715198E-006
 min=   0.0000000000000000     
       n_pass,     n_total
       90000       90002
 ITERATION            5 :
   2.7058398823498355E-007 +\-   3.9874102830399540E-010
 precision:   1.4736312776856414E-003
 max=   1.6666031786614694E-006
 min=   0.0000000000000000     
       n_pass,     n_total
      100000      100002
 max=   1.6666031786614694E-006
 min=   0.0000000000000000     
       n_pass,     n_total
      110000      110002
 ITERATION            6 :
   2.7081021347501518E-007 +\-   4.3411185785025755E-010
 precision:   1.6030113941411907E-003
 max=   1.6666031786614694E-006
 min=   0.0000000000000000     
       n_pass,     n_total
      120000      120004
 max=   1.6666031786614694E-006
 min=   0.0000000000000000     
       n_pass,     n_total
      130000      130004
 ITERATION            7 :
   2.7035930252633251E-007 +\-   4.0304003485432376E-010
 precision:   1.4907570447481398E-003
 max=   1.6666031786614694E-006
 min=   0.0000000000000000     
       n_pass,     n_total
      140000      140005
 max=   1.6666031786614694E-006
 min=   0.0000000000000000     
       n_pass,     n_total
      150000      150005
 ITERATION            8 :
   2.7002336519474951E-007 +\-   4.4866693754905550E-010
 precision:   1.6615856084360053E-003
 max=   1.6666031786614694E-006
 min=   0.0000000000000000     
       n_pass,     n_total
      160000      160006
 max=   1.6666031786614694E-006
 min=   0.0000000000000000     
       n_pass,     n_total
      170000      170006
 ITERATION            9 :
   2.7033491930273573E-007 +\-   4.2733273262156674E-010
 precision:   1.5807529923391669E-003
 max=   1.6666031786614694E-006
 min=   0.0000000000000000     
       n_pass,     n_total
      180000      180006
 max=   1.6666031786614694E-006
 min=   0.0000000000000000     
       n_pass,     n_total
      190000      190006
 ITERATION           10 :
   2.7003971660223670E-007 +\-   3.9840143276001597E-010
 precision:   1.4753438411685700E-003
 ====================NCALL=40K ===========================
  
 max=   1.6666031786614694E-006
 min=   0.0000000000000000     
       n_pass,     n_total
      200000      200007
 max=   1.6666031786614694E-006
 min=   0.0000000000000000     
       n_pass,     n_total
      210000      210007
 max=   1.6666031786614694E-006
 min=   0.0000000000000000     
       n_pass,     n_total
      220000      220007
 max=   1.6666031786614694E-006
 min=   0.0000000000000000     
       n_pass,     n_total
      230000      230007
   2.6995535588203807E-007 +\-   2.6426980655214803E-010
 precision:   9.7893892747075400E-004
 ====================NCALL=80K ===========================
  
 max=   1.6666031786614694E-006
 min=   0.0000000000000000     
       n_pass,     n_total
      240000      240009
 max=   1.6666031786614694E-006
 min=   0.0000000000000000     
       n_pass,     n_total
      250000      250009
 max=   1.6666031786614694E-006
 min=   0.0000000000000000     
       n_pass,     n_total
      260000      260009
 max=   1.6666031786614694E-006
 min=   0.0000000000000000     
       n_pass,     n_total
      270000      270009
 max=   1.6666031786614694E-006
 min=   0.0000000000000000     
       n_pass,     n_total
      280000      280009
 max=   1.6666031786614694E-006
 min=   0.0000000000000000     
       n_pass,     n_total
      290000      290009
 max=   1.6666031786614694E-006
 min=   0.0000000000000000     
       n_pass,     n_total
      300000      300009
 max=   1.6666031786614694E-006
 min=   0.0000000000000000     
       n_pass,     n_total
      310000      310009
   2.7041647012539334E-007 +\-   1.3869558666526357E-010
 precision:   5.1289622485253870E-004
 sigma (pb)                   sd (pb)
   2.7041647012539334E-007   1.3869558666526357E-010
