 =======================================================
 |                                                     |
 |         \/\/\/\/\/\___________/\/\/\/\/\/           |
 |                   |     \     |                     |
 |                   |     /     |                     |
 |                   |     \     |                     |
 |         /\/\/\/\/\|_____/_____|/\/\/\/\/\           |
 |                                                     |
 | Light-by-light scattering at next-to-leading order  |
 |                   (VERSION 0.5)                     |
 |                                                     |
 |    Authors:                                         |
 |            Ajjath A.H. (LPTHE Paris)                |
 |            Ekta Chaubey (Bonn)                      |
 |            Mathijs Fraaije (Bern)                   |
 |            Valentin Hirschi (Bern)                  |
 |            Hua-Sheng Shao (LPTHE Paris)             |
 |                                                     |
 |    Please cite                                      |
 |            PLB 851 (2024) 138555 [arXiv:2312.16956] |
 |            JHEP 03 (2024) 121    [arXiv:2312.16966] |
 |                                                     |
 =======================================================
 ---------------------------------------------------
         the cuts in the lab frame                  
 min transverse momentum of photon    0.0000000000000000     
 max (pseudo-)rapidity of photon    5.0000000000000000     
 min (pseudo-)rapidity of photon   -5.0000000000000000     
 min invariant mass of di-photon    0.0000000000000000     
 ---------------------------------------------------
 max=   3131504.4660808826     
 min=   0.0000000000000000     
       n_pass,     n_total
       10000       10000
  
 ====================NCALL=20K===========================
  
 ITERATION            1 :
   1814103.0781250640      +\-   55.730782118114789     
 precision:   3.0720846455822349E-005
 WARNING: outside the range of the grid (xs,xt)=   7.2822462154636138       -7.2822461427568221     
 WARNING: set the 2-loop amplitudes to zero
 WARNING: outside the range of the grid (xs,xt)=   7.2822361479850111       -7.2822360752783197     
 WARNING: set the 2-loop amplitudes to zero
 max=   5677426237468414.0     
 min=   0.0000000000000000     
       n_pass,     n_total
       20000       20003
 max=   5677426237468414.0     
 min=   0.0000000000000000     
       n_pass,     n_total
       30000       30003
 ITERATION            2 :
   137526771538.00800      +\-   99174763347.308502     
 precision:  0.72113060052383893     
 WARNING: outside the range of the grid (xs,xt)=   7.2822617494305240       -7.2822616767235786     
 WARNING: set the 2-loop amplitudes to zero
 WARNING: outside the range of the grid (xs,xt)=   7.2822340245386892       -7.2822339518320192     
 WARNING: set the 2-loop amplitudes to zero
 WARNING: outside the range of the grid (xs,xt)=   7.2822693812391481       -7.2822693085321264     
 WARNING: set the 2-loop amplitudes to zero
 INFO: will suppress the further warning
 max=   6488859165085444.0     
 min=   0.0000000000000000     
       n_pass,     n_total
       40000       40065
 max=   6488859165085444.0     
 min=   0.0000000000000000     
       n_pass,     n_total
       50000       50065
 ITERATION            3 :
   19704957782.057396      +\-   10152414825.749495     
 precision:  0.51522134368610051     
 max=   6666909950324974.0     
 min=   0.0000000000000000     
       n_pass,     n_total
       60000       61241
 max=   6666909950324974.0     
 min=   0.0000000000000000     
       n_pass,     n_total
       70000       71241
 ITERATION            4 :
   43549555141.545692      +\-   5877267313.3493233     
 precision:  0.13495585188521222     
 max=   6673673902910131.0     
 min=   0.0000000000000000     
       n_pass,     n_total
       80000       90901
 ITERATION            5 :
   41130206665.434769      +\-   259786318.81144783     
 precision:   6.3161928877388425E-003
 max=   6674221030148515.0     
 min=   0.0000000000000000     
       n_pass,     n_total
       90000      105081
 max=   6674221030148515.0     
 min=   0.0000000000000000     
       n_pass,     n_total
      100000      115081
 ITERATION            6 :
   41473464472.939667      +\-   39294180.914689846     
 precision:   9.4745354443027670E-004
 max=   6674282041943313.0     
 min=   0.0000000000000000     
       n_pass,     n_total
      110000      127490
 ITERATION            7 :
   41430504237.161903      +\-   9955467.4895832762     
 precision:   2.4029317704160415E-004
 max=   6674345508442681.0     
 min=   0.0000000000000000     
       n_pass,     n_total
      120000      140067
 max=   6674345508442681.0     
 min=   0.0000000000000000     
       n_pass,     n_total
      130000      150067
 ITERATION            8 :
   41423797331.891922      +\-   2367279.5506574614     
 precision:   5.7147816065498848E-005
 max=   6674345508442681.0     
 min=   0.0000000000000000     
       n_pass,     n_total
      140000      161065
 max=   6674345508442681.0     
 min=   0.0000000000000000     
       n_pass,     n_total
      150000      171065
 ITERATION            9 :
   41421490962.376091      +\-   995763.74683184479     
 precision:   2.4039785234585482E-005
 max=   6674347063686249.0     
 min=   0.0000000000000000     
       n_pass,     n_total
      160000      184397
 max=   6674347063686249.0     
 min=   0.0000000000000000     
       n_pass,     n_total
      170000      194397
 ITERATION           10 :
   41422113800.519875      +\-   852144.72987909883     
 precision:   2.0572217390518681E-005
 ====================NCALL=40K ===========================
  
 max=   6674347063686249.0     
 min=   0.0000000000000000     
       n_pass,     n_total
      180000      208385
 max=   6674347063686249.0     
 min=   0.0000000000000000     
       n_pass,     n_total
      190000      218385
 max=   6674347063686249.0     
 min=   0.0000000000000000     
       n_pass,     n_total
      200000      228385
   41422041860.338371      +\-   334429.57988354651     
 precision:   8.0737106348145286E-006
 ====================NCALL=80K ===========================
  
 max=   6674347063686249.0     
 min=   0.0000000000000000     
       n_pass,     n_total
      210000      243023
 max=   6674347063686249.0     
 min=   0.0000000000000000     
       n_pass,     n_total
      220000      253023
 max=   6674347063686249.0     
 min=   0.0000000000000000     
       n_pass,     n_total
      230000      263023
 max=   6674347063686249.0     
 min=   0.0000000000000000     
       n_pass,     n_total
      240000      273023
 max=   6674347063686249.0     
 min=   0.0000000000000000     
       n_pass,     n_total
      250000      283023
 max=   6674347063686249.0     
 min=   0.0000000000000000     
       n_pass,     n_total
      260000      293023
 max=   6674347063686249.0     
 min=   0.0000000000000000     
       n_pass,     n_total
      270000      303023
 max=   6674347063686249.0     
 min=   0.0000000000000000     
       n_pass,     n_total
      280000      313023
   41421721315.260094      +\-   134307.00065452489     
 precision:   3.2424292470203338E-006
 sigma (pb)                   sd (pb)
   41421721315.260094        134307.00065452489     
