 =======================================================
 |                                                     |
 |         \/\/\/\/\/\___________/\/\/\/\/\/           |
 |                   |     \     |                     |
 |                   |     /     |                     |
 |                   |     \     |                     |
 |         /\/\/\/\/\|_____/_____|/\/\/\/\/\           |
 |                                                     |
 | Light-by-light scattering at next-to-leading order  |
 |                   (VERSION 0.5)                     |
 |                                                     |
 |    Authors:                                         |
 |            Ajjath A.H. (LPTHE Paris)                |
 |            Ekta Chaubey (Bonn)                      |
 |            Mathijs Fraaije (Bern)                   |
 |            Valentin Hirschi (Bern)                  |
 |            Hua-Sheng Shao (LPTHE Paris)             |
 |                                                     |
 |    Please cite                                      |
 |            PLB 851 (2024) 138555 [arXiv:2312.16956] |
 |            JHEP 03 (2024) 121    [arXiv:2312.16966] |
 |                                                     |
 =======================================================
 ---------------------------------------------------
         the cuts in the lab frame                  
 min transverse momentum of photon    0.0000000000000000     
 max (pseudo-)rapidity of photon    5.0000000000000000     
 min (pseudo-)rapidity of photon   -5.0000000000000000     
 min invariant mass of di-photon    0.0000000000000000     
 ---------------------------------------------------
 WARNING: outside the range of the grid (xs,xt)=   1.4388331879732919E-002  -1.4388331735850052E-002
 WARNING: set the 2-loop amplitudes to zero
 WARNING: outside the range of the grid (xs,xt)=   1.4349485866407862E-002  -1.4349485722913455E-002
 WARNING: set the 2-loop amplitudes to zero
 WARNING: outside the range of the grid (xs,xt)=   1.4415721462493472E-002  -1.4415721318336716E-002
 WARNING: set the 2-loop amplitudes to zero
 WARNING: outside the range of the grid (xs,xt)=   1.4398325738214597E-002  -1.4398325594231796E-002
 WARNING: set the 2-loop amplitudes to zero
 WARNING: outside the range of the grid (xs,xt)=   1.4426786533444740E-002  -1.4426786389177331E-002
 WARNING: set the 2-loop amplitudes to zero
 INFO: will suppress the further warning
 max=   9.9363774828112855E-003
 min=   0.0000000000000000     
       n_pass,     n_total
       10000       10000
  
 ====================NCALL=20K===========================
  
 ITERATION            1 :
   7.0851291352982916E-003 +\-   8.9284214986246436E-007
 precision:   1.2601635521564488E-004
 max=   1.0154140329719775E-002
 min=   0.0000000000000000     
       n_pass,     n_total
       20000       20002
 max=   1.0154140329719775E-002
 min=   0.0000000000000000     
       n_pass,     n_total
       30000       30002
 ITERATION            2 :
   7.0833588058227901E-003 +\-   5.4064434954182496E-007
 precision:   7.6325986634673198E-005
 max=   1.0177396247789967E-002
 min=   0.0000000000000000     
       n_pass,     n_total
       40000       40012
 max=   1.0177396247789967E-002
 min=   0.0000000000000000     
       n_pass,     n_total
       50000       50012
 ITERATION            3 :
   7.0833183072282714E-003 +\-   4.1508212633030337E-007
 precision:   5.8599953909557754E-005
 max=   1.0177396247789967E-002
 min=   0.0000000000000000     
       n_pass,     n_total
       60000       60032
 max=   1.0177396247789967E-002
 min=   0.0000000000000000     
       n_pass,     n_total
       70000       70032
 ITERATION            4 :
   7.0837870092674803E-003 +\-   3.6534775196867892E-007
 precision:   5.1575202852754715E-005
 max=   1.0177396247789967E-002
 min=   0.0000000000000000     
       n_pass,     n_total
       80000       80055
 max=   1.0177396247789967E-002
 min=   0.0000000000000000     
       n_pass,     n_total
       90000       90055
 ITERATION            5 :
   7.0835540369248769E-003 +\-   3.4566634162376365E-007
 precision:   4.8798433642474877E-005
 max=   1.0177396247789967E-002
 min=   0.0000000000000000     
       n_pass,     n_total
      100000      100083
 max=   1.0177396247789967E-002
 min=   0.0000000000000000     
       n_pass,     n_total
      110000      110083
 ITERATION            6 :
   7.0833951000159878E-003 +\-   3.1534461930369968E-007
 precision:   4.4518852167795628E-005
 max=   1.0177396247789967E-002
 min=   0.0000000000000000     
       n_pass,     n_total
      120000      120109
 max=   1.0177396247789967E-002
 min=   0.0000000000000000     
       n_pass,     n_total
      130000      130109
 ITERATION            7 :
   7.0839566018054394E-003 +\-   3.4282141100305586E-007
 precision:   4.8394058613470798E-005
 max=   1.0177396247789967E-002
 min=   0.0000000000000000     
       n_pass,     n_total
      140000      140139
 max=   1.0177396247789967E-002
 min=   0.0000000000000000     
       n_pass,     n_total
      150000      150139
 ITERATION            8 :
   7.0833947900938565E-003 +\-   3.2906462002732098E-007
 precision:   4.6455778589034541E-005
 max=   1.0177396247789967E-002
 min=   0.0000000000000000     
       n_pass,     n_total
      160000      160180
 max=   1.0177396247789967E-002
 min=   0.0000000000000000     
       n_pass,     n_total
      170000      170180
 ITERATION            9 :
   7.0836331776352847E-003 +\-   3.2006589985259883E-007
 precision:   4.5183861420594596E-005
 max=   1.0177396247789967E-002
 min=   0.0000000000000000     
       n_pass,     n_total
      180000      180214
 max=   1.0177396247789967E-002
 min=   0.0000000000000000     
       n_pass,     n_total
      190000      190214
 ITERATION           10 :
   7.0841493722416226E-003 +\-   3.2616667049111744E-007
 precision:   4.6041755100359947E-005
 ====================NCALL=40K ===========================
  
 max=   1.0177396247789967E-002
 min=   0.0000000000000000     
       n_pass,     n_total
      200000      200287
 max=   1.0177396247789967E-002
 min=   0.0000000000000000     
       n_pass,     n_total
      210000      210287
 max=   1.0177396247789967E-002
 min=   0.0000000000000000     
       n_pass,     n_total
      220000      220287
 max=   1.0177396247789967E-002
 min=   0.0000000000000000     
       n_pass,     n_total
      230000      230287
   7.0835446401188527E-003 +\-   1.7726179032029963E-007
 precision:   2.5024447409612908E-005
 ====================NCALL=80K ===========================
  
 max=   1.0177429411512088E-002
 min=   0.0000000000000000     
       n_pass,     n_total
      240000      240451
 max=   1.0177429411512088E-002
 min=   0.0000000000000000     
       n_pass,     n_total
      250000      250451
 max=   1.0177429411512088E-002
 min=   0.0000000000000000     
       n_pass,     n_total
      260000      260451
 max=   1.0177429411512088E-002
 min=   0.0000000000000000     
       n_pass,     n_total
      270000      270451
 max=   1.0177429411512088E-002
 min=   0.0000000000000000     
       n_pass,     n_total
      280000      280451
 max=   1.0177429411512088E-002
 min=   0.0000000000000000     
       n_pass,     n_total
      290000      290451
 max=   1.0177429411512088E-002
 min=   0.0000000000000000     
       n_pass,     n_total
      300000      300451
 max=   1.0177429411512088E-002
 min=   0.0000000000000000     
       n_pass,     n_total
      310000      310451
   7.0834023211922906E-003 +\-   8.6100964623313268E-008
 precision:   1.2155311913558033E-005
 sigma (pb)                   sd (pb)
   7.0834023211922906E-003   8.6100964623313268E-008
