 =======================================================
 |                                                     |
 |         \/\/\/\/\/\___________/\/\/\/\/\/           |
 |                   |     \     |                     |
 |                   |     /     |                     |
 |                   |     \     |                     |
 |         /\/\/\/\/\|_____/_____|/\/\/\/\/\           |
 |                                                     |
 | Light-by-light scattering at next-to-leading order  |
 |                   (VERSION 0.5)                     |
 |                                                     |
 |    Authors:                                         |
 |            Ajjath A.H. (LPTHE Paris)                |
 |            Ekta Chaubey (Bonn)                      |
 |            Mathijs Fraaije (Bern)                   |
 |            Valentin Hirschi (Bern)                  |
 |            Hua-Sheng Shao (LPTHE Paris)             |
 |                                                     |
 |    Please cite                                      |
 |            PLB 851 (2024) 138555 [arXiv:2312.16956] |
 |            JHEP 03 (2024) 121    [arXiv:2312.16966] |
 |                                                     |
 =======================================================
 ---------------------------------------------------
         the cuts in the lab frame                  
 min transverse momentum of photon    0.0000000000000000     
 max (pseudo-)rapidity of photon    5.0000000000000000     
 min (pseudo-)rapidity of photon   -5.0000000000000000     
 min invariant mass of di-photon    0.0000000000000000     
 ---------------------------------------------------
 max=   1315999.0016280862     
 min=   0.0000000000000000     
       n_pass,     n_total
       10000       10000
  
 ====================NCALL=20K===========================
  
 ITERATION            1 :
   85980.098595430914      +\-   220.27882532764340     
 precision:   2.5619745606961803E-003
 max=   1322458.7614475843     
 min=   0.0000000000000000     
       n_pass,     n_total
       20000       20007
 max=   1322458.7614475843     
 min=   0.0000000000000000     
       n_pass,     n_total
       30000       30007
 ITERATION            2 :
   85539.101182472630      +\-   36.232630518176158     
 precision:   4.2357974326716910E-004
 WARNING: outside the range of the grid (xs,xt)=   1064.2150573871886       -1064.1642313590119     
 WARNING: set the 2-loop amplitudes to zero
 WARNING: outside the range of the grid (xs,xt)=   2.1609518521629047E-002  -2.1608486468953567E-002
 WARNING: set the 2-loop amplitudes to zero
 WARNING: outside the range of the grid (xs,xt)=   1064.2150573871886       -1064.1641461267807     
 WARNING: set the 2-loop amplitudes to zero
 WARNING: outside the range of the grid (xs,xt)=   2.1609518521629047E-002  -2.1608484738262511E-002
 WARNING: set the 2-loop amplitudes to zero
 WARNING: outside the range of the grid (xs,xt)=   1064.2150573871886       -1064.1618605754006     
 WARNING: set the 2-loop amplitudes to zero
 INFO: will suppress the further warning
 max=   1329286.6236894585     
 min=   0.0000000000000000     
       n_pass,     n_total
       40000       40031
 max=   1329286.6236894585     
 min=   0.0000000000000000     
       n_pass,     n_total
       50000       50031
 ITERATION            3 :
   85503.581344324703      +\-   25.642065534062940     
 precision:   2.9989463752169406E-004
 max=   1329457.3623670472     
 min=   0.0000000000000000     
       n_pass,     n_total
       60000       60095
 max=   1329457.3623670472     
 min=   0.0000000000000000     
       n_pass,     n_total
       70000       70095
 ITERATION            4 :
   85501.985484308432      +\-   21.446641785075499     
 precision:   2.5083209078239998E-004
 max=   1329485.3124342563     
 min=   0.0000000000000000     
       n_pass,     n_total
       80000       80199
 max=   1329485.3124342563     
 min=   0.0000000000000000     
       n_pass,     n_total
       90000       90199
 ITERATION            5 :
   85499.564558868398      +\-   18.697583510235315     
 precision:   2.1868630099702559E-004
 max=   1332318.3501244958     
 min=   0.0000000000000000     
       n_pass,     n_total
      100000      100359
 max=   1332318.3501244958     
 min=   0.0000000000000000     
       n_pass,     n_total
      110000      110359
 ITERATION            6 :
   85492.034415223461      +\-   17.614231045585459     
 precision:   2.0603359325894010E-004
 max=   1332318.3501244958     
 min=   0.0000000000000000     
       n_pass,     n_total
      120000      120531
 max=   1332318.3501244958     
 min=   0.0000000000000000     
       n_pass,     n_total
      130000      130531
 ITERATION            7 :
   85535.644147082916      +\-   16.947631039123575     
 precision:   1.9813530614186124E-004
 max=   1334015.7933797790     
 min=   0.0000000000000000     
       n_pass,     n_total
      140000      140717
 max=   1334015.7933797790     
 min=   0.0000000000000000     
       n_pass,     n_total
      150000      150717
 ITERATION            8 :
   85480.427678204491      +\-   16.692015708005176     
 precision:   1.9527295500723437E-004
 max=   1334015.7933797790     
 min=   0.0000000000000000     
       n_pass,     n_total
      160000      160906
 max=   1334015.7933797790     
 min=   0.0000000000000000     
       n_pass,     n_total
      170000      170906
 ITERATION            9 :
   85506.006491748311      +\-   16.348342964912575     
 precision:   1.9119525792015861E-004
 max=   1334015.7933797790     
 min=   0.0000000000000000     
       n_pass,     n_total
      180000      181124
 max=   1334015.7933797790     
 min=   0.0000000000000000     
       n_pass,     n_total
      190000      191124
 ITERATION           10 :
   85523.969064927776      +\-   16.475901686363805     
 precision:   1.9264659798302498E-004
 ====================NCALL=40K ===========================
  
 max=   1334015.7933797790     
 min=   0.0000000000000000     
       n_pass,     n_total
      200000      201457
 max=   1334015.7933797790     
 min=   0.0000000000000000     
       n_pass,     n_total
      210000      211457
 max=   1334015.7933797790     
 min=   0.0000000000000000     
       n_pass,     n_total
      220000      221457
 max=   1334015.7933797790     
 min=   0.0000000000000000     
       n_pass,     n_total
      230000      231457
   85519.202892268368      +\-   7.9491572193443423     
 precision:   9.2951722543043149E-005
 ====================NCALL=80K ===========================
  
 max=   1334015.7933797790     
 min=   0.0000000000000000     
       n_pass,     n_total
      240000      242085
 max=   1334015.7933797790     
 min=   0.0000000000000000     
       n_pass,     n_total
      250000      252085
 max=   1334015.7933797790     
 min=   0.0000000000000000     
       n_pass,     n_total
      260000      262085
 max=   1334015.7933797790     
 min=   0.0000000000000000     
       n_pass,     n_total
      270000      272085
 max=   1334015.7933797790     
 min=   0.0000000000000000     
       n_pass,     n_total
      280000      282085
 max=   1334015.7933797790     
 min=   0.0000000000000000     
       n_pass,     n_total
      290000      292085
 max=   1334015.7933797790     
 min=   0.0000000000000000     
       n_pass,     n_total
      300000      302085
 max=   1334015.7933797790     
 min=   0.0000000000000000     
       n_pass,     n_total
      310000      312085
   85508.959415298275      +\-   3.8001892350304067     
 precision:   4.4442000709817092E-005
 sigma (pb)                   sd (pb)
   85508.959415298275        3.8001892350304067     
