 =======================================================
 |                                                     |
 |         \/\/\/\/\/\___________/\/\/\/\/\/           |
 |                   |     \     |                     |
 |                   |     /     |                     |
 |                   |     \     |                     |
 |         /\/\/\/\/\|_____/_____|/\/\/\/\/\           |
 |                                                     |
 | Light-by-light scattering at next-to-leading order  |
 |                   (VERSION 0.5)                     |
 |                                                     |
 |    Authors:                                         |
 |            Ajjath A.H. (LPTHE Paris)                |
 |            Ekta Chaubey (Bonn)                      |
 |            Mathijs Fraaije (Bern)                   |
 |            Valentin Hirschi (Bern)                  |
 |            Hua-Sheng Shao (LPTHE Paris)             |
 |                                                     |
 |    Please cite                                      |
 |            PLB 851 (2024) 138555 [arXiv:2312.16956] |
 |            JHEP 03 (2024) 121    [arXiv:2312.16966] |
 |                                                     |
 =======================================================
 ---------------------------------------------------
         the cuts in the lab frame                  
 min transverse momentum of photon    0.0000000000000000     
 max (pseudo-)rapidity of photon    5.0000000000000000     
 min (pseudo-)rapidity of photon   -5.0000000000000000     
 min invariant mass of di-photon    0.0000000000000000     
 ---------------------------------------------------
 WARNING: outside the range of the grid (xs,xt)=   8.1354094565550303E-002  -8.1354093752023821E-002
 WARNING: set the 2-loop amplitudes to zero
 WARNING: outside the range of the grid (xs,xt)=   8.1508959960972002E-002  -8.1508959145896911E-002
 WARNING: set the 2-loop amplitudes to zero
 WARNING: outside the range of the grid (xs,xt)=   8.1410601554323503E-002  -8.1410600740231959E-002
 WARNING: set the 2-loop amplitudes to zero
 WARNING: outside the range of the grid (xs,xt)=   8.1571523768650900E-002  -8.1571522952950185E-002
 WARNING: set the 2-loop amplitudes to zero
 WARNING: outside the range of the grid (xs,xt)=   8.1608239930008861E-002  -8.1608239113940995E-002
 WARNING: set the 2-loop amplitudes to zero
 INFO: will suppress the further warning
 max=   1.8240806046369757     
 min=   0.0000000000000000     
       n_pass,     n_total
       10000       10000
  
 ====================NCALL=20K===========================
  
 ITERATION            1 :
   1.2943626387294844      +\-   4.5717748952845993E-005
 precision:   3.5320664846848061E-005
 max=   1.8359893095085940     
 min=   0.0000000000000000     
       n_pass,     n_total
       20000       20002
 max=   1.8359893095085940     
 min=   0.0000000000000000     
       n_pass,     n_total
       30000       30002
 ITERATION            2 :
   1.2942418806789868      +\-   8.4471048260094622E-005
 precision:   6.5266817216407265E-005
 max=   1.8396462833376588     
 min=   0.0000000000000000     
       n_pass,     n_total
       40000       40010
 max=   1.8396462833376588     
 min=   0.0000000000000000     
       n_pass,     n_total
       50000       50010
 ITERATION            3 :
   1.2941700616507958      +\-   7.1733650434251068E-005
 precision:   5.5428303095460465E-005
 max=   1.8402121271838576     
 min=   0.0000000000000000     
       n_pass,     n_total
       60000       60033
 max=   1.8402121271838576     
 min=   0.0000000000000000     
       n_pass,     n_total
       70000       70033
 ITERATION            4 :
   1.2942041336962948      +\-   5.5167052328618193E-005
 precision:   4.2626237153994442E-005
 max=   1.8402121271838576     
 min=   0.0000000000000000     
       n_pass,     n_total
       80000       80064
 max=   1.8402121271838576     
 min=   0.0000000000000000     
       n_pass,     n_total
       90000       90064
 ITERATION            5 :
   1.2942292919974767      +\-   4.6646162157505245E-005
 precision:   3.6041652314570072E-005
 max=   1.8402254083550371     
 min=   0.0000000000000000     
       n_pass,     n_total
      100000      100107
 max=   1.8402254083550371     
 min=   0.0000000000000000     
       n_pass,     n_total
      110000      110107
 ITERATION            6 :
   1.2941719134006500      +\-   4.3437944763380292E-005
 precision:   3.3564277136288587E-005
 max=   1.8402254083550371     
 min=   0.0000000000000000     
       n_pass,     n_total
      120000      120150
 max=   1.8402254083550371     
 min=   0.0000000000000000     
       n_pass,     n_total
      130000      130150
 ITERATION            7 :
   1.2942625239391465      +\-   4.2443330009280367E-005
 precision:   3.2793447406714808E-005
 max=   1.8402254083550371     
 min=   0.0000000000000000     
       n_pass,     n_total
      140000      140203
 max=   1.8402254083550371     
 min=   0.0000000000000000     
       n_pass,     n_total
      150000      150203
 ITERATION            8 :
   1.2941545329441089      +\-   4.2032134110596272E-005
 precision:   3.2478450633693782E-005
 max=   1.8402254083550371     
 min=   0.0000000000000000     
       n_pass,     n_total
      160000      160269
 max=   1.8402254083550371     
 min=   0.0000000000000000     
       n_pass,     n_total
      170000      170269
 ITERATION            9 :
   1.2942184140896480      +\-   4.0727537402399502E-005
 precision:   3.1468828567894557E-005
 max=   1.8402254083550371     
 min=   0.0000000000000000     
       n_pass,     n_total
      180000      180337
 max=   1.8402254083550371     
 min=   0.0000000000000000     
       n_pass,     n_total
      190000      190337
 ITERATION           10 :
   1.2942417177703696      +\-   4.1993120158683326E-005
 precision:   3.2446118512565166E-005
 ====================NCALL=40K ===========================
  
 max=   1.8402254083550371     
 min=   0.0000000000000000     
       n_pass,     n_total
      200000      200472
 max=   1.8402254083550371     
 min=   0.0000000000000000     
       n_pass,     n_total
      210000      210472
 max=   1.8402254083550371     
 min=   0.0000000000000000     
       n_pass,     n_total
      220000      220472
 max=   1.8402254083550371     
 min=   0.0000000000000000     
       n_pass,     n_total
      230000      230472
   1.2942142432695889      +\-   2.1356469715239604E-005
 precision:   1.6501494884870453E-005
 ====================NCALL=80K ===========================
  
 max=   1.8402254083550371     
 min=   0.0000000000000000     
       n_pass,     n_total
      240000      240796
 max=   1.8402254083550371     
 min=   0.0000000000000000     
       n_pass,     n_total
      250000      250796
 max=   1.8402254083550371     
 min=   0.0000000000000000     
       n_pass,     n_total
      260000      260796
 max=   1.8402254083550371     
 min=   0.0000000000000000     
       n_pass,     n_total
      270000      270796
 max=   1.8402254083550371     
 min=   0.0000000000000000     
       n_pass,     n_total
      280000      280796
 max=   1.8402254083550371     
 min=   0.0000000000000000     
       n_pass,     n_total
      290000      290796
 max=   1.8402254083550371     
 min=   0.0000000000000000     
       n_pass,     n_total
      300000      300796
 max=   1.8402254083550371     
 min=   0.0000000000000000     
       n_pass,     n_total
      310000      310796
   1.2941930769636578      +\-   1.1007965541863549E-005
 precision:   8.5056594242411206E-006
 sigma (pb)                   sd (pb)
   1.2941930769636578        1.1007965541863549E-005
