 =======================================================
 |                                                     |
 |         \/\/\/\/\/\___________/\/\/\/\/\/           |
 |                   |     \     |                     |
 |                   |     /     |                     |
 |                   |     \     |                     |
 |         /\/\/\/\/\|_____/_____|/\/\/\/\/\           |
 |                                                     |
 | Light-by-light scattering at next-to-leading order  |
 |                   (VERSION 0.5)                     |
 |                                                     |
 |    Authors:                                         |
 |            Ajjath A.H. (LPTHE Paris)                |
 |            Ekta Chaubey (Bonn)                      |
 |            Mathijs Fraaije (Bern)                   |
 |            Valentin Hirschi (Bern)                  |
 |            Hua-Sheng Shao (LPTHE Paris)             |
 |                                                     |
 |    Please cite                                      |
 |            PLB 851 (2024) 138555 [arXiv:2312.16956] |
 |            JHEP 03 (2024) 121    [arXiv:2312.16966] |
 |                                                     |
 =======================================================
 ---------------------------------------------------
         the cuts in the lab frame                  
 min transverse momentum of photon    0.0000000000000000     
 max (pseudo-)rapidity of photon    5.0000000000000000     
 min (pseudo-)rapidity of photon   -5.0000000000000000     
 min invariant mass of di-photon    0.0000000000000000     
 ---------------------------------------------------
 WARNING: outside the range of the grid (xs,xt)=   2.5725274561392734E-002  -2.5725274304141434E-002
 WARNING: set the 2-loop amplitudes to zero
 WARNING: outside the range of the grid (xs,xt)=   2.5655820759050988E-002  -2.5655820502494219E-002
 WARNING: set the 2-loop amplitudes to zero
 WARNING: outside the range of the grid (xs,xt)=   2.5774245112150609E-002  -2.5774244854409604E-002
 WARNING: set the 2-loop amplitudes to zero
 WARNING: outside the range of the grid (xs,xt)=   2.5743142842130060E-002  -2.5743142584700084E-002
 WARNING: set the 2-loop amplitudes to zero
 WARNING: outside the range of the grid (xs,xt)=   2.5794028641655056E-002  -2.5794028383716222E-002
 WARNING: set the 2-loop amplitudes to zero
 INFO: will suppress the further warning
 max=   5.6791813956596507E-002
 min=   0.0000000000000000     
       n_pass,     n_total
       10000       10000
  
 ====================NCALL=20K===========================
  
 ITERATION            1 :
   4.0701504900918249E-002 +\-   3.3460812849387911E-006
 precision:   8.2210259622692757E-005
 max=   5.8036303605937575E-002
 min=   0.0000000000000000     
       n_pass,     n_total
       20000       20002
 max=   5.8036303605937575E-002
 min=   0.0000000000000000     
       n_pass,     n_total
       30000       30002
 ITERATION            2 :
   4.0695364435057862E-002 +\-   2.7770912630942483E-006
 precision:   6.8240972937494226E-005
 max=   5.8164318733373507E-002
 min=   0.0000000000000000     
       n_pass,     n_total
       40000       40012
 max=   5.8164318733373507E-002
 min=   0.0000000000000000     
       n_pass,     n_total
       50000       50012
 ITERATION            3 :
   4.0695044225535347E-002 +\-   2.1577002866707388E-006
 precision:   5.3021205105776099E-005
 max=   5.8168362496821474E-002
 min=   0.0000000000000000     
       n_pass,     n_total
       60000       60035
 max=   5.8168362496821474E-002
 min=   0.0000000000000000     
       n_pass,     n_total
       70000       70035
 ITERATION            4 :
   4.0694960725015432E-002 +\-   1.9822868053562010E-006
 precision:   4.8710866653759356E-005
 max=   5.8168362496821474E-002
 min=   0.0000000000000000     
       n_pass,     n_total
       80000       80062
 max=   5.8168362496821474E-002
 min=   0.0000000000000000     
       n_pass,     n_total
       90000       90062
 ITERATION            5 :
   4.0696906059051699E-002 +\-   1.7675487051003444E-006
 precision:   4.3432016736987576E-005
 max=   5.8168362496821474E-002
 min=   0.0000000000000000     
       n_pass,     n_total
      100000      100095
 max=   5.8168362496821474E-002
 min=   0.0000000000000000     
       n_pass,     n_total
      110000      110095
 ITERATION            6 :
   4.0693357611561128E-002 +\-   1.7651274659765744E-006
 precision:   4.3376304379344096E-005
 max=   5.8168362496821474E-002
 min=   0.0000000000000000     
       n_pass,     n_total
      120000      120127
 max=   5.8168362496821474E-002
 min=   0.0000000000000000     
       n_pass,     n_total
      130000      130127
 ITERATION            7 :
   4.0697368796953425E-002 +\-   1.7187479696713587E-006
 precision:   4.2232410115909581E-005
 max=   5.8168362496821474E-002
 min=   0.0000000000000000     
       n_pass,     n_total
      140000      140164
 max=   5.8168362496821474E-002
 min=   0.0000000000000000     
       n_pass,     n_total
      150000      150164
 ITERATION            8 :
   4.0696024458169826E-002 +\-   1.6082465886344308E-006
 precision:   3.9518518333099027E-005
 max=   5.8168985572233392E-002
 min=   0.0000000000000000     
       n_pass,     n_total
      160000      160213
 max=   5.8168985572233392E-002
 min=   0.0000000000000000     
       n_pass,     n_total
      170000      170213
 ITERATION            9 :
   4.0696207431627239E-002 +\-   1.5824918418937881E-006
 precision:   3.8885486922890698E-005
 max=   5.8168985572233392E-002
 min=   0.0000000000000000     
       n_pass,     n_total
      180000      180262
 max=   5.8168985572233392E-002
 min=   0.0000000000000000     
       n_pass,     n_total
      190000      190262
 ITERATION           10 :
   4.0697612205064675E-002 +\-   1.5197641803526856E-006
 precision:   3.7342834088029279E-005
 ====================NCALL=40K ===========================
  
 max=   5.8169439850807587E-002
 min=   0.0000000000000000     
       n_pass,     n_total
      200000      200359
 max=   5.8169439850807587E-002
 min=   0.0000000000000000     
       n_pass,     n_total
      210000      210359
 max=   5.8169439850807587E-002
 min=   0.0000000000000000     
       n_pass,     n_total
      220000      220359
 max=   5.8169439850807587E-002
 min=   0.0000000000000000     
       n_pass,     n_total
      230000      230359
   4.0696508571463126E-002 +\-   9.6604953223109668E-007
 precision:   2.3737897086053767E-005
 ====================NCALL=80K ===========================
  
 max=   5.8169646107005181E-002
 min=   0.0000000000000000     
       n_pass,     n_total
      240000      240575
 max=   5.8169646107005181E-002
 min=   0.0000000000000000     
       n_pass,     n_total
      250000      250575
 max=   5.8169646107005181E-002
 min=   0.0000000000000000     
       n_pass,     n_total
      260000      260575
 max=   5.8169646107005181E-002
 min=   0.0000000000000000     
       n_pass,     n_total
      270000      270575
 max=   5.8169646107005181E-002
 min=   0.0000000000000000     
       n_pass,     n_total
      280000      280575
 max=   5.8169646107005181E-002
 min=   0.0000000000000000     
       n_pass,     n_total
      290000      290575
 max=   5.8169646107005181E-002
 min=   0.0000000000000000     
       n_pass,     n_total
      300000      300575
 max=   5.8169646107005181E-002
 min=   0.0000000000000000     
       n_pass,     n_total
      310000      310575
   4.0695619902638210E-002 +\-   4.6604364119689570E-007
 precision:   1.1451936161972142E-005
 sigma (pb)                   sd (pb)
   4.0695619902638210E-002   4.6604364119689570E-007
