 =======================================================
 |                                                     |
 |         \/\/\/\/\/\___________/\/\/\/\/\/           |
 |                   |     \     |                     |
 |                   |     /     |                     |
 |                   |     \     |                     |
 |         /\/\/\/\/\|_____/_____|/\/\/\/\/\           |
 |                                                     |
 | Light-by-light scattering at next-to-leading order  |
 |                   (VERSION 0.5)                     |
 |                                                     |
 |    Authors:                                         |
 |            Ajjath A.H. (LPTHE Paris)                |
 |            Ekta Chaubey (Bonn)                      |
 |            Mathijs Fraaije (Bern)                   |
 |            Valentin Hirschi (Bern)                  |
 |            Hua-Sheng Shao (LPTHE Paris)             |
 |                                                     |
 |    Please cite                                      |
 |            PLB 851 (2024) 138555 [arXiv:2312.16956] |
 |            JHEP 03 (2024) 121    [arXiv:2312.16966] |
 |                                                     |
 =======================================================
 ---------------------------------------------------
         the cuts in the lab frame                  
 min transverse momentum of photon    0.0000000000000000     
 max (pseudo-)rapidity of photon    5.0000000000000000     
 min (pseudo-)rapidity of photon   -5.0000000000000000     
 min invariant mass of di-photon    0.0000000000000000     
 ---------------------------------------------------
 max=   3154633.9273815635     
 min=   0.0000000000000000     
       n_pass,     n_total
       10000       10000
  
 ====================NCALL=20K===========================
  
 ITERATION            1 :
   1758567.1893102019      +\-   59.182600843912880     
 precision:   3.3653875270541840E-005
 WARNING: outside the range of the grid (xs,xt)=   6.0989618685988596       -6.0989618076903751     
 WARNING: set the 2-loop amplitudes to zero
 max=   7195002663761414.0     
 min=   0.0000000000000000     
       n_pass,     n_total
       20000       20006
 max=   7195002663761414.0     
 min=   0.0000000000000000     
       n_pass,     n_total
       30000       30006
 ITERATION            2 :
   89684355046.081589      +\-   89682596601.828644     
 precision:  0.99998039296539465     
 WARNING: outside the range of the grid (xs,xt)=   6.0989098034849087       -6.0989097425769438     
 WARNING: set the 2-loop amplitudes to zero
 WARNING: outside the range of the grid (xs,xt)=   6.0989176326399255       -6.0989175717318833     
 WARNING: set the 2-loop amplitudes to zero
 WARNING: outside the range of the grid (xs,xt)=   6.0988850350358126       -6.0988849741280955     
 WARNING: set the 2-loop amplitudes to zero
 WARNING: outside the range of the grid (xs,xt)=   6.0988924359538457       -6.0988923750460540     
 WARNING: set the 2-loop amplitudes to zero
 INFO: will suppress the further warning
 max=   8143588649255080.0     
 min=   0.0000000000000000     
       n_pass,     n_total
       40000       40088
 max=   8143588649255080.0     
 min=   0.0000000000000000     
       n_pass,     n_total
       50000       50088
 ITERATION            3 :
   115381234313.51880      +\-   59374437122.494003     
 precision:  0.51459353399842522     
 max=   8157894912014523.0     
 min=   0.0000000000000000     
       n_pass,     n_total
       60000       61617
 max=   8157894912014523.0     
 min=   0.0000000000000000     
       n_pass,     n_total
       70000       71617
 ITERATION            4 :
   104375412392.88464      +\-   2470135126.4461327     
 precision:   2.3665871777810803E-002
 max=   8157894912014523.0     
 min=   0.0000000000000000     
       n_pass,     n_total
       80000       89792
 ITERATION            5 :
   102701745629.11815      +\-   208726728.10907936     
 precision:   2.0323581340364371E-003
 max=   8158700171769491.0     
 min=   0.0000000000000000     
       n_pass,     n_total
       90000      106384
 max=   8158700171769491.0     
 min=   0.0000000000000000     
       n_pass,     n_total
      100000      116384
 ITERATION            6 :
   102597769105.20638      +\-   40158561.997786514     
 precision:   3.9141749716416251E-004
 max=   8158731402082046.0     
 min=   0.0000000000000000     
       n_pass,     n_total
      110000      128503
 ITERATION            7 :
   102606142435.47136      +\-   10468464.897420375     
 precision:   1.0202571355807432E-004
 max=   8158758673756011.0     
 min=   0.0000000000000000     
       n_pass,     n_total
      120000      141919
 max=   8158758673756011.0     
 min=   0.0000000000000000     
       n_pass,     n_total
      130000      151919
 ITERATION            8 :
   101290608594.95517      +\-   3554989.6250650524     
 precision:   3.5096932226766285E-005
 max=   8158760334659766.0     
 min=   0.0000000000000000     
       n_pass,     n_total
      140000      164203
 max=   8158760334659766.0     
 min=   0.0000000000000000     
       n_pass,     n_total
      150000      174203
 ITERATION            9 :
   99596606032.526062      +\-   2293172.9192817109     
 precision:   2.3024609076867648E-005
 max=   8158764507444587.0     
 min=   0.0000000000000000     
       n_pass,     n_total
      160000      185944
 max=   8158764507444587.0     
 min=   0.0000000000000000     
       n_pass,     n_total
      170000      195944
 ITERATION           10 :
   95722983018.996933      +\-   1790750.2561243931     
 precision:   1.8707631121033969E-005
 ====================NCALL=40K ===========================
  
 max=   8158764799062288.0     
 min=   0.0000000000000000     
       n_pass,     n_total
      180000      208515
 max=   8158764799062288.0     
 min=   0.0000000000000000     
       n_pass,     n_total
      190000      218515
 max=   8158764799062288.0     
 min=   0.0000000000000000     
       n_pass,     n_total
      200000      228515
   93687215332.740356      +\-   753915.04948690801     
 precision:   8.0471497291204200E-006
 ====================NCALL=80K ===========================
  
 max=   8158764799062288.0     
 min=   0.0000000000000000     
       n_pass,     n_total
      210000      240571
 max=   8158764799062288.0     
 min=   0.0000000000000000     
       n_pass,     n_total
      220000      250571
 max=   8158764799062288.0     
 min=   0.0000000000000000     
       n_pass,     n_total
      230000      260571
 max=   8158764799062288.0     
 min=   0.0000000000000000     
       n_pass,     n_total
      240000      270571
 max=   8158764799062288.0     
 min=   0.0000000000000000     
       n_pass,     n_total
      250000      280571
 max=   8158764799062288.0     
 min=   0.0000000000000000     
       n_pass,     n_total
      260000      290571
 max=   8158764799062288.0     
 min=   0.0000000000000000     
       n_pass,     n_total
      270000      300571
 max=   8158764799062288.0     
 min=   0.0000000000000000     
       n_pass,     n_total
      280000      310571
   90656155290.291229      +\-   434449.54057461832     
 precision:   4.7922784634254775E-006
 sigma (pb)                   sd (pb)
   90656155290.291229        434449.54057461832     
