 =======================================================
 |                                                     |
 |         \/\/\/\/\/\___________/\/\/\/\/\/           |
 |                   |     \     |                     |
 |                   |     /     |                     |
 |                   |     \     |                     |
 |         /\/\/\/\/\|_____/_____|/\/\/\/\/\           |
 |                                                     |
 | Light-by-light scattering at next-to-leading order  |
 |                   (VERSION 0.5)                     |
 |                                                     |
 |    Authors:                                         |
 |            Ajjath A.H. (LPTHE Paris)                |
 |            Ekta Chaubey (Bonn)                      |
 |            Mathijs Fraaije (Bern)                   |
 |            Valentin Hirschi (Bern)                  |
 |            Hua-Sheng Shao (LPTHE Paris)             |
 |                                                     |
 |    Please cite                                      |
 |            PLB 851 (2024) 138555 [arXiv:2312.16956] |
 |            JHEP 03 (2024) 121    [arXiv:2312.16966] |
 |                                                     |
 =======================================================
 ---------------------------------------------------
         the cuts in the lab frame                  
 min transverse momentum of photon    0.0000000000000000     
 max (pseudo-)rapidity of photon    5.0000000000000000     
 min (pseudo-)rapidity of photon   -5.0000000000000000     
 min invariant mass of di-photon    0.0000000000000000     
 ---------------------------------------------------
 WARNING: outside the range of the grid (xs,xt)=  0.81363598977940099      -0.81363598164448525     
 WARNING: set the 2-loop amplitudes to zero
 WARNING: outside the range of the grid (xs,xt)=  0.81367193409231797      -0.81367192595704285     
 WARNING: set the 2-loop amplitudes to zero
 WARNING: outside the range of the grid (xs,xt)=  0.81363817777362712      -0.81363816963868951     
 WARNING: set the 2-loop amplitudes to zero
 WARNING: outside the range of the grid (xs,xt)=  0.81353416297755887      -0.81353415484366098     
 WARNING: set the 2-loop amplitudes to zero
 WARNING: outside the range of the grid (xs,xt)=  0.81381262448381919      -0.81381261634713753     
 WARNING: set the 2-loop amplitudes to zero
 INFO: will suppress the further warning
 max=   1879.7332228902226     
 min=   0.0000000000000000     
       n_pass,     n_total
       10000       10000
  
 ====================NCALL=20K===========================
  
 ITERATION            1 :
   1372.3169355988673      +\-   3.7330225804578565E-002
 precision:   2.7202335580219284E-005
 max=   1891.1095210284811     
 min=   0.0000000000000000     
       n_pass,     n_total
       20000       20002
 max=   1891.1095210284811     
 min=   0.0000000000000000     
       n_pass,     n_total
       30000       30002
 ITERATION            2 :
   1372.2297972254264      +\-   7.7472963724707397E-002
 precision:   5.6457718584273199E-005
 max=   2167.2880633532363     
 min=   0.0000000000000000     
       n_pass,     n_total
       40000       40012
 max=   2167.2880633532363     
 min=   0.0000000000000000     
       n_pass,     n_total
       50000       50012
 ITERATION            3 :
   1372.2469209652288      +\-   8.0711759043468473E-002
 precision:   5.8817227286395653E-005
 max=   2937.1108396996433     
 min=   0.0000000000000000     
       n_pass,     n_total
       60000       60038
 max=   2937.1108396996433     
 min=   0.0000000000000000     
       n_pass,     n_total
       70000       70038
 ITERATION            4 :
   1372.2230039294168      +\-   7.8252292675741644E-002
 precision:   5.7025929788134286E-005
 max=   4536.1202717035285     
 min=   0.0000000000000000     
       n_pass,     n_total
       80000       80064
 max=   4536.1202717035285     
 min=   0.0000000000000000     
       n_pass,     n_total
       90000       90064
 ITERATION            5 :
   1372.2162255037954      +\-   5.5590894286069649E-002
 precision:   4.0511759920095694E-005
 max=   6112.3945322851123     
 min=   0.0000000000000000     
       n_pass,     n_total
      100000      100105
 max=   6112.3945322851123     
 min=   0.0000000000000000     
       n_pass,     n_total
      110000      110105
 ITERATION            6 :
   1372.2046585608384      +\-   4.6171215465470004E-002
 precision:   3.3647470278882559E-005
 max=   6893.9069795699206     
 min=   0.0000000000000000     
       n_pass,     n_total
      120000      120168
 max=   6893.9069795699206     
 min=   0.0000000000000000     
       n_pass,     n_total
      130000      130168
 ITERATION            7 :
   1372.2596144518202      +\-   4.1337269135646455E-002
 precision:   3.0123504838521064E-005
 max=   7078.0449191612252     
 min=   0.0000000000000000     
       n_pass,     n_total
      140000      140276
 max=   7078.0449191612252     
 min=   0.0000000000000000     
       n_pass,     n_total
      150000      150276
 ITERATION            8 :
   1372.1696945199269      +\-   3.9155267167526098E-002
 precision:   2.8535295105191145E-005
 max=   7229.7070294437999     
 min=   0.0000000000000000     
       n_pass,     n_total
      160000      160409
 max=   7229.7070294437999     
 min=   0.0000000000000000     
       n_pass,     n_total
      170000      170409
 ITERATION            9 :
   1372.2198116464890      +\-   3.7870929727615486E-002
 precision:   2.7598296866283538E-005
 max=   7259.1933891392737     
 min=   0.0000000000000000     
       n_pass,     n_total
      180000      180587
 max=   7259.1933891392737     
 min=   0.0000000000000000     
       n_pass,     n_total
      190000      190587
 ITERATION           10 :
   1372.2504202761684      +\-   3.7702911472047330E-002
 precision:   2.7475241337116544E-005
 ====================NCALL=40K ===========================
  
 max=   7259.1933891392737     
 min=   0.0000000000000000     
       n_pass,     n_total
      200000      200866
 max=   7259.1933891392737     
 min=   0.0000000000000000     
       n_pass,     n_total
      210000      210866
 max=   7259.1933891392737     
 min=   0.0000000000000000     
       n_pass,     n_total
      220000      220866
 max=   7259.1933891392737     
 min=   0.0000000000000000     
       n_pass,     n_total
      230000      230866
   1372.2106020100186      +\-   1.8004910651636501E-002
 precision:   1.3121098631115987E-005
 ====================NCALL=80K ===========================
  
 max=   7259.1933891392737     
 min=   0.0000000000000000     
       n_pass,     n_total
      240000      241457
 max=   7259.1933891392737     
 min=   0.0000000000000000     
       n_pass,     n_total
      250000      251457
 max=   7259.1933891392737     
 min=   0.0000000000000000     
       n_pass,     n_total
      260000      261457
 max=   7259.1933891392737     
 min=   0.0000000000000000     
       n_pass,     n_total
      270000      271457
 max=   7259.1933891392737     
 min=   0.0000000000000000     
       n_pass,     n_total
      280000      281457
 max=   7259.1933891392737     
 min=   0.0000000000000000     
       n_pass,     n_total
      290000      291457
 max=   7259.1933891392737     
 min=   0.0000000000000000     
       n_pass,     n_total
      300000      301457
 max=   7259.1933891392737     
 min=   0.0000000000000000     
       n_pass,     n_total
      310000      311457
   1372.1916664548123      +\-   1.0682191194341006E-002
 precision:   7.7847661194004060E-006
 sigma (pb)                   sd (pb)
   1372.1916664548123        1.0682191194341006E-002
