 =======================================================
 |                                                     |
 |         \/\/\/\/\/\___________/\/\/\/\/\/           |
 |                   |     \     |                     |
 |                   |     /     |                     |
 |                   |     \     |                     |
 |         /\/\/\/\/\|_____/_____|/\/\/\/\/\           |
 |                                                     |
 | Light-by-light scattering at next-to-leading order  |
 |                   (VERSION 0.5)                     |
 |                                                     |
 |    Authors:                                         |
 |            Ajjath A.H. (LPTHE Paris)                |
 |            Ekta Chaubey (Bonn)                      |
 |            Mathijs Fraaije (Bern)                   |
 |            Valentin Hirschi (Bern)                  |
 |            Hua-Sheng Shao (LPTHE Paris)             |
 |                                                     |
 |    Please cite                                      |
 |            PLB 851 (2024) 138555 [arXiv:2312.16956] |
 |            JHEP 03 (2024) 121    [arXiv:2312.16966] |
 |                                                     |
 =======================================================
 ---------------------------------------------------
         the cuts in the lab frame                  
 min transverse momentum of photon    0.0000000000000000     
 max (pseudo-)rapidity of photon    5.0000000000000000     
 min (pseudo-)rapidity of photon   -5.0000000000000000     
 min invariant mass of di-photon    0.0000000000000000     
 ---------------------------------------------------
 max=   3191264.8785547954     
 min=   0.0000000000000000     
       n_pass,     n_total
       10000       10000
  
 ====================NCALL=20K===========================
  
 ITERATION            1 :
   1688334.6669421243      +\-   65.962335058534336     
 precision:   3.9069466705913175E-005
 WARNING: outside the range of the grid (xs,xt)=   5.2600356938315498       -5.2600356412915419     
 WARNING: set the 2-loop amplitudes to zero
 WARNING: outside the range of the grid (xs,xt)=   5.2600584114998190       -5.2600583589595846     
 WARNING: set the 2-loop amplitudes to zero
 WARNING: outside the range of the grid (xs,xt)=   5.2600560835237653       -5.2600560309835540     
 WARNING: set the 2-loop amplitudes to zero
 WARNING: outside the range of the grid (xs,xt)=   5.2599607188796877       -5.2599606663404286     
 WARNING: set the 2-loop amplitudes to zero
 max=   7167839029708118.0     
 min=   0.0000000000000000     
       n_pass,     n_total
       20000       20007
 max=   7167839029708118.0     
 min=   0.0000000000000000     
       n_pass,     n_total
       30000       30007
 ITERATION            2 :
   173088720533.33920      +\-   108973143209.98369     
 precision:  0.62957969112143275     
 WARNING: outside the range of the grid (xs,xt)=   5.2600890578935964       -5.2600890053530565     
 WARNING: set the 2-loop amplitudes to zero
 INFO: will suppress the further warning
 max=   9485913255653482.0     
 min=   0.0000000000000000     
       n_pass,     n_total
       40000       40114
 max=   9485913255653482.0     
 min=   0.0000000000000000     
       n_pass,     n_total
       50000       50114
 ITERATION            3 :
   187080081451.02634      +\-   74798722109.575546     
 precision:  0.39982194539056948     
 max=   9629515487519316.0     
 min=   0.0000000000000000     
       n_pass,     n_total
       60000       61974
 max=   9629515487519316.0     
 min=   0.0000000000000000     
       n_pass,     n_total
       70000       71974
 ITERATION            4 :
   169217149516.76959      +\-   2104771820.0278664     
 precision:   1.2438289062535480E-002
 max=   9635266377848504.0     
 min=   0.0000000000000000     
       n_pass,     n_total
       80000       87675
 max=   9635266377848504.0     
 min=   0.0000000000000000     
       n_pass,     n_total
       90000       97675
 ITERATION            5 :
   164476909860.56055      +\-   179860440.40382054     
 precision:   1.0935300313965151E-003
 max=   9635300768245202.0     
 min=   0.0000000000000000     
       n_pass,     n_total
      100000      112642
 ITERATION            6 :
   164706862602.69388      +\-   36010410.933210403     
 precision:   2.1863333660889872E-004
 max=   9635545786944510.0     
 min=   0.0000000000000000     
       n_pass,     n_total
      110000      124595
 max=   9635545786944510.0     
 min=   0.0000000000000000     
       n_pass,     n_total
      120000      134595
 ITERATION            7 :
   164659342551.21368      +\-   16197852.734258482     
 precision:   9.8371902154416137E-005
 max=   9635545786944510.0     
 min=   0.0000000000000000     
       n_pass,     n_total
      130000      146591
 max=   9635545786944510.0     
 min=   0.0000000000000000     
       n_pass,     n_total
      140000      156591
 ITERATION            8 :
   164681916050.63141      +\-   10581128.455493171     
 precision:   6.4251914899022704E-005
 max=   9635545786944510.0     
 min=   0.0000000000000000     
       n_pass,     n_total
      150000      167620
 ITERATION            9 :
   164658517247.94284      +\-   7692654.8052719403     
 precision:   4.6718839291430871E-005
 max=   9635545786944510.0     
 min=   0.0000000000000000     
       n_pass,     n_total
      160000      179582
 max=   9635545786944510.0     
 min=   0.0000000000000000     
       n_pass,     n_total
      170000      189582
 ITERATION           10 :
   164670822935.67874      +\-   5934938.8340071477     
 precision:   3.6041228969417153E-005
 ====================NCALL=40K ===========================
  
 max=   9635545786944510.0     
 min=   0.0000000000000000     
       n_pass,     n_total
      180000      201274
 max=   9635545786944510.0     
 min=   0.0000000000000000     
       n_pass,     n_total
      190000      211274
 max=   9635545786944510.0     
 min=   0.0000000000000000     
       n_pass,     n_total
      200000      221274
 max=   9635545786944510.0     
 min=   0.0000000000000000     
       n_pass,     n_total
      210000      231274
   164604538158.38644      +\-   2608722.9937815764     
 precision:   1.5848426920474092E-005
 ====================NCALL=80K ===========================
  
 max=   9635545786944510.0     
 min=   0.0000000000000000     
       n_pass,     n_total
      220000      243259
 max=   9635545786944510.0     
 min=   0.0000000000000000     
       n_pass,     n_total
      230000      253259
 max=   9635545786944510.0     
 min=   0.0000000000000000     
       n_pass,     n_total
      240000      263259
 max=   9635545786944510.0     
 min=   0.0000000000000000     
       n_pass,     n_total
      250000      273259
 max=   9635545786944510.0     
 min=   0.0000000000000000     
       n_pass,     n_total
      260000      283259
 max=   9635545786944510.0     
 min=   0.0000000000000000     
       n_pass,     n_total
      270000      293259
 max=   9635545786944510.0     
 min=   0.0000000000000000     
       n_pass,     n_total
      280000      303259
 max=   9635545786944510.0     
 min=   0.0000000000000000     
       n_pass,     n_total
      290000      313259
   165084556363.83673      +\-   853981795.28182983     
 precision:   5.1729962759187705E-003
 sigma (pb)                   sd (pb)
   165084556363.83673        853981795.28182983     
