 =======================================================
 |                                                     |
 |         \/\/\/\/\/\___________/\/\/\/\/\/           |
 |                   |     \     |                     |
 |                   |     /     |                     |
 |                   |     \     |                     |
 |         /\/\/\/\/\|_____/_____|/\/\/\/\/\           |
 |                                                     |
 | Light-by-light scattering at next-to-leading order  |
 |                   (VERSION 0.5)                     |
 |                                                     |
 |    Authors:                                         |
 |            Ajjath A.H. (LPTHE Paris)                |
 |            Ekta Chaubey (Bonn)                      |
 |            Mathijs Fraaije (Bern)                   |
 |            Valentin Hirschi (Bern)                  |
 |            Hua-Sheng Shao (LPTHE Paris)             |
 |                                                     |
 |    Please cite                                      |
 |            PLB 851 (2024) 138555 [arXiv:2312.16956] |
 |            JHEP 03 (2024) 121    [arXiv:2312.16966] |
 |                                                     |
 =======================================================
 ---------------------------------------------------
         the cuts in the lab frame                  
 min transverse momentum of photon    0.0000000000000000     
 max (pseudo-)rapidity of photon    5.0000000000000000     
 min (pseudo-)rapidity of photon   -5.0000000000000000     
 min invariant mass of di-photon    0.0000000000000000     
 ---------------------------------------------------
 max=   3.9668224409445425E-006
 min=   0.0000000000000000     
       n_pass,     n_total
       10000       10000
  
 ====================NCALL=20K===========================
  
 ITERATION            1 :
   9.2278372556427378E-007 +\-   2.0386839856178412E-009
 precision:   2.2092760515159764E-003
 max=   3.9719143270299079E-006
 min=   0.0000000000000000     
       n_pass,     n_total
       20000       20001
 max=   3.9719143270299079E-006
 min=   0.0000000000000000     
       n_pass,     n_total
       30000       30001
 ITERATION            2 :
   9.1976058855541490E-007 +\-   7.2953981532960836E-010
 precision:   7.9318447040161919E-004
 max=   3.9720560828130841E-006
 min=   0.0000000000000000     
       n_pass,     n_total
       40000       40001
 max=   3.9720560828130841E-006
 min=   0.0000000000000000     
       n_pass,     n_total
       50000       50001
 ITERATION            3 :
   9.2221913361800719E-007 +\-   7.4561246339331787E-010
 precision:   8.0849814996590422E-004
 max=   3.9720609113588953E-006
 min=   0.0000000000000000     
       n_pass,     n_total
       60000       60001
 max=   3.9720609113588953E-006
 min=   0.0000000000000000     
       n_pass,     n_total
       70000       70001
 ITERATION            4 :
   9.2077297679411335E-007 +\-   4.4382751095655495E-010
 precision:   4.8201622130771509E-004
 max=   3.9720609113588953E-006
 min=   0.0000000000000000     
       n_pass,     n_total
       80000       80002
 max=   3.9720609113588953E-006
 min=   0.0000000000000000     
       n_pass,     n_total
       90000       90002
 ITERATION            5 :
   9.2099638850249666E-007 +\-   3.6198476784999254E-010
 precision:   3.9303603398333116E-004
 max=   3.9720609113588953E-006
 min=   0.0000000000000000     
       n_pass,     n_total
      100000      100002
 max=   3.9720609113588953E-006
 min=   0.0000000000000000     
       n_pass,     n_total
      110000      110002
 ITERATION            6 :
   9.2019135960352293E-007 +\-   4.2983217348064455E-010
 precision:   4.6711172518055773E-004
 max=   3.9721887365776244E-006
 min=   0.0000000000000000     
       n_pass,     n_total
      120000      120005
 max=   3.9721887365776244E-006
 min=   0.0000000000000000     
       n_pass,     n_total
      130000      130005
 ITERATION            7 :
   9.2021802780352982E-007 +\-   4.0627615730499213E-010
 precision:   4.4149988918901477E-004
 max=   3.9721887365776244E-006
 min=   0.0000000000000000     
       n_pass,     n_total
      140000      140007
 max=   3.9721887365776244E-006
 min=   0.0000000000000000     
       n_pass,     n_total
      150000      150007
 ITERATION            8 :
   9.2033274842094107E-007 +\-   3.6138396812402944E-010
 precision:   3.9266664012996733E-004
 max=   3.9721887365776244E-006
 min=   0.0000000000000000     
       n_pass,     n_total
      160000      160009
 max=   3.9721887365776244E-006
 min=   0.0000000000000000     
       n_pass,     n_total
      170000      170009
 ITERATION            9 :
   9.2048259943351676E-007 +\-   8.6267994023278186E-010
 precision:   9.3720396318593331E-004
 max=   3.9721887365776244E-006
 min=   0.0000000000000000     
       n_pass,     n_total
      180000      180012
 max=   3.9721887365776244E-006
 min=   0.0000000000000000     
       n_pass,     n_total
      190000      190012
 ITERATION           10 :
   9.2067864536250444E-007 +\-   7.0185370715630060E-010
 precision:   7.6232213127953613E-004
 ====================NCALL=40K ===========================
  
 max=   3.9721887365776244E-006
 min=   0.0000000000000000     
       n_pass,     n_total
      200000      200013
 max=   3.9721887365776244E-006
 min=   0.0000000000000000     
       n_pass,     n_total
      210000      210013
 max=   3.9721887365776244E-006
 min=   0.0000000000000000     
       n_pass,     n_total
      220000      220013
 max=   3.9721887365776244E-006
 min=   0.0000000000000000     
       n_pass,     n_total
      230000      230013
   9.2073565551832422E-007 +\-   2.1535712955064784E-010
 precision:   2.3389680660233957E-004
 ====================NCALL=80K ===========================
  
 max=   3.9721887365776244E-006
 min=   0.0000000000000000     
       n_pass,     n_total
      240000      240017
 max=   3.9721887365776244E-006
 min=   0.0000000000000000     
       n_pass,     n_total
      250000      250017
 max=   3.9721887365776244E-006
 min=   0.0000000000000000     
       n_pass,     n_total
      260000      260017
 max=   3.9721887365776244E-006
 min=   0.0000000000000000     
       n_pass,     n_total
      270000      270017
 max=   3.9721887365776244E-006
 min=   0.0000000000000000     
       n_pass,     n_total
      280000      280017
 max=   3.9721940540687745E-006
 min=   0.0000000000000000     
       n_pass,     n_total
      290000      290017
 max=   3.9721940540687745E-006
 min=   0.0000000000000000     
       n_pass,     n_total
      300000      300017
 max=   3.9721940540687745E-006
 min=   0.0000000000000000     
       n_pass,     n_total
      310000      310017
   9.2060379570285081E-007 +\-   1.1946159701357295E-010
 precision:   1.2976439763901683E-004
 sigma (pb)                   sd (pb)
   9.2060379570285081E-007   1.1946159701357295E-010
