 =======================================================
 |                                                     |
 |         \/\/\/\/\/\___________/\/\/\/\/\/           |
 |                   |     \     |                     |
 |                   |     /     |                     |
 |                   |     \     |                     |
 |         /\/\/\/\/\|_____/_____|/\/\/\/\/\           |
 |                                                     |
 | Light-by-light scattering at next-to-leading order  |
 |                   (VERSION 0.5)                     |
 |                                                     |
 |    Authors:                                         |
 |            Ajjath A.H. (LPTHE Paris)                |
 |            Ekta Chaubey (Bonn)                      |
 |            Mathijs Fraaije (Bern)                   |
 |            Valentin Hirschi (Bern)                  |
 |            Hua-Sheng Shao (LPTHE Paris)             |
 |                                                     |
 |    Please cite                                      |
 |            PLB 851 (2024) 138555 [arXiv:2312.16956] |
 |            JHEP 03 (2024) 121    [arXiv:2312.16966] |
 |                                                     |
 =======================================================
 ---------------------------------------------------
         the cuts in the lab frame                  
 min transverse momentum of photon    0.0000000000000000     
 max (pseudo-)rapidity of photon    5.0000000000000000     
 min (pseudo-)rapidity of photon   -5.0000000000000000     
 min invariant mass of di-photon    0.0000000000000000     
 ---------------------------------------------------
 max=   2415966.4585583280     
 min=   0.0000000000000000     
       n_pass,     n_total
       10000       10000
  
 ====================NCALL=20K===========================
  
 ITERATION            1 :
   416023.92017737665      +\-   236.31179239855217     
 precision:   5.6802453161298484E-004
 WARNING: outside the range of the grid (xs,xt)=   184.98129219786995       -184.97229761268355     
 WARNING: set the 2-loop amplitudes to zero
 max=   2448498.1067979718     
 min=   0.0000000000000000     
       n_pass,     n_total
       20000       20005
 max=   2448498.1067979718     
 min=   0.0000000000000000     
       n_pass,     n_total
       30000       30005
 WARNING: outside the range of the grid (xs,xt)=   184.98129219786995       -8.4911964134156831E-003
 WARNING: set the 2-loop amplitudes to zero
 ITERATION            2 :
   415533.01088014775      +\-   76.312226663764449     
 precision:   1.8364901142781939E-004
 max=   2449434.7229384733     
 min=   0.0000000000000000     
       n_pass,     n_total
       40000       40024
 max=   2449434.7229384733     
 min=   0.0000000000000000     
       n_pass,     n_total
       50000       50024
 ITERATION            3 :
   415442.96538501466      +\-   76.797200470834525     
 precision:   1.8485618212276669E-004
 max=   2493771.2395769390     
 min=   0.0000000000000000     
       n_pass,     n_total
       60000       60054
 max=   2493771.2395769390     
 min=   0.0000000000000000     
       n_pass,     n_total
       70000       70054
 WARNING: outside the range of the grid (xs,xt)=   184.98129219786995       -8.6285616030534248E-003
 WARNING: set the 2-loop amplitudes to zero
 WARNING: outside the range of the grid (xs,xt)=   184.98129219786995       -9.1899056252750556E-003
 WARNING: set the 2-loop amplitudes to zero
 ITERATION            4 :
   415390.15836313932      +\-   70.114187972442039     
 precision:   1.6879116310489795E-004
 WARNING: outside the range of the grid (xs,xt)=   184.98129219786995       -184.97216672307906     
 WARNING: set the 2-loop amplitudes to zero
 INFO: will suppress the further warning
 max=   2508469.5653459388     
 min=   0.0000000000000000     
       n_pass,     n_total
       80000       80092
 max=   2508469.5653459388     
 min=   0.0000000000000000     
       n_pass,     n_total
       90000       90092
 ITERATION            5 :
   415440.64793061203      +\-   62.204041768386851     
 precision:   1.4973027333323516E-004
 max=   2512104.0083376705     
 min=   0.0000000000000000     
       n_pass,     n_total
      100000      100144
 max=   2512104.0083376705     
 min=   0.0000000000000000     
       n_pass,     n_total
      110000      110144
 ITERATION            6 :
   415395.34167615924      +\-   57.944659022338001     
 precision:   1.3949279928977021E-004
 max=   2512104.0083376705     
 min=   0.0000000000000000     
       n_pass,     n_total
      120000      120191
 max=   2512104.0083376705     
 min=   0.0000000000000000     
       n_pass,     n_total
      130000      130191
 ITERATION            7 :
   415511.53824276460      +\-   56.460919334658257     
 precision:   1.3588291572704943E-004
 max=   2512104.0083376705     
 min=   0.0000000000000000     
       n_pass,     n_total
      140000      140251
 max=   2512104.0083376705     
 min=   0.0000000000000000     
       n_pass,     n_total
      150000      150251
 ITERATION            8 :
   415316.53882369975      +\-   56.092329002274845     
 precision:   1.3505922292703546E-004
 max=   2512104.0083376705     
 min=   0.0000000000000000     
       n_pass,     n_total
      160000      160321
 max=   2512104.0083376705     
 min=   0.0000000000000000     
       n_pass,     n_total
      170000      170321
 ITERATION            9 :
   415444.27606418065      +\-   54.491892592190695     
 precision:   1.3116534691110394E-004
 max=   2512104.0083376705     
 min=   0.0000000000000000     
       n_pass,     n_total
      180000      180391
 max=   2512104.0083376705     
 min=   0.0000000000000000     
       n_pass,     n_total
      190000      190391
 ITERATION           10 :
   415483.78628860897      +\-   55.357331947197515     
 precision:   1.3323584162377989E-004
 ====================NCALL=40K ===========================
  
 max=   2512233.4941103510     
 min=   0.0000000000000000     
       n_pass,     n_total
      200000      200530
 max=   2512233.4941103510     
 min=   0.0000000000000000     
       n_pass,     n_total
      210000      210530
 max=   2512233.4941103510     
 min=   0.0000000000000000     
       n_pass,     n_total
      220000      220530
 max=   2512233.4941103510     
 min=   0.0000000000000000     
       n_pass,     n_total
      230000      230530
   415439.48981648788      +\-   27.969869306845265     
 precision:   6.7325976447738268E-005
 ====================NCALL=80K ===========================
  
 max=   2512233.4941103510     
 min=   0.0000000000000000     
       n_pass,     n_total
      240000      240857
 max=   2512233.4941103510     
 min=   0.0000000000000000     
       n_pass,     n_total
      250000      250857
 max=   2512233.4941103510     
 min=   0.0000000000000000     
       n_pass,     n_total
      260000      260857
 max=   2512233.4941103510     
 min=   0.0000000000000000     
       n_pass,     n_total
      270000      270857
 max=   2512233.4941103510     
 min=   0.0000000000000000     
       n_pass,     n_total
      280000      280857
 max=   2512233.4941103510     
 min=   0.0000000000000000     
       n_pass,     n_total
      290000      290857
 max=   2512233.4941103510     
 min=   0.0000000000000000     
       n_pass,     n_total
      300000      300857
 max=   2512233.4941103510     
 min=   0.0000000000000000     
       n_pass,     n_total
      310000      310857
   415401.35678910516      +\-   13.910370327199210     
 precision:   3.3486578943124050E-005
 sigma (pb)                   sd (pb)
   415401.35678910516        13.910370327199210     
