 =======================================================
 |                                                     |
 |         \/\/\/\/\/\___________/\/\/\/\/\/           |
 |                   |     \     |                     |
 |                   |     /     |                     |
 |                   |     \     |                     |
 |         /\/\/\/\/\|_____/_____|/\/\/\/\/\           |
 |                                                     |
 | Light-by-light scattering at next-to-leading order  |
 |                   (VERSION 0.5)                     |
 |                                                     |
 |    Authors:                                         |
 |            Ajjath A.H. (LPTHE Paris)                |
 |            Ekta Chaubey (Bonn)                      |
 |            Mathijs Fraaije (Bern)                   |
 |            Valentin Hirschi (Bern)                  |
 |            Hua-Sheng Shao (LPTHE Paris)             |
 |                                                     |
 |    Please cite                                      |
 |            PLB 851 (2024) 138555 [arXiv:2312.16956] |
 |            JHEP 03 (2024) 121    [arXiv:2312.16966] |
 |                                                     |
 =======================================================
 ---------------------------------------------------
         the cuts in the lab frame                  
 min transverse momentum of photon    0.0000000000000000     
 max (pseudo-)rapidity of photon    5.0000000000000000     
 min (pseudo-)rapidity of photon   -5.0000000000000000     
 min invariant mass of di-photon    0.0000000000000000     
 ---------------------------------------------------
 max=   969.02665949414006     
 min=   0.0000000000000000     
       n_pass,     n_total
       10000       10000
  
 ====================NCALL=20K===========================
  
 ITERATION            1 :
   41.861431833814855      +\-  0.11325089145780294     
 precision:   2.7053754851815905E-003
 max=   1087.2596805365424     
 min=   0.0000000000000000     
       n_pass,     n_total
       20000       20007
 max=   1087.2596805365424     
 min=   0.0000000000000000     
       n_pass,     n_total
       30000       30007
 ITERATION            2 :
   41.704142759032045      +\-   2.8714470140522787E-002
 precision:   6.8852800323545725E-004
 WARNING: outside the range of the grid (xs,xt)=   26.391989307195363       -26.390774803927975     
 WARNING: set the 2-loop amplitudes to zero
 WARNING: outside the range of the grid (xs,xt)=   25.621461937716258       -25.620282892481118     
 WARNING: set the 2-loop amplitudes to zero
 WARNING: outside the range of the grid (xs,xt)=   12.335864223240318       -12.335296552981331     
 WARNING: set the 2-loop amplitudes to zero
 WARNING: outside the range of the grid (xs,xt)=   1.3163737777777778       -1.3163132010536966     
 WARNING: set the 2-loop amplitudes to zero
 WARNING: outside the range of the grid (xs,xt)=  0.13127273130193906      -0.13126669040978692     
 WARNING: set the 2-loop amplitudes to zero
 INFO: will suppress the further warning
 max=   1088.6550230418104     
 min=   0.0000000000000000     
       n_pass,     n_total
       40000       40035
 max=   1088.6550230418104     
 min=   0.0000000000000000     
       n_pass,     n_total
       50000       50035
 ITERATION            3 :
   41.679177403557382      +\-   1.3394111868563782E-002
 precision:   3.2136219337717962E-004
 max=   1088.6550230418104     
 min=   0.0000000000000000     
       n_pass,     n_total
       60000       60115
 max=   1088.6550230418104     
 min=   0.0000000000000000     
       n_pass,     n_total
       70000       70115
 ITERATION            4 :
   41.687548826390341      +\-   1.0617540425943791E-002
 precision:   2.5469332510196299E-004
 max=   1088.6550230418104     
 min=   0.0000000000000000     
       n_pass,     n_total
       80000       80285
 max=   1088.6550230418104     
 min=   0.0000000000000000     
       n_pass,     n_total
       90000       90285
 ITERATION            5 :
   41.680065018546621      +\-   8.8263890012926626E-003
 precision:   2.1176524070596177E-004
 max=   1088.6550230418104     
 min=   0.0000000000000000     
       n_pass,     n_total
      100000      100559
 max=   1088.6550230418104     
 min=   0.0000000000000000     
       n_pass,     n_total
      110000      110559
 ITERATION            6 :
   41.684728604758085      +\-   7.6734767398516108E-003
 precision:   1.8408364397928993E-004
 max=   1088.6550230418104     
 min=   0.0000000000000000     
       n_pass,     n_total
      120000      120839
 max=   1088.6550230418104     
 min=   0.0000000000000000     
       n_pass,     n_total
      130000      130839
 ITERATION            7 :
   41.701269273129128      +\-   7.2653827240290424E-003
 precision:   1.7422449845454959E-004
 max=   1088.6550230418104     
 min=   0.0000000000000000     
       n_pass,     n_total
      140000      141190
 max=   1088.6550230418104     
 min=   0.0000000000000000     
       n_pass,     n_total
      150000      151190
 ITERATION            8 :
   41.674697094865301      +\-   7.1430901168479640E-003
 precision:   1.7140112861739449E-004
 max=   1088.6550230418104     
 min=   0.0000000000000000     
       n_pass,     n_total
      160000      161446
 max=   1088.6550230418104     
 min=   0.0000000000000000     
       n_pass,     n_total
      170000      171446
 ITERATION            9 :
   41.685155690464939      +\-   7.0978398919274675E-003
 precision:   1.7027260122602894E-004
 max=   1090.4258239554656     
 min=   0.0000000000000000     
       n_pass,     n_total
      180000      181816
 max=   1090.4258239554656     
 min=   0.0000000000000000     
       n_pass,     n_total
      190000      191816
 ITERATION           10 :
   41.693972840065541      +\-   7.2580435494591315E-003
 precision:   1.7407896285874115E-004
 ====================NCALL=40K ===========================
  
 max=   1090.4258239554656     
 min=   0.0000000000000000     
       n_pass,     n_total
      200000      202081
 max=   1090.4258239554656     
 min=   0.0000000000000000     
       n_pass,     n_total
      210000      212081
 max=   1090.4258239554656     
 min=   0.0000000000000000     
       n_pass,     n_total
      220000      222081
 max=   1090.4258239554656     
 min=   0.0000000000000000     
       n_pass,     n_total
      230000      232081
   41.691672194038915      +\-   4.1252056150019372E-003
 precision:   9.8945554301651639E-005
 ====================NCALL=80K ===========================
  
 max=   1090.4258239554656     
 min=   0.0000000000000000     
       n_pass,     n_total
      240000      243339
 max=   1090.4258239554656     
 min=   0.0000000000000000     
       n_pass,     n_total
      250000      253339
 max=   1090.4258239554656     
 min=   0.0000000000000000     
       n_pass,     n_total
      260000      263339
 max=   1090.4258239554656     
 min=   0.0000000000000000     
       n_pass,     n_total
      270000      273339
 max=   1090.4258239554656     
 min=   0.0000000000000000     
       n_pass,     n_total
      280000      283339
 max=   1090.4258239554656     
 min=   0.0000000000000000     
       n_pass,     n_total
      290000      293339
 max=   1090.4258239554656     
 min=   0.0000000000000000     
       n_pass,     n_total
      300000      303339
 max=   1090.4258239554656     
 min=   0.0000000000000000     
       n_pass,     n_total
      310000      313339
   41.689246504228493      +\-   1.7779841874218374E-003
 precision:   4.2648508584617822E-005
 sigma (pb)                   sd (pb)
   41.689246504228493        1.7779841874218374E-003
