 =======================================================
 |                                                     |
 |         \/\/\/\/\/\___________/\/\/\/\/\/           |
 |                   |     \     |                     |
 |                   |     /     |                     |
 |                   |     \     |                     |
 |         /\/\/\/\/\|_____/_____|/\/\/\/\/\           |
 |                                                     |
 | Light-by-light scattering at next-to-leading order  |
 |                   (VERSION 0.5)                     |
 |                                                     |
 |    Authors:                                         |
 |            Ajjath A.H. (LPTHE Paris)                |
 |            Ekta Chaubey (Bonn)                      |
 |            Mathijs Fraaije (Bern)                   |
 |            Valentin Hirschi (Bern)                  |
 |            Hua-Sheng Shao (LPTHE Paris)             |
 |                                                     |
 |    Please cite                                      |
 |            PLB 851 (2024) 138555 [arXiv:2312.16956] |
 |            JHEP 03 (2024) 121    [arXiv:2312.16966] |
 |                                                     |
 =======================================================
 ---------------------------------------------------
         the cuts in the lab frame                  
 min transverse momentum of photon    0.0000000000000000     
 max (pseudo-)rapidity of photon    5.0000000000000000     
 min (pseudo-)rapidity of photon   -5.0000000000000000     
 min invariant mass of di-photon    0.0000000000000000     
 ---------------------------------------------------
 max=   3130172.9448464089     
 min=   0.0000000000000000     
       n_pass,     n_total
       10000       10000
  
 ====================NCALL=20K===========================
  
 ITERATION            1 :
   1829665.6997254493      +\-   64.663596789712102     
 precision:   3.5341754944313165E-005
 max=   4104412.8830224974     
 min=   0.0000000000000000     
       n_pass,     n_total
       20000       20002
 max=   4104412.8830224974     
 min=   0.0000000000000000     
       n_pass,     n_total
       30000       30002
 ITERATION            2 :
   1829480.9536784322      +\-   118.44861882011693     
 precision:   6.4744384784088139E-005
 WARNING: outside the range of the grid (xs,xt)=   10.989679114280353       -10.989174273493029     
 WARNING: set the 2-loop amplitudes to zero
 max=   4104412.8830224974     
 min=   0.0000000000000000     
       n_pass,     n_total
       40000       40012
 max=   4104412.8830224974     
 min=   0.0000000000000000     
       n_pass,     n_total
       50000       50012
 WARNING: outside the range of the grid (xs,xt)=   10.989679114280353       -5.1545826707917952E-004
 WARNING: set the 2-loop amplitudes to zero
 ITERATION            3 :
   1829256.6842074525      +\-   104.92974519177801     
 precision:   5.7361958055241486E-005
 WARNING: outside the range of the grid (xs,xt)=   10.989679114280353       -10.989177821284395     
 WARNING: set the 2-loop amplitudes to zero
 WARNING: outside the range of the grid (xs,xt)=   10.989679114280353       -10.989173691126028     
 WARNING: set the 2-loop amplitudes to zero
 WARNING: outside the range of the grid (xs,xt)=   10.989679114280353       -10.989167559014220     
 WARNING: set the 2-loop amplitudes to zero
 INFO: will suppress the further warning
 max=   5728856.5036923774     
 min=   0.0000000000000000     
       n_pass,     n_total
       60000       60037
 max=   5728856.5036923774     
 min=   0.0000000000000000     
       n_pass,     n_total
       70000       70037
 ITERATION            4 :
   1829333.7937602818      +\-   78.671585923007910     
 precision:   4.3005593725623339E-005
 max=   6439345.9930069828     
 min=   0.0000000000000000     
       n_pass,     n_total
       80000       80075
 max=   6439345.9930069828     
 min=   0.0000000000000000     
       n_pass,     n_total
       90000       90075
 ITERATION            5 :
   1829392.4192194098      +\-   66.265897554967580     
 precision:   3.6222899394785305E-005
 max=   6550980.8643382201     
 min=   0.0000000000000000     
       n_pass,     n_total
      100000      100137
 max=   6550980.8643382201     
 min=   0.0000000000000000     
       n_pass,     n_total
      110000      110137
 ITERATION            6 :
   1829351.6790302112      +\-   60.771949416913991     
 precision:   3.3220484674182960E-005
 max=   6564206.3238440873     
 min=   0.0000000000000000     
       n_pass,     n_total
      120000      120213
 max=   6564206.3238440873     
 min=   0.0000000000000000     
       n_pass,     n_total
      130000      130213
 ITERATION            7 :
   1829477.8836479024      +\-   58.375923051948128     
 precision:   3.1908515305770724E-005
 max=   6565249.7396563049     
 min=   0.0000000000000000     
       n_pass,     n_total
      140000      140313
 max=   6565249.7396563049     
 min=   0.0000000000000000     
       n_pass,     n_total
      150000      150313
 ITERATION            8 :
   1829293.3214656622      +\-   57.344426136255620     
 precision:   3.1347857373857487E-005
 max=   6565249.7396563049     
 min=   0.0000000000000000     
       n_pass,     n_total
      160000      160444
 max=   6565249.7396563049     
 min=   0.0000000000000000     
       n_pass,     n_total
      170000      170444
 ITERATION            9 :
   1829396.9286323271      +\-   55.747382054870002     
 precision:   3.0473092625419034E-005
 max=   6645120.3883542651     
 min=   0.0000000000000000     
       n_pass,     n_total
      180000      180583
 max=   6645120.3883542651     
 min=   0.0000000000000000     
       n_pass,     n_total
      190000      190583
 ITERATION           10 :
   1829435.7797899784      +\-   55.387865112192543     
 precision:   3.0275927542289100E-005
 ====================NCALL=40K ===========================
  
 max=   7761257.6576021481     
 min=   0.0000000000000000     
       n_pass,     n_total
      200000      200831
 max=   7761257.6576021481     
 min=   0.0000000000000000     
       n_pass,     n_total
      210000      210831
 max=   7761257.6576021481     
 min=   0.0000000000000000     
       n_pass,     n_total
      220000      220831
 max=   7761257.6576021481     
 min=   0.0000000000000000     
       n_pass,     n_total
      230000      230831
   1829431.3209526348      +\-   27.520867586813257     
 precision:   1.5043400247724190E-005
 ====================NCALL=80K ===========================
  
 max=   7858040.3117260421     
 min=   0.0000000000000000     
       n_pass,     n_total
      240000      241383
 max=   7858040.3117260421     
 min=   0.0000000000000000     
       n_pass,     n_total
      250000      251383
 max=   7858040.3117260421     
 min=   0.0000000000000000     
       n_pass,     n_total
      260000      261383
 max=   7858040.3117260421     
 min=   0.0000000000000000     
       n_pass,     n_total
      270000      271383
 max=   7858040.3117260421     
 min=   0.0000000000000000     
       n_pass,     n_total
      280000      281383
 max=   7858040.3117260421     
 min=   0.0000000000000000     
       n_pass,     n_total
      290000      291383
 max=   7858040.3117260421     
 min=   0.0000000000000000     
       n_pass,     n_total
      300000      301383
 max=   7858040.3117260421     
 min=   0.0000000000000000     
       n_pass,     n_total
      310000      311383
   1829384.5413193987      +\-   12.967102130800203     
 precision:   7.0882320463077700E-006
 sigma (pb)                   sd (pb)
   1829384.5413193987        12.967102130800203     
