 =======================================================
 |                                                     |
 |         \/\/\/\/\/\___________/\/\/\/\/\/           |
 |                   |     \     |                     |
 |                   |     /     |                     |
 |                   |     \     |                     |
 |         /\/\/\/\/\|_____/_____|/\/\/\/\/\           |
 |                                                     |
 | Light-by-light scattering at next-to-leading order  |
 |                   (VERSION 0.5)                     |
 |                                                     |
 |    Authors:                                         |
 |            Ajjath A.H. (LPTHE Paris)                |
 |            Ekta Chaubey (Bonn)                      |
 |            Mathijs Fraaije (Bern)                   |
 |            Valentin Hirschi (Bern)                  |
 |            Hua-Sheng Shao (LPTHE Paris)             |
 |                                                     |
 |    Please cite                                      |
 |            PLB 851 (2024) 138555 [arXiv:2312.16956] |
 |            JHEP 03 (2024) 121    [arXiv:2312.16966] |
 |                                                     |
 =======================================================
 ---------------------------------------------------
         the cuts in the lab frame                  
 min transverse momentum of photon    0.0000000000000000     
 max (pseudo-)rapidity of photon    5.0000000000000000     
 min (pseudo-)rapidity of photon   -5.0000000000000000     
 min invariant mass of di-photon    0.0000000000000000     
 ---------------------------------------------------
 max=   2757524.4746922213     
 min=   0.0000000000000000     
       n_pass,     n_total
       10000       10000
  
 ====================NCALL=20K===========================
  
 ITERATION            1 :
   665347.47489655612      +\-   208.11995691885505     
 precision:   3.1279889797614725E-004
 max=   2929804.6243920024     
 min=   0.0000000000000000     
       n_pass,     n_total
       20000       20003
 max=   2929804.6243920024     
 min=   0.0000000000000000     
       n_pass,     n_total
       30000       30003
 ITERATION            2 :
   664940.20763722097      +\-   87.457176401266267     
 precision:   1.3152637695355201E-004
 WARNING: outside the range of the grid (xs,xt)=   101.57168515745576       -101.56689912601864     
 WARNING: set the 2-loop amplitudes to zero
 max=   2961599.6607582527     
 min=   0.0000000000000000     
       n_pass,     n_total
       40000       40016
 max=   2961599.6607582527     
 min=   0.0000000000000000     
       n_pass,     n_total
       50000       50016
 ITERATION            3 :
   664779.73183511687      +\-   105.30323292621260     
 precision:   1.5840319414601320E-004
 WARNING: outside the range of the grid (xs,xt)=   101.57168515745576       -101.56683004451773     
 WARNING: set the 2-loop amplitudes to zero
 WARNING: outside the range of the grid (xs,xt)=   101.57168515745576       -101.56679004319017     
 WARNING: set the 2-loop amplitudes to zero
 WARNING: outside the range of the grid (xs,xt)=   101.57168515745576       -101.56673065258308     
 WARNING: set the 2-loop amplitudes to zero
 WARNING: outside the range of the grid (xs,xt)=   101.57168515745576       -101.56662374060853     
 WARNING: set the 2-loop amplitudes to zero
 INFO: will suppress the further warning
 max=   2961599.6607582527     
 min=   0.0000000000000000     
       n_pass,     n_total
       60000       60040
 max=   2961599.6607582527     
 min=   0.0000000000000000     
       n_pass,     n_total
       70000       70040
 ITERATION            4 :
   664775.06561115349      +\-   93.495972779757366     
 precision:   1.4064301989696754E-004
 max=   3021228.0888610817     
 min=   0.0000000000000000     
       n_pass,     n_total
       80000       80067
 max=   3021228.0888610817     
 min=   0.0000000000000000     
       n_pass,     n_total
       90000       90067
 ITERATION            5 :
   664831.26180387614      +\-   79.337045466100236     
 precision:   1.1933410780178460E-004
 max=   3021228.0888610817     
 min=   0.0000000000000000     
       n_pass,     n_total
      100000      100101
 max=   3021228.0888610817     
 min=   0.0000000000000000     
       n_pass,     n_total
      110000      110101
 ITERATION            6 :
   664750.59780321422      +\-   76.809883298615361     
 precision:   1.1554691872778632E-004
 max=   3021228.0888610817     
 min=   0.0000000000000000     
       n_pass,     n_total
      120000      120137
 max=   3021228.0888610817     
 min=   0.0000000000000000     
       n_pass,     n_total
      130000      130137
 ITERATION            7 :
   664874.02774210135      +\-   75.909810768094999     
 precision:   1.1417171915390224E-004
 max=   3021228.0888610817     
 min=   0.0000000000000000     
       n_pass,     n_total
      140000      140175
 max=   3021228.0888610817     
 min=   0.0000000000000000     
       n_pass,     n_total
      150000      150175
 ITERATION            8 :
   664653.10502464254      +\-   75.501359706313679     
 precision:   1.1359513577163594E-004
 max=   3021228.0888610817     
 min=   0.0000000000000000     
       n_pass,     n_total
      160000      160227
 max=   3021228.0888610817     
 min=   0.0000000000000000     
       n_pass,     n_total
      170000      170227
 ITERATION            9 :
   664763.24031251238      +\-   74.343827845333763     
 precision:   1.1183504643004015E-004
 max=   3021228.0888610817     
 min=   0.0000000000000000     
       n_pass,     n_total
      180000      180278
 max=   3021228.0888610817     
 min=   0.0000000000000000     
       n_pass,     n_total
      190000      190278
 ITERATION           10 :
   664870.94687030895      +\-   73.189234633290795     
 precision:   1.1008036217826680E-004
 ====================NCALL=40K ===========================
  
 max=   3021228.0888610817     
 min=   0.0000000000000000     
       n_pass,     n_total
      200000      200375
 max=   3021228.0888610817     
 min=   0.0000000000000000     
       n_pass,     n_total
      210000      210375
 max=   3021228.0888610817     
 min=   0.0000000000000000     
       n_pass,     n_total
      220000      220375
 max=   3021228.0888610817     
 min=   0.0000000000000000     
       n_pass,     n_total
      230000      230375
   664816.21433892613      +\-   37.378924515163916     
 precision:   5.6224447763104618E-005
 ====================NCALL=80K ===========================
  
 max=   3021228.0888610817     
 min=   0.0000000000000000     
       n_pass,     n_total
      240000      240624
 max=   3021228.0888610817     
 min=   0.0000000000000000     
       n_pass,     n_total
      250000      250624
 max=   3021228.0888610817     
 min=   0.0000000000000000     
       n_pass,     n_total
      260000      260624
 max=   3021228.0888610817     
 min=   0.0000000000000000     
       n_pass,     n_total
      270000      270624
 max=   3021228.0888610817     
 min=   0.0000000000000000     
       n_pass,     n_total
      280000      280624
 max=   3021228.0888610817     
 min=   0.0000000000000000     
       n_pass,     n_total
      290000      290624
 max=   3021228.0888610817     
 min=   0.0000000000000000     
       n_pass,     n_total
      300000      300624
 max=   3021228.0888610817     
 min=   0.0000000000000000     
       n_pass,     n_total
      310000      310624
   664758.73645344633      +\-   18.894670142060711     
 precision:   2.8423349865043741E-005
 sigma (pb)                   sd (pb)
   664758.73645344633        18.894670142060711     
