 =======================================================
 |                                                     |
 |         \/\/\/\/\/\___________/\/\/\/\/\/           |
 |                   |     \     |                     |
 |                   |     /     |                     |
 |                   |     \     |                     |
 |         /\/\/\/\/\|_____/_____|/\/\/\/\/\           |
 |                                                     |
 | Light-by-light scattering at next-to-leading order  |
 |                   (VERSION 0.5)                     |
 |                                                     |
 |    Authors:                                         |
 |            Ajjath A.H. (LPTHE Paris)                |
 |            Ekta Chaubey (Bonn)                      |
 |            Mathijs Fraaije (Bern)                   |
 |            Valentin Hirschi (Bern)                  |
 |            Hua-Sheng Shao (LPTHE Paris)             |
 |                                                     |
 |    Please cite                                      |
 |            PLB 851 (2024) 138555 [arXiv:2312.16956] |
 |            JHEP 03 (2024) 121    [arXiv:2312.16966] |
 |                                                     |
 =======================================================
 ---------------------------------------------------
         the cuts in the lab frame                  
 min transverse momentum of photon    0.0000000000000000     
 max (pseudo-)rapidity of photon    5.0000000000000000     
 min (pseudo-)rapidity of photon   -5.0000000000000000     
 min invariant mass of di-photon    0.0000000000000000     
 ---------------------------------------------------
 max=   62756.571154690319     
 min=   0.0000000000000000     
       n_pass,     n_total
       10000       10000
  
 ====================NCALL=20K===========================
  
 ITERATION            1 :
   892.82276626263297      +\-   7.6449282121413988     
 precision:   8.5626492748870665E-003
 WARNING: outside the range of the grid (xs,xt)=  0.23703818222321224      -0.23702689907417704     
 WARNING: set the 2-loop amplitudes to zero
 WARNING: outside the range of the grid (xs,xt)=  0.23011773356401377      -0.23010677983217576     
 WARNING: set the 2-loop amplitudes to zero
 WARNING: outside the range of the grid (xs,xt)=  0.11079387755102041      -0.11078860370095595     
 WARNING: set the 2-loop amplitudes to zero
 WARNING: outside the range of the grid (xs,xt)=   1.1822937777777777E-002  -1.1822374999377565E-002
 WARNING: set the 2-loop amplitudes to zero
 WARNING: outside the range of the grid (xs,xt)=   101874.64815162320       -101869.79886182852     
 WARNING: set the 2-loop amplitudes to zero
 INFO: will suppress the further warning
 max=   69251.608776166788     
 min=   0.0000000000000000     
       n_pass,     n_total
       20000       20009
 max=   69251.608776166788     
 min=   0.0000000000000000     
       n_pass,     n_total
       30000       30009
 ITERATION            2 :
   883.90001178447790      +\-   1.9557833118463988     
 precision:   2.2126748339983946E-003
 max=   70632.149968060490     
 min=   0.0000000000000000     
       n_pass,     n_total
       40000       40044
 max=   70632.149968060490     
 min=   0.0000000000000000     
       n_pass,     n_total
       50000       50044
 ITERATION            3 :
   883.79974676409461      +\-  0.65565405361491658     
 precision:   7.4185815962891975E-004
 max=   71030.815474270159     
 min=   0.0000000000000000     
       n_pass,     n_total
       60000       60180
 max=   71030.815474270159     
 min=   0.0000000000000000     
       n_pass,     n_total
       70000       70180
 ITERATION            4 :
   884.12700882780007      +\-  0.40616703530021953     
 precision:   4.5939896784595119E-004
 max=   71030.815474270159     
 min=   0.0000000000000000     
       n_pass,     n_total
       80000       80505
 max=   71030.815474270159     
 min=   0.0000000000000000     
       n_pass,     n_total
       90000       90505
 ITERATION            5 :
   883.79408593763424      +\-  0.27587011559805863     
 precision:   3.1214297536895450E-004
 max=   71030.815474270159     
 min=   0.0000000000000000     
       n_pass,     n_total
      100000      100992
 max=   71030.815474270159     
 min=   0.0000000000000000     
       n_pass,     n_total
      110000      110992
 ITERATION            6 :
   883.84631700916350      +\-  0.24014509556267793     
 precision:   2.7170458363768706E-004
 max=   71030.815474270159     
 min=   0.0000000000000000     
       n_pass,     n_total
      120000      121549
 max=   71030.815474270159     
 min=   0.0000000000000000     
       n_pass,     n_total
      130000      131549
 ITERATION            7 :
   884.18764514646034      +\-  0.23504008358741846     
 precision:   2.6582602106873534E-004
 max=   71048.464361458755     
 min=   0.0000000000000000     
       n_pass,     n_total
      140000      142257
 max=   71048.464361458755     
 min=   0.0000000000000000     
       n_pass,     n_total
      150000      152257
 ITERATION            8 :
   883.44988489970217      +\-  0.22950845950299539     
 precision:   2.5978661996096296E-004
 max=   71051.875566455230     
 min=   0.0000000000000000     
       n_pass,     n_total
      160000      162905
 max=   71051.875566455230     
 min=   0.0000000000000000     
       n_pass,     n_total
      170000      172905
 ITERATION            9 :
   883.87949450306201      +\-  0.22216082951159002     
 precision:   2.5134741884298841E-004
 max=   71051.875566455230     
 min=   0.0000000000000000     
       n_pass,     n_total
      180000      183667
 max=   71051.875566455230     
 min=   0.0000000000000000     
       n_pass,     n_total
      190000      193667
 ITERATION           10 :
   884.00816248149806      +\-  0.22105448039321965     
 precision:   2.5005932046226579E-004
 ====================NCALL=40K ===========================
  
 max=   71051.875566455230     
 min=   0.0000000000000000     
       n_pass,     n_total
      200000      204331
 max=   71051.875566455230     
 min=   0.0000000000000000     
       n_pass,     n_total
      210000      214331
 max=   71051.875566455230     
 min=   0.0000000000000000     
       n_pass,     n_total
      220000      224331
 max=   71051.875566455230     
 min=   0.0000000000000000     
       n_pass,     n_total
      230000      234331
   883.96933724497683      +\-  0.11929669554084098     
 precision:   1.3495569417899385E-004
 ====================NCALL=80K ===========================
  
 max=   71051.875566455230     
 min=   0.0000000000000000     
       n_pass,     n_total
      240000      247152
 max=   71051.875566455230     
 min=   0.0000000000000000     
       n_pass,     n_total
      250000      257152
 max=   71051.875566455230     
 min=   0.0000000000000000     
       n_pass,     n_total
      260000      267152
 max=   71051.875566455230     
 min=   0.0000000000000000     
       n_pass,     n_total
      270000      277152
 max=   71051.875566455230     
 min=   0.0000000000000000     
       n_pass,     n_total
      280000      287152
 max=   71051.875566455230     
 min=   0.0000000000000000     
       n_pass,     n_total
      290000      297152
 max=   71051.875566455230     
 min=   0.0000000000000000     
       n_pass,     n_total
      300000      307152
   883.99521661618485      +\-   7.3557124509032346E-002
 precision:   8.3209867119642524E-005
 sigma (pb)                   sd (pb)
   883.99521661618485        7.3557124509032346E-002
