 =======================================================
 |                                                     |
 |         \/\/\/\/\/\___________/\/\/\/\/\/           |
 |                   |     \     |                     |
 |                   |     /     |                     |
 |                   |     \     |                     |
 |         /\/\/\/\/\|_____/_____|/\/\/\/\/\           |
 |                                                     |
 | Light-by-light scattering at next-to-leading order  |
 |                   (VERSION 0.5)                     |
 |                                                     |
 |    Authors:                                         |
 |            Ajjath A.H. (LPTHE Paris)                |
 |            Ekta Chaubey (Bonn)                      |
 |            Mathijs Fraaije (Bern)                   |
 |            Valentin Hirschi (Bern)                  |
 |            Hua-Sheng Shao (LPTHE Paris)             |
 |                                                     |
 |    Please cite                                      |
 |            PLB 851 (2024) 138555 [arXiv:2312.16956] |
 |            JHEP 03 (2024) 121    [arXiv:2312.16966] |
 |                                                     |
 =======================================================
 ---------------------------------------------------
         the cuts in the lab frame                  
 min transverse momentum of photon    0.0000000000000000     
 max (pseudo-)rapidity of photon    5.0000000000000000     
 min (pseudo-)rapidity of photon   -5.0000000000000000     
 min invariant mass of di-photon    0.0000000000000000     
 ---------------------------------------------------
 WARNING: outside the range of the grid (xs,xt)=   3.3048671013373916       -3.3048670683125438     
 WARNING: set the 2-loop amplitudes to zero
 WARNING: outside the range of the grid (xs,xt)=   3.3048967592484058       -3.3048967262232618     
 WARNING: set the 2-loop amplitudes to zero
 max=   1610781662856990.2     
 min=   0.0000000000000000     
       n_pass,     n_total
       10000       10000
  
 ====================NCALL=20K===========================
  
 ITERATION            1 :
   147355857148.98419      +\-   104886728088.60683     
 precision:  0.71179205304720983     
 WARNING: outside the range of the grid (xs,xt)=   3.3048782237555385       -3.3048781907305798     
 WARNING: set the 2-loop amplitudes to zero
 WARNING: outside the range of the grid (xs,xt)=   3.3047613761957551       -3.3047613431719638     
 WARNING: set the 2-loop amplitudes to zero
 WARNING: outside the range of the grid (xs,xt)=   3.3048809153462333       -3.3048808823212479     
 WARNING: set the 2-loop amplitudes to zero
 INFO: will suppress the further warning
 max=   3793650172051139.5     
 min=   0.0000000000000000     
       n_pass,     n_total
       20000       20017
 max=   3793650172051139.5     
 min=   0.0000000000000000     
       n_pass,     n_total
       30000       30017
 ITERATION            2 :
   102861319179.53754      +\-   81074638935.029526     
 precision:  0.78819365317995949     
 max=   4159537483071906.0     
 min=   0.0000000000000000     
       n_pass,     n_total
       40000       40290
 max=   4159537483071906.0     
 min=   0.0000000000000000     
       n_pass,     n_total
       50000       50290
 ITERATION            3 :
   107510871444.34975      +\-   6648086278.2506208     
 precision:   6.1836409555026561E-002
 max=   4170544882639144.5     
 min=   0.0000000000000000     
       n_pass,     n_total
       60000       64708
 max=   4170544882639144.5     
 min=   0.0000000000000000     
       n_pass,     n_total
       70000       74708
 ITERATION            4 :
   115147356803.16855      +\-   286781751.88793474     
 precision:   2.4905630476447314E-003
 max=   4172614266188278.5     
 min=   0.0000000000000000     
       n_pass,     n_total
       80000       90664
 ITERATION            5 :
   115176841819.25876      +\-   49815143.839125469     
 precision:   4.3251006931843016E-004
 max=   4172707159357762.5     
 min=   0.0000000000000000     
       n_pass,     n_total
       90000      102132
 max=   4172707159357762.5     
 min=   0.0000000000000000     
       n_pass,     n_total
      100000      112132
 ITERATION            6 :
   115239742115.02905      +\-   23345598.139360730     
 precision:   2.0258287384969861E-004
 max=   4172725889768531.0     
 min=   0.0000000000000000     
       n_pass,     n_total
      110000      124825
 max=   4172725889768531.0     
 min=   0.0000000000000000     
       n_pass,     n_total
      120000      134825
 ITERATION            7 :
   115207369123.63123      +\-   13416960.977807077     
 precision:   1.1645922548069890E-004
 max=   4172725889768531.0     
 min=   0.0000000000000000     
       n_pass,     n_total
      130000      146239
 max=   4172725889768531.0     
 min=   0.0000000000000000     
       n_pass,     n_total
      140000      156239
 ITERATION            8 :
   115210947826.17188      +\-   8918413.1718861498     
 precision:   7.7409424539602654E-005
 max=   4172725889768531.0     
 min=   0.0000000000000000     
       n_pass,     n_total
      150000      167115
 ITERATION            9 :
   115205997019.73351      +\-   7985987.9550288096     
 precision:   6.9319203527754713E-005
 max=   4172730260046786.5     
 min=   0.0000000000000000     
       n_pass,     n_total
      160000      178394
 max=   4172730260046786.5     
 min=   0.0000000000000000     
       n_pass,     n_total
      170000      188394
 ITERATION           10 :
   115217102124.63242      +\-   7499765.7726878943     
 precision:   6.5092470079444127E-005
 ====================NCALL=40K ===========================
  
 max=   4172730260046786.5     
 min=   0.0000000000000000     
       n_pass,     n_total
      180000      200912
 max=   4172730260046786.5     
 min=   0.0000000000000000     
       n_pass,     n_total
      190000      210912
 max=   4172730260046786.5     
 min=   0.0000000000000000     
       n_pass,     n_total
      200000      220912
 max=   4172730260046786.5     
 min=   0.0000000000000000     
       n_pass,     n_total
      210000      230912
   115203967407.81647      +\-   33438013.458795745     
 precision:   2.9025053747000566E-004
 ====================NCALL=80K ===========================
  
 max=   4172730260046786.5     
 min=   0.0000000000000000     
       n_pass,     n_total
      220000      266334
 max=   4172730260046786.5     
 min=   0.0000000000000000     
       n_pass,     n_total
      230000      276334
 max=   4172730260046786.5     
 min=   0.0000000000000000     
       n_pass,     n_total
      240000      286334
 max=   4172730260046786.5     
 min=   0.0000000000000000     
       n_pass,     n_total
      250000      296334
 max=   4172730260046786.5     
 min=   0.0000000000000000     
       n_pass,     n_total
      260000      306334
   113772382801.81068      +\-   4431226.0868234187     
 precision:   3.8948169825558896E-005
 sigma (pb)                   sd (pb)
   113772382801.81068        4431226.0868234187     
