 =======================================================
 |                                                     |
 |         \/\/\/\/\/\___________/\/\/\/\/\/           |
 |                   |     \     |                     |
 |                   |     /     |                     |
 |                   |     \     |                     |
 |         /\/\/\/\/\|_____/_____|/\/\/\/\/\           |
 |                                                     |
 | Light-by-light scattering at next-to-leading order  |
 |                   (VERSION 0.5)                     |
 |                                                     |
 |    Authors:                                         |
 |            Ajjath A.H. (LPTHE Paris)                |
 |            Ekta Chaubey (Bonn)                      |
 |            Mathijs Fraaije (Bern)                   |
 |            Valentin Hirschi (Bern)                  |
 |            Hua-Sheng Shao (LPTHE Paris)             |
 |                                                     |
 |    Please cite                                      |
 |            PLB 851 (2024) 138555 [arXiv:2312.16956] |
 |            JHEP 03 (2024) 121    [arXiv:2312.16966] |
 |                                                     |
 =======================================================
 ---------------------------------------------------
         the cuts in the lab frame                  
 min transverse momentum of photon    0.0000000000000000     
 max (pseudo-)rapidity of photon    5.0000000000000000     
 min (pseudo-)rapidity of photon   -5.0000000000000000     
 min invariant mass of di-photon    0.0000000000000000     
 ---------------------------------------------------
 WARNING: outside the range of the grid (xs,xt)=   1.0479396636063988E-002  -1.0479396531270262E-002
 WARNING: set the 2-loop amplitudes to zero
 WARNING: outside the range of the grid (xs,xt)=   1.0451104073398228E-002  -1.0451103968887427E-002
 WARNING: set the 2-loop amplitudes to zero
 WARNING: outside the range of the grid (xs,xt)=   1.0499345182138917E-002  -1.0499345077145708E-002
 WARNING: set the 2-loop amplitudes to zero
 WARNING: outside the range of the grid (xs,xt)=   1.0486675423336174E-002  -1.0486675318469663E-002
 WARNING: set the 2-loop amplitudes to zero
 WARNING: outside the range of the grid (xs,xt)=   1.0507404161336345E-002  -1.0507404056262546E-002
 WARNING: set the 2-loop amplitudes to zero
 INFO: will suppress the further warning
 max=   3.8388722743542135E-003
 min=   0.0000000000000000     
       n_pass,     n_total
       10000       10000
  
 ====================NCALL=20K===========================
  
 ITERATION            1 :
   2.7230258060407342E-003 +\-   4.5542736255456894E-007
 precision:   1.6725047612264757E-004
 max=   3.9230077892330626E-003
 min=   0.0000000000000000     
       n_pass,     n_total
       20000       20002
 max=   3.9230077892330626E-003
 min=   0.0000000000000000     
       n_pass,     n_total
       30000       30002
 ITERATION            2 :
   2.7216309307055903E-003 +\-   2.3774707859293663E-007
 precision:   8.7354635748242344E-005
 max=   3.9317854865738404E-003
 min=   0.0000000000000000     
       n_pass,     n_total
       40000       40012
 max=   3.9317854865738404E-003
 min=   0.0000000000000000     
       n_pass,     n_total
       50000       50012
 ITERATION            3 :
   2.7218577395191775E-003 +\-   1.6446977438046300E-007
 precision:   6.0425558614799964E-005
 max=   3.9319289172644982E-003
 min=   0.0000000000000000     
       n_pass,     n_total
       60000       60034
 max=   3.9319289172644982E-003
 min=   0.0000000000000000     
       n_pass,     n_total
       70000       70034
 ITERATION            4 :
   2.7219871720520483E-003 +\-   2.0242942301127940E-007
 precision:   7.4368250184908899E-005
 max=   3.9319289172644982E-003
 min=   0.0000000000000000     
       n_pass,     n_total
       80000       80055
 max=   3.9319289172644982E-003
 min=   0.0000000000000000     
       n_pass,     n_total
       90000       90055
 ITERATION            5 :
   2.7219147762966387E-003 +\-   1.6223805822932379E-007
 precision:   5.9604385722193830E-005
 max=   3.9319289172644982E-003
 min=   0.0000000000000000     
       n_pass,     n_total
      100000      100081
 max=   3.9319289172644982E-003
 min=   0.0000000000000000     
       n_pass,     n_total
      110000      110081
 ITERATION            6 :
   2.7218967789644174E-003 +\-   1.4428801423864875E-007
 precision:   5.3010097720731750E-005
 max=   3.9320045856550707E-003
 min=   0.0000000000000000     
       n_pass,     n_total
      120000      120102
 max=   3.9320045856550707E-003
 min=   0.0000000000000000     
       n_pass,     n_total
      130000      130102
 ITERATION            7 :
   2.7221971128317808E-003 +\-   1.3369032779241896E-007
 precision:   4.9111185653028207E-005
 max=   3.9320045856550707E-003
 min=   0.0000000000000000     
       n_pass,     n_total
      140000      140128
 max=   3.9320045856550707E-003
 min=   0.0000000000000000     
       n_pass,     n_total
      150000      150128
 ITERATION            8 :
   2.7219077180881297E-003 +\-   1.2786980656239957E-007
 precision:   4.6978009472053462E-005
 max=   3.9320045856550707E-003
 min=   0.0000000000000000     
       n_pass,     n_total
      160000      160163
 max=   3.9320045856550707E-003
 min=   0.0000000000000000     
       n_pass,     n_total
      170000      170163
 ITERATION            9 :
   2.7220182227149685E-003 +\-   1.3166251756622530E-007
 precision:   4.8369447517843499E-005
 max=   3.9320045856550707E-003
 min=   0.0000000000000000     
       n_pass,     n_total
      180000      180193
 max=   3.9320045856550707E-003
 min=   0.0000000000000000     
       n_pass,     n_total
      190000      190193
 ITERATION           10 :
   2.7220294810780801E-003 +\-   1.4668495948841884E-007
 precision:   5.3888086263607683E-005
 ====================NCALL=40K ===========================
  
 max=   3.9320045856550707E-003
 min=   0.0000000000000000     
       n_pass,     n_total
      200000      200245
 max=   3.9320045856550707E-003
 min=   0.0000000000000000     
       n_pass,     n_total
      210000      210245
 max=   3.9320045856550707E-003
 min=   0.0000000000000000     
       n_pass,     n_total
      220000      220245
 max=   3.9320045856550707E-003
 min=   0.0000000000000000     
       n_pass,     n_total
      230000      230245
   2.7220307116321311E-003 +\-   7.2644985092479135E-008
 precision:   2.6687790399293901E-005
 ====================NCALL=80K ===========================
  
 max=   3.9320045856550707E-003
 min=   0.0000000000000000     
       n_pass,     n_total
      240000      240391
 max=   3.9320045856550707E-003
 min=   0.0000000000000000     
       n_pass,     n_total
      250000      250391
 max=   3.9320045856550707E-003
 min=   0.0000000000000000     
       n_pass,     n_total
      260000      260391
 max=   3.9320045856550707E-003
 min=   0.0000000000000000     
       n_pass,     n_total
      270000      270391
 max=   3.9320045856550707E-003
 min=   0.0000000000000000     
       n_pass,     n_total
      280000      280391
 max=   3.9320045856550707E-003
 min=   0.0000000000000000     
       n_pass,     n_total
      290000      290391
 max=   3.9320045856550707E-003
 min=   0.0000000000000000     
       n_pass,     n_total
      300000      300391
 max=   3.9320045856550707E-003
 min=   0.0000000000000000     
       n_pass,     n_total
      310000      310391
   2.7219148797418915E-003 +\-   3.8521775472597510E-008
 precision:   1.4152454126798550E-005
 sigma (pb)                   sd (pb)
   2.7219148797418915E-003   3.8521775472597510E-008
