 =======================================================
 |                                                     |
 |         \/\/\/\/\/\___________/\/\/\/\/\/           |
 |                   |     \     |                     |
 |                   |     /     |                     |
 |                   |     \     |                     |
 |         /\/\/\/\/\|_____/_____|/\/\/\/\/\           |
 |                                                     |
 | Light-by-light scattering at next-to-leading order  |
 |                   (VERSION 0.5)                     |
 |                                                     |
 |    Authors:                                         |
 |            Ajjath A.H. (LPTHE Paris)                |
 |            Ekta Chaubey (Bonn)                      |
 |            Mathijs Fraaije (Bern)                   |
 |            Valentin Hirschi (Bern)                  |
 |            Hua-Sheng Shao (LPTHE Paris)             |
 |                                                     |
 |    Please cite                                      |
 |            PLB 851 (2024) 138555 [arXiv:2312.16956] |
 |            JHEP 03 (2024) 121    [arXiv:2312.16966] |
 |                                                     |
 =======================================================
 ---------------------------------------------------
         the cuts in the lab frame                  
 min transverse momentum of photon    0.0000000000000000     
 max (pseudo-)rapidity of photon    5.0000000000000000     
 min (pseudo-)rapidity of photon   -5.0000000000000000     
 min invariant mass of di-photon    0.0000000000000000     
 ---------------------------------------------------
 WARNING: outside the range of the grid (xs,xt)=   7.8372930331825116E-002  -7.8372929548109219E-002
 WARNING: set the 2-loop amplitudes to zero
 WARNING: outside the range of the grid (xs,xt)=   7.8522120792502120E-002  -7.8522120007294360E-002
 WARNING: set the 2-loop amplitudes to zero
 WARNING: outside the range of the grid (xs,xt)=   7.8427366661281334E-002  -7.8427365877021094E-002
 WARNING: set the 2-loop amplitudes to zero
 WARNING: outside the range of the grid (xs,xt)=   7.8582391992946241E-002  -7.8582391207135810E-002
 WARNING: set the 2-loop amplitudes to zero
 WARNING: outside the range of the grid (xs,xt)=   7.8617762716098244E-002  -7.8617761929934110E-002
 WARNING: set the 2-loop amplitudes to zero
 INFO: will suppress the further warning
 max=   1.6302378735841425     
 min=   0.0000000000000000     
       n_pass,     n_total
       10000       10000
  
 ====================NCALL=20K===========================
  
 ITERATION            1 :
   1.1569855093812840      +\-   4.1317943910765804E-005
 precision:   3.5711721171738115E-005
 max=   1.6414249733675701     
 min=   0.0000000000000000     
       n_pass,     n_total
       20000       20002
 max=   1.6414249733675701     
 min=   0.0000000000000000     
       n_pass,     n_total
       30000       30002
 ITERATION            2 :
   1.1568817454944034      +\-   7.4303489439994281E-005
 precision:   6.4227385149240158E-005
 max=   1.6447418862278935     
 min=   0.0000000000000000     
       n_pass,     n_total
       40000       40010
 max=   1.6447418862278935     
 min=   0.0000000000000000     
       n_pass,     n_total
       50000       50010
 ITERATION            3 :
   1.1568144695413114      +\-   6.3831671202183859E-005
 precision:   5.5178831941386210E-005
 max=   1.6452019585083959     
 min=   0.0000000000000000     
       n_pass,     n_total
       60000       60033
 max=   1.6452019585083959     
 min=   0.0000000000000000     
       n_pass,     n_total
       70000       70033
 ITERATION            4 :
   1.1568310127912689      +\-   4.9657645974696161E-005
 precision:   4.2925583275018982E-005
 max=   1.6452019585083959     
 min=   0.0000000000000000     
       n_pass,     n_total
       80000       80064
 max=   1.6452019585083959     
 min=   0.0000000000000000     
       n_pass,     n_total
       90000       90064
 ITERATION            5 :
   1.1568625668310843      +\-   4.1792382395321865E-005
 precision:   3.6125624247485955E-005
 max=   1.6452019585083959     
 min=   0.0000000000000000     
       n_pass,     n_total
      100000      100107
 max=   1.6452019585083959     
 min=   0.0000000000000000     
       n_pass,     n_total
      110000      110107
 ITERATION            6 :
   1.1568095503376024      +\-   3.8946208799395813E-005
 precision:   3.3666914997399340E-005
 max=   1.6452019585083959     
 min=   0.0000000000000000     
       n_pass,     n_total
      120000      120150
 max=   1.6452019585083959     
 min=   0.0000000000000000     
       n_pass,     n_total
      130000      130150
 ITERATION            7 :
   1.1568935648066143      +\-   3.7894041795300761E-005
 precision:   3.2754994018516395E-005
 max=   1.6452093896706721     
 min=   0.0000000000000000     
       n_pass,     n_total
      140000      140203
 max=   1.6452093896706721     
 min=   0.0000000000000000     
       n_pass,     n_total
      150000      150203
 ITERATION            8 :
   1.1567947457333927      +\-   3.7769041044569711E-005
 precision:   3.2649734262602162E-005
 max=   1.6452093896706721     
 min=   0.0000000000000000     
       n_pass,     n_total
      160000      160269
 max=   1.6452093896706721     
 min=   0.0000000000000000     
       n_pass,     n_total
      170000      170269
 ITERATION            9 :
   1.1568556065477056      +\-   3.6401316110699350E-005
 precision:   3.1465738597514642E-005
 max=   1.6452093896706721     
 min=   0.0000000000000000     
       n_pass,     n_total
      180000      180337
 max=   1.6452093896706721     
 min=   0.0000000000000000     
       n_pass,     n_total
      190000      190337
 ITERATION           10 :
   1.1568616244193872      +\-   3.7533971855856927E-005
 precision:   3.2444651169663190E-005
 ====================NCALL=40K ===========================
  
 max=   1.6452093896706721     
 min=   0.0000000000000000     
       n_pass,     n_total
      200000      200472
 max=   1.6452093896706721     
 min=   0.0000000000000000     
       n_pass,     n_total
      210000      210472
 max=   1.6452093896706721     
 min=   0.0000000000000000     
       n_pass,     n_total
      220000      220472
 max=   1.6452093896706721     
 min=   0.0000000000000000     
       n_pass,     n_total
      230000      230472
   1.1568533200455933      +\-   1.8935894063530469E-005
 precision:   1.6368448562505899E-005
 ====================NCALL=80K ===========================
  
 max=   1.6452093896706721     
 min=   0.0000000000000000     
       n_pass,     n_total
      240000      240793
 max=   1.6452093896706721     
 min=   0.0000000000000000     
       n_pass,     n_total
      250000      250793
 max=   1.6452093896706721     
 min=   0.0000000000000000     
       n_pass,     n_total
      260000      260793
 max=   1.6452093896706721     
 min=   0.0000000000000000     
       n_pass,     n_total
      270000      270793
 max=   1.6452093896706721     
 min=   0.0000000000000000     
       n_pass,     n_total
      280000      280793
 max=   1.6452093896706721     
 min=   0.0000000000000000     
       n_pass,     n_total
      290000      290793
 max=   1.6452093896706721     
 min=   0.0000000000000000     
       n_pass,     n_total
      300000      300793
 max=   1.6452093896706721     
 min=   0.0000000000000000     
       n_pass,     n_total
      310000      310793
   1.1568273273091156      +\-   9.3888001281533039E-006
 precision:   8.1159909577797548E-006
 sigma (pb)                   sd (pb)
   1.1568273273091156        9.3888001281533039E-006
