 =======================================================
 |                                                     |
 |         \/\/\/\/\/\___________/\/\/\/\/\/           |
 |                   |     \     |                     |
 |                   |     /     |                     |
 |                   |     \     |                     |
 |         /\/\/\/\/\|_____/_____|/\/\/\/\/\           |
 |                                                     |
 | Light-by-light scattering at next-to-leading order  |
 |                   (VERSION 0.5)                     |
 |                                                     |
 |    Authors:                                         |
 |            Ajjath A.H. (LPTHE Paris)                |
 |            Ekta Chaubey (Bonn)                      |
 |            Mathijs Fraaije (Bern)                   |
 |            Valentin Hirschi (Bern)                  |
 |            Hua-Sheng Shao (LPTHE Paris)             |
 |                                                     |
 |    Please cite                                      |
 |            PLB 851 (2024) 138555 [arXiv:2312.16956] |
 |            JHEP 03 (2024) 121    [arXiv:2312.16966] |
 |                                                     |
 =======================================================
 ---------------------------------------------------
         the cuts in the lab frame                  
 min transverse momentum of photon    0.0000000000000000     
 max (pseudo-)rapidity of photon    5.0000000000000000     
 min (pseudo-)rapidity of photon   -5.0000000000000000     
 min invariant mass of di-photon    0.0000000000000000     
 ---------------------------------------------------
 max=   3163463.3105728133     
 min=   0.0000000000000000     
       n_pass,     n_total
       10000       10000
  
 ====================NCALL=20K===========================
  
 ITERATION            1 :
   1740284.8217228232      +\-   60.798968510382956     
 precision:   3.4936217193570663E-005
 WARNING: outside the range of the grid (xs,xt)=   5.8406858979019036       -5.8406858395694528     
 WARNING: set the 2-loop amplitudes to zero
 WARNING: outside the range of the grid (xs,xt)=   5.8407998688020282       -5.8407998104684404     
 WARNING: set the 2-loop amplitudes to zero
 WARNING: outside the range of the grid (xs,xt)=   5.8407147251172953       -5.8407146667845566     
 WARNING: set the 2-loop amplitudes to zero
 WARNING: outside the range of the grid (xs,xt)=   5.8407117710699747       -5.8407117127372663     
 WARNING: set the 2-loop amplitudes to zero
 max=   8499776130556968.0     
 min=   0.0000000000000000     
       n_pass,     n_total
       20000       20006
 max=   8499776130556968.0     
 min=   0.0000000000000000     
       n_pass,     n_total
       30000       30006
 ITERATION            2 :
   224481591720.39487      +\-   129561190520.43591     
 precision:  0.57715730509347096     
 WARNING: outside the range of the grid (xs,xt)=   5.8407533556466831       -5.8407532973135599     
 WARNING: set the 2-loop amplitudes to zero
 INFO: will suppress the further warning
 max=   8532195255258614.0     
 min=   0.0000000000000000     
       n_pass,     n_total
       40000       40095
 max=   8532195255258614.0     
 min=   0.0000000000000000     
       n_pass,     n_total
       50000       50095
 ITERATION            3 :
   149815763729.59207      +\-   49519120781.376343     
 precision:  0.33053344687248803     
 max=   8550919159428683.0     
 min=   0.0000000000000000     
       n_pass,     n_total
       60000       61718
 max=   8550919159428683.0     
 min=   0.0000000000000000     
       n_pass,     n_total
       70000       71718
 ITERATION            4 :
   122224786420.62701      +\-   1617905917.3888738     
 precision:   1.3237134338864602E-002
 max=   8564877292993144.0     
 min=   0.0000000000000000     
       n_pass,     n_total
       80000       90808
 ITERATION            5 :
   119573061480.24207      +\-   134534616.60500723     
 precision:   1.1251247976722363E-003
 max=   8566292039749263.0     
 min=   0.0000000000000000     
       n_pass,     n_total
       90000      104935
 max=   8566292039749263.0     
 min=   0.0000000000000000     
       n_pass,     n_total
      100000      114935
 ITERATION            6 :
   119665478093.64185      +\-   41446383.498400182     
 precision:   3.4635204871673298E-004
 max=   8566351677991629.0     
 min=   0.0000000000000000     
       n_pass,     n_total
      110000      128446
 ITERATION            7 :
   119642485405.74730      +\-   14531206.329168316     
 precision:   1.2145523623893454E-004
 max=   8566351677991629.0     
 min=   0.0000000000000000     
       n_pass,     n_total
      120000      141623
 max=   8566351677991629.0     
 min=   0.0000000000000000     
       n_pass,     n_total
      130000      151623
 ITERATION            8 :
   119626706287.81714      +\-   6304466.6335621662     
 precision:   5.2701163721701644E-005
 max=   8566351677991629.0     
 min=   0.0000000000000000     
       n_pass,     n_total
      140000      162385
 max=   8566351677991629.0     
 min=   0.0000000000000000     
       n_pass,     n_total
      150000      172385
 ITERATION            9 :
   119624324890.21486      +\-   4705250.0834345268     
 precision:   3.9333556011728945E-005
 max=   8566351677991629.0     
 min=   0.0000000000000000     
       n_pass,     n_total
      160000      184321
 max=   8566351677991629.0     
 min=   0.0000000000000000     
       n_pass,     n_total
      170000      194321
 ITERATION           10 :
   119624878012.66768      +\-   3889360.0156128905     
 precision:   3.2512969544688074E-005
 ====================NCALL=40K ===========================
  
 max=   8566351677991629.0     
 min=   0.0000000000000000     
       n_pass,     n_total
      180000      206856
 max=   8566351677991629.0     
 min=   0.0000000000000000     
       n_pass,     n_total
      190000      216856
 max=   8566351677991629.0     
 min=   0.0000000000000000     
       n_pass,     n_total
      200000      226856
   119603877704.39519      +\-   31189380.037842721     
 precision:   2.6077231471481447E-004
 ====================NCALL=80K ===========================
  
 max=   8566356914346495.0     
 min=   0.0000000000000000     
       n_pass,     n_total
      210000      266677
 max=   8566356914346495.0     
 min=   0.0000000000000000     
       n_pass,     n_total
      220000      276677
 max=   8566356914346495.0     
 min=   0.0000000000000000     
       n_pass,     n_total
      230000      286677
 max=   8566356914346495.0     
 min=   0.0000000000000000     
       n_pass,     n_total
      240000      296677
 max=   8566356914346495.0     
 min=   0.0000000000000000     
       n_pass,     n_total
      250000      306677
   118182604719.81856      +\-   4709230.6018994972     
 precision:   3.9847070667158729E-005
 sigma (pb)                   sd (pb)
   118182604719.81856        4709230.6018994972     
