 =======================================================
 |                                                     |
 |         \/\/\/\/\/\___________/\/\/\/\/\/           |
 |                   |     \     |                     |
 |                   |     /     |                     |
 |                   |     \     |                     |
 |         /\/\/\/\/\|_____/_____|/\/\/\/\/\           |
 |                                                     |
 | Light-by-light scattering at next-to-leading order  |
 |                   (VERSION 0.5)                     |
 |                                                     |
 |    Authors:                                         |
 |            Ajjath A.H. (LPTHE Paris)                |
 |            Ekta Chaubey (Bonn)                      |
 |            Mathijs Fraaije (Bern)                   |
 |            Valentin Hirschi (Bern)                  |
 |            Hua-Sheng Shao (LPTHE Paris)             |
 |                                                     |
 |    Please cite                                      |
 |            PLB 851 (2024) 138555 [arXiv:2312.16956] |
 |            JHEP 03 (2024) 121    [arXiv:2312.16966] |
 |                                                     |
 =======================================================
 ---------------------------------------------------
         the cuts in the lab frame                  
 min transverse momentum of photon    0.0000000000000000     
 max (pseudo-)rapidity of photon    5.0000000000000000     
 min (pseudo-)rapidity of photon   -5.0000000000000000     
 min invariant mass of di-photon    0.0000000000000000     
 ---------------------------------------------------
 max=   9.9923042844893863E-007
 min=   0.0000000000000000     
       n_pass,     n_total
       10000       10000
  
 ====================NCALL=20K===========================
  
 ITERATION            1 :
   2.8711445217311600E-007 +\-   6.0667680133181820E-010
 precision:   2.1130138059578473E-003
 max=   1.0075876671266462E-006
 min=   0.0000000000000000     
       n_pass,     n_total
       20000       20001
 max=   1.0075876671266462E-006
 min=   0.0000000000000000     
       n_pass,     n_total
       30000       30001
 ITERATION            2 :
   2.8760651171739086E-007 +\-   3.8554314159355143E-010
 precision:   1.3405229919564389E-003
 max=   1.0075876671266462E-006
 min=   0.0000000000000000     
       n_pass,     n_total
       40000       40001
 max=   1.0075876671266462E-006
 min=   0.0000000000000000     
       n_pass,     n_total
       50000       50001
 ITERATION            3 :
   2.8732762369306282E-007 +\-   2.5070485734247028E-010
 precision:   8.7254004373169935E-004
 max=   1.0075876671266462E-006
 min=   0.0000000000000000     
       n_pass,     n_total
       60000       60001
 max=   1.0075876671266462E-006
 min=   0.0000000000000000     
       n_pass,     n_total
       70000       70001
 ITERATION            4 :
   2.8720641302689324E-007 +\-   2.4717149161334781E-010
 precision:   8.6060575391888388E-004
 max=   1.0075908416253935E-006
 min=   0.0000000000000000     
       n_pass,     n_total
       80000       80002
 max=   1.0075908416253935E-006
 min=   0.0000000000000000     
       n_pass,     n_total
       90000       90002
 ITERATION            5 :
   2.8721198154175785E-007 +\-   2.3586171591504921E-010
 precision:   8.2121126928250100E-004
 max=   1.0075908416253935E-006
 min=   0.0000000000000000     
       n_pass,     n_total
      100000      100002
 max=   1.0075908416253935E-006
 min=   0.0000000000000000     
       n_pass,     n_total
      110000      110002
 ITERATION            6 :
   2.8704024684913756E-007 +\-   2.4877747908878165E-010
 precision:   8.6669894490278205E-004
 max=   1.0075908416253935E-006
 min=   0.0000000000000000     
       n_pass,     n_total
      120000      120004
 max=   1.0075908416253935E-006
 min=   0.0000000000000000     
       n_pass,     n_total
      130000      130004
 ITERATION            7 :
   2.8731859964365399E-007 +\-   2.4493298190485477E-010
 precision:   8.5247868466793361E-004
 max=   1.0075908416253935E-006
 min=   0.0000000000000000     
       n_pass,     n_total
      140000      140005
 max=   1.0075908416253935E-006
 min=   0.0000000000000000     
       n_pass,     n_total
      150000      150005
 ITERATION            8 :
   2.8705899416682603E-007 +\-   2.5245936867652628E-010
 precision:   8.7946858940712381E-004
 max=   1.0075908416253935E-006
 min=   0.0000000000000000     
       n_pass,     n_total
      160000      160008
 max=   1.0075908416253935E-006
 min=   0.0000000000000000     
       n_pass,     n_total
      170000      170008
 ITERATION            9 :
   2.8758802238505538E-007 +\-   2.3769550457625522E-010
 precision:   8.2651392295469658E-004
 max=   1.0075908416253935E-006
 min=   0.0000000000000000     
       n_pass,     n_total
      180000      180008
 max=   1.0075908416253935E-006
 min=   0.0000000000000000     
       n_pass,     n_total
      190000      190008
 ITERATION           10 :
   2.8746759171070147E-007 +\-   2.1146664343555053E-010
 precision:   7.3561907336102100E-004
 ====================NCALL=40K ===========================
  
 max=   1.0075908416253935E-006
 min=   0.0000000000000000     
       n_pass,     n_total
      200000      200009
 max=   1.0075908416253935E-006
 min=   0.0000000000000000     
       n_pass,     n_total
      210000      210009
 max=   1.0075908416253935E-006
 min=   0.0000000000000000     
       n_pass,     n_total
      220000      220009
 max=   1.0075908416253935E-006
 min=   0.0000000000000000     
       n_pass,     n_total
      230000      230009
   2.8728491076893867E-007 +\-   1.8232589648644389E-010
 precision:   6.3465183743356224E-004
 ====================NCALL=80K ===========================
  
 max=   1.0075908416253935E-006
 min=   0.0000000000000000     
       n_pass,     n_total
      240000      240012
 max=   1.0075908416253935E-006
 min=   0.0000000000000000     
       n_pass,     n_total
      250000      250012
 max=   1.0075908416253935E-006
 min=   0.0000000000000000     
       n_pass,     n_total
      260000      260012
 max=   1.0075908416253935E-006
 min=   0.0000000000000000     
       n_pass,     n_total
      270000      270012
 max=   1.0075908416253935E-006
 min=   0.0000000000000000     
       n_pass,     n_total
      280000      280012
 max=   1.0075908416253935E-006
 min=   0.0000000000000000     
       n_pass,     n_total
      290000      290012
 max=   1.0075908416253935E-006
 min=   0.0000000000000000     
       n_pass,     n_total
      300000      300012
 max=   1.0075908416253935E-006
 min=   0.0000000000000000     
       n_pass,     n_total
      310000      310012
   2.8713201961551324E-007 +\-   8.6111060741315548E-011
 precision:   2.9990058530087778E-004
 sigma (pb)                   sd (pb)
   2.8713201961551324E-007   8.6111060741315548E-011
