 =======================================================
 |                                                     |
 |         \/\/\/\/\/\___________/\/\/\/\/\/           |
 |                   |     \     |                     |
 |                   |     /     |                     |
 |                   |     \     |                     |
 |         /\/\/\/\/\|_____/_____|/\/\/\/\/\           |
 |                                                     |
 | Light-by-light scattering at next-to-leading order  |
 |                   (VERSION 0.5)                     |
 |                                                     |
 |    Authors:                                         |
 |            Ajjath A.H. (LPTHE Paris)                |
 |            Ekta Chaubey (Bonn)                      |
 |            Mathijs Fraaije (Bern)                   |
 |            Valentin Hirschi (Bern)                  |
 |            Hua-Sheng Shao (LPTHE Paris)             |
 |                                                     |
 |    Please cite                                      |
 |            PLB 851 (2024) 138555 [arXiv:2312.16956] |
 |            JHEP 03 (2024) 121    [arXiv:2312.16966] |
 |                                                     |
 =======================================================
 ---------------------------------------------------
         the cuts in the lab frame                  
 min transverse momentum of photon    0.0000000000000000     
 max (pseudo-)rapidity of photon    5.0000000000000000     
 min (pseudo-)rapidity of photon   -5.0000000000000000     
 min invariant mass of di-photon    0.0000000000000000     
 ---------------------------------------------------
 max=   889.36941270134457     
 min=   0.0000000000000000     
       n_pass,     n_total
       10000       10000
  
 ====================NCALL=20K===========================
  
 ITERATION            1 :
   38.320075472180839      +\-  0.10434866312785727     
 precision:   2.7230808353603348E-003
 max=   993.72423405299185     
 min=   0.0000000000000000     
       n_pass,     n_total
       20000       20007
 max=   993.72423405299185     
 min=   0.0000000000000000     
       n_pass,     n_total
       30000       30007
 ITERATION            2 :
   38.173773614723579      +\-   2.6223178079264865E-002
 precision:   6.8694225370348548E-004
 WARNING: outside the range of the grid (xs,xt)=   29.515705056805523       -29.514343756249811     
 WARNING: set the 2-loop amplitudes to zero
 WARNING: outside the range of the grid (xs,xt)=   28.653979238754321       -28.652657682051341     
 WARNING: set the 2-loop amplitudes to zero
 WARNING: outside the range of the grid (xs,xt)=   13.795918367346941       -13.795282082653628     
 WARNING: set the 2-loop amplitudes to zero
 WARNING: outside the range of the grid (xs,xt)=   1.4721777777777778       -1.4721098791311715     
 WARNING: set the 2-loop amplitudes to zero
 WARNING: outside the range of the grid (xs,xt)=  0.14680997229916898      -0.14680320124299770     
 WARNING: set the 2-loop amplitudes to zero
 INFO: will suppress the further warning
 max=   993.94281787452474     
 min=   0.0000000000000000     
       n_pass,     n_total
       40000       40035
 max=   993.94281787452474     
 min=   0.0000000000000000     
       n_pass,     n_total
       50000       50035
 ITERATION            3 :
   38.150918187851339      +\-   1.2318930912235232E-002
 precision:   3.2289998504303458E-004
 max=   993.94281787452474     
 min=   0.0000000000000000     
       n_pass,     n_total
       60000       60115
 max=   993.94281787452474     
 min=   0.0000000000000000     
       n_pass,     n_total
       70000       70115
 ITERATION            4 :
   38.158256484086046      +\-   9.7799981825443250E-003
 precision:   2.5630097084291804E-004
 max=   994.65122663992554     
 min=   0.0000000000000000     
       n_pass,     n_total
       80000       80285
 max=   994.65122663992554     
 min=   0.0000000000000000     
       n_pass,     n_total
       90000       90285
 ITERATION            5 :
   38.151596579281964      +\-   8.1459844208817724E-003
 precision:   2.1351621298347994E-004
 max=   994.81873172331643     
 min=   0.0000000000000000     
       n_pass,     n_total
      100000      100555
 max=   994.81873172331643     
 min=   0.0000000000000000     
       n_pass,     n_total
      110000      110555
 ITERATION            6 :
   38.156608324278317      +\-   7.0718922600020006E-003
 precision:   1.8533859718087919E-004
 max=   995.32708250884968     
 min=   0.0000000000000000     
       n_pass,     n_total
      120000      120834
 max=   995.32708250884968     
 min=   0.0000000000000000     
       n_pass,     n_total
      130000      130834
 ITERATION            7 :
   38.170491187435140      +\-   6.7069155608571020E-003
 precision:   1.7570943816056699E-004
 max=   995.32708250884968     
 min=   0.0000000000000000     
       n_pass,     n_total
      140000      141185
 max=   995.32708250884968     
 min=   0.0000000000000000     
       n_pass,     n_total
      150000      151185
 ITERATION            8 :
   38.146348209333560      +\-   6.5875980366340717E-003
 precision:   1.7269275686583894E-004
 max=   995.68538820157733     
 min=   0.0000000000000000     
       n_pass,     n_total
      160000      161437
 max=   995.68538820157733     
 min=   0.0000000000000000     
       n_pass,     n_total
      170000      171437
 ITERATION            9 :
   38.157070095526144      +\-   6.5653241885736714E-003
 precision:   1.7206049028757701E-004
 max=   996.31266655040270     
 min=   0.0000000000000000     
       n_pass,     n_total
      180000      181804
 max=   996.31266655040270     
 min=   0.0000000000000000     
       n_pass,     n_total
      190000      191804
 ITERATION           10 :
   38.165260335272698      +\-   6.6914947783594109E-003
 precision:   1.7532946767757451E-004
 ====================NCALL=40K ===========================
  
 max=   996.65758173818040     
 min=   0.0000000000000000     
       n_pass,     n_total
      200000      202074
 max=   996.65758173818040     
 min=   0.0000000000000000     
       n_pass,     n_total
      210000      212074
 max=   996.65758173818040     
 min=   0.0000000000000000     
       n_pass,     n_total
      220000      222074
 max=   996.65758173818040     
 min=   0.0000000000000000     
       n_pass,     n_total
      230000      232074
   38.163378717191534      +\-   3.7724501371588556E-003
 precision:   9.8850003955741798E-005
 ====================NCALL=80K ===========================
  
 max=   996.90257697619666     
 min=   0.0000000000000000     
       n_pass,     n_total
      240000      243342
 max=   996.90257697619666     
 min=   0.0000000000000000     
       n_pass,     n_total
      250000      253342
 max=   996.90257697619666     
 min=   0.0000000000000000     
       n_pass,     n_total
      260000      263342
 max=   996.90257697619666     
 min=   0.0000000000000000     
       n_pass,     n_total
      270000      273342
 max=   996.90257697619666     
 min=   0.0000000000000000     
       n_pass,     n_total
      280000      283342
 max=   996.90257697619666     
 min=   0.0000000000000000     
       n_pass,     n_total
      290000      293342
 max=   996.90257697619666     
 min=   0.0000000000000000     
       n_pass,     n_total
      300000      303342
 max=   996.90257697619666     
 min=   0.0000000000000000     
       n_pass,     n_total
      310000      313342
   38.160256289230439      +\-   1.6415808375419001E-003
 precision:   4.3018076846752886E-005
 sigma (pb)                   sd (pb)
   38.160256289230439        1.6415808375419001E-003
