 =======================================================
 |                                                     |
 |         \/\/\/\/\/\___________/\/\/\/\/\/           |
 |                   |     \     |                     |
 |                   |     /     |                     |
 |                   |     \     |                     |
 |         /\/\/\/\/\|_____/_____|/\/\/\/\/\           |
 |                                                     |
 | Light-by-light scattering at next-to-leading order  |
 |                   (VERSION 0.5)                     |
 |                                                     |
 |    Authors:                                         |
 |            Ajjath A.H. (LPTHE Paris)                |
 |            Ekta Chaubey (Bonn)                      |
 |            Mathijs Fraaije (Bern)                   |
 |            Valentin Hirschi (Bern)                  |
 |            Hua-Sheng Shao (LPTHE Paris)             |
 |                                                     |
 |    Please cite                                      |
 |            PLB 851 (2024) 138555 [arXiv:2312.16956] |
 |            JHEP 03 (2024) 121    [arXiv:2312.16966] |
 |                                                     |
 =======================================================
 ---------------------------------------------------
         the cuts in the lab frame                  
 min transverse momentum of photon    0.0000000000000000     
 max (pseudo-)rapidity of photon    5.0000000000000000     
 min (pseudo-)rapidity of photon   -5.0000000000000000     
 min invariant mass of di-photon    0.0000000000000000     
 ---------------------------------------------------
 max=   2616797.9108595783     
 min=   0.0000000000000000     
       n_pass,     n_total
       10000       10000
  
 ====================NCALL=20K===========================
  
 ITERATION            1 :
   545555.33849677700      +\-   221.76965554673683     
 precision:   4.0650258534322267E-004
 WARNING: outside the range of the grid (xs,xt)=   131.95759820160006       -131.95141566528736     
 WARNING: set the 2-loop amplitudes to zero
 WARNING: outside the range of the grid (xs,xt)=   131.95759820160006       -131.95124203305934     
 WARNING: set the 2-loop amplitudes to zero
 max=   2756606.4006442595     
 min=   0.0000000000000000     
       n_pass,     n_total
       20000       20003
 max=   2756606.4006442595     
 min=   0.0000000000000000     
       n_pass,     n_total
       30000       30003
 WARNING: outside the range of the grid (xs,xt)=   131.95759820160006       -6.5183353273219769E-003
 WARNING: set the 2-loop amplitudes to zero
 ITERATION            2 :
   545134.90578733326      +\-   79.297905716337013     
 precision:   1.4546473703019950E-004
 max=   2756606.4006442595     
 min=   0.0000000000000000     
       n_pass,     n_total
       40000       40017
 max=   2756606.4006442595     
 min=   0.0000000000000000     
       n_pass,     n_total
       50000       50017
 ITERATION            3 :
   544974.54358346912      +\-   91.850298262855617     
 precision:   1.6854052972620673E-004
 max=   2765235.0287334397     
 min=   0.0000000000000000     
       n_pass,     n_total
       60000       60045
 max=   2765235.0287334397     
 min=   0.0000000000000000     
       n_pass,     n_total
       70000       70045
 WARNING: outside the range of the grid (xs,xt)=   131.95759820160006       -6.5595181332993007E-003
 WARNING: set the 2-loop amplitudes to zero
 WARNING: outside the range of the grid (xs,xt)=   131.95759820160006       -6.4471979090699617E-003
 WARNING: set the 2-loop amplitudes to zero
 INFO: will suppress the further warning
 ITERATION            4 :
   544955.46426293068      +\-   82.299974968819754     
 precision:   1.5102146939683053E-004
 max=   2765821.8693874255     
 min=   0.0000000000000000     
       n_pass,     n_total
       80000       80076
 max=   2765821.8693874255     
 min=   0.0000000000000000     
       n_pass,     n_total
       90000       90076
 ITERATION            5 :
   545024.14244844450      +\-   70.912429750419690     
 precision:   1.3010878643257077E-004
 max=   2765821.8693874255     
 min=   0.0000000000000000     
       n_pass,     n_total
      100000      100114
 max=   2765821.8693874255     
 min=   0.0000000000000000     
       n_pass,     n_total
      110000      110114
 ITERATION            6 :
   544939.37992149300      +\-   68.259674482413089     
 precision:   1.2526104186532996E-004
 max=   2765821.8693874255     
 min=   0.0000000000000000     
       n_pass,     n_total
      120000      120154
 max=   2765821.8693874255     
 min=   0.0000000000000000     
       n_pass,     n_total
      130000      130154
 ITERATION            7 :
   545053.75897332944      +\-   67.128579528612306     
 precision:   1.2315955705920935E-004
 max=   2765821.8693874255     
 min=   0.0000000000000000     
       n_pass,     n_total
      140000      140199
 max=   2765821.8693874255     
 min=   0.0000000000000000     
       n_pass,     n_total
      150000      150199
 ITERATION            8 :
   544833.69146802090      +\-   67.889817632542375     
 precision:   1.2460649680018398E-004
 max=   2765821.8693874255     
 min=   0.0000000000000000     
       n_pass,     n_total
      160000      160257
 max=   2765821.8693874255     
 min=   0.0000000000000000     
       n_pass,     n_total
      170000      170257
 ITERATION            9 :
   544976.61352002400      +\-   65.686851493006799     
 precision:   1.2053150513878570E-004
 max=   2765821.8693874255     
 min=   0.0000000000000000     
       n_pass,     n_total
      180000      180315
 max=   2765821.8693874255     
 min=   0.0000000000000000     
       n_pass,     n_total
      190000      190315
 ITERATION           10 :
   545048.83122635295      +\-   65.632721725152791     
 precision:   1.2041622321706479E-004
 ====================NCALL=40K ===========================
  
 max=   2765821.8693874255     
 min=   0.0000000000000000     
       n_pass,     n_total
      200000      200431
 max=   2765821.8693874255     
 min=   0.0000000000000000     
       n_pass,     n_total
      210000      210431
 max=   2765821.8693874255     
 min=   0.0000000000000000     
       n_pass,     n_total
      220000      220431
 max=   2765821.8693874255     
 min=   0.0000000000000000     
       n_pass,     n_total
      230000      230431
   544998.26381720742      +\-   33.390792261133043     
 precision:   6.1267703913883150E-005
 ====================NCALL=80K ===========================
  
 max=   2765891.7041373341     
 min=   0.0000000000000000     
       n_pass,     n_total
      240000      240719
 max=   2765891.7041373341     
 min=   0.0000000000000000     
       n_pass,     n_total
      250000      250719
 max=   2765891.7041373341     
 min=   0.0000000000000000     
       n_pass,     n_total
      260000      260719
 max=   2765891.7041373341     
 min=   0.0000000000000000     
       n_pass,     n_total
      270000      270719
 max=   2765891.7041373341     
 min=   0.0000000000000000     
       n_pass,     n_total
      280000      280719
 max=   2765891.7041373341     
 min=   0.0000000000000000     
       n_pass,     n_total
      290000      290719
 max=   2765891.7041373341     
 min=   0.0000000000000000     
       n_pass,     n_total
      300000      300719
 max=   2765891.7041373341     
 min=   0.0000000000000000     
       n_pass,     n_total
      310000      310719
   544946.42592491431      +\-   16.580063138679325     
 precision:   3.0425125021305887E-005
 sigma (pb)                   sd (pb)
   544946.42592491431        16.580063138679325     
