 =======================================================
 |                                                     |
 |         \/\/\/\/\/\___________/\/\/\/\/\/           |
 |                   |     \     |                     |
 |                   |     /     |                     |
 |                   |     \     |                     |
 |         /\/\/\/\/\|_____/_____|/\/\/\/\/\           |
 |                                                     |
 | Light-by-light scattering at next-to-leading order  |
 |                   (VERSION 0.5)                     |
 |                                                     |
 |    Authors:                                         |
 |            Ajjath A.H. (LPTHE Paris)                |
 |            Ekta Chaubey (Bonn)                      |
 |            Mathijs Fraaije (Bern)                   |
 |            Valentin Hirschi (Bern)                  |
 |            Hua-Sheng Shao (LPTHE Paris)             |
 |                                                     |
 |    Please cite                                      |
 |            PLB 851 (2024) 138555 [arXiv:2312.16956] |
 |            JHEP 03 (2024) 121    [arXiv:2312.16966] |
 |                                                     |
 =======================================================
 ---------------------------------------------------
         the cuts in the lab frame                  
 min transverse momentum of photon    0.0000000000000000     
 max (pseudo-)rapidity of photon    5.0000000000000000     
 min (pseudo-)rapidity of photon   -5.0000000000000000     
 min invariant mass of di-photon    0.0000000000000000     
 ---------------------------------------------------
 max=   1213317.0082654702     
 min=   0.0000000000000000     
       n_pass,     n_total
       10000       10000
  
 ====================NCALL=20K===========================
  
 ITERATION            1 :
   71986.471631184439      +\-   208.34514417254016     
 precision:   2.8942263657534971E-003
 max=   1219798.8851641146     
 min=   0.0000000000000000     
       n_pass,     n_total
       20000       20007
 max=   1219798.8851641146     
 min=   0.0000000000000000     
       n_pass,     n_total
       30000       30007
 ITERATION            2 :
   71576.478603711847      +\-   33.092228779370814     
 precision:   4.6233384800317212E-004
 WARNING: outside the range of the grid (xs,xt)=   1281.1076091160805       -1281.0480769981073     
 WARNING: set the 2-loop amplitudes to zero
 WARNING: outside the range of the grid (xs,xt)=   2.6013650544808687E-002  -2.6012441709811436E-002
 WARNING: set the 2-loop amplitudes to zero
 WARNING: outside the range of the grid (xs,xt)=   1281.1076091160805       -1281.0479771662799     
 WARNING: set the 2-loop amplitudes to zero
 WARNING: outside the range of the grid (xs,xt)=   2.6013650544808687E-002  -2.6012439682666911E-002
 WARNING: set the 2-loop amplitudes to zero
 WARNING: outside the range of the grid (xs,xt)=   1281.1076091160805       -1281.0453001183330     
 WARNING: set the 2-loop amplitudes to zero
 INFO: will suppress the further warning
 max=   1222431.9736376044     
 min=   0.0000000000000000     
       n_pass,     n_total
       40000       40031
 max=   1222431.9736376044     
 min=   0.0000000000000000     
       n_pass,     n_total
       50000       50031
 ITERATION            3 :
   71551.936762773723      +\-   22.191512239854880     
 precision:   3.1014551448732330E-004
 max=   1225265.1223713770     
 min=   0.0000000000000000     
       n_pass,     n_total
       60000       60099
 max=   1225265.1223713770     
 min=   0.0000000000000000     
       n_pass,     n_total
       70000       70099
 ITERATION            4 :
   71539.634209915428      +\-   18.893112388342761     
 precision:   2.6409294088512638E-004
 max=   1225265.1223713770     
 min=   0.0000000000000000     
       n_pass,     n_total
       80000       80218
 max=   1225265.1223713770     
 min=   0.0000000000000000     
       n_pass,     n_total
       90000       90218
 ITERATION            5 :
   71542.426338995559      +\-   16.110613973499412     
 precision:   2.2518965036440224E-004
 max=   1225265.1223713770     
 min=   0.0000000000000000     
       n_pass,     n_total
      100000      100393
 max=   1225265.1223713770     
 min=   0.0000000000000000     
       n_pass,     n_total
      110000      110393
 ITERATION            6 :
   71536.009409742561      +\-   14.964948604065992     
 precision:   2.0919462418360593E-004
 max=   1225320.5467678441     
 min=   0.0000000000000000     
       n_pass,     n_total
      120000      120580
 max=   1225320.5467678441     
 min=   0.0000000000000000     
       n_pass,     n_total
      130000      130580
 ITERATION            7 :
   71573.307845751246      +\-   14.484347472964702     
 precision:   2.0237079868070575E-004
 max=   1225320.5467678441     
 min=   0.0000000000000000     
       n_pass,     n_total
      140000      140786
 max=   1225320.5467678441     
 min=   0.0000000000000000     
       n_pass,     n_total
      150000      150786
 ITERATION            8 :
   71526.753652192914      +\-   14.298236511413771     
 precision:   1.9990053764973865E-004
 max=   1225339.9140009014     
 min=   0.0000000000000000     
       n_pass,     n_total
      160000      160997
 max=   1225339.9140009014     
 min=   0.0000000000000000     
       n_pass,     n_total
      170000      170997
 ITERATION            9 :
   71547.489494096997      +\-   13.987680659555664     
 precision:   1.9550204708034812E-004
 max=   1225339.9140009014     
 min=   0.0000000000000000     
       n_pass,     n_total
      180000      181231
 max=   1225339.9140009014     
 min=   0.0000000000000000     
       n_pass,     n_total
      190000      191231
 ITERATION           10 :
   71561.336094683153      +\-   14.119123664811331     
 precision:   1.9730100687514066E-004
 ====================NCALL=40K ===========================
  
 max=   1225339.9140009014     
 min=   0.0000000000000000     
       n_pass,     n_total
      200000      201595
 max=   1225339.9140009014     
 min=   0.0000000000000000     
       n_pass,     n_total
      210000      211595
 max=   1225339.9140009014     
 min=   0.0000000000000000     
       n_pass,     n_total
      220000      221595
 max=   1225339.9140009014     
 min=   0.0000000000000000     
       n_pass,     n_total
      230000      231595
   71558.299550027048      +\-   6.7492309570284208     
 precision:   9.4317933761267945E-005
 ====================NCALL=80K ===========================
  
 max=   1229085.2097714264     
 min=   0.0000000000000000     
       n_pass,     n_total
      240000      242173
 max=   1229085.2097714264     
 min=   0.0000000000000000     
       n_pass,     n_total
      250000      252173
 max=   1229085.2097714264     
 min=   0.0000000000000000     
       n_pass,     n_total
      260000      262173
 max=   1229085.2097714264     
 min=   0.0000000000000000     
       n_pass,     n_total
      270000      272173
 max=   1229085.2097714264     
 min=   0.0000000000000000     
       n_pass,     n_total
      280000      282173
 max=   1229085.2097714264     
 min=   0.0000000000000000     
       n_pass,     n_total
      290000      292173
 max=   1229085.2097714264     
 min=   0.0000000000000000     
       n_pass,     n_total
      300000      302173
 max=   1229085.2097714264     
 min=   0.0000000000000000     
       n_pass,     n_total
      310000      312173
   71550.236635314315      +\-   3.2868248536396769     
 precision:   4.5937302351526151E-005
 sigma (pb)                   sd (pb)
   71550.236635314315        3.2868248536396769     
