 =======================================================
 |                                                     |
 |         \/\/\/\/\/\___________/\/\/\/\/\/           |
 |                   |     \     |                     |
 |                   |     /     |                     |
 |                   |     \     |                     |
 |         /\/\/\/\/\|_____/_____|/\/\/\/\/\           |
 |                                                     |
 | Light-by-light scattering at next-to-leading order  |
 |                   (VERSION 0.5)                     |
 |                                                     |
 |    Authors:                                         |
 |            Ajjath A.H. (LPTHE Paris)                |
 |            Ekta Chaubey (Bonn)                      |
 |            Mathijs Fraaije (Bern)                   |
 |            Valentin Hirschi (Bern)                  |
 |            Hua-Sheng Shao (LPTHE Paris)             |
 |                                                     |
 |    Please cite                                      |
 |            PLB 851 (2024) 138555 [arXiv:2312.16956] |
 |            JHEP 03 (2024) 121    [arXiv:2312.16966] |
 |                                                     |
 =======================================================
 ---------------------------------------------------
         the cuts in the lab frame                  
 min transverse momentum of photon    0.0000000000000000     
 max (pseudo-)rapidity of photon    5.0000000000000000     
 min (pseudo-)rapidity of photon   -5.0000000000000000     
 min invariant mass of di-photon    0.0000000000000000     
 ---------------------------------------------------
 WARNING: outside the range of the grid (xs,xt)=  0.13428849703127493      -0.13428849568842932     
 WARNING: set the 2-loop amplitudes to zero
 WARNING: outside the range of the grid (xs,xt)=  0.13412644855702693      -0.13412644721580172     
 WARNING: set the 2-loop amplitudes to zero
 WARNING: outside the range of the grid (xs,xt)=  0.13439157281221692      -0.13439157146834063     
 WARNING: set the 2-loop amplitudes to zero
 WARNING: outside the range of the grid (xs,xt)=  0.13445206380765937      -0.13445206246317817     
 WARNING: set the 2-loop amplitudes to zero
 WARNING: outside the range of the grid (xs,xt)=  0.13433150991734694      -0.13433150857407120     
 WARNING: set the 2-loop amplitudes to zero
 INFO: will suppress the further warning
 max=   8.1933866309607364     
 min=   0.0000000000000000     
       n_pass,     n_total
       10000       10000
  
 ====================NCALL=20K===========================
  
 ITERATION            1 :
   5.8091179232337993      +\-   1.8133222436144498E-004
 precision:   3.1215104729790302E-005
 max=   8.2146605434168478     
 min=   0.0000000000000000     
       n_pass,     n_total
       20000       20002
 max=   8.2146605434168478     
 min=   0.0000000000000000     
       n_pass,     n_total
       30000       30002
 ITERATION            2 :
   5.8087036654491806      +\-   3.3054045593232736E-004
 precision:   5.6904341307410634E-005
 max=   8.2278381236054106     
 min=   0.0000000000000000     
       n_pass,     n_total
       40000       40012
 max=   8.2278381236054106     
 min=   0.0000000000000000     
       n_pass,     n_total
       50000       50012
 ITERATION            3 :
   5.8087464441317183      +\-   2.8696166884729967E-004
 precision:   4.9401651734549795E-005
 max=   8.2334021324989912     
 min=   0.0000000000000000     
       n_pass,     n_total
       60000       60038
 max=   8.2334021324989912     
 min=   0.0000000000000000     
       n_pass,     n_total
       70000       70038
 ITERATION            4 :
   5.8084304115172474      +\-   2.8251580715040560E-004
 precision:   4.8638924310811935E-005
 max=   8.2334021324989912     
 min=   0.0000000000000000     
       n_pass,     n_total
       80000       80064
 max=   8.2334021324989912     
 min=   0.0000000000000000     
       n_pass,     n_total
       90000       90064
 ITERATION            5 :
   5.8084113218570499      +\-   2.3449936415302297E-004
 precision:   4.0372375708070455E-005
 max=   8.2334484711247935     
 min=   0.0000000000000000     
       n_pass,     n_total
      100000      100096
 max=   8.2334484711247935     
 min=   0.0000000000000000     
       n_pass,     n_total
      110000      110096
 ITERATION            6 :
   5.8082911919981148      +\-   2.0129669703595207E-004
 precision:   3.4656784651787380E-005
 max=   8.2335465765484219     
 min=   0.0000000000000000     
       n_pass,     n_total
      120000      120128
 max=   8.2335465765484219     
 min=   0.0000000000000000     
       n_pass,     n_total
      130000      130128
 ITERATION            7 :
   5.8085389003238888      +\-   1.9008166616191595E-004
 precision:   3.2724523227573952E-005
 max=   8.2335465765484219     
 min=   0.0000000000000000     
       n_pass,     n_total
      140000      140175
 max=   8.2335465765484219     
 min=   0.0000000000000000     
       n_pass,     n_total
      150000      150175
 ITERATION            8 :
   5.8079832225248964      +\-   1.8887031959752284E-004
 precision:   3.2519088358422553E-005
 max=   8.2335465765484219     
 min=   0.0000000000000000     
       n_pass,     n_total
      160000      160239
 max=   8.2335465765484219     
 min=   0.0000000000000000     
       n_pass,     n_total
      170000      170239
 ITERATION            9 :
   5.8083374691231588      +\-   1.8025000358182214E-004
 precision:   3.1032977085099214E-005
 max=   8.2336122331037895     
 min=   0.0000000000000000     
       n_pass,     n_total
      180000      180305
 max=   8.2336122331037895     
 min=   0.0000000000000000     
       n_pass,     n_total
      190000      190305
 ITERATION           10 :
   5.8084843309940482      +\-   1.8052969476913309E-004
 precision:   3.1080344627225277E-005
 ====================NCALL=40K ===========================
  
 max=   8.2336122331037895     
 min=   0.0000000000000000     
       n_pass,     n_total
      200000      200445
 max=   8.2336122331037895     
 min=   0.0000000000000000     
       n_pass,     n_total
      210000      210445
 max=   8.2336122331037895     
 min=   0.0000000000000000     
       n_pass,     n_total
      220000      220445
 max=   8.2336122331037895     
 min=   0.0000000000000000     
       n_pass,     n_total
      230000      230445
   5.8083969413210559      +\-   9.0631244676287593E-005
 precision:   1.5603486743740782E-005
 ====================NCALL=80K ===========================
  
 max=   8.2336122331037895     
 min=   0.0000000000000000     
       n_pass,     n_total
      240000      240801
 max=   8.2336122331037895     
 min=   0.0000000000000000     
       n_pass,     n_total
      250000      250801
 max=   8.2336122331037895     
 min=   0.0000000000000000     
       n_pass,     n_total
      260000      260801
 max=   8.2336122331037895     
 min=   0.0000000000000000     
       n_pass,     n_total
      270000      270801
 max=   8.2336122331037895     
 min=   0.0000000000000000     
       n_pass,     n_total
      280000      280801
 max=   8.2336122331037895     
 min=   0.0000000000000000     
       n_pass,     n_total
      290000      290801
 max=   8.2336122331037895     
 min=   0.0000000000000000     
       n_pass,     n_total
      300000      300801
 max=   8.2336122331037895     
 min=   0.0000000000000000     
       n_pass,     n_total
      310000      310801
   5.8082797044916292      +\-   4.4129642539027963E-005
 precision:   7.5977130551928920E-006
 sigma (pb)                   sd (pb)
   5.8082797044916292        4.4129642539027963E-005
