 =======================================================
 |                                                     |
 |         \/\/\/\/\/\___________/\/\/\/\/\/           |
 |                   |     \     |                     |
 |                   |     /     |                     |
 |                   |     \     |                     |
 |         /\/\/\/\/\|_____/_____|/\/\/\/\/\           |
 |                                                     |
 | Light-by-light scattering at next-to-leading order  |
 |                   (VERSION 0.5)                     |
 |                                                     |
 |    Authors:                                         |
 |            Ajjath A.H. (LPTHE Paris)                |
 |            Ekta Chaubey (Bonn)                      |
 |            Mathijs Fraaije (Bern)                   |
 |            Valentin Hirschi (Bern)                  |
 |            Hua-Sheng Shao (LPTHE Paris)             |
 |                                                     |
 |    Please cite                                      |
 |            PLB 851 (2024) 138555 [arXiv:2312.16956] |
 |            JHEP 03 (2024) 121    [arXiv:2312.16966] |
 |                                                     |
 =======================================================
 ---------------------------------------------------
         the cuts in the lab frame                  
 min transverse momentum of photon    0.0000000000000000     
 max (pseudo-)rapidity of photon    5.0000000000000000     
 min (pseudo-)rapidity of photon   -5.0000000000000000     
 min invariant mass of di-photon    0.0000000000000000     
 ---------------------------------------------------
 max=  0.30545005770480615     
 min=   0.0000000000000000     
       n_pass,     n_total
       10000       10000
  
 ====================NCALL=20K===========================
  
 ITERATION            1 :
   1.6002737243330695E-002 +\-   3.3210899884756164E-005
 precision:   2.0753262007471344E-003
 WARNING: outside the range of the grid (xs,xt)=   1219870.7952773443       -1219810.5319305724     
 WARNING: set the 2-loop amplitudes to zero
 WARNING: outside the range of the grid (xs,xt)=   1184256.0553633217       -1184197.5514351944     
 WARNING: set the 2-loop amplitudes to zero
 WARNING: outside the range of the grid (xs,xt)=   570179.09204498131       -570150.92438945663     
 WARNING: set the 2-loop amplitudes to zero
 WARNING: outside the range of the grid (xs,xt)=   60844.444444444445       -60841.438642626010     
 WARNING: set the 2-loop amplitudes to zero
 WARNING: outside the range of the grid (xs,xt)=   6067.5900277008313       -6067.2902801510700     
 WARNING: set the 2-loop amplitudes to zero
 INFO: will suppress the further warning
 max=  0.35117792742018855     
 min=   0.0000000000000000     
       n_pass,     n_total
       20000       20007
 max=  0.35117792742018855     
 min=   0.0000000000000000     
       n_pass,     n_total
       30000       30007
 ITERATION            2 :
   1.5962736771877820E-002 +\-   9.8729157904523891E-006
 precision:   6.1849768818125804E-004
 max=  0.35780742996611598     
 min=   0.0000000000000000     
       n_pass,     n_total
       40000       40034
 max=  0.35780742996611598     
 min=   0.0000000000000000     
       n_pass,     n_total
       50000       50034
 ITERATION            3 :
   1.5953262528726069E-002 +\-   4.4270640200804189E-006
 precision:   2.7750211043721460E-004
 max=  0.35787152783082288     
 min=   0.0000000000000000     
       n_pass,     n_total
       60000       60111
 max=  0.35787152783082288     
 min=   0.0000000000000000     
       n_pass,     n_total
       70000       70111
 ITERATION            4 :
   1.5958341977902288E-002 +\-   3.4239694841937101E-006
 precision:   2.1455671829410114E-004
 max=  0.36751331956498995     
 min=   0.0000000000000000     
       n_pass,     n_total
       80000       80269
 max=  0.36751331956498995     
 min=   0.0000000000000000     
       n_pass,     n_total
       90000       90269
 ITERATION            5 :
   1.5956478488384985E-002 +\-   2.8315489764677076E-006
 precision:   1.7745450404541607E-004
 max=  0.36940457602116900     
 min=   0.0000000000000000     
       n_pass,     n_total
      100000      100526
 max=  0.36940457602116900     
 min=   0.0000000000000000     
       n_pass,     n_total
      110000      110526
 ITERATION            6 :
   1.5958337613698179E-002 +\-   2.4494515520188660E-006
 precision:   1.5349039551064059E-004
 max=  0.36940457602116900     
 min=   0.0000000000000000     
       n_pass,     n_total
      120000      120804
 max=  0.36940457602116900     
 min=   0.0000000000000000     
       n_pass,     n_total
      130000      130804
 ITERATION            7 :
   1.5963662529299472E-002 +\-   2.2895960259604383E-006
 precision:   1.4342548408036987E-004
 max=  0.36940457602116900     
 min=   0.0000000000000000     
       n_pass,     n_total
      140000      141154
 max=  0.36940457602116900     
 min=   0.0000000000000000     
       n_pass,     n_total
      150000      151154
 ITERATION            8 :
   1.5955584891779052E-002 +\-   2.2797876260044969E-006
 precision:   1.4288336287685284E-004
 max=  0.36974677897105740     
 min=   0.0000000000000000     
       n_pass,     n_total
      160000      161400
 max=  0.36974677897105740     
 min=   0.0000000000000000     
       n_pass,     n_total
      170000      171400
 ITERATION            9 :
   1.5957873138018216E-002 +\-   2.2307572270938998E-006
 precision:   1.3979038483388610E-004
 max=  0.36974677897105740     
 min=   0.0000000000000000     
       n_pass,     n_total
      180000      181784
 max=  0.36974677897105740     
 min=   0.0000000000000000     
       n_pass,     n_total
      190000      191784
 ITERATION           10 :
   1.5960023162344249E-002 +\-   2.3825743043851516E-006
 precision:   1.4928388763285434E-004
 ====================NCALL=40K ===========================
  
 max=  0.36974677897105740     
 min=   0.0000000000000000     
       n_pass,     n_total
      200000      201999
 max=  0.36974677897105740     
 min=   0.0000000000000000     
       n_pass,     n_total
      210000      211999
 max=  0.36974677897105740     
 min=   0.0000000000000000     
       n_pass,     n_total
      220000      221999
 max=  0.36974677897105740     
 min=   0.0000000000000000     
       n_pass,     n_total
      230000      231999
   1.5959636113642671E-002 +\-   1.3378301957679202E-006
 precision:   8.3825858324195225E-005
 ====================NCALL=80K ===========================
  
 max=  0.36974677897105740     
 min=   0.0000000000000000     
       n_pass,     n_total
      240000      243160
 max=  0.36974677897105740     
 min=   0.0000000000000000     
       n_pass,     n_total
      250000      253160
 max=  0.36974677897105740     
 min=   0.0000000000000000     
       n_pass,     n_total
      260000      263160
 max=  0.36974677897105740     
 min=   0.0000000000000000     
       n_pass,     n_total
      270000      273160
 max=  0.36974677897105740     
 min=   0.0000000000000000     
       n_pass,     n_total
      280000      283160
 max=  0.36974677897105740     
 min=   0.0000000000000000     
       n_pass,     n_total
      290000      293160
 max=  0.36974677897105740     
 min=   0.0000000000000000     
       n_pass,     n_total
      300000      303160
 max=  0.36974677897105740     
 min=   0.0000000000000000     
       n_pass,     n_total
      310000      313160
   1.5959855472588571E-002 +\-   5.9777506408613328E-007
 precision:   3.7454917127089656E-005
 sigma (pb)                   sd (pb)
   1.5959855472588571E-002   5.9777506408613328E-007
