 =======================================================
 |                                                     |
 |         \/\/\/\/\/\___________/\/\/\/\/\/           |
 |                   |     \     |                     |
 |                   |     /     |                     |
 |                   |     \     |                     |
 |         /\/\/\/\/\|_____/_____|/\/\/\/\/\           |
 |                                                     |
 | Light-by-light scattering at next-to-leading order  |
 |                   (VERSION 0.5)                     |
 |                                                     |
 |    Authors:                                         |
 |            Ajjath A.H. (LPTHE Paris)                |
 |            Ekta Chaubey (Bonn)                      |
 |            Mathijs Fraaije (Bern)                   |
 |            Valentin Hirschi (Bern)                  |
 |            Hua-Sheng Shao (LPTHE Paris)             |
 |                                                     |
 |    Please cite                                      |
 |            PLB 851 (2024) 138555 [arXiv:2312.16956] |
 |            JHEP 03 (2024) 121    [arXiv:2312.16966] |
 |                                                     |
 =======================================================
 ---------------------------------------------------
         the cuts in the lab frame                  
 min transverse momentum of photon    0.0000000000000000     
 max (pseudo-)rapidity of photon    5.0000000000000000     
 min (pseudo-)rapidity of photon   -5.0000000000000000     
 min invariant mass of di-photon    0.0000000000000000     
 ---------------------------------------------------
 WARNING: outside the range of the grid (xs,xt)=   3.2411432534171110       -3.2411432210285915     
 WARNING: set the 2-loop amplitudes to zero
 WARNING: outside the range of the grid (xs,xt)=   3.2411723394696645       -3.2411723070808551     
 WARNING: set the 2-loop amplitudes to zero
 max=   1531966027821899.0     
 min=   0.0000000000000000     
       n_pass,     n_total
       10000       10000
  
 ====================NCALL=20K===========================
  
 ITERATION            1 :
   140145813637.33603      +\-   99754675145.812698     
 precision:  0.71179204399179574     
 WARNING: outside the range of the grid (xs,xt)=   3.2411541852447083       -3.2411541528560806     
 WARNING: set the 2-loop amplitudes to zero
 WARNING: outside the range of the grid (xs,xt)=   3.2410396014441769       -3.2410395690566931     
 WARNING: set the 2-loop amplitudes to zero
 WARNING: outside the range of the grid (xs,xt)=   3.2411568246895710       -3.2411567923009166     
 WARNING: set the 2-loop amplitudes to zero
 INFO: will suppress the further warning
 max=   3608686033659510.0     
 min=   0.0000000000000000     
       n_pass,     n_total
       20000       20017
 max=   3608686033659510.0     
 min=   0.0000000000000000     
       n_pass,     n_total
       30000       30017
 ITERATION            2 :
   97837503286.297150      +\-   77115980109.706085     
 precision:  0.78820470187230074     
 max=   3957523004804180.0     
 min=   0.0000000000000000     
       n_pass,     n_total
       40000       40290
 max=   3957523004804180.0     
 min=   0.0000000000000000     
       n_pass,     n_total
       50000       50290
 ITERATION            3 :
   104437854414.28365      +\-   6274779846.5661211     
 precision:   6.0081470284475115E-002
 max=   3967760161999283.0     
 min=   0.0000000000000000     
       n_pass,     n_total
       60000       64744
 max=   3967760161999283.0     
 min=   0.0000000000000000     
       n_pass,     n_total
       70000       74744
 ITERATION            4 :
   110884748911.63177      +\-   330363701.62067425     
 precision:   2.9793430103174381E-003
 max=   3968376114247656.0     
 min=   0.0000000000000000     
       n_pass,     n_total
       80000       91406
 ITERATION            5 :
   110945555680.07518      +\-   57724611.002432264     
 precision:   5.2029674058227363E-004
 max=   3968482689740403.0     
 min=   0.0000000000000000     
       n_pass,     n_total
       90000      103648
 max=   3968482689740403.0     
 min=   0.0000000000000000     
       n_pass,     n_total
      100000      113648
 ITERATION            6 :
   110947741878.56178      +\-   23149345.010445576     
 precision:   2.0865088931493322E-004
 max=   3968538632665364.5     
 min=   0.0000000000000000     
       n_pass,     n_total
      110000      125739
 max=   3968538632665364.5     
 min=   0.0000000000000000     
       n_pass,     n_total
      120000      135739
 ITERATION            7 :
   110948696310.02078      +\-   12248894.397129744     
 precision:   1.1040142700643374E-004
 max=   3968538632665364.5     
 min=   0.0000000000000000     
       n_pass,     n_total
      130000      147356
 ITERATION            8 :
   110946275590.78712      +\-   8824057.9231067635     
 precision:   7.9534512322462355E-005
 max=   3968538632665364.5     
 min=   0.0000000000000000     
       n_pass,     n_total
      140000      158429
 max=   3968538632665364.5     
 min=   0.0000000000000000     
       n_pass,     n_total
      150000      168429
 ITERATION            9 :
   110870579567.69312      +\-   7625138.9139834084     
 precision:   6.8775133526994913E-005
 max=   3968538632665364.5     
 min=   0.0000000000000000     
       n_pass,     n_total
      160000      180013
 max=   3968538632665364.5     
 min=   0.0000000000000000     
       n_pass,     n_total
      170000      190013
 ITERATION           10 :
   109988199659.30009      +\-   5648363.2549805334     
 precision:   5.1354265934681418E-005
 ====================NCALL=40K ===========================
  
 max=   3968538632665364.5     
 min=   0.0000000000000000     
       n_pass,     n_total
      180000      201654
 max=   3968538632665364.5     
 min=   0.0000000000000000     
       n_pass,     n_total
      190000      211654
 max=   3968538632665364.5     
 min=   0.0000000000000000     
       n_pass,     n_total
      200000      221654
 max=   3968538632665364.5     
 min=   0.0000000000000000     
       n_pass,     n_total
      210000      231654
   108281019596.94649      +\-   406513188.86036378     
 precision:   3.7542423443510629E-003
 ====================NCALL=80K ===========================
  
 max=   3968538632665364.5     
 min=   0.0000000000000000     
       n_pass,     n_total
      220000      276663
 max=   3968538632665364.5     
 min=   0.0000000000000000     
       n_pass,     n_total
      230000      286663
 max=   3968538632665364.5     
 min=   0.0000000000000000     
       n_pass,     n_total
      240000      296663
 max=   3968538632665364.5     
 min=   0.0000000000000000     
       n_pass,     n_total
      250000      306663
   104374634383.97113      +\-   35167432.724944428     
 precision:   3.3693466743625893E-004
 sigma (pb)                   sd (pb)
   104374634383.97113        35167432.724944428     
