 =======================================================
 |                                                     |
 |         \/\/\/\/\/\___________/\/\/\/\/\/           |
 |                   |     \     |                     |
 |                   |     /     |                     |
 |                   |     \     |                     |
 |         /\/\/\/\/\|_____/_____|/\/\/\/\/\           |
 |                                                     |
 | Light-by-light scattering at next-to-leading order  |
 |                   (VERSION 0.5)                     |
 |                                                     |
 |    Authors:                                         |
 |            Ajjath A.H. (LPTHE Paris)                |
 |            Ekta Chaubey (Bonn)                      |
 |            Mathijs Fraaije (Bern)                   |
 |            Valentin Hirschi (Bern)                  |
 |            Hua-Sheng Shao (LPTHE Paris)             |
 |                                                     |
 |    Please cite                                      |
 |            PLB 851 (2024) 138555 [arXiv:2312.16956] |
 |            JHEP 03 (2024) 121    [arXiv:2312.16966] |
 |                                                     |
 =======================================================
 ---------------------------------------------------
         the cuts in the lab frame                  
 min transverse momentum of photon    0.0000000000000000     
 max (pseudo-)rapidity of photon    5.0000000000000000     
 min (pseudo-)rapidity of photon   -5.0000000000000000     
 min invariant mass of di-photon    0.0000000000000000     
 ---------------------------------------------------
 WARNING: outside the range of the grid (xs,xt)=  0.10952178575374988      -0.10952178465855819     
 WARNING: set the 2-loop amplitudes to zero
 WARNING: outside the range of the grid (xs,xt)=  0.10973027107644466      -0.10973026997916824     
 WARNING: set the 2-loop amplitudes to zero
 WARNING: outside the range of the grid (xs,xt)=  0.10959785747885550      -0.10959785638290315     
 WARNING: set the 2-loop amplitudes to zero
 WARNING: outside the range of the grid (xs,xt)=  0.10981449670733807      -0.10981449560921944     
 WARNING: set the 2-loop amplitudes to zero
 WARNING: outside the range of the grid (xs,xt)=  0.10986392531421303      -0.10986392421560011     
 WARNING: set the 2-loop amplitudes to zero
 INFO: will suppress the further warning
 max=   4.4634268432328552     
 min=   0.0000000000000000     
       n_pass,     n_total
       10000       10000
  
 ====================NCALL=20K===========================
  
 ITERATION            1 :
   3.1641094309211337      +\-   1.0334581853499408E-004
 precision:   3.2661897697042703E-005
 max=   4.4806078180601547     
 min=   0.0000000000000000     
       n_pass,     n_total
       20000       20002
 max=   4.4806078180601547     
 min=   0.0000000000000000     
       n_pass,     n_total
       30000       30002
 ITERATION            2 :
   3.1638427019138367      +\-   2.0741115443697274E-004
 precision:   6.5556721360233205E-005
 max=   4.4884678859643161     
 min=   0.0000000000000000     
       n_pass,     n_total
       40000       40010
 max=   4.4884678859643161     
 min=   0.0000000000000000     
       n_pass,     n_total
       50000       50010
 ITERATION            3 :
   3.1635292662875591      +\-   1.7721288801191470E-004
 precision:   5.6017464387132484E-005
 max=   4.4909341808494734     
 min=   0.0000000000000000     
       n_pass,     n_total
       60000       60033
 max=   4.4909341808494734     
 min=   0.0000000000000000     
       n_pass,     n_total
       70000       70033
 ITERATION            4 :
   3.1636215165258035      +\-   1.3940536604338804E-004
 precision:   4.4065121353858703E-005
 max=   4.4909439397078676     
 min=   0.0000000000000000     
       n_pass,     n_total
       80000       80066
 max=   4.4909439397078676     
 min=   0.0000000000000000     
       n_pass,     n_total
       90000       90066
 ITERATION            5 :
   3.1637215518137856      +\-   1.1648382247814440E-004
 precision:   3.6818607633583727E-005
 max=   4.4909439397078676     
 min=   0.0000000000000000     
       n_pass,     n_total
      100000      100111
 max=   4.4909439397078676     
 min=   0.0000000000000000     
       n_pass,     n_total
      110000      110111
 ITERATION            6 :
   3.1636879931631259      +\-   1.0336939166944695E-004
 precision:   3.2673699774703736E-005
 max=   4.4909560325603577     
 min=   0.0000000000000000     
       n_pass,     n_total
      120000      120155
 max=   4.4909560325603577     
 min=   0.0000000000000000     
       n_pass,     n_total
      130000      130155
 ITERATION            7 :
   3.1638552584551225      +\-   1.0226866482244646E-004
 precision:   3.2324065568152183E-005
 max=   4.4909560325603577     
 min=   0.0000000000000000     
       n_pass,     n_total
      140000      140214
 max=   4.4909560325603577     
 min=   0.0000000000000000     
       n_pass,     n_total
      150000      150214
 ITERATION            8 :
   3.1635920984303305      +\-   1.0178599518364624E-004
 precision:   3.2174184286953137E-005
 max=   4.4909560325603577     
 min=   0.0000000000000000     
       n_pass,     n_total
      160000      160285
 max=   4.4909560325603577     
 min=   0.0000000000000000     
       n_pass,     n_total
      170000      170285
 ITERATION            9 :
   3.1637401675470822      +\-   9.8095192501642748E-005
 precision:   3.1006083719478813E-005
 max=   4.4909560325603577     
 min=   0.0000000000000000     
       n_pass,     n_total
      180000      180360
 max=   4.4909560325603577     
 min=   0.0000000000000000     
       n_pass,     n_total
      190000      190360
 ITERATION           10 :
   3.1637682982216480      +\-   1.0040343319304877E-004
 precision:   3.1735393912849266E-005
 ====================NCALL=40K ===========================
  
 max=   4.4909560325603577     
 min=   0.0000000000000000     
       n_pass,     n_total
      200000      200510
 max=   4.4909560325603577     
 min=   0.0000000000000000     
       n_pass,     n_total
      210000      210510
 max=   4.4909560325603577     
 min=   0.0000000000000000     
       n_pass,     n_total
      220000      220510
 max=   4.4909560325603577     
 min=   0.0000000000000000     
       n_pass,     n_total
      230000      230510
   3.1637269949634033      +\-   5.1320188385969906E-005
 precision:   1.6221433918814968E-005
 ====================NCALL=80K ===========================
  
 max=   4.4909560325603577     
 min=   0.0000000000000000     
       n_pass,     n_total
      240000      240871
 max=   4.4909560325603577     
 min=   0.0000000000000000     
       n_pass,     n_total
      250000      250871
 max=   4.4909560325603577     
 min=   0.0000000000000000     
       n_pass,     n_total
      260000      260871
 max=   4.4909560325603577     
 min=   0.0000000000000000     
       n_pass,     n_total
      270000      270871
 max=   4.4909560325603577     
 min=   0.0000000000000000     
       n_pass,     n_total
      280000      280871
 max=   4.4909560325603577     
 min=   0.0000000000000000     
       n_pass,     n_total
      290000      290871
 max=   4.4909560325603577     
 min=   0.0000000000000000     
       n_pass,     n_total
      300000      300871
 max=   4.4909560325603577     
 min=   0.0000000000000000     
       n_pass,     n_total
      310000      310871
   3.1636756118767884      +\-   2.4666275513772780E-005
 precision:   7.7967144991644688E-006
 sigma (pb)                   sd (pb)
   3.1636756118767884        2.4666275513772780E-005
