 =======================================================
 |                                                     |
 |         \/\/\/\/\/\___________/\/\/\/\/\/           |
 |                   |     \     |                     |
 |                   |     /     |                     |
 |                   |     \     |                     |
 |         /\/\/\/\/\|_____/_____|/\/\/\/\/\           |
 |                                                     |
 | Light-by-light scattering at next-to-leading order  |
 |                   (VERSION 0.5)                     |
 |                                                     |
 |    Authors:                                         |
 |            Ajjath A.H. (LPTHE Paris)                |
 |            Ekta Chaubey (Bonn)                      |
 |            Mathijs Fraaije (Bern)                   |
 |            Valentin Hirschi (Bern)                  |
 |            Hua-Sheng Shao (LPTHE Paris)             |
 |                                                     |
 |    Please cite                                      |
 |            PLB 851 (2024) 138555 [arXiv:2312.16956] |
 |            JHEP 03 (2024) 121    [arXiv:2312.16966] |
 |                                                     |
 =======================================================
 ---------------------------------------------------
         the cuts in the lab frame                  
 min transverse momentum of photon    0.0000000000000000     
 max (pseudo-)rapidity of photon    5.0000000000000000     
 min (pseudo-)rapidity of photon   -5.0000000000000000     
 min invariant mass of di-photon    0.0000000000000000     
 ---------------------------------------------------
 max=   3912.5992762161477     
 min=   0.0000000000000000     
       n_pass,     n_total
       10000       10000
  
 ====================NCALL=20K===========================
  
 ITERATION            1 :
   120.86847468867960      +\-  0.45288819697809901     
 precision:   3.7469505439247180E-003
 WARNING: outside the range of the grid (xs,xt)=   4.5299086656270875       -4.5296947399022560     
 WARNING: set the 2-loop amplitudes to zero
 WARNING: outside the range of the grid (xs,xt)=   4.3976557093425592       -4.3974480292865969     
 WARNING: set the 2-loop amplitudes to zero
 WARNING: outside the range of the grid (xs,xt)=   2.1173219491878386       -2.1172219582904241     
 WARNING: set the 2-loop amplitudes to zero
 WARNING: outside the range of the grid (xs,xt)=  0.22594177777777777      -0.22593110763801366     
 WARNING: set the 2-loop amplitudes to zero
 WARNING: outside the range of the grid (xs,xt)=   2.2531590027700828E-002  -2.2530525969441807E-002
 WARNING: set the 2-loop amplitudes to zero
 INFO: will suppress the further warning
 max=   4470.0124513875189     
 min=   0.0000000000000000     
       n_pass,     n_total
       20000       20007
 max=   4470.0124513875189     
 min=   0.0000000000000000     
       n_pass,     n_total
       30000       30007
 ITERATION            2 :
   120.34936379726899      +\-  0.12199449456492489     
 precision:   1.0136696257940104E-003
 max=   4470.0124513875189     
 min=   0.0000000000000000     
       n_pass,     n_total
       40000       40039
 max=   4470.0124513875189     
 min=   0.0000000000000000     
       n_pass,     n_total
       50000       50039
 ITERATION            3 :
   120.23169008561436      +\-   4.8445182531661295E-002
 precision:   4.0293189338987530E-004
 max=   4477.9581059688326     
 min=   0.0000000000000000     
       n_pass,     n_total
       60000       60141
 max=   4477.9581059688326     
 min=   0.0000000000000000     
       n_pass,     n_total
       70000       70141
 ITERATION            4 :
   120.26823404137981      +\-   3.4727127365755173E-002
 precision:   2.8874729593025258E-004
 max=   4500.2647826543844     
 min=   0.0000000000000000     
       n_pass,     n_total
       80000       80366
 max=   4500.2647826543844     
 min=   0.0000000000000000     
       n_pass,     n_total
       90000       90366
 ITERATION            5 :
   120.25638203410098      +\-   2.6643749744674743E-002
 precision:   2.2155788569391187E-004
 max=   4512.6714655416890     
 min=   0.0000000000000000     
       n_pass,     n_total
      100000      100713
 max=   4512.6714655416890     
 min=   0.0000000000000000     
       n_pass,     n_total
      110000      110713
 ITERATION            6 :
   120.27289966797238      +\-   2.2808443423316165E-002
 precision:   1.8963909148512741E-004
 max=   4521.5191892243629     
 min=   0.0000000000000000     
       n_pass,     n_total
      120000      120999
 max=   4521.5191892243629     
 min=   0.0000000000000000     
       n_pass,     n_total
      130000      130999
 ITERATION            7 :
   120.32753941242954      +\-   2.2702580511788095E-002
 precision:   1.8867318838768651E-004
 max=   4529.0256274257845     
 min=   0.0000000000000000     
       n_pass,     n_total
      140000      141441
 max=   4529.0256274257845     
 min=   0.0000000000000000     
       n_pass,     n_total
      150000      151441
 ITERATION            8 :
   120.25385400032933      +\-   2.2368248590859702E-002
 precision:   1.8600857973997609E-004
 max=   4529.0256274257845     
 min=   0.0000000000000000     
       n_pass,     n_total
      160000      161761
 max=   4529.0256274257845     
 min=   0.0000000000000000     
       n_pass,     n_total
      170000      171761
 ITERATION            9 :
   120.28066888577136      +\-   2.1026180484952434E-002
 precision:   1.7480930792728350E-004
 max=   4529.0256274257845     
 min=   0.0000000000000000     
       n_pass,     n_total
      180000      182171
 max=   4529.0256274257845     
 min=   0.0000000000000000     
       n_pass,     n_total
      190000      192171
 ITERATION           10 :
   120.30476663214800      +\-   2.1094840464981685E-002
 precision:   1.7534500964107845E-004
 ====================NCALL=40K ===========================
  
 max=   4529.0256274257845     
 min=   0.0000000000000000     
       n_pass,     n_total
      200000      202576
 max=   4529.0256274257845     
 min=   0.0000000000000000     
       n_pass,     n_total
      210000      212576
 max=   4529.0256274257845     
 min=   0.0000000000000000     
       n_pass,     n_total
      220000      222576
 max=   4529.0256274257845     
 min=   0.0000000000000000     
       n_pass,     n_total
      230000      232576
   120.29389681946192      +\-   1.1003392114791290E-002
 precision:   9.1470909212503710E-005
 ====================NCALL=80K ===========================
  
 max=   4531.3161931394689     
 min=   0.0000000000000000     
       n_pass,     n_total
      240000      243920
 max=   4531.3161931394689     
 min=   0.0000000000000000     
       n_pass,     n_total
      250000      253920
 max=   4531.3161931394689     
 min=   0.0000000000000000     
       n_pass,     n_total
      260000      263920
 max=   4531.3161931394689     
 min=   0.0000000000000000     
       n_pass,     n_total
      270000      273920
 max=   4531.3161931394689     
 min=   0.0000000000000000     
       n_pass,     n_total
      280000      283920
 max=   4531.3161931394689     
 min=   0.0000000000000000     
       n_pass,     n_total
      290000      293920
 max=   4531.3161931394689     
 min=   0.0000000000000000     
       n_pass,     n_total
      300000      303920
 max=   4531.3161931394689     
 min=   0.0000000000000000     
       n_pass,     n_total
      310000      313920
   120.27964369855094      +\-   5.4184950200481703E-003
 precision:   4.5049144256098666E-005
 sigma (pb)                   sd (pb)
   120.27964369855094        5.4184950200481703E-003
