 =======================================================
 |                                                     |
 |         \/\/\/\/\/\___________/\/\/\/\/\/           |
 |                   |     \     |                     |
 |                   |     /     |                     |
 |                   |     \     |                     |
 |         /\/\/\/\/\|_____/_____|/\/\/\/\/\           |
 |                                                     |
 | Light-by-light scattering at next-to-leading order  |
 |                   (VERSION 0.5)                     |
 |                                                     |
 |    Authors:                                         |
 |            Ajjath A.H. (LPTHE Paris)                |
 |            Ekta Chaubey (Bonn)                      |
 |            Mathijs Fraaije (Bern)                   |
 |            Valentin Hirschi (Bern)                  |
 |            Hua-Sheng Shao (LPTHE Paris)             |
 |                                                     |
 |    Please cite                                      |
 |            PLB 851 (2024) 138555 [arXiv:2312.16956] |
 |            JHEP 03 (2024) 121    [arXiv:2312.16966] |
 |                                                     |
 =======================================================
 ---------------------------------------------------
         the cuts in the lab frame                  
 min transverse momentum of photon    0.0000000000000000     
 max (pseudo-)rapidity of photon    5.0000000000000000     
 min (pseudo-)rapidity of photon   -5.0000000000000000     
 min invariant mass of di-photon    0.0000000000000000     
 ---------------------------------------------------
 max=   3128795.8822644805     
 min=   0.0000000000000000     
       n_pass,     n_total
       10000       10000
  
 ====================NCALL=20K===========================
  
 ITERATION            1 :
   1822156.7632403632      +\-   55.639394678053200     
 precision:   3.0534911046352016E-005
 max=   8222911.6380639682     
 min=   0.0000000000000000     
       n_pass,     n_total
       20000       20003
 max=   8222911.6380639682     
 min=   0.0000000000000000     
       n_pass,     n_total
       30000       30003
 ITERATION            2 :
   1822265.4091649472      +\-   145.13294401760905     
 precision:   7.9644240233982269E-005
 WARNING: outside the range of the grid (xs,xt)=   7.5702007694188431       -7.5702006938418345     
 WARNING: set the 2-loop amplitudes to zero
 WARNING: outside the range of the grid (xs,xt)=   7.5702001424654419       -7.5702000668884404     
 WARNING: set the 2-loop amplitudes to zero
 WARNING: outside the range of the grid (xs,xt)=   7.5702228810295855       -7.5702228054523584     
 WARNING: set the 2-loop amplitudes to zero
 max=   6096777043579893.0     
 min=   0.0000000000000000     
       n_pass,     n_total
       40000       40023
 max=   6096777043579893.0     
 min=   0.0000000000000000     
       n_pass,     n_total
       50000       50023
 ITERATION            3 :
   41064083564.782379      +\-   26528011241.903282     
 precision:  0.64601493419554579     
 WARNING: outside the range of the grid (xs,xt)=   7.5702301647818748       -7.5702300892045740     
 WARNING: set the 2-loop amplitudes to zero
 WARNING: outside the range of the grid (xs,xt)=   7.5702303510672584       -7.5702302754899558     
 WARNING: set the 2-loop amplitudes to zero
 INFO: will suppress the further warning
 max=   6364163189651724.0     
 min=   0.0000000000000000     
       n_pass,     n_total
       60000       60413
 max=   6364163189651724.0     
 min=   0.0000000000000000     
       n_pass,     n_total
       70000       70413
 ITERATION            4 :
   8044643953.0312672      +\-   1861949698.8561647     
 precision:  0.23145209529808608     
 max=   6379664859825781.0     
 min=   0.0000000000000000     
       n_pass,     n_total
       80000       87115
 max=   6379664859825781.0     
 min=   0.0000000000000000     
       n_pass,     n_total
       90000       97115
 ITERATION            5 :
   29718540881.263859      +\-   589229644.99606264     
 precision:   1.9827004540708935E-002
 max=   6385973983547012.0     
 min=   0.0000000000000000     
       n_pass,     n_total
      100000      111859
 ITERATION            6 :
   29741857467.352818      +\-   81428783.498600200     
 precision:   2.7378513123460205E-003
 max=   6386315948285858.0     
 min=   0.0000000000000000     
       n_pass,     n_total
      110000      127787
 ITERATION            7 :
   29739702635.700752      +\-   8548407.0247471333     
 precision:   2.8744090448588671E-004
 max=   6386315948285858.0     
 min=   0.0000000000000000     
       n_pass,     n_total
      120000      140357
 max=   6386315948285858.0     
 min=   0.0000000000000000     
       n_pass,     n_total
      130000      150357
 ITERATION            8 :
   29736117638.179623      +\-   1428049.3404232715     
 precision:   4.8024068165163929E-005
 max=   6386315948285858.0     
 min=   0.0000000000000000     
       n_pass,     n_total
      140000      162742
 max=   6386315948285858.0     
 min=   0.0000000000000000     
       n_pass,     n_total
      150000      172742
 ITERATION            9 :
   29736695783.883034      +\-   888644.48259454581     
 precision:   2.9883766812995461E-005
 max=   6386316524819135.0     
 min=   0.0000000000000000     
       n_pass,     n_total
      160000      184034
 max=   6386316524819135.0     
 min=   0.0000000000000000     
       n_pass,     n_total
      170000      194034
 ITERATION           10 :
   29737090256.138535      +\-   663447.96478130179     
 precision:   2.2310453345190633E-005
 ====================NCALL=40K ===========================
  
 max=   6386316605660618.0     
 min=   0.0000000000000000     
       n_pass,     n_total
      180000      208000
 max=   6386316605660618.0     
 min=   0.0000000000000000     
       n_pass,     n_total
      190000      218000
 max=   6386316605660618.0     
 min=   0.0000000000000000     
       n_pass,     n_total
      200000      228000
   29736928001.133125      +\-   162139.02324604520     
 precision:   5.4524469790513293E-006
 ====================NCALL=80K ===========================
  
 max=   6386316714418068.0     
 min=   0.0000000000000000     
       n_pass,     n_total
      210000      241820
 max=   6386316714418068.0     
 min=   0.0000000000000000     
       n_pass,     n_total
      220000      251820
 max=   6386316714418068.0     
 min=   0.0000000000000000     
       n_pass,     n_total
      230000      261820
 max=   6386316714418068.0     
 min=   0.0000000000000000     
       n_pass,     n_total
      240000      271820
 max=   6386316714418068.0     
 min=   0.0000000000000000     
       n_pass,     n_total
      250000      281820
 max=   6386316714418068.0     
 min=   0.0000000000000000     
       n_pass,     n_total
      260000      291820
 max=   6386316714418068.0     
 min=   0.0000000000000000     
       n_pass,     n_total
      270000      301820
 max=   6386316714418068.0     
 min=   0.0000000000000000     
       n_pass,     n_total
      280000      311820
   29736664364.612305      +\-   91458.181331814485     
 precision:   3.0756032421932636E-006
 sigma (pb)                   sd (pb)
   29736664364.612305        91458.181331814485     
