 =======================================================
 |                                                     |
 |         \/\/\/\/\/\___________/\/\/\/\/\/           |
 |                   |     \     |                     |
 |                   |     /     |                     |
 |                   |     \     |                     |
 |         /\/\/\/\/\|_____/_____|/\/\/\/\/\           |
 |                                                     |
 | Light-by-light scattering at next-to-leading order  |
 |                   (VERSION 0.5)                     |
 |                                                     |
 |    Authors:                                         |
 |            Ajjath A.H. (LPTHE Paris)                |
 |            Ekta Chaubey (Bonn)                      |
 |            Mathijs Fraaije (Bern)                   |
 |            Valentin Hirschi (Bern)                  |
 |            Hua-Sheng Shao (LPTHE Paris)             |
 |                                                     |
 |    Please cite                                      |
 |            PLB 851 (2024) 138555 [arXiv:2312.16956] |
 |            JHEP 03 (2024) 121    [arXiv:2312.16966] |
 |                                                     |
 =======================================================
 ---------------------------------------------------
         the cuts in the lab frame                  
 min transverse momentum of photon    0.0000000000000000     
 max (pseudo-)rapidity of photon    5.0000000000000000     
 min (pseudo-)rapidity of photon   -5.0000000000000000     
 min invariant mass of di-photon    0.0000000000000000     
 ---------------------------------------------------
 max=   1752236.1226641627     
 min=   0.0000000000000000     
       n_pass,     n_total
       10000       10000
  
 ====================NCALL=20K===========================
  
 ITERATION            1 :
   168828.54254105609      +\-   249.01530892659213     
 precision:   1.4749597738548032E-003
 WARNING: outside the range of the grid (xs,xt)=   517.98553161178154       -517.96195517141985     
 WARNING: set the 2-loop amplitudes to zero
 WARNING: outside the range of the grid (xs,xt)=   1.0518003726410546E-002  -1.0517524992792623E-002
 WARNING: set the 2-loop amplitudes to zero
 max=   1763569.1221157287     
 min=   0.0000000000000000     
       n_pass,     n_total
       20000       20006
 max=   1763569.1221157287     
 min=   0.0000000000000000     
       n_pass,     n_total
       30000       30006
 ITERATION            2 :
   168318.78456821645      +\-   51.033354241470903     
 precision:   3.0319464563854454E-004
 WARNING: outside the range of the grid (xs,xt)=   517.98553161178154       -517.96022704006134     
 WARNING: set the 2-loop amplitudes to zero
 WARNING: outside the range of the grid (xs,xt)=   1.0518003726410546E-002  -1.0517489902059467E-002
 WARNING: set the 2-loop amplitudes to zero
 WARNING: outside the range of the grid (xs,xt)=   517.98553161178154       -517.96077531429307     
 WARNING: set the 2-loop amplitudes to zero
 INFO: will suppress the further warning
 max=   1763569.1221157287     
 min=   0.0000000000000000     
       n_pass,     n_total
       40000       40027
 max=   1763569.1221157287     
 min=   0.0000000000000000     
       n_pass,     n_total
       50000       50027
 ITERATION            3 :
   168229.74334911193      +\-   40.594740180343457     
 precision:   2.4130536831469139E-004
 max=   1776850.7855039497     
 min=   0.0000000000000000     
       n_pass,     n_total
       60000       60073
 max=   1776850.7855039497     
 min=   0.0000000000000000     
       n_pass,     n_total
       70000       70073
 ITERATION            4 :
   168236.01594971874      +\-   36.161509155809640     
 precision:   2.1494511119793367E-004
 max=   1778862.4331643279     
 min=   0.0000000000000000     
       n_pass,     n_total
       80000       80143
 max=   1778862.4331643279     
 min=   0.0000000000000000     
       n_pass,     n_total
       90000       90143
 ITERATION            5 :
   168249.46191050520      +\-   32.025606675094572     
 precision:   1.9034596789456329E-004
 max=   1778870.9633207896     
 min=   0.0000000000000000     
       n_pass,     n_total
      100000      100244
 max=   1778870.9633207896     
 min=   0.0000000000000000     
       n_pass,     n_total
      110000      110244
 ITERATION            6 :
   168228.11984666690      +\-   30.748084577244143     
 precision:   1.8277612925395452E-004
 max=   1778929.7537080378     
 min=   0.0000000000000000     
       n_pass,     n_total
      120000      120361
 max=   1778929.7537080378     
 min=   0.0000000000000000     
       n_pass,     n_total
      130000      130361
 ITERATION            7 :
   168295.50123580149      +\-   29.618465915286531     
 precision:   1.7599083574900573E-004
 max=   1778929.7537080378     
 min=   0.0000000000000000     
       n_pass,     n_total
      140000      140491
 max=   1778929.7537080378     
 min=   0.0000000000000000     
       n_pass,     n_total
      150000      150491
 ITERATION            8 :
   168198.86236668692      +\-   29.049465686669286     
 precision:   1.7270904973982009E-004
 max=   1778929.7537080378     
 min=   0.0000000000000000     
       n_pass,     n_total
      160000      160632
 max=   1778929.7537080378     
 min=   0.0000000000000000     
       n_pass,     n_total
      170000      170632
 ITERATION            9 :
   168248.66065160086      +\-   28.575315218047994     
 precision:   1.6983977826260399E-004
 max=   1781852.0529516290     
 min=   0.0000000000000000     
       n_pass,     n_total
      180000      180788
 max=   1781852.0529516290     
 min=   0.0000000000000000     
       n_pass,     n_total
      190000      190788
 ITERATION           10 :
   168276.41099297086      +\-   28.624764672553791     
 precision:   1.7010562861213797E-004
 ====================NCALL=40K ===========================
  
 max=   1788682.4342506391     
 min=   0.0000000000000000     
       n_pass,     n_total
      200000      201041
 max=   1788682.4342506391     
 min=   0.0000000000000000     
       n_pass,     n_total
      210000      211041
 max=   1788682.4342506391     
 min=   0.0000000000000000     
       n_pass,     n_total
      220000      221041
 max=   1788682.4342506391     
 min=   0.0000000000000000     
       n_pass,     n_total
      230000      231041
   168273.00896579755      +\-   14.156344058852902     
 precision:   8.4127241474182354E-005
 ====================NCALL=80K ===========================
  
 max=   1788822.8752502319     
 min=   0.0000000000000000     
       n_pass,     n_total
      240000      241559
 max=   1788822.8752502319     
 min=   0.0000000000000000     
       n_pass,     n_total
      250000      251559
 max=   1788822.8752502319     
 min=   0.0000000000000000     
       n_pass,     n_total
      260000      261559
 max=   1788822.8752502319     
 min=   0.0000000000000000     
       n_pass,     n_total
      270000      271559
 max=   1788822.8752502319     
 min=   0.0000000000000000     
       n_pass,     n_total
      280000      281559
 max=   1788822.8752502319     
 min=   0.0000000000000000     
       n_pass,     n_total
      290000      291559
 max=   1788822.8752502319     
 min=   0.0000000000000000     
       n_pass,     n_total
      300000      301559
 max=   1788822.8752502319     
 min=   0.0000000000000000     
       n_pass,     n_total
      310000      311559
   168250.71950512947      +\-   6.5072575921766180     
 precision:   3.8675956996298198E-005
 sigma (pb)                   sd (pb)
   168250.71950512947        6.5072575921766180     
