 =======================================================
 |                                                     |
 |         \/\/\/\/\/\___________/\/\/\/\/\/           |
 |                   |     \     |                     |
 |                   |     /     |                     |
 |                   |     \     |                     |
 |         /\/\/\/\/\|_____/_____|/\/\/\/\/\           |
 |                                                     |
 | Light-by-light scattering at next-to-leading order  |
 |                   (VERSION 0.5)                     |
 |                                                     |
 |    Authors:                                         |
 |            Ajjath A.H. (LPTHE Paris)                |
 |            Ekta Chaubey (Bonn)                      |
 |            Mathijs Fraaije (Bern)                   |
 |            Valentin Hirschi (Bern)                  |
 |            Hua-Sheng Shao (LPTHE Paris)             |
 |                                                     |
 |    Please cite                                      |
 |            PLB 851 (2024) 138555 [arXiv:2312.16956] |
 |            JHEP 03 (2024) 121    [arXiv:2312.16966] |
 |                                                     |
 =======================================================
 ---------------------------------------------------
         the cuts in the lab frame                  
 min transverse momentum of photon    0.0000000000000000     
 max (pseudo-)rapidity of photon    5.0000000000000000     
 min (pseudo-)rapidity of photon   -5.0000000000000000     
 min invariant mass of di-photon    0.0000000000000000     
 ---------------------------------------------------
 max=   232579.70797130032     
 min=   0.0000000000000000     
       n_pass,     n_total
       10000       10000
  
 ====================NCALL=20K===========================
  
 ITERATION            1 :
   4301.0151534326742      +\-   33.055708974581989     
 precision:   7.6855597563286809E-003
 WARNING: outside the range of the grid (xs,xt)=   5.1197505012252169E-002  -5.1195130646258018E-002
 WARNING: set the 2-loop amplitudes to zero
 WARNING: outside the range of the grid (xs,xt)=   4.9702768166089963E-002  -4.9700463120902302E-002
 WARNING: set the 2-loop amplitudes to zero
 WARNING: outside the range of the grid (xs,xt)=   2.3930195751770099E-002  -2.3929085950755134E-002
 WARNING: set the 2-loop amplitudes to zero
 WARNING: outside the range of the grid (xs,xt)=   22003.745390068212       -22002.724931262932     
 WARNING: set the 2-loop amplitudes to zero
 WARNING: outside the range of the grid (xs,xt)=  0.44679911287789009      -0.44677839185604384     
 WARNING: set the 2-loop amplitudes to zero
 INFO: will suppress the further warning
 max=   246407.05853521670     
 min=   0.0000000000000000     
       n_pass,     n_total
       20000       20007
 max=   246407.05853521670     
 min=   0.0000000000000000     
       n_pass,     n_total
       30000       30007
 ITERATION            2 :
   4260.3098061155333      +\-   7.2589763010877286     
 precision:   1.7038611348563688E-003
 max=   246407.05853521670     
 min=   0.0000000000000000     
       n_pass,     n_total
       40000       40042
 max=   246407.05853521670     
 min=   0.0000000000000000     
       n_pass,     n_total
       50000       50042
 ITERATION            3 :
   4254.6909299174204      +\-   2.6729386800800516     
 precision:   6.2823333682945827E-004
 max=   246520.28753395146     
 min=   0.0000000000000000     
       n_pass,     n_total
       60000       60168
 max=   246520.28753395146     
 min=   0.0000000000000000     
       n_pass,     n_total
       70000       70168
 ITERATION            4 :
   4256.6395506808276      +\-   1.6724121119486424     
 precision:   3.9289493320644183E-004
 max=   246520.28753395146     
 min=   0.0000000000000000     
       n_pass,     n_total
       80000       80445
 max=   246520.28753395146     
 min=   0.0000000000000000     
       n_pass,     n_total
       90000       90445
 ITERATION            5 :
   4255.4241487264308      +\-   1.1650960206767118     
 precision:   2.7379080908430795E-004
 max=   246520.28753395146     
 min=   0.0000000000000000     
       n_pass,     n_total
      100000      100761
 max=   246520.28753395146     
 min=   0.0000000000000000     
       n_pass,     n_total
      110000      110761
 ITERATION            6 :
   4254.1330287304718      +\-   1.5926243272368539     
 precision:   3.7437106843650551E-004
 max=   246520.28753395146     
 min=   0.0000000000000000     
       n_pass,     n_total
      120000      121043
 max=   246520.28753395146     
 min=   0.0000000000000000     
       n_pass,     n_total
      130000      131043
 ITERATION            7 :
   4256.8350813046254      +\-   1.2237182868210597     
 precision:   2.8747138741536994E-004
 max=   246520.28753395146     
 min=   0.0000000000000000     
       n_pass,     n_total
      140000      141415
 max=   246520.28753395146     
 min=   0.0000000000000000     
       n_pass,     n_total
      150000      151415
 ITERATION            8 :
   4253.3972534839168      +\-   1.0787431559572858     
 precision:   2.5361918759732533E-004
 max=   246520.28753395146     
 min=   0.0000000000000000     
       n_pass,     n_total
      160000      161828
 max=   246520.28753395146     
 min=   0.0000000000000000     
       n_pass,     n_total
      170000      171828
 ITERATION            9 :
   4255.3889215883473      +\-   1.0188022237882646     
 precision:   2.3941459701126239E-004
 max=   246520.28753395146     
 min=   0.0000000000000000     
       n_pass,     n_total
      180000      182268
 max=   246520.28753395146     
 min=   0.0000000000000000     
       n_pass,     n_total
      190000      192268
 ITERATION           10 :
   4257.3554401417086      +\-   1.1244718825955280     
 precision:   2.6412450132613292E-004
 ====================NCALL=40K ===========================
  
 max=   246541.92675729402     
 min=   0.0000000000000000     
       n_pass,     n_total
      200000      202831
 max=   246541.92675729402     
 min=   0.0000000000000000     
       n_pass,     n_total
      210000      212831
 max=   246541.92675729402     
 min=   0.0000000000000000     
       n_pass,     n_total
      220000      222831
 max=   246541.92675729402     
 min=   0.0000000000000000     
       n_pass,     n_total
      230000      232831
   4255.9322461322536      +\-  0.53171366493615602     
 precision:   1.2493471093656902E-004
 ====================NCALL=80K ===========================
  
 max=   246541.92675729402     
 min=   0.0000000000000000     
       n_pass,     n_total
      240000      244964
 max=   246541.92675729402     
 min=   0.0000000000000000     
       n_pass,     n_total
      250000      254964
 max=   246541.92675729402     
 min=   0.0000000000000000     
       n_pass,     n_total
      260000      264964
 max=   246541.92675729402     
 min=   0.0000000000000000     
       n_pass,     n_total
      270000      274964
 max=   246541.92675729402     
 min=   0.0000000000000000     
       n_pass,     n_total
      280000      284964
 max=   246541.92675729402     
 min=   0.0000000000000000     
       n_pass,     n_total
      290000      294964
 max=   246541.92675729402     
 min=   0.0000000000000000     
       n_pass,     n_total
      300000      304964
 max=   246541.92675729402     
 min=   0.0000000000000000     
       n_pass,     n_total
      310000      314964
   4255.6993876623228      +\-  0.29009086444146998     
 precision:   6.8165262161719168E-005
 sigma (pb)                   sd (pb)
   4255.6993876623228       0.29009086444146998     
