 =======================================================
 |                                                     |
 |         \/\/\/\/\/\___________/\/\/\/\/\/           |
 |                   |     \     |                     |
 |                   |     /     |                     |
 |                   |     \     |                     |
 |         /\/\/\/\/\|_____/_____|/\/\/\/\/\           |
 |                                                     |
 | Light-by-light scattering at next-to-leading order  |
 |                   (VERSION 0.5)                     |
 |                                                     |
 |    Authors:                                         |
 |            Ajjath A.H. (LPTHE Paris)                |
 |            Ekta Chaubey (Bonn)                      |
 |            Mathijs Fraaije (Bern)                   |
 |            Valentin Hirschi (Bern)                  |
 |            Hua-Sheng Shao (LPTHE Paris)             |
 |                                                     |
 |    Please cite                                      |
 |            PLB 851 (2024) 138555 [arXiv:2312.16956] |
 |            JHEP 03 (2024) 121    [arXiv:2312.16966] |
 |                                                     |
 =======================================================
 ---------------------------------------------------
         the cuts in the lab frame                  
 min transverse momentum of photon    0.0000000000000000     
 max (pseudo-)rapidity of photon    5.0000000000000000     
 min (pseudo-)rapidity of photon   -5.0000000000000000     
 min invariant mass of di-photon    0.0000000000000000     
 ---------------------------------------------------
 max=  0.33056658611722378     
 min=   0.0000000000000000     
       n_pass,     n_total
       10000       10000
  
 ====================NCALL=20K===========================
  
 ITERATION            1 :
   1.5240257938718178E-002 +\-   3.6615754067357439E-005
 precision:   2.4025678708714231E-003
 WARNING: outside the range of the grid (xs,xt)=   1079117.8436177319       -1079065.3847222778     
 WARNING: set the 2-loop amplitudes to zero
 WARNING: outside the range of the grid (xs,xt)=   1047612.4567474046       -1047561.5294157234     
 WARNING: set the 2-loop amplitudes to zero
 WARNING: outside the range of the grid (xs,xt)=   504389.83756768017       -504365.31778616266     
 WARNING: set the 2-loop amplitudes to zero
 WARNING: outside the range of the grid (xs,xt)=   53824.000000000000       -53821.383466870066     
 WARNING: set the 2-loop amplitudes to zero
 WARNING: outside the range of the grid (xs,xt)=   5367.4903047091411       -5367.2293761975689     
 WARNING: set the 2-loop amplitudes to zero
 INFO: will suppress the further warning
 max=  0.39102200160196188     
 min=   0.0000000000000000     
       n_pass,     n_total
       20000       20007
 max=  0.39102200160196188     
 min=   0.0000000000000000     
       n_pass,     n_total
       30000       30007
 ITERATION            2 :
   1.5197977461498214E-002 +\-   1.0673055344328542E-005
 precision:   7.0226813872879595E-004
 max=  0.39102200160196188     
 min=   0.0000000000000000     
       n_pass,     n_total
       40000       40035
 max=  0.39102200160196188     
 min=   0.0000000000000000     
       n_pass,     n_total
       50000       50035
 ITERATION            3 :
   1.5188724886418392E-002 +\-   4.4767273044302171E-006
 precision:   2.9474016666357968E-004
 max=  0.39173767118118802     
 min=   0.0000000000000000     
       n_pass,     n_total
       60000       60115
 max=  0.39173767118118802     
 min=   0.0000000000000000     
       n_pass,     n_total
       70000       70115
 ITERATION            4 :
   1.5193901428866927E-002 +\-   3.4584870693944848E-006
 precision:   2.2762337149454567E-004
 max=  0.39700864793122526     
 min=   0.0000000000000000     
       n_pass,     n_total
       80000       80294
 max=  0.39700864793122526     
 min=   0.0000000000000000     
       n_pass,     n_total
       90000       90294
 ITERATION            5 :
   1.5189837756972411E-002 +\-   2.7906662758874000E-006
 precision:   1.8371929447412520E-004
 max=  0.40199248604280119     
 min=   0.0000000000000000     
       n_pass,     n_total
      100000      100585
 max=  0.40199248604280119     
 min=   0.0000000000000000     
       n_pass,     n_total
      110000      110585
 ITERATION            6 :
   1.5192978547569217E-002 +\-   2.4110342105160587E-006
 precision:   1.5869397846953514E-004
 max=  0.40199248604280119     
 min=   0.0000000000000000     
       n_pass,     n_total
      120000      120868
 max=  0.40199248604280119     
 min=   0.0000000000000000     
       n_pass,     n_total
      130000      130868
 ITERATION            7 :
   1.5197656658037241E-002 +\-   2.2848440861059233E-006
 precision:   1.5034186766534099E-004
 max=  0.40199248604280119     
 min=   0.0000000000000000     
       n_pass,     n_total
      140000      141236
 max=  0.40199248604280119     
 min=   0.0000000000000000     
       n_pass,     n_total
      150000      151236
 ITERATION            8 :
   1.5190557600446786E-002 +\-   2.2784989817278650E-006
 precision:   1.4999442691036237E-004
 max=  0.40199248604280119     
 min=   0.0000000000000000     
       n_pass,     n_total
      160000      161445
 max=  0.40199248604280119     
 min=   0.0000000000000000     
       n_pass,     n_total
      170000      171445
 ITERATION            9 :
   1.5192356518695327E-002 +\-   2.3878521332029956E-006
 precision:   1.5717457198062497E-004
 max=  0.40199248604280119     
 min=   0.0000000000000000     
       n_pass,     n_total
      180000      181828
 max=  0.40199248604280119     
 min=   0.0000000000000000     
       n_pass,     n_total
      190000      191828
 ITERATION           10 :
   1.5194754552118087E-002 +\-   2.4378751300008646E-006
 precision:   1.6044188944539645E-004
 ====================NCALL=40K ===========================
  
 max=  0.40199248604280119     
 min=   0.0000000000000000     
       n_pass,     n_total
      200000      202157
 max=  0.40199248604280119     
 min=   0.0000000000000000     
       n_pass,     n_total
      210000      212157
 max=  0.40199248604280119     
 min=   0.0000000000000000     
       n_pass,     n_total
      220000      222157
 max=  0.40199248604280119     
 min=   0.0000000000000000     
       n_pass,     n_total
      230000      232157
   1.5194173695180278E-002 +\-   1.1081171796942237E-006
 precision:   7.2930400950051529E-005
 ====================NCALL=80K ===========================
  
 max=  0.40199248604280119     
 min=   0.0000000000000000     
       n_pass,     n_total
      240000      243094
 max=  0.40199248604280119     
 min=   0.0000000000000000     
       n_pass,     n_total
      250000      253094
 max=  0.40199248604280119     
 min=   0.0000000000000000     
       n_pass,     n_total
      260000      263094
 max=  0.40199248604280119     
 min=   0.0000000000000000     
       n_pass,     n_total
      270000      273094
 max=  0.40199248604280119     
 min=   0.0000000000000000     
       n_pass,     n_total
      280000      283094
 max=  0.40199248604280119     
 min=   0.0000000000000000     
       n_pass,     n_total
      290000      293094
 max=  0.40199248604280119     
 min=   0.0000000000000000     
       n_pass,     n_total
      300000      303094
 max=  0.40199248604280119     
 min=   0.0000000000000000     
       n_pass,     n_total
      310000      313094
   1.5193648821963439E-002 +\-   5.6959880033953295E-007
 precision:   3.7489269826754168E-005
 sigma (pb)                   sd (pb)
   1.5193648821963439E-002   5.6959880033953295E-007
