 =======================================================
 |                                                     |
 |         \/\/\/\/\/\___________/\/\/\/\/\/           |
 |                   |     \     |                     |
 |                   |     /     |                     |
 |                   |     \     |                     |
 |         /\/\/\/\/\|_____/_____|/\/\/\/\/\           |
 |                                                     |
 | Light-by-light scattering at next-to-leading order  |
 |                   (VERSION 0.5)                     |
 |                                                     |
 |    Authors:                                         |
 |            Ajjath A.H. (LPTHE Paris)                |
 |            Ekta Chaubey (Bonn)                      |
 |            Mathijs Fraaije (Bern)                   |
 |            Valentin Hirschi (Bern)                  |
 |            Hua-Sheng Shao (LPTHE Paris)             |
 |                                                     |
 |    Please cite                                      |
 |            PLB 851 (2024) 138555 [arXiv:2312.16956] |
 |            JHEP 03 (2024) 121    [arXiv:2312.16966] |
 |                                                     |
 =======================================================
 ---------------------------------------------------
         the cuts in the lab frame                  
 min transverse momentum of photon    0.0000000000000000     
 max (pseudo-)rapidity of photon    5.0000000000000000     
 min (pseudo-)rapidity of photon   -5.0000000000000000     
 min invariant mass of di-photon    0.0000000000000000     
 ---------------------------------------------------
 max=   2448282.2539505889     
 min=   0.0000000000000000     
       n_pass,     n_total
       10000       10000
  
 ====================NCALL=20K===========================
  
 ITERATION            1 :
   434347.53000008763      +\-   234.30999639181402     
 precision:   5.3945281188030869E-004
 WARNING: outside the range of the grid (xs,xt)=   175.52360782932053       -175.51496610740955     
 WARNING: set the 2-loop amplitudes to zero
 max=   2468235.9488060451     
 min=   0.0000000000000000     
       n_pass,     n_total
       20000       20005
 max=   2468235.9488060451     
 min=   0.0000000000000000     
       n_pass,     n_total
       30000       30005
 WARNING: outside the range of the grid (xs,xt)=   175.52360782932053       -8.1422093977850819E-003
 WARNING: set the 2-loop amplitudes to zero
 ITERATION            2 :
   433857.97618467640      +\-   78.082228794981191     
 precision:   1.7997186425297996E-004
 max=   2478548.0049720630     
 min=   0.0000000000000000     
       n_pass,     n_total
       40000       40024
 max=   2478548.0049720630     
 min=   0.0000000000000000     
       n_pass,     n_total
       50000       50024
 ITERATION            3 :
   433763.91576506110      +\-   79.416146035770680     
 precision:   1.8308610548136220E-004
 max=   2536816.0141160432     
 min=   0.0000000000000000     
       n_pass,     n_total
       60000       60054
 max=   2536816.0141160432     
 min=   0.0000000000000000     
       n_pass,     n_total
       70000       70054
 WARNING: outside the range of the grid (xs,xt)=   175.52360782932053       -8.3096644644597446E-003
 WARNING: set the 2-loop amplitudes to zero
 WARNING: outside the range of the grid (xs,xt)=   175.52360782932053       -7.9733939403207350E-003
 WARNING: set the 2-loop amplitudes to zero
 ITERATION            4 :
   433719.80802444817      +\-   72.041302580193403     
 precision:   1.6610102016860741E-004
 WARNING: outside the range of the grid (xs,xt)=   175.52360782932053       -175.51483961793335     
 WARNING: set the 2-loop amplitudes to zero
 INFO: will suppress the further warning
 max=   2550150.5814493904     
 min=   0.0000000000000000     
       n_pass,     n_total
       80000       80091
 max=   2550150.5814493904     
 min=   0.0000000000000000     
       n_pass,     n_total
       90000       90091
 ITERATION            5 :
   433762.68012342020      +\-   63.876784550813056     
 precision:   1.4726205705995258E-004
 max=   2550150.5814493904     
 min=   0.0000000000000000     
       n_pass,     n_total
      100000      100143
 max=   2550150.5814493904     
 min=   0.0000000000000000     
       n_pass,     n_total
      110000      110143
 ITERATION            6 :
   433717.79158335074      +\-   59.760095676209090     
 precision:   1.3778566809087090E-004
 max=   2550515.6255120374     
 min=   0.0000000000000000     
       n_pass,     n_total
      120000      120190
 max=   2550515.6255120374     
 min=   0.0000000000000000     
       n_pass,     n_total
      130000      130190
 ITERATION            7 :
   433833.03930478706      +\-   58.184808308169174     
 precision:   1.3411797405151466E-004
 max=   2575187.5334252436     
 min=   0.0000000000000000     
       n_pass,     n_total
      140000      140247
 max=   2575187.5334252436     
 min=   0.0000000000000000     
       n_pass,     n_total
      150000      150247
 ITERATION            8 :
   433644.49089439958      +\-   57.653743376361525     
 precision:   1.3295163339317338E-004
 max=   2575187.5334252436     
 min=   0.0000000000000000     
       n_pass,     n_total
      160000      160315
 max=   2575187.5334252436     
 min=   0.0000000000000000     
       n_pass,     n_total
      170000      170315
 ITERATION            9 :
   433770.16847376194      +\-   56.193576246143387     
 precision:   1.2954688987456832E-004
 max=   2575187.5334252436     
 min=   0.0000000000000000     
       n_pass,     n_total
      180000      180382
 max=   2575187.5334252436     
 min=   0.0000000000000000     
       n_pass,     n_total
      190000      190382
 ITERATION           10 :
   433814.45469765546      +\-   57.310267729696491     
 precision:   1.3210778734802316E-004
 ====================NCALL=40K ===========================
  
 max=   2575187.5334252436     
 min=   0.0000000000000000     
       n_pass,     n_total
      200000      200512
 max=   2575187.5334252436     
 min=   0.0000000000000000     
       n_pass,     n_total
      210000      210512
 max=   2575187.5334252436     
 min=   0.0000000000000000     
       n_pass,     n_total
      220000      220512
 max=   2575187.5334252436     
 min=   0.0000000000000000     
       n_pass,     n_total
      230000      230512
   433768.51138097915      +\-   28.799819629279334     
 precision:   6.6394445132935057E-005
 ====================NCALL=80K ===========================
  
 max=   2575187.5334252436     
 min=   0.0000000000000000     
       n_pass,     n_total
      240000      240826
 max=   2575187.5334252436     
 min=   0.0000000000000000     
       n_pass,     n_total
      250000      250826
 max=   2575187.5334252436     
 min=   0.0000000000000000     
       n_pass,     n_total
      260000      260826
 max=   2575187.5334252436     
 min=   0.0000000000000000     
       n_pass,     n_total
      270000      270826
 max=   2575187.5334252436     
 min=   0.0000000000000000     
       n_pass,     n_total
      280000      280826
 max=   2575187.5334252436     
 min=   0.0000000000000000     
       n_pass,     n_total
      290000      290826
 max=   2575187.5334252436     
 min=   0.0000000000000000     
       n_pass,     n_total
      300000      300826
 max=   2575187.5334252436     
 min=   0.0000000000000000     
       n_pass,     n_total
      310000      310826
   433724.64027414966      +\-   14.398138450744440     
 precision:   3.3196496379923519E-005
 sigma (pb)                   sd (pb)
   433724.64027414966        14.398138450744440     
