 =======================================================
 |                                                     |
 |         \/\/\/\/\/\___________/\/\/\/\/\/           |
 |                   |     \     |                     |
 |                   |     /     |                     |
 |                   |     \     |                     |
 |         /\/\/\/\/\|_____/_____|/\/\/\/\/\           |
 |                                                     |
 | Light-by-light scattering at next-to-leading order  |
 |                   (VERSION 0.5)                     |
 |                                                     |
 |    Authors:                                         |
 |            Ajjath A.H. (LPTHE Paris)                |
 |            Ekta Chaubey (Bonn)                      |
 |            Mathijs Fraaije (Bern)                   |
 |            Valentin Hirschi (Bern)                  |
 |            Hua-Sheng Shao (LPTHE Paris)             |
 |                                                     |
 |    Please cite                                      |
 |            PLB 851 (2024) 138555 [arXiv:2312.16956] |
 |            JHEP 03 (2024) 121    [arXiv:2312.16966] |
 |                                                     |
 =======================================================
 ---------------------------------------------------
         the cuts in the lab frame                  
 min transverse momentum of photon    0.0000000000000000     
 max (pseudo-)rapidity of photon    5.0000000000000000     
 min (pseudo-)rapidity of photon   -5.0000000000000000     
 min invariant mass of di-photon    0.0000000000000000     
 ---------------------------------------------------
 max=   1596717.0897986926     
 min=   0.0000000000000000     
       n_pass,     n_total
       10000       10000
  
 ====================NCALL=20K===========================
  
 ITERATION            1 :
   134328.38167807725      +\-   242.72512655967546     
 precision:   1.8069534042431544E-003
 max=   1604076.2685468006     
 min=   0.0000000000000000     
       n_pass,     n_total
       20000       20007
 max=   1604076.2685468006     
 min=   0.0000000000000000     
       n_pass,     n_total
       30000       30007
 ITERATION            2 :
   133826.30430159532      +\-   46.596933613182429     
 precision:   3.4818964669434542E-004
 WARNING: outside the range of the grid (xs,xt)=   663.23888159129297       -663.20586517707034     
 WARNING: set the 2-loop amplitudes to zero
 WARNING: outside the range of the grid (xs,xt)=   1.3467459228776102E-002  -1.3466788810884802E-002
 WARNING: set the 2-loop amplitudes to zero
 max=   1616247.0384758108     
 min=   0.0000000000000000     
       n_pass,     n_total
       40000       40030
 max=   1616247.0384758108     
 min=   0.0000000000000000     
       n_pass,     n_total
       50000       50030
 WARNING: outside the range of the grid (xs,xt)=   663.23888159129297       -3.2721928795116047E-002
 WARNING: set the 2-loop amplitudes to zero
 WARNING: outside the range of the grid (xs,xt)=   1.3467459228776102E-002  -6.6443818986882105E-007
 WARNING: set the 2-loop amplitudes to zero
 ITERATION            3 :
   133765.36474072890      +\-   35.504116977366778     
 precision:   2.6542085125086552E-004
 WARNING: outside the range of the grid (xs,xt)=   663.23888159129297       -663.20635645619984     
 WARNING: set the 2-loop amplitudes to zero
 INFO: will suppress the further warning
 max=   1622595.6673522121     
 min=   0.0000000000000000     
       n_pass,     n_total
       60000       60080
 max=   1622595.6673522121     
 min=   0.0000000000000000     
       n_pass,     n_total
       70000       70080
 ITERATION            4 :
   133772.78752648368      +\-   30.107100387377756     
 precision:   2.2506147135057121E-004
 max=   1622595.6673522121     
 min=   0.0000000000000000     
       n_pass,     n_total
       80000       80155
 max=   1622595.6673522121     
 min=   0.0000000000000000     
       n_pass,     n_total
       90000       90155
 ITERATION            5 :
   133782.05107444676      +\-   26.792860427927138     
 precision:   2.0027245966663720E-004
 max=   1622595.6673522121     
 min=   0.0000000000000000     
       n_pass,     n_total
      100000      100272
 max=   1622595.6673522121     
 min=   0.0000000000000000     
       n_pass,     n_total
      110000      110272
 ITERATION            6 :
   133765.51284109973      +\-   25.636802605569656     
 precision:   1.9165479996345288E-004
 max=   1622595.6673522121     
 min=   0.0000000000000000     
       n_pass,     n_total
      120000      120398
 max=   1622595.6673522121     
 min=   0.0000000000000000     
       n_pass,     n_total
      130000      130398
 ITERATION            7 :
   133822.39731311897      +\-   24.579713599080392     
 precision:   1.8367413895275343E-004
 max=   1622595.6673522121     
 min=   0.0000000000000000     
       n_pass,     n_total
      140000      140547
 max=   1622595.6673522121     
 min=   0.0000000000000000     
       n_pass,     n_total
      150000      150547
 ITERATION            8 :
   133738.09967114028      +\-   24.170812387074573     
 precision:   1.8073243485970108E-004
 max=   1622595.6673522121     
 min=   0.0000000000000000     
       n_pass,     n_total
      160000      160705
 max=   1622595.6673522121     
 min=   0.0000000000000000     
       n_pass,     n_total
      170000      170705
 ITERATION            9 :
   133778.46078794898      +\-   23.622438854912584     
 precision:   1.7657879090383837E-004
 max=   1622595.6673522121     
 min=   0.0000000000000000     
       n_pass,     n_total
      180000      180879
 max=   1622595.6673522121     
 min=   0.0000000000000000     
       n_pass,     n_total
      190000      190879
 ITERATION           10 :
   133799.20192502713      +\-   23.580461838723711     
 precision:   1.7623768676839160E-004
 ====================NCALL=40K ===========================
  
 max=   1623504.6376683367     
 min=   0.0000000000000000     
       n_pass,     n_total
      200000      201162
 max=   1623504.6376683367     
 min=   0.0000000000000000     
       n_pass,     n_total
      210000      211162
 max=   1623504.6376683367     
 min=   0.0000000000000000     
       n_pass,     n_total
      220000      221162
 max=   1623504.6376683367     
 min=   0.0000000000000000     
       n_pass,     n_total
      230000      231162
   133798.07785529213      +\-   11.641918832657684     
 precision:   8.7011106730911907E-005
 ====================NCALL=80K ===========================
  
 max=   1623504.6376683367     
 min=   0.0000000000000000     
       n_pass,     n_total
      240000      241704
 max=   1623504.6376683367     
 min=   0.0000000000000000     
       n_pass,     n_total
      250000      251704
 max=   1623504.6376683367     
 min=   0.0000000000000000     
       n_pass,     n_total
      260000      261704
 max=   1623504.6376683367     
 min=   0.0000000000000000     
       n_pass,     n_total
      270000      271704
 max=   1623504.6376683367     
 min=   0.0000000000000000     
       n_pass,     n_total
      280000      281704
 max=   1623504.6376683367     
 min=   0.0000000000000000     
       n_pass,     n_total
      290000      291704
 max=   1623504.6376683367     
 min=   0.0000000000000000     
       n_pass,     n_total
      300000      301704
 max=   1623504.6376683367     
 min=   0.0000000000000000     
       n_pass,     n_total
      310000      311704
   133780.68820172173      +\-   5.3007119620393723     
 precision:   3.9622400163218426E-005
 sigma (pb)                   sd (pb)
   133780.68820172173        5.3007119620393723     
