 =======================================================
 |                                                     |
 |         \/\/\/\/\/\___________/\/\/\/\/\/           |
 |                   |     \     |                     |
 |                   |     /     |                     |
 |                   |     \     |                     |
 |         /\/\/\/\/\|_____/_____|/\/\/\/\/\           |
 |                                                     |
 | Light-by-light scattering at next-to-leading order  |
 |                   (VERSION 0.5)                     |
 |                                                     |
 |    Authors:                                         |
 |            Ajjath A.H. (LPTHE Paris)                |
 |            Ekta Chaubey (Bonn)                      |
 |            Mathijs Fraaije (Bern)                   |
 |            Valentin Hirschi (Bern)                  |
 |            Hua-Sheng Shao (LPTHE Paris)             |
 |                                                     |
 |    Please cite                                      |
 |            PLB 851 (2024) 138555 [arXiv:2312.16956] |
 |            JHEP 03 (2024) 121    [arXiv:2312.16966] |
 |                                                     |
 =======================================================
 ---------------------------------------------------
         the cuts in the lab frame                  
 min transverse momentum of photon    0.0000000000000000     
 max (pseudo-)rapidity of photon    5.0000000000000000     
 min (pseudo-)rapidity of photon   -5.0000000000000000     
 min invariant mass of di-photon    0.0000000000000000     
 ---------------------------------------------------
 max=   17.324964250924868     
 min=   0.0000000000000000     
       n_pass,     n_total
       10000       10000
  
 ====================NCALL=20K===========================
  
 ITERATION            1 :
   1.9578895406571824E-002 +\-   1.9694586927965821E-003
 precision:  0.10059089912373281     
 WARNING: outside the range of the grid (xs,xt)=   64000000.000000000       -63997064.354997836     
 WARNING: set the 2-loop amplitudes to zero
 WARNING: outside the range of the grid (xs,xt)=   6382271.4681440443       -6381978.7168418895     
 WARNING: set the 2-loop amplitudes to zero
 WARNING: outside the range of the grid (xs,xt)=   4811.3869491129008       -4811.1662534246088     
 WARNING: set the 2-loop amplitudes to zero
 WARNING: outside the range of the grid (xs,xt)=   45602393.365611807       -45600301.608765393     
 WARNING: set the 2-loop amplitudes to zero
 max=   20.217174008230714     
 min=   0.0000000000000000     
       n_pass,     n_total
       20000       20010
 max=   20.217174008230714     
 min=   0.0000000000000000     
       n_pass,     n_total
       30000       30010
 ITERATION            2 :
   1.8329857246722592E-002 +\-   5.8854135485474155E-004
 precision:   3.2108343612985514E-002
 WARNING: outside the range of the grid (xs,xt)=   64000000.000000000       -63996801.689584255     
 WARNING: set the 2-loop amplitudes to zero
 INFO: will suppress the further warning
 max=   20.270820962583837     
 min=   0.0000000000000000     
       n_pass,     n_total
       40000       40067
 max=   20.270820962583837     
 min=   0.0000000000000000     
       n_pass,     n_total
       50000       50067
 ITERATION            3 :
   1.8727924351891970E-002 +\-   1.3513933182062314E-004
 precision:   7.2159268310463256E-003
 max=   20.270820962583837     
 min=   0.0000000000000000     
       n_pass,     n_total
       60000       60384
 max=   20.270820962583837     
 min=   0.0000000000000000     
       n_pass,     n_total
       70000       70384
 ITERATION            4 :
   1.8675748859785513E-002 +\-   3.6130999304079415E-005
 precision:   1.9346479530938806E-003
 max=   20.274150260185706     
 min=   0.0000000000000000     
       n_pass,     n_total
       80000       81517
 max=   20.274150260185706     
 min=   0.0000000000000000     
       n_pass,     n_total
       90000       91517
 ITERATION            5 :
   1.8691366822128807E-002 +\-   1.6864827931346324E-005
 precision:   9.0227900890479376E-004
 max=   20.274150260185706     
 min=   0.0000000000000000     
       n_pass,     n_total
      100000      103774
 max=   20.274150260185706     
 min=   0.0000000000000000     
       n_pass,     n_total
      110000      113774
 ITERATION            6 :
   1.8670317762690618E-002 +\-   1.3658670708710800E-005
 precision:   7.3157141095933978E-004
 max=   20.274150260185706     
 min=   0.0000000000000000     
       n_pass,     n_total
      120000      125784
 ITERATION            7 :
   1.8683401946969814E-002 +\-   1.1978188131677664E-005
 precision:   6.4111387025104160E-004
 max=   20.274150260185706     
 min=   0.0000000000000000     
       n_pass,     n_total
      130000      138652
 max=   20.274150260185706     
 min=   0.0000000000000000     
       n_pass,     n_total
      140000      148652
 ITERATION            8 :
   1.8665217894186216E-002 +\-   1.5168822508258459E-005
 precision:   8.1267856578214374E-004
 max=   20.274532480550775     
 min=   0.0000000000000000     
       n_pass,     n_total
      150000      159851
 max=   20.274532480550775     
 min=   0.0000000000000000     
       n_pass,     n_total
      160000      169851
 ITERATION            9 :
   1.8676773648910582E-002 +\-   1.2316953306016398E-005
 precision:   6.5947971194344087E-004
 max=   20.274532480550775     
 min=   0.0000000000000000     
       n_pass,     n_total
      170000      182529
 max=   20.274532480550775     
 min=   0.0000000000000000     
       n_pass,     n_total
      180000      192529
 ITERATION           10 :
   1.8682408494782726E-002 +\-   1.7471090733507285E-005
 precision:   9.3516265519974495E-004
 ====================NCALL=40K ===========================
  
 max=   20.274532480550775     
 min=   0.0000000000000000     
       n_pass,     n_total
      190000      205249
 max=   20.274532480550775     
 min=   0.0000000000000000     
       n_pass,     n_total
      200000      215249
 max=   20.274532480550775     
 min=   0.0000000000000000     
       n_pass,     n_total
      210000      225249
   1.8677439860886737E-002 +\-   6.7081029654739283E-006
 precision:   3.5915537758050381E-004
 ====================NCALL=80K ===========================
  
 max=   20.274565269500766     
 min=   0.0000000000000000     
       n_pass,     n_total
      220000      242574
 max=   20.274565269500766     
 min=   0.0000000000000000     
       n_pass,     n_total
      230000      252574
 max=   20.274565269500766     
 min=   0.0000000000000000     
       n_pass,     n_total
      240000      262574
 max=   20.274565269500766     
 min=   0.0000000000000000     
       n_pass,     n_total
      250000      272574
 max=   20.274565269500766     
 min=   0.0000000000000000     
       n_pass,     n_total
      260000      282574
 max=   20.274565269500766     
 min=   0.0000000000000000     
       n_pass,     n_total
      270000      292574
 max=   20.274565269500766     
 min=   0.0000000000000000     
       n_pass,     n_total
      280000      302574
 max=   20.274565269500766     
 min=   0.0000000000000000     
       n_pass,     n_total
      290000      312574
   1.8676694628966806E-002 +\-   2.7050368971173719E-006
 precision:   1.4483488384084664E-004
 sigma (pb)                   sd (pb)
   1.8676694628966806E-002   2.7050368971173719E-006
