 =======================================================
 |                                                     |
 |         \/\/\/\/\/\___________/\/\/\/\/\/           |
 |                   |     \     |                     |
 |                   |     /     |                     |
 |                   |     \     |                     |
 |         /\/\/\/\/\|_____/_____|/\/\/\/\/\           |
 |                                                     |
 | Light-by-light scattering at next-to-leading order  |
 |                   (VERSION 0.5)                     |
 |                                                     |
 |    Authors:                                         |
 |            Ajjath A.H. (LPTHE Paris)                |
 |            Ekta Chaubey (Bonn)                      |
 |            Mathijs Fraaije (Bern)                   |
 |            Valentin Hirschi (Bern)                  |
 |            Hua-Sheng Shao (LPTHE Paris)             |
 |                                                     |
 |    Please cite                                      |
 |            PLB 851 (2024) 138555 [arXiv:2312.16956] |
 |            JHEP 03 (2024) 121    [arXiv:2312.16966] |
 |                                                     |
 =======================================================
 ---------------------------------------------------
         the cuts in the lab frame                  
 min transverse momentum of photon    0.0000000000000000     
 max (pseudo-)rapidity of photon    5.0000000000000000     
 min (pseudo-)rapidity of photon   -5.0000000000000000     
 min invariant mass of di-photon    0.0000000000000000     
 ---------------------------------------------------
 max=   12786.815445008040     
 min=   0.0000000000000000     
       n_pass,     n_total
       10000       10000
  
 ====================NCALL=20K===========================
  
 ITERATION            1 :
   282.60139727722179      +\-   1.4883599866697148     
 precision:   5.2666405793092641E-003
 WARNING: outside the range of the grid (xs,xt)=   1.2264736021385605       -1.2264138580077364     
 WARNING: set the 2-loop amplitudes to zero
 WARNING: outside the range of the grid (xs,xt)=   1.1906660899653976       -1.1906080900944482     
 WARNING: set the 2-loop amplitudes to zero
 WARNING: outside the range of the grid (xs,xt)=  0.57326530612244897      -0.57323738115334544     
 WARNING: set the 2-loop amplitudes to zero
 WARNING: outside the range of the grid (xs,xt)=   6.1173777777777771E-002  -6.1170797873296996E-002
 WARNING: set the 2-loop amplitudes to zero
 WARNING: outside the range of the grid (xs,xt)=   527115.78157252772       -527090.10464465991     
 WARNING: set the 2-loop amplitudes to zero
 INFO: will suppress the further warning
 max=   14407.361080390570     
 min=   0.0000000000000000     
       n_pass,     n_total
       20000       20009
 max=   14407.361080390570     
 min=   0.0000000000000000     
       n_pass,     n_total
       30000       30009
 ITERATION            2 :
   280.82930005827444      +\-  0.39456727050883889     
 precision:   1.4050074918356555E-003
 max=   14785.340483281783     
 min=   0.0000000000000000     
       n_pass,     n_total
       40000       40043
 max=   14785.340483281783     
 min=   0.0000000000000000     
       n_pass,     n_total
       50000       50043
 ITERATION            3 :
   280.76255730098325      +\-  0.14210477633125002     
 precision:   5.0613863079652303E-004
 max=   14807.586968975302     
 min=   0.0000000000000000     
       n_pass,     n_total
       60000       60165
 max=   14807.586968975302     
 min=   0.0000000000000000     
       n_pass,     n_total
       70000       70165
 ITERATION            4 :
   280.86339153417299      +\-   8.9217402981295477E-002
 precision:   3.1765408262699943E-004
 max=   14877.184479289637     
 min=   0.0000000000000000     
       n_pass,     n_total
       80000       80448
 max=   14877.184479289637     
 min=   0.0000000000000000     
       n_pass,     n_total
       90000       90448
 ITERATION            5 :
   280.81757731586862      +\-   6.1898588144337588E-002
 precision:   2.2042276960004164E-004
 max=   14972.445415979006     
 min=   0.0000000000000000     
       n_pass,     n_total
      100000      100786
 max=   14972.445415979006     
 min=   0.0000000000000000     
       n_pass,     n_total
      110000      110786
 ITERATION            6 :
   280.78485573976644      +\-   6.7387186164778276E-002
 precision:   2.3999580029783813E-004
 max=   14972.445415979006     
 min=   0.0000000000000000     
       n_pass,     n_total
      120000      121152
 max=   14972.445415979006     
 min=   0.0000000000000000     
       n_pass,     n_total
      130000      131152
 ITERATION            7 :
   280.90210538772885      +\-   6.0363302406384371E-002
 precision:   2.1489088635724170E-004
 max=   14972.445415979006     
 min=   0.0000000000000000     
       n_pass,     n_total
      140000      141687
 max=   14972.445415979006     
 min=   0.0000000000000000     
       n_pass,     n_total
      150000      151687
 ITERATION            8 :
   280.74471770042027      +\-   5.5391135451018071E-002
 precision:   1.9730072182560303E-004
 max=   14981.517089325185     
 min=   0.0000000000000000     
       n_pass,     n_total
      160000      162290
 max=   14981.517089325185     
 min=   0.0000000000000000     
       n_pass,     n_total
      170000      172290
 ITERATION            9 :
   280.82463229269905      +\-   5.4297484429997211E-002
 precision:   1.9335014876260500E-004
 max=   14981.517089325185     
 min=   0.0000000000000000     
       n_pass,     n_total
      180000      182941
 max=   14981.517089325185     
 min=   0.0000000000000000     
       n_pass,     n_total
      190000      192941
 ITERATION           10 :
   280.89571760218615      +\-   5.4475819765013193E-002
 precision:   1.9393609924008760E-004
 ====================NCALL=40K ===========================
  
 max=   14981.517089325185     
 min=   0.0000000000000000     
       n_pass,     n_total
      200000      203989
 max=   14981.517089325185     
 min=   0.0000000000000000     
       n_pass,     n_total
      210000      213989
 max=   14981.517089325185     
 min=   0.0000000000000000     
       n_pass,     n_total
      220000      223989
 max=   14981.517089325185     
 min=   0.0000000000000000     
       n_pass,     n_total
      230000      233989
   280.86264075128219      +\-   2.6731463441812167E-002
 precision:   9.5176287491664669E-005
 ====================NCALL=80K ===========================
  
 max=   14981.517089325185     
 min=   0.0000000000000000     
       n_pass,     n_total
      240000      246461
 max=   14981.517089325185     
 min=   0.0000000000000000     
       n_pass,     n_total
      250000      256461
 max=   14981.517089325185     
 min=   0.0000000000000000     
       n_pass,     n_total
      260000      266461
 max=   14981.517089325185     
 min=   0.0000000000000000     
       n_pass,     n_total
      270000      276461
 max=   14981.517089325185     
 min=   0.0000000000000000     
       n_pass,     n_total
      280000      286461
 max=   14981.517089325185     
 min=   0.0000000000000000     
       n_pass,     n_total
      290000      296461
 max=   14981.517089325185     
 min=   0.0000000000000000     
       n_pass,     n_total
      300000      306461
   280.83948147904522      +\-   1.3161398059949665E-002
 precision:   4.6864486398546850E-005
 sigma (pb)                   sd (pb)
   280.83948147904522        1.3161398059949665E-002
