 =======================================================
 |                                                     |
 |         \/\/\/\/\/\___________/\/\/\/\/\/           |
 |                   |     \     |                     |
 |                   |     /     |                     |
 |                   |     \     |                     |
 |         /\/\/\/\/\|_____/_____|/\/\/\/\/\           |
 |                                                     |
 | Light-by-light scattering at next-to-leading order  |
 |                   (VERSION 0.5)                     |
 |                                                     |
 |    Authors:                                         |
 |            Ajjath A.H. (LPTHE Paris)                |
 |            Ekta Chaubey (Bonn)                      |
 |            Mathijs Fraaije (Bern)                   |
 |            Valentin Hirschi (Bern)                  |
 |            Hua-Sheng Shao (LPTHE Paris)             |
 |                                                     |
 |    Please cite                                      |
 |            PLB 851 (2024) 138555 [arXiv:2312.16956] |
 |            JHEP 03 (2024) 121    [arXiv:2312.16966] |
 |                                                     |
 =======================================================
 ---------------------------------------------------
         the cuts in the lab frame                  
 min transverse momentum of photon    0.0000000000000000     
 max (pseudo-)rapidity of photon    5.0000000000000000     
 min (pseudo-)rapidity of photon   -5.0000000000000000     
 min invariant mass of di-photon    0.0000000000000000     
 ---------------------------------------------------
 max=   1.5489374089051208E-006
 min=   0.0000000000000000     
       n_pass,     n_total
       10000       10000
  
 ====================NCALL=20K===========================
  
 ITERATION            1 :
   4.3534724220440434E-007 +\-   9.1493392572406621E-010
 precision:   2.1016187471206865E-003
 max=   1.5632189539797822E-006
 min=   0.0000000000000000     
       n_pass,     n_total
       20000       20001
 max=   1.5632189539797822E-006
 min=   0.0000000000000000     
       n_pass,     n_total
       30000       30001
 ITERATION            2 :
   4.3366689330695076E-007 +\-   7.0626736703714281E-010
 precision:   1.6285941535713324E-003
 max=   1.5632625961545879E-006
 min=   0.0000000000000000     
       n_pass,     n_total
       40000       40001
 max=   1.5632625961545879E-006
 min=   0.0000000000000000     
       n_pass,     n_total
       50000       50001
 ITERATION            3 :
   4.3445719456678005E-007 +\-   4.5899767992225538E-010
 precision:   1.0564853929509578E-003
 max=   1.5632625961545879E-006
 min=   0.0000000000000000     
       n_pass,     n_total
       60000       60001
 max=   1.5632625961545879E-006
 min=   0.0000000000000000     
       n_pass,     n_total
       70000       70001
 ITERATION            4 :
   4.3512137829079278E-007 +\-   3.5565305902870704E-010
 precision:   8.1736516929081598E-004
 max=   1.5632625961545879E-006
 min=   0.0000000000000000     
       n_pass,     n_total
       80000       80002
 max=   1.5632625961545879E-006
 min=   0.0000000000000000     
       n_pass,     n_total
       90000       90002
 ITERATION            5 :
   4.3500618072406784E-007 +\-   3.0102727759023136E-010
 precision:   6.9200689767021572E-004
 max=   1.5632625961545879E-006
 min=   0.0000000000000000     
       n_pass,     n_total
      100000      100002
 max=   1.5632625961545879E-006
 min=   0.0000000000000000     
       n_pass,     n_total
      110000      110002
 ITERATION            6 :
   4.3432719297748526E-007 +\-   6.7442270321924391E-010
 precision:   1.5527987059613022E-003
 max=   1.5632625961545879E-006
 min=   0.0000000000000000     
       n_pass,     n_total
      120000      120003
 max=   1.5632625961545879E-006
 min=   0.0000000000000000     
       n_pass,     n_total
      130000      130003
 ITERATION            7 :
   4.3524849027316941E-007 +\-   3.2529004985241706E-010
 precision:   7.4736629103126686E-004
 max=   1.5632625961545879E-006
 min=   0.0000000000000000     
       n_pass,     n_total
      140000      140004
 max=   1.5632625961545879E-006
 min=   0.0000000000000000     
       n_pass,     n_total
      150000      150004
 ITERATION            8 :
   4.3408521427726527E-007 +\-   6.5186893141378281E-010
 precision:   1.5017072915029341E-003
 max=   1.5632625961545879E-006
 min=   0.0000000000000000     
       n_pass,     n_total
      160000      160005
 max=   1.5632625961545879E-006
 min=   0.0000000000000000     
       n_pass,     n_total
      170000      170005
 ITERATION            9 :
   4.3595601577666827E-007 +\-   4.0063304816437391E-010
 precision:   9.1897584542017282E-004
 max=   1.5632625961545879E-006
 min=   0.0000000000000000     
       n_pass,     n_total
      180000      180005
 max=   1.5632625961545879E-006
 min=   0.0000000000000000     
       n_pass,     n_total
      190000      190005
 ITERATION           10 :
   4.3483956670638991E-007 +\-   3.2257452222801856E-010
 precision:   7.4182421961115064E-004
 ====================NCALL=40K ===========================
  
 max=   1.5632625961545879E-006
 min=   0.0000000000000000     
       n_pass,     n_total
      200000      200006
 max=   1.5632625961545879E-006
 min=   0.0000000000000000     
       n_pass,     n_total
      210000      210006
 max=   1.5632625961545879E-006
 min=   0.0000000000000000     
       n_pass,     n_total
      220000      220006
 max=   1.5632625961545879E-006
 min=   0.0000000000000000     
       n_pass,     n_total
      230000      230006
   4.3479781643292025E-007 +\-   1.7161445147578478E-010
 precision:   3.9469943267817935E-004
 ====================NCALL=80K ===========================
  
 max=   1.5632625961545879E-006
 min=   0.0000000000000000     
       n_pass,     n_total
      240000      240009
 max=   1.5632625961545879E-006
 min=   0.0000000000000000     
       n_pass,     n_total
      250000      250009
 max=   1.5632625961545879E-006
 min=   0.0000000000000000     
       n_pass,     n_total
      260000      260009
 max=   1.5632625961545879E-006
 min=   0.0000000000000000     
       n_pass,     n_total
      270000      270009
 max=   1.5632625961545879E-006
 min=   0.0000000000000000     
       n_pass,     n_total
      280000      280009
 max=   1.5632625961545879E-006
 min=   0.0000000000000000     
       n_pass,     n_total
      290000      290009
 max=   1.5632625961545879E-006
 min=   0.0000000000000000     
       n_pass,     n_total
      300000      300009
 max=   1.5632653277771104E-006
 min=   0.0000000000000000     
       n_pass,     n_total
      310000      310009
   4.3502319993468931E-007 +\-   9.2277564696215568E-011
 precision:   2.1212101954578362E-004
 sigma (pb)                   sd (pb)
   4.3502319993468931E-007   9.2277564696215568E-011
