 =======================================================
 |                                                     |
 |         \/\/\/\/\/\___________/\/\/\/\/\/           |
 |                   |     \     |                     |
 |                   |     /     |                     |
 |                   |     \     |                     |
 |         /\/\/\/\/\|_____/_____|/\/\/\/\/\           |
 |                                                     |
 | Light-by-light scattering at next-to-leading order  |
 |                   (VERSION 0.5)                     |
 |                                                     |
 |    Authors:                                         |
 |            Ajjath A.H. (LPTHE Paris)                |
 |            Ekta Chaubey (Bonn)                      |
 |            Mathijs Fraaije (Bern)                   |
 |            Valentin Hirschi (Bern)                  |
 |            Hua-Sheng Shao (LPTHE Paris)             |
 |                                                     |
 |    Please cite                                      |
 |            PLB 851 (2024) 138555 [arXiv:2312.16956] |
 |            JHEP 03 (2024) 121    [arXiv:2312.16966] |
 |                                                     |
 =======================================================
 ---------------------------------------------------
         the cuts in the lab frame                  
 min transverse momentum of photon    0.0000000000000000     
 max (pseudo-)rapidity of photon    5.0000000000000000     
 min (pseudo-)rapidity of photon   -5.0000000000000000     
 min invariant mass of di-photon    0.0000000000000000     
 ---------------------------------------------------
 max=   2082030.3868573275     
 min=   0.0000000000000000     
       n_pass,     n_total
       10000       10000
  
 ====================NCALL=20K===========================
  
 ITERATION            1 :
   266639.82291244814      +\-   249.83828359384606     
 precision:   9.3698788449871225E-004
 WARNING: outside the range of the grid (xs,xt)=   311.58122096652517       -311.56590727330740     
 WARNING: set the 2-loop amplitudes to zero
 max=   2082030.3868573275     
 min=   0.0000000000000000     
       n_pass,     n_total
       20000       20006
 max=   2082030.3868573275     
 min=   0.0000000000000000     
       n_pass,     n_total
       30000       30006
 ITERATION            2 :
   266102.43261670775      +\-   65.709665880522536     
 precision:   2.4693372861859673E-004
 max=   2121529.0494902511     
 min=   0.0000000000000000     
       n_pass,     n_total
       40000       40027
 max=   2121529.0494902511     
 min=   0.0000000000000000     
       n_pass,     n_total
       50000       50027
 WARNING: outside the range of the grid (xs,xt)=   311.58122096652517       -1.4894876156643500E-002
 WARNING: set the 2-loop amplitudes to zero
 ITERATION            3 :
   266009.22419618058      +\-   54.727777004885276     
 precision:   2.0573638816571185E-004
 WARNING: outside the range of the grid (xs,xt)=   311.58122096652517       -311.56567229612148     
 WARNING: set the 2-loop amplitudes to zero
 WARNING: outside the range of the grid (xs,xt)=   311.58122096652517       -311.56696839625403     
 WARNING: set the 2-loop amplitudes to zero
 max=   2131949.6517248200     
 min=   0.0000000000000000     
       n_pass,     n_total
       60000       60066
 max=   2131949.6517248200     
 min=   0.0000000000000000     
       n_pass,     n_total
       70000       70066
 WARNING: outside the range of the grid (xs,xt)=   311.58122096652517       -1.5467234497773708E-002
 WARNING: set the 2-loop amplitudes to zero
 INFO: will suppress the further warning
 ITERATION            4 :
   266016.03694210621      +\-   49.427769265695055     
 precision:   1.8580747925529074E-004
 max=   2131949.6517248200     
 min=   0.0000000000000000     
       n_pass,     n_total
       80000       80119
 max=   2131949.6517248200     
 min=   0.0000000000000000     
       n_pass,     n_total
       90000       90119
 ITERATION            5 :
   266035.43818439246      +\-   45.128746519066091     
 precision:   1.6963434205253061E-004
 max=   2131949.6517248200     
 min=   0.0000000000000000     
       n_pass,     n_total
      100000      100199
 max=   2131949.6517248200     
 min=   0.0000000000000000     
       n_pass,     n_total
      110000      110199
 ITERATION            6 :
   265986.09570268466      +\-   44.042422644779855     
 precision:   1.6558167271273392E-004
 max=   2131949.6517248200     
 min=   0.0000000000000000     
       n_pass,     n_total
      120000      120285
 max=   2131949.6517248200     
 min=   0.0000000000000000     
       n_pass,     n_total
      130000      130285
 ITERATION            7 :
   266086.48118305090      +\-   42.755293547491334     
 precision:   1.6068194579971299E-004
 max=   2131949.6517248200     
 min=   0.0000000000000000     
       n_pass,     n_total
      140000      140379
 max=   2131949.6517248200     
 min=   0.0000000000000000     
       n_pass,     n_total
      150000      150379
 ITERATION            8 :
   265961.17272157728      +\-   41.756394991304184     
 precision:   1.5700184566044557E-004
 max=   2131949.6517248200     
 min=   0.0000000000000000     
       n_pass,     n_total
      160000      160488
 max=   2131949.6517248200     
 min=   0.0000000000000000     
       n_pass,     n_total
      170000      170488
 ITERATION            9 :
   266034.02585606731      +\-   41.051031327762303     
 precision:   1.5430744693527358E-004
 max=   2131949.6517248200     
 min=   0.0000000000000000     
       n_pass,     n_total
      180000      180595
 max=   2131949.6517248200     
 min=   0.0000000000000000     
       n_pass,     n_total
      190000      190595
 ITERATION           10 :
   266067.71868960885      +\-   41.838246999480781     
 precision:   1.5724661077087947E-004
 ====================NCALL=40K ===========================
  
 max=   2131949.6517248200     
 min=   0.0000000000000000     
       n_pass,     n_total
      200000      200795
 max=   2131949.6517248200     
 min=   0.0000000000000000     
       n_pass,     n_total
      210000      210795
 max=   2131949.6517248200     
 min=   0.0000000000000000     
       n_pass,     n_total
      220000      220795
 max=   2131949.6517248200     
 min=   0.0000000000000000     
       n_pass,     n_total
      230000      230795
   266046.59654631850      +\-   20.720545671764409     
 precision:   7.7883145060857707E-005
 ====================NCALL=80K ===========================
  
 max=   2138871.9544284348     
 min=   0.0000000000000000     
       n_pass,     n_total
      240000      241227
 max=   2138871.9544284348     
 min=   0.0000000000000000     
       n_pass,     n_total
      250000      251227
 max=   2138871.9544284348     
 min=   0.0000000000000000     
       n_pass,     n_total
      260000      261227
 max=   2138871.9544284348     
 min=   0.0000000000000000     
       n_pass,     n_total
      270000      271227
 max=   2138871.9544284348     
 min=   0.0000000000000000     
       n_pass,     n_total
      280000      281227
 max=   2138871.9544284348     
 min=   0.0000000000000000     
       n_pass,     n_total
      290000      291227
 max=   2138871.9544284348     
 min=   0.0000000000000000     
       n_pass,     n_total
      300000      301227
 max=   2138871.9544284348     
 min=   0.0000000000000000     
       n_pass,     n_total
      310000      311227
   266019.68144627177      +\-   9.8094006543323591     
 precision:   3.6874717693824366E-005
 sigma (pb)                   sd (pb)
   266019.68144627177        9.8094006543323591     
