 =======================================================
 |                                                     |
 |         \/\/\/\/\/\___________/\/\/\/\/\/           |
 |                   |     \     |                     |
 |                   |     /     |                     |
 |                   |     \     |                     |
 |         /\/\/\/\/\|_____/_____|/\/\/\/\/\           |
 |                                                     |
 | Light-by-light scattering at next-to-leading order  |
 |                   (VERSION 0.5)                     |
 |                                                     |
 |    Authors:                                         |
 |            Ajjath A.H. (LPTHE Paris)                |
 |            Ekta Chaubey (Bonn)                      |
 |            Mathijs Fraaije (Bern)                   |
 |            Valentin Hirschi (Bern)                  |
 |            Hua-Sheng Shao (LPTHE Paris)             |
 |                                                     |
 |    Please cite                                      |
 |            PLB 851 (2024) 138555 [arXiv:2312.16956] |
 |            JHEP 03 (2024) 121    [arXiv:2312.16966] |
 |                                                     |
 =======================================================
 ---------------------------------------------------
         the cuts in the lab frame                  
 min transverse momentum of photon    0.0000000000000000     
 max (pseudo-)rapidity of photon    5.0000000000000000     
 min (pseudo-)rapidity of photon   -5.0000000000000000     
 min invariant mass of di-photon    0.0000000000000000     
 ---------------------------------------------------
 max=   95909.716261596011     
 min=   0.0000000000000000     
       n_pass,     n_total
       10000       10000
  
 ====================NCALL=20K===========================
  
 ITERATION            1 :
   1442.3340373615410      +\-   12.062830212914019     
 precision:   8.3634095157183782E-003
 WARNING: outside the range of the grid (xs,xt)=  0.15012733348184445      -0.15012011505195452     
 WARNING: set the 2-loop amplitudes to zero
 WARNING: outside the range of the grid (xs,xt)=  0.14574429065743941      -0.14573728297323180     
 WARNING: set the 2-loop amplitudes to zero
 WARNING: outside the range of the grid (xs,xt)=   7.0170928779675137E-002  -7.0167554817599329E-002
 WARNING: set the 2-loop amplitudes to zero
 WARNING: outside the range of the grid (xs,xt)=   64521.964912818192       -64518.862564503048     
 WARNING: set the 2-loop amplitudes to zero
 WARNING: outside the range of the grid (xs,xt)=   1.3101568016324039       -1.3100938066081262     
 WARNING: set the 2-loop amplitudes to zero
 INFO: will suppress the further warning
 max=   103504.38711445020     
 min=   0.0000000000000000     
       n_pass,     n_total
       20000       20009
 max=   103504.38711445020     
 min=   0.0000000000000000     
       n_pass,     n_total
       30000       30009
 ITERATION            2 :
   1427.9783567122593      +\-   3.0028696730216442     
 precision:   2.1028817831212614E-003
 max=   105736.11596249772     
 min=   0.0000000000000000     
       n_pass,     n_total
       40000       40044
 max=   105736.11596249772     
 min=   0.0000000000000000     
       n_pass,     n_total
       50000       50044
 ITERATION            3 :
   1427.6042111029117      +\-   1.0196487161891652     
 precision:   7.1423767754329062E-004
 max=   106533.50771746424     
 min=   0.0000000000000000     
       n_pass,     n_total
       60000       60177
 max=   106533.50771746424     
 min=   0.0000000000000000     
       n_pass,     n_total
       70000       70177
 ITERATION            4 :
   1428.1534551856078      +\-  0.63613112674085648     
 precision:   4.4542211093007698E-004
 max=   106559.03552154891     
 min=   0.0000000000000000     
       n_pass,     n_total
       80000       80493
 max=   106559.03552154891     
 min=   0.0000000000000000     
       n_pass,     n_total
       90000       90493
 ITERATION            5 :
   1427.6666650345337      +\-  0.42999290196937251     
 precision:   3.0118578271838504E-004
 max=   106574.58288004289     
 min=   0.0000000000000000     
       n_pass,     n_total
      100000      100926
 max=   106574.58288004289     
 min=   0.0000000000000000     
       n_pass,     n_total
      110000      110926
 ITERATION            6 :
   1427.9501685954738      +\-  0.34809127033165177     
 precision:   2.4376990036986584E-004
 max=   106574.58288004289     
 min=   0.0000000000000000     
       n_pass,     n_total
      120000      121268
 max=   106574.58288004289     
 min=   0.0000000000000000     
       n_pass,     n_total
      130000      131268
 ITERATION            7 :
   1428.6473663137403      +\-  0.42114691295928980     
 precision:   2.9478716924103663E-004
 max=   106574.58288004289     
 min=   0.0000000000000000     
       n_pass,     n_total
      140000      141843
 max=   106574.58288004289     
 min=   0.0000000000000000     
       n_pass,     n_total
      150000      151843
 ITERATION            8 :
   1427.0844759347776      +\-  0.38841647507557375     
 precision:   2.7217483030999326E-004
 max=   106574.58288004289     
 min=   0.0000000000000000     
       n_pass,     n_total
      160000      162488
 max=   106574.58288004289     
 min=   0.0000000000000000     
       n_pass,     n_total
      170000      172488
 ITERATION            9 :
   1427.8426946220059      +\-  0.36056518395980003     
 precision:   2.5252444496713471E-004
 max=   106574.96142458609     
 min=   0.0000000000000000     
       n_pass,     n_total
      180000      183172
 max=   106574.96142458609     
 min=   0.0000000000000000     
       n_pass,     n_total
      190000      193172
 ITERATION           10 :
   1428.1611402151716      +\-  0.35886973957442780     
 precision:   2.5128098606601161E-004
 ====================NCALL=40K ===========================
  
 max=   106574.96142458609     
 min=   0.0000000000000000     
       n_pass,     n_total
      200000      204270
 max=   106574.96142458609     
 min=   0.0000000000000000     
       n_pass,     n_total
      210000      214270
 max=   106574.96142458609     
 min=   0.0000000000000000     
       n_pass,     n_total
      220000      224270
 max=   106574.96142458609     
 min=   0.0000000000000000     
       n_pass,     n_total
      230000      234270
   1427.9721200949323      +\-  0.17677684026659468     
 precision:   1.2379572246469522E-004
 ====================NCALL=80K ===========================
  
 max=   106576.89631584547     
 min=   0.0000000000000000     
       n_pass,     n_total
      240000      246838
 max=   106576.89631584547     
 min=   0.0000000000000000     
       n_pass,     n_total
      250000      256838
 max=   106576.89631584547     
 min=   0.0000000000000000     
       n_pass,     n_total
      260000      266838
 max=   106576.89631584547     
 min=   0.0000000000000000     
       n_pass,     n_total
      270000      276838
 max=   106576.89631584547     
 min=   0.0000000000000000     
       n_pass,     n_total
      280000      286838
 max=   106576.89631584547     
 min=   0.0000000000000000     
       n_pass,     n_total
      290000      296838
 max=   106576.89631584547     
 min=   0.0000000000000000     
       n_pass,     n_total
      300000      306838
   1427.7328014799405      +\-   8.7343717941358021E-002
 precision:   6.1176515557267029E-005
 sigma (pb)                   sd (pb)
   1427.7328014799405        8.7343717941358021E-002
