 =======================================================
 |                                                     |
 |         \/\/\/\/\/\___________/\/\/\/\/\/           |
 |                   |     \     |                     |
 |                   |     /     |                     |
 |                   |     \     |                     |
 |         /\/\/\/\/\|_____/_____|/\/\/\/\/\           |
 |                                                     |
 | Light-by-light scattering at next-to-leading order  |
 |                   (VERSION 0.5)                     |
 |                                                     |
 |    Authors:                                         |
 |            Ajjath A.H. (LPTHE Paris)                |
 |            Ekta Chaubey (Bonn)                      |
 |            Mathijs Fraaije (Bern)                   |
 |            Valentin Hirschi (Bern)                  |
 |            Hua-Sheng Shao (LPTHE Paris)             |
 |                                                     |
 |    Please cite                                      |
 |            PLB 851 (2024) 138555 [arXiv:2312.16956] |
 |            JHEP 03 (2024) 121    [arXiv:2312.16966] |
 |                                                     |
 =======================================================
 ---------------------------------------------------
         the cuts in the lab frame                  
 min transverse momentum of photon    0.0000000000000000     
 max (pseudo-)rapidity of photon    5.0000000000000000     
 min (pseudo-)rapidity of photon   -5.0000000000000000     
 min invariant mass of di-photon    0.0000000000000000     
 ---------------------------------------------------
 max=   3125661.7377124964     
 min=   0.0000000000000000     
       n_pass,     n_total
       10000       10000
  
 ====================NCALL=20K===========================
  
 ITERATION            1 :
   1840484.2920422505      +\-   60.078870129788307     
 precision:   3.2642968152215627E-005
 max=   3501165.2926807725     
 min=   0.0000000000000000     
       n_pass,     n_total
       20000       20002
 max=   3501165.2926807725     
 min=   0.0000000000000000     
       n_pass,     n_total
       30000       30002
 WARNING: outside the range of the grid (xs,xt)=   9.7427054890261626       -4.6632682843788181E-004
 WARNING: set the 2-loop amplitudes to zero
 ITERATION            2 :
   1840390.5343086848      +\-   82.993391816220978     
 precision:   4.5095532860581791E-005
 WARNING: outside the range of the grid (xs,xt)=   9.7427054890261626       -9.7422312020952386     
 WARNING: set the 2-loop amplitudes to zero
 WARNING: outside the range of the grid (xs,xt)=   9.7427054890261626       -9.7422624343872410     
 WARNING: set the 2-loop amplitudes to zero
 WARNING: outside the range of the grid (xs,xt)=   9.7427054890261626       -9.7422413710872426     
 WARNING: set the 2-loop amplitudes to zero
 WARNING: outside the range of the grid (xs,xt)=   9.7427054890261626       -9.7422432130837393     
 WARNING: set the 2-loop amplitudes to zero
 INFO: will suppress the further warning
 max=   4452876.7212735340     
 min=   0.0000000000000000     
       n_pass,     n_total
       40000       40014
 max=   4452876.7212735340     
 min=   0.0000000000000000     
       n_pass,     n_total
       50000       50014
 ITERATION            3 :
   1840326.6119919980      +\-   92.774843666934274     
 precision:   5.0412162201204790E-005
 max=   6889551.7606200548     
 min=   0.0000000000000000     
       n_pass,     n_total
       60000       60042
 max=   6889551.7606200548     
 min=   0.0000000000000000     
       n_pass,     n_total
       70000       70042
 ITERATION            4 :
   1840239.4159581622      +\-   91.152046094464467     
 precision:   4.9532710420184160E-005
 max=   6889551.7606200548     
 min=   0.0000000000000000     
       n_pass,     n_total
       80000       80072
 max=   6889551.7606200548     
 min=   0.0000000000000000     
       n_pass,     n_total
       90000       90072
 ITERATION            5 :
   1840240.4047178552      +\-   68.499624067754070     
 precision:   3.7223193172011894E-005
 max=   9015925.3954717945     
 min=   0.0000000000000000     
       n_pass,     n_total
      100000      100126
 max=   9015925.3954717945     
 min=   0.0000000000000000     
       n_pass,     n_total
      110000      110126
 ITERATION            6 :
   1840231.5796837104      +\-   59.203477894393721     
 precision:   3.2171754113995432E-005
 max=   9015925.3954717945     
 min=   0.0000000000000000     
       n_pass,     n_total
      120000      120191
 max=   9015925.3954717945     
 min=   0.0000000000000000     
       n_pass,     n_total
      130000      130191
 ITERATION            7 :
   1840271.9999978261      +\-   54.079283767544204     
 precision:   2.9386570989292936E-005
 max=   9015925.3954717945     
 min=   0.0000000000000000     
       n_pass,     n_total
      140000      140285
 max=   9015925.3954717945     
 min=   0.0000000000000000     
       n_pass,     n_total
      150000      150285
 ITERATION            8 :
   1840128.2369902113      +\-   51.999392213397243     
 precision:   2.8258569793184396E-005
 max=   9015925.3954717945     
 min=   0.0000000000000000     
       n_pass,     n_total
      160000      160409
 max=   9015925.3954717945     
 min=   0.0000000000000000     
       n_pass,     n_total
      170000      170409
 ITERATION            9 :
   1840220.3296918198      +\-   50.785474841263948     
 precision:   2.7597496898520272E-005
 max=   9015925.3954717945     
 min=   0.0000000000000000     
       n_pass,     n_total
      180000      180554
 max=   9015925.3954717945     
 min=   0.0000000000000000     
       n_pass,     n_total
      190000      190554
 ITERATION           10 :
   1840259.1509942254      +\-   49.905723281440935     
 precision:   2.7118856197225633E-005
 ====================NCALL=40K ===========================
  
 max=   9015925.3954717945     
 min=   0.0000000000000000     
       n_pass,     n_total
      200000      200807
 max=   9015925.3954717945     
 min=   0.0000000000000000     
       n_pass,     n_total
      210000      210807
 max=   9015925.3954717945     
 min=   0.0000000000000000     
       n_pass,     n_total
      220000      220807
 max=   9015925.3954717945     
 min=   0.0000000000000000     
       n_pass,     n_total
      230000      230807
   1840262.1576925921      +\-   25.032707876888381     
 precision:   1.3602794456348314E-005
 ====================NCALL=80K ===========================
  
 max=   9015925.3954717945     
 min=   0.0000000000000000     
       n_pass,     n_total
      240000      241453
 max=   9015925.3954717945     
 min=   0.0000000000000000     
       n_pass,     n_total
      250000      251453
 max=   9015925.3954717945     
 min=   0.0000000000000000     
       n_pass,     n_total
      260000      261453
 max=   9015925.3954717945     
 min=   0.0000000000000000     
       n_pass,     n_total
      270000      271453
 max=   9015925.3954717945     
 min=   0.0000000000000000     
       n_pass,     n_total
      280000      281453
 max=   9015925.3954717945     
 min=   0.0000000000000000     
       n_pass,     n_total
      290000      291453
 max=   9015925.3954717945     
 min=   0.0000000000000000     
       n_pass,     n_total
      300000      301453
 max=   9015925.3954717945     
 min=   0.0000000000000000     
       n_pass,     n_total
      310000      311453
   1840232.1007624951      +\-   11.925091388880228     
 precision:   6.4802105038484542E-006
 sigma (pb)                   sd (pb)
   1840232.1007624951        11.925091388880228     
