 =======================================================
 |                                                     |
 |         \/\/\/\/\/\___________/\/\/\/\/\/           |
 |                   |     \     |                     |
 |                   |     /     |                     |
 |                   |     \     |                     |
 |         /\/\/\/\/\|_____/_____|/\/\/\/\/\           |
 |                                                     |
 | Light-by-light scattering at next-to-leading order  |
 |                   (VERSION 0.5)                     |
 |                                                     |
 |    Authors:                                         |
 |            Ajjath A.H. (LPTHE Paris)                |
 |            Ekta Chaubey (Bonn)                      |
 |            Mathijs Fraaije (Bern)                   |
 |            Valentin Hirschi (Bern)                  |
 |            Hua-Sheng Shao (LPTHE Paris)             |
 |                                                     |
 |    Please cite                                      |
 |            PLB 851 (2024) 138555 [arXiv:2312.16956] |
 |            JHEP 03 (2024) 121    [arXiv:2312.16966] |
 |                                                     |
 =======================================================
 ---------------------------------------------------
         the cuts in the lab frame                  
 min transverse momentum of photon    0.0000000000000000     
 max (pseudo-)rapidity of photon    5.0000000000000000     
 min (pseudo-)rapidity of photon   -5.0000000000000000     
 min invariant mass of di-photon    0.0000000000000000     
 ---------------------------------------------------
 max=   7303.7028099917516     
 min=   0.0000000000000000     
       n_pass,     n_total
       10000       10000
  
 ====================NCALL=20K===========================
  
 ITERATION            1 :
   202.65036021653444      +\-  0.84697627403084319     
 precision:   4.1794955268070503E-003
 WARNING: outside the range of the grid (xs,xt)=   2.2814524392960567       -2.2813384547847253     
 WARNING: set the 2-loop amplitudes to zero
 WARNING: outside the range of the grid (xs,xt)=   2.2148442906574388       -2.2147336339811052     
 WARNING: set the 2-loop amplitudes to zero
 WARNING: outside the range of the grid (xs,xt)=   1.0663723448563098       -1.0663190674228065     
 WARNING: set the 2-loop amplitudes to zero
 WARNING: outside the range of the grid (xs,xt)=  0.11379377777777777      -0.11378809248365147     
 WARNING: set the 2-loop amplitudes to zero
 WARNING: outside the range of the grid (xs,xt)=   1.1347855955678670E-002  -1.1347289001139760E-002
 WARNING: set the 2-loop amplitudes to zero
 INFO: will suppress the further warning
 max=   8365.5805673097602     
 min=   0.0000000000000000     
       n_pass,     n_total
       20000       20007
 max=   8365.5805673097602     
 min=   0.0000000000000000     
       n_pass,     n_total
       30000       30007
 ITERATION            2 :
   201.72566351840555      +\-  0.22918963195297207     
 precision:   1.1361451386777107E-003
 max=   8425.5509354814822     
 min=   0.0000000000000000     
       n_pass,     n_total
       40000       40040
 max=   8425.5509354814822     
 min=   0.0000000000000000     
       n_pass,     n_total
       50000       50040
 ITERATION            3 :
   201.53910346097260      +\-   8.5744229366679525E-002
 precision:   4.2544711122664901E-004
 max=   8425.5509354814822     
 min=   0.0000000000000000     
       n_pass,     n_total
       60000       60150
 max=   8425.5509354814822     
 min=   0.0000000000000000     
       n_pass,     n_total
       70000       70150
 ITERATION            4 :
   201.58134202538568      +\-   5.9234844955405520E-002
 precision:   2.9385083143233521E-004
 max=   8425.5509354814822     
 min=   0.0000000000000000     
       n_pass,     n_total
       80000       80397
 max=   8425.5509354814822     
 min=   0.0000000000000000     
       n_pass,     n_total
       90000       90397
 ITERATION            5 :
   201.56449063914900      +\-   4.3292048864762275E-002
 precision:   2.1478013675665673E-004
 max=   8489.8000253878472     
 min=   0.0000000000000000     
       n_pass,     n_total
      100000      100756
 max=   8489.8000253878472     
 min=   0.0000000000000000     
       n_pass,     n_total
      110000      110756
 ITERATION            6 :
   201.57807083672324      +\-   3.8611636078622329E-002
 precision:   1.9154680823340884E-004
 max=   8489.8000253878472     
 min=   0.0000000000000000     
       n_pass,     n_total
      120000      121071
 max=   8489.8000253878472     
 min=   0.0000000000000000     
       n_pass,     n_total
      130000      131071
 ITERATION            7 :
   201.65306226093787      +\-   3.8083930012255046E-002
 precision:   1.8885867432538497E-004
 max=   8489.8000253878472     
 min=   0.0000000000000000     
       n_pass,     n_total
      140000      141533
 max=   8489.8000253878472     
 min=   0.0000000000000000     
       n_pass,     n_total
      150000      151533
 ITERATION            8 :
   201.52944908656616      +\-   3.4941813916609443E-002
 precision:   1.7338316595903722E-004
 max=   8489.8000253878472     
 min=   0.0000000000000000     
       n_pass,     n_total
      160000      161905
 max=   8489.8000253878472     
 min=   0.0000000000000000     
       n_pass,     n_total
      170000      171905
 ITERATION            9 :
   201.62352960837262      +\-   4.0870348976914432E-002
 precision:   2.0270624691621930E-004
 max=   8489.8000253878472     
 min=   0.0000000000000000     
       n_pass,     n_total
      180000      182432
 max=   8489.8000253878472     
 min=   0.0000000000000000     
       n_pass,     n_total
      190000      192432
 ITERATION           10 :
   201.65085228989585      +\-   3.7938110044108610E-002
 precision:   1.8813761317293268E-004
 ====================NCALL=40K ===========================
  
 max=   8498.5053334585318     
 min=   0.0000000000000000     
       n_pass,     n_total
      200000      203230
 max=   8498.5053334585318     
 min=   0.0000000000000000     
       n_pass,     n_total
      210000      213230
 max=   8498.5053334585318     
 min=   0.0000000000000000     
       n_pass,     n_total
      220000      223230
 max=   8498.5053334585318     
 min=   0.0000000000000000     
       n_pass,     n_total
      230000      233230
   201.62199510537815      +\-   1.7196942248723174E-002
 precision:   8.5292987204769777E-005
 ====================NCALL=80K ===========================
  
 max=   8498.5053334585318     
 min=   0.0000000000000000     
       n_pass,     n_total
      240000      245111
 max=   8498.5053334585318     
 min=   0.0000000000000000     
       n_pass,     n_total
      250000      255111
 max=   8498.5053334585318     
 min=   0.0000000000000000     
       n_pass,     n_total
      260000      265111
 max=   8498.5053334585318     
 min=   0.0000000000000000     
       n_pass,     n_total
      270000      275111
 max=   8498.5053334585318     
 min=   0.0000000000000000     
       n_pass,     n_total
      280000      285111
 max=   8498.5053334585318     
 min=   0.0000000000000000     
       n_pass,     n_total
      290000      295111
 max=   8498.5053334585318     
 min=   0.0000000000000000     
       n_pass,     n_total
      300000      305111
   201.60776786695294      +\-   8.3306709322568690E-003
 precision:   4.1321180331476761E-005
 sigma (pb)                   sd (pb)
   201.60776786695294        8.3306709322568690E-003
