 =======================================================
 |                                                     |
 |         \/\/\/\/\/\___________/\/\/\/\/\/           |
 |                   |     \     |                     |
 |                   |     /     |                     |
 |                   |     \     |                     |
 |         /\/\/\/\/\|_____/_____|/\/\/\/\/\           |
 |                                                     |
 | Light-by-light scattering at next-to-leading order  |
 |                   (VERSION 0.5)                     |
 |                                                     |
 |    Authors:                                         |
 |            Ajjath A.H. (LPTHE Paris)                |
 |            Ekta Chaubey (Bonn)                      |
 |            Mathijs Fraaije (Bern)                   |
 |            Valentin Hirschi (Bern)                  |
 |            Hua-Sheng Shao (LPTHE Paris)             |
 |                                                     |
 |    Please cite                                      |
 |            PLB 851 (2024) 138555 [arXiv:2312.16956] |
 |            JHEP 03 (2024) 121    [arXiv:2312.16966] |
 |                                                     |
 =======================================================
 ---------------------------------------------------
         the cuts in the lab frame                  
 min transverse momentum of photon    0.0000000000000000     
 max (pseudo-)rapidity of photon    5.0000000000000000     
 min (pseudo-)rapidity of photon   -5.0000000000000000     
 min invariant mass of di-photon    0.0000000000000000     
 ---------------------------------------------------
 WARNING: outside the range of the grid (xs,xt)=   2.9824847683816762E-002  -2.9824847385570230E-002
 WARNING: set the 2-loop amplitudes to zero
 WARNING: outside the range of the grid (xs,xt)=   2.9744325741438211E-002  -2.9744325443996890E-002
 WARNING: set the 2-loop amplitudes to zero
 WARNING: outside the range of the grid (xs,xt)=   2.9881622168919358E-002  -2.9881621870105086E-002
 WARNING: set the 2-loop amplitudes to zero
 WARNING: outside the range of the grid (xs,xt)=   2.9845563449166168E-002  -2.9845563150712479E-002
 WARNING: set the 2-loop amplitudes to zero
 WARNING: outside the range of the grid (xs,xt)=   2.9904558396585668E-002  -2.9904558097542042E-002
 WARNING: set the 2-loop amplitudes to zero
 INFO: will suppress the further warning
 max=   8.8500324472712874E-002
 min=   0.0000000000000000     
       n_pass,     n_total
       10000       10000
  
 ====================NCALL=20K===========================
  
 ITERATION            1 :
   6.3478180529489558E-002 +\-   4.9045245234652307E-006
 precision:   7.7263155348108545E-005
 max=   9.0439569917765805E-002
 min=   0.0000000000000000     
       n_pass,     n_total
       20000       20002
 max=   9.0439569917765805E-002
 min=   0.0000000000000000     
       n_pass,     n_total
       30000       30002
 ITERATION            2 :
   6.3469046269361937E-002 +\-   4.2950909108292495E-006
 precision:   6.7672214461848547E-005
 max=   9.0638320929737323E-002
 min=   0.0000000000000000     
       n_pass,     n_total
       40000       40012
 max=   9.0638320929737323E-002
 min=   0.0000000000000000     
       n_pass,     n_total
       50000       50012
 ITERATION            3 :
   6.3468314610878263E-002 +\-   3.4067076513822849E-006
 precision:   5.3675722638432665E-005
 max=   9.0644200686885765E-002
 min=   0.0000000000000000     
       n_pass,     n_total
       60000       60035
 max=   9.0644200686885765E-002
 min=   0.0000000000000000     
       n_pass,     n_total
       70000       70035
 ITERATION            4 :
   6.3468979739355502E-002 +\-   3.0402582398055281E-006
 precision:   4.7901482776165393E-005
 max=   9.0644200686885765E-002
 min=   0.0000000000000000     
       n_pass,     n_total
       80000       80062
 max=   9.0644200686885765E-002
 min=   0.0000000000000000     
       n_pass,     n_total
       90000       90062
 ITERATION            5 :
   6.3469708599162053E-002 +\-   2.7411999879242923E-006
 precision:   4.3189106243359728E-005
 max=   9.0644200686885765E-002
 min=   0.0000000000000000     
       n_pass,     n_total
      100000      100095
 max=   9.0644200686885765E-002
 min=   0.0000000000000000     
       n_pass,     n_total
      110000      110095
 ITERATION            6 :
   6.3467516399330709E-002 +\-   2.5640604358089299E-006
 precision:   4.0399571013243068E-005
 max=   9.0646587767606743E-002
 min=   0.0000000000000000     
       n_pass,     n_total
      120000      120127
 max=   9.0646587767606743E-002
 min=   0.0000000000000000     
       n_pass,     n_total
      130000      130127
 ITERATION            7 :
   6.3470762556903301E-002 +\-   2.5905490931711063E-006
 precision:   4.0814841177441456E-005
 max=   9.0646587767606743E-002
 min=   0.0000000000000000     
       n_pass,     n_total
      140000      140165
 max=   9.0646587767606743E-002
 min=   0.0000000000000000     
       n_pass,     n_total
      150000      150165
 ITERATION            8 :
   6.3467379538025920E-002 +\-   2.4609602668949508E-006
 precision:   3.8775198925937823E-005
 max=   9.0646587767606743E-002
 min=   0.0000000000000000     
       n_pass,     n_total
      160000      160216
 max=   9.0646587767606743E-002
 min=   0.0000000000000000     
       n_pass,     n_total
      170000      170216
 ITERATION            9 :
   6.3468369823452969E-002 +\-   2.3238217544394157E-006
 precision:   3.6613856018414894E-005
 max=   9.0646587767606743E-002
 min=   0.0000000000000000     
       n_pass,     n_total
      180000      180268
 max=   9.0646587767606743E-002
 min=   0.0000000000000000     
       n_pass,     n_total
      190000      190268
 ITERATION           10 :
   6.3473688768531197E-002 +\-   2.3409081281071863E-006
 precision:   3.6879976152697699E-005
 ====================NCALL=40K ===========================
  
 max=   9.0646755470958240E-002
 min=   0.0000000000000000     
       n_pass,     n_total
      200000      200368
 max=   9.0646755470958240E-002
 min=   0.0000000000000000     
       n_pass,     n_total
      210000      210368
 max=   9.0646755470958240E-002
 min=   0.0000000000000000     
       n_pass,     n_total
      220000      220368
 max=   9.0646755470958240E-002
 min=   0.0000000000000000     
       n_pass,     n_total
      230000      230368
   6.3471007473438701E-002 +\-   1.2712939503151933E-006
 precision:   2.0029522153830682E-005
 ====================NCALL=80K ===========================
  
 max=   9.0647360300342553E-002
 min=   0.0000000000000000     
       n_pass,     n_total
      240000      240603
 max=   9.0647360300342553E-002
 min=   0.0000000000000000     
       n_pass,     n_total
      250000      250603
 max=   9.0647360300342553E-002
 min=   0.0000000000000000     
       n_pass,     n_total
      260000      260603
 max=   9.0647360300342553E-002
 min=   0.0000000000000000     
       n_pass,     n_total
      270000      270603
 max=   9.0647360300342553E-002
 min=   0.0000000000000000     
       n_pass,     n_total
      280000      280603
 max=   9.0647360300342553E-002
 min=   0.0000000000000000     
       n_pass,     n_total
      290000      290603
 max=   9.0647360300342553E-002
 min=   0.0000000000000000     
       n_pass,     n_total
      300000      300603
 max=   9.0647360300342553E-002
 min=   0.0000000000000000     
       n_pass,     n_total
      310000      310603
   6.3468931597146894E-002 +\-   6.7998753154544235E-007
 precision:   1.0713706918236665E-005
 sigma (pb)                   sd (pb)
   6.3468931597146894E-002   6.7998753154544235E-007
