 =======================================================
 |                                                     |
 |         \/\/\/\/\/\___________/\/\/\/\/\/           |
 |                   |     \     |                     |
 |                   |     /     |                     |
 |                   |     \     |                     |
 |         /\/\/\/\/\|_____/_____|/\/\/\/\/\           |
 |                                                     |
 | Light-by-light scattering at next-to-leading order  |
 |                   (VERSION 0.5)                     |
 |                                                     |
 |    Authors:                                         |
 |            Ajjath A.H. (LPTHE Paris)                |
 |            Ekta Chaubey (Bonn)                      |
 |            Mathijs Fraaije (Bern)                   |
 |            Valentin Hirschi (Bern)                  |
 |            Hua-Sheng Shao (LPTHE Paris)             |
 |                                                     |
 |    Please cite                                      |
 |            PLB 851 (2024) 138555 [arXiv:2312.16956] |
 |            JHEP 03 (2024) 121    [arXiv:2312.16966] |
 |                                                     |
 =======================================================
 ---------------------------------------------------
         the cuts in the lab frame                  
 min transverse momentum of photon    0.0000000000000000     
 max (pseudo-)rapidity of photon    5.0000000000000000     
 min (pseudo-)rapidity of photon   -5.0000000000000000     
 min invariant mass of di-photon    0.0000000000000000     
 ---------------------------------------------------
 max=   245401.58791353955     
 min=   0.0000000000000000     
       n_pass,     n_total
       10000       10000
  
 ====================NCALL=20K===========================
  
 ITERATION            1 :
   4627.0624642317343      +\-   35.231249881494414     
 precision:   7.6141720916542933E-003
 WARNING: outside the range of the grid (xs,xt)=   4.7615148139897513E-002  -4.7612931437228868E-002
 WARNING: set the 2-loop amplitudes to zero
 WARNING: outside the range of the grid (xs,xt)=   4.6224999999999988E-002  -4.6222848015077936E-002
 WARNING: set the 2-loop amplitudes to zero
 WARNING: outside the range of the grid (xs,xt)=   2.2255768429820907E-002  -2.2254732322128327E-002
 WARNING: set the 2-loop amplitudes to zero
 WARNING: outside the range of the grid (xs,xt)=   20464.114337797419       -20463.161639787726     
 WARNING: set the 2-loop amplitudes to zero
 WARNING: outside the range of the grid (xs,xt)=  0.41553599034492622      -0.41551664524626114     
 WARNING: set the 2-loop amplitudes to zero
 INFO: will suppress the further warning
 max=   259124.55529326916     
 min=   0.0000000000000000     
       n_pass,     n_total
       20000       20007
 max=   259124.55529326916     
 min=   0.0000000000000000     
       n_pass,     n_total
       30000       30007
 ITERATION            2 :
   4583.0978661061154      +\-   7.6366832925660892     
 precision:   1.6662710497723577E-003
 max=   259124.55529326916     
 min=   0.0000000000000000     
       n_pass,     n_total
       40000       40042
 max=   259124.55529326916     
 min=   0.0000000000000000     
       n_pass,     n_total
       50000       50042
 ITERATION            3 :
   4577.0740796945302      +\-   2.8343118545855130     
 precision:   6.1924098348320206E-004
 max=   259278.25771521727     
 min=   0.0000000000000000     
       n_pass,     n_total
       60000       60167
 max=   259278.25771521727     
 min=   0.0000000000000000     
       n_pass,     n_total
       70000       70167
 ITERATION            4 :
   4579.2369787288444      +\-   1.7857351777409873     
 precision:   3.8996347776626568E-004
 max=   259278.25771521727     
 min=   0.0000000000000000     
       n_pass,     n_total
       80000       80444
 max=   259278.25771521727     
 min=   0.0000000000000000     
       n_pass,     n_total
       90000       90444
 ITERATION            5 :
   4577.8468490360083      +\-   1.2547026546478548     
 precision:   2.7408139591040864E-004
 max=   259278.25771521727     
 min=   0.0000000000000000     
       n_pass,     n_total
      100000      100754
 max=   259278.25771521727     
 min=   0.0000000000000000     
       n_pass,     n_total
      110000      110754
 ITERATION            6 :
   4577.5557202906239      +\-   1.4865065490052167     
 precision:   3.2473805669171407E-004
 max=   259378.52418575826     
 min=   0.0000000000000000     
       n_pass,     n_total
      120000      121083
 max=   259378.52418575826     
 min=   0.0000000000000000     
       n_pass,     n_total
      130000      131083
 ITERATION            7 :
   4579.0490969587381      +\-   1.2531066115001765     
 precision:   2.7366088132412707E-004
 max=   259378.52418575826     
 min=   0.0000000000000000     
       n_pass,     n_total
      140000      141543
 max=   259378.52418575826     
 min=   0.0000000000000000     
       n_pass,     n_total
      150000      151543
 ITERATION            8 :
   4575.9822876310154      +\-   1.0810823195435719     
 precision:   2.3625142135400351E-004
 max=   259390.95020909325     
 min=   0.0000000000000000     
       n_pass,     n_total
      160000      161911
 max=   259390.95020909325     
 min=   0.0000000000000000     
       n_pass,     n_total
      170000      171911
 ITERATION            9 :
   4578.7267899990347      +\-   1.2984155808532953     
 precision:   2.8357568389739390E-004
 max=   259397.20065975271     
 min=   0.0000000000000000     
       n_pass,     n_total
      180000      182424
 max=   259397.20065975271     
 min=   0.0000000000000000     
       n_pass,     n_total
      190000      192424
 ITERATION           10 :
   4580.1520055118208      +\-   1.1861658993984654     
 precision:   2.5897959237401209E-004
 ====================NCALL=40K ===========================
  
 max=   259423.00517037977     
 min=   0.0000000000000000     
       n_pass,     n_total
      200000      203168
 max=   259423.00517037977     
 min=   0.0000000000000000     
       n_pass,     n_total
      210000      213168
 max=   259423.00517037977     
 min=   0.0000000000000000     
       n_pass,     n_total
      220000      223168
 max=   259423.00517037977     
 min=   0.0000000000000000     
       n_pass,     n_total
      230000      233168
   4578.7663011022360      +\-  0.53444184057039956     
 precision:   1.1672179915400893E-004
 ====================NCALL=80K ===========================
  
 max=   259423.00517037977     
 min=   0.0000000000000000     
       n_pass,     n_total
      240000      245276
 max=   259423.00517037977     
 min=   0.0000000000000000     
       n_pass,     n_total
      250000      255276
 max=   259423.00517037977     
 min=   0.0000000000000000     
       n_pass,     n_total
      260000      265276
 max=   259423.00517037977     
 min=   0.0000000000000000     
       n_pass,     n_total
      270000      275276
 max=   259423.00517037977     
 min=   0.0000000000000000     
       n_pass,     n_total
      280000      285276
 max=   259423.00517037977     
 min=   0.0000000000000000     
       n_pass,     n_total
      290000      295276
 max=   259423.00517037977     
 min=   0.0000000000000000     
       n_pass,     n_total
      300000      305276
   4578.5499699798565      +\-  0.32219532838025106     
 precision:   7.0370604338226440E-005
 sigma (pb)                   sd (pb)
   4578.5499699798565       0.32219532838025106     
