 =======================================================
 |                                                     |
 |         \/\/\/\/\/\___________/\/\/\/\/\/           |
 |                   |     \     |                     |
 |                   |     /     |                     |
 |                   |     \     |                     |
 |         /\/\/\/\/\|_____/_____|/\/\/\/\/\           |
 |                                                     |
 | Light-by-light scattering at next-to-leading order  |
 |                   (VERSION 0.5)                     |
 |                                                     |
 |    Authors:                                         |
 |            Ajjath A.H. (LPTHE Paris)                |
 |            Ekta Chaubey (Bonn)                      |
 |            Mathijs Fraaije (Bern)                   |
 |            Valentin Hirschi (Bern)                  |
 |            Hua-Sheng Shao (LPTHE Paris)             |
 |                                                     |
 |    Please cite                                      |
 |            PLB 851 (2024) 138555 [arXiv:2312.16956] |
 |            JHEP 03 (2024) 121    [arXiv:2312.16966] |
 |                                                     |
 =======================================================
 ---------------------------------------------------
         the cuts in the lab frame                  
 min transverse momentum of photon    0.0000000000000000     
 max (pseudo-)rapidity of photon    5.0000000000000000     
 min (pseudo-)rapidity of photon   -5.0000000000000000     
 min invariant mass of di-photon    0.0000000000000000     
 ---------------------------------------------------
 max=   1.0193144855542102     
 min=   0.0000000000000000     
       n_pass,     n_total
       10000       10000
  
 ====================NCALL=20K===========================
  
 ITERATION            1 :
   1.4887816981988784E-002 +\-   1.2885572537006605E-004
 precision:   8.6551121313457272E-003
 WARNING: outside the range of the grid (xs,xt)=   257518.37825796386       -257505.82821301610     
 WARNING: set the 2-loop amplitudes to zero
 WARNING: outside the range of the grid (xs,xt)=   249999.99999999994       -249987.81635991117     
 WARNING: set the 2-loop amplitudes to zero
 WARNING: outside the range of the grid (xs,xt)=   120366.51395251979       -120360.64794338083     
 WARNING: set the 2-loop amplitudes to zero
 WARNING: outside the range of the grid (xs,xt)=   12844.444444444445       -12843.818476091437     
 WARNING: set the 2-loop amplitudes to zero
 WARNING: outside the range of the grid (xs,xt)=   1280.8864265927978       -1280.8240031559328     
 WARNING: set the 2-loop amplitudes to zero
 INFO: will suppress the further warning
 max=   1.0843503766012772     
 min=   0.0000000000000000     
       n_pass,     n_total
       20000       20008
 max=   1.0843503766012772     
 min=   0.0000000000000000     
       n_pass,     n_total
       30000       30008
 ITERATION            2 :
   1.4737404673838939E-002 +\-   3.1495409549792336E-005
 precision:   2.1371069226117758E-003
 max=   1.1274852181711290     
 min=   0.0000000000000000     
       n_pass,     n_total
       40000       40042
 max=   1.1274852181711290     
 min=   0.0000000000000000     
       n_pass,     n_total
       50000       50042
 ITERATION            3 :
   1.4727056517402174E-002 +\-   1.0888460000125393E-005
 precision:   7.3935073089853923E-004
 max=   1.1515094470508489     
 min=   0.0000000000000000     
       n_pass,     n_total
       60000       60169
 max=   1.1515094470508489     
 min=   0.0000000000000000     
       n_pass,     n_total
       70000       70169
 ITERATION            4 :
   1.4730496855285441E-002 +\-   6.8641980195279582E-006
 precision:   4.6598550523874687E-004
 max=   1.1651755040021095     
 min=   0.0000000000000000     
       n_pass,     n_total
       80000       80473
 max=   1.1651755040021095     
 min=   0.0000000000000000     
       n_pass,     n_total
       90000       90473
 ITERATION            5 :
   1.4726166398819261E-002 +\-   4.7223723946530517E-006
 precision:   3.2067900543563668E-004
 max=   1.1657253713300024     
 min=   0.0000000000000000     
       n_pass,     n_total
      100000      100878
 max=   1.1657253713300024     
 min=   0.0000000000000000     
       n_pass,     n_total
      110000      110878
 ITERATION            6 :
   1.4728672898465058E-002 +\-   3.8081321979926597E-006
 precision:   2.5855229620786287E-004
 max=   1.1657253713300024     
 min=   0.0000000000000000     
       n_pass,     n_total
      120000      121230
 max=   1.1657253713300024     
 min=   0.0000000000000000     
       n_pass,     n_total
      130000      131230
 ITERATION            7 :
   1.4738477902495786E-002 +\-   4.1939159798093987E-006
 precision:   2.8455556995469718E-004
 max=   1.1682983726916711     
 min=   0.0000000000000000     
       n_pass,     n_total
      140000      141648
 max=   1.1682983726916711     
 min=   0.0000000000000000     
       n_pass,     n_total
      150000      151648
 ITERATION            8 :
   1.4721930110679658E-002 +\-   4.1632555744210080E-006
 precision:   2.8279278213668991E-004
 max=   1.1682983726916711     
 min=   0.0000000000000000     
       n_pass,     n_total
      160000      162225
 max=   1.1682983726916711     
 min=   0.0000000000000000     
       n_pass,     n_total
      170000      172225
 ITERATION            9 :
   1.4729001555605985E-002 +\-   4.0472163383147140E-006
 precision:   2.7477872977576737E-004
 max=   1.1682983726916711     
 min=   0.0000000000000000     
       n_pass,     n_total
      180000      182842
 max=   1.1682983726916711     
 min=   0.0000000000000000     
       n_pass,     n_total
      190000      192842
 ITERATION           10 :
   1.4733635348259279E-002 +\-   3.9492502676377859E-006
 precision:   2.6804316614937630E-004
 ====================NCALL=40K ===========================
  
 max=   1.1682983726916711     
 min=   0.0000000000000000     
       n_pass,     n_total
      200000      203913
 max=   1.1682983726916711     
 min=   0.0000000000000000     
       n_pass,     n_total
      210000      213913
 max=   1.1682983726916711     
 min=   0.0000000000000000     
       n_pass,     n_total
      220000      223913
 max=   1.1682983726916711     
 min=   0.0000000000000000     
       n_pass,     n_total
      230000      233913
   1.4730752999261080E-002 +\-   1.9359551427239026E-006
 precision:   1.3142268713765097E-004
 ====================NCALL=80K ===========================
  
 max=   1.1682983726916711     
 min=   0.0000000000000000     
       n_pass,     n_total
      240000      246225
 max=   1.1682983726916711     
 min=   0.0000000000000000     
       n_pass,     n_total
      250000      256225
 max=   1.1682983726916711     
 min=   0.0000000000000000     
       n_pass,     n_total
      260000      266225
 max=   1.1682983726916711     
 min=   0.0000000000000000     
       n_pass,     n_total
      270000      276225
 max=   1.1682983726916711     
 min=   0.0000000000000000     
       n_pass,     n_total
      280000      286225
 max=   1.1682983726916711     
 min=   0.0000000000000000     
       n_pass,     n_total
      290000      296225
 max=   1.1682983726916711     
 min=   0.0000000000000000     
       n_pass,     n_total
      300000      306225
   1.4728717824763342E-002 +\-   9.7365360600270684E-007
 precision:   6.6105795330378750E-005
 sigma (pb)                   sd (pb)
   1.4728717824763342E-002   9.7365360600270684E-007
