 =======================================================
 |                                                     |
 |         \/\/\/\/\/\___________/\/\/\/\/\/           |
 |                   |     \     |                     |
 |                   |     /     |                     |
 |                   |     \     |                     |
 |         /\/\/\/\/\|_____/_____|/\/\/\/\/\           |
 |                                                     |
 | Light-by-light scattering at next-to-leading order  |
 |                   (VERSION 0.5)                     |
 |                                                     |
 |    Authors:                                         |
 |            Ajjath A.H. (LPTHE Paris)                |
 |            Ekta Chaubey (Bonn)                      |
 |            Mathijs Fraaije (Bern)                   |
 |            Valentin Hirschi (Bern)                  |
 |            Hua-Sheng Shao (LPTHE Paris)             |
 |                                                     |
 |    Please cite                                      |
 |            PLB 851 (2024) 138555 [arXiv:2312.16956] |
 |            JHEP 03 (2024) 121    [arXiv:2312.16966] |
 |                                                     |
 =======================================================
 ---------------------------------------------------
         the cuts in the lab frame                  
 min transverse momentum of photon    0.0000000000000000     
 max (pseudo-)rapidity of photon    5.0000000000000000     
 min (pseudo-)rapidity of photon   -5.0000000000000000     
 min invariant mass of di-photon    0.0000000000000000     
 ---------------------------------------------------
 max=   2582268.0446351636     
 min=   0.0000000000000000     
       n_pass,     n_total
       10000       10000
  
 ====================NCALL=20K===========================
  
 ITERATION            1 :
   520339.60790796729      +\-   224.64337947612168     
 precision:   4.3172454309081627E-004
 WARNING: outside the range of the grid (xs,xt)=   140.17447849847392       -140.16801629065819     
 WARNING: set the 2-loop amplitudes to zero
 WARNING: outside the range of the grid (xs,xt)=   140.17447849847392       -140.16783480405076     
 WARNING: set the 2-loop amplitudes to zero
 max=   2710819.3630406740     
 min=   0.0000000000000000     
       n_pass,     n_total
       20000       20003
 max=   2710819.3630406740     
 min=   0.0000000000000000     
       n_pass,     n_total
       30000       30003
 WARNING: outside the range of the grid (xs,xt)=   140.17447849847392       -6.8270894864645255E-003
 WARNING: set the 2-loop amplitudes to zero
 ITERATION            2 :
   519915.69447405072      +\-   77.328712102877006     
 precision:   1.4873317525277460E-004
 max=   2720135.0950660515     
 min=   0.0000000000000000     
       n_pass,     n_total
       40000       40017
 max=   2720135.0950660515     
 min=   0.0000000000000000     
       n_pass,     n_total
       50000       50017
 ITERATION            3 :
   519760.87370997568      +\-   88.485898962255177     
 precision:   1.7024347817998692E-004
 max=   2720135.0950660515     
 min=   0.0000000000000000     
       n_pass,     n_total
       60000       60045
 max=   2720135.0950660515     
 min=   0.0000000000000000     
       n_pass,     n_total
       70000       70045
 WARNING: outside the range of the grid (xs,xt)=   140.17447849847392       -6.8241474250754688E-003
 WARNING: set the 2-loop amplitudes to zero
 WARNING: outside the range of the grid (xs,xt)=   140.17447849847392       -6.7072958891311726E-003
 WARNING: set the 2-loop amplitudes to zero
 INFO: will suppress the further warning
 ITERATION            4 :
   519739.72953625588      +\-   79.504195738430923     
 precision:   1.5296924829927763E-004
 max=   2720135.0950660515     
 min=   0.0000000000000000     
       n_pass,     n_total
       80000       80076
 max=   2720135.0950660515     
 min=   0.0000000000000000     
       n_pass,     n_total
       90000       90076
 ITERATION            5 :
   519807.41524997039      +\-   68.837595284561317     
 precision:   1.3242903672595354E-004
 max=   2720135.0950660515     
 min=   0.0000000000000000     
       n_pass,     n_total
      100000      100116
 max=   2720135.0950660515     
 min=   0.0000000000000000     
       n_pass,     n_total
      110000      110116
 ITERATION            6 :
   519717.59836060979      +\-   66.380828699958144     
 precision:   1.2772480460417144E-004
 max=   2720135.0950660515     
 min=   0.0000000000000000     
       n_pass,     n_total
      120000      120156
 max=   2720135.0950660515     
 min=   0.0000000000000000     
       n_pass,     n_total
      130000      130156
 ITERATION            7 :
   519841.19440239563      +\-   65.148631489701742     
 precision:   1.2532410319000589E-004
 max=   2720135.0950660515     
 min=   0.0000000000000000     
       n_pass,     n_total
      140000      140201
 max=   2720135.0950660515     
 min=   0.0000000000000000     
       n_pass,     n_total
      150000      150201
 ITERATION            8 :
   519618.25883946521      +\-   65.967250220450694     
 precision:   1.2695329522827855E-004
 max=   2720135.0950660515     
 min=   0.0000000000000000     
       n_pass,     n_total
      160000      160260
 max=   2720135.0950660515     
 min=   0.0000000000000000     
       n_pass,     n_total
      170000      170260
 ITERATION            9 :
   519759.70952514402      +\-   63.778155017422385     
 precision:   1.2270700065553471E-004
 max=   2720135.0950660515     
 min=   0.0000000000000000     
       n_pass,     n_total
      180000      180319
 max=   2720135.0950660515     
 min=   0.0000000000000000     
       n_pass,     n_total
      190000      190319
 ITERATION           10 :
   519827.21619518806      +\-   63.694589210020219     
 precision:   1.2253030858258058E-004
 ====================NCALL=40K ===========================
  
 max=   2720135.0950660515     
 min=   0.0000000000000000     
       n_pass,     n_total
      200000      200439
 max=   2720135.0950660515     
 min=   0.0000000000000000     
       n_pass,     n_total
      210000      210439
 max=   2720135.0950660515     
 min=   0.0000000000000000     
       n_pass,     n_total
      220000      220439
 max=   2720135.0950660515     
 min=   0.0000000000000000     
       n_pass,     n_total
      230000      230439
   519776.25169700308      +\-   32.405587453786275     
 precision:   6.2345263655248133E-005
 ====================NCALL=80K ===========================
  
 max=   2720135.0950660515     
 min=   0.0000000000000000     
       n_pass,     n_total
      240000      240732
 max=   2720135.0950660515     
 min=   0.0000000000000000     
       n_pass,     n_total
      250000      250732
 max=   2720135.0950660515     
 min=   0.0000000000000000     
       n_pass,     n_total
      260000      260732
 max=   2720135.0950660515     
 min=   0.0000000000000000     
       n_pass,     n_total
      270000      270732
 max=   2720135.0950660515     
 min=   0.0000000000000000     
       n_pass,     n_total
      280000      280732
 max=   2720135.0950660515     
 min=   0.0000000000000000     
       n_pass,     n_total
      290000      290732
 max=   2720135.0950660515     
 min=   0.0000000000000000     
       n_pass,     n_total
      300000      300732
 max=   2720135.0950660515     
 min=   0.0000000000000000     
       n_pass,     n_total
      310000      310732
   519727.09066948958      +\-   16.114894365729448     
 precision:   3.1006454454723440E-005
 sigma (pb)                   sd (pb)
   519727.09066948958        16.114894365729448     
