 =======================================================
 |                                                     |
 |         \/\/\/\/\/\___________/\/\/\/\/\/           |
 |                   |     \     |                     |
 |                   |     /     |                     |
 |                   |     \     |                     |
 |         /\/\/\/\/\|_____/_____|/\/\/\/\/\           |
 |                                                     |
 | Light-by-light scattering at next-to-leading order  |
 |                   (VERSION 0.5)                     |
 |                                                     |
 |    Authors:                                         |
 |            Ajjath A.H. (LPTHE Paris)                |
 |            Ekta Chaubey (Bonn)                      |
 |            Mathijs Fraaije (Bern)                   |
 |            Valentin Hirschi (Bern)                  |
 |            Hua-Sheng Shao (LPTHE Paris)             |
 |                                                     |
 |    Please cite                                      |
 |            PLB 851 (2024) 138555 [arXiv:2312.16956] |
 |            JHEP 03 (2024) 121    [arXiv:2312.16966] |
 |                                                     |
 =======================================================
 ---------------------------------------------------
         the cuts in the lab frame                  
 min transverse momentum of photon    0.0000000000000000     
 max (pseudo-)rapidity of photon    5.0000000000000000     
 min (pseudo-)rapidity of photon   -5.0000000000000000     
 min invariant mass of di-photon    0.0000000000000000     
 ---------------------------------------------------
 max=   3093215.0409325971     
 min=   0.0000000000000000     
       n_pass,     n_total
       10000       10000
  
 ====================NCALL=20K===========================
  
 ITERATION            1 :
   1198579.7459840688      +\-   149.38797920411378     
 precision:   1.2463749675784976E-004
 max=   3651310.5987400715     
 min=   0.0000000000000000     
       n_pass,     n_total
       20000       20002
 max=   3651310.5987400715     
 min=   0.0000000000000000     
       n_pass,     n_total
       30000       30002
 ITERATION            2 :
   1198315.7691691204      +\-   116.36541008828186     
 precision:   9.7107467899689307E-005
 WARNING: outside the range of the grid (xs,xt)=   40.699905407837747       -40.697924396297324     
 WARNING: set the 2-loop amplitudes to zero
 WARNING: outside the range of the grid (xs,xt)=   40.699905407837747       -40.697953709879890     
 WARNING: set the 2-loop amplitudes to zero
 max=   3651310.5987400715     
 min=   0.0000000000000000     
       n_pass,     n_total
       40000       40010
 max=   3651310.5987400715     
 min=   0.0000000000000000     
       n_pass,     n_total
       50000       50010
 WARNING: outside the range of the grid (xs,xt)=   40.699905407837747       -1.9677697724963454E-003
 WARNING: set the 2-loop amplitudes to zero
 ITERATION            3 :
   1198070.3175694884      +\-   113.63916638763536     
 precision:   9.4851833587008343E-005
 max=   3765950.6467983900     
 min=   0.0000000000000000     
       n_pass,     n_total
       60000       60034
 max=   3765950.6467983900     
 min=   0.0000000000000000     
       n_pass,     n_total
       70000       70034
 WARNING: outside the range of the grid (xs,xt)=   40.699905407837747       -2.0339953678275829E-003
 WARNING: set the 2-loop amplitudes to zero
 ITERATION            4 :
   1198053.7690861013      +\-   108.10178363610046     
 precision:   9.0231161927367088E-005
 max=   3765950.6467983900     
 min=   0.0000000000000000     
       n_pass,     n_total
       80000       80061
 max=   3765950.6467983900     
 min=   0.0000000000000000     
       n_pass,     n_total
       90000       90061
 WARNING: outside the range of the grid (xs,xt)=   40.699905407837747       -1.9284749267778943E-003
 WARNING: set the 2-loop amplitudes to zero
 INFO: will suppress the further warning
 ITERATION            5 :
   1198143.7273487831      +\-   97.123960409666026     
 precision:   8.1062028029457747E-005
 max=   3766500.4488058197     
 min=   0.0000000000000000     
       n_pass,     n_total
      100000      100092
 max=   3766500.4488058197     
 min=   0.0000000000000000     
       n_pass,     n_total
      110000      110092
 ITERATION            6 :
   1198099.3783454078      +\-   91.238946692377894     
 precision:   7.6153070723048173E-005
 max=   3766500.4488058197     
 min=   0.0000000000000000     
       n_pass,     n_total
      120000      120123
 max=   3766500.4488058197     
 min=   0.0000000000000000     
       n_pass,     n_total
      130000      130123
 ITERATION            7 :
   1198223.2434889462      +\-   89.491722309835154     
 precision:   7.4687019131139664E-005
 max=   3766500.4488058197     
 min=   0.0000000000000000     
       n_pass,     n_total
      140000      140158
 max=   3766500.4488058197     
 min=   0.0000000000000000     
       n_pass,     n_total
      150000      150158
 ITERATION            8 :
   1197957.0439320654      +\-   88.313986273395400     
 precision:   7.3720495004997501E-005
 max=   3766500.4488058197     
 min=   0.0000000000000000     
       n_pass,     n_total
      160000      160205
 max=   3766500.4488058197     
 min=   0.0000000000000000     
       n_pass,     n_total
      170000      170205
 ITERATION            9 :
   1198099.8070910492      +\-   87.129131697765985     
 precision:   7.2722765818077328E-005
 max=   3766500.4488058197     
 min=   0.0000000000000000     
       n_pass,     n_total
      180000      180247
 max=   3766500.4488058197     
 min=   0.0000000000000000     
       n_pass,     n_total
      190000      190247
 ITERATION           10 :
   1198216.5708224643      +\-   86.781326366365917     
 precision:   7.2425409963074202E-005
 ====================NCALL=40K ===========================
  
 max=   3766500.4488058197     
 min=   0.0000000000000000     
       n_pass,     n_total
      200000      200333
 max=   3766500.4488058197     
 min=   0.0000000000000000     
       n_pass,     n_total
      210000      210333
 max=   3766500.4488058197     
 min=   0.0000000000000000     
       n_pass,     n_total
      220000      220333
 max=   3766500.4488058197     
 min=   0.0000000000000000     
       n_pass,     n_total
      230000      230333
   1198152.5535798583      +\-   44.489957081255980     
 precision:   3.7132130585815818E-005
 ====================NCALL=80K ===========================
  
 max=   3766500.4488058197     
 min=   0.0000000000000000     
       n_pass,     n_total
      240000      240555
 max=   3766500.4488058197     
 min=   0.0000000000000000     
       n_pass,     n_total
      250000      250555
 max=   3766500.4488058197     
 min=   0.0000000000000000     
       n_pass,     n_total
      260000      260555
 max=   3766500.4488058197     
 min=   0.0000000000000000     
       n_pass,     n_total
      270000      270555
 max=   3766500.4488058197     
 min=   0.0000000000000000     
       n_pass,     n_total
      280000      280555
 max=   3766500.4488058197     
 min=   0.0000000000000000     
       n_pass,     n_total
      290000      290555
 max=   3766500.4488058197     
 min=   0.0000000000000000     
       n_pass,     n_total
      300000      300555
 max=   3766500.4488058197     
 min=   0.0000000000000000     
       n_pass,     n_total
      310000      310555
   1198087.5777733964      +\-   23.133036822973494     
 precision:   1.9308302040795239E-005
 sigma (pb)                   sd (pb)
   1198087.5777733964        23.133036822973494     
