 =======================================================
 |                                                     |
 |         \/\/\/\/\/\___________/\/\/\/\/\/           |
 |                   |     \     |                     |
 |                   |     /     |                     |
 |                   |     \     |                     |
 |         /\/\/\/\/\|_____/_____|/\/\/\/\/\           |
 |                                                     |
 | Light-by-light scattering at next-to-leading order  |
 |                   (VERSION 0.5)                     |
 |                                                     |
 |    Authors:                                         |
 |            Ajjath A.H. (LPTHE Paris)                |
 |            Ekta Chaubey (Bonn)                      |
 |            Mathijs Fraaije (Bern)                   |
 |            Valentin Hirschi (Bern)                  |
 |            Hua-Sheng Shao (LPTHE Paris)             |
 |                                                     |
 |    Please cite                                      |
 |            PLB 851 (2024) 138555 [arXiv:2312.16956] |
 |            JHEP 03 (2024) 121    [arXiv:2312.16966] |
 |                                                     |
 =======================================================
 ---------------------------------------------------
         the cuts in the lab frame                  
 min transverse momentum of photon    0.0000000000000000     
 max (pseudo-)rapidity of photon    5.0000000000000000     
 min (pseudo-)rapidity of photon   -5.0000000000000000     
 min invariant mass of di-photon    0.0000000000000000     
 ---------------------------------------------------
 max=   5.6457321396169589E-007
 min=   0.0000000000000000     
       n_pass,     n_total
       10000       10000
  
 ====================NCALL=20K===========================
  
 ITERATION            1 :
   2.7491518525353992E-007 +\-   5.9629636508368900E-010
 precision:   2.1690193815003564E-003
 max=   1.6193220244663263E-006
 min=   0.0000000000000000     
       n_pass,     n_total
       20000       20001
 max=   1.6193220244663263E-006
 min=   0.0000000000000000     
       n_pass,     n_total
       30000       30001
 ITERATION            2 :
   2.7448266579675163E-007 +\-   4.8841927286379742E-010
 precision:   1.7794175506349139E-003
 max=   1.6193220244663263E-006
 min=   0.0000000000000000     
       n_pass,     n_total
       40000       40001
 max=   1.6193220244663263E-006
 min=   0.0000000000000000     
       n_pass,     n_total
       50000       50001
 ITERATION            3 :
   2.7465528599288137E-007 +\-   4.1818023310135881E-010
 precision:   1.5225639353330974E-003
 max=   1.6193220244663263E-006
 min=   0.0000000000000000     
       n_pass,     n_total
       60000       60001
 max=   1.6193220244663263E-006
 min=   0.0000000000000000     
       n_pass,     n_total
       70000       70001
 ITERATION            4 :
   2.7447249916829836E-007 +\-   4.0875888318081145E-010
 precision:   1.4892526006045242E-003
 max=   1.6195189193362406E-006
 min=   0.0000000000000000     
       n_pass,     n_total
       80000       80002
 max=   1.6195189193362406E-006
 min=   0.0000000000000000     
       n_pass,     n_total
       90000       90002
 ITERATION            5 :
   2.7490041092360241E-007 +\-   4.3020670768733275E-010
 precision:   1.5649547639522865E-003
 max=   1.6195189193362406E-006
 min=   0.0000000000000000     
       n_pass,     n_total
      100000      100002
 max=   1.6195189193362406E-006
 min=   0.0000000000000000     
       n_pass,     n_total
      110000      110002
 ITERATION            6 :
   2.7483657929082916E-007 +\-   4.1349511360727928E-010
 precision:   1.5045126623036708E-003
 max=   1.6195189193362406E-006
 min=   0.0000000000000000     
       n_pass,     n_total
      120000      120004
 max=   1.6195189193362406E-006
 min=   0.0000000000000000     
       n_pass,     n_total
      130000      130004
 ITERATION            7 :
   2.7357930561047799E-007 +\-   4.4748071309751506E-010
 precision:   1.6356526386342898E-003
 max=   1.6195189193362406E-006
 min=   0.0000000000000000     
       n_pass,     n_total
      140000      140005
 max=   1.6195189193362406E-006
 min=   0.0000000000000000     
       n_pass,     n_total
      150000      150005
 ITERATION            8 :
   2.7426849135243581E-007 +\-   4.1544596946185722E-010
 precision:   1.5147418772505222E-003
 max=   1.6195876921367289E-006
 min=   0.0000000000000000     
       n_pass,     n_total
      160000      160006
 max=   1.6195876921367289E-006
 min=   0.0000000000000000     
       n_pass,     n_total
      170000      170006
 ITERATION            9 :
   2.7501734197772444E-007 +\-   3.7964660054176812E-010
 precision:   1.3804460395538197E-003
 max=   1.6195876921367289E-006
 min=   0.0000000000000000     
       n_pass,     n_total
      180000      180006
 max=   1.6195876921367289E-006
 min=   0.0000000000000000     
       n_pass,     n_total
      190000      190006
 ITERATION           10 :
   2.7428487411158102E-007 +\-   3.6064946813005484E-010
 precision:   1.3148718801873854E-003
 ====================NCALL=40K ===========================
  
 max=   1.6195876921367289E-006
 min=   0.0000000000000000     
       n_pass,     n_total
      200000      200007
 max=   1.6195876921367289E-006
 min=   0.0000000000000000     
       n_pass,     n_total
      210000      210007
 max=   1.6195876921367289E-006
 min=   0.0000000000000000     
       n_pass,     n_total
      220000      220007
 max=   1.6195876921367289E-006
 min=   0.0000000000000000     
       n_pass,     n_total
      230000      230007
   2.7476496282371668E-007 +\-   2.6688842124628825E-010
 precision:   9.7133352995053507E-004
 ====================NCALL=80K ===========================
  
 max=   1.6195876921367289E-006
 min=   0.0000000000000000     
       n_pass,     n_total
      240000      240010
 max=   1.6195876921367289E-006
 min=   0.0000000000000000     
       n_pass,     n_total
      250000      250010
 max=   1.6195876921367289E-006
 min=   0.0000000000000000     
       n_pass,     n_total
      260000      260010
 max=   1.6195876921367289E-006
 min=   0.0000000000000000     
       n_pass,     n_total
      270000      270010
 max=   1.6195876921367289E-006
 min=   0.0000000000000000     
       n_pass,     n_total
      280000      280010
 max=   1.6195876921367289E-006
 min=   0.0000000000000000     
       n_pass,     n_total
      290000      290010
 max=   1.6195876921367289E-006
 min=   0.0000000000000000     
       n_pass,     n_total
      300000      300010
 max=   1.6195876921367289E-006
 min=   0.0000000000000000     
       n_pass,     n_total
      310000      310010
   2.7458360801091754E-007 +\-   1.2391167219216757E-010
 precision:   4.5127119236935953E-004
 sigma (pb)                   sd (pb)
   2.7458360801091754E-007   1.2391167219216757E-010
