 =======================================================
 |                                                     |
 |         \/\/\/\/\/\___________/\/\/\/\/\/           |
 |                   |     \     |                     |
 |                   |     /     |                     |
 |                   |     \     |                     |
 |         /\/\/\/\/\|_____/_____|/\/\/\/\/\           |
 |                                                     |
 | Light-by-light scattering at next-to-leading order  |
 |                   (VERSION 0.5)                     |
 |                                                     |
 |    Authors:                                         |
 |            Ajjath A.H. (LPTHE Paris)                |
 |            Ekta Chaubey (Bonn)                      |
 |            Mathijs Fraaije (Bern)                   |
 |            Valentin Hirschi (Bern)                  |
 |            Hua-Sheng Shao (LPTHE Paris)             |
 |                                                     |
 |    Please cite                                      |
 |            PLB 851 (2024) 138555 [arXiv:2312.16956] |
 |            JHEP 03 (2024) 121    [arXiv:2312.16966] |
 |                                                     |
 =======================================================
 ---------------------------------------------------
         the cuts in the lab frame                  
 min transverse momentum of photon    0.0000000000000000     
 max (pseudo-)rapidity of photon    5.0000000000000000     
 min (pseudo-)rapidity of photon   -5.0000000000000000     
 min invariant mass of di-photon    0.0000000000000000     
 ---------------------------------------------------
 max=   55430.640103465616     
 min=   0.0000000000000000     
       n_pass,     n_total
       10000       10000
  
 ====================NCALL=20K===========================
  
 ITERATION            1 :
   776.08670476982616      +\-   6.7082916262589389     
 precision:   8.6437399133754023E-003
 WARNING: outside the range of the grid (xs,xt)=  0.26946945867676542      -0.26945665977383521     
 WARNING: set the 2-loop amplitudes to zero
 WARNING: outside the range of the grid (xs,xt)=  0.26160216262975772      -0.26158973739722025     
 WARNING: set the 2-loop amplitudes to zero
 WARNING: outside the range of the grid (xs,xt)=  0.12595256143273637      -0.12594657910503401     
 WARNING: set the 2-loop amplitudes to zero
 WARNING: outside the range of the grid (xs,xt)=   1.3440537777777779E-002  -1.3439899396941629E-002
 WARNING: set the 2-loop amplitudes to zero
 WARNING: outside the range of the grid (xs,xt)=   115813.01389011226       -115807.51315719022     
 WARNING: set the 2-loop amplitudes to zero
 INFO: will suppress the further warning
 max=   61525.350203478061     
 min=   0.0000000000000000     
       n_pass,     n_total
       20000       20009
 max=   61525.350203478061     
 min=   0.0000000000000000     
       n_pass,     n_total
       30000       30009
 ITERATION            2 :
   768.29023369150559      +\-   1.7254967455449444     
 precision:   2.2458918125956412E-003
 max=   62739.836758210564     
 min=   0.0000000000000000     
       n_pass,     n_total
       40000       40044
 max=   62739.836758210564     
 min=   0.0000000000000000     
       n_pass,     n_total
       50000       50044
 ITERATION            3 :
   768.22621245252708      +\-  0.57735704843779923     
 precision:   7.5154562429549654E-004
 max=   63050.969232110467     
 min=   0.0000000000000000     
       n_pass,     n_total
       60000       60180
 max=   63050.969232110467     
 min=   0.0000000000000000     
       n_pass,     n_total
       70000       70180
 ITERATION            4 :
   768.49741112145148      +\-  0.35574985936641762     
 precision:   4.6291614547832975E-004
 max=   63050.969232110467     
 min=   0.0000000000000000     
       n_pass,     n_total
       80000       80511
 max=   63050.969232110467     
 min=   0.0000000000000000     
       n_pass,     n_total
       90000       90511
 ITERATION            5 :
   768.18707004435021      +\-  0.24272344936507481     
 precision:   3.1596919400252534E-004
 max=   63052.295900862031     
 min=   0.0000000000000000     
       n_pass,     n_total
      100000      101011
 max=   63052.295900862031     
 min=   0.0000000000000000     
       n_pass,     n_total
      110000      111011
 ITERATION            6 :
   768.26764274327195      +\-  0.21306175147562434     
 precision:   2.7732750882861548E-004
 max=   63052.295900862031     
 min=   0.0000000000000000     
       n_pass,     n_total
      120000      121589
 max=   63052.295900862031     
 min=   0.0000000000000000     
       n_pass,     n_total
      130000      131589
 ITERATION            7 :
   768.57488495408359      +\-  0.20626361104809326     
 precision:   2.6837152122192483E-004
 max=   63052.295900862031     
 min=   0.0000000000000000     
       n_pass,     n_total
      140000      142303
 max=   63052.295900862031     
 min=   0.0000000000000000     
       n_pass,     n_total
      150000      152303
 ITERATION            8 :
   767.90583297759883      +\-  0.19958939772472295     
 precision:   2.5991389719075790E-004
 max=   63055.718565499083     
 min=   0.0000000000000000     
       n_pass,     n_total
      160000      162942
 max=   63055.718565499083     
 min=   0.0000000000000000     
       n_pass,     n_total
      170000      172942
 ITERATION            9 :
   768.35391058710479      +\-  0.19698242571424415     
 precision:   2.5636939306227836E-004
 max=   63055.718565499083     
 min=   0.0000000000000000     
       n_pass,     n_total
      180000      183694
 max=   63055.718565499083     
 min=   0.0000000000000000     
       n_pass,     n_total
      190000      193694
 ITERATION           10 :
   768.42988477968890      +\-  0.19043182690405261     
 precision:   2.4781939208240184E-004
 ====================NCALL=40K ===========================
  
 max=   63055.762813648711     
 min=   0.0000000000000000     
       n_pass,     n_total
      200000      204342
 max=   63055.762813648711     
 min=   0.0000000000000000     
       n_pass,     n_total
      210000      214342
 max=   63055.762813648711     
 min=   0.0000000000000000     
       n_pass,     n_total
      220000      224342
 max=   63055.762813648711     
 min=   0.0000000000000000     
       n_pass,     n_total
      230000      234342
   768.43561414204191      +\-   9.6592883367825302E-002
 precision:   1.2570068537969993E-004
 ====================NCALL=80K ===========================
  
 max=   63055.762813648711     
 min=   0.0000000000000000     
       n_pass,     n_total
      240000      246000
 max=   63055.762813648711     
 min=   0.0000000000000000     
       n_pass,     n_total
      250000      256000
 max=   63055.762813648711     
 min=   0.0000000000000000     
       n_pass,     n_total
      260000      266000
 max=   63055.762813648711     
 min=   0.0000000000000000     
       n_pass,     n_total
      270000      276000
 max=   63055.762813648711     
 min=   0.0000000000000000     
       n_pass,     n_total
      280000      286000
 max=   63055.762813648711     
 min=   0.0000000000000000     
       n_pass,     n_total
      290000      296000
 max=   63055.762813648711     
 min=   0.0000000000000000     
       n_pass,     n_total
      300000      306000
   768.34691598423285      +\-   5.3640936955531342E-002
 precision:   6.9813434321941236E-005
 sigma (pb)                   sd (pb)
   768.34691598423285        5.3640936955531342E-002
