 =======================================================
 |                                                     |
 |         \/\/\/\/\/\___________/\/\/\/\/\/           |
 |                   |     \     |                     |
 |                   |     /     |                     |
 |                   |     \     |                     |
 |         /\/\/\/\/\|_____/_____|/\/\/\/\/\           |
 |                                                     |
 | Light-by-light scattering at next-to-leading order  |
 |                   (VERSION 0.5)                     |
 |                                                     |
 |    Authors:                                         |
 |            Ajjath A.H. (LPTHE Paris)                |
 |            Ekta Chaubey (Bonn)                      |
 |            Mathijs Fraaije (Bern)                   |
 |            Valentin Hirschi (Bern)                  |
 |            Hua-Sheng Shao (LPTHE Paris)             |
 |                                                     |
 |    Please cite                                      |
 |            PLB 851 (2024) 138555 [arXiv:2312.16956] |
 |            JHEP 03 (2024) 121    [arXiv:2312.16966] |
 |                                                     |
 =======================================================
 ---------------------------------------------------
         the cuts in the lab frame                  
 min transverse momentum of photon    0.0000000000000000     
 max (pseudo-)rapidity of photon    5.0000000000000000     
 min (pseudo-)rapidity of photon   -5.0000000000000000     
 min invariant mass of di-photon    0.0000000000000000     
 ---------------------------------------------------
 max=   1.2127496754662952E-006
 min=   0.0000000000000000     
       n_pass,     n_total
       10000       10000
  
 ====================NCALL=20K===========================
  
 ITERATION            1 :
   2.9653667766107957E-007 +\-   7.5548620457756475E-010
 precision:   2.5476990250798992E-003
 max=   1.2237208265946878E-006
 min=   0.0000000000000000     
       n_pass,     n_total
       20000       20001
 max=   1.2237208265946878E-006
 min=   0.0000000000000000     
       n_pass,     n_total
       30000       30001
 ITERATION            2 :
   2.9706847627961307E-007 +\-   4.0901081385100604E-010
 precision:   1.3768233471734249E-003
 max=   1.2240501165022553E-006
 min=   0.0000000000000000     
       n_pass,     n_total
       40000       40001
 max=   1.2240501165022553E-006
 min=   0.0000000000000000     
       n_pass,     n_total
       50000       50001
 ITERATION            3 :
   2.9603971658754348E-007 +\-   3.3614650708345405E-010
 precision:   1.1354777357518865E-003
 max=   1.2242208312910396E-006
 min=   0.0000000000000000     
       n_pass,     n_total
       60000       60001
 max=   1.2242208312910396E-006
 min=   0.0000000000000000     
       n_pass,     n_total
       70000       70001
 ITERATION            4 :
   2.9651326012739753E-007 +\-   3.2213073193836211E-010
 precision:   1.0863957038547212E-003
 max=   1.2242208312910396E-006
 min=   0.0000000000000000     
       n_pass,     n_total
       80000       80002
 max=   1.2242208312910396E-006
 min=   0.0000000000000000     
       n_pass,     n_total
       90000       90002
 ITERATION            5 :
   2.9565258749949363E-007 +\-   2.7597685703340683E-010
 precision:   9.3344982828496128E-004
 max=   1.2242208312910396E-006
 min=   0.0000000000000000     
       n_pass,     n_total
      100000      100002
 max=   1.2242208312910396E-006
 min=   0.0000000000000000     
       n_pass,     n_total
      110000      110002
 ITERATION            6 :
   2.9622179904584418E-007 +\-   2.3430060589206933E-010
 precision:   7.9096341540957371E-004
 max=   1.2242208312910396E-006
 min=   0.0000000000000000     
       n_pass,     n_total
      120000      120003
 max=   1.2242208312910396E-006
 min=   0.0000000000000000     
       n_pass,     n_total
      130000      130003
 ITERATION            7 :
   2.9600714241043942E-007 +\-   2.2974179300758674E-010
 precision:   7.7613597812795315E-004
 max=   1.2242208312910396E-006
 min=   0.0000000000000000     
       n_pass,     n_total
      140000      140004
 max=   1.2242208312910396E-006
 min=   0.0000000000000000     
       n_pass,     n_total
      150000      150004
 ITERATION            8 :
   2.9591923891491513E-007 +\-   2.5831584757849427E-010
 precision:   8.7292684492462874E-004
 max=   1.2242208312910396E-006
 min=   0.0000000000000000     
       n_pass,     n_total
      160000      160006
 max=   1.2242208312910396E-006
 min=   0.0000000000000000     
       n_pass,     n_total
      170000      170006
 ITERATION            9 :
   2.9570942089284627E-007 +\-   1.8697728415869886E-010
 precision:   6.3230073493820895E-004
 max=   1.2242208312910396E-006
 min=   0.0000000000000000     
       n_pass,     n_total
      180000      180006
 max=   1.2242208312910396E-006
 min=   0.0000000000000000     
       n_pass,     n_total
      190000      190006
 ITERATION           10 :
   2.9647270455625455E-007 +\-   3.3371387684051499E-010
 precision:   1.1256141685623341E-003
 ====================NCALL=40K ===========================
  
 max=   1.2242208312910396E-006
 min=   0.0000000000000000     
       n_pass,     n_total
      200000      200007
 max=   1.2242208312910396E-006
 min=   0.0000000000000000     
       n_pass,     n_total
      210000      210007
 max=   1.2242208312910396E-006
 min=   0.0000000000000000     
       n_pass,     n_total
      220000      220007
 max=   1.2242208312910396E-006
 min=   0.0000000000000000     
       n_pass,     n_total
      230000      230007
   2.9607820655827814E-007 +\-   1.5732229166678896E-010
 precision:   5.3135383889128850E-004
 ====================NCALL=80K ===========================
  
 max=   1.2242310146366553E-006
 min=   0.0000000000000000     
       n_pass,     n_total
      240000      240010
 max=   1.2242310146366553E-006
 min=   0.0000000000000000     
       n_pass,     n_total
      250000      250010
 max=   1.2242310146366553E-006
 min=   0.0000000000000000     
       n_pass,     n_total
      260000      260010
 max=   1.2242310146366553E-006
 min=   0.0000000000000000     
       n_pass,     n_total
      270000      270010
 max=   1.2242310146366553E-006
 min=   0.0000000000000000     
       n_pass,     n_total
      280000      280010
 max=   1.2242310146366553E-006
 min=   0.0000000000000000     
       n_pass,     n_total
      290000      290010
 max=   1.2242310146366553E-006
 min=   0.0000000000000000     
       n_pass,     n_total
      300000      300010
 max=   1.2242313135183874E-006
 min=   0.0000000000000000     
       n_pass,     n_total
      310000      310010
   2.9605325522605712E-007 +\-   7.1585131849014596E-011
 precision:   2.4179815822107547E-004
 sigma (pb)                   sd (pb)
   2.9605325522605712E-007   7.1585131849014596E-011
