 =======================================================
 |                                                     |
 |         \/\/\/\/\/\___________/\/\/\/\/\/           |
 |                   |     \     |                     |
 |                   |     /     |                     |
 |                   |     \     |                     |
 |         /\/\/\/\/\|_____/_____|/\/\/\/\/\           |
 |                                                     |
 | Light-by-light scattering at next-to-leading order  |
 |                   (VERSION 0.5)                     |
 |                                                     |
 |    Authors:                                         |
 |            Ajjath A.H. (LPTHE Paris)                |
 |            Ekta Chaubey (Bonn)                      |
 |            Mathijs Fraaije (Bern)                   |
 |            Valentin Hirschi (Bern)                  |
 |            Hua-Sheng Shao (LPTHE Paris)             |
 |                                                     |
 |    Please cite                                      |
 |            PLB 851 (2024) 138555 [arXiv:2312.16956] |
 |            JHEP 03 (2024) 121    [arXiv:2312.16966] |
 |                                                     |
 =======================================================
 ---------------------------------------------------
         the cuts in the lab frame                  
 min transverse momentum of photon    0.0000000000000000     
 max (pseudo-)rapidity of photon    5.0000000000000000     
 min (pseudo-)rapidity of photon   -5.0000000000000000     
 min invariant mass of di-photon    0.0000000000000000     
 ---------------------------------------------------
 max=   1427234.9560027113     
 min=   0.0000000000000000     
       n_pass,     n_total
       10000       10000
  
 ====================NCALL=20K===========================
  
 ITERATION            1 :
   103238.66344519597      +\-   230.94678998953799     
 precision:   2.2370184026271863E-003
 max=   1433922.0808755928     
 min=   0.0000000000000000     
       n_pass,     n_total
       20000       20007
 max=   1433922.0808755928     
 min=   0.0000000000000000     
       n_pass,     n_total
       30000       30007
 ITERATION            2 :
   102769.33020846838      +\-   39.977968546305412     
 precision:   3.8900680256658086E-004
 WARNING: outside the range of the grid (xs,xt)=   877.82905243163157       -877.78561702450929     
 WARNING: set the 2-loop amplitudes to zero
 WARNING: outside the range of the grid (xs,xt)=   1.7824840041183371E-002  -1.7823958059455910E-002
 WARNING: set the 2-loop amplitudes to zero
 WARNING: outside the range of the grid (xs,xt)=   877.82905243163157       -877.78554418591011     
 WARNING: set the 2-loop amplitudes to zero
 WARNING: outside the range of the grid (xs,xt)=   1.7824840041183371E-002  -1.7823956580424915E-002
 WARNING: set the 2-loop amplitudes to zero
 WARNING: outside the range of the grid (xs,xt)=   877.82905243163157       -877.78818592156870     
 WARNING: set the 2-loop amplitudes to zero
 INFO: will suppress the further warning
 max=   1440527.2134077656     
 min=   0.0000000000000000     
       n_pass,     n_total
       40000       40030
 max=   1440527.2134077656     
 min=   0.0000000000000000     
       n_pass,     n_total
       50000       50030
 ITERATION            3 :
   102726.28919309874      +\-   29.164901423476707     
 precision:   2.8390883825905817E-004
 max=   1440542.6059710565     
 min=   0.0000000000000000     
       n_pass,     n_total
       60000       60087
 max=   1440542.6059710565     
 min=   0.0000000000000000     
       n_pass,     n_total
       70000       70087
 ITERATION            4 :
   102721.85034128178      +\-   24.943596672568518     
 precision:   2.4282659034758648E-004
 max=   1442907.1037971561     
 min=   0.0000000000000000     
       n_pass,     n_total
       80000       80181
 max=   1442907.1037971561     
 min=   0.0000000000000000     
       n_pass,     n_total
       90000       90181
 ITERATION            5 :
   102727.82789168973      +\-   21.747387864235353     
 precision:   2.1169909177058178E-004
 max=   1442907.1037971561     
 min=   0.0000000000000000     
       n_pass,     n_total
      100000      100325
 max=   1442907.1037971561     
 min=   0.0000000000000000     
       n_pass,     n_total
      110000      110325
 ITERATION            6 :
   102713.57291757106      +\-   20.522695579034171     
 precision:   1.9980509874292752E-004
 max=   1442907.1037971561     
 min=   0.0000000000000000     
       n_pass,     n_total
      120000      120486
 max=   1442907.1037971561     
 min=   0.0000000000000000     
       n_pass,     n_total
      130000      130486
 ITERATION            7 :
   102764.09009509339      +\-   19.780705516655217     
 precision:   1.9248655340937696E-004
 max=   1442907.1037971561     
 min=   0.0000000000000000     
       n_pass,     n_total
      140000      140657
 max=   1442907.1037971561     
 min=   0.0000000000000000     
       n_pass,     n_total
      150000      150657
 ITERATION            8 :
   102701.56767100509      +\-   19.432177457897257     
 precision:   1.8921013474834609E-004
 max=   1442907.1037971561     
 min=   0.0000000000000000     
       n_pass,     n_total
      160000      160837
 max=   1442907.1037971561     
 min=   0.0000000000000000     
       n_pass,     n_total
      170000      170837
 ITERATION            9 :
   102730.28247947196      +\-   19.109274969347950     
 precision:   1.8601404092475317E-004
 max=   1444919.2927480286     
 min=   0.0000000000000000     
       n_pass,     n_total
      180000      181035
 max=   1444919.2927480286     
 min=   0.0000000000000000     
       n_pass,     n_total
      190000      191035
 ITERATION           10 :
   102748.55696942966      +\-   19.392699816283006     
 precision:   1.8873938854491976E-004
 ====================NCALL=40K ===========================
  
 max=   1448651.1598232645     
 min=   0.0000000000000000     
       n_pass,     n_total
      200000      201349
 max=   1448651.1598232645     
 min=   0.0000000000000000     
       n_pass,     n_total
      210000      211349
 max=   1448651.1598232645     
 min=   0.0000000000000000     
       n_pass,     n_total
      220000      221349
 max=   1448651.1598232645     
 min=   0.0000000000000000     
       n_pass,     n_total
      230000      231349
   102745.81237878794      +\-   9.3889653944577862     
 precision:   9.1380516413106433E-005
 ====================NCALL=80K ===========================
  
 max=   1448651.1598232645     
 min=   0.0000000000000000     
       n_pass,     n_total
      240000      241938
 max=   1448651.1598232645     
 min=   0.0000000000000000     
       n_pass,     n_total
      250000      251938
 max=   1448651.1598232645     
 min=   0.0000000000000000     
       n_pass,     n_total
      260000      261938
 max=   1448651.1598232645     
 min=   0.0000000000000000     
       n_pass,     n_total
      270000      271938
 max=   1448651.1598232645     
 min=   0.0000000000000000     
       n_pass,     n_total
      280000      281938
 max=   1448651.1598232645     
 min=   0.0000000000000000     
       n_pass,     n_total
      290000      291938
 max=   1448651.1598232645     
 min=   0.0000000000000000     
       n_pass,     n_total
      300000      301938
 max=   1448651.1598232645     
 min=   0.0000000000000000     
       n_pass,     n_total
      310000      311938
   102734.55860705282      +\-   4.3232106087220652     
 precision:   4.2081366458757266E-005
 sigma (pb)                   sd (pb)
   102734.55860705282        4.3232106087220652     
