 =======================================================
 |                                                     |
 |         \/\/\/\/\/\___________/\/\/\/\/\/           |
 |                   |     \     |                     |
 |                   |     /     |                     |
 |                   |     \     |                     |
 |         /\/\/\/\/\|_____/_____|/\/\/\/\/\           |
 |                                                     |
 | Light-by-light scattering at next-to-leading order  |
 |                   (VERSION 0.5)                     |
 |                                                     |
 |    Authors:                                         |
 |            Ajjath A.H. (LPTHE Paris)                |
 |            Ekta Chaubey (Bonn)                      |
 |            Mathijs Fraaije (Bern)                   |
 |            Valentin Hirschi (Bern)                  |
 |            Hua-Sheng Shao (LPTHE Paris)             |
 |                                                     |
 |    Please cite                                      |
 |            PLB 851 (2024) 138555 [arXiv:2312.16956] |
 |            JHEP 03 (2024) 121    [arXiv:2312.16966] |
 |                                                     |
 =======================================================
 ---------------------------------------------------
         the cuts in the lab frame                  
 min transverse momentum of photon    0.0000000000000000     
 max (pseudo-)rapidity of photon    5.0000000000000000     
 min (pseudo-)rapidity of photon   -5.0000000000000000     
 min invariant mass of di-photon    0.0000000000000000     
 ---------------------------------------------------
 max=   4.6439647501577651E-006
 min=   0.0000000000000000     
       n_pass,     n_total
       10000       10000
  
 ====================NCALL=20K===========================
  
 ITERATION            1 :
   1.4919167261908744E-006 +\-   2.9372233838793758E-009
 precision:   1.9687582639941461E-003
 max=   8.6832800297435677E-006
 min=   0.0000000000000000     
       n_pass,     n_total
       20000       20000
 max=   8.6832800297435677E-006
 min=   0.0000000000000000     
       n_pass,     n_total
       30000       30000
 ITERATION            2 :
   1.4914766453834363E-006 +\-   5.8351869885015222E-010
 precision:   3.9123555883782430E-004
 max=   8.6863328594928589E-006
 min=   0.0000000000000000     
       n_pass,     n_total
       40000       40000
 max=   8.6863328594928589E-006
 min=   0.0000000000000000     
       n_pass,     n_total
       50000       50000
 ITERATION            3 :
   1.4913329576211462E-006 +\-   3.6169176072299127E-010
 precision:   2.4252918094154691E-004
 max=   8.6863328594928589E-006
 min=   0.0000000000000000     
       n_pass,     n_total
       60000       60000
 max=   8.6863328594928589E-006
 min=   0.0000000000000000     
       n_pass,     n_total
       70000       70000
 ITERATION            4 :
   1.4903238433197233E-006 +\-   1.2452181884544845E-009
 precision:   8.3553530599144040E-004
 max=   8.6863328594928589E-006
 min=   0.0000000000000000     
       n_pass,     n_total
       80000       80000
 max=   8.6863328594928589E-006
 min=   0.0000000000000000     
       n_pass,     n_total
       90000       90000
 ITERATION            5 :
   1.4911974597795433E-006 +\-   6.2715214330050376E-010
 precision:   4.2056948205452355E-004
 max=   8.6863328594928589E-006
 min=   0.0000000000000000     
       n_pass,     n_total
      100000      100000
 max=   8.6863328594928589E-006
 min=   0.0000000000000000     
       n_pass,     n_total
      110000      110000
 ITERATION            6 :
   1.4906835903524326E-006 +\-   5.1409821783270526E-010
 precision:   3.4487413771768990E-004
 max=   8.6863328594928589E-006
 min=   0.0000000000000000     
       n_pass,     n_total
      120000      120002
 max=   8.6865579189133522E-006
 min=   0.0000000000000000     
       n_pass,     n_total
      130000      130002
 ITERATION            7 :
   1.4900976214436635E-006 +\-   4.2707122326734606E-010
 precision:   2.8660620426571997E-004
 max=   8.6865579189133522E-006
 min=   0.0000000000000000     
       n_pass,     n_total
      140000      140004
 max=   8.6865579189133522E-006
 min=   0.0000000000000000     
       n_pass,     n_total
      150000      150004
 ITERATION            8 :
   1.4907660715748182E-006 +\-   3.8113478050296598E-010
 precision:   2.5566370725109281E-004
 max=   8.6865579189133522E-006
 min=   0.0000000000000000     
       n_pass,     n_total
      160000      160006
 max=   8.6865692239669133E-006
 min=   0.0000000000000000     
       n_pass,     n_total
      170000      170006
 ITERATION            9 :
   1.4904055787733251E-006 +\-   3.6757002170062155E-010
 precision:   2.4662415850801447E-004
 max=   8.6865692239669133E-006
 min=   0.0000000000000000     
       n_pass,     n_total
      180000      180009
 max=   8.6865692239669133E-006
 min=   0.0000000000000000     
       n_pass,     n_total
      190000      190009
 ITERATION           10 :
   1.4905103703024070E-006 +\-   3.2513242694431418E-010
 precision:   2.1813496465532720E-004
 ====================NCALL=40K ===========================
  
 max=   8.6865692239669133E-006
 min=   0.0000000000000000     
       n_pass,     n_total
      200000      200011
 max=   8.6865692239669133E-006
 min=   0.0000000000000000     
       n_pass,     n_total
      210000      210011
 max=   8.6865908536833317E-006
 min=   0.0000000000000000     
       n_pass,     n_total
      220000      220011
 max=   8.6865908536833317E-006
 min=   0.0000000000000000     
       n_pass,     n_total
      230000      230011
   1.4905205076516418E-006 +\-   1.6269265200864333E-010
 precision:   1.0915156898107380E-004
 ====================NCALL=80K ===========================
  
 max=   8.6865908536833317E-006
 min=   0.0000000000000000     
       n_pass,     n_total
      240000      240021
 max=   8.6865908536833317E-006
 min=   0.0000000000000000     
       n_pass,     n_total
      250000      250021
 max=   8.6865908536833317E-006
 min=   0.0000000000000000     
       n_pass,     n_total
      260000      260021
 max=   8.6865908536833317E-006
 min=   0.0000000000000000     
       n_pass,     n_total
      270000      270021
 max=   8.6865908536833317E-006
 min=   0.0000000000000000     
       n_pass,     n_total
      280000      280021
 max=   8.6865908536833317E-006
 min=   0.0000000000000000     
       n_pass,     n_total
      290000      290021
 max=   8.6865908536833317E-006
 min=   0.0000000000000000     
       n_pass,     n_total
      300000      300021
 max=   8.6865908536833317E-006
 min=   0.0000000000000000     
       n_pass,     n_total
      310000      310021
   1.4906301559183207E-006 +\-   9.1704008309528495E-011
 precision:   6.1520295926814338E-005
 sigma (pb)                   sd (pb)
   1.4906301559183207E-006   9.1704008309528495E-011
