 =======================================================
 |                                                     |
 |         \/\/\/\/\/\___________/\/\/\/\/\/           |
 |                   |     \     |                     |
 |                   |     /     |                     |
 |                   |     \     |                     |
 |         /\/\/\/\/\|_____/_____|/\/\/\/\/\           |
 |                                                     |
 | Light-by-light scattering at next-to-leading order  |
 |                   (VERSION 0.5)                     |
 |                                                     |
 |    Authors:                                         |
 |            Ajjath A.H. (LPTHE Paris)                |
 |            Ekta Chaubey (Bonn)                      |
 |            Mathijs Fraaije (Bern)                   |
 |            Valentin Hirschi (Bern)                  |
 |            Hua-Sheng Shao (LPTHE Paris)             |
 |                                                     |
 |    Please cite                                      |
 |            PLB 851 (2024) 138555 [arXiv:2312.16956] |
 |            JHEP 03 (2024) 121    [arXiv:2312.16966] |
 |                                                     |
 =======================================================
 ---------------------------------------------------
         the cuts in the lab frame                  
 min transverse momentum of photon    0.0000000000000000     
 max (pseudo-)rapidity of photon    5.0000000000000000     
 min (pseudo-)rapidity of photon   -5.0000000000000000     
 min invariant mass of di-photon    0.0000000000000000     
 ---------------------------------------------------
 max=   64794.782799412751     
 min=   0.0000000000000000     
       n_pass,     n_total
       10000       10000
  
 ====================NCALL=20K===========================
  
 ITERATION            1 :
   925.47446387767923      +\-   7.9079697822813193     
 precision:   8.5447736171427452E-003
 WARNING: outside the range of the grid (xs,xt)=  0.22925515705056798      -0.22924423779517311     
 WARNING: set the 2-loop amplitudes to zero
 WARNING: outside the range of the grid (xs,xt)=  0.22256193771626290      -0.22255133725400780     
 WARNING: set the 2-loop amplitudes to zero
 WARNING: outside the range of the grid (xs,xt)=  0.10715601832569761      -0.10715091456294590     
 WARNING: set the 2-loop amplitudes to zero
 WARNING: outside the range of the grid (xs,xt)=   1.1434737777777777E-002  -1.1434193149583693E-002
 WARNING: set the 2-loop amplitudes to zero
 WARNING: outside the range of the grid (xs,xt)=   98529.647175064427       -98524.954280059101     
 WARNING: set the 2-loop amplitudes to zero
 INFO: will suppress the further warning
 max=   71388.973629558954     
 min=   0.0000000000000000     
       n_pass,     n_total
       20000       20009
 max=   71388.973629558954     
 min=   0.0000000000000000     
       n_pass,     n_total
       30000       30009
 ITERATION            2 :
   916.23400335410588      +\-   2.0199557300207207     
 precision:   2.2046286457675255E-003
 max=   72809.017726636725     
 min=   0.0000000000000000     
       n_pass,     n_total
       40000       40044
 max=   72809.017726636725     
 min=   0.0000000000000000     
       n_pass,     n_total
       50000       50044
 ITERATION            3 :
   916.12238455454258      +\-  0.67753776311628278     
 precision:   7.3957123473817341E-004
 max=   73220.094309348045     
 min=   0.0000000000000000     
       n_pass,     n_total
       60000       60180
 max=   73220.094309348045     
 min=   0.0000000000000000     
       n_pass,     n_total
       70000       70180
 ITERATION            4 :
   916.45500811449415      +\-  0.41977095277226484     
 precision:   4.5803770949530583E-004
 max=   73220.094309348045     
 min=   0.0000000000000000     
       n_pass,     n_total
       80000       80503
 max=   73220.094309348045     
 min=   0.0000000000000000     
       n_pass,     n_total
       90000       90503
 ITERATION            5 :
   916.12919592794515      +\-  0.28476298109475007     
 precision:   3.1083277594522494E-004
 max=   73220.094309348045     
 min=   0.0000000000000000     
       n_pass,     n_total
      100000      100984
 max=   73220.094309348045     
 min=   0.0000000000000000     
       n_pass,     n_total
      110000      110984
 ITERATION            6 :
   916.16795074817492      +\-  0.24642757663492065     
 precision:   2.6897642122678407E-004
 max=   73240.259975529989     
 min=   0.0000000000000000     
       n_pass,     n_total
      120000      121532
 max=   73240.259975529989     
 min=   0.0000000000000000     
       n_pass,     n_total
      130000      131532
 ITERATION            7 :
   916.45713849462868      +\-  0.24379933981569066     
 precision:   2.6602372285097276E-004
 max=   73264.031012673338     
 min=   0.0000000000000000     
       n_pass,     n_total
      140000      142246
 max=   73264.031012673338     
 min=   0.0000000000000000     
       n_pass,     n_total
      150000      152246
 ITERATION            8 :
   915.74206119324720      +\-  0.23615828552405502     
 precision:   2.5788734135061096E-004
 max=   73264.031012673338     
 min=   0.0000000000000000     
       n_pass,     n_total
      160000      162874
 max=   73264.031012673338     
 min=   0.0000000000000000     
       n_pass,     n_total
      170000      172874
 ITERATION            9 :
   916.18490057361987      +\-  0.22974324122461112     
 precision:   2.5076078101785975E-004
 max=   73264.031012673338     
 min=   0.0000000000000000     
       n_pass,     n_total
      180000      183635
 max=   73264.031012673338     
 min=   0.0000000000000000     
       n_pass,     n_total
      190000      193635
 ITERATION           10 :
   916.31844160461242      +\-  0.22860624743727001     
 precision:   2.4948340779537933E-004
 ====================NCALL=40K ===========================
  
 max=   73264.031012673338     
 min=   0.0000000000000000     
       n_pass,     n_total
      200000      204295
 max=   73264.031012673338     
 min=   0.0000000000000000     
       n_pass,     n_total
      210000      214295
 max=   73264.031012673338     
 min=   0.0000000000000000     
       n_pass,     n_total
      220000      224295
 max=   73264.031012673338     
 min=   0.0000000000000000     
       n_pass,     n_total
      230000      234295
   916.28852338128934      +\-  0.12322831978123849     
 precision:   1.3448637261820234E-004
 ====================NCALL=80K ===========================
  
 max=   73264.031012673338     
 min=   0.0000000000000000     
       n_pass,     n_total
      240000      247074
 max=   73264.031012673338     
 min=   0.0000000000000000     
       n_pass,     n_total
      250000      257074
 max=   73264.031012673338     
 min=   0.0000000000000000     
       n_pass,     n_total
      260000      267074
 max=   73264.031012673338     
 min=   0.0000000000000000     
       n_pass,     n_total
      270000      277074
 max=   73264.031012673338     
 min=   0.0000000000000000     
       n_pass,     n_total
      280000      287074
 max=   73264.031012673338     
 min=   0.0000000000000000     
       n_pass,     n_total
      290000      297074
 max=   73264.031012673338     
 min=   0.0000000000000000     
       n_pass,     n_total
      300000      307074
   916.23507328601863      +\-   7.4151103140536329E-002
 precision:   8.0930216821539184E-005
 sigma (pb)                   sd (pb)
   916.23507328601863        7.4151103140536329E-002
