 =======================================================
 |                                                     |
 |         \/\/\/\/\/\___________/\/\/\/\/\/           |
 |                   |     \     |                     |
 |                   |     /     |                     |
 |                   |     \     |                     |
 |         /\/\/\/\/\|_____/_____|/\/\/\/\/\           |
 |                                                     |
 | Light-by-light scattering at next-to-leading order  |
 |                   (VERSION 0.5)                     |
 |                                                     |
 |    Authors:                                         |
 |            Ajjath A.H. (LPTHE Paris)                |
 |            Ekta Chaubey (Bonn)                      |
 |            Mathijs Fraaije (Bern)                   |
 |            Valentin Hirschi (Bern)                  |
 |            Hua-Sheng Shao (LPTHE Paris)             |
 |                                                     |
 |    Please cite                                      |
 |            PLB 851 (2024) 138555 [arXiv:2312.16956] |
 |            JHEP 03 (2024) 121    [arXiv:2312.16966] |
 |                                                     |
 =======================================================
 ---------------------------------------------------
         the cuts in the lab frame                  
 min transverse momentum of photon    0.0000000000000000     
 max (pseudo-)rapidity of photon    5.0000000000000000     
 min (pseudo-)rapidity of photon   -5.0000000000000000     
 min invariant mass of di-photon    0.0000000000000000     
 ---------------------------------------------------
 max=   1602.2621916226447     
 min=   0.0000000000000000     
       n_pass,     n_total
       10000       10000
  
 ====================NCALL=20K===========================
  
 ITERATION            1 :
   66.960730949776291      +\-  0.18466555665286491     
 precision:   2.7578187100641537E-003
 WARNING: outside the range of the grid (xs,xt)=   13.789583426152817       -13.788902684026048     
 WARNING: set the 2-loop amplitudes to zero
 WARNING: outside the range of the grid (xs,xt)=   13.386989619377161       -13.386328751858333     
 WARNING: set the 2-loop amplitudes to zero
 WARNING: outside the range of the grid (xs,xt)=   6.4453810912119955       -6.4450629059342930     
 WARNING: set the 2-loop amplitudes to zero
 WARNING: outside the range of the grid (xs,xt)=  0.68779377777777784      -0.68775982387325496     
 WARNING: set the 2-loop amplitudes to zero
 WARNING: outside the range of the grid (xs,xt)=   6.8588853185595572E-002  -6.8585467200657002E-002
 WARNING: set the 2-loop amplitudes to zero
 INFO: will suppress the further warning
 max=   1778.1364108736634     
 min=   0.0000000000000000     
       n_pass,     n_total
       20000       20007
 max=   1778.1364108736634     
 min=   0.0000000000000000     
       n_pass,     n_total
       30000       30007
 ITERATION            2 :
   66.718577733212229      +\-   4.8679165313124530E-002
 precision:   7.2961934991747047E-004
 max=   1805.8028659942502     
 min=   0.0000000000000000     
       n_pass,     n_total
       40000       40036
 max=   1805.8028659942502     
 min=   0.0000000000000000     
       n_pass,     n_total
       50000       50036
 ITERATION            3 :
   66.673297783204461      +\-   2.1826761396690299E-002
 precision:   3.2736885863456772E-004
 max=   1805.8028659942502     
 min=   0.0000000000000000     
       n_pass,     n_total
       60000       60120
 max=   1805.8028659942502     
 min=   0.0000000000000000     
       n_pass,     n_total
       70000       70120
 ITERATION            4 :
   66.688347343200576      +\-   1.6892598527093586E-002
 precision:   2.5330660002951660E-004
 max=   1811.0239512887379     
 min=   0.0000000000000000     
       n_pass,     n_total
       80000       80301
 max=   1811.0239512887379     
 min=   0.0000000000000000     
       n_pass,     n_total
       90000       90301
 ITERATION            5 :
   66.675411744406432      +\-   1.3804448662073993E-002
 precision:   2.0703957127391991E-004
 max=   1820.1667817520092     
 min=   0.0000000000000000     
       n_pass,     n_total
      100000      100590
 max=   1820.1667817520092     
 min=   0.0000000000000000     
       n_pass,     n_total
      110000      110590
 ITERATION            6 :
   66.690872826646626      +\-   1.2008962064380003E-002
 precision:   1.8006904926249175E-004
 max=   1820.1667817520092     
 min=   0.0000000000000000     
       n_pass,     n_total
      120000      120880
 max=   1820.1667817520092     
 min=   0.0000000000000000     
       n_pass,     n_total
      130000      130880
 ITERATION            7 :
   66.715541217323107      +\-   1.1295322474108620E-002
 precision:   1.6930571599973351E-004
 max=   1820.1667817520092     
 min=   0.0000000000000000     
       n_pass,     n_total
      140000      141244
 max=   1820.1667817520092     
 min=   0.0000000000000000     
       n_pass,     n_total
      150000      151244
 ITERATION            8 :
   66.673326494973395      +\-   1.1141609253485224E-002
 precision:   1.6710744519887136E-004
 max=   1820.1667817520092     
 min=   0.0000000000000000     
       n_pass,     n_total
      160000      161481
 max=   1820.1667817520092     
 min=   0.0000000000000000     
       n_pass,     n_total
      170000      171481
 ITERATION            9 :
   66.688906071267525      +\-   1.1222578342023171E-002
 precision:   1.6828253757874046E-004
 max=   1820.1667817520092     
 min=   0.0000000000000000     
       n_pass,     n_total
      180000      181876
 max=   1820.1667817520092     
 min=   0.0000000000000000     
       n_pass,     n_total
      190000      191876
 ITERATION           10 :
   66.691630193333211      +\-   1.2532205074114965E-002
 precision:   1.8791271165189991E-004
 ====================NCALL=40K ===========================
  
 max=   1820.1667817520092     
 min=   0.0000000000000000     
       n_pass,     n_total
      200000      202059
 max=   1820.1667817520092     
 min=   0.0000000000000000     
       n_pass,     n_total
      210000      212059
 max=   1820.1667817520092     
 min=   0.0000000000000000     
       n_pass,     n_total
      220000      222059
 max=   1820.1667817520092     
 min=   0.0000000000000000     
       n_pass,     n_total
      230000      232059
   66.688118399405028      +\-   7.5722440691302776E-003
 precision:   1.1354712429849926E-004
 ====================NCALL=80K ===========================
  
 max=   1820.1667817520092     
 min=   0.0000000000000000     
       n_pass,     n_total
      240000      243206
 max=   1820.1667817520092     
 min=   0.0000000000000000     
       n_pass,     n_total
      250000      253206
 max=   1820.1667817520092     
 min=   0.0000000000000000     
       n_pass,     n_total
      260000      263206
 max=   1820.1667817520092     
 min=   0.0000000000000000     
       n_pass,     n_total
      270000      273206
 max=   1820.1667817520092     
 min=   0.0000000000000000     
       n_pass,     n_total
      280000      283206
 max=   1820.1667817520092     
 min=   0.0000000000000000     
       n_pass,     n_total
      290000      293206
 max=   1820.1667817520092     
 min=   0.0000000000000000     
       n_pass,     n_total
      300000      303206
 max=   1820.1667817520092     
 min=   0.0000000000000000     
       n_pass,     n_total
      310000      313206
   66.693364468299436      +\-   2.9592357428098034E-003
 precision:   4.4370767113066872E-005
 sigma (pb)                   sd (pb)
   66.693364468299436        2.9592357428098034E-003
