 =======================================================
 |                                                     |
 |         \/\/\/\/\/\___________/\/\/\/\/\/           |
 |                   |     \     |                     |
 |                   |     /     |                     |
 |                   |     \     |                     |
 |         /\/\/\/\/\|_____/_____|/\/\/\/\/\           |
 |                                                     |
 | Light-by-light scattering at next-to-leading order  |
 |                   (VERSION 0.5)                     |
 |                                                     |
 |    Authors:                                         |
 |            Ajjath A.H. (LPTHE Paris)                |
 |            Ekta Chaubey (Bonn)                      |
 |            Mathijs Fraaije (Bern)                   |
 |            Valentin Hirschi (Bern)                  |
 |            Hua-Sheng Shao (LPTHE Paris)             |
 |                                                     |
 |    Please cite                                      |
 |            PLB 851 (2024) 138555 [arXiv:2312.16956] |
 |            JHEP 03 (2024) 121    [arXiv:2312.16966] |
 |                                                     |
 =======================================================
 ---------------------------------------------------
         the cuts in the lab frame                  
 min transverse momentum of photon    0.0000000000000000     
 max (pseudo-)rapidity of photon    5.0000000000000000     
 min (pseudo-)rapidity of photon   -5.0000000000000000     
 min invariant mass of di-photon    0.0000000000000000     
 ---------------------------------------------------
 max=   3126648.8101558802     
 min=   0.0000000000000000     
       n_pass,     n_total
       10000       10000
  
 ====================NCALL=20K===========================
  
 ITERATION            1 :
   1838677.2538866827      +\-   61.225476282264246     
 precision:   3.3298653231741972E-005
 max=   3877050.3641523374     
 min=   0.0000000000000000     
       n_pass,     n_total
       20000       20002
 max=   3877050.3641523374     
 min=   0.0000000000000000     
       n_pass,     n_total
       30000       30002
 WARNING: outside the range of the grid (xs,xt)=   10.075344380574524       -4.7423104894516344E-004
 WARNING: set the 2-loop amplitudes to zero
 ITERATION            2 :
   1838585.6844322821      +\-   86.978508710687947     
 precision:   4.7307291385522312E-005
 WARNING: outside the range of the grid (xs,xt)=   10.075344380574524       -10.074847105475433     
 WARNING: set the 2-loop amplitudes to zero
 WARNING: outside the range of the grid (xs,xt)=   10.075344380574524       -10.074879851562429     
 WARNING: set the 2-loop amplitudes to zero
 WARNING: outside the range of the grid (xs,xt)=   10.075344380574524       -10.074857767347345     
 WARNING: set the 2-loop amplitudes to zero
 WARNING: outside the range of the grid (xs,xt)=   10.075344380574524       -10.074859698623392     
 WARNING: set the 2-loop amplitudes to zero
 INFO: will suppress the further warning
 max=   5039399.0979717094     
 min=   0.0000000000000000     
       n_pass,     n_total
       40000       40014
 max=   5039399.0979717094     
 min=   0.0000000000000000     
       n_pass,     n_total
       50000       50014
 ITERATION            3 :
   1838538.0167849557      +\-   97.505198749295900     
 precision:   5.3034094404967954E-005
 max=   6514218.9693585373     
 min=   0.0000000000000000     
       n_pass,     n_total
       60000       60042
 max=   6514218.9693585373     
 min=   0.0000000000000000     
       n_pass,     n_total
       70000       70042
 ITERATION            4 :
   1838455.2192738138      +\-   92.945855266166106     
 precision:   5.0556496721676766E-005
 max=   6855180.6249905908     
 min=   0.0000000000000000     
       n_pass,     n_total
       80000       80075
 max=   6855180.6249905908     
 min=   0.0000000000000000     
       n_pass,     n_total
       90000       90075
 ITERATION            5 :
   1838434.9260213838      +\-   71.516590821913667     
 precision:   3.8900800789661358E-005
 max=   6899069.6198322196     
 min=   0.0000000000000000     
       n_pass,     n_total
      100000      100130
 max=   6899069.6198322196     
 min=   0.0000000000000000     
       n_pass,     n_total
      110000      110130
 ITERATION            6 :
   1838435.7680440967      +\-   61.581101397575758     
 precision:   3.3496466108844046E-005
 max=   6947381.2894117637     
 min=   0.0000000000000000     
       n_pass,     n_total
      120000      120194
 max=   6947381.2894117637     
 min=   0.0000000000000000     
       n_pass,     n_total
      130000      130194
 ITERATION            7 :
   1838475.2647251466      +\-   55.946500651404953     
 precision:   3.0430923779531513E-005
 max=   6947381.2894117637     
 min=   0.0000000000000000     
       n_pass,     n_total
      140000      140292
 max=   6947381.2894117637     
 min=   0.0000000000000000     
       n_pass,     n_total
      150000      150292
 ITERATION            8 :
   1838325.1130175325      +\-   53.066492228991521     
 precision:   2.8866761299847081E-005
 max=   8140101.4921790380     
 min=   0.0000000000000000     
       n_pass,     n_total
      160000      160418
 max=   8140101.4921790380     
 min=   0.0000000000000000     
       n_pass,     n_total
      170000      170418
 ITERATION            9 :
   1838411.9482122501      +\-   51.720355780525566     
 precision:   2.8133169951827520E-005
 max=   8140101.4921790380     
 min=   0.0000000000000000     
       n_pass,     n_total
      180000      180567
 max=   8140101.4921790380     
 min=   0.0000000000000000     
       n_pass,     n_total
      190000      190567
 ITERATION           10 :
   1838452.9895068218      +\-   50.996865340624510     
 precision:   2.7739009717243181E-005
 ====================NCALL=40K ===========================
  
 max=   8140101.4921790380     
 min=   0.0000000000000000     
       n_pass,     n_total
      200000      200819
 max=   8140101.4921790380     
 min=   0.0000000000000000     
       n_pass,     n_total
      210000      210819
 max=   8140101.4921790380     
 min=   0.0000000000000000     
       n_pass,     n_total
      220000      220819
 max=   8140101.4921790380     
 min=   0.0000000000000000     
       n_pass,     n_total
      230000      230819
   1838446.8700610904      +\-   25.248492580910614     
 precision:   1.3733599263639107E-005
 ====================NCALL=80K ===========================
  
 max=   8579700.7752362620     
 min=   0.0000000000000000     
       n_pass,     n_total
      240000      241455
 max=   8579700.7752362620     
 min=   0.0000000000000000     
       n_pass,     n_total
      250000      251455
 max=   8579700.7752362620     
 min=   0.0000000000000000     
       n_pass,     n_total
      260000      261455
 max=   8579700.7752362620     
 min=   0.0000000000000000     
       n_pass,     n_total
      270000      271455
 max=   8579700.7752362620     
 min=   0.0000000000000000     
       n_pass,     n_total
      280000      281455
 max=   8579700.7752362620     
 min=   0.0000000000000000     
       n_pass,     n_total
      290000      291455
 max=   8579700.7752362620     
 min=   0.0000000000000000     
       n_pass,     n_total
      300000      301455
 max=   8579700.7752362620     
 min=   0.0000000000000000     
       n_pass,     n_total
      310000      311455
   1838412.5531515926      +\-   11.846854399910484     
 precision:   6.4440673991272572E-006
 sigma (pb)                   sd (pb)
   1838412.5531515926        11.846854399910484     
