 =======================================================
 |                                                     |
 |         \/\/\/\/\/\___________/\/\/\/\/\/           |
 |                   |     \     |                     |
 |                   |     /     |                     |
 |                   |     \     |                     |
 |         /\/\/\/\/\|_____/_____|/\/\/\/\/\           |
 |                                                     |
 | Light-by-light scattering at next-to-leading order  |
 |                   (VERSION 0.5)                     |
 |                                                     |
 |    Authors:                                         |
 |            Ajjath A.H. (LPTHE Paris)                |
 |            Ekta Chaubey (Bonn)                      |
 |            Mathijs Fraaije (Bern)                   |
 |            Valentin Hirschi (Bern)                  |
 |            Hua-Sheng Shao (LPTHE Paris)             |
 |                                                     |
 |    Please cite                                      |
 |            PLB 851 (2024) 138555 [arXiv:2312.16956] |
 |            JHEP 03 (2024) 121    [arXiv:2312.16966] |
 |                                                     |
 =======================================================
 ---------------------------------------------------
         the cuts in the lab frame                  
 min transverse momentum of photon    0.0000000000000000     
 max (pseudo-)rapidity of photon    5.0000000000000000     
 min (pseudo-)rapidity of photon   -5.0000000000000000     
 min invariant mass of di-photon    0.0000000000000000     
 ---------------------------------------------------
 max=   3.4602723691898685E-006
 min=   0.0000000000000000     
       n_pass,     n_total
       10000       10000
  
 ====================NCALL=20K===========================
  
 ITERATION            1 :
   1.4541418537583806E-006 +\-   9.1602395760253101E-010
 precision:   6.2994126414487824E-004
 max=   3.4602723691898685E-006
 min=   0.0000000000000000     
       n_pass,     n_total
       20000       20001
 max=   3.4602723691898685E-006
 min=   0.0000000000000000     
       n_pass,     n_total
       30000       30001
 ITERATION            2 :
   1.4520764576921727E-006 +\-   5.7034998883660144E-010
 precision:   3.9278233994859694E-004
 max=   3.4605943374414232E-006
 min=   0.0000000000000000     
       n_pass,     n_total
       40000       40001
 max=   3.4605943374414232E-006
 min=   0.0000000000000000     
       n_pass,     n_total
       50000       50001
 ITERATION            3 :
   1.4520084380028030E-006 +\-   3.7150436549144410E-010
 precision:   2.5585551417486109E-004
 max=   3.4605943374414232E-006
 min=   0.0000000000000000     
       n_pass,     n_total
       60000       60002
 max=   3.4605943374414232E-006
 min=   0.0000000000000000     
       n_pass,     n_total
       70000       70002
 ITERATION            4 :
   1.4522826901014150E-006 +\-   3.6718921645780147E-010
 precision:   2.5283591063951890E-004
 max=   3.4605943374414232E-006
 min=   0.0000000000000000     
       n_pass,     n_total
       80000       80004
 max=   3.4605943374414232E-006
 min=   0.0000000000000000     
       n_pass,     n_total
       90000       90004
 ITERATION            5 :
   1.4523967458837650E-006 +\-   3.6126227896436690E-010
 precision:   2.4873525776494587E-004
 max=   3.4605943374414232E-006
 min=   0.0000000000000000     
       n_pass,     n_total
      100000      100007
 max=   3.4605943374414232E-006
 min=   0.0000000000000000     
       n_pass,     n_total
      110000      110007
 ITERATION            6 :
   1.4519363589184916E-006 +\-   4.3738114097283497E-010
 precision:   3.0123988443861855E-004
 max=   3.4606130816141559E-006
 min=   0.0000000000000000     
       n_pass,     n_total
      120000      120010
 max=   3.4606130816141559E-006
 min=   0.0000000000000000     
       n_pass,     n_total
      130000      130010
 ITERATION            7 :
   1.4522246304076283E-006 +\-   3.7829026674717992E-010
 precision:   2.6049018783065039E-004
 max=   3.4606130816141559E-006
 min=   0.0000000000000000     
       n_pass,     n_total
      140000      140012
 max=   3.4606130816141559E-006
 min=   0.0000000000000000     
       n_pass,     n_total
      150000      150012
 ITERATION            8 :
   1.4515580931824434E-006 +\-   3.7082403333081487E-010
 precision:   2.5546620219505522E-004
 max=   3.4606130816141559E-006
 min=   0.0000000000000000     
       n_pass,     n_total
      160000      160018
 max=   3.4606130816141559E-006
 min=   0.0000000000000000     
       n_pass,     n_total
      170000      170018
 ITERATION            9 :
   1.4521887663400032E-006 +\-   3.8051526168363176E-010
 precision:   2.6202878751269799E-004
 max=   3.4606130816141559E-006
 min=   0.0000000000000000     
       n_pass,     n_total
      180000      180021
 max=   3.4606130816141559E-006
 min=   0.0000000000000000     
       n_pass,     n_total
      190000      190021
 ITERATION           10 :
   1.4520238898696277E-006 +\-   3.1916376419731177E-010
 precision:   2.1980613846922891E-004
 ====================NCALL=40K ===========================
  
 max=   3.4606384838701141E-006
 min=   0.0000000000000000     
       n_pass,     n_total
      200000      200024
 max=   3.4606384838701141E-006
 min=   0.0000000000000000     
       n_pass,     n_total
      210000      210024
 max=   3.4606384838701141E-006
 min=   0.0000000000000000     
       n_pass,     n_total
      220000      220024
 max=   3.4606384838701141E-006
 min=   0.0000000000000000     
       n_pass,     n_total
      230000      230024
   1.4521273373841119E-006 +\-   2.7423375997887370E-010
 precision:   1.8884966415747210E-004
 ====================NCALL=80K ===========================
  
 max=   3.4606384838701141E-006
 min=   0.0000000000000000     
       n_pass,     n_total
      240000      240037
 max=   3.4606384838701141E-006
 min=   0.0000000000000000     
       n_pass,     n_total
      250000      250037
 max=   3.4606384838701141E-006
 min=   0.0000000000000000     
       n_pass,     n_total
      260000      260037
 max=   3.4606384838701141E-006
 min=   0.0000000000000000     
       n_pass,     n_total
      270000      270037
 max=   3.4606384838701141E-006
 min=   0.0000000000000000     
       n_pass,     n_total
      280000      280037
 max=   3.4606384838701141E-006
 min=   0.0000000000000000     
       n_pass,     n_total
      290000      290037
 max=   3.4606384838701141E-006
 min=   0.0000000000000000     
       n_pass,     n_total
      300000      300037
 max=   3.4606384838701141E-006
 min=   0.0000000000000000     
       n_pass,     n_total
      310000      310037
   1.4518640087780469E-006 +\-   1.2453103624777692E-010
 precision:   8.5773209815007240E-005
 sigma (pb)                   sd (pb)
   1.4518640087780469E-006   1.2453103624777692E-010
