 =======================================================
 |                                                     |
 |         \/\/\/\/\/\___________/\/\/\/\/\/           |
 |                   |     \     |                     |
 |                   |     /     |                     |
 |                   |     \     |                     |
 |         /\/\/\/\/\|_____/_____|/\/\/\/\/\           |
 |                                                     |
 | Light-by-light scattering at next-to-leading order  |
 |                   (VERSION 0.5)                     |
 |                                                     |
 |    Authors:                                         |
 |            Ajjath A.H. (LPTHE Paris)                |
 |            Ekta Chaubey (Bonn)                      |
 |            Mathijs Fraaije (Bern)                   |
 |            Valentin Hirschi (Bern)                  |
 |            Hua-Sheng Shao (LPTHE Paris)             |
 |                                                     |
 |    Please cite                                      |
 |            PLB 851 (2024) 138555 [arXiv:2312.16956] |
 |            JHEP 03 (2024) 121    [arXiv:2312.16966] |
 |                                                     |
 =======================================================
 ---------------------------------------------------
         the cuts in the lab frame                  
 min transverse momentum of photon    0.0000000000000000     
 max (pseudo-)rapidity of photon    5.0000000000000000     
 min (pseudo-)rapidity of photon   -5.0000000000000000     
 min invariant mass of di-photon    0.0000000000000000     
 ---------------------------------------------------
 max=  0.33543673905271915     
 min=   0.0000000000000000     
       n_pass,     n_total
       10000       10000
  
 ====================NCALL=20K===========================
  
 ITERATION            1 :
   1.4973329377646439E-002 +\-   3.7332199236410113E-005
 precision:   2.4932463779326892E-003
 WARNING: outside the range of the grid (xs,xt)=   1054453.1075963464       -1054401.9925186397     
 WARNING: set the 2-loop amplitudes to zero
 WARNING: outside the range of the grid (xs,xt)=   1023667.8200692040       -1023618.1973218368     
 WARNING: set the 2-loop amplitudes to zero
 WARNING: outside the range of the grid (xs,xt)=   492861.30778842152       -492837.41611996823     
 WARNING: set the 2-loop amplitudes to zero
 WARNING: outside the range of the grid (xs,xt)=   52593.777777777781       -52591.228271290827     
 WARNING: set the 2-loop amplitudes to zero
 WARNING: outside the range of the grid (xs,xt)=   5244.8088642659277       -5244.5546198517168     
 WARNING: set the 2-loop amplitudes to zero
 INFO: will suppress the further warning
 max=  0.38123473695905108     
 min=   0.0000000000000000     
       n_pass,     n_total
       20000       20007
 max=  0.38123473695905108     
 min=   0.0000000000000000     
       n_pass,     n_total
       30000       30007
 ITERATION            2 :
   1.4930482612439093E-002 +\-   1.0819452974598724E-005
 precision:   7.2465527441053178E-004
 max=  0.38123473695905108     
 min=   0.0000000000000000     
       n_pass,     n_total
       40000       40035
 max=  0.38123473695905108     
 min=   0.0000000000000000     
       n_pass,     n_total
       50000       50035
 ITERATION            3 :
   1.4921319118841011E-002 +\-   4.4820966756519009E-006
 precision:   3.0038206675657778E-004
 max=  0.39834236638816339     
 min=   0.0000000000000000     
       n_pass,     n_total
       60000       60118
 max=  0.39834236638816339     
 min=   0.0000000000000000     
       n_pass,     n_total
       70000       70118
 ITERATION            4 :
   1.4925752191959537E-002 +\-   3.4567520381956226E-006
 precision:   2.3159650473480095E-004
 max=  0.39834236638816339     
 min=   0.0000000000000000     
       n_pass,     n_total
       80000       80300
 max=  0.39834236638816339     
 min=   0.0000000000000000     
       n_pass,     n_total
       90000       90300
 ITERATION            5 :
   1.4922231614049871E-002 +\-   2.7417956631860658E-006
 precision:   1.8373898315614915E-004
 max=  0.41418859374076245     
 min=   0.0000000000000000     
       n_pass,     n_total
      100000      100596
 max=  0.41418859374076245     
 min=   0.0000000000000000     
       n_pass,     n_total
      110000      110596
 ITERATION            6 :
   1.4925264916000861E-002 +\-   2.3820289201637625E-006
 precision:   1.5959709483012738E-004
 max=  0.41418859374076245     
 min=   0.0000000000000000     
       n_pass,     n_total
      120000      120881
 max=  0.41418859374076245     
 min=   0.0000000000000000     
       n_pass,     n_total
      130000      130881
 ITERATION            7 :
   1.4929767374980547E-002 +\-   2.2719470149981075E-006
 precision:   1.5217564734501215E-004
 max=  0.41485691401532060     
 min=   0.0000000000000000     
       n_pass,     n_total
      140000      141249
 max=  0.41485691401532060     
 min=   0.0000000000000000     
       n_pass,     n_total
      150000      151249
 ITERATION            8 :
   1.4923112813590430E-002 +\-   2.2656192243174080E-006
 precision:   1.5181947979741304E-004
 max=  0.41485691401532060     
 min=   0.0000000000000000     
       n_pass,     n_total
      160000      161461
 max=  0.41485691401532060     
 min=   0.0000000000000000     
       n_pass,     n_total
      170000      171461
 ITERATION            9 :
   1.4924818645184980E-002 +\-   2.3774685489059237E-006
 precision:   1.5929631075771488E-004
 max=  0.41485691401532060     
 min=   0.0000000000000000     
       n_pass,     n_total
      180000      181846
 max=  0.41485691401532060     
 min=   0.0000000000000000     
       n_pass,     n_total
      190000      191846
 ITERATION           10 :
   1.4927593119196555E-002 +\-   2.4097816559889887E-006
 precision:   1.6143135981446752E-004
 ====================NCALL=40K ===========================
  
 max=  0.41485691401532060     
 min=   0.0000000000000000     
       n_pass,     n_total
      200000      202185
 max=  0.41485691401532060     
 min=   0.0000000000000000     
       n_pass,     n_total
      210000      212185
 max=  0.41485691401532060     
 min=   0.0000000000000000     
       n_pass,     n_total
      220000      222185
 max=  0.41485691401532060     
 min=   0.0000000000000000     
       n_pass,     n_total
      230000      232185
   1.4926843520543846E-002 +\-   1.0998438164540630E-006
 precision:   7.3682276828342547E-005
 ====================NCALL=80K ===========================
  
 max=  0.41614494262425294     
 min=   0.0000000000000000     
       n_pass,     n_total
      240000      243095
 max=  0.41614494262425294     
 min=   0.0000000000000000     
       n_pass,     n_total
      250000      253095
 max=  0.41614494262425294     
 min=   0.0000000000000000     
       n_pass,     n_total
      260000      263095
 max=  0.41614494262425294     
 min=   0.0000000000000000     
       n_pass,     n_total
      270000      273095
 max=  0.41614494262425294     
 min=   0.0000000000000000     
       n_pass,     n_total
      280000      283095
 max=  0.41614494262425294     
 min=   0.0000000000000000     
       n_pass,     n_total
      290000      293095
 max=  0.41614494262425294     
 min=   0.0000000000000000     
       n_pass,     n_total
      300000      303095
 max=  0.41614494262425294     
 min=   0.0000000000000000     
       n_pass,     n_total
      310000      313095
   1.4925930709013656E-002 +\-   5.8972533306313999E-007
 precision:   3.9510121315718647E-005
 sigma (pb)                   sd (pb)
   1.4925930709013656E-002   5.8972533306313999E-007
