 =======================================================
 |                                                     |
 |         \/\/\/\/\/\___________/\/\/\/\/\/           |
 |                   |     \     |                     |
 |                   |     /     |                     |
 |                   |     \     |                     |
 |         /\/\/\/\/\|_____/_____|/\/\/\/\/\           |
 |                                                     |
 | Light-by-light scattering at next-to-leading order  |
 |                   (VERSION 0.5)                     |
 |                                                     |
 |    Authors:                                         |
 |            Ajjath A.H. (LPTHE Paris)                |
 |            Ekta Chaubey (Bonn)                      |
 |            Mathijs Fraaije (Bern)                   |
 |            Valentin Hirschi (Bern)                  |
 |            Hua-Sheng Shao (LPTHE Paris)             |
 |                                                     |
 |    Please cite                                      |
 |            PLB 851 (2024) 138555 [arXiv:2312.16956] |
 |            JHEP 03 (2024) 121    [arXiv:2312.16966] |
 |                                                     |
 =======================================================
 ---------------------------------------------------
         the cuts in the lab frame                  
 min transverse momentum of photon    0.0000000000000000     
 max (pseudo-)rapidity of photon    5.0000000000000000     
 min (pseudo-)rapidity of photon   -5.0000000000000000     
 min invariant mass of di-photon    0.0000000000000000     
 ---------------------------------------------------
 max=   290506.41243971238     
 min=   0.0000000000000000     
       n_pass,     n_total
       10000       10000
  
 ====================NCALL=20K===========================
  
 ITERATION            1 :
   5860.5290746917481      +\-   43.116120969485060     
 precision:   7.3570355884213200E-003
 WARNING: outside the range of the grid (xs,xt)=   3.7647582980619286E-002  -3.7645807336883420E-002
 WARNING: set the 2-loop amplitudes to zero
 WARNING: outside the range of the grid (xs,xt)=   3.6548442906574392E-002  -3.6546719103648290E-002
 WARNING: set the 2-loop amplitudes to zero
 WARNING: outside the range of the grid (xs,xt)=   1.7596834652228242E-002  -1.7596004699632416E-002
 WARNING: set the 2-loop amplitudes to zero
 WARNING: outside the range of the grid (xs,xt)=   16180.238280337471       -16179.475141339621     
 WARNING: set the 2-loop amplitudes to zero
 WARNING: outside the range of the grid (xs,xt)=  0.32854934383447026      -0.32853384784407419     
 WARNING: set the 2-loop amplitudes to zero
 INFO: will suppress the further warning
 max=   303772.88393149100     
 min=   0.0000000000000000     
       n_pass,     n_total
       20000       20007
 max=   303772.88393149100     
 min=   0.0000000000000000     
       n_pass,     n_total
       30000       30007
 ITERATION            2 :
   5804.2840289651813      +\-   8.9444492284398649     
 precision:   1.5410081904683305E-003
 max=   304269.07821760018     
 min=   0.0000000000000000     
       n_pass,     n_total
       40000       40040
 max=   304269.07821760018     
 min=   0.0000000000000000     
       n_pass,     n_total
       50000       50040
 ITERATION            3 :
   5797.4819033692702      +\-   3.4035622038735975     
 precision:   5.8707595135322108E-004
 max=   304269.07821760018     
 min=   0.0000000000000000     
       n_pass,     n_total
       60000       60160
 max=   304269.07821760018     
 min=   0.0000000000000000     
       n_pass,     n_total
       70000       70160
 ITERATION            4 :
   5798.7439054275637      +\-   2.1786086318703322     
 precision:   3.7570354328480990E-004
 max=   304404.05762207229     
 min=   0.0000000000000000     
       n_pass,     n_total
       80000       80426
 max=   304404.05762207229     
 min=   0.0000000000000000     
       n_pass,     n_total
       90000       90426
 ITERATION            5 :
   5797.6438451425720      +\-   1.5754638084701724     
 precision:   2.7174208187868249E-004
 max=   304444.35857473197     
 min=   0.0000000000000000     
       n_pass,     n_total
      100000      100768
 max=   304444.35857473197     
 min=   0.0000000000000000     
       n_pass,     n_total
      110000      110768
 ITERATION            6 :
   5797.4628988516752      +\-   1.5955635735323224     
 precision:   2.7521755660538360E-004
 max=   304503.89768441959     
 min=   0.0000000000000000     
       n_pass,     n_total
      120000      121091
 max=   304503.89768441959     
 min=   0.0000000000000000     
       n_pass,     n_total
      130000      131091
 ITERATION            7 :
   5799.7708454933681      +\-   1.4603974759125882     
 precision:   2.5180261683052012E-004
 max=   304503.89768441959     
 min=   0.0000000000000000     
       n_pass,     n_total
      140000      141429
 max=   304503.89768441959     
 min=   0.0000000000000000     
       n_pass,     n_total
      150000      151429
 ITERATION            8 :
   5796.9595093375183      +\-   1.6567742051395398     
 precision:   2.8580054810989656E-004
 max=   304503.89768441959     
 min=   0.0000000000000000     
       n_pass,     n_total
      160000      161934
 max=   304503.89768441959     
 min=   0.0000000000000000     
       n_pass,     n_total
      170000      171934
 ITERATION            9 :
   5798.1972725950063      +\-   1.4485954766708684     
 precision:   2.4983549344166135E-004
 max=   304530.90562298248     
 min=   0.0000000000000000     
       n_pass,     n_total
      180000      182378
 max=   304530.90562298248     
 min=   0.0000000000000000     
       n_pass,     n_total
      190000      192378
 ITERATION           10 :
   5801.0648230818979      +\-   1.3747951889199059     
 precision:   2.3699014419727282E-004
 ====================NCALL=40K ===========================
  
 max=   304530.90562298248     
 min=   0.0000000000000000     
       n_pass,     n_total
      200000      202967
 max=   304530.90562298248     
 min=   0.0000000000000000     
       n_pass,     n_total
      210000      212967
 max=   304530.90562298248     
 min=   0.0000000000000000     
       n_pass,     n_total
      220000      222967
 max=   304530.90562298248     
 min=   0.0000000000000000     
       n_pass,     n_total
      230000      232967
   5798.9690885783002      +\-  0.71622216959558394     
 precision:   1.2350853378512765E-004
 ====================NCALL=80K ===========================
  
 max=   304530.90562298248     
 min=   0.0000000000000000     
       n_pass,     n_total
      240000      244840
 max=   304530.90562298248     
 min=   0.0000000000000000     
       n_pass,     n_total
      250000      254840
 max=   304530.90562298248     
 min=   0.0000000000000000     
       n_pass,     n_total
      260000      264840
 max=   304530.90562298248     
 min=   0.0000000000000000     
       n_pass,     n_total
      270000      274840
 max=   304530.90562298248     
 min=   0.0000000000000000     
       n_pass,     n_total
      280000      284840
 max=   304530.90562298248     
 min=   0.0000000000000000     
       n_pass,     n_total
      290000      294840
 max=   304530.90562298248     
 min=   0.0000000000000000     
       n_pass,     n_total
      300000      304840
   5798.1830955366177      +\-  0.34993958178757112     
 precision:   6.0353316896279294E-005
 sigma (pb)                   sd (pb)
   5798.1830955366177       0.34993958178757112     
