 =======================================================
 |                                                     |
 |         \/\/\/\/\/\___________/\/\/\/\/\/           |
 |                   |     \     |                     |
 |                   |     /     |                     |
 |                   |     \     |                     |
 |         /\/\/\/\/\|_____/_____|/\/\/\/\/\           |
 |                                                     |
 | Light-by-light scattering at next-to-leading order  |
 |                   (VERSION 0.5)                     |
 |                                                     |
 |    Authors:                                         |
 |            Ajjath A.H. (LPTHE Paris)                |
 |            Ekta Chaubey (Bonn)                      |
 |            Mathijs Fraaije (Bern)                   |
 |            Valentin Hirschi (Bern)                  |
 |            Hua-Sheng Shao (LPTHE Paris)             |
 |                                                     |
 |    Please cite                                      |
 |            PLB 851 (2024) 138555 [arXiv:2312.16956] |
 |            JHEP 03 (2024) 121    [arXiv:2312.16966] |
 |                                                     |
 =======================================================
 ---------------------------------------------------
         the cuts in the lab frame                  
 min transverse momentum of photon    0.0000000000000000     
 max (pseudo-)rapidity of photon    5.0000000000000000     
 min (pseudo-)rapidity of photon   -5.0000000000000000     
 min invariant mass of di-photon    0.0000000000000000     
 ---------------------------------------------------
 max=   921175.25113944407     
 min=   0.0000000000000000     
       n_pass,     n_total
       10000       10000
  
 ====================NCALL=20K===========================
  
 ITERATION            1 :
   40820.414083050404      +\-   164.16566290348547     
 precision:   4.0216559922563577E-003
 max=   930743.21643221506     
 min=   0.0000000000000000     
       n_pass,     n_total
       20000       20007
 max=   930743.21643221506     
 min=   0.0000000000000000     
       n_pass,     n_total
       30000       30007
 ITERATION            2 :
   40518.980466998233      +\-   24.988880107473353     
 precision:   6.1672035721200376E-004
 WARNING: outside the range of the grid (xs,xt)=   2298.7427284668797       -2298.6338519804981     
 WARNING: set the 2-loop amplitudes to zero
 WARNING: outside the range of the grid (xs,xt)=   4.6677335771985982E-002  -4.6675124970294440E-002
 WARNING: set the 2-loop amplitudes to zero
 max=   931123.34251791448     
 min=   0.0000000000000000     
       n_pass,     n_total
       40000       40035
 max=   931123.34251791448     
 min=   0.0000000000000000     
       n_pass,     n_total
       50000       50035
 WARNING: outside the range of the grid (xs,xt)=   2298.7427284668797      -0.11124926875110246     
 WARNING: set the 2-loop amplitudes to zero
 WARNING: outside the range of the grid (xs,xt)=   4.6677335771985982E-002  -2.2589824461767448E-006
 WARNING: set the 2-loop amplitudes to zero
 ITERATION            3 :
   40498.791853341609      +\-   14.731180544416114     
 precision:   3.6374370370756198E-004
 WARNING: outside the range of the grid (xs,xt)=   2298.7427284668797       -2298.6324219000226     
 WARNING: set the 2-loop amplitudes to zero
 INFO: will suppress the further warning
 max=   931237.42201538943     
 min=   0.0000000000000000     
       n_pass,     n_total
       60000       60114
 max=   931237.42201538943     
 min=   0.0000000000000000     
       n_pass,     n_total
       70000       70114
 ITERATION            4 :
   40498.162360559931      +\-   11.780559692133538     
 precision:   2.9089121593344955E-004
 max=   931237.42201538943     
 min=   0.0000000000000000     
       n_pass,     n_total
       80000       80265
 max=   931237.42201538943     
 min=   0.0000000000000000     
       n_pass,     n_total
       90000       90265
 ITERATION            5 :
   40491.854016970232      +\-   9.9059671546598107     
 precision:   2.4464098755537831E-004
 max=   931237.42201538943     
 min=   0.0000000000000000     
       n_pass,     n_total
      100000      100493
 max=   931237.42201538943     
 min=   0.0000000000000000     
       n_pass,     n_total
      110000      110493
 ITERATION            6 :
   40493.751251947608      +\-   8.9835660184690678     
 precision:   2.2185067425772241E-004
 max=   933036.46108631534     
 min=   0.0000000000000000     
       n_pass,     n_total
      120000      120732
 max=   933036.46108631534     
 min=   0.0000000000000000     
       n_pass,     n_total
      130000      130732
 ITERATION            7 :
   40512.916488096642      +\-   8.6487896553699848     
 precision:   2.1348227689090566E-004
 max=   933036.46108631534     
 min=   0.0000000000000000     
       n_pass,     n_total
      140000      141016
 max=   933036.46108631534     
 min=   0.0000000000000000     
       n_pass,     n_total
      150000      151016
 ITERATION            8 :
   40482.273795270172      +\-   8.5723951106638143     
 precision:   2.1175675936625348E-004
 max=   933053.38613801834     
 min=   0.0000000000000000     
       n_pass,     n_total
      160000      161265
 max=   933053.38613801834     
 min=   0.0000000000000000     
       n_pass,     n_total
      170000      171265
 ITERATION            9 :
   40498.400913550890      +\-   8.4308133152365841     
 precision:   2.0817644956484216E-004
 max=   933053.38613801834     
 min=   0.0000000000000000     
       n_pass,     n_total
      180000      181553
 max=   933053.38613801834     
 min=   0.0000000000000000     
       n_pass,     n_total
      190000      191553
 ITERATION           10 :
   40504.984731424804      +\-   8.3816813803946744     
 precision:   2.0692962695754213E-004
 ====================NCALL=40K ===========================
  
 max=   933053.38613801834     
 min=   0.0000000000000000     
       n_pass,     n_total
      200000      201957
 max=   933053.38613801834     
 min=   0.0000000000000000     
       n_pass,     n_total
      210000      211957
 max=   933053.38613801834     
 min=   0.0000000000000000     
       n_pass,     n_total
      220000      221957
 max=   933053.38613801834     
 min=   0.0000000000000000     
       n_pass,     n_total
      230000      231957
   40504.953442315593      +\-   4.0207465057916787     
 precision:   9.9265550607723890E-005
 ====================NCALL=80K ===========================
  
 max=   933053.38613801834     
 min=   0.0000000000000000     
       n_pass,     n_total
      240000      242598
 max=   933053.38613801834     
 min=   0.0000000000000000     
       n_pass,     n_total
      250000      252598
 max=   933053.38613801834     
 min=   0.0000000000000000     
       n_pass,     n_total
      260000      262598
 max=   933053.38613801834     
 min=   0.0000000000000000     
       n_pass,     n_total
      270000      272598
 max=   933053.38613801834     
 min=   0.0000000000000000     
       n_pass,     n_total
      280000      282598
 max=   933053.38613801834     
 min=   0.0000000000000000     
       n_pass,     n_total
      290000      292598
 max=   933053.38613801834     
 min=   0.0000000000000000     
       n_pass,     n_total
      300000      302598
 max=   933053.38613801834     
 min=   0.0000000000000000     
       n_pass,     n_total
      310000      312598
   40500.479174347958      +\-   1.9872939607460072     
 precision:   4.9068406133938090E-005
 sigma (pb)                   sd (pb)
   40500.479174347958        1.9872939607460072     
