 =======================================================
 |                                                     |
 |         \/\/\/\/\/\___________/\/\/\/\/\/           |
 |                   |     \     |                     |
 |                   |     /     |                     |
 |                   |     \     |                     |
 |         /\/\/\/\/\|_____/_____|/\/\/\/\/\           |
 |                                                     |
 | Light-by-light scattering at next-to-leading order  |
 |                   (VERSION 0.5)                     |
 |                                                     |
 |    Authors:                                         |
 |            Ajjath A.H. (LPTHE Paris)                |
 |            Ekta Chaubey (Bonn)                      |
 |            Mathijs Fraaije (Bern)                   |
 |            Valentin Hirschi (Bern)                  |
 |            Hua-Sheng Shao (LPTHE Paris)             |
 |                                                     |
 |    Please cite                                      |
 |            PLB 851 (2024) 138555 [arXiv:2312.16956] |
 |            JHEP 03 (2024) 121    [arXiv:2312.16966] |
 |                                                     |
 =======================================================
 ---------------------------------------------------
         the cuts in the lab frame                  
 min transverse momentum of photon    0.0000000000000000     
 max (pseudo-)rapidity of photon    5.0000000000000000     
 min (pseudo-)rapidity of photon   -5.0000000000000000     
 min invariant mass of di-photon    0.0000000000000000     
 ---------------------------------------------------
 WARNING: outside the range of the grid (xs,xt)=   9.7094600500617870E-002  -9.7094599529692446E-002
 WARNING: set the 2-loop amplitudes to zero
 WARNING: outside the range of the grid (xs,xt)=   9.7279429473027118E-002  -9.7279428500253493E-002
 WARNING: set the 2-loop amplitudes to zero
 WARNING: outside the range of the grid (xs,xt)=   9.7162040541954778E-002  -9.7162039570354977E-002
 WARNING: set the 2-loop amplitudes to zero
 WARNING: outside the range of the grid (xs,xt)=   9.7354098215206880E-002  -9.7354097241686574E-002
 WARNING: set the 2-loop amplitudes to zero
 WARNING: outside the range of the grid (xs,xt)=   9.7397918271689615E-002  -9.7397917297731132E-002
 WARNING: set the 2-loop amplitudes to zero
 INFO: will suppress the further warning
 max=   3.1061483128660288     
 min=   0.0000000000000000     
       n_pass,     n_total
       10000       10000
  
 ====================NCALL=20K===========================
  
 ITERATION            1 :
   2.2027442823566088      +\-   7.3952061022037113E-005
 precision:   3.3572694576657532E-005
 max=   3.1215557562064604     
 min=   0.0000000000000000     
       n_pass,     n_total
       20000       20002
 max=   3.1215557562064604     
 min=   0.0000000000000000     
       n_pass,     n_total
       30000       30002
 ITERATION            2 :
   2.2026183797406818      +\-   1.4396382644189746E-004
 precision:   6.5360312874010700E-005
 max=   3.1272886370015964     
 min=   0.0000000000000000     
       n_pass,     n_total
       40000       40010
 max=   3.1272886370015964     
 min=   0.0000000000000000     
       n_pass,     n_total
       50000       50010
 ITERATION            3 :
   2.2023932773955059      +\-   1.2286268366657041E-004
 precision:   5.5785987419951029E-005
 max=   3.1286306114350761     
 min=   0.0000000000000000     
       n_pass,     n_total
       60000       60033
 max=   3.1286306114350761     
 min=   0.0000000000000000     
       n_pass,     n_total
       70000       70033
 ITERATION            4 :
   2.2024394677083357      +\-   9.7533867140217923E-005
 precision:   4.4284471183084579E-005
 max=   3.1287609024874241     
 min=   0.0000000000000000     
       n_pass,     n_total
       80000       80065
 max=   3.1287609024874241     
 min=   0.0000000000000000     
       n_pass,     n_total
       90000       90065
 ITERATION            5 :
   2.2025246357463955      +\-   8.1062353097845414E-005
 precision:   3.6804288942890693E-005
 max=   3.1287609024874241     
 min=   0.0000000000000000     
       n_pass,     n_total
      100000      100109
 max=   3.1287609024874241     
 min=   0.0000000000000000     
       n_pass,     n_total
      110000      110109
 ITERATION            6 :
   2.2024844744704946      +\-   7.2457963243652987E-005
 precision:   3.2898285587721477E-005
 max=   3.1287609024874241     
 min=   0.0000000000000000     
       n_pass,     n_total
      120000      120153
 max=   3.1287609024874241     
 min=   0.0000000000000000     
       n_pass,     n_total
      130000      130153
 ITERATION            7 :
   2.2026067616931373      +\-   7.1530008230082321E-005
 precision:   3.2475160557074387E-005
 max=   3.1287609024874241     
 min=   0.0000000000000000     
       n_pass,     n_total
      140000      140210
 max=   3.1287609024874241     
 min=   0.0000000000000000     
       n_pass,     n_total
      150000      150210
 ITERATION            8 :
   2.2024163068134808      +\-   7.0674324422106876E-005
 precision:   3.2089448395140392E-005
 max=   3.1287609024874241     
 min=   0.0000000000000000     
       n_pass,     n_total
      160000      160279
 max=   3.1287609024874241     
 min=   0.0000000000000000     
       n_pass,     n_total
      170000      170279
 ITERATION            9 :
   2.2025266112143997      +\-   6.8513063529162087E-005
 precision:   3.1106576955901691E-005
 max=   3.1287609024874241     
 min=   0.0000000000000000     
       n_pass,     n_total
      180000      180350
 max=   3.1287609024874241     
 min=   0.0000000000000000     
       n_pass,     n_total
      190000      190350
 ITERATION           10 :
   2.2025546878494651      +\-   7.0057315064495933E-005
 precision:   3.1807298793065901E-005
 ====================NCALL=40K ===========================
  
 max=   3.1287609024874241     
 min=   0.0000000000000000     
       n_pass,     n_total
      200000      200493
 max=   3.1287609024874241     
 min=   0.0000000000000000     
       n_pass,     n_total
      210000      210493
 max=   3.1287609024874241     
 min=   0.0000000000000000     
       n_pass,     n_total
      220000      220493
 max=   3.1287609024874241     
 min=   0.0000000000000000     
       n_pass,     n_total
      230000      230493
   2.2025158109559988      +\-   3.6413149424385820E-005
 precision:   1.6532525779499739E-005
 ====================NCALL=80K ===========================
  
 max=   3.1287609024874241     
 min=   0.0000000000000000     
       n_pass,     n_total
      240000      240828
 max=   3.1287609024874241     
 min=   0.0000000000000000     
       n_pass,     n_total
      250000      250828
 max=   3.1287609024874241     
 min=   0.0000000000000000     
       n_pass,     n_total
      260000      260828
 max=   3.1287609024874241     
 min=   0.0000000000000000     
       n_pass,     n_total
      270000      270828
 max=   3.1287609024874241     
 min=   0.0000000000000000     
       n_pass,     n_total
      280000      280828
 max=   3.1287609024874241     
 min=   0.0000000000000000     
       n_pass,     n_total
      290000      290828
 max=   3.1287609024874241     
 min=   0.0000000000000000     
       n_pass,     n_total
      300000      300828
 max=   3.1287609024874241     
 min=   0.0000000000000000     
       n_pass,     n_total
      310000      310828
   2.2024860950861522      +\-   1.8133414909463846E-005
 precision:   8.2331574986649539E-006
 sigma (pb)                   sd (pb)
   2.2024860950861522        1.8133414909463846E-005
