 =======================================================
 |                                                     |
 |         \/\/\/\/\/\___________/\/\/\/\/\/           |
 |                   |     \     |                     |
 |                   |     /     |                     |
 |                   |     \     |                     |
 |         /\/\/\/\/\|_____/_____|/\/\/\/\/\           |
 |                                                     |
 | Light-by-light scattering at next-to-leading order  |
 |                   (VERSION 0.5)                     |
 |                                                     |
 |    Authors:                                         |
 |            Ajjath A.H. (LPTHE Paris)                |
 |            Ekta Chaubey (Bonn)                      |
 |            Mathijs Fraaije (Bern)                   |
 |            Valentin Hirschi (Bern)                  |
 |            Hua-Sheng Shao (LPTHE Paris)             |
 |                                                     |
 |    Please cite                                      |
 |            PLB 851 (2024) 138555 [arXiv:2312.16956] |
 |            JHEP 03 (2024) 121    [arXiv:2312.16966] |
 |                                                     |
 =======================================================
 ---------------------------------------------------
         the cuts in the lab frame                  
 min transverse momentum of photon    0.0000000000000000     
 max (pseudo-)rapidity of photon    5.0000000000000000     
 min (pseudo-)rapidity of photon   -5.0000000000000000     
 min invariant mass of di-photon    0.0000000000000000     
 ---------------------------------------------------
 WARNING: outside the range of the grid (xs,xt)=   7.6416401759950597E-002  -7.6416400995799327E-002
 WARNING: set the 2-loop amplitudes to zero
 WARNING: outside the range of the grid (xs,xt)=   7.6561867779066844E-002  -7.6561867013460960E-002
 WARNING: set the 2-loop amplitudes to zero
 WARNING: outside the range of the grid (xs,xt)=   7.6469479122305853E-002  -7.6469478357623827E-002
 WARNING: set the 2-loop amplitudes to zero
 WARNING: outside the range of the grid (xs,xt)=   7.6620634348699951E-002  -7.6620633582506426E-002
 WARNING: set the 2-loop amplitudes to zero
 WARNING: outside the range of the grid (xs,xt)=   7.6655122065051484E-002  -7.6655121298513096E-002
 WARNING: set the 2-loop amplitudes to zero
 INFO: will suppress the further warning
 max=   1.5111420025382110     
 min=   0.0000000000000000     
       n_pass,     n_total
       10000       10000
  
 ====================NCALL=20K===========================
  
 ITERATION            1 :
   1.0723378706505768      +\-   3.8523492784035092E-005
 precision:   3.5924771322925740E-005
 max=   1.5215167784114554     
 min=   0.0000000000000000     
       n_pass,     n_total
       20000       20002
 max=   1.5215167784114554     
 min=   0.0000000000000000     
       n_pass,     n_total
       30000       30002
 ITERATION            2 :
   1.0722397767040528      +\-   6.9070560148381727E-005
 precision:   6.4417084358404461E-005
 max=   1.5246105842223243     
 min=   0.0000000000000000     
       n_pass,     n_total
       40000       40010
 max=   1.5246105842223243     
 min=   0.0000000000000000     
       n_pass,     n_total
       50000       50010
 ITERATION            3 :
   1.0721732458732733      +\-   5.9121952415587855E-005
 precision:   5.5142163491902533E-005
 max=   1.5250212280725752     
 min=   0.0000000000000000     
       n_pass,     n_total
       60000       60033
 max=   1.5250212280725752     
 min=   0.0000000000000000     
       n_pass,     n_total
       70000       70033
 ITERATION            4 :
   1.0721914292813683      +\-   4.6121938534675250E-005
 precision:   4.3016514845290528E-005
 max=   1.5250212280725752     
 min=   0.0000000000000000     
       n_pass,     n_total
       80000       80064
 max=   1.5250212280725752     
 min=   0.0000000000000000     
       n_pass,     n_total
       90000       90064
 ITERATION            5 :
   1.0722213341712958      +\-   3.8626295869663004E-005
 precision:   3.6024554482043301E-005
 max=   1.5250212280725752     
 min=   0.0000000000000000     
       n_pass,     n_total
      100000      100107
 max=   1.5250212280725752     
 min=   0.0000000000000000     
       n_pass,     n_total
      110000      110107
 ITERATION            6 :
   1.0721667540430873      +\-   3.6093249915030783E-005
 precision:   3.3663839863458686E-005
 max=   1.5250212280725752     
 min=   0.0000000000000000     
       n_pass,     n_total
      120000      120150
 max=   1.5250212280725752     
 min=   0.0000000000000000     
       n_pass,     n_total
      130000      130150
 ITERATION            7 :
   1.0722516594997717      +\-   3.5196778267663246E-005
 precision:   3.2825109624062782E-005
 max=   1.5250251170180840     
 min=   0.0000000000000000     
       n_pass,     n_total
      140000      140203
 max=   1.5250251170180840     
 min=   0.0000000000000000     
       n_pass,     n_total
      150000      150203
 ITERATION            8 :
   1.0721481952588208      +\-   3.4853899595994553E-005
 precision:   3.2508472009861177E-005
 max=   1.5250251170180840     
 min=   0.0000000000000000     
       n_pass,     n_total
      160000      160269
 max=   1.5250251170180840     
 min=   0.0000000000000000     
       n_pass,     n_total
      170000      170269
 ITERATION            9 :
   1.0722124935811315      +\-   3.3800266733351601E-005
 precision:   3.1523850855776307E-005
 max=   1.5250251170180840     
 min=   0.0000000000000000     
       n_pass,     n_total
      180000      180337
 max=   1.5250251170180840     
 min=   0.0000000000000000     
       n_pass,     n_total
      190000      190337
 ITERATION           10 :
   1.0722284821497834      +\-   3.4635079128660340E-005
 precision:   3.2301957749917373E-005
 ====================NCALL=40K ===========================
  
 max=   1.5250251170180840     
 min=   0.0000000000000000     
       n_pass,     n_total
      200000      200473
 max=   1.5250251170180840     
 min=   0.0000000000000000     
       n_pass,     n_total
      210000      210473
 max=   1.5250251170180840     
 min=   0.0000000000000000     
       n_pass,     n_total
      220000      220473
 max=   1.5250251170180840     
 min=   0.0000000000000000     
       n_pass,     n_total
      230000      230473
   1.0722114380508667      +\-   1.7507050897847393E-005
 precision:   1.6327983713429516E-005
 ====================NCALL=80K ===========================
  
 max=   1.5250251170180840     
 min=   0.0000000000000000     
       n_pass,     n_total
      240000      240803
 max=   1.5250251170180840     
 min=   0.0000000000000000     
       n_pass,     n_total
      250000      250803
 max=   1.5250251170180840     
 min=   0.0000000000000000     
       n_pass,     n_total
      260000      260803
 max=   1.5250251170180840     
 min=   0.0000000000000000     
       n_pass,     n_total
      270000      270803
 max=   1.5250251170180840     
 min=   0.0000000000000000     
       n_pass,     n_total
      280000      280803
 max=   1.5250251170180840     
 min=   0.0000000000000000     
       n_pass,     n_total
      290000      290803
 max=   1.5250251170180840     
 min=   0.0000000000000000     
       n_pass,     n_total
      300000      300803
 max=   1.5250251170180840     
 min=   0.0000000000000000     
       n_pass,     n_total
      310000      310803
   1.0721892196856804      +\-   9.2275123478924019E-006
 precision:   8.6062349615840300E-006
 sigma (pb)                   sd (pb)
   1.0721892196856804        9.2275123478924019E-006
