 =======================================================
 |                                                     |
 |         \/\/\/\/\/\___________/\/\/\/\/\/           |
 |                   |     \     |                     |
 |                   |     /     |                     |
 |                   |     \     |                     |
 |         /\/\/\/\/\|_____/_____|/\/\/\/\/\           |
 |                                                     |
 | Light-by-light scattering at next-to-leading order  |
 |                   (VERSION 0.5)                     |
 |                                                     |
 |    Authors:                                         |
 |            Ajjath A.H. (LPTHE Paris)                |
 |            Ekta Chaubey (Bonn)                      |
 |            Mathijs Fraaije (Bern)                   |
 |            Valentin Hirschi (Bern)                  |
 |            Hua-Sheng Shao (LPTHE Paris)             |
 |                                                     |
 |    Please cite                                      |
 |            PLB 851 (2024) 138555 [arXiv:2312.16956] |
 |            JHEP 03 (2024) 121    [arXiv:2312.16966] |
 |                                                     |
 =======================================================
 ---------------------------------------------------
         the cuts in the lab frame                  
 min transverse momentum of photon    0.0000000000000000     
 max (pseudo-)rapidity of photon    5.0000000000000000     
 min (pseudo-)rapidity of photon   -5.0000000000000000     
 min invariant mass of di-photon    0.0000000000000000     
 ---------------------------------------------------
 max=   3182153.2119978126     
 min=   0.0000000000000000     
       n_pass,     n_total
       10000       10000
  
 ====================NCALL=20K===========================
  
 ITERATION            1 :
   1704567.4701900166      +\-   64.278384911549168     
 precision:   3.7709498764741613E-005
 WARNING: outside the range of the grid (xs,xt)=   5.4228356861864118       -5.4228356320221973     
 WARNING: set the 2-loop amplitudes to zero
 WARNING: outside the range of the grid (xs,xt)=   5.4228600020156463       -5.4228599478511894     
 WARNING: set the 2-loop amplitudes to zero
 WARNING: outside the range of the grid (xs,xt)=   5.4228575102692442       -5.4228574561048122     
 WARNING: set the 2-loop amplitudes to zero
 max=   6426538121590232.0     
 min=   0.0000000000000000     
       n_pass,     n_total
       20000       20007
 max=   6426538121590232.0     
 min=   0.0000000000000000     
       n_pass,     n_total
       30000       30007
 ITERATION            2 :
   151476756688.82486      +\-   99072298922.685638     
 precision:  0.65404291119202884     
 WARNING: outside the range of the grid (xs,xt)=   5.4228925502645842       -5.4228924960998039     
 WARNING: set the 2-loop amplitudes to zero
 WARNING: outside the range of the grid (xs,xt)=   5.4228985039488284       -5.4228984497839878     
 WARNING: set the 2-loop amplitudes to zero
 INFO: will suppress the further warning
 max=   9234612136263224.0     
 min=   0.0000000000000000     
       n_pass,     n_total
       40000       40108
 max=   9234612136263224.0     
 min=   0.0000000000000000     
       n_pass,     n_total
       50000       50108
 ITERATION            3 :
   222836452946.60922      +\-   95023166904.494766     
 precision:  0.42642559441233774     
 max=   9311134751011888.0     
 min=   0.0000000000000000     
       n_pass,     n_total
       60000       61909
 max=   9311134751011888.0     
 min=   0.0000000000000000     
       n_pass,     n_total
       70000       71909
 ITERATION            4 :
   150005514365.14523      +\-   1575190464.3319392     
 precision:   1.0500883724164911E-002
 max=   9311134751011888.0     
 min=   0.0000000000000000     
       n_pass,     n_total
       80000       87419
 max=   9311134751011888.0     
 min=   0.0000000000000000     
       n_pass,     n_total
       90000       97419
 ITERATION            5 :
   151004203174.18906      +\-   170564320.48156506     
 precision:   1.1295335950669708E-003
 max=   9311467767231920.0     
 min=   0.0000000000000000     
       n_pass,     n_total
      100000      111596
 ITERATION            6 :
   150979733783.31873      +\-   34010159.835781641     
 precision:   2.2526307990840632E-004
 max=   9311672157812192.0     
 min=   0.0000000000000000     
       n_pass,     n_total
      110000      123248
 max=   9311672157812192.0     
 min=   0.0000000000000000     
       n_pass,     n_total
      120000      133248
 ITERATION            7 :
   150985281776.74069      +\-   14416611.308485262     
 precision:   9.5483554018217838E-005
 max=   9311789693900190.0     
 min=   0.0000000000000000     
       n_pass,     n_total
      130000      146606
 max=   9311789693900190.0     
 min=   0.0000000000000000     
       n_pass,     n_total
      140000      156606
 ITERATION            8 :
   150977374376.72418      +\-   7381902.4568678774     
 precision:   4.8894097458923137E-005
 max=   9311789693900190.0     
 min=   0.0000000000000000     
       n_pass,     n_total
      150000      167483
 ITERATION            9 :
   150970902697.16000      +\-   5756191.1103344578     
 precision:   3.8127818059623625E-005
 max=   9311789693900190.0     
 min=   0.0000000000000000     
       n_pass,     n_total
      160000      179634
 max=   9311789693900190.0     
 min=   0.0000000000000000     
       n_pass,     n_total
      170000      189634
 ITERATION           10 :
   150982403502.15845      +\-   7552802.2889558328     
 precision:   5.0024387701894400E-005
 ====================NCALL=40K ===========================
  
 max=   9311789693900190.0     
 min=   0.0000000000000000     
       n_pass,     n_total
      180000      201326
 max=   9311789693900190.0     
 min=   0.0000000000000000     
       n_pass,     n_total
      190000      211326
 max=   9311789693900190.0     
 min=   0.0000000000000000     
       n_pass,     n_total
      200000      221326
 max=   9311789693900190.0     
 min=   0.0000000000000000     
       n_pass,     n_total
      210000      231326
   150852058889.74442      +\-   2534441.5247786404     
 precision:   1.6800841456403503E-005
 ====================NCALL=80K ===========================
  
 max=   9311789693900190.0     
 min=   0.0000000000000000     
       n_pass,     n_total
      220000      243317
 max=   9311789693900190.0     
 min=   0.0000000000000000     
       n_pass,     n_total
      230000      253317
 max=   9311789693900190.0     
 min=   0.0000000000000000     
       n_pass,     n_total
      240000      263317
 max=   9311789693900190.0     
 min=   0.0000000000000000     
       n_pass,     n_total
      250000      273317
 max=   9311789693900190.0     
 min=   0.0000000000000000     
       n_pass,     n_total
      260000      283317
 max=   9311789693900190.0     
 min=   0.0000000000000000     
       n_pass,     n_total
      270000      293317
 max=   9311789693900190.0     
 min=   0.0000000000000000     
       n_pass,     n_total
      280000      303317
 max=   9311789693900190.0     
 min=   0.0000000000000000     
       n_pass,     n_total
      290000      313317
   150489379586.32184      +\-   637849915.12624645     
 precision:   4.2385045169275283E-003
 sigma (pb)                   sd (pb)
   150489379586.32184        637849915.12624645     
