 =======================================================
 |                                                     |
 |         \/\/\/\/\/\___________/\/\/\/\/\/           |
 |                   |     \     |                     |
 |                   |     /     |                     |
 |                   |     \     |                     |
 |         /\/\/\/\/\|_____/_____|/\/\/\/\/\           |
 |                                                     |
 | Light-by-light scattering at next-to-leading order  |
 |                   (VERSION 0.5)                     |
 |                                                     |
 |    Authors:                                         |
 |            Ajjath A.H. (LPTHE Paris)                |
 |            Ekta Chaubey (Bonn)                      |
 |            Mathijs Fraaije (Bern)                   |
 |            Valentin Hirschi (Bern)                  |
 |            Hua-Sheng Shao (LPTHE Paris)             |
 |                                                     |
 |    Please cite                                      |
 |            PLB 851 (2024) 138555 [arXiv:2312.16956] |
 |            JHEP 03 (2024) 121    [arXiv:2312.16966] |
 |                                                     |
 =======================================================
 ---------------------------------------------------
         the cuts in the lab frame                  
 min transverse momentum of photon    0.0000000000000000     
 max (pseudo-)rapidity of photon    5.0000000000000000     
 min (pseudo-)rapidity of photon   -5.0000000000000000     
 min invariant mass of di-photon    0.0000000000000000     
 ---------------------------------------------------
 max=   1257221.2727774328     
 min=   0.0000000000000000     
       n_pass,     n_total
       10000       10000
  
 ====================NCALL=20K===========================
  
 ITERATION            1 :
   77754.882152228485      +\-   213.69087072235686     
 precision:   2.7482630647422618E-003
 max=   1263446.8429170018     
 min=   0.0000000000000000     
       n_pass,     n_total
       20000       20007
 max=   1263446.8429170018     
 min=   0.0000000000000000     
       n_pass,     n_total
       30000       30007
 ITERATION            2 :
   77331.087537607076      +\-   34.402266153032471     
 precision:   4.4486980913467975E-004
 WARNING: outside the range of the grid (xs,xt)=   1182.2293113154437       -1182.1737584768525     
 WARNING: set the 2-loop amplitudes to zero
 WARNING: outside the range of the grid (xs,xt)=   2.4005868007925618E-002  -2.4004739974558553E-002
 WARNING: set the 2-loop amplitudes to zero
 WARNING: outside the range of the grid (xs,xt)=   1182.2293113154437       -1182.1736653180403     
 WARNING: set the 2-loop amplitudes to zero
 WARNING: outside the range of the grid (xs,xt)=   2.4005868007925618E-002  -2.4004738082913566E-002
 WARNING: set the 2-loop amplitudes to zero
 WARNING: outside the range of the grid (xs,xt)=   1182.2293113154437       -1182.1711672108413     
 WARNING: set the 2-loop amplitudes to zero
 INFO: will suppress the further warning
 max=   1268803.6267517572     
 min=   0.0000000000000000     
       n_pass,     n_total
       40000       40031
 max=   1268803.6267517572     
 min=   0.0000000000000000     
       n_pass,     n_total
       50000       50031
 ITERATION            3 :
   77302.338300469753      +\-   23.612722820638407     
 precision:   3.0545936047700274E-004
 max=   1269763.9682142506     
 min=   0.0000000000000000     
       n_pass,     n_total
       60000       60097
 max=   1269763.9682142506     
 min=   0.0000000000000000     
       n_pass,     n_total
       70000       70097
 ITERATION            4 :
   77293.559302795038      +\-   19.964980861689224     
 precision:   2.5830070502352019E-004
 max=   1273613.7131014706     
 min=   0.0000000000000000     
       n_pass,     n_total
       80000       80208
 max=   1273613.7131014706     
 min=   0.0000000000000000     
       n_pass,     n_total
       90000       90208
 ITERATION            5 :
   77297.383953733632      +\-   17.242443113114522     
 precision:   2.2306632166794920E-004
 max=   1273613.7131014706     
 min=   0.0000000000000000     
       n_pass,     n_total
      100000      100376
 max=   1273613.7131014706     
 min=   0.0000000000000000     
       n_pass,     n_total
      110000      110376
 ITERATION            6 :
   77286.224486517385      +\-   16.085750582202781     
 precision:   2.0813218253414549E-004
 max=   1273613.7131014706     
 min=   0.0000000000000000     
       n_pass,     n_total
      120000      120560
 max=   1273613.7131014706     
 min=   0.0000000000000000     
       n_pass,     n_total
      130000      130560
 ITERATION            7 :
   77326.990009653382      +\-   15.517849128060146     
 precision:   2.0067830295893998E-004
 max=   1273940.0710576572     
 min=   0.0000000000000000     
       n_pass,     n_total
      140000      140760
 max=   1273940.0710576572     
 min=   0.0000000000000000     
       n_pass,     n_total
      150000      150760
 ITERATION            8 :
   77276.288669244284      +\-   15.307731997413100     
 precision:   1.9809093139724668E-004
 max=   1273940.0710576572     
 min=   0.0000000000000000     
       n_pass,     n_total
      160000      160963
 max=   1273940.0710576572     
 min=   0.0000000000000000     
       n_pass,     n_total
      170000      170963
 ITERATION            9 :
   77300.452522132982      +\-   14.990040986212767     
 precision:   1.9391918801407737E-004
 max=   1273940.0710576572     
 min=   0.0000000000000000     
       n_pass,     n_total
      180000      181191
 max=   1273940.0710576572     
 min=   0.0000000000000000     
       n_pass,     n_total
      190000      191191
 ITERATION           10 :
   77314.151685671357      +\-   15.111456533653488     
 precision:   1.9545524595666094E-004
 ====================NCALL=40K ===========================
  
 max=   1273940.0710576572     
 min=   0.0000000000000000     
       n_pass,     n_total
      200000      201544
 max=   1273940.0710576572     
 min=   0.0000000000000000     
       n_pass,     n_total
      210000      211544
 max=   1273940.0710576572     
 min=   0.0000000000000000     
       n_pass,     n_total
      220000      221544
 max=   1273940.0710576572     
 min=   0.0000000000000000     
       n_pass,     n_total
      230000      231544
   77313.466371585513      +\-   7.2601614982101168     
 precision:   9.3905523047125905E-005
 ====================NCALL=80K ===========================
  
 max=   1273940.0710576572     
 min=   0.0000000000000000     
       n_pass,     n_total
      240000      242133
 max=   1273940.0710576572     
 min=   0.0000000000000000     
       n_pass,     n_total
      250000      252133
 max=   1273940.0710576572     
 min=   0.0000000000000000     
       n_pass,     n_total
      260000      262133
 max=   1273940.0710576572     
 min=   0.0000000000000000     
       n_pass,     n_total
      270000      272133
 max=   1273940.0710576572     
 min=   0.0000000000000000     
       n_pass,     n_total
      280000      282133
 max=   1273940.0710576572     
 min=   0.0000000000000000     
       n_pass,     n_total
      290000      292133
 max=   1273940.0710576572     
 min=   0.0000000000000000     
       n_pass,     n_total
      300000      302133
 max=   1273940.0710576572     
 min=   0.0000000000000000     
       n_pass,     n_total
      310000      312133
   77303.113121745366      +\-   3.4331905151497533     
 precision:   4.4412060219913665E-005
 sigma (pb)                   sd (pb)
   77303.113121745366        3.4331905151497533     
