 =======================================================
 |                                                     |
 |         \/\/\/\/\/\___________/\/\/\/\/\/           |
 |                   |     \     |                     |
 |                   |     /     |                     |
 |                   |     \     |                     |
 |         /\/\/\/\/\|_____/_____|/\/\/\/\/\           |
 |                                                     |
 | Light-by-light scattering at next-to-leading order  |
 |                   (VERSION 0.5)                     |
 |                                                     |
 |    Authors:                                         |
 |            Ajjath A.H. (LPTHE Paris)                |
 |            Ekta Chaubey (Bonn)                      |
 |            Mathijs Fraaije (Bern)                   |
 |            Valentin Hirschi (Bern)                  |
 |            Hua-Sheng Shao (LPTHE Paris)             |
 |                                                     |
 |    Please cite                                      |
 |            PLB 851 (2024) 138555 [arXiv:2312.16956] |
 |            JHEP 03 (2024) 121    [arXiv:2312.16966] |
 |                                                     |
 =======================================================
 ---------------------------------------------------
         the cuts in the lab frame                  
 min transverse momentum of photon    0.0000000000000000     
 max (pseudo-)rapidity of photon    5.0000000000000000     
 min (pseudo-)rapidity of photon   -5.0000000000000000     
 min invariant mass of di-photon    0.0000000000000000     
 ---------------------------------------------------
 max=   2663.2272390511298     
 min=   0.0000000000000000     
       n_pass,     n_total
       10000       10000
  
 ====================NCALL=20K===========================
  
 ITERATION            1 :
   98.030453750868190      +\-  0.30683627344901687     
 precision:   3.1300097235987690E-003
 WARNING: outside the range of the grid (xs,xt)=   7.2497571842281117       -7.2494075471216686     
 WARNING: set the 2-loop amplitudes to zero
 WARNING: outside the range of the grid (xs,xt)=   7.0380968858131476       -7.0377574565374497     
 WARNING: set the 2-loop amplitudes to zero
 WARNING: outside the range of the grid (xs,xt)=   3.3886047480216579       -3.3884413243470615     
 WARNING: set the 2-loop amplitudes to zero
 WARNING: outside the range of the grid (xs,xt)=  0.36160177777777780      -0.36158433865587969     
 WARNING: set the 2-loop amplitudes to zero
 WARNING: outside the range of the grid (xs,xt)=   3.6060011080332410E-002  -3.6058271998924293E-002
 WARNING: set the 2-loop amplitudes to zero
 INFO: will suppress the further warning
 max=   3010.2587004878110     
 min=   0.0000000000000000     
       n_pass,     n_total
       20000       20007
 max=   3010.2587004878110     
 min=   0.0000000000000000     
       n_pass,     n_total
       30000       30007
 ITERATION            2 :
   97.658746168254154      +\-   8.2167470694317332E-002
 precision:   8.4137339376396216E-004
 max=   3015.9074473062406     
 min=   0.0000000000000000     
       n_pass,     n_total
       40000       40036
 max=   3015.9074473062406     
 min=   0.0000000000000000     
       n_pass,     n_total
       50000       50036
 ITERATION            3 :
   97.584267603053760      +\-   3.4333469051886015E-002
 precision:   3.5183405988704268E-004
 max=   3018.3910445004858     
 min=   0.0000000000000000     
       n_pass,     n_total
       60000       60129
 max=   3018.3910445004858     
 min=   0.0000000000000000     
       n_pass,     n_total
       70000       70129
 ITERATION            4 :
   97.607325334657673      +\-   2.5955036385218348E-002
 precision:   2.6591279185479770E-004
 max=   3055.7615178751062     
 min=   0.0000000000000000     
       n_pass,     n_total
       80000       80331
 max=   3055.7615178751062     
 min=   0.0000000000000000     
       n_pass,     n_total
       90000       90331
 ITERATION            5 :
   97.588438106526453      +\-   2.0202224065893618E-002
 precision:   2.0701452403450800E-004
 max=   3055.7615178751062     
 min=   0.0000000000000000     
       n_pass,     n_total
      100000      100660
 max=   3055.7615178751062     
 min=   0.0000000000000000     
       n_pass,     n_total
      110000      110660
 ITERATION            6 :
   97.605865836334047      +\-   1.7283932186237531E-002
 precision:   1.7707882654531548E-004
 max=   3055.7615178751062     
 min=   0.0000000000000000     
       n_pass,     n_total
      120000      120945
 max=   3055.7615178751062     
 min=   0.0000000000000000     
       n_pass,     n_total
      130000      130945
 ITERATION            7 :
   97.644786695418745      +\-   1.6814419637211021E-002
 precision:   1.7219987063579620E-004
 max=   3055.7615178751062     
 min=   0.0000000000000000     
       n_pass,     n_total
      140000      141347
 max=   3055.7615178751062     
 min=   0.0000000000000000     
       n_pass,     n_total
      150000      151347
 ITERATION            8 :
   97.588731829155819      +\-   1.8306673834742188E-002
 precision:   1.8759003720625095E-004
 max=   3055.7615178751062     
 min=   0.0000000000000000     
       n_pass,     n_total
      160000      161534
 max=   3055.7615178751062     
 min=   0.0000000000000000     
       n_pass,     n_total
      170000      171534
 ITERATION            9 :
   97.614398244326580      +\-   1.8167054286190892E-002
 precision:   1.8611039572993295E-004
 max=   3055.7615178751062     
 min=   0.0000000000000000     
       n_pass,     n_total
      180000      181937
 max=   3055.7615178751062     
 min=   0.0000000000000000     
       n_pass,     n_total
      190000      191937
 ITERATION           10 :
   97.625246783605292      +\-   1.6994093640951582E-002
 precision:   1.7407478291573946E-004
 ====================NCALL=40K ===========================
  
 max=   3055.7615178751062     
 min=   0.0000000000000000     
       n_pass,     n_total
      200000      202305
 max=   3055.7615178751062     
 min=   0.0000000000000000     
       n_pass,     n_total
      210000      212305
 max=   3055.7615178751062     
 min=   0.0000000000000000     
       n_pass,     n_total
      220000      222305
 max=   3055.7615178751062     
 min=   0.0000000000000000     
       n_pass,     n_total
      230000      232305
   97.622927677176037      +\-   8.5929129018453756E-003
 precision:   8.8021462850006020E-005
 ====================NCALL=80K ===========================
  
 max=   3055.7615178751062     
 min=   0.0000000000000000     
       n_pass,     n_total
      240000      243670
 max=   3055.7615178751062     
 min=   0.0000000000000000     
       n_pass,     n_total
      250000      253670
 max=   3055.7615178751062     
 min=   0.0000000000000000     
       n_pass,     n_total
      260000      263670
 max=   3055.7615178751062     
 min=   0.0000000000000000     
       n_pass,     n_total
      270000      273670
 max=   3055.7615178751062     
 min=   0.0000000000000000     
       n_pass,     n_total
      280000      283670
 max=   3055.7615178751062     
 min=   0.0000000000000000     
       n_pass,     n_total
      290000      293670
 max=   3055.7615178751062     
 min=   0.0000000000000000     
       n_pass,     n_total
      300000      303670
 max=   3055.7615178751062     
 min=   0.0000000000000000     
       n_pass,     n_total
      310000      313670
   97.615769055396356      +\-   4.1177384667259063E-003
 precision:   4.2183127854979194E-005
 sigma (pb)                   sd (pb)
   97.615769055396356        4.1177384667259063E-003
