 =======================================================
 |                                                     |
 |         \/\/\/\/\/\___________/\/\/\/\/\/           |
 |                   |     \     |                     |
 |                   |     /     |                     |
 |                   |     \     |                     |
 |         /\/\/\/\/\|_____/_____|/\/\/\/\/\           |
 |                                                     |
 | Light-by-light scattering at next-to-leading order  |
 |                   (VERSION 0.5)                     |
 |                                                     |
 |    Authors:                                         |
 |            Ajjath A.H. (LPTHE Paris)                |
 |            Ekta Chaubey (Bonn)                      |
 |            Mathijs Fraaije (Bern)                   |
 |            Valentin Hirschi (Bern)                  |
 |            Hua-Sheng Shao (LPTHE Paris)             |
 |                                                     |
 |    Please cite                                      |
 |            PLB 851 (2024) 138555 [arXiv:2312.16956] |
 |            JHEP 03 (2024) 121    [arXiv:2312.16966] |
 |                                                     |
 =======================================================
 ---------------------------------------------------
         the cuts in the lab frame                  
 min transverse momentum of photon    0.0000000000000000     
 max (pseudo-)rapidity of photon    5.0000000000000000     
 min (pseudo-)rapidity of photon   -5.0000000000000000     
 min invariant mass of di-photon    0.0000000000000000     
 ---------------------------------------------------
 max=   9.0237964756677567     
 min=   0.0000000000000000     
       n_pass,     n_total
       10000       10000
  
 ====================NCALL=20K===========================
  
 ITERATION            1 :
   2.1225485533231527E-002 +\-   1.3248165096878236E-003
 precision:   6.2416311165821588E-002
 max=   9.5374318115971803     
 min=   0.0000000000000000     
       n_pass,     n_total
       20000       20010
 max=   9.5374318115971803     
 min=   0.0000000000000000     
       n_pass,     n_total
       30000       30010
 ITERATION            2 :
   1.9965474609151178E-002 +\-   2.9960678861055875E-004
 precision:   1.5006244252928199E-002
 WARNING: outside the range of the grid (xs,xt)=   25671111.111111112       -25669870.680196911     
 WARNING: set the 2-loop amplitudes to zero
 WARNING: outside the range of the grid (xs,xt)=   2560000.0000000000       -2559876.3005182515     
 WARNING: set the 2-loop amplitudes to zero
 WARNING: outside the range of the grid (xs,xt)=   1929.9007651441746       -1929.8075121268018     
 WARNING: set the 2-loop amplitudes to zero
 WARNING: outside the range of the grid (xs,xt)=   18291626.672206514       -18290742.818792574     
 WARNING: set the 2-loop amplitudes to zero
 WARNING: outside the range of the grid (xs,xt)=   25671111.111111112       -25669942.482151814     
 WARNING: set the 2-loop amplitudes to zero
 INFO: will suppress the further warning
 max=   9.7016424143424054     
 min=   0.0000000000000000     
       n_pass,     n_total
       40000       40055
 max=   9.7016424143424054     
 min=   0.0000000000000000     
       n_pass,     n_total
       50000       50055
 ITERATION            3 :
   2.0071283196002036E-002 +\-   7.4441622719867765E-005
 precision:   3.7088621585836456E-003
 max=   9.7017687345777617     
 min=   0.0000000000000000     
       n_pass,     n_total
       60000       60328
 max=   9.7017687345777617     
 min=   0.0000000000000000     
       n_pass,     n_total
       70000       70328
 ITERATION            4 :
   1.9993161586234740E-002 +\-   2.1584230988593303E-005
 precision:   1.0795806803989426E-003
 max=   9.7041647424341537     
 min=   0.0000000000000000     
       n_pass,     n_total
       80000       81071
 max=   9.7041647424341537     
 min=   0.0000000000000000     
       n_pass,     n_total
       90000       91071
 ITERATION            5 :
   1.9975085256798912E-002 +\-   1.4069629522245607E-005
 precision:   7.0435892219567538E-004
 max=   9.7041647424341537     
 min=   0.0000000000000000     
       n_pass,     n_total
      100000      102404
 max=   9.7041647424341537     
 min=   0.0000000000000000     
       n_pass,     n_total
      110000      112404
 ITERATION            6 :
   1.9974930985548634E-002 +\-   1.1308716373581612E-005
 precision:   5.6614545410761056E-004
 max=   9.7046267074754002     
 min=   0.0000000000000000     
       n_pass,     n_total
      120000      124186
 max=   9.7046267074754002     
 min=   0.0000000000000000     
       n_pass,     n_total
      130000      134186
 ITERATION            7 :
   1.9991755882846612E-002 +\-   1.1159867975048920E-005
 precision:   5.5822350174975605E-004
 max=   9.7046267074754002     
 min=   0.0000000000000000     
       n_pass,     n_total
      140000      146350
 ITERATION            8 :
   1.9961608550206466E-002 +\-   1.0852671836017144E-005
 precision:   5.4367721963493232E-004
 max=   9.7046267074754002     
 min=   0.0000000000000000     
       n_pass,     n_total
      150000      158249
 max=   9.7046267074754002     
 min=   0.0000000000000000     
       n_pass,     n_total
      160000      168249
 ITERATION            9 :
   1.9977498344622861E-002 +\-   1.0698696250518084E-005
 precision:   5.3553733635511682E-004
 max=   9.7047843049021019     
 min=   0.0000000000000000     
       n_pass,     n_total
      170000      180564
 max=   9.7047843049021019     
 min=   0.0000000000000000     
       n_pass,     n_total
      180000      190564
 ITERATION           10 :
   1.9998006443620424E-002 +\-   1.0338104304215443E-005
 precision:   5.1695674433155348E-004
 ====================NCALL=40K ===========================
  
 max=   9.7047843049021019     
 min=   0.0000000000000000     
       n_pass,     n_total
      190000      202918
 max=   9.7047843049021019     
 min=   0.0000000000000000     
       n_pass,     n_total
      200000      212918
 max=   9.7047843049021019     
 min=   0.0000000000000000     
       n_pass,     n_total
      210000      222918
 max=   9.7047843049021019     
 min=   0.0000000000000000     
       n_pass,     n_total
      220000      232918
   1.9987235939753326E-002 +\-   5.4970262257810082E-006
 precision:   2.7502683424313697E-004
 ====================NCALL=80K ===========================
  
 max=   9.7048976563315268     
 min=   0.0000000000000000     
       n_pass,     n_total
      230000      249053
 max=   9.7048976563315268     
 min=   0.0000000000000000     
       n_pass,     n_total
      240000      259053
 max=   9.7048976563315268     
 min=   0.0000000000000000     
       n_pass,     n_total
      250000      269053
 max=   9.7048976563315268     
 min=   0.0000000000000000     
       n_pass,     n_total
      260000      279053
 max=   9.7048976563315268     
 min=   0.0000000000000000     
       n_pass,     n_total
      270000      289053
 max=   9.7048976563315268     
 min=   0.0000000000000000     
       n_pass,     n_total
      280000      299053
 max=   9.7048976563315268     
 min=   0.0000000000000000     
       n_pass,     n_total
      290000      309053
   1.9984090495543852E-002 +\-   2.9251828888821104E-006
 precision:   1.4637558259328248E-004
 sigma (pb)                   sd (pb)
   1.9984090495543852E-002   2.9251828888821104E-006
