 =======================================================
 |                                                     |
 |         \/\/\/\/\/\___________/\/\/\/\/\/           |
 |                   |     \     |                     |
 |                   |     /     |                     |
 |                   |     \     |                     |
 |         /\/\/\/\/\|_____/_____|/\/\/\/\/\           |
 |                                                     |
 | Light-by-light scattering at next-to-leading order  |
 |                   (VERSION 0.5)                     |
 |                                                     |
 |    Authors:                                         |
 |            Ajjath A.H. (LPTHE Paris)                |
 |            Ekta Chaubey (Bonn)                      |
 |            Mathijs Fraaije (Bern)                   |
 |            Valentin Hirschi (Bern)                  |
 |            Hua-Sheng Shao (LPTHE Paris)             |
 |                                                     |
 |    Please cite                                      |
 |            PLB 851 (2024) 138555 [arXiv:2312.16956] |
 |            JHEP 03 (2024) 121    [arXiv:2312.16966] |
 |                                                     |
 =======================================================
 ---------------------------------------------------
         the cuts in the lab frame                  
 min transverse momentum of photon    0.0000000000000000     
 max (pseudo-)rapidity of photon    5.0000000000000000     
 min (pseudo-)rapidity of photon   -5.0000000000000000     
 min invariant mass of di-photon    0.0000000000000000     
 ---------------------------------------------------
 max=   84941.676548049189     
 min=   0.0000000000000000     
       n_pass,     n_total
       10000       10000
  
 ====================NCALL=20K===========================
  
 ITERATION            1 :
   1255.4322318411212      +\-   10.567270057470910     
 precision:   8.4172365416919064E-003
 WARNING: outside the range of the grid (xs,xt)=  0.17166798841612829      -0.17165976244314995     
 WARNING: set the 2-loop amplitudes to zero
 WARNING: outside the range of the grid (xs,xt)=  0.16665605536332179      -0.16664806955175174     
 WARNING: set the 2-loop amplitudes to zero
 WARNING: outside the range of the grid (xs,xt)=   8.0239233652644751E-002  -8.0235388755445683E-002
 WARNING: set the 2-loop amplitudes to zero
 WARNING: outside the range of the grid (xs,xt)=   73779.741958708808       -73776.206586917586     
 WARNING: set the 2-loop amplitudes to zero
 WARNING: outside the range of the grid (xs,xt)=   1.4981414605165340       -1.4980696726935061     
 WARNING: set the 2-loop amplitudes to zero
 INFO: will suppress the further warning
 max=   92273.216299679829     
 min=   0.0000000000000000     
       n_pass,     n_total
       20000       20009
 max=   92273.216299679829     
 min=   0.0000000000000000     
       n_pass,     n_total
       30000       30009
 ITERATION            2 :
   1242.9379368877530      +\-   2.6558038171751512     
 precision:   2.1367147452471644E-003
 max=   93813.088380351022     
 min=   0.0000000000000000     
       n_pass,     n_total
       40000       40044
 max=   93813.088380351022     
 min=   0.0000000000000000     
       n_pass,     n_total
       50000       50044
 ITERATION            3 :
   1242.6744963228609      +\-  0.89678649217883510     
 precision:   7.2165840276956956E-004
 max=   94277.841029375864     
 min=   0.0000000000000000     
       n_pass,     n_total
       60000       60178
 max=   94277.841029375864     
 min=   0.0000000000000000     
       n_pass,     n_total
       70000       70178
 ITERATION            4 :
   1243.1633098128852      +\-  0.55773530714515251     
 precision:   4.4864202695066671E-004
 max=   94649.936825888683     
 min=   0.0000000000000000     
       n_pass,     n_total
       80000       80494
 max=   94649.936825888683     
 min=   0.0000000000000000     
       n_pass,     n_total
       90000       90494
 ITERATION            5 :
   1242.7291305315146      +\-  0.37679456883463619     
 precision:   3.0319927293687995E-004
 max=   94649.936825888683     
 min=   0.0000000000000000     
       n_pass,     n_total
      100000      100933
 max=   94649.936825888683     
 min=   0.0000000000000000     
       n_pass,     n_total
      110000      110933
 ITERATION            6 :
   1242.9235853871264      +\-  0.31206916449267519     
 precision:   2.5107670991332645E-004
 max=   94649.936825888683     
 min=   0.0000000000000000     
       n_pass,     n_total
      120000      121305
 max=   94649.936825888683     
 min=   0.0000000000000000     
       n_pass,     n_total
      130000      131305
 ITERATION            7 :
   1243.7359482829700      +\-  0.35147062538307511     
 precision:   2.8259264023709790E-004
 max=   94649.936825888683     
 min=   0.0000000000000000     
       n_pass,     n_total
      140000      141932
 max=   94649.936825888683     
 min=   0.0000000000000000     
       n_pass,     n_total
      150000      151932
 ITERATION            8 :
   1242.1947184928295      +\-  0.33057922232955966     
 precision:   2.6612512306496970E-004
 max=   94649.936825888683     
 min=   0.0000000000000000     
       n_pass,     n_total
      160000      162637
 max=   94649.936825888683     
 min=   0.0000000000000000     
       n_pass,     n_total
      170000      172637
 ITERATION            9 :
   1242.8895309954112      +\-  0.31351934770020323     
 precision:   2.5225037292663524E-004
 max=   94649.936825888683     
 min=   0.0000000000000000     
       n_pass,     n_total
      180000      183246
 max=   94649.936825888683     
 min=   0.0000000000000000     
       n_pass,     n_total
      190000      193246
 ITERATION           10 :
   1243.2893561910287      +\-  0.30763014359643548     
 precision:   2.4743245976053283E-004
 ====================NCALL=40K ===========================
  
 max=   94649.936825888683     
 min=   0.0000000000000000     
       n_pass,     n_total
      200000      204454
 max=   94649.936825888683     
 min=   0.0000000000000000     
       n_pass,     n_total
      210000      214454
 max=   94649.936825888683     
 min=   0.0000000000000000     
       n_pass,     n_total
      220000      224454
 max=   94649.936825888683     
 min=   0.0000000000000000     
       n_pass,     n_total
      230000      234454
   1242.9956415123627      +\-  0.16413112218626030     
 precision:   1.3204480909246043E-004
 ====================NCALL=80K ===========================
  
 max=   94649.936825888683     
 min=   0.0000000000000000     
       n_pass,     n_total
      240000      245957
 max=   94649.936825888683     
 min=   0.0000000000000000     
       n_pass,     n_total
      250000      255957
 max=   94649.936825888683     
 min=   0.0000000000000000     
       n_pass,     n_total
      260000      265957
 max=   94649.936825888683     
 min=   0.0000000000000000     
       n_pass,     n_total
      270000      275957
 max=   94649.936825888683     
 min=   0.0000000000000000     
       n_pass,     n_total
      280000      285957
 max=   94649.936825888683     
 min=   0.0000000000000000     
       n_pass,     n_total
      290000      295957
 max=   94649.936825888683     
 min=   0.0000000000000000     
       n_pass,     n_total
      300000      305957
   1242.8790112405416      +\-   8.0743496309745574E-002
 precision:   6.4964888440069421E-005
 sigma (pb)                   sd (pb)
   1242.8790112405416        8.0743496309745574E-002
