 =======================================================
 |                                                     |
 |         \/\/\/\/\/\___________/\/\/\/\/\/           |
 |                   |     \     |                     |
 |                   |     /     |                     |
 |                   |     \     |                     |
 |         /\/\/\/\/\|_____/_____|/\/\/\/\/\           |
 |                                                     |
 | Light-by-light scattering at next-to-leading order  |
 |                   (VERSION 0.5)                     |
 |                                                     |
 |    Authors:                                         |
 |            Ajjath A.H. (LPTHE Paris)                |
 |            Ekta Chaubey (Bonn)                      |
 |            Mathijs Fraaije (Bern)                   |
 |            Valentin Hirschi (Bern)                  |
 |            Hua-Sheng Shao (LPTHE Paris)             |
 |                                                     |
 |    Please cite                                      |
 |            PLB 851 (2024) 138555 [arXiv:2312.16956] |
 |            JHEP 03 (2024) 121    [arXiv:2312.16966] |
 |                                                     |
 =======================================================
 ---------------------------------------------------
         the cuts in the lab frame                  
 min transverse momentum of photon    0.0000000000000000     
 max (pseudo-)rapidity of photon    5.0000000000000000     
 min (pseudo-)rapidity of photon   -5.0000000000000000     
 min invariant mass of di-photon    0.0000000000000000     
 ---------------------------------------------------
 max=   4879.2765492515082     
 min=   0.0000000000000000     
       n_pass,     n_total
       10000       10000
  
 ====================NCALL=20K===========================
  
 ITERATION            1 :
   145.65623146246682      +\-  0.56547515553270844     
 precision:   3.8822585882871889E-003
 WARNING: outside the range of the grid (xs,xt)=   3.5591356649587875       -3.5589688537972721     
 WARNING: set the 2-loop amplitudes to zero
 WARNING: outside the range of the grid (xs,xt)=   3.4552249134948090       -3.4550629724688480     
 WARNING: set the 2-loop amplitudes to zero
 WARNING: outside the range of the grid (xs,xt)=   1.6635735110370680       -1.6634955419300248     
 WARNING: set the 2-loop amplitudes to zero
 WARNING: outside the range of the grid (xs,xt)=  0.17752177777777778      -0.17751345760773285     
 WARNING: set the 2-loop amplitudes to zero
 WARNING: outside the range of the grid (xs,xt)=   1.7703002770083104E-002  -1.7702173057834853E-002
 WARNING: set the 2-loop amplitudes to zero
 INFO: will suppress the further warning
 max=   5603.9077448174212     
 min=   0.0000000000000000     
       n_pass,     n_total
       20000       20007
 max=   5603.9077448174212     
 min=   0.0000000000000000     
       n_pass,     n_total
       30000       30007
 ITERATION            2 :
   145.01979330315572      +\-  0.15264942400844295     
 precision:   1.0526109611074808E-003
 max=   5603.9077448174212     
 min=   0.0000000000000000     
       n_pass,     n_total
       40000       40039
 max=   5603.9077448174212     
 min=   0.0000000000000000     
       n_pass,     n_total
       50000       50039
 ITERATION            3 :
   144.88195732647267      +\-   5.9187699172821698E-002
 precision:   4.0852360269712473E-004
 max=   5608.3210059815246     
 min=   0.0000000000000000     
       n_pass,     n_total
       60000       60142
 max=   5608.3210059815246     
 min=   0.0000000000000000     
       n_pass,     n_total
       70000       70142
 ITERATION            4 :
   144.92888794359331      +\-   4.2265309026379316E-002
 precision:   2.9162791232365681E-004
 max=   5613.7375556359957     
 min=   0.0000000000000000     
       n_pass,     n_total
       80000       80369
 max=   5613.7375556359957     
 min=   0.0000000000000000     
       n_pass,     n_total
       90000       90369
 ITERATION            5 :
   144.91821922016317      +\-   3.2374853360581039E-002
 precision:   2.2340085004354354E-004
 max=   5621.8419929127404     
 min=   0.0000000000000000     
       n_pass,     n_total
      100000      100721
 max=   5621.8419929127404     
 min=   0.0000000000000000     
       n_pass,     n_total
      110000      110721
 ITERATION            6 :
   144.92752557791422      +\-   2.7115535882837015E-002
 precision:   1.8709721134553892E-004
 max=   5621.8419929127404     
 min=   0.0000000000000000     
       n_pass,     n_total
      120000      121007
 max=   5621.8419929127404     
 min=   0.0000000000000000     
       n_pass,     n_total
      130000      131007
 ITERATION            7 :
   144.99639876720732      +\-   2.7586339067742934E-002
 precision:   1.9025533945869224E-004
 max=   5621.8419929127404     
 min=   0.0000000000000000     
       n_pass,     n_total
      140000      141459
 max=   5621.8419929127404     
 min=   0.0000000000000000     
       n_pass,     n_total
      150000      151459
 ITERATION            8 :
   144.90786080153086      +\-   2.7429417117935263E-002
 precision:   1.8928867603327073E-004
 max=   5621.8419929127404     
 min=   0.0000000000000000     
       n_pass,     n_total
      160000      161803
 max=   5621.8419929127404     
 min=   0.0000000000000000     
       n_pass,     n_total
      170000      171803
 ITERATION            9 :
   144.94522751701518      +\-   2.4995000549431861E-002
 precision:   1.7244445351950402E-004
 max=   5632.7725752434435     
 min=   0.0000000000000000     
       n_pass,     n_total
      180000      182139
 max=   5632.7725752434435     
 min=   0.0000000000000000     
       n_pass,     n_total
      190000      192139
 ITERATION           10 :
   144.95584514709876      +\-   2.8498735370188894E-002
 precision:   1.9660287131759919E-004
 ====================NCALL=40K ===========================
  
 max=   5632.8677619299497     
 min=   0.0000000000000000     
       n_pass,     n_total
      200000      202842
 max=   5632.8677619299497     
 min=   0.0000000000000000     
       n_pass,     n_total
      210000      212842
 max=   5632.8677619299497     
 min=   0.0000000000000000     
       n_pass,     n_total
      220000      222842
 max=   5632.8677619299497     
 min=   0.0000000000000000     
       n_pass,     n_total
      230000      232842
   144.96952869755009      +\-   1.5653578429578596E-002
 precision:   1.0797840463589183E-004
 ====================NCALL=80K ===========================
  
 max=   5632.8677619299497     
 min=   0.0000000000000000     
       n_pass,     n_total
      240000      244187
 max=   5632.8677619299497     
 min=   0.0000000000000000     
       n_pass,     n_total
      250000      254187
 max=   5632.8677619299497     
 min=   0.0000000000000000     
       n_pass,     n_total
      260000      264187
 max=   5632.8677619299497     
 min=   0.0000000000000000     
       n_pass,     n_total
      270000      274187
 max=   5632.8677619299497     
 min=   0.0000000000000000     
       n_pass,     n_total
      280000      284187
 max=   5632.8677619299497     
 min=   0.0000000000000000     
       n_pass,     n_total
      290000      294187
 max=   5632.8677619299497     
 min=   0.0000000000000000     
       n_pass,     n_total
      300000      304187
 max=   5632.8677619299497     
 min=   0.0000000000000000     
       n_pass,     n_total
      310000      314187
   144.93558625208678      +\-   6.3538338342368226E-003
 precision:   4.3839018411845282E-005
 sigma (pb)                   sd (pb)
   144.93558625208678        6.3538338342368226E-003
