 =======================================================
 |                                                     |
 |         \/\/\/\/\/\___________/\/\/\/\/\/           |
 |                   |     \     |                     |
 |                   |     /     |                     |
 |                   |     \     |                     |
 |         /\/\/\/\/\|_____/_____|/\/\/\/\/\           |
 |                                                     |
 | Light-by-light scattering at next-to-leading order  |
 |                   (VERSION 0.5)                     |
 |                                                     |
 |    Authors:                                         |
 |            Ajjath A.H. (LPTHE Paris)                |
 |            Ekta Chaubey (Bonn)                      |
 |            Mathijs Fraaije (Bern)                   |
 |            Valentin Hirschi (Bern)                  |
 |            Hua-Sheng Shao (LPTHE Paris)             |
 |                                                     |
 |    Please cite                                      |
 |            PLB 851 (2024) 138555 [arXiv:2312.16956] |
 |            JHEP 03 (2024) 121    [arXiv:2312.16966] |
 |                                                     |
 =======================================================
 ---------------------------------------------------
         the cuts in the lab frame                  
 min transverse momentum of photon    0.0000000000000000     
 max (pseudo-)rapidity of photon    5.0000000000000000     
 min (pseudo-)rapidity of photon   -5.0000000000000000     
 min invariant mass of di-photon    0.0000000000000000     
 ---------------------------------------------------
 max=   2996580.2443287834     
 min=   0.0000000000000000     
       n_pass,     n_total
       10000       10000
  
 ====================NCALL=20K===========================
  
 ITERATION            1 :
   976239.60474784998      +\-   173.62420168388468     
 precision:   1.7784998768691581E-004
 WARNING: outside the range of the grid (xs,xt)=   57.950528682105229       -57.947794372689842     
 WARNING: set the 2-loop amplitudes to zero
 max=   3168035.1573098991     
 min=   0.0000000000000000     
       n_pass,     n_total
       20000       20002
 max=   3168035.1573098991     
 min=   0.0000000000000000     
       n_pass,     n_total
       30000       30002
 ITERATION            2 :
   975950.20682325878      +\-   107.56895892132184     
 precision:   1.1021972040096324E-004
 WARNING: outside the range of the grid (xs,xt)=   57.950528682105229       -57.947768864002398     
 WARNING: set the 2-loop amplitudes to zero
 WARNING: outside the range of the grid (xs,xt)=   57.950528682105229       -57.947809701803791     
 WARNING: set the 2-loop amplitudes to zero
 max=   3372958.7352121253     
 min=   0.0000000000000000     
       n_pass,     n_total
       40000       40010
 max=   3372958.7352121253     
 min=   0.0000000000000000     
       n_pass,     n_total
       50000       50010
 WARNING: outside the range of the grid (xs,xt)=   57.950528682105229       -2.7612805814891117E-003
 WARNING: set the 2-loop amplitudes to zero
 WARNING: outside the range of the grid (xs,xt)=   57.950528682105229       -2.8159653169691078E-003
 WARNING: set the 2-loop amplitudes to zero
 INFO: will suppress the further warning
 ITERATION            3 :
   975700.58642957034      +\-   105.54841990359056     
 precision:   1.0817705899904102E-004
 max=   3372958.7352121253     
 min=   0.0000000000000000     
       n_pass,     n_total
       60000       60035
 max=   3372958.7352121253     
 min=   0.0000000000000000     
       n_pass,     n_total
       70000       70035
 ITERATION            4 :
   975677.09822744643      +\-   102.44508878111607     
 precision:   1.0499896837512366E-004
 max=   3417657.1940881978     
 min=   0.0000000000000000     
       n_pass,     n_total
       80000       80062
 max=   3417657.1940881978     
 min=   0.0000000000000000     
       n_pass,     n_total
       90000       90062
 ITERATION            5 :
   975769.50689572736      +\-   92.836411961876053     
 precision:   9.5141743317253238E-005
 max=   3417657.1940881978     
 min=   0.0000000000000000     
       n_pass,     n_total
      100000      100094
 max=   3417657.1940881978     
 min=   0.0000000000000000     
       n_pass,     n_total
      110000      110094
 ITERATION            6 :
   975710.62366437924      +\-   88.192049991220969     
 precision:   9.0387506143990584E-005
 max=   3417657.1940881978     
 min=   0.0000000000000000     
       n_pass,     n_total
      120000      120125
 max=   3417657.1940881978     
 min=   0.0000000000000000     
       n_pass,     n_total
      130000      130125
 ITERATION            7 :
   975825.80838917743      +\-   86.819239814903469     
 precision:   8.8970018079577518E-005
 max=   3420822.6369794779     
 min=   0.0000000000000000     
       n_pass,     n_total
      140000      140162
 max=   3420822.6369794779     
 min=   0.0000000000000000     
       n_pass,     n_total
      150000      150162
 ITERATION            8 :
   975571.21747599333      +\-   85.984567735304651     
 precision:   8.8137663550350232E-005
 max=   3425657.9236495341     
 min=   0.0000000000000000     
       n_pass,     n_total
      160000      160210
 max=   3425657.9236495341     
 min=   0.0000000000000000     
       n_pass,     n_total
      170000      170210
 ITERATION            9 :
   975719.47553368844      +\-   84.669329200298208     
 precision:   8.6776303357055266E-005
 max=   3425657.9236495341     
 min=   0.0000000000000000     
       n_pass,     n_total
      180000      180252
 max=   3425657.9236495341     
 min=   0.0000000000000000     
       n_pass,     n_total
      190000      190252
 ITERATION           10 :
   975830.51479023043      +\-   84.210051790272132     
 precision:   8.6295776278705894E-005
 ====================NCALL=40K ===========================
  
 max=   3426284.6720649269     
 min=   0.0000000000000000     
       n_pass,     n_total
      200000      200338
 max=   3426284.6720649269     
 min=   0.0000000000000000     
       n_pass,     n_total
      210000      210338
 max=   3426284.6720649269     
 min=   0.0000000000000000     
       n_pass,     n_total
      220000      220338
 max=   3426284.6720649269     
 min=   0.0000000000000000     
       n_pass,     n_total
      230000      230338
   975768.08224987204      +\-   43.160666820636798     
 precision:   4.4232505249730365E-005
 ====================NCALL=80K ===========================
  
 max=   3601830.5614665980     
 min=   0.0000000000000000     
       n_pass,     n_total
      240000      240561
 max=   3601830.5614665980     
 min=   0.0000000000000000     
       n_pass,     n_total
      250000      250561
 max=   3601830.5614665980     
 min=   0.0000000000000000     
       n_pass,     n_total
      260000      260561
 max=   3601830.5614665980     
 min=   0.0000000000000000     
       n_pass,     n_total
      270000      270561
 max=   3601830.5614665980     
 min=   0.0000000000000000     
       n_pass,     n_total
      280000      280561
 max=   3601830.5614665980     
 min=   0.0000000000000000     
       n_pass,     n_total
      290000      290561
 max=   3601830.5614665980     
 min=   0.0000000000000000     
       n_pass,     n_total
      300000      300561
 max=   3601830.5614665980     
 min=   0.0000000000000000     
       n_pass,     n_total
      310000      310561
   975701.78095618042      +\-   22.317448163443370     
 precision:   2.2873226839426735E-005
 sigma (pb)                   sd (pb)
   975701.78095618042        22.317448163443370     
