 =======================================================
 |                                                     |
 |         \/\/\/\/\/\___________/\/\/\/\/\/           |
 |                   |     \     |                     |
 |                   |     /     |                     |
 |                   |     \     |                     |
 |         /\/\/\/\/\|_____/_____|/\/\/\/\/\           |
 |                                                     |
 | Light-by-light scattering at next-to-leading order  |
 |                   (VERSION 0.5)                     |
 |                                                     |
 |    Authors:                                         |
 |            Ajjath A.H. (LPTHE Paris)                |
 |            Ekta Chaubey (Bonn)                      |
 |            Mathijs Fraaije (Bern)                   |
 |            Valentin Hirschi (Bern)                  |
 |            Hua-Sheng Shao (LPTHE Paris)             |
 |                                                     |
 |    Please cite                                      |
 |            PLB 851 (2024) 138555 [arXiv:2312.16956] |
 |            JHEP 03 (2024) 121    [arXiv:2312.16966] |
 |                                                     |
 =======================================================
 ---------------------------------------------------
         the cuts in the lab frame                  
 min transverse momentum of photon    0.0000000000000000     
 max (pseudo-)rapidity of photon    5.0000000000000000     
 min (pseudo-)rapidity of photon   -5.0000000000000000     
 min invariant mass of di-photon    0.0000000000000000     
 ---------------------------------------------------
 max=   14662.212237278460     
 min=   0.0000000000000000     
       n_pass,     n_total
       10000       10000
  
 ====================NCALL=20K===========================
  
 ITERATION            1 :
   299.93438151828025      +\-   1.7093395190785787     
 precision:   5.6990449391824682E-003
 WARNING: outside the range of the grid (xs,xt)=   1.0544531075963464       -1.0544020815240926     
 WARNING: set the 2-loop amplitudes to zero
 WARNING: outside the range of the grid (xs,xt)=   1.0236678200692038       -1.0236182837287311     
 WARNING: set the 2-loop amplitudes to zero
 WARNING: outside the range of the grid (xs,xt)=  0.49286130778842147      -0.49283745772195475     
 WARNING: set the 2-loop amplitudes to zero
 WARNING: outside the range of the grid (xs,xt)=   5.2593777777777767E-002  -5.2591232710685033E-002
 WARNING: set the 2-loop amplitudes to zero
 WARNING: outside the range of the grid (xs,xt)=   453184.53896852414       -453162.60890177864     
 WARNING: set the 2-loop amplitudes to zero
 INFO: will suppress the further warning
 max=   16567.643039008275     
 min=   0.0000000000000000     
       n_pass,     n_total
       20000       20009
 max=   16567.643039008275     
 min=   0.0000000000000000     
       n_pass,     n_total
       30000       30009
 ITERATION            2 :
   297.91473045388062      +\-  0.45276444939552613     
 precision:   1.5197786584964363E-003
 max=   16728.406837118113     
 min=   0.0000000000000000     
       n_pass,     n_total
       40000       40044
 max=   16728.406837118113     
 min=   0.0000000000000000     
       n_pass,     n_total
       50000       50044
 ITERATION            3 :
   297.84106363019345      +\-  0.16143315237918562     
 precision:   5.4201106594094380E-004
 max=   16971.618616496275     
 min=   0.0000000000000000     
       n_pass,     n_total
       60000       60170
 max=   16971.618616496275     
 min=   0.0000000000000000     
       n_pass,     n_total
       70000       70170
 ITERATION            4 :
   297.94044978182757      +\-  0.10177549963924797     
 precision:   3.4159678457146373E-004
 max=   17179.828947880495     
 min=   0.0000000000000000     
       n_pass,     n_total
       80000       80468
 max=   17179.828947880495     
 min=   0.0000000000000000     
       n_pass,     n_total
       90000       90468
 ITERATION            5 :
   297.88888594513173      +\-   7.0246736321166875E-002
 precision:   2.3581523056253145E-004
 max=   17179.828947880495     
 min=   0.0000000000000000     
       n_pass,     n_total
      100000      100868
 max=   17179.828947880495     
 min=   0.0000000000000000     
       n_pass,     n_total
      110000      110868
 ITERATION            6 :
   297.90160538968411      +\-   5.7883609838500744E-002
 precision:   1.9430445754994635E-004
 max=   17179.828947880495     
 min=   0.0000000000000000     
       n_pass,     n_total
      120000      121252
 max=   17179.828947880495     
 min=   0.0000000000000000     
       n_pass,     n_total
      130000      131252
 ITERATION            7 :
   298.00024376779612      +\-   5.4852473200130633E-002
 precision:   1.8406855144344133E-004
 max=   17184.205461835423     
 min=   0.0000000000000000     
       n_pass,     n_total
      140000      141547
 max=   17184.205461835423     
 min=   0.0000000000000000     
       n_pass,     n_total
      150000      151547
 ITERATION            8 :
   297.92973203360884      +\-   7.9054862985408106E-002
 precision:   2.6534734363635145E-004
 max=   17184.205461835423     
 min=   0.0000000000000000     
       n_pass,     n_total
      160000      161974
 max=   17184.205461835423     
 min=   0.0000000000000000     
       n_pass,     n_total
      170000      171974
 ITERATION            9 :
   297.93509666413235      +\-   6.7186911876451455E-002
 precision:   2.2550855078410747E-004
 max=   17193.258023261165     
 min=   0.0000000000000000     
       n_pass,     n_total
      180000      182530
 max=   17193.258023261165     
 min=   0.0000000000000000     
       n_pass,     n_total
      190000      192530
 ITERATION           10 :
   298.02014554173354      +\-   6.1008926150851447E-002
 precision:   2.0471410092076477E-004
 ====================NCALL=40K ===========================
  
 max=   17193.258023261165     
 min=   0.0000000000000000     
       n_pass,     n_total
      200000      203547
 max=   17193.258023261165     
 min=   0.0000000000000000     
       n_pass,     n_total
      210000      213547
 max=   17193.258023261165     
 min=   0.0000000000000000     
       n_pass,     n_total
      220000      223547
 max=   17193.258023261165     
 min=   0.0000000000000000     
       n_pass,     n_total
      230000      233547
   297.96563292423036      +\-   3.0014397025183603E-002
 precision:   1.0073106999160524E-004
 ====================NCALL=80K ===========================
  
 max=   17193.258023261165     
 min=   0.0000000000000000     
       n_pass,     n_total
      240000      246233
 max=   17193.258023261165     
 min=   0.0000000000000000     
       n_pass,     n_total
      250000      256233
 max=   17193.258023261165     
 min=   0.0000000000000000     
       n_pass,     n_total
      260000      266233
 max=   17193.258023261165     
 min=   0.0000000000000000     
       n_pass,     n_total
      270000      276233
 max=   17193.258023261165     
 min=   0.0000000000000000     
       n_pass,     n_total
      280000      286233
 max=   17193.258023261165     
 min=   0.0000000000000000     
       n_pass,     n_total
      290000      296233
 max=   17193.258023261165     
 min=   0.0000000000000000     
       n_pass,     n_total
      300000      306233
   297.93856524331858      +\-   1.4358015691730596E-002
 precision:   4.8191195658087374E-005
 sigma (pb)                   sd (pb)
   297.93856524331858        1.4358015691730596E-002
