 =======================================================
 |                                                     |
 |         \/\/\/\/\/\___________/\/\/\/\/\/           |
 |                   |     \     |                     |
 |                   |     /     |                     |
 |                   |     \     |                     |
 |         /\/\/\/\/\|_____/_____|/\/\/\/\/\           |
 |                                                     |
 | Light-by-light scattering at next-to-leading order  |
 |                   (VERSION 0.5)                     |
 |                                                     |
 |    Authors:                                         |
 |            Ajjath A.H. (LPTHE Paris)                |
 |            Ekta Chaubey (Bonn)                      |
 |            Mathijs Fraaije (Bern)                   |
 |            Valentin Hirschi (Bern)                  |
 |            Hua-Sheng Shao (LPTHE Paris)             |
 |                                                     |
 |    Please cite                                      |
 |            PLB 851 (2024) 138555 [arXiv:2312.16956] |
 |            JHEP 03 (2024) 121    [arXiv:2312.16966] |
 |                                                     |
 =======================================================
 ---------------------------------------------------
         the cuts in the lab frame                  
 min transverse momentum of photon    0.0000000000000000     
 max (pseudo-)rapidity of photon    5.0000000000000000     
 min (pseudo-)rapidity of photon   -5.0000000000000000     
 min invariant mass of di-photon    0.0000000000000000     
 ---------------------------------------------------
 max=   9.8488232160746579E-007
 min=   0.0000000000000000     
       n_pass,     n_total
       10000       10000
  
 ====================NCALL=20K===========================
  
 ITERATION            1 :
   1.8115264377092783E-006 +\-   1.9648961048420102E-009
 precision:   1.0846632232023462E-003
 max=   1.1655843986842666E-005
 min=   0.0000000000000000     
       n_pass,     n_total
       20000       20000
 max=   1.1655843986842666E-005
 min=   0.0000000000000000     
       n_pass,     n_total
       30000       30000
 ITERATION            2 :
   1.8105677552103643E-006 +\-   9.7125104521479516E-010
 precision:   5.3643452028778033E-004
 max=   1.1660172118399355E-005
 min=   0.0000000000000000     
       n_pass,     n_total
       40000       40000
 max=   1.1660172118399355E-005
 min=   0.0000000000000000     
       n_pass,     n_total
       50000       50000
 ITERATION            3 :
   1.8113183377197959E-006 +\-   4.0847432883018183E-010
 precision:   2.2551216996146331E-004
 max=   1.1660172118399355E-005
 min=   0.0000000000000000     
       n_pass,     n_total
       60000       60000
 max=   1.1660172118399355E-005
 min=   0.0000000000000000     
       n_pass,     n_total
       70000       70000
 ITERATION            4 :
   1.8111973402799368E-006 +\-   2.7691162394457780E-010
 precision:   1.5288870946651161E-004
 max=   1.1660172118399355E-005
 min=   0.0000000000000000     
       n_pass,     n_total
       80000       80000
 max=   1.1660172118399355E-005
 min=   0.0000000000000000     
       n_pass,     n_total
       90000       90000
 ITERATION            5 :
   1.8109419020753280E-006 +\-   2.4029990922796964E-010
 precision:   1.3269332878795696E-004
 max=   1.1660250111920722E-005
 min=   0.0000000000000000     
       n_pass,     n_total
      100000      100000
 max=   1.1660250111920722E-005
 min=   0.0000000000000000     
       n_pass,     n_total
      110000      110000
 ITERATION            6 :
   1.8101643587612623E-006 +\-   2.7808036735321165E-010
 precision:   1.5362161231784972E-004
 max=   1.1660250111920722E-005
 min=   0.0000000000000000     
       n_pass,     n_total
      120000      120001
 max=   1.1660250111920722E-005
 min=   0.0000000000000000     
       n_pass,     n_total
      130000      130001
 ITERATION            7 :
   1.8111939184694141E-006 +\-   3.5788215452885084E-010
 precision:   1.9759460921295847E-004
 max=   1.1660282064709058E-005
 min=   0.0000000000000000     
       n_pass,     n_total
      140000      140002
 max=   1.1660282064709058E-005
 min=   0.0000000000000000     
       n_pass,     n_total
      150000      150002
 ITERATION            8 :
   1.8114414346545946E-006 +\-   3.2753452130656195E-010
 precision:   1.8081430348258331E-004
 max=   1.1660299343378586E-005
 min=   0.0000000000000000     
       n_pass,     n_total
      160000      160003
 max=   1.1660299343378586E-005
 min=   0.0000000000000000     
       n_pass,     n_total
      170000      170003
 ITERATION            9 :
   1.8112952048162023E-006 +\-   2.6036625141000819E-010
 precision:   1.4374589559874000E-004
 max=   1.1660299343378586E-005
 min=   0.0000000000000000     
       n_pass,     n_total
      180000      180003
 max=   1.1660299343378586E-005
 min=   0.0000000000000000     
       n_pass,     n_total
      190000      190003
 ITERATION           10 :
   1.8111826887377329E-006 +\-   2.2943675937863842E-010
 precision:   1.2667786679130625E-004
 ====================NCALL=40K ===========================
  
 max=   1.1660299343378586E-005
 min=   0.0000000000000000     
       n_pass,     n_total
      200000      200003
 max=   1.1660299343378586E-005
 min=   0.0000000000000000     
       n_pass,     n_total
      210000      210003
 max=   1.1660299343378586E-005
 min=   0.0000000000000000     
       n_pass,     n_total
      220000      220003
 max=   1.1660299343378586E-005
 min=   0.0000000000000000     
       n_pass,     n_total
      230000      230003
   1.8106646571020286E-006 +\-   1.3953792968098094E-010
 precision:   7.7064479683560836E-005
 ====================NCALL=80K ===========================
  
 max=   1.1660299343378586E-005
 min=   0.0000000000000000     
       n_pass,     n_total
      240000      240003
 max=   1.1660299343378586E-005
 min=   0.0000000000000000     
       n_pass,     n_total
      250000      250003
 max=   1.1660299343378586E-005
 min=   0.0000000000000000     
       n_pass,     n_total
      260000      260003
 max=   1.1660299343378586E-005
 min=   0.0000000000000000     
       n_pass,     n_total
      270000      270003
 max=   1.1660299343378586E-005
 min=   0.0000000000000000     
       n_pass,     n_total
      280000      280003
 max=   1.1660299343378586E-005
 min=   0.0000000000000000     
       n_pass,     n_total
      290000      290003
 max=   1.1660299343378586E-005
 min=   0.0000000000000000     
       n_pass,     n_total
      300000      300003
 max=   1.1660299343378586E-005
 min=   0.0000000000000000     
       n_pass,     n_total
      310000      310003
   1.8109987353967651E-006 +\-   6.5195820052556919E-011
 precision:   3.5999925774809229E-005
 sigma (pb)                   sd (pb)
   1.8109987353967651E-006   6.5195820052556919E-011
