 =======================================================
 |                                                     |
 |         \/\/\/\/\/\___________/\/\/\/\/\/           |
 |                   |     \     |                     |
 |                   |     /     |                     |
 |                   |     \     |                     |
 |         /\/\/\/\/\|_____/_____|/\/\/\/\/\           |
 |                                                     |
 | Light-by-light scattering at next-to-leading order  |
 |                   (VERSION 0.5)                     |
 |                                                     |
 |    Authors:                                         |
 |            Ajjath A.H. (LPTHE Paris)                |
 |            Ekta Chaubey (Bonn)                      |
 |            Mathijs Fraaije (Bern)                   |
 |            Valentin Hirschi (Bern)                  |
 |            Hua-Sheng Shao (LPTHE Paris)             |
 |                                                     |
 |    Please cite                                      |
 |            PLB 851 (2024) 138555 [arXiv:2312.16956] |
 |            JHEP 03 (2024) 121    [arXiv:2312.16966] |
 |                                                     |
 =======================================================
 ---------------------------------------------------
         the cuts in the lab frame                  
 min transverse momentum of photon    0.0000000000000000     
 max (pseudo-)rapidity of photon    5.0000000000000000     
 min (pseudo-)rapidity of photon   -5.0000000000000000     
 min invariant mass of di-photon    0.0000000000000000     
 ---------------------------------------------------
 max=   3132265.8503963370     
 min=   0.0000000000000000     
       n_pass,     n_total
       10000       10000
  
 ====================NCALL=20K===========================
  
 ITERATION            1 :
   1823129.2362698650      +\-   66.544557211027850     
 precision:   3.6500186540356552E-005
 max=   3237450.0926906629     
 min=   0.0000000000000000     
       n_pass,     n_total
       20000       20002
 max=   3237450.0926906629     
 min=   0.0000000000000000     
       n_pass,     n_total
       30000       30002
 ITERATION            2 :
   1822922.1348019966      +\-   116.29470097746297     
 precision:   6.3795758884728639E-005
 WARNING: outside the range of the grid (xs,xt)=   11.461736129993374       -11.461175727786388     
 WARNING: set the 2-loop amplitudes to zero
 max=   4864921.2498549549     
 min=   0.0000000000000000     
       n_pass,     n_total
       40000       40012
 max=   4864921.2498549549     
 min=   0.0000000000000000     
       n_pass,     n_total
       50000       50012
 WARNING: outside the range of the grid (xs,xt)=   11.461736129993374       -5.7172188973121966E-004
 WARNING: set the 2-loop amplitudes to zero
 WARNING: outside the range of the grid (xs,xt)=   11.461736129993374       -5.3341724422369596E-004
 WARNING: set the 2-loop amplitudes to zero
 ITERATION            3 :
   1822745.7822226407      +\-   109.47461401086497     
 precision:   6.0060275590034589E-005
 max=   6079305.1428885460     
 min=   0.0000000000000000     
       n_pass,     n_total
       60000       60041
 max=   6079305.1428885460     
 min=   0.0000000000000000     
       n_pass,     n_total
       70000       70041
 WARNING: outside the range of the grid (xs,xt)=   11.461736129993374       -5.6041747910405581E-004
 WARNING: set the 2-loop amplitudes to zero
 WARNING: outside the range of the grid (xs,xt)=   11.461736129993374       -5.4107802000372704E-004
 WARNING: set the 2-loop amplitudes to zero
 INFO: will suppress the further warning
 ITERATION            4 :
   1822803.8709297865      +\-   80.420886567070553     
 precision:   4.4119330581654406E-005
 max=   6079305.1428885460     
 min=   0.0000000000000000     
       n_pass,     n_total
       80000       80079
 max=   6079305.1428885460     
 min=   0.0000000000000000     
       n_pass,     n_total
       90000       90079
 ITERATION            5 :
   1822849.3852461611      +\-   67.049644866955404     
 precision:   3.6782877076759081E-005
 max=   6171338.7933765333     
 min=   0.0000000000000000     
       n_pass,     n_total
      100000      100136
 max=   6171338.7933765333     
 min=   0.0000000000000000     
       n_pass,     n_total
      110000      110136
 ITERATION            6 :
   1822831.7849534496      +\-   61.807185431904465     
 precision:   3.3907234854083290E-005
 max=   6382003.2340754224     
 min=   0.0000000000000000     
       n_pass,     n_total
      120000      120202
 max=   6382003.2340754224     
 min=   0.0000000000000000     
       n_pass,     n_total
      130000      130202
 ITERATION            7 :
   1822926.1943721287      +\-   59.371723758908054     
 precision:   3.2569461090747824E-005
 max=   6382003.2340754224     
 min=   0.0000000000000000     
       n_pass,     n_total
      140000      140295
 max=   6382003.2340754224     
 min=   0.0000000000000000     
       n_pass,     n_total
      150000      150295
 ITERATION            8 :
   1822744.7376513232      +\-   58.239978741882517     
 precision:   3.1951801883640042E-005
 max=   6382003.2340754224     
 min=   0.0000000000000000     
       n_pass,     n_total
      160000      160410
 max=   6382003.2340754224     
 min=   0.0000000000000000     
       n_pass,     n_total
      170000      170410
 ITERATION            9 :
   1822844.7365863225      +\-   56.368481270307548     
 precision:   3.0923358495068492E-005
 max=   7218686.8228799235     
 min=   0.0000000000000000     
       n_pass,     n_total
      180000      180532
 max=   7218686.8228799235     
 min=   0.0000000000000000     
       n_pass,     n_total
      190000      190532
 ITERATION           10 :
   1822893.2898352535      +\-   56.512270316476972     
 precision:   3.1001414417178718E-005
 ====================NCALL=40K ===========================
  
 max=   7218686.8228799235     
 min=   0.0000000000000000     
       n_pass,     n_total
      200000      200758
 max=   7218686.8228799235     
 min=   0.0000000000000000     
       n_pass,     n_total
      210000      210758
 max=   7218686.8228799235     
 min=   0.0000000000000000     
       n_pass,     n_total
      220000      220758
 max=   7218686.8228799235     
 min=   0.0000000000000000     
       n_pass,     n_total
      230000      230758
   1822883.1548026630      +\-   28.435059529368836     
 precision:   1.5598947993157074E-005
 ====================NCALL=80K ===========================
  
 max=   7218686.8228799235     
 min=   0.0000000000000000     
       n_pass,     n_total
      240000      241308
 max=   7218686.8228799235     
 min=   0.0000000000000000     
       n_pass,     n_total
      250000      251308
 max=   7218686.8228799235     
 min=   0.0000000000000000     
       n_pass,     n_total
      260000      261308
 max=   7218686.8228799235     
 min=   0.0000000000000000     
       n_pass,     n_total
      270000      271308
 max=   7218686.8228799235     
 min=   0.0000000000000000     
       n_pass,     n_total
      280000      281308
 max=   7218686.8228799235     
 min=   0.0000000000000000     
       n_pass,     n_total
      290000      291308
 max=   7218686.8228799235     
 min=   0.0000000000000000     
       n_pass,     n_total
      300000      301308
 max=   7218686.8228799235     
 min=   0.0000000000000000     
       n_pass,     n_total
      310000      311308
   1822841.9810314896      +\-   12.995657656027918     
 precision:   7.1293385774855152E-006
 sigma (pb)                   sd (pb)
   1822841.9810314896        12.995657656027918     
