 =======================================================
 |                                                     |
 |         \/\/\/\/\/\___________/\/\/\/\/\/           |
 |                   |     \     |                     |
 |                   |     /     |                     |
 |                   |     \     |                     |
 |         /\/\/\/\/\|_____/_____|/\/\/\/\/\           |
 |                                                     |
 | Light-by-light scattering at next-to-leading order  |
 |                   (VERSION 0.5)                     |
 |                                                     |
 |    Authors:                                         |
 |            Ajjath A.H. (LPTHE Paris)                |
 |            Ekta Chaubey (Bonn)                      |
 |            Mathijs Fraaije (Bern)                   |
 |            Valentin Hirschi (Bern)                  |
 |            Hua-Sheng Shao (LPTHE Paris)             |
 |                                                     |
 |    Please cite                                      |
 |            PLB 851 (2024) 138555 [arXiv:2312.16956] |
 |            JHEP 03 (2024) 121    [arXiv:2312.16966] |
 |                                                     |
 =======================================================
 ---------------------------------------------------
         the cuts in the lab frame                  
 min transverse momentum of photon    0.0000000000000000     
 max (pseudo-)rapidity of photon    5.0000000000000000     
 min (pseudo-)rapidity of photon   -5.0000000000000000     
 min invariant mass of di-photon    0.0000000000000000     
 ---------------------------------------------------
 max=   213227.42833594372     
 min=   0.0000000000000000     
       n_pass,     n_total
       10000       10000
  
 ====================NCALL=20K===========================
  
 ITERATION            1 :
   3828.8769068084212      +\-   29.832294656211648     
 precision:   7.7913955925729928E-003
 WARNING: outside the range of the grid (xs,xt)=   5.7456805524615712E-002  -5.7453939143069357E-002
 WARNING: set the 2-loop amplitudes to zero
 WARNING: outside the range of the grid (xs,xt)=   5.5779325259515553E-002  -5.5776542563416596E-002
 WARNING: set the 2-loop amplitudes to zero
 WARNING: outside the range of the grid (xs,xt)=   2.6855851728446480E-002  -2.6854511954731198E-002
 WARNING: set the 2-loop amplitudes to zero
 WARNING: outside the range of the grid (xs,xt)=   24693.877551020407       -24692.645632986088     
 WARNING: set the 2-loop amplitudes to zero
 WARNING: outside the range of the grid (xs,xt)=  0.50142384342854640      -0.50139882860151974     
 WARNING: set the 2-loop amplitudes to zero
 INFO: will suppress the further warning
 max=   221496.27393034037     
 min=   0.0000000000000000     
       n_pass,     n_total
       20000       20007
 max=   221496.27393034037     
 min=   0.0000000000000000     
       n_pass,     n_total
       30000       30007
 ITERATION            2 :
   3792.8247654335009      +\-   6.6723932954826068     
 precision:   1.7592147563189585E-003
 max=   224834.97393355929     
 min=   0.0000000000000000     
       n_pass,     n_total
       40000       40042
 max=   224834.97393355929     
 min=   0.0000000000000000     
       n_pass,     n_total
       50000       50042
 ITERATION            3 :
   3787.7731816892665      +\-   2.4429029211731494     
 precision:   6.4494435226020229E-004
 max=   227024.88855542464     
 min=   0.0000000000000000     
       n_pass,     n_total
       60000       60167
 max=   227024.88855542464     
 min=   0.0000000000000000     
       n_pass,     n_total
       70000       70167
 ITERATION            4 :
   3789.6634385033844      +\-   1.5270562954712692     
 precision:   4.0295301159364564E-004
 max=   227024.88855542464     
 min=   0.0000000000000000     
       n_pass,     n_total
       80000       80449
 max=   227024.88855542464     
 min=   0.0000000000000000     
       n_pass,     n_total
       90000       90449
 ITERATION            5 :
   3788.3875775011306      +\-   1.0429593132279631     
 precision:   2.7530427969461153E-004
 max=   227024.88855542464     
 min=   0.0000000000000000     
       n_pass,     n_total
      100000      100719
 max=   227024.88855542464     
 min=   0.0000000000000000     
       n_pass,     n_total
      110000      110719
 ITERATION            6 :
   3787.5537812277921      +\-   1.4634361702065639     
 precision:   3.8638030104279315E-004
 max=   227025.44477108985     
 min=   0.0000000000000000     
       n_pass,     n_total
      120000      121024
 max=   227025.44477108985     
 min=   0.0000000000000000     
       n_pass,     n_total
      130000      131024
 ITERATION            7 :
   3790.5679269519233      +\-   1.1053742243280129     
 precision:   2.9161177048655818E-004
 max=   227078.56451697633     
 min=   0.0000000000000000     
       n_pass,     n_total
      140000      141405
 max=   227078.56451697633     
 min=   0.0000000000000000     
       n_pass,     n_total
      150000      151405
 ITERATION            8 :
   3786.9280365409286      +\-  0.98877410619144224     
 precision:   2.6110190018150233E-004
 max=   227078.56451697633     
 min=   0.0000000000000000     
       n_pass,     n_total
      160000      161907
 max=   227078.56451697633     
 min=   0.0000000000000000     
       n_pass,     n_total
      170000      171907
 ITERATION            9 :
   3788.8520799092785      +\-  0.93060643766449347     
 precision:   2.4561698848026188E-004
 max=   227078.56451697633     
 min=   0.0000000000000000     
       n_pass,     n_total
      180000      182411
 max=   227078.56451697633     
 min=   0.0000000000000000     
       n_pass,     n_total
      190000      192411
 ITERATION           10 :
   3790.4811825814909      +\-  0.88930373209382296     
 precision:   2.3461499721472474E-004
 ====================NCALL=40K ===========================
  
 max=   227078.56451697633     
 min=   0.0000000000000000     
       n_pass,     n_total
      200000      203271
 max=   227078.56451697633     
 min=   0.0000000000000000     
       n_pass,     n_total
      210000      213271
 max=   227078.56451697633     
 min=   0.0000000000000000     
       n_pass,     n_total
      220000      223271
 max=   227078.56451697633     
 min=   0.0000000000000000     
       n_pass,     n_total
      230000      233271
   3789.4084899874874      +\-  0.53608129766266333     
 precision:   1.4146833181989137E-004
 ====================NCALL=80K ===========================
  
 max=   227078.64185985402     
 min=   0.0000000000000000     
       n_pass,     n_total
      240000      244997
 max=   227078.64185985402     
 min=   0.0000000000000000     
       n_pass,     n_total
      250000      254997
 max=   227078.64185985402     
 min=   0.0000000000000000     
       n_pass,     n_total
      260000      264997
 max=   227078.64185985402     
 min=   0.0000000000000000     
       n_pass,     n_total
      270000      274997
 max=   227078.64185985402     
 min=   0.0000000000000000     
       n_pass,     n_total
      280000      284997
 max=   227078.64185985402     
 min=   0.0000000000000000     
       n_pass,     n_total
      290000      294997
 max=   227078.64185985402     
 min=   0.0000000000000000     
       n_pass,     n_total
      300000      304997
   3788.5187266573421      +\-  0.24102121955431452     
 precision:   6.3618853949013091E-005
 sigma (pb)                   sd (pb)
   3788.5187266573421       0.24102121955431452     
