 =======================================================
 |                                                     |
 |         \/\/\/\/\/\___________/\/\/\/\/\/           |
 |                   |     \     |                     |
 |                   |     /     |                     |
 |                   |     \     |                     |
 |         /\/\/\/\/\|_____/_____|/\/\/\/\/\           |
 |                                                     |
 | Light-by-light scattering at next-to-leading order  |
 |                   (VERSION 0.5)                     |
 |                                                     |
 |    Authors:                                         |
 |            Ajjath A.H. (LPTHE Paris)                |
 |            Ekta Chaubey (Bonn)                      |
 |            Mathijs Fraaije (Bern)                   |
 |            Valentin Hirschi (Bern)                  |
 |            Hua-Sheng Shao (LPTHE Paris)             |
 |                                                     |
 |    Please cite                                      |
 |            PLB 851 (2024) 138555 [arXiv:2312.16956] |
 |            JHEP 03 (2024) 121    [arXiv:2312.16966] |
 |                                                     |
 =======================================================
 ---------------------------------------------------
         the cuts in the lab frame                  
 min transverse momentum of photon    0.0000000000000000     
 max (pseudo-)rapidity of photon    5.0000000000000000     
 min (pseudo-)rapidity of photon   -5.0000000000000000     
 min invariant mass of di-photon    0.0000000000000000     
 ---------------------------------------------------
 max=   1507975.2524423266     
 min=   0.0000000000000000     
       n_pass,     n_total
       10000       10000
  
 ====================NCALL=20K===========================
  
 ITERATION            1 :
   117277.78896597061      +\-   237.22154399488471     
 precision:   2.0227320627925296E-003
 max=   1514314.7324172319     
 min=   0.0000000000000000     
       n_pass,     n_total
       20000       20007
 max=   1514314.7324172319     
 min=   0.0000000000000000     
       n_pass,     n_total
       30000       30007
 ITERATION            2 :
   116791.28368121973      +\-   42.974355412395397     
 precision:   3.6795858438968214E-004
 WARNING: outside the range of the grid (xs,xt)=   766.78053469464351       -766.74375624915228     
 WARNING: set the 2-loop amplitudes to zero
 WARNING: outside the range of the grid (xs,xt)=   1.5569933963525967E-002  -1.5569187155356393E-002
 WARNING: set the 2-loop amplitudes to zero
 max=   1524914.8987783515     
 min=   0.0000000000000000     
       n_pass,     n_total
       40000       40030
 max=   1524914.8987783515     
 min=   0.0000000000000000     
       n_pass,     n_total
       50000       50030
 WARNING: outside the range of the grid (xs,xt)=   766.78053469464351       -3.5380818819199487E-002
 WARNING: set the 2-loop amplitudes to zero
 WARNING: outside the range of the grid (xs,xt)=   1.5569933963525967E-002  -7.1842853028316578E-007
 WARNING: set the 2-loop amplitudes to zero
 WARNING: outside the range of the grid (xs,xt)=   766.78053469464351       -3.8157886682854893E-002
 WARNING: set the 2-loop amplitudes to zero
 INFO: will suppress the further warning
 ITERATION            3 :
   116745.16016686332      +\-   31.762965027110020     
 precision:   2.7207093623162929E-004
 max=   1525637.7315546316     
 min=   0.0000000000000000     
       n_pass,     n_total
       60000       60083
 max=   1525637.7315546316     
 min=   0.0000000000000000     
       n_pass,     n_total
       70000       70083
 ITERATION            4 :
   116741.16334771780      +\-   27.186721839034874     
 precision:   2.3288034022804995E-004
 max=   1525637.7315546316     
 min=   0.0000000000000000     
       n_pass,     n_total
       80000       80168
 max=   1525637.7315546316     
 min=   0.0000000000000000     
       n_pass,     n_total
       90000       90168
 ITERATION            5 :
   116748.47541332489      +\-   24.088263645715784     
 precision:   2.0632615167295377E-004
 max=   1528976.1564400406     
 min=   0.0000000000000000     
       n_pass,     n_total
      100000      100294
 max=   1528976.1564400406     
 min=   0.0000000000000000     
       n_pass,     n_total
      110000      110294
 ITERATION            6 :
   116733.42963402186      +\-   22.914205243422888     
 precision:   1.9629514283322797E-004
 max=   1528976.1564400406     
 min=   0.0000000000000000     
       n_pass,     n_total
      120000      120436
 max=   1528976.1564400406     
 min=   0.0000000000000000     
       n_pass,     n_total
      130000      130436
 ITERATION            7 :
   116789.75404426144      +\-   22.098364845981298     
 precision:   1.8921492751501447E-004
 max=   1528976.1564400406     
 min=   0.0000000000000000     
       n_pass,     n_total
      140000      140592
 max=   1528976.1564400406     
 min=   0.0000000000000000     
       n_pass,     n_total
      150000      150592
 ITERATION            8 :
   116713.49366113108      +\-   21.642032485245856     
 precision:   1.8542870928088128E-004
 max=   1528976.1564400406     
 min=   0.0000000000000000     
       n_pass,     n_total
      160000      160767
 max=   1528976.1564400406     
 min=   0.0000000000000000     
       n_pass,     n_total
      170000      170767
 ITERATION            9 :
   116746.57500240873      +\-   21.194383067837805     
 precision:   1.8154179741376156E-004
 max=   1532238.7222129649     
 min=   0.0000000000000000     
       n_pass,     n_total
      180000      180955
 max=   1532238.7222129649     
 min=   0.0000000000000000     
       n_pass,     n_total
      190000      190955
 ITERATION           10 :
   116768.54223908680      +\-   21.321039952733635     
 precision:   1.8259232789836683E-004
 ====================NCALL=40K ===========================
  
 max=   1532238.7222129649     
 min=   0.0000000000000000     
       n_pass,     n_total
      200000      201255
 max=   1532238.7222129649     
 min=   0.0000000000000000     
       n_pass,     n_total
      210000      211255
 max=   1532238.7222129649     
 min=   0.0000000000000000     
       n_pass,     n_total
      220000      221255
 max=   1532238.7222129649     
 min=   0.0000000000000000     
       n_pass,     n_total
      230000      231255
   116765.97597966832      +\-   10.470274224295054     
 precision:   8.9668879452676966E-005
 ====================NCALL=80K ===========================
  
 max=   1532238.7222129649     
 min=   0.0000000000000000     
       n_pass,     n_total
      240000      241828
 max=   1532238.7222129649     
 min=   0.0000000000000000     
       n_pass,     n_total
      250000      251828
 max=   1532238.7222129649     
 min=   0.0000000000000000     
       n_pass,     n_total
      260000      261828
 max=   1532238.7222129649     
 min=   0.0000000000000000     
       n_pass,     n_total
      270000      271828
 max=   1532238.7222129649     
 min=   0.0000000000000000     
       n_pass,     n_total
      280000      281828
 max=   1532238.7222129649     
 min=   0.0000000000000000     
       n_pass,     n_total
      290000      291828
 max=   1532238.7222129649     
 min=   0.0000000000000000     
       n_pass,     n_total
      300000      301828
 max=   1532238.7222129649     
 min=   0.0000000000000000     
       n_pass,     n_total
      310000      311828
   116752.10743763468      +\-   4.8260351982602634     
 precision:   4.1335743775230610E-005
 sigma (pb)                   sd (pb)
   116752.10743763468        4.8260351982602634     
