 =======================================================
 |                                                     |
 |         \/\/\/\/\/\___________/\/\/\/\/\/           |
 |                   |     \     |                     |
 |                   |     /     |                     |
 |                   |     \     |                     |
 |         /\/\/\/\/\|_____/_____|/\/\/\/\/\           |
 |                                                     |
 | Light-by-light scattering at next-to-leading order  |
 |                   (VERSION 0.5)                     |
 |                                                     |
 |    Authors:                                         |
 |            Ajjath A.H. (LPTHE Paris)                |
 |            Ekta Chaubey (Bonn)                      |
 |            Mathijs Fraaije (Bern)                   |
 |            Valentin Hirschi (Bern)                  |
 |            Hua-Sheng Shao (LPTHE Paris)             |
 |                                                     |
 |    Please cite                                      |
 |            PLB 851 (2024) 138555 [arXiv:2312.16956] |
 |            JHEP 03 (2024) 121    [arXiv:2312.16966] |
 |                                                     |
 =======================================================
 ---------------------------------------------------
         the cuts in the lab frame                  
 min transverse momentum of photon    0.0000000000000000     
 max (pseudo-)rapidity of photon    5.0000000000000000     
 min (pseudo-)rapidity of photon   -5.0000000000000000     
 min invariant mass of di-photon    0.0000000000000000     
 ---------------------------------------------------
 WARNING: outside the range of the grid (xs,xt)=   1.4433917799400817       -1.4433917655107085     
 WARNING: set the 2-loop amplitudes to zero
 WARNING: outside the range of the grid (xs,xt)=   1.4436413539343422       -1.4436413395024748     
 WARNING: set the 2-loop amplitudes to zero
 WARNING: outside the range of the grid (xs,xt)=   1.4435492460493113       -1.4435492316183640     
 WARNING: set the 2-loop amplitudes to zero
 WARNING: outside the range of the grid (xs,xt)=   1.4434719731078482       -1.4434719586776736     
 WARNING: set the 2-loop amplitudes to zero
 WARNING: outside the range of the grid (xs,xt)=   1.4434796876900344       -1.4434796732597825     
 WARNING: set the 2-loop amplitudes to zero
 INFO: will suppress the further warning
 max=   447764383227499.56     
 min=   0.0000000000000000     
       n_pass,     n_total
       10000       10000
  
 ====================NCALL=20K===========================
  
 ITERATION            1 :
   65317831511.265022      +\-   30843198267.414650     
 precision:  0.47220181003858475     
 max=   1009197623908810.6     
 min=   0.0000000000000000     
       n_pass,     n_total
       20000       20015
 max=   1009197623908810.6     
 min=   0.0000000000000000     
       n_pass,     n_total
       30000       30015
 ITERATION            2 :
   200845910819.16821      +\-   98174264990.742020     
 precision:  0.48880390240622473     
 max=   1141632201868745.0     
 min=   0.0000000000000000     
       n_pass,     n_total
       40000       40050
 max=   1141632201868745.0     
 min=   0.0000000000000000     
       n_pass,     n_total
       50000       50050
 ITERATION            3 :
   118384371560.24789      +\-   16590191839.865023     
 precision:  0.14013836134968188     
 max=   2383976379949450.5     
 min=   0.0000000000000000     
       n_pass,     n_total
       60000       60201
 max=   2383976379949450.5     
 min=   0.0000000000000000     
       n_pass,     n_total
       70000       70201
 ITERATION            4 :
   134400417710.46239      +\-   2686860208.2504911     
 precision:   1.9991457273881172E-002
 max=   2490897393658700.5     
 min=   0.0000000000000000     
       n_pass,     n_total
       80000       81909
 max=   2490897393658700.5     
 min=   0.0000000000000000     
       n_pass,     n_total
       90000       91909
 ITERATION            5 :
   136900763459.13107      +\-   353537786.41348058     
 precision:   2.5824383844215890E-003
 max=   2504105163847625.0     
 min=   0.0000000000000000     
       n_pass,     n_total
      100000      109186
 ITERATION            6 :
   136472564159.03467      +\-   124956505.46869561     
 precision:   9.1561630895335764E-004
 max=   2504105163847625.0     
 min=   0.0000000000000000     
       n_pass,     n_total
      110000      123698
 max=   2504105163847625.0     
 min=   0.0000000000000000     
       n_pass,     n_total
      120000      133698
 ITERATION            7 :
   134313550915.37482      +\-   73198038.442184001     
 precision:   5.4497880476931868E-004
 max=   2504286400097012.5     
 min=   0.0000000000000000     
       n_pass,     n_total
      130000      147853
 ITERATION            8 :
   132031605040.83794      +\-   48450184.794447832     
 precision:   3.6695899273103574E-004
 max=   2504328417501464.0     
 min=   0.0000000000000000     
       n_pass,     n_total
      140000      160839
 max=   2504328417501464.0     
 min=   0.0000000000000000     
       n_pass,     n_total
      150000      170839
 ITERATION            9 :
   130187780993.46472      +\-   35461445.946277246     
 precision:   2.7238689895219405E-004
 max=   2504328417501464.0     
 min=   0.0000000000000000     
       n_pass,     n_total
      160000      182853
 max=   2504328417501464.0     
 min=   0.0000000000000000     
       n_pass,     n_total
      170000      192853
 ITERATION           10 :
   147430807491.98383      +\-   15710866841.753271     
 precision:  0.10656434098828028     
 ====================NCALL=40K ===========================
  
 max=   2504328417501464.0     
 min=   0.0000000000000000     
       n_pass,     n_total
      180000      206043
 max=   2504328417501464.0     
 min=   0.0000000000000000     
       n_pass,     n_total
      190000      216043
 max=   2504328417501464.0     
 min=   0.0000000000000000     
       n_pass,     n_total
      200000      226043
   149280399996.50699      +\-   19691993012.548103     
 precision:  0.13191278301109105     
 ====================NCALL=80K ===========================
  
 max=   2504328417501464.0     
 min=   0.0000000000000000     
       n_pass,     n_total
      210000      239606
 max=   2504328417501464.0     
 min=   0.0000000000000000     
       n_pass,     n_total
      220000      249606
 max=   2504328417501464.0     
 min=   0.0000000000000000     
       n_pass,     n_total
      230000      259606
 max=   2504328417501464.0     
 min=   0.0000000000000000     
       n_pass,     n_total
      240000      269606
 max=   2504328417501464.0     
 min=   0.0000000000000000     
       n_pass,     n_total
      250000      279606
 max=   2504328417501464.0     
 min=   0.0000000000000000     
       n_pass,     n_total
      260000      289606
 max=   2504328417501464.0     
 min=   0.0000000000000000     
       n_pass,     n_total
      270000      299606
 max=   2504328417501464.0     
 min=   0.0000000000000000     
       n_pass,     n_total
      280000      309606
   137440485073.46307      +\-   1262563233.4738557     
 precision:   9.1862542015840910E-003
 sigma (pb)                   sd (pb)
   137440485073.46307        1262563233.4738557     
