 =======================================================
 |                                                     |
 |         \/\/\/\/\/\___________/\/\/\/\/\/           |
 |                   |     \     |                     |
 |                   |     /     |                     |
 |                   |     \     |                     |
 |         /\/\/\/\/\|_____/_____|/\/\/\/\/\           |
 |                                                     |
 | Light-by-light scattering at next-to-leading order  |
 |                   (VERSION 0.5)                     |
 |                                                     |
 |    Authors:                                         |
 |            Ajjath A.H. (LPTHE Paris)                |
 |            Ekta Chaubey (Bonn)                      |
 |            Mathijs Fraaije (Bern)                   |
 |            Valentin Hirschi (Bern)                  |
 |            Hua-Sheng Shao (LPTHE Paris)             |
 |                                                     |
 |    Please cite                                      |
 |            PLB 851 (2024) 138555 [arXiv:2312.16956] |
 |            JHEP 03 (2024) 121    [arXiv:2312.16966] |
 |                                                     |
 =======================================================
 ---------------------------------------------------
         the cuts in the lab frame                  
 min transverse momentum of photon    0.0000000000000000     
 max (pseudo-)rapidity of photon    5.0000000000000000     
 min (pseudo-)rapidity of photon   -5.0000000000000000     
 min invariant mass of di-photon    0.0000000000000000     
 ---------------------------------------------------
 WARNING: outside the range of the grid (xs,xt)=   2.1928661094936627E-002  -2.1928660875651068E-002
 WARNING: set the 2-loop amplitudes to zero
 WARNING: outside the range of the grid (xs,xt)=   2.1869457493837157E-002  -2.1869457275143625E-002
 WARNING: set the 2-loop amplitudes to zero
 WARNING: outside the range of the grid (xs,xt)=   2.1970404424386372E-002  -2.1970404204683387E-002
 WARNING: set the 2-loop amplitudes to zero
 WARNING: outside the range of the grid (xs,xt)=   2.1943892321009767E-002  -2.1943892101571893E-002
 WARNING: set the 2-loop amplitudes to zero
 WARNING: outside the range of the grid (xs,xt)=   2.1987268241047672E-002  -2.1987268021176048E-002
 WARNING: set the 2-loop amplitudes to zero
 INFO: will suppress the further warning
 max=   3.5175353869844404E-002
 min=   0.0000000000000000     
       n_pass,     n_total
       10000       10000
  
 ====================NCALL=20K===========================
  
 ITERATION            1 :
   2.5181242320722143E-002 +\-   2.1086381057903301E-006
 precision:   8.3738446218560477E-005
 max=   3.5946187336825308E-002
 min=   0.0000000000000000     
       n_pass,     n_total
       20000       20002
 max=   3.5946187336825308E-002
 min=   0.0000000000000000     
       n_pass,     n_total
       30000       30002
 ITERATION            2 :
   2.5180341114694429E-002 +\-   1.7982361468109418E-006
 precision:   7.1414288576160300E-005
 max=   3.6026464596023940E-002
 min=   0.0000000000000000     
       n_pass,     n_total
       40000       40012
 max=   3.6026464596023940E-002
 min=   0.0000000000000000     
       n_pass,     n_total
       50000       50012
 ITERATION            3 :
   2.5178526054379362E-002 +\-   1.4412884003090100E-006
 precision:   5.7242763027358519E-005
 max=   3.6027153502012944E-002
 min=   0.0000000000000000     
       n_pass,     n_total
       60000       60035
 max=   3.6027153502012944E-002
 min=   0.0000000000000000     
       n_pass,     n_total
       70000       70035
 ITERATION            4 :
   2.5180012201680851E-002 +\-   1.2420775502849317E-006
 precision:   4.9327916934131546E-005
 max=   3.6027153502012944E-002
 min=   0.0000000000000000     
       n_pass,     n_total
       80000       80062
 max=   3.6027153502012944E-002
 min=   0.0000000000000000     
       n_pass,     n_total
       90000       90062
 ITERATION            5 :
   2.5180572846406173E-002 +\-   1.1824821981440321E-006
 precision:   4.6960099174741320E-005
 max=   3.6027153502012944E-002
 min=   0.0000000000000000     
       n_pass,     n_total
      100000      100093
 max=   3.6027153502012944E-002
 min=   0.0000000000000000     
       n_pass,     n_total
      110000      110093
 ITERATION            6 :
   2.5179881432249970E-002 +\-   1.0559027577912510E-006
 precision:   4.1934381646407140E-005
 max=   3.6028276423056463E-002
 min=   0.0000000000000000     
       n_pass,     n_total
      120000      120123
 max=   3.6028276423056463E-002
 min=   0.0000000000000000     
       n_pass,     n_total
      130000      130123
 ITERATION            7 :
   2.5180507971014780E-002 +\-   1.0429037483128521E-006
 precision:   4.1417105227318524E-005
 max=   3.6028276423056463E-002
 min=   0.0000000000000000     
       n_pass,     n_total
      140000      140160
 max=   3.6028276423056463E-002
 min=   0.0000000000000000     
       n_pass,     n_total
      150000      150160
 ITERATION            8 :
   2.5179248781334110E-002 +\-   9.9131131433911801E-007
 precision:   3.9370170371166804E-005
 max=   3.6028671648725231E-002
 min=   0.0000000000000000     
       n_pass,     n_total
      160000      160210
 max=   3.6028671648725231E-002
 min=   0.0000000000000000     
       n_pass,     n_total
      170000      170210
 ITERATION            9 :
   2.5180051150067929E-002 +\-   1.0615618734437853E-006
 precision:   4.2158844996664015E-005
 max=   3.6028671648725231E-002
 min=   0.0000000000000000     
       n_pass,     n_total
      180000      180259
 max=   3.6028671648725231E-002
 min=   0.0000000000000000     
       n_pass,     n_total
      190000      190259
 ITERATION           10 :
   2.5180100570376583E-002 +\-   1.0233631814673068E-006
 precision:   4.0641743213339429E-005
 ====================NCALL=40K ===========================
  
 max=   3.6028671648725231E-002
 min=   0.0000000000000000     
       n_pass,     n_total
      200000      200349
 max=   3.6028671648725231E-002
 min=   0.0000000000000000     
       n_pass,     n_total
      210000      210349
 max=   3.6028671648725231E-002
 min=   0.0000000000000000     
       n_pass,     n_total
      220000      220349
 max=   3.6028671648725231E-002
 min=   0.0000000000000000     
       n_pass,     n_total
      230000      230349
   2.5180422800280804E-002 +\-   4.9787856413390044E-007
 precision:   1.9772446558297989E-005
 ====================NCALL=80K ===========================
  
 max=   3.6028671648725231E-002
 min=   0.0000000000000000     
       n_pass,     n_total
      240000      240575
 max=   3.6028671648725231E-002
 min=   0.0000000000000000     
       n_pass,     n_total
      250000      250575
 max=   3.6028671648725231E-002
 min=   0.0000000000000000     
       n_pass,     n_total
      260000      260575
 max=   3.6028671648725231E-002
 min=   0.0000000000000000     
       n_pass,     n_total
      270000      270575
 max=   3.6028671648725231E-002
 min=   0.0000000000000000     
       n_pass,     n_total
      280000      280575
 max=   3.6028671648725231E-002
 min=   0.0000000000000000     
       n_pass,     n_total
      290000      290575
 max=   3.6028671648725231E-002
 min=   0.0000000000000000     
       n_pass,     n_total
      300000      300575
 max=   3.6028671648725231E-002
 min=   0.0000000000000000     
       n_pass,     n_total
      310000      310575
   2.5179756494159527E-002 +\-   2.7939122044180740E-007
 precision:   1.1095866654096218E-005
 sigma (pb)                   sd (pb)
   2.5179756494159527E-002   2.7939122044180740E-007
