 =======================================================
 |                                                     |
 |         \/\/\/\/\/\___________/\/\/\/\/\/           |
 |                   |     \     |                     |
 |                   |     /     |                     |
 |                   |     \     |                     |
 |         /\/\/\/\/\|_____/_____|/\/\/\/\/\           |
 |                                                     |
 | Light-by-light scattering at next-to-leading order  |
 |                   (VERSION 0.5)                     |
 |                                                     |
 |    Authors:                                         |
 |            Ajjath A.H. (LPTHE Paris)                |
 |            Ekta Chaubey (Bonn)                      |
 |            Mathijs Fraaije (Bern)                   |
 |            Valentin Hirschi (Bern)                  |
 |            Hua-Sheng Shao (LPTHE Paris)             |
 |                                                     |
 |    Please cite                                      |
 |            PLB 851 (2024) 138555 [arXiv:2312.16956] |
 |            JHEP 03 (2024) 121    [arXiv:2312.16966] |
 |                                                     |
 =======================================================
 ---------------------------------------------------
         the cuts in the lab frame                  
 min transverse momentum of photon    0.0000000000000000     
 max (pseudo-)rapidity of photon    5.0000000000000000     
 min (pseudo-)rapidity of photon   -5.0000000000000000     
 min invariant mass of di-photon    0.0000000000000000     
 ---------------------------------------------------
 max=   1742401.6253157109     
 min=   0.0000000000000000     
       n_pass,     n_total
       10000       10000
  
 ====================NCALL=20K===========================
  
 ITERATION            1 :
   166456.44018593762      +\-   248.73860499468739     
 precision:   1.4943164993606599E-003
 WARNING: outside the range of the grid (xs,xt)=   526.03352468778849       -526.00962844188075     
 WARNING: set the 2-loop amplitudes to zero
 WARNING: outside the range of the grid (xs,xt)=   1.0681423003586436E-002  -1.0680937776127046E-002
 WARNING: set the 2-loop amplitudes to zero
 max=   1753572.4799703863     
 min=   0.0000000000000000     
       n_pass,     n_total
       20000       20006
 max=   1753572.4799703863     
 min=   0.0000000000000000     
       n_pass,     n_total
       30000       30006
 ITERATION            2 :
   165947.73224016660      +\-   50.626926386180266     
 precision:   3.0507754280673647E-004
 WARNING: outside the range of the grid (xs,xt)=   526.03352468778849       -526.00791666370026     
 WARNING: set the 2-loop amplitudes to zero
 WARNING: outside the range of the grid (xs,xt)=   1.0681423003586436E-002  -1.0680903017454876E-002
 WARNING: set the 2-loop amplitudes to zero
 WARNING: outside the range of the grid (xs,xt)=   526.03352468778849       -526.00847151283551     
 WARNING: set the 2-loop amplitudes to zero
 INFO: will suppress the further warning
 max=   1753572.4799703863     
 min=   0.0000000000000000     
       n_pass,     n_total
       40000       40027
 max=   1753572.4799703863     
 min=   0.0000000000000000     
       n_pass,     n_total
       50000       50027
 ITERATION            3 :
   165860.23607933597      +\-   40.141515859033298     
 precision:   2.4202012976656080E-004
 max=   1768111.5388614610     
 min=   0.0000000000000000     
       n_pass,     n_total
       60000       60073
 max=   1768111.5388614610     
 min=   0.0000000000000000     
       n_pass,     n_total
       70000       70073
 ITERATION            4 :
   165866.72306153388      +\-   35.737727639480120     
 precision:   2.1546050334775107E-004
 max=   1768650.8890912486     
 min=   0.0000000000000000     
       n_pass,     n_total
       80000       80143
 max=   1768650.8890912486     
 min=   0.0000000000000000     
       n_pass,     n_total
       90000       90143
 ITERATION            5 :
   165877.94489803305      +\-   31.708609584228213     
 precision:   1.9115627218386288E-004
 max=   1768654.9032548242     
 min=   0.0000000000000000     
       n_pass,     n_total
      100000      100245
 max=   1768654.9032548242     
 min=   0.0000000000000000     
       n_pass,     n_total
      110000      110245
 ITERATION            6 :
   165859.71299455446      +\-   30.422613495189989     
 precision:   1.8342376786934891E-004
 max=   1774072.1148396241     
 min=   0.0000000000000000     
       n_pass,     n_total
      120000      120362
 max=   1774072.1148396241     
 min=   0.0000000000000000     
       n_pass,     n_total
      130000      130362
 ITERATION            7 :
   165925.32685816681      +\-   29.286787022188609     
 precision:   1.7650582690864906E-004
 max=   1774072.1148396241     
 min=   0.0000000000000000     
       n_pass,     n_total
      140000      140492
 max=   1774072.1148396241     
 min=   0.0000000000000000     
       n_pass,     n_total
      150000      150492
 ITERATION            8 :
   165829.85147316154      +\-   28.715680116738927     
 precision:   1.7316351586666148E-004
 max=   1774072.1148396241     
 min=   0.0000000000000000     
       n_pass,     n_total
      160000      160633
 max=   1774072.1148396241     
 min=   0.0000000000000000     
       n_pass,     n_total
      170000      170633
 ITERATION            9 :
   165879.10746260962      +\-   28.241554141884702     
 precision:   1.7025383469856538E-004
 max=   1774072.1148396241     
 min=   0.0000000000000000     
       n_pass,     n_total
      180000      180790
 max=   1774072.1148396241     
 min=   0.0000000000000000     
       n_pass,     n_total
      190000      190790
 ITERATION           10 :
   165905.55696037610      +\-   28.268508710243772     
 precision:   1.7038916132866637E-004
 ====================NCALL=40K ===========================
  
 max=   1776897.8103179547     
 min=   0.0000000000000000     
       n_pass,     n_total
      200000      201043
 max=   1776897.8103179547     
 min=   0.0000000000000000     
       n_pass,     n_total
      210000      211043
 max=   1776897.8103179547     
 min=   0.0000000000000000     
       n_pass,     n_total
      220000      221043
 max=   1776897.8103179547     
 min=   0.0000000000000000     
       n_pass,     n_total
      230000      231043
   165901.70358178808      +\-   13.996382669525273     
 precision:   8.4365515045028934E-005
 ====================NCALL=80K ===========================
  
 max=   1776897.8103179547     
 min=   0.0000000000000000     
       n_pass,     n_total
      240000      241564
 max=   1776897.8103179547     
 min=   0.0000000000000000     
       n_pass,     n_total
      250000      251564
 max=   1776897.8103179547     
 min=   0.0000000000000000     
       n_pass,     n_total
      260000      261564
 max=   1776897.8103179547     
 min=   0.0000000000000000     
       n_pass,     n_total
      270000      271564
 max=   1776897.8103179547     
 min=   0.0000000000000000     
       n_pass,     n_total
      280000      281564
 max=   1776897.8103179547     
 min=   0.0000000000000000     
       n_pass,     n_total
      290000      291564
 max=   1776897.8103179547     
 min=   0.0000000000000000     
       n_pass,     n_total
      300000      301564
 max=   1776897.8103179547     
 min=   0.0000000000000000     
       n_pass,     n_total
      310000      311564
   165880.72618638162      +\-   6.4295157758206516     
 precision:   3.8759872371167003E-005
 sigma (pb)                   sd (pb)
   165880.72618638162        6.4295157758206516     
