 =======================================================
 |                                                     |
 |         \/\/\/\/\/\___________/\/\/\/\/\/           |
 |                   |     \     |                     |
 |                   |     /     |                     |
 |                   |     \     |                     |
 |         /\/\/\/\/\|_____/_____|/\/\/\/\/\           |
 |                                                     |
 | Light-by-light scattering at next-to-leading order  |
 |                   (VERSION 0.5)                     |
 |                                                     |
 |    Authors:                                         |
 |            Ajjath A.H. (LPTHE Paris)                |
 |            Ekta Chaubey (Bonn)                      |
 |            Mathijs Fraaije (Bern)                   |
 |            Valentin Hirschi (Bern)                  |
 |            Hua-Sheng Shao (LPTHE Paris)             |
 |                                                     |
 |    Please cite                                      |
 |            PLB 851 (2024) 138555 [arXiv:2312.16956] |
 |            JHEP 03 (2024) 121    [arXiv:2312.16966] |
 |                                                     |
 =======================================================
 ---------------------------------------------------
         the cuts in the lab frame                  
 min transverse momentum of photon    0.0000000000000000     
 max (pseudo-)rapidity of photon    5.0000000000000000     
 min (pseudo-)rapidity of photon   -5.0000000000000000     
 min invariant mass of di-photon    0.0000000000000000     
 ---------------------------------------------------
 max=   456875.60652600636     
 min=   0.0000000000000000     
       n_pass,     n_total
       10000       10000
  
 ====================NCALL=20K===========================
  
 ITERATION            1 :
   11670.474068518952      +\-   74.543387624032704     
 precision:   6.3873487217724206E-003
 WARNING: outside the range of the grid (xs,xt)=   1.8937046112719982E-002  -1.8936115009082603E-002
 WARNING: set the 2-loop amplitudes to zero
 WARNING: outside the range of the grid (xs,xt)=   1.8384169550173010E-002  -1.8383265630573489E-002
 WARNING: set the 2-loop amplitudes to zero
 WARNING: outside the range of the grid (xs,xt)=   8138.7938924866266       -8138.3937212797737     
 WARNING: set the 2-loop amplitudes to zero
 WARNING: outside the range of the grid (xs,xt)=  0.16526304165927919      -0.16525491594535860     
 WARNING: set the 2-loop amplitudes to zero
 WARNING: outside the range of the grid (xs,xt)=   1.8937046112719982E-002  -1.8936107180691379E-002
 WARNING: set the 2-loop amplitudes to zero
 INFO: will suppress the further warning
 max=   467981.95059780957     
 min=   0.0000000000000000     
       n_pass,     n_total
       20000       20007
 max=   467981.95059780957     
 min=   0.0000000000000000     
       n_pass,     n_total
       30000       30007
 ITERATION            2 :
   11558.835800262690      +\-   13.529145564483708     
 precision:   1.1704591879552644E-003
 max=   467981.95059780957     
 min=   0.0000000000000000     
       n_pass,     n_total
       40000       40039
 max=   467981.95059780957     
 min=   0.0000000000000000     
       n_pass,     n_total
       50000       50039
 ITERATION            3 :
   11546.960472524412      +\-   5.9070151379545246     
 precision:   5.1156450669507874E-004
 max=   469780.31862427224     
 min=   0.0000000000000000     
       n_pass,     n_total
       60000       60146
 max=   469780.31862427224     
 min=   0.0000000000000000     
       n_pass,     n_total
       70000       70146
 ITERATION            4 :
   11550.575893605794      +\-   3.9795758691233436     
 precision:   3.4453484447700744E-004
 max=   469780.31862427224     
 min=   0.0000000000000000     
       n_pass,     n_total
       80000       80376
 max=   469780.31862427224     
 min=   0.0000000000000000     
       n_pass,     n_total
       90000       90376
 ITERATION            5 :
   11547.763067973076      +\-   3.0853589073543288     
 precision:   2.6718238754926994E-004
 max=   469826.98243349715     
 min=   0.0000000000000000     
       n_pass,     n_total
      100000      100709
 max=   469826.98243349715     
 min=   0.0000000000000000     
       n_pass,     n_total
      110000      110709
 ITERATION            6 :
   11548.352528974297      +\-   2.7477897983037711     
 precision:   2.3793781765924535E-004
 max=   469826.98243349715     
 min=   0.0000000000000000     
       n_pass,     n_total
      120000      120991
 max=   469826.98243349715     
 min=   0.0000000000000000     
       n_pass,     n_total
      130000      130991
 ITERATION            7 :
   11555.662016327353      +\-   2.6946173888415821     
 precision:   2.3318589493481843E-004
 max=   469826.98243349715     
 min=   0.0000000000000000     
       n_pass,     n_total
      140000      141393
 max=   469826.98243349715     
 min=   0.0000000000000000     
       n_pass,     n_total
      150000      151393
 ITERATION            8 :
   11545.784962664306      +\-   3.0595463846327262     
 precision:   2.6499249678791048E-004
 max=   469826.98243349715     
 min=   0.0000000000000000     
       n_pass,     n_total
      160000      161572
 max=   469826.98243349715     
 min=   0.0000000000000000     
       n_pass,     n_total
      170000      171572
 ITERATION            9 :
   11549.306276472595      +\-   3.0356534178719543     
 precision:   2.6284292278714320E-004
 max=   469826.98243349715     
 min=   0.0000000000000000     
       n_pass,     n_total
      180000      181984
 max=   469826.98243349715     
 min=   0.0000000000000000     
       n_pass,     n_total
      190000      191984
 ITERATION           10 :
   11552.653597931547      +\-   2.7193629659129832     
 precision:   2.3538860079729852E-004
 ====================NCALL=40K ===========================
  
 max=   469875.03949132905     
 min=   0.0000000000000000     
       n_pass,     n_total
      200000      202276
 max=   469875.03949132905     
 min=   0.0000000000000000     
       n_pass,     n_total
      210000      212276
 max=   469875.03949132905     
 min=   0.0000000000000000     
       n_pass,     n_total
      220000      222276
 max=   469875.03949132905     
 min=   0.0000000000000000     
       n_pass,     n_total
      230000      232276
   11551.039181068210      +\-   1.7399465733390826     
 precision:   1.5063117231831402E-004
 ====================NCALL=80K ===========================
  
 max=   469976.24713067629     
 min=   0.0000000000000000     
       n_pass,     n_total
      240000      243685
 max=   469976.24713067629     
 min=   0.0000000000000000     
       n_pass,     n_total
      250000      253685
 max=   469976.24713067629     
 min=   0.0000000000000000     
       n_pass,     n_total
      260000      263685
 max=   469976.24713067629     
 min=   0.0000000000000000     
       n_pass,     n_total
      270000      273685
 max=   469976.24713067629     
 min=   0.0000000000000000     
       n_pass,     n_total
      280000      283685
 max=   469976.24713067629     
 min=   0.0000000000000000     
       n_pass,     n_total
      290000      293685
 max=   469976.24713067629     
 min=   0.0000000000000000     
       n_pass,     n_total
      300000      303685
 max=   469976.24713067629     
 min=   0.0000000000000000     
       n_pass,     n_total
      310000      313685
   11550.392909801321      +\-  0.73466910140781982     
 precision:   6.3605550663510448E-005
 sigma (pb)                   sd (pb)
   11550.392909801321       0.73466910140781982     
