 =======================================================
 |                                                     |
 |         \/\/\/\/\/\___________/\/\/\/\/\/           |
 |                   |     \     |                     |
 |                   |     /     |                     |
 |                   |     \     |                     |
 |         /\/\/\/\/\|_____/_____|/\/\/\/\/\           |
 |                                                     |
 | Light-by-light scattering at next-to-leading order  |
 |                   (VERSION 0.5)                     |
 |                                                     |
 |    Authors:                                         |
 |            Ajjath A.H. (LPTHE Paris)                |
 |            Ekta Chaubey (Bonn)                      |
 |            Mathijs Fraaije (Bern)                   |
 |            Valentin Hirschi (Bern)                  |
 |            Hua-Sheng Shao (LPTHE Paris)             |
 |                                                     |
 |    Please cite                                      |
 |            PLB 851 (2024) 138555 [arXiv:2312.16956] |
 |            JHEP 03 (2024) 121    [arXiv:2312.16966] |
 |                                                     |
 =======================================================
 ---------------------------------------------------
         the cuts in the lab frame                  
 min transverse momentum of photon    0.0000000000000000     
 max (pseudo-)rapidity of photon    5.0000000000000000     
 min (pseudo-)rapidity of photon   -5.0000000000000000     
 min invariant mass of di-photon    0.0000000000000000     
 ---------------------------------------------------
 WARNING: outside the range of the grid (xs,xt)=   5.4046506527623696E-002  -5.4046505987165011E-002
 WARNING: set the 2-loop amplitudes to zero
 WARNING: outside the range of the grid (xs,xt)=   5.3900590285887423E-002  -5.3900589746887870E-002
 WARNING: set the 2-loop amplitudes to zero
 WARNING: outside the range of the grid (xs,xt)=   5.4149389285390953E-002  -5.4149388743903466E-002
 WARNING: set the 2-loop amplitudes to zero
 WARNING: outside the range of the grid (xs,xt)=   5.4084046191163651E-002  -5.4084045650329572E-002
 WARNING: set the 2-loop amplitudes to zero
 WARNING: outside the range of the grid (xs,xt)=   5.4190952715703435E-002  -5.4190952173800322E-002
 WARNING: set the 2-loop amplitudes to zero
 INFO: will suppress the further warning
 max=  0.53231576740374331     
 min=   0.0000000000000000     
       n_pass,     n_total
       10000       10000
  
 ====================NCALL=20K===========================
  
 ITERATION            1 :
  0.37875949102682777      +\-   1.5764480963434559E-005
 precision:   4.1621349000909789E-005
 max=  0.53822567843776870     
 min=   0.0000000000000000     
       n_pass,     n_total
       20000       20002
 max=  0.53822567843776870     
 min=   0.0000000000000000     
       n_pass,     n_total
       30000       30002
 ITERATION            2 :
  0.37871597603944818      +\-   2.4703874205021856E-005
 precision:   6.5230610188065125E-005
 max=  0.53942305596654316     
 min=   0.0000000000000000     
       n_pass,     n_total
       40000       40010
 max=  0.53942305596654316     
 min=   0.0000000000000000     
       n_pass,     n_total
       50000       50010
 ITERATION            3 :
  0.37869796842422726      +\-   2.0109227655453676E-005
 precision:   5.3100965233926996E-005
 max=  0.53945575030753534     
 min=   0.0000000000000000     
       n_pass,     n_total
       60000       60034
 max=  0.53945575030753534     
 min=   0.0000000000000000     
       n_pass,     n_total
       70000       70034
 ITERATION            4 :
  0.37869314032655027      +\-   1.6901932524335044E-005
 precision:   4.4632264819374243E-005
 max=  0.53945575030753534     
 min=   0.0000000000000000     
       n_pass,     n_total
       80000       80067
 max=  0.53945575030753534     
 min=   0.0000000000000000     
       n_pass,     n_total
       90000       90067
 ITERATION            5 :
  0.37869924330509552      +\-   1.4405778496413994E-005
 precision:   3.8040156538702439E-005
 max=  0.53945778835514069     
 min=   0.0000000000000000     
       n_pass,     n_total
      100000      100110
 max=  0.53945778835514069     
 min=   0.0000000000000000     
       n_pass,     n_total
      110000      110110
 ITERATION            6 :
  0.37869500911772480      +\-   1.4064776866987213E-005
 precision:   3.7140116791491436E-005
 max=  0.53946249489315623     
 min=   0.0000000000000000     
       n_pass,     n_total
      120000      120152
 max=  0.53946249489315623     
 min=   0.0000000000000000     
       n_pass,     n_total
      130000      130152
 ITERATION            7 :
  0.37870514576740211      +\-   1.3556327309922686E-005
 precision:   3.5796522601910674E-005
 max=  0.53946249489315623     
 min=   0.0000000000000000     
       n_pass,     n_total
      140000      140201
 max=  0.53946249489315623     
 min=   0.0000000000000000     
       n_pass,     n_total
      150000      150201
 ITERATION            8 :
  0.37868903080886951      +\-   1.3108393450370353E-005
 precision:   3.4615191843215474E-005
 max=  0.53946249489315623     
 min=   0.0000000000000000     
       n_pass,     n_total
      160000      160262
 max=  0.53946249489315623     
 min=   0.0000000000000000     
       n_pass,     n_total
      170000      170262
 ITERATION            9 :
  0.37871141027618338      +\-   1.3366135167926897E-005
 precision:   3.5293721829451499E-005
 max=  0.53946249489315623     
 min=   0.0000000000000000     
       n_pass,     n_total
      180000      180323
 max=  0.53946249489315623     
 min=   0.0000000000000000     
       n_pass,     n_total
      190000      190323
 ITERATION           10 :
  0.37871035104769601      +\-   1.3062941850281277E-005
 precision:   3.4493226324928433E-005
 ====================NCALL=40K ===========================
  
 max=  0.53946249489315623     
 min=   0.0000000000000000     
       n_pass,     n_total
      200000      200445
 max=  0.53946249489315623     
 min=   0.0000000000000000     
       n_pass,     n_total
      210000      210445
 max=  0.53946249489315623     
 min=   0.0000000000000000     
       n_pass,     n_total
      220000      220445
 max=  0.53946249489315623     
 min=   0.0000000000000000     
       n_pass,     n_total
      230000      230445
  0.37870418823590096      +\-   6.7447346479347440E-006
 precision:   1.7810034474013634E-005
 ====================NCALL=80K ===========================
  
 max=  0.53946249489315623     
 min=   0.0000000000000000     
       n_pass,     n_total
      240000      240742
 max=  0.53946249489315623     
 min=   0.0000000000000000     
       n_pass,     n_total
      250000      250742
 max=  0.53946249489315623     
 min=   0.0000000000000000     
       n_pass,     n_total
      260000      260742
 max=  0.53946249489315623     
 min=   0.0000000000000000     
       n_pass,     n_total
      270000      270742
 max=  0.53946249489315623     
 min=   0.0000000000000000     
       n_pass,     n_total
      280000      280742
 max=  0.53946249489315623     
 min=   0.0000000000000000     
       n_pass,     n_total
      290000      290742
 max=  0.53946249489315623     
 min=   0.0000000000000000     
       n_pass,     n_total
      300000      300742
 max=  0.53946249489315623     
 min=   0.0000000000000000     
       n_pass,     n_total
      310000      310742
  0.37869736261687692      +\-   3.5682482800847213E-006
 precision:   9.4224270679557664E-006
 sigma (pb)                   sd (pb)
  0.37869736261687692        3.5682482800847213E-006
