 =======================================================
 |                                                     |
 |         \/\/\/\/\/\___________/\/\/\/\/\/           |
 |                   |     \     |                     |
 |                   |     /     |                     |
 |                   |     \     |                     |
 |         /\/\/\/\/\|_____/_____|/\/\/\/\/\           |
 |                                                     |
 | Light-by-light scattering at next-to-leading order  |
 |                   (VERSION 0.5)                     |
 |                                                     |
 |    Authors:                                         |
 |            Ajjath A.H. (LPTHE Paris)                |
 |            Ekta Chaubey (Bonn)                      |
 |            Mathijs Fraaije (Bern)                   |
 |            Valentin Hirschi (Bern)                  |
 |            Hua-Sheng Shao (LPTHE Paris)             |
 |                                                     |
 |    Please cite                                      |
 |            PLB 851 (2024) 138555 [arXiv:2312.16956] |
 |            JHEP 03 (2024) 121    [arXiv:2312.16966] |
 |                                                     |
 =======================================================
 ---------------------------------------------------
         the cuts in the lab frame                  
 min transverse momentum of photon    0.0000000000000000     
 max (pseudo-)rapidity of photon    5.0000000000000000     
 min (pseudo-)rapidity of photon   -5.0000000000000000     
 min invariant mass of di-photon    0.0000000000000000     
 ---------------------------------------------------
 max=   2322116.2711349651     
 min=   0.0000000000000000     
       n_pass,     n_total
       10000       10000
  
 ====================NCALL=20K===========================
  
 ITERATION            1 :
   367243.80230813200      +\-   241.43415846419529     
 precision:   6.5742200943018922E-004
 WARNING: outside the range of the grid (xs,xt)=   214.84331018952903       -214.83321139868434     
 WARNING: set the 2-loop amplitudes to zero
 max=   2397872.3262630999     
 min=   0.0000000000000000     
       n_pass,     n_total
       20000       20005
 max=   2397872.3262630999     
 min=   0.0000000000000000     
       n_pass,     n_total
       30000       30005
 ITERATION            2 :
   366726.68478882156      +\-   74.663884993389246     
 precision:   2.0359545157283608E-004
 max=   2397872.3262630999     
 min=   0.0000000000000000     
       n_pass,     n_total
       40000       40025
 max=   2397872.3262630999     
 min=   0.0000000000000000     
       n_pass,     n_total
       50000       50025
 ITERATION            3 :
   366585.32987404743      +\-   69.282710656433480     
 precision:   1.8899477150446215E-004
 WARNING: outside the range of the grid (xs,xt)=   214.84331018952903       -214.83274441825961     
 WARNING: set the 2-loop amplitudes to zero
 WARNING: outside the range of the grid (xs,xt)=   214.84331018952903       -214.83257024278288     
 WARNING: set the 2-loop amplitudes to zero
 max=   2398460.9433672056     
 min=   0.0000000000000000     
       n_pass,     n_total
       60000       60060
 max=   2398460.9433672056     
 min=   0.0000000000000000     
       n_pass,     n_total
       70000       70060
 WARNING: outside the range of the grid (xs,xt)=   214.84331018952903       -1.0164174512713613E-002
 WARNING: set the 2-loop amplitudes to zero
 ITERATION            4 :
   366600.29988334130      +\-   61.867563150762614     
 precision:   1.6876026334525630E-004
 WARNING: outside the range of the grid (xs,xt)=   214.84331018952903       -214.83302894140041     
 WARNING: set the 2-loop amplitudes to zero
 INFO: will suppress the further warning
 max=   2401000.5508746253     
 min=   0.0000000000000000     
       n_pass,     n_total
       80000       80105
 max=   2401000.5508746253     
 min=   0.0000000000000000     
       n_pass,     n_total
       90000       90105
 ITERATION            5 :
   366645.04266729712      +\-   55.812042898156513     
 precision:   1.5222363976921885E-004
 max=   2401000.5508746253     
 min=   0.0000000000000000     
       n_pass,     n_total
      100000      100170
 max=   2401000.5508746253     
 min=   0.0000000000000000     
       n_pass,     n_total
      110000      110170
 ITERATION            6 :
   366591.50942180614      +\-   53.991768092400157     
 precision:   1.4728046532653421E-004
 max=   2401459.9291490717     
 min=   0.0000000000000000     
       n_pass,     n_total
      120000      120231
 max=   2401459.9291490717     
 min=   0.0000000000000000     
       n_pass,     n_total
      130000      130231
 ITERATION            7 :
   366715.04763250373      +\-   52.254764101816903     
 precision:   1.4249419116878724E-004
 max=   2401459.9291490717     
 min=   0.0000000000000000     
       n_pass,     n_total
      140000      140300
 max=   2401459.9291490717     
 min=   0.0000000000000000     
       n_pass,     n_total
      150000      150300
 ITERATION            8 :
   366552.91594664787      +\-   51.404509270821762     
 precision:   1.4023762200354107E-004
 max=   2401459.9291490717     
 min=   0.0000000000000000     
       n_pass,     n_total
      160000      160374
 max=   2401459.9291490717     
 min=   0.0000000000000000     
       n_pass,     n_total
      170000      170374
 ITERATION            9 :
   366659.41568788560      +\-   49.979991407472887     
 precision:   1.3631176309411279E-004
 max=   2401459.9291490717     
 min=   0.0000000000000000     
       n_pass,     n_total
      180000      180452
 max=   2401459.9291490717     
 min=   0.0000000000000000     
       n_pass,     n_total
      190000      190452
 ITERATION           10 :
   366682.62135523348      +\-   51.663607283529963     
 precision:   1.4089461641946614E-004
 ====================NCALL=40K ===========================
  
 max=   2412847.4133928209     
 min=   0.0000000000000000     
       n_pass,     n_total
      200000      200607
 max=   2412847.4133928209     
 min=   0.0000000000000000     
       n_pass,     n_total
      210000      210607
 max=   2412847.4133928209     
 min=   0.0000000000000000     
       n_pass,     n_total
      220000      220607
 max=   2412847.4133928209     
 min=   0.0000000000000000     
       n_pass,     n_total
      230000      230607
   366652.68008524593      +\-   25.840712566436594     
 precision:   7.0477359010245573E-005
 ====================NCALL=80K ===========================
  
 max=   2412847.4133928209     
 min=   0.0000000000000000     
       n_pass,     n_total
      240000      240971
 max=   2412847.4133928209     
 min=   0.0000000000000000     
       n_pass,     n_total
      250000      250971
 max=   2412847.4133928209     
 min=   0.0000000000000000     
       n_pass,     n_total
      260000      260971
 max=   2412847.4133928209     
 min=   0.0000000000000000     
       n_pass,     n_total
      270000      270971
 max=   2412847.4133928209     
 min=   0.0000000000000000     
       n_pass,     n_total
      280000      280971
 max=   2412847.4133928209     
 min=   0.0000000000000000     
       n_pass,     n_total
      290000      290971
 max=   2412847.4133928209     
 min=   0.0000000000000000     
       n_pass,     n_total
      300000      300971
 max=   2412847.4133928209     
 min=   0.0000000000000000     
       n_pass,     n_total
      310000      310971
   366618.59590758139      +\-   12.629138763711230     
 precision:   3.4447621873754685E-005
 sigma (pb)                   sd (pb)
   366618.59590758139        12.629138763711230     
