 =======================================================
 |                                                     |
 |         \/\/\/\/\/\___________/\/\/\/\/\/           |
 |                   |     \     |                     |
 |                   |     /     |                     |
 |                   |     \     |                     |
 |         /\/\/\/\/\|_____/_____|/\/\/\/\/\           |
 |                                                     |
 | Light-by-light scattering at next-to-leading order  |
 |                   (VERSION 0.5)                     |
 |                                                     |
 |    Authors:                                         |
 |            Ajjath A.H. (LPTHE Paris)                |
 |            Ekta Chaubey (Bonn)                      |
 |            Mathijs Fraaije (Bern)                   |
 |            Valentin Hirschi (Bern)                  |
 |            Hua-Sheng Shao (LPTHE Paris)             |
 |                                                     |
 |    Please cite                                      |
 |            PLB 851 (2024) 138555 [arXiv:2312.16956] |
 |            JHEP 03 (2024) 121    [arXiv:2312.16966] |
 |                                                     |
 =======================================================
 ---------------------------------------------------
         the cuts in the lab frame                  
 min transverse momentum of photon    0.0000000000000000     
 max (pseudo-)rapidity of photon    5.0000000000000000     
 min (pseudo-)rapidity of photon   -5.0000000000000000     
 min invariant mass of di-photon    0.0000000000000000     
 ---------------------------------------------------
 max=   3134486.4901185259     
 min=   0.0000000000000000     
       n_pass,     n_total
       10000       10000
  
 ====================NCALL=20K===========================
  
 ITERATION            1 :
   1815404.1918198825      +\-   68.506478253897697     
 precision:   3.7736212443809675E-005
 max=   3134486.4901185259     
 min=   0.0000000000000000     
       n_pass,     n_total
       20000       20002
 max=   3134486.4901185259     
 min=   0.0000000000000000     
       n_pass,     n_total
       30000       30002
 ITERATION            2 :
   1815185.2240639229      +\-   116.95672645744601     
 precision:   6.4432392301870848E-005
 WARNING: outside the range of the grid (xs,xt)=   11.943719578279802       -11.943122491025578     
 WARNING: set the 2-loop amplitudes to zero
 max=   4002359.5383678488     
 min=   0.0000000000000000     
       n_pass,     n_total
       40000       40012
 max=   4002359.5383678488     
 min=   0.0000000000000000     
       n_pass,     n_total
       50000       50012
 WARNING: outside the range of the grid (xs,xt)=   11.943719578279802       -5.5963090329498610E-004
 WARNING: set the 2-loop amplitudes to zero
 ITERATION            3 :
   1814990.7735011526      +\-   108.33475404522213     
 precision:   5.9688873148507674E-005
 WARNING: outside the range of the grid (xs,xt)=   11.943719578279802       -11.943171060563873     
 WARNING: set the 2-loop amplitudes to zero
 WARNING: outside the range of the grid (xs,xt)=   11.943719578279802       -11.943159224242475     
 WARNING: set the 2-loop amplitudes to zero
 max=   5546139.2884079861     
 min=   0.0000000000000000     
       n_pass,     n_total
       60000       60039
 max=   5546139.2884079861     
 min=   0.0000000000000000     
       n_pass,     n_total
       70000       70039
 WARNING: outside the range of the grid (xs,xt)=   11.943719578279802       -5.9703989817191862E-004
 WARNING: set the 2-loop amplitudes to zero
 INFO: will suppress the further warning
 ITERATION            4 :
   1815060.3717187524      +\-   82.873822893785572     
 precision:   4.5658989742202938E-005
 max=   7551833.9115955392     
 min=   0.0000000000000000     
       n_pass,     n_total
       80000       80076
 max=   7551833.9115955392     
 min=   0.0000000000000000     
       n_pass,     n_total
       90000       90076
 ITERATION            5 :
   1815124.1344778242      +\-   69.854220698995206     
 precision:   3.8484541840490098E-005
 max=   7551833.9115955392     
 min=   0.0000000000000000     
       n_pass,     n_total
      100000      100136
 max=   7551833.9115955392     
 min=   0.0000000000000000     
       n_pass,     n_total
      110000      110136
 ITERATION            6 :
   1815090.4188002259      +\-   63.927539630989756     
 precision:   3.5220030346061674E-005
 max=   7551833.9115955392     
 min=   0.0000000000000000     
       n_pass,     n_total
      120000      120201
 max=   7551833.9115955392     
 min=   0.0000000000000000     
       n_pass,     n_total
      130000      130201
 ITERATION            7 :
   1815193.9024647980      +\-   61.580272250154806     
 precision:   3.3924900346203668E-005
 max=   7551833.9115955392     
 min=   0.0000000000000000     
       n_pass,     n_total
      140000      140294
 max=   7551833.9115955392     
 min=   0.0000000000000000     
       n_pass,     n_total
      150000      150294
 ITERATION            8 :
   1815014.5701538078      +\-   60.680533961355856     
 precision:   3.3432532696535694E-005
 max=   7551833.9115955392     
 min=   0.0000000000000000     
       n_pass,     n_total
      160000      160403
 max=   7551833.9115955392     
 min=   0.0000000000000000     
       n_pass,     n_total
      170000      170403
 ITERATION            9 :
   1815113.5239389450      +\-   58.866242076376118     
 precision:   3.2431162734456161E-005
 max=   7551833.9115955392     
 min=   0.0000000000000000     
       n_pass,     n_total
      180000      180519
 max=   7551833.9115955392     
 min=   0.0000000000000000     
       n_pass,     n_total
      190000      190519
 ITERATION           10 :
   1815154.6806924695      +\-   58.626595640496745     
 precision:   3.2298402039285755E-005
 ====================NCALL=40K ===========================
  
 max=   7551833.9115955392     
 min=   0.0000000000000000     
       n_pass,     n_total
      200000      200735
 max=   7551833.9115955392     
 min=   0.0000000000000000     
       n_pass,     n_total
      210000      210735
 max=   7551833.9115955392     
 min=   0.0000000000000000     
       n_pass,     n_total
      220000      220735
 max=   7551833.9115955392     
 min=   0.0000000000000000     
       n_pass,     n_total
      230000      230735
   1815154.3763443148      +\-   29.600587592831747     
 precision:   1.6307476641434073E-005
 ====================NCALL=80K ===========================
  
 max=   7551833.9115955392     
 min=   0.0000000000000000     
       n_pass,     n_total
      240000      241240
 max=   7551833.9115955392     
 min=   0.0000000000000000     
       n_pass,     n_total
      250000      251240
 max=   7551833.9115955392     
 min=   0.0000000000000000     
       n_pass,     n_total
      260000      261240
 max=   7551833.9115955392     
 min=   0.0000000000000000     
       n_pass,     n_total
      270000      271240
 max=   7551833.9115955392     
 min=   0.0000000000000000     
       n_pass,     n_total
      280000      281240
 max=   7551833.9115955392     
 min=   0.0000000000000000     
       n_pass,     n_total
      290000      291240
 max=   7551833.9115955392     
 min=   0.0000000000000000     
       n_pass,     n_total
      300000      301240
 max=   7551833.9115955392     
 min=   0.0000000000000000     
       n_pass,     n_total
      310000      311240
   1815111.9352753069      +\-   13.802525330095913     
 precision:   7.6042281811134783E-006
 sigma (pb)                   sd (pb)
   1815111.9352753069        13.802525330095913     
