 =======================================================
 |                                                     |
 |         \/\/\/\/\/\___________/\/\/\/\/\/           |
 |                   |     \     |                     |
 |                   |     /     |                     |
 |                   |     \     |                     |
 |         /\/\/\/\/\|_____/_____|/\/\/\/\/\           |
 |                                                     |
 | Light-by-light scattering at next-to-leading order  |
 |                   (VERSION 0.5)                     |
 |                                                     |
 |    Authors:                                         |
 |            Ajjath A.H. (LPTHE Paris)                |
 |            Ekta Chaubey (Bonn)                      |
 |            Mathijs Fraaije (Bern)                   |
 |            Valentin Hirschi (Bern)                  |
 |            Hua-Sheng Shao (LPTHE Paris)             |
 |                                                     |
 |    Please cite                                      |
 |            PLB 851 (2024) 138555 [arXiv:2312.16956] |
 |            JHEP 03 (2024) 121    [arXiv:2312.16966] |
 |                                                     |
 =======================================================
 ---------------------------------------------------
         the cuts in the lab frame                  
 min transverse momentum of photon    0.0000000000000000     
 max (pseudo-)rapidity of photon    5.0000000000000000     
 min (pseudo-)rapidity of photon   -5.0000000000000000     
 min invariant mass of di-photon    0.0000000000000000     
 ---------------------------------------------------
 max=   3.6766632394726674E-004
 min=   0.0000000000000000     
       n_pass,     n_total
       10000       10000
  
 ====================NCALL=20K===========================
  
 ITERATION            1 :
   2.4636678572069606E-004 +\-   3.4195456132916479E-008
 precision:   1.3879897013261997E-004
 max=   3.6769613642540243E-004
 min=   0.0000000000000000     
       n_pass,     n_total
       20000       20001
 max=   3.6769613642540243E-004
 min=   0.0000000000000000     
       n_pass,     n_total
       30000       30001
 ITERATION            2 :
   2.4631875001661650E-004 +\-   2.9943470145365521E-008
 precision:   1.2156390913540100E-004
 max=   3.6769613642540243E-004
 min=   0.0000000000000000     
       n_pass,     n_total
       40000       40008
 max=   3.6769613642540243E-004
 min=   0.0000000000000000     
       n_pass,     n_total
       50000       50008
 ITERATION            3 :
   2.4628368828066133E-004 +\-   2.4797866772085608E-008
 precision:   1.0068822237153732E-004
 max=   3.6770656954572626E-004
 min=   0.0000000000000000     
       n_pass,     n_total
       60000       60022
 max=   3.6770656954572626E-004
 min=   0.0000000000000000     
       n_pass,     n_total
       70000       70022
 ITERATION            4 :
   2.4628229948105650E-004 +\-   1.8508713171103357E-008
 precision:   7.5152429590365290E-005
 max=   3.6770656954572626E-004
 min=   0.0000000000000000     
       n_pass,     n_total
       80000       80036
 max=   3.6770656954572626E-004
 min=   0.0000000000000000     
       n_pass,     n_total
       90000       90036
 ITERATION            5 :
   2.4629756967112866E-004 +\-   1.8231533245341559E-008
 precision:   7.4022383857402248E-005
 max=   3.6770656954572626E-004
 min=   0.0000000000000000     
       n_pass,     n_total
      100000      100051
 max=   3.6770656954572626E-004
 min=   0.0000000000000000     
       n_pass,     n_total
      110000      110051
 ITERATION            6 :
   2.4631784349930580E-004 +\-   1.5764880434593131E-008
 precision:   6.4002185999316617E-005
 max=   3.6770656954572626E-004
 min=   0.0000000000000000     
       n_pass,     n_total
      120000      120067
 max=   3.6770656954572626E-004
 min=   0.0000000000000000     
       n_pass,     n_total
      130000      130067
 ITERATION            7 :
   2.4631084175930101E-004 +\-   1.5519433688256268E-008
 precision:   6.3007513503697546E-005
 max=   3.6770656954572626E-004
 min=   0.0000000000000000     
       n_pass,     n_total
      140000      140090
 max=   3.6770656954572626E-004
 min=   0.0000000000000000     
       n_pass,     n_total
      150000      150090
 ITERATION            8 :
   2.4627990007366650E-004 +\-   1.9568306712769585E-008
 precision:   7.9455557302550358E-005
 max=   3.6770656954572626E-004
 min=   0.0000000000000000     
       n_pass,     n_total
      160000      160114
 max=   3.6770656954572626E-004
 min=   0.0000000000000000     
       n_pass,     n_total
      170000      170114
 ITERATION            9 :
   2.4632920620975689E-004 +\-   1.6347387295507106E-008
 precision:   6.6363983171312634E-005
 max=   3.6770656954572626E-004
 min=   0.0000000000000000     
       n_pass,     n_total
      180000      180132
 max=   3.6770656954572626E-004
 min=   0.0000000000000000     
       n_pass,     n_total
      190000      190132
 ITERATION           10 :
   2.4632982890204861E-004 +\-   1.7270282136992110E-008
 precision:   7.0110397161277286E-005
 ====================NCALL=40K ===========================
  
 max=   3.6770656954572626E-004
 min=   0.0000000000000000     
       n_pass,     n_total
      200000      200171
 max=   3.6770656954572626E-004
 min=   0.0000000000000000     
       n_pass,     n_total
      210000      210171
 max=   3.6770656954572626E-004
 min=   0.0000000000000000     
       n_pass,     n_total
      220000      220171
 max=   3.6770656954572626E-004
 min=   0.0000000000000000     
       n_pass,     n_total
      230000      230171
   2.4631980895233307E-004 +\-   8.8380017940586429E-009
 precision:   3.5880191007167198E-005
 ====================NCALL=80K ===========================
  
 max=   3.6770656954572626E-004
 min=   0.0000000000000000     
       n_pass,     n_total
      240000      240284
 max=   3.6770656954572626E-004
 min=   0.0000000000000000     
       n_pass,     n_total
      250000      250284
 max=   3.6770656954572626E-004
 min=   0.0000000000000000     
       n_pass,     n_total
      260000      260284
 max=   3.6770656954572626E-004
 min=   0.0000000000000000     
       n_pass,     n_total
      270000      270284
 max=   3.6770656954572626E-004
 min=   0.0000000000000000     
       n_pass,     n_total
      280000      280284
 max=   3.6770656954572626E-004
 min=   0.0000000000000000     
       n_pass,     n_total
      290000      290284
 max=   3.6770656954572626E-004
 min=   0.0000000000000000     
       n_pass,     n_total
      300000      300284
 max=   3.6770656954572626E-004
 min=   0.0000000000000000     
       n_pass,     n_total
      310000      310284
   2.4630853763149243E-004 +\-   4.4988899659243550E-009
 precision:   1.8265261972588390E-005
 sigma (pb)                   sd (pb)
   2.4630853763149243E-004   4.4988899659243550E-009
