 =======================================================
 |                                                     |
 |         \/\/\/\/\/\___________/\/\/\/\/\/           |
 |                   |     \     |                     |
 |                   |     /     |                     |
 |                   |     \     |                     |
 |         /\/\/\/\/\|_____/_____|/\/\/\/\/\           |
 |                                                     |
 | Light-by-light scattering at next-to-leading order  |
 |                   (VERSION 0.5)                     |
 |                                                     |
 |    Authors:                                         |
 |            Ajjath A.H. (LPTHE Paris)                |
 |            Ekta Chaubey (Bonn)                      |
 |            Mathijs Fraaije (Bern)                   |
 |            Valentin Hirschi (Bern)                  |
 |            Hua-Sheng Shao (LPTHE Paris)             |
 |                                                     |
 |    Please cite                                      |
 |            PLB 851 (2024) 138555 [arXiv:2312.16956] |
 |            JHEP 03 (2024) 121    [arXiv:2312.16966] |
 |                                                     |
 =======================================================
 ---------------------------------------------------
         the cuts in the lab frame                  
 min transverse momentum of photon    0.0000000000000000     
 max (pseudo-)rapidity of photon    5.0000000000000000     
 min (pseudo-)rapidity of photon   -5.0000000000000000     
 min invariant mass of di-photon    0.0000000000000000     
 ---------------------------------------------------
 max=   425523.25787185133     
 min=   0.0000000000000000     
       n_pass,     n_total
       10000       10000
  
 ====================NCALL=20K===========================
  
 ITERATION            1 :
   10414.906715934598      +\-   68.413049738274211     
 precision:   6.5687626019351299E-003
 WARNING: outside the range of the grid (xs,xt)=   2.1220227222098462E-002  -2.1219191221472380E-002
 WARNING: set the 2-loop amplitudes to zero
 WARNING: outside the range of the grid (xs,xt)=   2.0600692041522491E-002  -2.0599686287454479E-002
 WARNING: set the 2-loop amplitudes to zero
 WARNING: outside the range of the grid (xs,xt)=   9120.0631125034015       -9119.6178585013786     
 WARNING: set the 2-loop amplitudes to zero
 WARNING: outside the range of the grid (xs,xt)=  0.18518829571151735      -0.18517925456467701     
 WARNING: set the 2-loop amplitudes to zero
 WARNING: outside the range of the grid (xs,xt)=   2.1220227222098462E-002  -2.1219182511144248E-002
 WARNING: set the 2-loop amplitudes to zero
 INFO: will suppress the further warning
 max=   437072.53139970987     
 min=   0.0000000000000000     
       n_pass,     n_total
       20000       20007
 max=   437072.53139970987     
 min=   0.0000000000000000     
       n_pass,     n_total
       30000       30007
 ITERATION            2 :
   10314.749663014663      +\-   12.677337359475700     
 precision:   1.2290494460503009E-003
 max=   437188.44298199558     
 min=   0.0000000000000000     
       n_pass,     n_total
       40000       40039
 max=   437188.44298199558     
 min=   0.0000000000000000     
       n_pass,     n_total
       50000       50039
 ITERATION            3 :
   10304.360268187820      +\-   5.3523324148817757     
 precision:   5.1942403755095659E-004
 max=   437959.69445617817     
 min=   0.0000000000000000     
       n_pass,     n_total
       60000       60149
 max=   437959.69445617817     
 min=   0.0000000000000000     
       n_pass,     n_total
       70000       70149
 ITERATION            4 :
   10306.931135058116      +\-   3.5672553393234701     
 precision:   3.4610256851234466E-004
 max=   438824.45999902044     
 min=   0.0000000000000000     
       n_pass,     n_total
       80000       80386
 max=   438824.45999902044     
 min=   0.0000000000000000     
       n_pass,     n_total
       90000       90386
 ITERATION            5 :
   10304.906119730651      +\-   2.7646113582514347     
 precision:   2.6828108147031773E-004
 max=   438824.45999902044     
 min=   0.0000000000000000     
       n_pass,     n_total
      100000      100719
 max=   438824.45999902044     
 min=   0.0000000000000000     
       n_pass,     n_total
      110000      110719
 ITERATION            6 :
   10305.076025185635      +\-   2.4796523094047407     
 precision:   2.4062435865048092E-004
 max=   438824.45999902044     
 min=   0.0000000000000000     
       n_pass,     n_total
      120000      121004
 max=   438824.45999902044     
 min=   0.0000000000000000     
       n_pass,     n_total
      130000      131004
 ITERATION            7 :
   10312.202208754290      +\-   2.4445605471144436     
 precision:   2.3705514085431667E-004
 max=   438824.45999902044     
 min=   0.0000000000000000     
       n_pass,     n_total
      140000      141409
 max=   438824.45999902044     
 min=   0.0000000000000000     
       n_pass,     n_total
      150000      151409
 ITERATION            8 :
   10301.608619240236      +\-   2.8345648088640276     
 precision:   2.7515749371121833E-004
 max=   438824.45999902044     
 min=   0.0000000000000000     
       n_pass,     n_total
      160000      161591
 max=   438824.45999902044     
 min=   0.0000000000000000     
       n_pass,     n_total
      170000      171591
 ITERATION            9 :
   10307.137880137137      +\-   2.7230434605406639     
 precision:   2.6419006830094268E-004
 max=   438824.45999902044     
 min=   0.0000000000000000     
       n_pass,     n_total
      180000      182009
 max=   438824.45999902044     
 min=   0.0000000000000000     
       n_pass,     n_total
      190000      192009
 ITERATION           10 :
   10309.184835739650      +\-   2.4111937405512656     
 precision:   2.3388791441513333E-004
 ====================NCALL=40K ===========================
  
 max=   438824.45999902044     
 min=   0.0000000000000000     
       n_pass,     n_total
      200000      202374
 max=   438824.45999902044     
 min=   0.0000000000000000     
       n_pass,     n_total
      210000      212374
 max=   438824.45999902044     
 min=   0.0000000000000000     
       n_pass,     n_total
      220000      222374
 max=   438824.45999902044     
 min=   0.0000000000000000     
       n_pass,     n_total
      230000      232374
   10307.534725144853      +\-   1.2999239369208797     
 precision:   1.2611395174345257E-004
 ====================NCALL=80K ===========================
  
 max=   438824.45999902044     
 min=   0.0000000000000000     
       n_pass,     n_total
      240000      243789
 max=   438824.45999902044     
 min=   0.0000000000000000     
       n_pass,     n_total
      250000      253789
 max=   438824.45999902044     
 min=   0.0000000000000000     
       n_pass,     n_total
      260000      263789
 max=   438824.45999902044     
 min=   0.0000000000000000     
       n_pass,     n_total
      270000      273789
 max=   438824.45999902044     
 min=   0.0000000000000000     
       n_pass,     n_total
      280000      283789
 max=   438824.45999902044     
 min=   0.0000000000000000     
       n_pass,     n_total
      290000      293789
 max=   438824.45999902044     
 min=   0.0000000000000000     
       n_pass,     n_total
      300000      303789
 max=   438824.45999902044     
 min=   0.0000000000000000     
       n_pass,     n_total
      310000      313789
   10307.011609054080      +\-  0.60901168528707661     
 precision:   5.9087125190787314E-005
 sigma (pb)                   sd (pb)
   10307.011609054080       0.60901168528707661     
