 =======================================================
 |                                                     |
 |         \/\/\/\/\/\___________/\/\/\/\/\/           |
 |                   |     \     |                     |
 |                   |     /     |                     |
 |                   |     \     |                     |
 |         /\/\/\/\/\|_____/_____|/\/\/\/\/\           |
 |                                                     |
 | Light-by-light scattering at next-to-leading order  |
 |                   (VERSION 0.5)                     |
 |                                                     |
 |    Authors:                                         |
 |            Ajjath A.H. (LPTHE Paris)                |
 |            Ekta Chaubey (Bonn)                      |
 |            Mathijs Fraaije (Bern)                   |
 |            Valentin Hirschi (Bern)                  |
 |            Hua-Sheng Shao (LPTHE Paris)             |
 |                                                     |
 |    Please cite                                      |
 |            PLB 851 (2024) 138555 [arXiv:2312.16956] |
 |            JHEP 03 (2024) 121    [arXiv:2312.16966] |
 |                                                     |
 =======================================================
 ---------------------------------------------------
         the cuts in the lab frame                  
 min transverse momentum of photon    0.0000000000000000     
 max (pseudo-)rapidity of photon    5.0000000000000000     
 min (pseudo-)rapidity of photon   -5.0000000000000000     
 min invariant mass of di-photon    0.0000000000000000     
 ---------------------------------------------------
 max=   2.4567319454344083E-006
 min=   0.0000000000000000     
       n_pass,     n_total
       10000       10000
  
 ====================NCALL=20K===========================
  
 ITERATION            1 :
   9.1200202460340377E-007 +\-   5.7264654590998490E-010
 precision:   6.2790052046102403E-004
 max=   2.4567319454344083E-006
 min=   0.0000000000000000     
       n_pass,     n_total
       20000       20001
 max=   2.4567319454344083E-006
 min=   0.0000000000000000     
       n_pass,     n_total
       30000       30001
 ITERATION            2 :
   9.1233576968087270E-007 +\-   5.0941046515250368E-010
 precision:   5.5835853649659174E-004
 max=   2.4568753176093571E-006
 min=   0.0000000000000000     
       n_pass,     n_total
       40000       40001
 max=   2.4568753176093571E-006
 min=   0.0000000000000000     
       n_pass,     n_total
       50000       50001
 ITERATION            3 :
   9.1218360061706587E-007 +\-   3.7229517274119382E-010
 precision:   4.0813622662076677E-004
 max=   2.4568753176093571E-006
 min=   0.0000000000000000     
       n_pass,     n_total
       60000       60001
 max=   2.4568753176093571E-006
 min=   0.0000000000000000     
       n_pass,     n_total
       70000       70001
 ITERATION            4 :
   9.1139005449062202E-007 +\-   3.1343074165249646E-010
 precision:   3.4390406183187243E-004
 max=   2.4568753176093571E-006
 min=   0.0000000000000000     
       n_pass,     n_total
       80000       80002
 max=   2.4568753176093571E-006
 min=   0.0000000000000000     
       n_pass,     n_total
       90000       90002
 ITERATION            5 :
   9.1166610036653069E-007 +\-   3.7479300609070144E-010
 precision:   4.1110775747833317E-004
 max=   2.4568753176093571E-006
 min=   0.0000000000000000     
       n_pass,     n_total
      100000      100003
 max=   2.4568753176093571E-006
 min=   0.0000000000000000     
       n_pass,     n_total
      110000      110003
 ITERATION            6 :
   9.1169020990025197E-007 +\-   3.3322332459800867E-010
 precision:   3.6550060643347987E-004
 max=   2.4568753176093571E-006
 min=   0.0000000000000000     
       n_pass,     n_total
      120000      120006
 max=   2.4568753176093571E-006
 min=   0.0000000000000000     
       n_pass,     n_total
      130000      130006
 ITERATION            7 :
   9.1189610001306818E-007 +\-   3.5649187003072835E-010
 precision:   3.9093474577379982E-004
 max=   2.4568753176093571E-006
 min=   0.0000000000000000     
       n_pass,     n_total
      140000      140008
 max=   2.4568753176093571E-006
 min=   0.0000000000000000     
       n_pass,     n_total
      150000      150008
 ITERATION            8 :
   9.1142496739684267E-007 +\-   3.5303962096908212E-010
 precision:   3.8734907819939661E-004
 max=   2.4568753176093571E-006
 min=   0.0000000000000000     
       n_pass,     n_total
      160000      160013
 max=   2.4568753176093571E-006
 min=   0.0000000000000000     
       n_pass,     n_total
      170000      170013
 ITERATION            9 :
   9.1082193467295219E-007 +\-   5.9928773277148893E-010
 precision:   6.5796365893040830E-004
 max=   2.4568753176093571E-006
 min=   0.0000000000000000     
       n_pass,     n_total
      180000      180016
 max=   2.4568753176093571E-006
 min=   0.0000000000000000     
       n_pass,     n_total
      190000      190016
 ITERATION           10 :
   9.1204543582787770E-007 +\-   4.1369832497861657E-010
 precision:   4.5359398636000655E-004
 ====================NCALL=40K ===========================
  
 max=   2.4568753176093571E-006
 min=   0.0000000000000000     
       n_pass,     n_total
      200000      200019
 max=   2.4568753176093571E-006
 min=   0.0000000000000000     
       n_pass,     n_total
      210000      210019
 max=   2.4568753176093571E-006
 min=   0.0000000000000000     
       n_pass,     n_total
      220000      220019
 max=   2.4568753176093571E-006
 min=   0.0000000000000000     
       n_pass,     n_total
      230000      230019
   9.1179846241563222E-007 +\-   2.2100624473695586E-010
 precision:   2.4238497195031773E-004
 ====================NCALL=80K ===========================
  
 max=   2.4569022456025421E-006
 min=   0.0000000000000000     
       n_pass,     n_total
      240000      240026
 max=   2.4569022456025421E-006
 min=   0.0000000000000000     
       n_pass,     n_total
      250000      250026
 max=   2.4569022456025421E-006
 min=   0.0000000000000000     
       n_pass,     n_total
      260000      260026
 max=   2.4569022456025421E-006
 min=   0.0000000000000000     
       n_pass,     n_total
      270000      270026
 max=   2.4569022456025421E-006
 min=   0.0000000000000000     
       n_pass,     n_total
      280000      280026
 max=   2.4569022456025421E-006
 min=   0.0000000000000000     
       n_pass,     n_total
      290000      290026
 max=   2.4569022456025421E-006
 min=   0.0000000000000000     
       n_pass,     n_total
      300000      300026
 max=   2.4569022456025421E-006
 min=   0.0000000000000000     
       n_pass,     n_total
      310000      310026
   9.1175485267666616E-007 +\-   1.2021626418494090E-010
 precision:   1.3185152108817234E-004
 sigma (pb)                   sd (pb)
   9.1175485267666616E-007   1.2021626418494090E-010
