 =======================================================
 |                                                     |
 |         \/\/\/\/\/\___________/\/\/\/\/\/           |
 |                   |     \     |                     |
 |                   |     /     |                     |
 |                   |     \     |                     |
 |         /\/\/\/\/\|_____/_____|/\/\/\/\/\           |
 |                                                     |
 | Light-by-light scattering at next-to-leading order  |
 |                   (VERSION 0.5)                     |
 |                                                     |
 |    Authors:                                         |
 |            Ajjath A.H. (LPTHE Paris)                |
 |            Ekta Chaubey (Bonn)                      |
 |            Mathijs Fraaije (Bern)                   |
 |            Valentin Hirschi (Bern)                  |
 |            Hua-Sheng Shao (LPTHE Paris)             |
 |                                                     |
 |    Please cite                                      |
 |            PLB 851 (2024) 138555 [arXiv:2312.16956] |
 |            JHEP 03 (2024) 121    [arXiv:2312.16966] |
 |                                                     |
 =======================================================
 ---------------------------------------------------
         the cuts in the lab frame                  
 min transverse momentum of photon    0.0000000000000000     
 max (pseudo-)rapidity of photon    5.0000000000000000     
 min (pseudo-)rapidity of photon   -5.0000000000000000     
 min invariant mass of di-photon    0.0000000000000000     
 ---------------------------------------------------
 max=   60174.222005924275     
 min=   0.0000000000000000     
       n_pass,     n_total
       10000       10000
  
 ====================NCALL=20K===========================
  
 ITERATION            1 :
   851.57889492316781      +\-   7.3131511154896058     
 precision:   8.5877552380503996E-003
 WARNING: outside the range of the grid (xs,xt)=  0.24761764312764528      -0.24760586537988891     
 WARNING: set the 2-loop amplitudes to zero
 WARNING: outside the range of the grid (xs,xt)=  0.24038832179930789      -0.24037688790880651     
 WARNING: set the 2-loop amplitudes to zero
 WARNING: outside the range of the grid (xs,xt)=  0.11573881715951687      -0.11573331212935460     
 WARNING: set the 2-loop amplitudes to zero
 WARNING: outside the range of the grid (xs,xt)=   1.2350617777777776E-002  -1.2350030329892462E-002
 WARNING: set the 2-loop amplitudes to zero
 WARNING: outside the range of the grid (xs,xt)=   106421.50573871883       -106416.44387949664     
 WARNING: set the 2-loop amplitudes to zero
 INFO: will suppress the further warning
 max=   66535.889465485598     
 min=   0.0000000000000000     
       n_pass,     n_total
       20000       20009
 max=   66535.889465485598     
 min=   0.0000000000000000     
       n_pass,     n_total
       30000       30009
 ITERATION            2 :
   843.05619955923441      +\-   1.8745532141506245     
 precision:   2.2235210596051320E-003
 max=   67875.542827145517     
 min=   0.0000000000000000     
       n_pass,     n_total
       40000       40044
 max=   67875.542827145517     
 min=   0.0000000000000000     
       n_pass,     n_total
       50000       50044
 ITERATION            3 :
   842.96942834389711      +\-  0.62799898120305842     
 precision:   7.4498429016201580E-004
 max=   68186.809442363578     
 min=   0.0000000000000000     
       n_pass,     n_total
       60000       60180
 max=   68186.809442363578     
 min=   0.0000000000000000     
       n_pass,     n_total
       70000       70180
 ITERATION            4 :
   843.28823586550095      +\-  0.38897956849447146     
 precision:   4.6126526133172713E-004
 max=   68196.669923348309     
 min=   0.0000000000000000     
       n_pass,     n_total
       80000       80506
 max=   68196.669923348309     
 min=   0.0000000000000000     
       n_pass,     n_total
       90000       90506
 ITERATION            5 :
   842.96691646116210      +\-  0.26366413888411472     
 precision:   3.1278112312046173E-004
 max=   68246.688709919341     
 min=   0.0000000000000000     
       n_pass,     n_total
      100000      100991
 max=   68246.688709919341     
 min=   0.0000000000000000     
       n_pass,     n_total
      110000      110991
 ITERATION            6 :
   843.02358878669963      +\-  0.22881006672409421     
 precision:   2.7141597194617448E-004
 max=   68246.688709919341     
 min=   0.0000000000000000     
       n_pass,     n_total
      120000      121543
 max=   68246.688709919341     
 min=   0.0000000000000000     
       n_pass,     n_total
      130000      131543
 ITERATION            7 :
   843.34178807587602      +\-  0.22516015732920025     
 precision:   2.6698565221452351E-004
 max=   68250.062901552592     
 min=   0.0000000000000000     
       n_pass,     n_total
      140000      142261
 max=   68250.062901552592     
 min=   0.0000000000000000     
       n_pass,     n_total
      150000      152261
 ITERATION            8 :
   842.63570731019547      +\-  0.21842215356487504     
 precision:   2.5921302844156394E-004
 max=   68250.062901552592     
 min=   0.0000000000000000     
       n_pass,     n_total
      160000      162885
 max=   68250.062901552592     
 min=   0.0000000000000000     
       n_pass,     n_total
      170000      172885
 ITERATION            9 :
   842.99412474381711      +\-  0.21083276155328837     
 precision:   2.5009991809534816E-004
 max=   68250.062901552592     
 min=   0.0000000000000000     
       n_pass,     n_total
      180000      183656
 max=   68250.062901552592     
 min=   0.0000000000000000     
       n_pass,     n_total
      190000      193656
 ITERATION           10 :
   843.18986873614676      +\-  0.20916025460621121     
 precision:   2.4805831089944253E-004
 ====================NCALL=40K ===========================
  
 max=   68250.062901552592     
 min=   0.0000000000000000     
       n_pass,     n_total
      200000      204275
 max=   68250.062901552592     
 min=   0.0000000000000000     
       n_pass,     n_total
      210000      214275
 max=   68250.062901552592     
 min=   0.0000000000000000     
       n_pass,     n_total
      220000      224275
 max=   68250.062901552592     
 min=   0.0000000000000000     
       n_pass,     n_total
      230000      234275
   843.14428144716453      +\-  0.11835139766662202     
 precision:   1.4036909253951750E-004
 ====================NCALL=80K ===========================
  
 max=   68250.062901552592     
 min=   0.0000000000000000     
       n_pass,     n_total
      240000      246920
 max=   68250.062901552592     
 min=   0.0000000000000000     
       n_pass,     n_total
      250000      256920
 max=   68250.062901552592     
 min=   0.0000000000000000     
       n_pass,     n_total
      260000      266920
 max=   68250.062901552592     
 min=   0.0000000000000000     
       n_pass,     n_total
      270000      276920
 max=   68250.062901552592     
 min=   0.0000000000000000     
       n_pass,     n_total
      280000      286920
 max=   68250.062901552592     
 min=   0.0000000000000000     
       n_pass,     n_total
      290000      296920
 max=   68250.062901552592     
 min=   0.0000000000000000     
       n_pass,     n_total
      300000      306920
   843.06953677925287      +\-   5.3934341597840010E-002
 precision:   6.3973775880793132E-005
 sigma (pb)                   sd (pb)
   843.06953677925287        5.3934341597840010E-002
