 =======================================================
 |                                                     |
 |         \/\/\/\/\/\___________/\/\/\/\/\/           |
 |                   |     \     |                     |
 |                   |     /     |                     |
 |                   |     \     |                     |
 |         /\/\/\/\/\|_____/_____|/\/\/\/\/\           |
 |                                                     |
 | Light-by-light scattering at next-to-leading order  |
 |                   (VERSION 0.5)                     |
 |                                                     |
 |    Authors:                                         |
 |            Ajjath A.H. (LPTHE Paris)                |
 |            Ekta Chaubey (Bonn)                      |
 |            Mathijs Fraaije (Bern)                   |
 |            Valentin Hirschi (Bern)                  |
 |            Hua-Sheng Shao (LPTHE Paris)             |
 |                                                     |
 |    Please cite                                      |
 |            PLB 851 (2024) 138555 [arXiv:2312.16956] |
 |            JHEP 03 (2024) 121    [arXiv:2312.16966] |
 |                                                     |
 =======================================================
 ---------------------------------------------------
         the cuts in the lab frame                  
 min transverse momentum of photon    0.0000000000000000     
 max (pseudo-)rapidity of photon    5.0000000000000000     
 min (pseudo-)rapidity of photon   -5.0000000000000000     
 min invariant mass of di-photon    0.0000000000000000     
 ---------------------------------------------------
 max=   1713439.3865325404     
 min=   0.0000000000000000     
       n_pass,     n_total
       10000       10000
  
 ====================NCALL=20K===========================
  
 ITERATION            1 :
   159626.90431757740      +\-   247.83109929548436     
 precision:   1.5525647155471042E-003
 max=   1724050.5794406726     
 min=   0.0000000000000000     
       n_pass,     n_total
       20000       20007
 max=   1724050.5794406726     
 min=   0.0000000000000000     
       n_pass,     n_total
       30000       30007
 ITERATION            2 :
   159107.56338517048      +\-   51.273582308485871     
 precision:   3.2225735356377656E-004
 WARNING: outside the range of the grid (xs,xt)=   550.54974513731202       -550.52459838248330     
 WARNING: set the 2-loop amplitudes to zero
 WARNING: outside the range of the grid (xs,xt)=   1.1179239414101261E-002  -1.1178728794315853E-002
 WARNING: set the 2-loop amplitudes to zero
 max=   1731525.8029211825     
 min=   0.0000000000000000     
       n_pass,     n_total
       40000       40029
 max=   1731525.8029211825     
 min=   0.0000000000000000     
       n_pass,     n_total
       50000       50029
 WARNING: outside the range of the grid (xs,xt)=   550.54974513731202       -2.5430505321653616E-002
 WARNING: set the 2-loop amplitudes to zero
 WARNING: outside the range of the grid (xs,xt)=   1.1179239414101261E-002  -5.1638150761732998E-007
 WARNING: set the 2-loop amplitudes to zero
 ITERATION            3 :
   159040.26955813469      +\-   39.788258641170160     
 precision:   2.5017725857554702E-004
 WARNING: outside the range of the grid (xs,xt)=   550.54974513731202       -550.52453580300767     
 WARNING: set the 2-loop amplitudes to zero
 INFO: will suppress the further warning
 max=   1748101.2120698774     
 min=   0.0000000000000000     
       n_pass,     n_total
       60000       60076
 max=   1748101.2120698774     
 min=   0.0000000000000000     
       n_pass,     n_total
       70000       70076
 ITERATION            4 :
   159036.61324535334      +\-   34.626689644088081     
 precision:   2.1772778568082208E-004
 max=   1748101.2120698774     
 min=   0.0000000000000000     
       n_pass,     n_total
       80000       80148
 max=   1748101.2120698774     
 min=   0.0000000000000000     
       n_pass,     n_total
       90000       90148
 ITERATION            5 :
   159056.08140154224      +\-   30.748435666203971     
 precision:   1.9331820195279769E-004
 max=   1748101.2120698774     
 min=   0.0000000000000000     
       n_pass,     n_total
      100000      100253
 max=   1748101.2120698774     
 min=   0.0000000000000000     
       n_pass,     n_total
      110000      110253
 ITERATION            6 :
   159038.75455757152      +\-   29.482985596211716     
 precision:   1.8538239737999815E-004
 max=   1748101.2120698774     
 min=   0.0000000000000000     
       n_pass,     n_total
      120000      120372
 max=   1748101.2120698774     
 min=   0.0000000000000000     
       n_pass,     n_total
      130000      130372
 ITERATION            7 :
   159097.49406937321      +\-   28.441696267566488     
 precision:   1.7876897705984427E-004
 max=   1748101.2120698774     
 min=   0.0000000000000000     
       n_pass,     n_total
      140000      140508
 max=   1748101.2120698774     
 min=   0.0000000000000000     
       n_pass,     n_total
      150000      150508
 ITERATION            8 :
   159009.63521297174      +\-   27.842179909035089     
 precision:   1.7509743904351634E-004
 max=   1748101.2120698774     
 min=   0.0000000000000000     
       n_pass,     n_total
      160000      160652
 max=   1748101.2120698774     
 min=   0.0000000000000000     
       n_pass,     n_total
      170000      170652
 ITERATION            9 :
   159053.53179126550      +\-   27.331031034498583     
 precision:   1.7183542375133527E-004
 max=   1748101.2120698774     
 min=   0.0000000000000000     
       n_pass,     n_total
      180000      180811
 max=   1748101.2120698774     
 min=   0.0000000000000000     
       n_pass,     n_total
      190000      190811
 ITERATION           10 :
   159080.80266578641      +\-   27.365627086646477     
 precision:   1.7202344109451754E-004
 ====================NCALL=40K ===========================
  
 max=   1748101.2120698774     
 min=   0.0000000000000000     
       n_pass,     n_total
      200000      201069
 max=   1748101.2120698774     
 min=   0.0000000000000000     
       n_pass,     n_total
      210000      211069
 max=   1748101.2120698774     
 min=   0.0000000000000000     
       n_pass,     n_total
      220000      221069
 max=   1748101.2120698774     
 min=   0.0000000000000000     
       n_pass,     n_total
      230000      231069
   159077.32467055391      +\-   13.508000517213713     
 precision:   8.4914682499146398E-005
 ====================NCALL=80K ===========================
  
 max=   1748101.2120698774     
 min=   0.0000000000000000     
       n_pass,     n_total
      240000      241604
 max=   1748101.2120698774     
 min=   0.0000000000000000     
       n_pass,     n_total
      250000      251604
 max=   1748101.2120698774     
 min=   0.0000000000000000     
       n_pass,     n_total
      260000      261604
 max=   1748101.2120698774     
 min=   0.0000000000000000     
       n_pass,     n_total
      270000      271604
 max=   1748101.2120698774     
 min=   0.0000000000000000     
       n_pass,     n_total
      280000      281604
 max=   1748101.2120698774     
 min=   0.0000000000000000     
       n_pass,     n_total
      290000      291604
 max=   1748101.2120698774     
 min=   0.0000000000000000     
       n_pass,     n_total
      300000      301604
 max=   1748101.2120698774     
 min=   0.0000000000000000     
       n_pass,     n_total
      310000      311604
   159055.63523391887      +\-   6.1658636402452576     
 precision:   3.8765452297098977E-005
 sigma (pb)                   sd (pb)
   159055.63523391887        6.1658636402452576     
