 =======================================================
 |                                                     |
 |         \/\/\/\/\/\___________/\/\/\/\/\/           |
 |                   |     \     |                     |
 |                   |     /     |                     |
 |                   |     \     |                     |
 |         /\/\/\/\/\|_____/_____|/\/\/\/\/\           |
 |                                                     |
 | Light-by-light scattering at next-to-leading order  |
 |                   (VERSION 0.5)                     |
 |                                                     |
 |    Authors:                                         |
 |            Ajjath A.H. (LPTHE Paris)                |
 |            Ekta Chaubey (Bonn)                      |
 |            Mathijs Fraaije (Bern)                   |
 |            Valentin Hirschi (Bern)                  |
 |            Hua-Sheng Shao (LPTHE Paris)             |
 |                                                     |
 |    Please cite                                      |
 |            PLB 851 (2024) 138555 [arXiv:2312.16956] |
 |            JHEP 03 (2024) 121    [arXiv:2312.16966] |
 |                                                     |
 =======================================================
 ---------------------------------------------------
         the cuts in the lab frame                  
 min transverse momentum of photon    0.0000000000000000     
 max (pseudo-)rapidity of photon    5.0000000000000000     
 min (pseudo-)rapidity of photon   -5.0000000000000000     
 min invariant mass of di-photon    0.0000000000000000     
 ---------------------------------------------------
 max=   64105.474445287342     
 min=   0.0000000000000000     
       n_pass,     n_total
       10000       10000
  
 ====================NCALL=20K===========================
  
 ITERATION            1 :
   914.41901495250306      +\-   7.8188699578415273     
 precision:   8.5506423532188437E-003
 WARNING: outside the range of the grid (xs,xt)=  0.23183506348852748      -0.23182402359933668     
 WARNING: set the 2-loop amplitudes to zero
 WARNING: outside the range of the grid (xs,xt)=  0.22506652249134942      -0.22505580491726263     
 WARNING: set the 2-loop amplitudes to zero
 WARNING: outside the range of the grid (xs,xt)=  0.10836189087880051      -0.10835673073067707     
 WARNING: set the 2-loop amplitudes to zero
 WARNING: outside the range of the grid (xs,xt)=   1.1563417777777777E-002  -1.1562867132638028E-002
 WARNING: set the 2-loop amplitudes to zero
 WARNING: outside the range of the grid (xs,xt)=   99638.443480225658       -99633.698739035026     
 WARNING: set the 2-loop amplitudes to zero
 INFO: will suppress the further warning
 max=   70666.573154976795     
 min=   0.0000000000000000     
       n_pass,     n_total
       20000       20009
 max=   70666.573154976795     
 min=   0.0000000000000000     
       n_pass,     n_total
       30000       30009
 ITERATION            2 :
   905.28627332805195      +\-   1.9982473865500487     
 precision:   2.2073099365618421E-003
 max=   72073.811922190303     
 min=   0.0000000000000000     
       n_pass,     n_total
       40000       40044
 max=   72073.811922190303     
 min=   0.0000000000000000     
       n_pass,     n_total
       50000       50044
 ITERATION            3 :
   905.17854800975681      +\-  0.67013091873387198     
 precision:   7.4033009311511955E-004
 max=   72486.382125765085     
 min=   0.0000000000000000     
       n_pass,     n_total
       60000       60180
 max=   72486.382125765085     
 min=   0.0000000000000000     
       n_pass,     n_total
       70000       70180
 ITERATION            4 :
   905.50939895840122      +\-  0.41516599814488775     
 precision:   4.5848888882042438E-004
 max=   72486.382125765085     
 min=   0.0000000000000000     
       n_pass,     n_total
       80000       80503
 max=   72486.382125765085     
 min=   0.0000000000000000     
       n_pass,     n_total
       90000       90503
 ITERATION            5 :
   905.18972331987140      +\-  0.28157418435468345     
 precision:   3.1106648374440524E-004
 max=   72486.382125765085     
 min=   0.0000000000000000     
       n_pass,     n_total
      100000      100985
 max=   72486.382125765085     
 min=   0.0000000000000000     
       n_pass,     n_total
      110000      110985
 ITERATION            6 :
   905.21596905216745      +\-  0.24325788621792030     
 precision:   2.6872911496759219E-004
 max=   72520.723522428132     
 min=   0.0000000000000000     
       n_pass,     n_total
      120000      121529
 max=   72520.723522428132     
 min=   0.0000000000000000     
       n_pass,     n_total
      130000      131529
 ITERATION            7 :
   905.50729105201822      +\-  0.24046927757845032     
 precision:   2.6556304952450816E-004
 max=   72520.723522428132     
 min=   0.0000000000000000     
       n_pass,     n_total
      140000      142236
 max=   72520.723522428132     
 min=   0.0000000000000000     
       n_pass,     n_total
      150000      152236
 ITERATION            8 :
   904.80299205376889      +\-  0.23414444171341614     
 precision:   2.5877947328837068E-004
 max=   72520.723522428132     
 min=   0.0000000000000000     
       n_pass,     n_total
      160000      162878
 max=   72520.723522428132     
 min=   0.0000000000000000     
       n_pass,     n_total
      170000      172878
 ITERATION            9 :
   905.23580643506352      +\-  0.22493416838557476     
 precision:   2.4848129822813218E-004
 max=   72520.723522428132     
 min=   0.0000000000000000     
       n_pass,     n_total
      180000      183647
 max=   72520.723522428132     
 min=   0.0000000000000000     
       n_pass,     n_total
      190000      193647
 ITERATION           10 :
   905.45889198669340      +\-  0.22324039591941289     
 precision:   2.4654945453083434E-004
 ====================NCALL=40K ===========================
  
 max=   72526.142373048962     
 min=   0.0000000000000000     
       n_pass,     n_total
      200000      204266
 max=   72526.142373048962     
 min=   0.0000000000000000     
       n_pass,     n_total
      210000      214266
 max=   72526.142373048962     
 min=   0.0000000000000000     
       n_pass,     n_total
      220000      224266
 max=   72526.142373048962     
 min=   0.0000000000000000     
       n_pass,     n_total
      230000      234266
   905.36342629380886      +\-  0.12633659980547102     
 precision:   1.3954241593637363E-004
 ====================NCALL=80K ===========================
  
 max=   72526.142373048962     
 min=   0.0000000000000000     
       n_pass,     n_total
      240000      246908
 max=   72526.142373048962     
 min=   0.0000000000000000     
       n_pass,     n_total
      250000      256908
 max=   72526.142373048962     
 min=   0.0000000000000000     
       n_pass,     n_total
      260000      266908
 max=   72526.142373048962     
 min=   0.0000000000000000     
       n_pass,     n_total
      270000      276908
 max=   72526.142373048962     
 min=   0.0000000000000000     
       n_pass,     n_total
      280000      286908
 max=   72526.142373048962     
 min=   0.0000000000000000     
       n_pass,     n_total
      290000      296908
 max=   72526.142373048962     
 min=   0.0000000000000000     
       n_pass,     n_total
      300000      306908
   905.27885125230375      +\-   5.7973449476798958E-002
 precision:   6.4039328209868451E-005
 sigma (pb)                   sd (pb)
   905.27885125230375        5.7973449476798958E-002
