 =======================================================
 |                                                     |
 |         \/\/\/\/\/\___________/\/\/\/\/\/           |
 |                   |     \     |                     |
 |                   |     /     |                     |
 |                   |     \     |                     |
 |         /\/\/\/\/\|_____/_____|/\/\/\/\/\           |
 |                                                     |
 | Light-by-light scattering at next-to-leading order  |
 |                   (VERSION 0.5)                     |
 |                                                     |
 |    Authors:                                         |
 |            Ajjath A.H. (LPTHE Paris)                |
 |            Ekta Chaubey (Bonn)                      |
 |            Mathijs Fraaije (Bern)                   |
 |            Valentin Hirschi (Bern)                  |
 |            Hua-Sheng Shao (LPTHE Paris)             |
 |                                                     |
 |    Please cite                                      |
 |            PLB 851 (2024) 138555 [arXiv:2312.16956] |
 |            JHEP 03 (2024) 121    [arXiv:2312.16966] |
 |                                                     |
 =======================================================
 ---------------------------------------------------
         the cuts in the lab frame                  
 min transverse momentum of photon    0.0000000000000000     
 max (pseudo-)rapidity of photon    5.0000000000000000     
 min (pseudo-)rapidity of photon   -5.0000000000000000     
 min invariant mass of di-photon    0.0000000000000000     
 ---------------------------------------------------
 WARNING: outside the range of the grid (xs,xt)=   5.3232087769913901E-002  -5.3232087237599209E-002
 WARNING: set the 2-loop amplitudes to zero
 WARNING: outside the range of the grid (xs,xt)=   5.3088370318293034E-002  -5.3088369787415490E-002
 WARNING: set the 2-loop amplitudes to zero
 WARNING: outside the range of the grid (xs,xt)=   5.3333420202726717E-002  -5.3333419669398724E-002
 WARNING: set the 2-loop amplitudes to zero
 WARNING: outside the range of the grid (xs,xt)=   5.3269061753854763E-002  -5.3269061221170345E-002
 WARNING: set the 2-loop amplitudes to zero
 WARNING: outside the range of the grid (xs,xt)=   5.3374357319897855E-002  -5.3374356786160516E-002
 WARNING: set the 2-loop amplitudes to zero
 INFO: will suppress the further warning
 max=  0.50851565329870829     
 min=   0.0000000000000000     
       n_pass,     n_total
       10000       10000
  
 ====================NCALL=20K===========================
  
 ITERATION            1 :
  0.36185915726650220      +\-   1.5672594484462100E-005
 precision:   4.3311310961019954E-005
 max=  0.51425720654179141     
 min=   0.0000000000000000     
       n_pass,     n_total
       20000       20002
 max=  0.51425720654179141     
 min=   0.0000000000000000     
       n_pass,     n_total
       30000       30002
 ITERATION            2 :
  0.36182910573191951      +\-   2.3934668119780957E-005
 precision:   6.6149095638299031E-005
 max=  0.51542536492181645     
 min=   0.0000000000000000     
       n_pass,     n_total
       40000       40011
 max=  0.51542536492181645     
 min=   0.0000000000000000     
       n_pass,     n_total
       50000       50011
 ITERATION            3 :
  0.36181375197028953      +\-   1.9915662178879958E-005
 precision:   5.5043961348697820E-005
 max=  0.51544081064757918     
 min=   0.0000000000000000     
       n_pass,     n_total
       60000       60035
 max=  0.51544081064757918     
 min=   0.0000000000000000     
       n_pass,     n_total
       70000       70035
 ITERATION            4 :
  0.36180785527313347      +\-   1.5697967562023827E-005
 precision:   4.3387580820137879E-005
 max=  0.51544081064757918     
 min=   0.0000000000000000     
       n_pass,     n_total
       80000       80067
 max=  0.51544081064757918     
 min=   0.0000000000000000     
       n_pass,     n_total
       90000       90067
 ITERATION            5 :
  0.36181067363227659      +\-   1.3515821897487853E-005
 precision:   3.7356061836983152E-005
 max=  0.51544081064757918     
 min=   0.0000000000000000     
       n_pass,     n_total
      100000      100108
 max=  0.51544081064757918     
 min=   0.0000000000000000     
       n_pass,     n_total
      110000      110108
 ITERATION            6 :
  0.36181033038615179      +\-   1.2627773889067590E-005
 precision:   3.4901639971391253E-005
 max=  0.51544081064757918     
 min=   0.0000000000000000     
       n_pass,     n_total
      120000      120149
 max=  0.51544081064757918     
 min=   0.0000000000000000     
       n_pass,     n_total
      130000      130149
 ITERATION            7 :
  0.36183167713407549      +\-   1.2881861102778433E-005
 precision:   3.5601805803213584E-005
 max=  0.51544081064757918     
 min=   0.0000000000000000     
       n_pass,     n_total
      140000      140198
 max=  0.51544081064757918     
 min=   0.0000000000000000     
       n_pass,     n_total
      150000      150198
 ITERATION            8 :
  0.36180355568949485      +\-   1.2544856759252652E-005
 precision:   3.4673116286393917E-005
 max=  0.51544081064757918     
 min=   0.0000000000000000     
       n_pass,     n_total
      160000      160259
 max=  0.51544081064757918     
 min=   0.0000000000000000     
       n_pass,     n_total
      170000      170259
 ITERATION            9 :
  0.36182179934808278      +\-   1.2696531721586027E-005
 precision:   3.5090565976019609E-005
 max=  0.51544081064757918     
 min=   0.0000000000000000     
       n_pass,     n_total
      180000      180320
 max=  0.51544081064757918     
 min=   0.0000000000000000     
       n_pass,     n_total
      190000      190320
 ITERATION           10 :
  0.36182755204179667      +\-   1.2558823851802361E-005
 precision:   3.4709418287614604E-005
 ====================NCALL=40K ===========================
  
 max=  0.51544081064757918     
 min=   0.0000000000000000     
       n_pass,     n_total
      200000      200441
 max=  0.51544081064757918     
 min=   0.0000000000000000     
       n_pass,     n_total
      210000      210441
 max=  0.51544081064757918     
 min=   0.0000000000000000     
       n_pass,     n_total
      220000      220441
 max=  0.51544081064757918     
 min=   0.0000000000000000     
       n_pass,     n_total
      230000      230441
  0.36181504173351747      +\-   6.4595950299170085E-006
 precision:   1.7853307034909297E-005
 ====================NCALL=80K ===========================
  
 max=  0.51544081064757918     
 min=   0.0000000000000000     
       n_pass,     n_total
      240000      240740
 max=  0.51544081064757918     
 min=   0.0000000000000000     
       n_pass,     n_total
      250000      250740
 max=  0.51544081064757918     
 min=   0.0000000000000000     
       n_pass,     n_total
      260000      260740
 max=  0.51544081064757918     
 min=   0.0000000000000000     
       n_pass,     n_total
      270000      270740
 max=  0.51544081064757918     
 min=   0.0000000000000000     
       n_pass,     n_total
      280000      280740
 max=  0.51544081064757918     
 min=   0.0000000000000000     
       n_pass,     n_total
      290000      290740
 max=  0.51544081064757918     
 min=   0.0000000000000000     
       n_pass,     n_total
      300000      300740
 max=  0.51544081064757918     
 min=   0.0000000000000000     
       n_pass,     n_total
      310000      310740
  0.36180797296074185      +\-   3.2424233457014779E-006
 precision:   8.9617244174254240E-006
 sigma (pb)                   sd (pb)
  0.36180797296074185        3.2424233457014779E-006
