 =======================================================
 |                                                     |
 |         \/\/\/\/\/\___________/\/\/\/\/\/           |
 |                   |     \     |                     |
 |                   |     /     |                     |
 |                   |     \     |                     |
 |         /\/\/\/\/\|_____/_____|/\/\/\/\/\           |
 |                                                     |
 | Light-by-light scattering at next-to-leading order  |
 |                   (VERSION 0.5)                     |
 |                                                     |
 |    Authors:                                         |
 |            Ajjath A.H. (LPTHE Paris)                |
 |            Ekta Chaubey (Bonn)                      |
 |            Mathijs Fraaije (Bern)                   |
 |            Valentin Hirschi (Bern)                  |
 |            Hua-Sheng Shao (LPTHE Paris)             |
 |                                                     |
 |    Please cite                                      |
 |            PLB 851 (2024) 138555 [arXiv:2312.16956] |
 |            JHEP 03 (2024) 121    [arXiv:2312.16966] |
 |                                                     |
 =======================================================
 ---------------------------------------------------
         the cuts in the lab frame                  
 min transverse momentum of photon    0.0000000000000000     
 max (pseudo-)rapidity of photon    5.0000000000000000     
 min (pseudo-)rapidity of photon   -5.0000000000000000     
 min invariant mass of di-photon    0.0000000000000000     
 ---------------------------------------------------
 max=   1142438.4206777632     
 min=   0.0000000000000000     
       n_pass,     n_total
       10000       10000
  
 ====================NCALL=20K===========================
  
 ITERATION            1 :
   63314.217448888478      +\-   198.96372327302117     
 precision:   3.1424809669903628E-003
 max=   1149762.6315435944     
 min=   0.0000000000000000     
       n_pass,     n_total
       20000       20007
 max=   1149762.6315435944     
 min=   0.0000000000000000     
       n_pass,     n_total
       30000       30007
 ITERATION            2 :
   62927.987003175993      +\-   31.069297115631500     
 precision:   4.9372780848787399E-004
 WARNING: outside the range of the grid (xs,xt)=   1463.6988216190964       -1463.6319046767983     
 WARNING: set the 2-loop amplitudes to zero
 WARNING: outside the range of the grid (xs,xt)=   2.9721273511690915E-002  -2.9719914723451670E-002
 WARNING: set the 2-loop amplitudes to zero
 WARNING: outside the range of the grid (xs,xt)=   1463.6988216190964       -1463.6317924610589     
 WARNING: set the 2-loop amplitudes to zero
 WARNING: outside the range of the grid (xs,xt)=   2.9721273511690915E-002  -2.9719912444844468E-002
 WARNING: set the 2-loop amplitudes to zero
 WARNING: outside the range of the grid (xs,xt)=   1463.6988216190964       -1463.6287833313811     
 WARNING: set the 2-loop amplitudes to zero
 INFO: will suppress the further warning
 max=   1152073.6760983872     
 min=   0.0000000000000000     
       n_pass,     n_total
       40000       40031
 max=   1152073.6760983872     
 min=   0.0000000000000000     
       n_pass,     n_total
       50000       50031
 ITERATION            3 :
   62909.096065199010      +\-   20.085847269752445     
 precision:   3.1928367320578676E-004
 max=   1153629.4957987715     
 min=   0.0000000000000000     
       n_pass,     n_total
       60000       60100
 max=   1153629.4957987715     
 min=   0.0000000000000000     
       n_pass,     n_total
       70000       70100
 ITERATION            4 :
   62897.467442551511      +\-   17.046538941724656     
 precision:   2.7102107024093468E-004
 max=   1155209.2066178720     
 min=   0.0000000000000000     
       n_pass,     n_total
       80000       80226
 max=   1155209.2066178720     
 min=   0.0000000000000000     
       n_pass,     n_total
       90000       90226
 ITERATION            5 :
   62893.515970376953      +\-   14.414834826909054     
 precision:   2.2919429140674035E-004
 max=   1155209.2066178720     
 min=   0.0000000000000000     
       n_pass,     n_total
      100000      100416
 max=   1155209.2066178720     
 min=   0.0000000000000000     
       n_pass,     n_total
      110000      110416
 ITERATION            6 :
   62890.763779614710      +\-   13.394152424020996     
 precision:   2.1297487292343159E-004
 max=   1155209.2066178720     
 min=   0.0000000000000000     
       n_pass,     n_total
      120000      120611
 max=   1155209.2066178720     
 min=   0.0000000000000000     
       n_pass,     n_total
      130000      130611
 ITERATION            7 :
   62926.324315774225      +\-   12.995238667687886     
 precision:   2.0651513987176063E-004
 max=   1155209.2066178720     
 min=   0.0000000000000000     
       n_pass,     n_total
      140000      140825
 max=   1155209.2066178720     
 min=   0.0000000000000000     
       n_pass,     n_total
      150000      150825
 ITERATION            8 :
   62883.172557230377      +\-   12.805900353723001     
 precision:   2.0364590132707235E-004
 max=   1155209.2066178720     
 min=   0.0000000000000000     
       n_pass,     n_total
      160000      161053
 max=   1155209.2066178720     
 min=   0.0000000000000000     
       n_pass,     n_total
      170000      171053
 ITERATION            9 :
   62899.641476538702      +\-   12.473464182777871     
 precision:   1.9830739714836722E-004
 max=   1156002.2797353517     
 min=   0.0000000000000000     
       n_pass,     n_total
      180000      181308
 max=   1156002.2797353517     
 min=   0.0000000000000000     
       n_pass,     n_total
      190000      191308
 ITERATION           10 :
   62911.077705223834      +\-   12.618889847778723     
 precision:   2.0058295467303543E-004
 ====================NCALL=40K ===========================
  
 max=   1156002.2797353517     
 min=   0.0000000000000000     
       n_pass,     n_total
      200000      201679
 max=   1156002.2797353517     
 min=   0.0000000000000000     
       n_pass,     n_total
      210000      211679
 max=   1156002.2797353517     
 min=   0.0000000000000000     
       n_pass,     n_total
      220000      221679
 max=   1156002.2797353517     
 min=   0.0000000000000000     
       n_pass,     n_total
      230000      231679
   62910.907648975328      +\-   6.0133453010759439     
 precision:   9.5585098447930079E-005
 ====================NCALL=80K ===========================
  
 max=   1156170.5181551129     
 min=   0.0000000000000000     
       n_pass,     n_total
      240000      242328
 max=   1156170.5181551129     
 min=   0.0000000000000000     
       n_pass,     n_total
      250000      252328
 max=   1156170.5181551129     
 min=   0.0000000000000000     
       n_pass,     n_total
      260000      262328
 max=   1156170.5181551129     
 min=   0.0000000000000000     
       n_pass,     n_total
      270000      272328
 max=   1156170.5181551129     
 min=   0.0000000000000000     
       n_pass,     n_total
      280000      282328
 max=   1156170.5181551129     
 min=   0.0000000000000000     
       n_pass,     n_total
      290000      292328
 max=   1156170.5181551129     
 min=   0.0000000000000000     
       n_pass,     n_total
      300000      302328
 max=   1156170.5181551129     
 min=   0.0000000000000000     
       n_pass,     n_total
      310000      312328
   62904.113953588429      +\-   2.8943344682166079     
 precision:   4.6011847020881497E-005
 sigma (pb)                   sd (pb)
   62904.113953588429        2.8943344682166079     
