 =======================================================
 |                                                     |
 |         \/\/\/\/\/\___________/\/\/\/\/\/           |
 |                   |     \     |                     |
 |                   |     /     |                     |
 |                   |     \     |                     |
 |         /\/\/\/\/\|_____/_____|/\/\/\/\/\           |
 |                                                     |
 | Light-by-light scattering at next-to-leading order  |
 |                   (VERSION 0.5)                     |
 |                                                     |
 |    Authors:                                         |
 |            Ajjath A.H. (LPTHE Paris)                |
 |            Ekta Chaubey (Bonn)                      |
 |            Mathijs Fraaije (Bern)                   |
 |            Valentin Hirschi (Bern)                  |
 |            Hua-Sheng Shao (LPTHE Paris)             |
 |                                                     |
 |    Please cite                                      |
 |            PLB 851 (2024) 138555 [arXiv:2312.16956] |
 |            JHEP 03 (2024) 121    [arXiv:2312.16966] |
 |                                                     |
 =======================================================
 ---------------------------------------------------
         the cuts in the lab frame                  
 min transverse momentum of photon    0.0000000000000000     
 max (pseudo-)rapidity of photon    5.0000000000000000     
 min (pseudo-)rapidity of photon   -5.0000000000000000     
 min invariant mass of di-photon    0.0000000000000000     
 ---------------------------------------------------
 max=   1969731.5382692730     
 min=   0.0000000000000000     
       n_pass,     n_total
       10000       10000
  
 ====================NCALL=20K===========================
  
 ITERATION            1 :
   228943.84785470465      +\-   251.29864882581219     
 precision:   1.0976431608911135E-003
 WARNING: outside the range of the grid (xs,xt)=   370.05411284423701       -370.03644306729871     
 WARNING: set the 2-loop amplitudes to zero
 max=   1978738.9401997852     
 min=   0.0000000000000000     
       n_pass,     n_total
       20000       20006
 max=   1978738.9401997852     
 min=   0.0000000000000000     
       n_pass,     n_total
       30000       30006
 ITERATION            2 :
   228411.97744852499      +\-   60.202769306800214     
 precision:   2.6357098248215783E-004
 max=   2009031.9135641183     
 min=   0.0000000000000000     
       n_pass,     n_total
       40000       40027
 max=   2009031.9135641183     
 min=   0.0000000000000000     
       n_pass,     n_total
       50000       50027
 ITERATION            3 :
   228314.70917360115      +\-   50.104924840271870     
 precision:   2.1945552707326507E-004
 WARNING: outside the range of the grid (xs,xt)=   370.05411284423701       -370.03643663910225     
 WARNING: set the 2-loop amplitudes to zero
 WARNING: outside the range of the grid (xs,xt)=   370.05411284423701       -370.03628625965410     
 WARNING: set the 2-loop amplitudes to zero
 WARNING: outside the range of the grid (xs,xt)=   370.05411284423701       -370.03637156785919     
 WARNING: set the 2-loop amplitudes to zero
 WARNING: outside the range of the grid (xs,xt)=   370.05411284423701       -370.03620379884057     
 WARNING: set the 2-loop amplitudes to zero
 INFO: will suppress the further warning
 max=   2009282.8041001607     
 min=   0.0000000000000000     
       n_pass,     n_total
       60000       60068
 max=   2009282.8041001607     
 min=   0.0000000000000000     
       n_pass,     n_total
       70000       70068
 ITERATION            4 :
   228316.39116228546      +\-   45.171668009537022     
 precision:   1.9784680276165262E-004
 max=   2009282.8041001607     
 min=   0.0000000000000000     
       n_pass,     n_total
       80000       80129
 max=   2009282.8041001607     
 min=   0.0000000000000000     
       n_pass,     n_total
       90000       90129
 ITERATION            5 :
   228344.07357576821      +\-   40.459433415044380     
 precision:   1.7718626448879260E-004
 max=   2009282.8041001607     
 min=   0.0000000000000000     
       n_pass,     n_total
      100000      100217
 max=   2009282.8041001607     
 min=   0.0000000000000000     
       n_pass,     n_total
      110000      110217
 ITERATION            6 :
   228301.36483728085      +\-   39.084808022718164     
 precision:   1.7119831084047793E-004
 max=   2009282.8041001607     
 min=   0.0000000000000000     
       n_pass,     n_total
      120000      120318
 max=   2009282.8041001607     
 min=   0.0000000000000000     
       n_pass,     n_total
      130000      130318
 ITERATION            7 :
   228398.33347290417      +\-   37.831571334805183     
 precision:   1.6563856119069842E-004
 max=   2009579.6270764023     
 min=   0.0000000000000000     
       n_pass,     n_total
      140000      140427
 max=   2009579.6270764023     
 min=   0.0000000000000000     
       n_pass,     n_total
      150000      150427
 ITERATION            8 :
   228273.00967693696      +\-   37.095005962886624     
 precision:   1.6250281194165388E-004
 max=   2009579.6270764023     
 min=   0.0000000000000000     
       n_pass,     n_total
      160000      160547
 max=   2009579.6270764023     
 min=   0.0000000000000000     
       n_pass,     n_total
      170000      170547
 ITERATION            9 :
   228346.81100746154      +\-   36.462979816641237     
 precision:   1.5968245694243465E-004
 max=   2009580.3819312491     
 min=   0.0000000000000000     
       n_pass,     n_total
      180000      180672
 max=   2009580.3819312491     
 min=   0.0000000000000000     
       n_pass,     n_total
      190000      190672
 ITERATION           10 :
   228370.07933504612      +\-   37.069400362165865     
 precision:   1.6232161616838009E-004
 ====================NCALL=40K ===========================
  
 max=   2009580.3819312491     
 min=   0.0000000000000000     
       n_pass,     n_total
      200000      200889
 max=   2009580.3819312491     
 min=   0.0000000000000000     
       n_pass,     n_total
      210000      210889
 max=   2009580.3819312491     
 min=   0.0000000000000000     
       n_pass,     n_total
      220000      220889
 max=   2009580.3819312491     
 min=   0.0000000000000000     
       n_pass,     n_total
      230000      230889
   228358.43296066119      +\-   18.357841111368025     
 precision:   8.0390467185113723E-005
 ====================NCALL=80K ===========================
  
 max=   2009580.3819312491     
 min=   0.0000000000000000     
       n_pass,     n_total
      240000      241350
 max=   2009580.3819312491     
 min=   0.0000000000000000     
       n_pass,     n_total
      250000      251350
 max=   2009580.3819312491     
 min=   0.0000000000000000     
       n_pass,     n_total
      260000      261350
 max=   2009580.3819312491     
 min=   0.0000000000000000     
       n_pass,     n_total
      270000      271350
 max=   2009580.3819312491     
 min=   0.0000000000000000     
       n_pass,     n_total
      280000      281350
 max=   2009580.3819312491     
 min=   0.0000000000000000     
       n_pass,     n_total
      290000      291350
 max=   2009580.3819312491     
 min=   0.0000000000000000     
       n_pass,     n_total
      300000      301350
 max=   2009580.3819312491     
 min=   0.0000000000000000     
       n_pass,     n_total
      310000      311350
   228335.68952164779      +\-   8.6632427429574221     
 precision:   3.7940817579181316E-005
 sigma (pb)                   sd (pb)
   228335.68952164779        8.6632427429574221     
