 =======================================================
 |                                                     |
 |         \/\/\/\/\/\___________/\/\/\/\/\/           |
 |                   |     \     |                     |
 |                   |     /     |                     |
 |                   |     \     |                     |
 |         /\/\/\/\/\|_____/_____|/\/\/\/\/\           |
 |                                                     |
 | Light-by-light scattering at next-to-leading order  |
 |                   (VERSION 0.5)                     |
 |                                                     |
 |    Authors:                                         |
 |            Ajjath A.H. (LPTHE Paris)                |
 |            Ekta Chaubey (Bonn)                      |
 |            Mathijs Fraaije (Bern)                   |
 |            Valentin Hirschi (Bern)                  |
 |            Hua-Sheng Shao (LPTHE Paris)             |
 |                                                     |
 |    Please cite                                      |
 |            PLB 851 (2024) 138555 [arXiv:2312.16956] |
 |            JHEP 03 (2024) 121    [arXiv:2312.16966] |
 |                                                     |
 =======================================================
 ---------------------------------------------------
         the cuts in the lab frame                  
 min transverse momentum of photon    0.0000000000000000     
 max (pseudo-)rapidity of photon    5.0000000000000000     
 min (pseudo-)rapidity of photon   -5.0000000000000000     
 min invariant mass of di-photon    0.0000000000000000     
 ---------------------------------------------------
 max=   1273.5236042515276     
 min=   0.0000000000000000     
       n_pass,     n_total
       10000       10000
  
 ====================NCALL=20K===========================
  
 ITERATION            1 :
   54.597500778261363      +\-  0.14740305690909983     
 precision:   2.6998132663206094E-003
 WARNING: outside the range of the grid (xs,xt)=   18.528527511695252       -18.527605182718386     
 WARNING: set the 2-loop amplitudes to zero
 WARNING: outside the range of the grid (xs,xt)=   17.987577854671276       -17.986682453551648     
 WARNING: set the 2-loop amplitudes to zero
 WARNING: outside the range of the grid (xs,xt)=   8.6604081632653074       -8.6599770580198712     
 WARNING: set the 2-loop amplitudes to zero
 WARNING: outside the range of the grid (xs,xt)=  0.92416177777777775      -0.92411577405803158     
 WARNING: set the 2-loop amplitudes to zero
 WARNING: outside the range of the grid (xs,xt)=   9.2160177285318556E-002  -9.2155589656756617E-002
 WARNING: set the 2-loop amplitudes to zero
 INFO: will suppress the further warning
 max=   1434.2372527152456     
 min=   0.0000000000000000     
       n_pass,     n_total
       20000       20007
 max=   1434.2372527152456     
 min=   0.0000000000000000     
       n_pass,     n_total
       30000       30007
 ITERATION            2 :
   54.398901221282031      +\-   3.8244385870776811E-002
 precision:   7.0303599911343019E-004
 max=   1434.2372527152456     
 min=   0.0000000000000000     
       n_pass,     n_total
       40000       40035
 max=   1434.2372527152456     
 min=   0.0000000000000000     
       n_pass,     n_total
       50000       50035
 ITERATION            3 :
   54.366510404975969      +\-   1.7415841791167137E-002
 precision:   3.2034135833689865E-004
 max=   1439.9628494975145     
 min=   0.0000000000000000     
       n_pass,     n_total
       60000       60115
 max=   1439.9628494975145     
 min=   0.0000000000000000     
       n_pass,     n_total
       70000       70115
 ITERATION            4 :
   54.377101304931692      +\-   1.3778374666688567E-002
 precision:   2.5338560416126752E-004
 max=   1439.9628494975145     
 min=   0.0000000000000000     
       n_pass,     n_total
       80000       80293
 max=   1439.9628494975145     
 min=   0.0000000000000000     
       n_pass,     n_total
       90000       90293
 ITERATION            5 :
   54.363780138279033      +\-   1.1338959403257614E-002
 precision:   2.0857562469747280E-004
 max=   1439.9628494975145     
 min=   0.0000000000000000     
       n_pass,     n_total
      100000      100576
 max=   1439.9628494975145     
 min=   0.0000000000000000     
       n_pass,     n_total
      110000      110576
 ITERATION            6 :
   54.375854942974037      +\-   9.8368639678233713E-003
 precision:   1.8090499870097957E-004
 max=   1439.9628494975145     
 min=   0.0000000000000000     
       n_pass,     n_total
      120000      120861
 max=   1439.9628494975145     
 min=   0.0000000000000000     
       n_pass,     n_total
      130000      130861
 ITERATION            7 :
   54.395434697433245      +\-   9.2621812607228213E-003
 precision:   1.7027497458642197E-004
 max=   1440.2910241747006     
 min=   0.0000000000000000     
       n_pass,     n_total
      140000      141221
 max=   1440.2910241747006     
 min=   0.0000000000000000     
       n_pass,     n_total
      150000      151221
 ITERATION            8 :
   54.362157044610782      +\-   9.2212649526447962E-003
 precision:   1.6962654636896809E-004
 max=   1440.2910241747006     
 min=   0.0000000000000000     
       n_pass,     n_total
      160000      161459
 max=   1440.2910241747006     
 min=   0.0000000000000000     
       n_pass,     n_total
      170000      171459
 ITERATION            9 :
   54.375926730226141      +\-   9.1348572930963386E-003
 precision:   1.6799451232191162E-004
 max=   1440.2910241747006     
 min=   0.0000000000000000     
       n_pass,     n_total
      180000      181848
 max=   1440.2910241747006     
 min=   0.0000000000000000     
       n_pass,     n_total
      190000      191848
 ITERATION           10 :
   54.382371121034602      +\-   1.0491067648940968E-002
 precision:   1.9291302370012182E-004
 ====================NCALL=40K ===========================
  
 max=   1440.2910241747006     
 min=   0.0000000000000000     
       n_pass,     n_total
      200000      202063
 max=   1440.2910241747006     
 min=   0.0000000000000000     
       n_pass,     n_total
      210000      212063
 max=   1440.2910241747006     
 min=   0.0000000000000000     
       n_pass,     n_total
      220000      222063
 max=   1440.2910241747006     
 min=   0.0000000000000000     
       n_pass,     n_total
      230000      232063
   54.380870939527313      +\-   5.4884908139528604E-003
 precision:   1.0092686489071091E-004
 ====================NCALL=80K ===========================
  
 max=   1440.2910241747006     
 min=   0.0000000000000000     
       n_pass,     n_total
      240000      243271
 max=   1440.2910241747006     
 min=   0.0000000000000000     
       n_pass,     n_total
      250000      253271
 max=   1440.2910241747006     
 min=   0.0000000000000000     
       n_pass,     n_total
      260000      263271
 max=   1440.2910241747006     
 min=   0.0000000000000000     
       n_pass,     n_total
      270000      273271
 max=   1440.2910241747006     
 min=   0.0000000000000000     
       n_pass,     n_total
      280000      283271
 max=   1440.2910241747006     
 min=   0.0000000000000000     
       n_pass,     n_total
      290000      293271
 max=   1440.2910241747006     
 min=   0.0000000000000000     
       n_pass,     n_total
      300000      303271
 max=   1440.2910241747006     
 min=   0.0000000000000000     
       n_pass,     n_total
      310000      313271
   54.380360322349823      +\-   2.4563962114401848E-003
 precision:   4.5170649787523175E-005
 sigma (pb)                   sd (pb)
   54.380360322349823        2.4563962114401848E-003
