 =======================================================
 |                                                     |
 |         \/\/\/\/\/\___________/\/\/\/\/\/           |
 |                   |     \     |                     |
 |                   |     /     |                     |
 |                   |     \     |                     |
 |         /\/\/\/\/\|_____/_____|/\/\/\/\/\           |
 |                                                     |
 | Light-by-light scattering at next-to-leading order  |
 |                   (VERSION 0.5)                     |
 |                                                     |
 |    Authors:                                         |
 |            Ajjath A.H. (LPTHE Paris)                |
 |            Ekta Chaubey (Bonn)                      |
 |            Mathijs Fraaije (Bern)                   |
 |            Valentin Hirschi (Bern)                  |
 |            Hua-Sheng Shao (LPTHE Paris)             |
 |                                                     |
 |    Please cite                                      |
 |            PLB 851 (2024) 138555 [arXiv:2312.16956] |
 |            JHEP 03 (2024) 121    [arXiv:2312.16966] |
 |                                                     |
 =======================================================
 ---------------------------------------------------
         the cuts in the lab frame                  
 min transverse momentum of photon    0.0000000000000000     
 max (pseudo-)rapidity of photon    5.0000000000000000     
 min (pseudo-)rapidity of photon   -5.0000000000000000     
 min invariant mass of di-photon    0.0000000000000000     
 ---------------------------------------------------
 max=  0.32807538697175193     
 min=   0.0000000000000000     
       n_pass,     n_total
       10000       10000
  
 ====================NCALL=20K===========================
  
 ITERATION            1 :
   1.5367852074377327E-002 +\-   3.6287896669405589E-005
 precision:   2.3612861767395624E-003
 WARNING: outside the range of the grid (xs,xt)=   1091557.1396747604       -1091503.9920167371     
 WARNING: set the 2-loop amplitudes to zero
 WARNING: outside the range of the grid (xs,xt)=   1059688.5813148788       -1059636.9853293970     
 WARNING: set the 2-loop amplitudes to zero
 WARNING: outside the range of the grid (xs,xt)=   510204.08163265308       -510179.23991702765     
 WARNING: set the 2-loop amplitudes to zero
 WARNING: outside the range of the grid (xs,xt)=   54444.444444444445       -54441.793557368146     
 WARNING: set the 2-loop amplitudes to zero
 WARNING: outside the range of the grid (xs,xt)=   5429.3628808864269       -5429.0985264965466     
 WARNING: set the 2-loop amplitudes to zero
 INFO: will suppress the further warning
 max=  0.38409651406175804     
 min=   0.0000000000000000     
       n_pass,     n_total
       20000       20007
 max=  0.38409651406175804     
 min=   0.0000000000000000     
       n_pass,     n_total
       30000       30007
 ITERATION            2 :
   1.5325759553422150E-002 +\-   1.0590844730402015E-005
 precision:   6.9104860307149627E-004
 max=  0.39762085045350309     
 min=   0.0000000000000000     
       n_pass,     n_total
       40000       40035
 max=  0.39762085045350309     
 min=   0.0000000000000000     
       n_pass,     n_total
       50000       50035
 ITERATION            3 :
   1.5316500622311886E-002 +\-   4.4831118351744195E-006
 precision:   2.9269817863251160E-004
 max=  0.39762085045350309     
 min=   0.0000000000000000     
       n_pass,     n_total
       60000       60115
 max=  0.39762085045350309     
 min=   0.0000000000000000     
       n_pass,     n_total
       70000       70115
 ITERATION            4 :
   1.5321888021339799E-002 +\-   3.4437526985284801E-006
 precision:   2.2476033591500863E-004
 max=  0.39762085045350309     
 min=   0.0000000000000000     
       n_pass,     n_total
       80000       80293
 max=  0.39762085045350309     
 min=   0.0000000000000000     
       n_pass,     n_total
       90000       90293
 ITERATION            5 :
   1.5317442494763620E-002 +\-   2.7976892124724633E-006
 precision:   1.8264728027729654E-004
 max=  0.39762085045350309     
 min=   0.0000000000000000     
       n_pass,     n_total
      100000      100582
 max=  0.39762085045350309     
 min=   0.0000000000000000     
       n_pass,     n_total
      110000      110582
 ITERATION            6 :
   1.5320810176574122E-002 +\-   2.4036028567601747E-006
 precision:   1.5688484023092589E-004
 max=  0.39762085045350309     
 min=   0.0000000000000000     
       n_pass,     n_total
      120000      120866
 max=  0.39762085045350309     
 min=   0.0000000000000000     
       n_pass,     n_total
      130000      130866
 ITERATION            7 :
   1.5325626329423978E-002 +\-   2.2646744892372287E-006
 precision:   1.4777043629787806E-004
 max=  0.39762085045350309     
 min=   0.0000000000000000     
       n_pass,     n_total
      140000      141232
 max=  0.39762085045350309     
 min=   0.0000000000000000     
       n_pass,     n_total
      150000      151232
 ITERATION            8 :
   1.5318267972544550E-002 +\-   2.2579131219094128E-006
 precision:   1.4740002759818191E-004
 max=  0.39762085045350309     
 min=   0.0000000000000000     
       n_pass,     n_total
      160000      161447
 max=  0.39762085045350309     
 min=   0.0000000000000000     
       n_pass,     n_total
      170000      171447
 ITERATION            9 :
   1.5320356318462821E-002 +\-   2.3451668284973121E-006
 precision:   1.5307521442377368E-004
 max=  0.39762085045350309     
 min=   0.0000000000000000     
       n_pass,     n_total
      180000      181833
 max=  0.39762085045350309     
 min=   0.0000000000000000     
       n_pass,     n_total
      190000      191833
 ITERATION           10 :
   1.5322692615288817E-002 +\-   2.4034501173169446E-006
 precision:   1.5685559827251303E-004
 ====================NCALL=40K ===========================
  
 max=  0.39762085045350309     
 min=   0.0000000000000000     
       n_pass,     n_total
      200000      202153
 max=  0.39762085045350309     
 min=   0.0000000000000000     
       n_pass,     n_total
      210000      212153
 max=  0.39762085045350309     
 min=   0.0000000000000000     
       n_pass,     n_total
      220000      222153
 max=  0.39762085045350309     
 min=   0.0000000000000000     
       n_pass,     n_total
      230000      232153
   1.5322040976079851E-002 +\-   1.1125724962548092E-006
 precision:   7.2612551943420088E-005
 ====================NCALL=80K ===========================
  
 max=  0.39772217977424090     
 min=   0.0000000000000000     
       n_pass,     n_total
      240000      243146
 max=  0.39772217977424090     
 min=   0.0000000000000000     
       n_pass,     n_total
      250000      253146
 max=  0.39772217977424090     
 min=   0.0000000000000000     
       n_pass,     n_total
      260000      263146
 max=  0.39772217977424090     
 min=   0.0000000000000000     
       n_pass,     n_total
      270000      273146
 max=  0.39772217977424090     
 min=   0.0000000000000000     
       n_pass,     n_total
      280000      283146
 max=  0.39772217977424090     
 min=   0.0000000000000000     
       n_pass,     n_total
      290000      293146
 max=  0.39772217977424090     
 min=   0.0000000000000000     
       n_pass,     n_total
      300000      303146
 max=  0.39772217977424090     
 min=   0.0000000000000000     
       n_pass,     n_total
      310000      313146
   1.5321541650068958E-002 +\-   5.4789931334050759E-007
 precision:   3.5760064218997284E-005
 sigma (pb)                   sd (pb)
   1.5321541650068958E-002   5.4789931334050759E-007
