 =======================================================
 |                                                     |
 |         \/\/\/\/\/\___________/\/\/\/\/\/           |
 |                   |     \     |                     |
 |                   |     /     |                     |
 |                   |     \     |                     |
 |         /\/\/\/\/\|_____/_____|/\/\/\/\/\           |
 |                                                     |
 | Light-by-light scattering at next-to-leading order  |
 |                   (VERSION 0.5)                     |
 |                                                     |
 |    Authors:                                         |
 |            Ajjath A.H. (LPTHE Paris)                |
 |            Ekta Chaubey (Bonn)                      |
 |            Mathijs Fraaije (Bern)                   |
 |            Valentin Hirschi (Bern)                  |
 |            Hua-Sheng Shao (LPTHE Paris)             |
 |                                                     |
 |    Please cite                                      |
 |            PLB 851 (2024) 138555 [arXiv:2312.16956] |
 |            JHEP 03 (2024) 121    [arXiv:2312.16966] |
 |                                                     |
 =======================================================
 ---------------------------------------------------
         the cuts in the lab frame                  
 min transverse momentum of photon    0.0000000000000000     
 max (pseudo-)rapidity of photon    5.0000000000000000     
 min (pseudo-)rapidity of photon   -5.0000000000000000     
 min invariant mass of di-photon    0.0000000000000000     
 ---------------------------------------------------
 max=  0.31053460214934092     
 min=   0.0000000000000000     
       n_pass,     n_total
       10000       10000
  
 ====================NCALL=20K===========================
  
 ITERATION            1 :
   2.1576604281224685E-002 +\-   3.8402078643081728E-005
 precision:   1.7798017770802826E-003
 WARNING: outside the range of the grid (xs,xt)=   10781911.338828245       -10781420.977680488     
 WARNING: set the 2-loop amplitudes to zero
 WARNING: outside the range of the grid (xs,xt)=   10467128.027681658       -10466651.982873639     
 WARNING: set the 2-loop amplitudes to zero
 WARNING: outside the range of the grid (xs,xt)=   5039566.8471470224       -5039337.6477309158     
 WARNING: set the 2-loop amplitudes to zero
 WARNING: outside the range of the grid (xs,xt)=   537777.77777777775       -537753.31965341908     
 WARNING: set the 2-loop amplitudes to zero
 WARNING: outside the range of the grid (xs,xt)=   53628.808864265928       -53626.369826933755     
 WARNING: set the 2-loop amplitudes to zero
 INFO: will suppress the further warning
 max=  0.31554159158434902     
 min=   0.0000000000000000     
       n_pass,     n_total
       20000       20006
 max=  0.31554159158434902     
 min=   0.0000000000000000     
       n_pass,     n_total
       30000       30006
 ITERATION            2 :
   2.1499747013894625E-002 +\-   8.3045810889733536E-006
 precision:   3.8626413062471660E-004
 max=  0.31841769753584531     
 min=   0.0000000000000000     
       n_pass,     n_total
       40000       40027
 max=  0.31841769753584531     
 min=   0.0000000000000000     
       n_pass,     n_total
       50000       50027
 ITERATION            3 :
   2.1485024180414331E-002 +\-   6.7052787946109301E-006
 precision:   3.1209081908892787E-004
 max=  0.32047147008260701     
 min=   0.0000000000000000     
       n_pass,     n_total
       60000       60075
 max=  0.32047147008260701     
 min=   0.0000000000000000     
       n_pass,     n_total
       70000       70075
 ITERATION            4 :
   2.1487552138144638E-002 +\-   5.8973742780936248E-006
 precision:   2.7445537956948684E-004
 max=  0.32047147008260701     
 min=   0.0000000000000000     
       n_pass,     n_total
       80000       80147
 max=  0.32047147008260701     
 min=   0.0000000000000000     
       n_pass,     n_total
       90000       90147
 ITERATION            5 :
   2.1489841828609628E-002 +\-   5.2467831362006639E-006
 precision:   2.4415178008502475E-004
 max=  0.32047147008260701     
 min=   0.0000000000000000     
       n_pass,     n_total
      100000      100257
 max=  0.32047147008260701     
 min=   0.0000000000000000     
       n_pass,     n_total
      110000      110257
 ITERATION            6 :
   2.1486481299642611E-002 +\-   4.9835760021007122E-006
 precision:   2.3194007118250697E-004
 max=  0.32103988972846448     
 min=   0.0000000000000000     
       n_pass,     n_total
      120000      120379
 max=  0.32103988972846448     
 min=   0.0000000000000000     
       n_pass,     n_total
      130000      130379
 ITERATION            7 :
   2.1496753122618513E-002 +\-   4.7733694301312920E-006
 precision:   2.2205071635254697E-004
 max=  0.32103988972846448     
 min=   0.0000000000000000     
       n_pass,     n_total
      140000      140527
 max=  0.32103988972846448     
 min=   0.0000000000000000     
       n_pass,     n_total
      150000      150527
 ITERATION            8 :
   2.1480213013263607E-002 +\-   4.7158278036643457E-006
 precision:   2.1954287886960969E-004
 max=  0.32103988972846448     
 min=   0.0000000000000000     
       n_pass,     n_total
      160000      160686
 max=  0.32103988972846448     
 min=   0.0000000000000000     
       n_pass,     n_total
      170000      170686
 ITERATION            9 :
   2.1488350619909724E-002 +\-   4.5903868285036706E-006
 precision:   2.1362211133368761E-004
 max=  0.32103988972846448     
 min=   0.0000000000000000     
       n_pass,     n_total
      180000      180857
 max=  0.32103988972846448     
 min=   0.0000000000000000     
       n_pass,     n_total
      190000      190857
 ITERATION           10 :
   2.1492700846423844E-002 +\-   4.5660965572007158E-006
 precision:   2.1244870943990576E-004
 ====================NCALL=40K ===========================
  
 max=  0.32103988972846448     
 min=   0.0000000000000000     
       n_pass,     n_total
      200000      201142
 max=  0.32103988972846448     
 min=   0.0000000000000000     
       n_pass,     n_total
      210000      211142
 max=  0.32103988972846448     
 min=   0.0000000000000000     
       n_pass,     n_total
      220000      221142
 max=  0.32103988972846448     
 min=   0.0000000000000000     
       n_pass,     n_total
      230000      231142
   2.1492558153089567E-002 +\-   2.2574191787544566E-006
 precision:   1.0503259605836875E-004
 ====================NCALL=80K ===========================
  
 max=  0.32103988972846448     
 min=   0.0000000000000000     
       n_pass,     n_total
      240000      241684
 max=  0.32103988972846448     
 min=   0.0000000000000000     
       n_pass,     n_total
      250000      251684
 max=  0.32103988972846448     
 min=   0.0000000000000000     
       n_pass,     n_total
      260000      261684
 max=  0.32103988972846448     
 min=   0.0000000000000000     
       n_pass,     n_total
      270000      271684
 max=  0.32103988972846448     
 min=   0.0000000000000000     
       n_pass,     n_total
      280000      281684
 max=  0.32103988972846448     
 min=   0.0000000000000000     
       n_pass,     n_total
      290000      291684
 max=  0.32103988972846448     
 min=   0.0000000000000000     
       n_pass,     n_total
      300000      301684
 max=  0.32103988972846448     
 min=   0.0000000000000000     
       n_pass,     n_total
      310000      311684
   2.1489032569760244E-002 +\-   1.0271366726764542E-006
 precision:   4.7798181204390724E-005
 sigma (pb)                   sd (pb)
   2.1489032569760244E-002   1.0271366726764542E-006
