 =======================================================
 |                                                     |
 |         \/\/\/\/\/\___________/\/\/\/\/\/           |
 |                   |     \     |                     |
 |                   |     /     |                     |
 |                   |     \     |                     |
 |         /\/\/\/\/\|_____/_____|/\/\/\/\/\           |
 |                                                     |
 | Light-by-light scattering at next-to-leading order  |
 |                   (VERSION 0.5)                     |
 |                                                     |
 |    Authors:                                         |
 |            Ajjath A.H. (LPTHE Paris)                |
 |            Ekta Chaubey (Bonn)                      |
 |            Mathijs Fraaije (Bern)                   |
 |            Valentin Hirschi (Bern)                  |
 |            Hua-Sheng Shao (LPTHE Paris)             |
 |                                                     |
 |    Please cite                                      |
 |            PLB 851 (2024) 138555 [arXiv:2312.16956] |
 |            JHEP 03 (2024) 121    [arXiv:2312.16966] |
 |                                                     |
 =======================================================
 ---------------------------------------------------
         the cuts in the lab frame                  
 min transverse momentum of photon    0.0000000000000000     
 max (pseudo-)rapidity of photon    5.0000000000000000     
 min (pseudo-)rapidity of photon   -5.0000000000000000     
 min invariant mass of di-photon    0.0000000000000000     
 ---------------------------------------------------
 max=   3.2220810949706378     
 min=   0.0000000000000000     
       n_pass,     n_total
       10000       10000
  
 ====================NCALL=20K===========================
  
 ITERATION            1 :
   5.6168289648527721E-002 +\-   4.2070170972372439E-004
 precision:   7.4900217250028333E-003
 WARNING: outside the range of the grid (xs,xt)=   72176.431276453543       -72172.838478944686     
 WARNING: set the 2-loop amplitudes to zero
 WARNING: outside the range of the grid (xs,xt)=   70069.204152249120       -70065.716248266152     
 WARNING: set the 2-loop amplitudes to zero
 WARNING: outside the range of the grid (xs,xt)=   33735.943356934615       -33734.264049560887     
 WARNING: set the 2-loop amplitudes to zero
 WARNING: outside the range of the grid (xs,xt)=   3600.0000000000000       -3599.8207992442531     
 WARNING: set the 2-loop amplitudes to zero
 WARNING: outside the range of the grid (xs,xt)=   359.00277008310252       -358.98489964762632     
 WARNING: set the 2-loop amplitudes to zero
 INFO: will suppress the further warning
 max=   3.3851613856699139     
 min=   0.0000000000000000     
       n_pass,     n_total
       20000       20007
 max=   3.3851613856699139     
 min=   0.0000000000000000     
       n_pass,     n_total
       30000       30007
 ITERATION            2 :
   5.5647333880905217E-002 +\-   9.5180335245562519E-005
 precision:   1.7104204030558708E-003
 max=   3.5609401615493601     
 min=   0.0000000000000000     
       n_pass,     n_total
       40000       40040
 max=   3.5609401615493601     
 min=   0.0000000000000000     
       n_pass,     n_total
       50000       50040
 ITERATION            3 :
   5.5582202638421244E-002 +\-   3.5498583442096656E-005
 precision:   6.3866816637378509E-004
 max=   3.6086857854972370     
 min=   0.0000000000000000     
       n_pass,     n_total
       60000       60161
 max=   3.6086857854972370     
 min=   0.0000000000000000     
       n_pass,     n_total
       70000       70161
 ITERATION            4 :
   5.5600513011802272E-002 +\-   2.2850583666254779E-005
 precision:   4.1097792859221113E-004
 max=   3.6086857854972370     
 min=   0.0000000000000000     
       n_pass,     n_total
       80000       80443
 max=   3.6086857854972370     
 min=   0.0000000000000000     
       n_pass,     n_total
       90000       90443
 ITERATION            5 :
   5.5583423657998086E-002 +\-   1.5818751367550640E-005
 precision:   2.8459476452696750E-004
 max=   3.6086857854972370     
 min=   0.0000000000000000     
       n_pass,     n_total
      100000      100727
 max=   3.6086857854972370     
 min=   0.0000000000000000     
       n_pass,     n_total
      110000      110727
 ITERATION            6 :
   5.5568944135112652E-002 +\-   2.0173934311895983E-005
 precision:   3.6304332619393012E-004
 max=   3.6222875920000988     
 min=   0.0000000000000000     
       n_pass,     n_total
      120000      121085
 max=   3.6222875920000988     
 min=   0.0000000000000000     
       n_pass,     n_total
      130000      131085
 ITERATION            7 :
   5.5622841212142650E-002 +\-   1.6251026866352036E-005
 precision:   2.9216463079207794E-004
 max=   3.6222875920000988     
 min=   0.0000000000000000     
       n_pass,     n_total
      140000      141542
 max=   3.6222875920000988     
 min=   0.0000000000000000     
       n_pass,     n_total
      150000      151542
 ITERATION            8 :
   5.5562624394687704E-002 +\-   1.3470643825696286E-005
 precision:   2.4244074091979361E-004
 max=   3.6222875920000988     
 min=   0.0000000000000000     
       n_pass,     n_total
      160000      161939
 max=   3.6222875920000988     
 min=   0.0000000000000000     
       n_pass,     n_total
      170000      171939
 ITERATION            9 :
   5.5590644553504605E-002 +\-   1.5232957690135510E-005
 precision:   2.7402016674719736E-004
 max=   3.6222875920000988     
 min=   0.0000000000000000     
       n_pass,     n_total
      180000      182498
 max=   3.6222875920000988     
 min=   0.0000000000000000     
       n_pass,     n_total
      190000      192498
 ITERATION           10 :
   5.5607970105096334E-002 +\-   1.4589019899571754E-005
 precision:   2.6235483640203413E-004
 ====================NCALL=40K ===========================
  
 max=   3.6222875920000988     
 min=   0.0000000000000000     
       n_pass,     n_total
      200000      203425
 max=   3.6222875920000988     
 min=   0.0000000000000000     
       n_pass,     n_total
      210000      213425
 max=   3.6222875920000988     
 min=   0.0000000000000000     
       n_pass,     n_total
      220000      223425
 max=   3.6222875920000988     
 min=   0.0000000000000000     
       n_pass,     n_total
      230000      233425
   5.5595619764840433E-002 +\-   6.6803338547212524E-006
 precision:   1.2015935577259278E-004
 ====================NCALL=80K ===========================
  
 max=   3.6222875920000988     
 min=   0.0000000000000000     
       n_pass,     n_total
      240000      245449
 max=   3.6222875920000988     
 min=   0.0000000000000000     
       n_pass,     n_total
      250000      255449
 max=   3.6222875920000988     
 min=   0.0000000000000000     
       n_pass,     n_total
      260000      265449
 max=   3.6222875920000988     
 min=   0.0000000000000000     
       n_pass,     n_total
      270000      275449
 max=   3.6222875920000988     
 min=   0.0000000000000000     
       n_pass,     n_total
      280000      285449
 max=   3.6222875920000988     
 min=   0.0000000000000000     
       n_pass,     n_total
      290000      295449
 max=   3.6222875920000988     
 min=   0.0000000000000000     
       n_pass,     n_total
      300000      305449
   5.5589267702445010E-002 +\-   3.4153840256259598E-006
 precision:   6.1439629748454832E-005
 sigma (pb)                   sd (pb)
   5.5589267702445010E-002   3.4153840256259598E-006
