 =======================================================
 |                                                     |
 |         \/\/\/\/\/\___________/\/\/\/\/\/           |
 |                   |     \     |                     |
 |                   |     /     |                     |
 |                   |     \     |                     |
 |         /\/\/\/\/\|_____/_____|/\/\/\/\/\           |
 |                                                     |
 | Light-by-light scattering at next-to-leading order  |
 |                   (VERSION 0.5)                     |
 |                                                     |
 |    Authors:                                         |
 |            Ajjath A.H. (LPTHE Paris)                |
 |            Ekta Chaubey (Bonn)                      |
 |            Mathijs Fraaije (Bern)                   |
 |            Valentin Hirschi (Bern)                  |
 |            Hua-Sheng Shao (LPTHE Paris)             |
 |                                                     |
 |    Please cite                                      |
 |            PLB 851 (2024) 138555 [arXiv:2312.16956] |
 |            JHEP 03 (2024) 121    [arXiv:2312.16966] |
 |                                                     |
 =======================================================
 ---------------------------------------------------
         the cuts in the lab frame                  
 min transverse momentum of photon    0.0000000000000000     
 max (pseudo-)rapidity of photon    5.0000000000000000     
 min (pseudo-)rapidity of photon   -5.0000000000000000     
 min invariant mass of di-photon    0.0000000000000000     
 ---------------------------------------------------
 max=   1845018.0179148989     
 min=   0.0000000000000000     
       n_pass,     n_total
       10000       10000
  
 ====================NCALL=20K===========================
  
 ITERATION            1 :
   192604.24810474136      +\-   250.86450905055702     
 precision:   1.3024868948587924E-003
 WARNING: outside the range of the grid (xs,xt)=   448.34540308898943       -448.32459983112835     
 WARNING: set the 2-loop amplitudes to zero
 max=   1857668.3606200865     
 min=   0.0000000000000000     
       n_pass,     n_total
       20000       20006
 max=   1857668.3606200865     
 min=   0.0000000000000000     
       n_pass,     n_total
       30000       30006
 ITERATION            2 :
   192083.14692971841      +\-   54.804747221090444     
 precision:   2.8531783291296781E-004
 WARNING: outside the range of the grid (xs,xt)=   448.34540308898943       -448.32336274176066     
 WARNING: set the 2-loop amplitudes to zero
 max=   1859137.4556141386     
 min=   0.0000000000000000     
       n_pass,     n_total
       40000       40027
 max=   1859137.4556141386     
 min=   0.0000000000000000     
       n_pass,     n_total
       50000       50027
 WARNING: outside the range of the grid (xs,xt)=   448.34540308898943       -2.0894881736179698E-002
 WARNING: set the 2-loop amplitudes to zero
 WARNING: outside the range of the grid (xs,xt)=   448.34540308898943       -2.1942310465764031E-002
 WARNING: set the 2-loop amplitudes to zero
 ITERATION            3 :
   191994.37943780090      +\-   44.050433556728429     
 precision:   2.2943605789772165E-004
 WARNING: outside the range of the grid (xs,xt)=   448.34540308898943       -448.32369999775233     
 WARNING: set the 2-loop amplitudes to zero
 INFO: will suppress the further warning
 max=   1875942.2180169530     
 min=   0.0000000000000000     
       n_pass,     n_total
       60000       60071
 max=   1875942.2180169530     
 min=   0.0000000000000000     
       n_pass,     n_total
       70000       70071
 ITERATION            4 :
   191994.03587655342      +\-   39.743860907119249     
 precision:   2.0700570580574386E-004
 max=   1883206.5444214004     
 min=   0.0000000000000000     
       n_pass,     n_total
       80000       80137
 max=   1883206.5444214004     
 min=   0.0000000000000000     
       n_pass,     n_total
       90000       90137
 ITERATION            5 :
   192009.99411004249      +\-   35.474379042540683     
 precision:   1.8475277397389026E-004
 max=   1883206.5444214004     
 min=   0.0000000000000000     
       n_pass,     n_total
      100000      100234
 max=   1883206.5444214004     
 min=   0.0000000000000000     
       n_pass,     n_total
      110000      110234
 ITERATION            6 :
   191988.19472130181      +\-   33.981614302119084     
 precision:   1.7699845738665461E-004
 max=   1883206.5444214004     
 min=   0.0000000000000000     
       n_pass,     n_total
      120000      120340
 max=   1883206.5444214004     
 min=   0.0000000000000000     
       n_pass,     n_total
      130000      130340
 ITERATION            7 :
   192062.11485848986      +\-   32.674987828470968     
 precision:   1.7012718959460429E-004
 max=   1888864.5772151812     
 min=   0.0000000000000000     
       n_pass,     n_total
      140000      140460
 max=   1888864.5772151812     
 min=   0.0000000000000000     
       n_pass,     n_total
      150000      150460
 ITERATION            8 :
   191952.85080151152      +\-   32.294525647485244     
 precision:   1.6824196938278004E-004
 max=   1888864.5772151812     
 min=   0.0000000000000000     
       n_pass,     n_total
      160000      160596
 max=   1888864.5772151812     
 min=   0.0000000000000000     
       n_pass,     n_total
      170000      170596
 ITERATION            9 :
   192013.13926223014      +\-   31.694460207255155     
 precision:   1.6506401764501333E-004
 max=   1888864.5772151812     
 min=   0.0000000000000000     
       n_pass,     n_total
      180000      180741
 max=   1888864.5772151812     
 min=   0.0000000000000000     
       n_pass,     n_total
      190000      190741
 ITERATION           10 :
   192041.51587004162      +\-   31.857887553141769     
 precision:   1.6589062739278025E-004
 ====================NCALL=40K ===========================
  
 max=   1888864.5772151812     
 min=   0.0000000000000000     
       n_pass,     n_total
      200000      200983
 max=   1888864.5772151812     
 min=   0.0000000000000000     
       n_pass,     n_total
      210000      210983
 max=   1888864.5772151812     
 min=   0.0000000000000000     
       n_pass,     n_total
      220000      220983
 max=   1888864.5772151812     
 min=   0.0000000000000000     
       n_pass,     n_total
      230000      230983
   192034.16484261022      +\-   15.838950857903788     
 precision:   8.2479859096350246E-005
 ====================NCALL=80K ===========================
  
 max=   1888864.5772151812     
 min=   0.0000000000000000     
       n_pass,     n_total
      240000      241476
 max=   1888864.5772151812     
 min=   0.0000000000000000     
       n_pass,     n_total
      250000      251476
 max=   1888864.5772151812     
 min=   0.0000000000000000     
       n_pass,     n_total
      260000      261476
 max=   1888864.5772151812     
 min=   0.0000000000000000     
       n_pass,     n_total
      270000      271476
 max=   1888864.5772151812     
 min=   0.0000000000000000     
       n_pass,     n_total
      280000      281476
 max=   1888864.5772151812     
 min=   0.0000000000000000     
       n_pass,     n_total
      290000      291476
 max=   1888864.5772151812     
 min=   0.0000000000000000     
       n_pass,     n_total
      300000      301476
 max=   1888864.5772151812     
 min=   0.0000000000000000     
       n_pass,     n_total
      310000      311476
   192010.10566219845      +\-   7.3537473645839642     
 precision:   3.8298751720502365E-005
 sigma (pb)                   sd (pb)
   192010.10566219845        7.3537473645839642     
