 =======================================================
 |                                                     |
 |         \/\/\/\/\/\___________/\/\/\/\/\/           |
 |                   |     \     |                     |
 |                   |     /     |                     |
 |                   |     \     |                     |
 |         /\/\/\/\/\|_____/_____|/\/\/\/\/\           |
 |                                                     |
 | Light-by-light scattering at next-to-leading order  |
 |                   (VERSION 0.5)                     |
 |                                                     |
 |    Authors:                                         |
 |            Ajjath A.H. (LPTHE Paris)                |
 |            Ekta Chaubey (Bonn)                      |
 |            Mathijs Fraaije (Bern)                   |
 |            Valentin Hirschi (Bern)                  |
 |            Hua-Sheng Shao (LPTHE Paris)             |
 |                                                     |
 |    Please cite                                      |
 |            PLB 851 (2024) 138555 [arXiv:2312.16956] |
 |            JHEP 03 (2024) 121    [arXiv:2312.16966] |
 |                                                     |
 =======================================================
 ---------------------------------------------------
         the cuts in the lab frame                  
 min transverse momentum of photon    0.0000000000000000     
 max (pseudo-)rapidity of photon    5.0000000000000000     
 min (pseudo-)rapidity of photon   -5.0000000000000000     
 min invariant mass of di-photon    0.0000000000000000     
 ---------------------------------------------------
 WARNING: outside the range of the grid (xs,xt)=   2.0899560041331026E-002  -2.0899559832336382E-002
 WARNING: set the 2-loop amplitudes to zero
 WARNING: outside the range of the grid (xs,xt)=   2.0843134835501782E-002  -2.0843134627071387E-002
 WARNING: set the 2-loop amplitudes to zero
 WARNING: outside the range of the grid (xs,xt)=   2.0939344377291311E-002  -2.0939344167898825E-002
 WARNING: set the 2-loop amplitudes to zero
 WARNING: outside the range of the grid (xs,xt)=   2.0914076473612986E-002  -2.0914076264473180E-002
 WARNING: set the 2-loop amplitudes to zero
 WARNING: outside the range of the grid (xs,xt)=   2.0955416783504939E-002  -2.0955416573951734E-002
 WARNING: set the 2-loop amplitudes to zero
 INFO: will suppress the further warning
 max=   3.0451780678989425E-002
 min=   0.0000000000000000     
       n_pass,     n_total
       10000       10000
  
 ====================NCALL=20K===========================
  
 ITERATION            1 :
   2.1791631808728010E-002 +\-   1.6611406138561539E-006
 precision:   7.6228371901494399E-005
 max=   3.1119108919597838E-002
 min=   0.0000000000000000     
       n_pass,     n_total
       20000       20002
 max=   3.1119108919597838E-002
 min=   0.0000000000000000     
       n_pass,     n_total
       30000       30002
 ITERATION            2 :
   2.1792130889249577E-002 +\-   1.5207773087571890E-006
 precision:   6.9785617408686456E-005
 max=   3.1187096385995532E-002
 min=   0.0000000000000000     
       n_pass,     n_total
       40000       40012
 max=   3.1187096385995532E-002
 min=   0.0000000000000000     
       n_pass,     n_total
       50000       50012
 ITERATION            3 :
   2.1790282831136036E-002 +\-   1.2850764642660469E-006
 precision:   5.8974749168001020E-005
 max=   3.1189668469739140E-002
 min=   0.0000000000000000     
       n_pass,     n_total
       60000       60035
 max=   3.1189668469739140E-002
 min=   0.0000000000000000     
       n_pass,     n_total
       70000       70035
 ITERATION            4 :
   2.1791055075583658E-002 +\-   1.1079617192630465E-006
 precision:   5.0844794592093447E-005
 max=   3.1189668469739140E-002
 min=   0.0000000000000000     
       n_pass,     n_total
       80000       80062
 max=   3.1189668469739140E-002
 min=   0.0000000000000000     
       n_pass,     n_total
       90000       90062
 ITERATION            5 :
   2.1792206595888156E-002 +\-   1.0059539520042769E-006
 precision:   4.6161179115936080E-005
 max=   3.1189843734468165E-002
 min=   0.0000000000000000     
       n_pass,     n_total
      100000      100093
 max=   3.1189843734468165E-002
 min=   0.0000000000000000     
       n_pass,     n_total
      110000      110093
 ITERATION            6 :
   2.1790997841321134E-002 +\-   9.4138220567283451E-007
 precision:   4.3200509335453215E-005
 max=   3.1190168883784012E-002
 min=   0.0000000000000000     
       n_pass,     n_total
      120000      120121
 max=   3.1190168883784012E-002
 min=   0.0000000000000000     
       n_pass,     n_total
      130000      130121
 ITERATION            7 :
   2.1792053999333889E-002 +\-   8.9768564042817050E-007
 precision:   4.1193255140410803E-005
 max=   3.1190168883784012E-002
 min=   0.0000000000000000     
       n_pass,     n_total
      140000      140155
 max=   3.1190168883784012E-002
 min=   0.0000000000000000     
       n_pass,     n_total
      150000      150155
 ITERATION            8 :
   2.1791398847148161E-002 +\-   9.3145320790747201E-007
 precision:   4.2744075974240235E-005
 max=   3.1190350119932864E-002
 min=   0.0000000000000000     
       n_pass,     n_total
      160000      160204
 max=   3.1190350119932864E-002
 min=   0.0000000000000000     
       n_pass,     n_total
      170000      170204
 ITERATION            9 :
   2.1790898645303518E-002 +\-   9.5116132054992976E-007
 precision:   4.3649476601779738E-005
 max=   3.1190350119932864E-002
 min=   0.0000000000000000     
       n_pass,     n_total
      180000      180249
 max=   3.1190350119932864E-002
 min=   0.0000000000000000     
       n_pass,     n_total
      190000      190249
 ITERATION           10 :
   2.1791545025827846E-002 +\-   9.3661101932369175E-007
 precision:   4.2980477896982456E-005
 ====================NCALL=40K ===========================
  
 max=   3.1190350119932864E-002
 min=   0.0000000000000000     
       n_pass,     n_total
      200000      200331
 max=   3.1190350119932864E-002
 min=   0.0000000000000000     
       n_pass,     n_total
      210000      210331
 max=   3.1190350119932864E-002
 min=   0.0000000000000000     
       n_pass,     n_total
      220000      220331
 max=   3.1190350119932864E-002
 min=   0.0000000000000000     
       n_pass,     n_total
      230000      230331
   2.1791496497571582E-002 +\-   4.8629218466685488E-007
 precision:   2.2315685603374998E-005
 ====================NCALL=80K ===========================
  
 max=   3.1190441784933715E-002
 min=   0.0000000000000000     
       n_pass,     n_total
      240000      240513
 max=   3.1190441784933715E-002
 min=   0.0000000000000000     
       n_pass,     n_total
      250000      250513
 max=   3.1190441784933715E-002
 min=   0.0000000000000000     
       n_pass,     n_total
      260000      260513
 max=   3.1190441784933715E-002
 min=   0.0000000000000000     
       n_pass,     n_total
      270000      270513
 max=   3.1190441784933715E-002
 min=   0.0000000000000000     
       n_pass,     n_total
      280000      280513
 max=   3.1190441784933715E-002
 min=   0.0000000000000000     
       n_pass,     n_total
      290000      290513
 max=   3.1190441784933715E-002
 min=   0.0000000000000000     
       n_pass,     n_total
      300000      300513
 max=   3.1190441784933715E-002
 min=   0.0000000000000000     
       n_pass,     n_total
      310000      310513
   2.1790689275712566E-002 +\-   2.4677434277254673E-007
 precision:   1.1324760756769457E-005
 sigma (pb)                   sd (pb)
   2.1790689275712566E-002   2.4677434277254673E-007
