 =======================================================
 |                                                     |
 |         \/\/\/\/\/\___________/\/\/\/\/\/           |
 |                   |     \     |                     |
 |                   |     /     |                     |
 |                   |     \     |                     |
 |         /\/\/\/\/\|_____/_____|/\/\/\/\/\           |
 |                                                     |
 | Light-by-light scattering at next-to-leading order  |
 |                   (VERSION 0.5)                     |
 |                                                     |
 |    Authors:                                         |
 |            Ajjath A.H. (LPTHE Paris)                |
 |            Ekta Chaubey (Bonn)                      |
 |            Mathijs Fraaije (Bern)                   |
 |            Valentin Hirschi (Bern)                  |
 |            Hua-Sheng Shao (LPTHE Paris)             |
 |                                                     |
 |    Please cite                                      |
 |            PLB 851 (2024) 138555 [arXiv:2312.16956] |
 |            JHEP 03 (2024) 121    [arXiv:2312.16966] |
 |                                                     |
 =======================================================
 ---------------------------------------------------
         the cuts in the lab frame                  
 min transverse momentum of photon    0.0000000000000000     
 max (pseudo-)rapidity of photon    5.0000000000000000     
 min (pseudo-)rapidity of photon   -5.0000000000000000     
 min invariant mass of di-photon    0.0000000000000000     
 ---------------------------------------------------
 max=  0.55063156276135217     
 min=   0.0000000000000000     
       n_pass,     n_total
       10000       10000
  
 ====================NCALL=20K===========================
  
 ITERATION            1 :
   2.1756435203887713E-002 +\-   9.2125350072307856E-005
 precision:   4.2343954424962846E-003
 max=  0.55692982727345863     
 min=   0.0000000000000000     
       n_pass,     n_total
       20000       20007
 max=  0.55692982727345863     
 min=   0.0000000000000000     
       n_pass,     n_total
       30000       30007
 ITERATION            2 :
   2.1571571408023165E-002 +\-   1.3788011618270206E-005
 precision:   6.3917511420340939E-004
 WARNING: outside the range of the grid (xs,xt)=   22811316.551570501       -22810247.928811640     
 WARNING: set the 2-loop amplitudes to zero
 WARNING: outside the range of the grid (xs,xt)=   22145328.719723180       -22144291.295941923     
 WARNING: set the 2-loop amplitudes to zero
 WARNING: outside the range of the grid (xs,xt)=   10662224.073302791       -10661724.588966625     
 WARNING: set the 2-loop amplitudes to zero
 WARNING: outside the range of the grid (xs,xt)=   1137777.7777777778       -1137724.4772492829     
 WARNING: set the 2-loop amplitudes to zero
 WARNING: outside the range of the grid (xs,xt)=   113462.60387811634       -113457.28858995620     
 WARNING: set the 2-loop amplitudes to zero
 INFO: will suppress the further warning
 max=  0.55779924119660407     
 min=   0.0000000000000000     
       n_pass,     n_total
       40000       40035
 max=  0.55779924119660407     
 min=   0.0000000000000000     
       n_pass,     n_total
       50000       50035
 ITERATION            3 :
   2.1557536921871998E-002 +\-   9.7496154360766678E-006
 precision:   4.5226017570610462E-004
 max=  0.55779924119660407     
 min=   0.0000000000000000     
       n_pass,     n_total
       60000       60106
 max=  0.55779924119660407     
 min=   0.0000000000000000     
       n_pass,     n_total
       70000       70106
 ITERATION            4 :
   2.1557933961109912E-002 +\-   8.0569215456133709E-006
 precision:   3.7373347372470379E-004
 max=  0.55834783318625059     
 min=   0.0000000000000000     
       n_pass,     n_total
       80000       80234
 max=  0.55834783318625059     
 min=   0.0000000000000000     
       n_pass,     n_total
       90000       90234
 ITERATION            5 :
   2.1556018812486602E-002 +\-   6.7704803138957397E-006
 precision:   3.1408769739864264E-004
 max=  0.55834783318625059     
 min=   0.0000000000000000     
       n_pass,     n_total
      100000      100429
 max=  0.55834783318625059     
 min=   0.0000000000000000     
       n_pass,     n_total
      110000      110429
 ITERATION            6 :
   2.1552858431965419E-002 +\-   6.2125006296728371E-006
 precision:   2.8824485853157043E-004
 max=  0.55834783318625059     
 min=   0.0000000000000000     
       n_pass,     n_total
      120000      120636
 max=  0.55834783318625059     
 min=   0.0000000000000000     
       n_pass,     n_total
      130000      130636
 ITERATION            7 :
   2.1566668311970190E-002 +\-   5.9815305815706869E-006
 precision:   2.7735070132509744E-004
 max=  0.55859455434741223     
 min=   0.0000000000000000     
       n_pass,     n_total
      140000      140875
 max=  0.55859455434741223     
 min=   0.0000000000000000     
       n_pass,     n_total
      150000      150875
 ITERATION            8 :
   2.1549433204105208E-002 +\-   5.9058994100148060E-006
 precision:   2.7406286532351677E-004
 max=  0.55859455434741223     
 min=   0.0000000000000000     
       n_pass,     n_total
      160000      161113
 max=  0.55859455434741223     
 min=   0.0000000000000000     
       n_pass,     n_total
      170000      171113
 ITERATION            9 :
   2.1556099276972482E-002 +\-   5.7226812307368036E-006
 precision:   2.6547851525485016E-004
 max=  0.55859455434741223     
 min=   0.0000000000000000     
       n_pass,     n_total
      180000      181376
 max=  0.55859455434741223     
 min=   0.0000000000000000     
       n_pass,     n_total
      190000      191376
 ITERATION           10 :
   2.1561615940870613E-002 +\-   5.7663136827046751E-006
 precision:   2.6743420801659282E-004
 ====================NCALL=40K ===========================
  
 max=  0.55859455434741223     
 min=   0.0000000000000000     
       n_pass,     n_total
      200000      201766
 max=  0.55859455434741223     
 min=   0.0000000000000000     
       n_pass,     n_total
      210000      211766
 max=  0.55859455434741223     
 min=   0.0000000000000000     
       n_pass,     n_total
      220000      221766
 max=  0.55859455434741223     
 min=   0.0000000000000000     
       n_pass,     n_total
      230000      231766
   2.1561760007749009E-002 +\-   2.6720735386375326E-006
 precision:   1.2392650403664752E-004
 ====================NCALL=80K ===========================
  
 max=  0.55859455434741223     
 min=   0.0000000000000000     
       n_pass,     n_total
      240000      242331
 max=  0.55859455434741223     
 min=   0.0000000000000000     
       n_pass,     n_total
      250000      252331
 max=  0.55859455434741223     
 min=   0.0000000000000000     
       n_pass,     n_total
      260000      262331
 max=  0.55859455434741223     
 min=   0.0000000000000000     
       n_pass,     n_total
      270000      272331
 max=  0.55859455434741223     
 min=   0.0000000000000000     
       n_pass,     n_total
      280000      282331
 max=  0.55859455434741223     
 min=   0.0000000000000000     
       n_pass,     n_total
      290000      292331
 max=  0.55859455434741223     
 min=   0.0000000000000000     
       n_pass,     n_total
      300000      302331
 max=  0.55859455434741223     
 min=   0.0000000000000000     
       n_pass,     n_total
      310000      312331
   2.1558241716170781E-002 +\-   1.5233296061029839E-006
 precision:   7.0661124694614504E-005
 sigma (pb)                   sd (pb)
   2.1558241716170781E-002   1.5233296061029839E-006
