 =======================================================
 |                                                     |
 |         \/\/\/\/\/\___________/\/\/\/\/\/           |
 |                   |     \     |                     |
 |                   |     /     |                     |
 |                   |     \     |                     |
 |         /\/\/\/\/\|_____/_____|/\/\/\/\/\           |
 |                                                     |
 | Light-by-light scattering at next-to-leading order  |
 |                   (VERSION 0.5)                     |
 |                                                     |
 |    Authors:                                         |
 |            Ajjath A.H. (LPTHE Paris)                |
 |            Ekta Chaubey (Bonn)                      |
 |            Mathijs Fraaije (Bern)                   |
 |            Valentin Hirschi (Bern)                  |
 |            Hua-Sheng Shao (LPTHE Paris)             |
 |                                                     |
 |    Please cite                                      |
 |            PLB 851 (2024) 138555 [arXiv:2312.16956] |
 |            JHEP 03 (2024) 121    [arXiv:2312.16966] |
 |                                                     |
 =======================================================
 ---------------------------------------------------
         the cuts in the lab frame                  
 min transverse momentum of photon    0.0000000000000000     
 max (pseudo-)rapidity of photon    5.0000000000000000     
 min (pseudo-)rapidity of photon   -5.0000000000000000     
 min invariant mass of di-photon    0.0000000000000000     
 ---------------------------------------------------
 max=   67656.780720140741     
 min=   0.0000000000000000     
       n_pass,     n_total
       10000       10000
  
 ====================NCALL=20K===========================
  
 ITERATION            1 :
   971.50966346263965      +\-   8.2792133690713055     
 precision:   8.5220082521491984E-003
 WARNING: outside the range of the grid (xs,xt)=  0.21907988416128310      -0.21906944070926879     
 WARNING: set the 2-loop amplitudes to zero
 WARNING: outside the range of the grid (xs,xt)=  0.21268373702422141      -0.21267359847402847     
 WARNING: set the 2-loop amplitudes to zero
 WARNING: outside the range of the grid (xs,xt)=  0.10240000000000000      -0.10239511863222697     
 WARNING: set the 2-loop amplitudes to zero
 WARNING: outside the range of the grid (xs,xt)=   1.0927217777777777E-002  -1.0926696881598976E-002
 WARNING: set the 2-loop amplitudes to zero
 WARNING: outside the range of the grid (xs,xt)=   94156.502158003379       -94152.013754534099     
 WARNING: set the 2-loop amplitudes to zero
 INFO: will suppress the further warning
 max=   74382.228243580379     
 min=   0.0000000000000000     
       n_pass,     n_total
       20000       20009
 max=   74382.228243580379     
 min=   0.0000000000000000     
       n_pass,     n_total
       30000       30009
 ITERATION            2 :
   961.81954967223191      +\-   2.1101310624114982     
 precision:   2.1938949599543769E-003
 max=   75856.793054243171     
 min=   0.0000000000000000     
       n_pass,     n_total
       40000       40044
 max=   75856.793054243171     
 min=   0.0000000000000000     
       n_pass,     n_total
       50000       50044
 ITERATION            3 :
   961.69100691062101      +\-  0.70834879803947637     
 precision:   7.3656589585360430E-004
 max=   76270.828252468244     
 min=   0.0000000000000000     
       n_pass,     n_total
       60000       60180
 max=   76270.828252468244     
 min=   0.0000000000000000     
       n_pass,     n_total
       70000       70180
 ITERATION            4 :
   962.03055848852568      +\-  0.43892688229663279     
 precision:   4.5625045735162885E-004
 max=   76348.609483645661     
 min=   0.0000000000000000     
       n_pass,     n_total
       80000       80503
 max=   76348.609483645661     
 min=   0.0000000000000000     
       n_pass,     n_total
       90000       90503
 ITERATION            5 :
   961.69840609631956      +\-  0.29766706463203924     
 precision:   3.0952226056016379E-004
 max=   76348.609483645661     
 min=   0.0000000000000000     
       n_pass,     n_total
      100000      100983
 max=   76348.609483645661     
 min=   0.0000000000000000     
       n_pass,     n_total
      110000      110983
 ITERATION            6 :
   961.71705786876259      +\-  0.25816092035282512     
 precision:   2.6843749753688382E-004
 max=   76354.040206620790     
 min=   0.0000000000000000     
       n_pass,     n_total
      120000      121526
 max=   76354.040206620790     
 min=   0.0000000000000000     
       n_pass,     n_total
      130000      131526
 ITERATION            7 :
   962.02940199996851      +\-  0.25604632349011180     
 precision:   2.6615228490710948E-004
 max=   76354.040206620790     
 min=   0.0000000000000000     
       n_pass,     n_total
      140000      142237
 max=   76354.040206620790     
 min=   0.0000000000000000     
       n_pass,     n_total
      150000      152237
 ITERATION            8 :
   961.29108096423624      +\-  0.24695064246034959     
 precision:   2.5689476096318539E-004
 max=   76354.040206620790     
 min=   0.0000000000000000     
       n_pass,     n_total
      160000      162870
 max=   76354.040206620790     
 min=   0.0000000000000000     
       n_pass,     n_total
      170000      172870
 ITERATION            9 :
   961.76360989310353      +\-  0.24329976601814390     
 precision:   2.5297252205787427E-004
 max=   76354.040206620790     
 min=   0.0000000000000000     
       n_pass,     n_total
      180000      183600
 max=   76354.040206620790     
 min=   0.0000000000000000     
       n_pass,     n_total
      190000      193600
 ITERATION           10 :
   961.97435590167800      +\-  0.23769941434064762     
 precision:   2.4709537513382794E-004
 ====================NCALL=40K ===========================
  
 max=   76354.040206620790     
 min=   0.0000000000000000     
       n_pass,     n_total
      200000      204393
 max=   76354.040206620790     
 min=   0.0000000000000000     
       n_pass,     n_total
      210000      214393
 max=   76354.040206620790     
 min=   0.0000000000000000     
       n_pass,     n_total
      220000      224393
 max=   76354.040206620790     
 min=   0.0000000000000000     
       n_pass,     n_total
      230000      234393
   961.86724380136411      +\-  0.13061772860891940     
 precision:   1.3579600454290277E-004
 ====================NCALL=80K ===========================
  
 max=   76354.040206620790     
 min=   0.0000000000000000     
       n_pass,     n_total
      240000      247089
 max=   76354.040206620790     
 min=   0.0000000000000000     
       n_pass,     n_total
      250000      257089
 max=   76354.040206620790     
 min=   0.0000000000000000     
       n_pass,     n_total
      260000      267089
 max=   76354.040206620790     
 min=   0.0000000000000000     
       n_pass,     n_total
      270000      277089
 max=   76354.040206620790     
 min=   0.0000000000000000     
       n_pass,     n_total
      280000      287089
 max=   76354.040206620790     
 min=   0.0000000000000000     
       n_pass,     n_total
      290000      297089
 max=   76354.040206620790     
 min=   0.0000000000000000     
       n_pass,     n_total
      300000      307089
   961.78909682135486      +\-   5.7900644345103967E-002
 precision:   6.0200978090167079E-005
 sigma (pb)                   sd (pb)
   961.78909682135486        5.7900644345103967E-002
