 =======================================================
 |                                                     |
 |         \/\/\/\/\/\___________/\/\/\/\/\/           |
 |                   |     \     |                     |
 |                   |     /     |                     |
 |                   |     \     |                     |
 |         /\/\/\/\/\|_____/_____|/\/\/\/\/\           |
 |                                                     |
 | Light-by-light scattering at next-to-leading order  |
 |                   (VERSION 0.5)                     |
 |                                                     |
 |    Authors:                                         |
 |            Ajjath A.H. (LPTHE Paris)                |
 |            Ekta Chaubey (Bonn)                      |
 |            Mathijs Fraaije (Bern)                   |
 |            Valentin Hirschi (Bern)                  |
 |            Hua-Sheng Shao (LPTHE Paris)             |
 |                                                     |
 |    Please cite                                      |
 |            PLB 851 (2024) 138555 [arXiv:2312.16956] |
 |            JHEP 03 (2024) 121    [arXiv:2312.16966] |
 |                                                     |
 =======================================================
 ---------------------------------------------------
         the cuts in the lab frame                  
 min transverse momentum of photon    0.0000000000000000     
 max (pseudo-)rapidity of photon    5.0000000000000000     
 min (pseudo-)rapidity of photon   -5.0000000000000000     
 min invariant mass of di-photon    0.0000000000000000     
 ---------------------------------------------------
 WARNING: outside the range of the grid (xs,xt)=  0.72112036218030118      -0.72112035497023197     
 WARNING: set the 2-loop amplitudes to zero
 WARNING: outside the range of the grid (xs,xt)=  0.72115221939442975      -0.72115221218404202     
 WARNING: set the 2-loop amplitudes to zero
 WARNING: outside the range of the grid (xs,xt)=  0.72112230138555833      -0.72112229417546980     
 WARNING: set the 2-loop amplitudes to zero
 WARNING: outside the range of the grid (xs,xt)=  0.72103011373855763      -0.72103010652939048     
 WARNING: set the 2-loop amplitudes to zero
 WARNING: outside the range of the grid (xs,xt)=  0.72127691238656499      -0.72127690517493082     
 WARNING: set the 2-loop amplitudes to zero
 INFO: will suppress the further warning
 max=   1299.4222918205367     
 min=   0.0000000000000000     
       n_pass,     n_total
       10000       10000
  
 ====================NCALL=20K===========================
  
 ITERATION            1 :
   944.91229468356096      +\-   2.6171278755961806E-002
 precision:   2.7697045432905741E-005
 max=   1299.4222918205367     
 min=   0.0000000000000000     
       n_pass,     n_total
       20000       20002
 max=   1299.4222918205367     
 min=   0.0000000000000000     
       n_pass,     n_total
       30000       30002
 ITERATION            2 :
   944.84487839760607      +\-   5.2705315933908869E-002
 precision:   5.5781977697009452E-005
 max=   1299.5444963837676     
 min=   0.0000000000000000     
       n_pass,     n_total
       40000       40012
 max=   1299.5444963837676     
 min=   0.0000000000000000     
       n_pass,     n_total
       50000       50012
 ITERATION            3 :
   944.86569298170082      +\-   4.0755297319417225E-002
 precision:   4.3133429038794118E-005
 max=   1300.0990761691194     
 min=   0.0000000000000000     
       n_pass,     n_total
       60000       60039
 max=   1300.0990761691194     
 min=   0.0000000000000000     
       n_pass,     n_total
       70000       70039
 ITERATION            4 :
   944.81884583322608      +\-   2.7560814573701624E-002
 precision:   2.9170475054819660E-005
 max=   1300.0990761691194     
 min=   0.0000000000000000     
       n_pass,     n_total
       80000       80075
 max=   1300.0990761691194     
 min=   0.0000000000000000     
       n_pass,     n_total
       90000       90075
 ITERATION            5 :
   944.81482839219541      +\-   4.3850598234518222E-002
 precision:   4.6411843799212380E-005
 max=   1300.0990761691194     
 min=   0.0000000000000000     
       n_pass,     n_total
      100000      100117
 max=   1300.0990761691194     
 min=   0.0000000000000000     
       n_pass,     n_total
      110000      110117
 ITERATION            6 :
   944.74355005806092      +\-   4.4724976683217045E-002
 precision:   4.7340864809787154E-005
 max=   1300.0990761691194     
 min=   0.0000000000000000     
       n_pass,     n_total
      120000      120146
 max=   1300.0990761691194     
 min=   0.0000000000000000     
       n_pass,     n_total
      130000      130146
 ITERATION            7 :
   944.79800176066044      +\-   3.2949100109728159E-002
 precision:   3.4874227134611302E-005
 max=   1300.0990761691194     
 min=   0.0000000000000000     
       n_pass,     n_total
      140000      140185
 max=   1300.0990761691194     
 min=   0.0000000000000000     
       n_pass,     n_total
      150000      150185
 ITERATION            8 :
   944.74899568243097      +\-   2.8527216839954708E-002
 precision:   3.0195551379600386E-005
 max=   1300.1106357324697     
 min=   0.0000000000000000     
       n_pass,     n_total
      160000      160247
 max=   1300.1106357324697     
 min=   0.0000000000000000     
       n_pass,     n_total
      170000      170247
 ITERATION            9 :
   944.79227394033944      +\-   2.6042312843389724E-002
 precision:   2.7564062028976975E-005
 max=   1300.1424380688306     
 min=   0.0000000000000000     
       n_pass,     n_total
      180000      180320
 max=   1300.1424380688306     
 min=   0.0000000000000000     
       n_pass,     n_total
      190000      190320
 ITERATION           10 :
   944.80069392224357      +\-   2.6185446852368368E-002
 precision:   2.7715312891719161E-005
 ====================NCALL=40K ===========================
  
 max=   1300.1448223691871     
 min=   0.0000000000000000     
       n_pass,     n_total
      200000      200488
 max=   1300.1448223691871     
 min=   0.0000000000000000     
       n_pass,     n_total
      210000      210488
 max=   1300.1448223691871     
 min=   0.0000000000000000     
       n_pass,     n_total
      220000      220488
 max=   1300.1448223691871     
 min=   0.0000000000000000     
       n_pass,     n_total
      230000      230488
   944.78854353626150      +\-   1.3084100056268632E-002
 precision:   1.3848707359739971E-005
 ====================NCALL=80K ===========================
  
 max=   1300.1448223691871     
 min=   0.0000000000000000     
       n_pass,     n_total
      240000      240877
 max=   1300.1448223691871     
 min=   0.0000000000000000     
       n_pass,     n_total
      250000      250877
 max=   1300.1448223691871     
 min=   0.0000000000000000     
       n_pass,     n_total
      260000      260877
 max=   1300.1448223691871     
 min=   0.0000000000000000     
       n_pass,     n_total
      270000      270877
 max=   1300.1448223691871     
 min=   0.0000000000000000     
       n_pass,     n_total
      280000      280877
 max=   1300.1448223691871     
 min=   0.0000000000000000     
       n_pass,     n_total
      290000      290877
 max=   1300.1448223691871     
 min=   0.0000000000000000     
       n_pass,     n_total
      300000      300877
 max=   1300.1448223691871     
 min=   0.0000000000000000     
       n_pass,     n_total
      310000      310877
   944.77452994375744      +\-   6.1833454011725152E-003
 precision:   6.5447841841593792E-006
 sigma (pb)                   sd (pb)
   944.77452994375744        6.1833454011725152E-003
