 =======================================================
 |                                                     |
 |         \/\/\/\/\/\___________/\/\/\/\/\/           |
 |                   |     \     |                     |
 |                   |     /     |                     |
 |                   |     \     |                     |
 |         /\/\/\/\/\|_____/_____|/\/\/\/\/\           |
 |                                                     |
 | Light-by-light scattering at next-to-leading order  |
 |                   (VERSION 0.5)                     |
 |                                                     |
 |    Authors:                                         |
 |            Ajjath A.H. (LPTHE Paris)                |
 |            Ekta Chaubey (Bonn)                      |
 |            Mathijs Fraaije (Bern)                   |
 |            Valentin Hirschi (Bern)                  |
 |            Hua-Sheng Shao (LPTHE Paris)             |
 |                                                     |
 |    Please cite                                      |
 |            PLB 851 (2024) 138555 [arXiv:2312.16956] |
 |            JHEP 03 (2024) 121    [arXiv:2312.16966] |
 |                                                     |
 =======================================================
 ---------------------------------------------------
         the cuts in the lab frame                  
 min transverse momentum of photon    0.0000000000000000     
 max (pseudo-)rapidity of photon    5.0000000000000000     
 min (pseudo-)rapidity of photon   -5.0000000000000000     
 min invariant mass of di-photon    0.0000000000000000     
 ---------------------------------------------------
 max=   3.7683877564761522E-006
 min=   0.0000000000000000     
       n_pass,     n_total
       10000       10000
  
 ====================NCALL=20K===========================
  
 ITERATION            1 :
   1.4379224326636934E-006 +\-   1.0332471672156095E-009
 precision:   7.1856947478144610E-004
 max=   9.3079307861158774E-006
 min=   0.0000000000000000     
       n_pass,     n_total
       20000       20000
 max=   9.3079307861158774E-006
 min=   0.0000000000000000     
       n_pass,     n_total
       30000       30000
 ITERATION            2 :
   1.4355149390641186E-006 +\-   9.5338895566920065E-010
 precision:   6.6414422429540221E-004
 max=   9.3129754378115357E-006
 min=   0.0000000000000000     
       n_pass,     n_total
       40000       40000
 max=   9.3129754378115357E-006
 min=   0.0000000000000000     
       n_pass,     n_total
       50000       50000
 ITERATION            3 :
   1.4343618230055126E-006 +\-   4.6534560881005042E-010
 precision:   3.2442693422708447E-004
 max=   9.3129754378115357E-006
 min=   0.0000000000000000     
       n_pass,     n_total
       60000       60002
 max=   9.3129754378115357E-006
 min=   0.0000000000000000     
       n_pass,     n_total
       70000       70002
 ITERATION            4 :
   1.4350624916305809E-006 +\-   4.5752791516570825E-010
 precision:   3.1882090001937477E-004
 max=   9.3129754378115357E-006
 min=   0.0000000000000000     
       n_pass,     n_total
       80000       80003
 max=   9.3129754378115357E-006
 min=   0.0000000000000000     
       n_pass,     n_total
       90000       90003
 ITERATION            5 :
   1.4347105990662424E-006 +\-   3.6996469096663632E-010
 precision:   2.5786712052411245E-004
 max=   9.3129754378115357E-006
 min=   0.0000000000000000     
       n_pass,     n_total
      100000      100005
 max=   9.3129754378115357E-006
 min=   0.0000000000000000     
       n_pass,     n_total
      110000      110005
 ITERATION            6 :
   1.4348635074461046E-006 +\-   3.5806322578697276E-010
 precision:   2.4954514762472771E-004
 max=   9.3129754378115357E-006
 min=   0.0000000000000000     
       n_pass,     n_total
      120000      120007
 max=   9.3129754378115357E-006
 min=   0.0000000000000000     
       n_pass,     n_total
      130000      130007
 ITERATION            7 :
   1.4349017643306082E-006 +\-   3.0573154607973524E-010
 precision:   2.1306792818835313E-004
 max=   9.3130740858774835E-006
 min=   0.0000000000000000     
       n_pass,     n_total
      140000      140009
 max=   9.3130740858774835E-006
 min=   0.0000000000000000     
       n_pass,     n_total
      150000      150009
 ITERATION            8 :
   1.4345556661687513E-006 +\-   4.1027828131050250E-010
 precision:   2.8599676609707814E-004
 max=   9.3130957615622546E-006
 min=   0.0000000000000000     
       n_pass,     n_total
      160000      160013
 max=   9.3130957615622546E-006
 min=   0.0000000000000000     
       n_pass,     n_total
      170000      170013
 ITERATION            9 :
   1.4341060925364639E-006 +\-   8.0293328334768966E-010
 precision:   5.5988415886830498E-004
 max=   9.3130957615622546E-006
 min=   0.0000000000000000     
       n_pass,     n_total
      180000      180016
 max=   9.3130957615622546E-006
 min=   0.0000000000000000     
       n_pass,     n_total
      190000      190016
 ITERATION           10 :
   1.4346943724297548E-006 +\-   5.8972905376895581E-010
 precision:   4.1104855856527033E-004
 ====================NCALL=40K ===========================
  
 max=   9.3130957615622546E-006
 min=   0.0000000000000000     
       n_pass,     n_total
      200000      200018
 max=   9.3130957615622546E-006
 min=   0.0000000000000000     
       n_pass,     n_total
      210000      210018
 max=   9.3130957615622546E-006
 min=   0.0000000000000000     
       n_pass,     n_total
      220000      220018
 max=   9.3130957615622546E-006
 min=   0.0000000000000000     
       n_pass,     n_total
      230000      230018
   1.4344996898494371E-006 +\-   1.8327910911614095E-010
 precision:   1.2776517862849983E-004
 ====================NCALL=80K ===========================
  
 max=   9.3130957615622546E-006
 min=   0.0000000000000000     
       n_pass,     n_total
      240000      240023
 max=   9.3130957615622546E-006
 min=   0.0000000000000000     
       n_pass,     n_total
      250000      250023
 max=   9.3130957615622546E-006
 min=   0.0000000000000000     
       n_pass,     n_total
      260000      260023
 max=   9.3130957615622546E-006
 min=   0.0000000000000000     
       n_pass,     n_total
      270000      270023
 max=   9.3130957615622546E-006
 min=   0.0000000000000000     
       n_pass,     n_total
      280000      280023
 max=   9.3130957615622546E-006
 min=   0.0000000000000000     
       n_pass,     n_total
      290000      290023
 max=   9.3130957615622546E-006
 min=   0.0000000000000000     
       n_pass,     n_total
      300000      300023
 max=   9.3130957615622546E-006
 min=   0.0000000000000000     
       n_pass,     n_total
      310000      310023
   1.4347301774574731E-006 +\-   9.7936353559524814E-011
 precision:   6.8261165129376917E-005
 sigma (pb)                   sd (pb)
   1.4347301774574731E-006   9.7936353559524814E-011
