 =======================================================
 |                                                     |
 |         \/\/\/\/\/\___________/\/\/\/\/\/           |
 |                   |     \     |                     |
 |                   |     /     |                     |
 |                   |     \     |                     |
 |         /\/\/\/\/\|_____/_____|/\/\/\/\/\           |
 |                                                     |
 | Light-by-light scattering at next-to-leading order  |
 |                   (VERSION 0.5)                     |
 |                                                     |
 |    Authors:                                         |
 |            Ajjath A.H. (LPTHE Paris)                |
 |            Ekta Chaubey (Bonn)                      |
 |            Mathijs Fraaije (Bern)                   |
 |            Valentin Hirschi (Bern)                  |
 |            Hua-Sheng Shao (LPTHE Paris)             |
 |                                                     |
 |    Please cite                                      |
 |            PLB 851 (2024) 138555 [arXiv:2312.16956] |
 |            JHEP 03 (2024) 121    [arXiv:2312.16966] |
 |                                                     |
 =======================================================
 ---------------------------------------------------
         the cuts in the lab frame                  
 min transverse momentum of photon    0.0000000000000000     
 max (pseudo-)rapidity of photon    5.0000000000000000     
 min (pseudo-)rapidity of photon   -5.0000000000000000     
 min invariant mass of di-photon    0.0000000000000000     
 ---------------------------------------------------
 max=   1455732.9999451556     
 min=   0.0000000000000000     
       n_pass,     n_total
       10000       10000
  
 ====================NCALL=20K===========================
  
 ITERATION            1 :
   108041.52052660297      +\-   233.30146058866805     
 precision:   2.1593685413861096E-003
 max=   1462366.9358299139     
 min=   0.0000000000000000     
       n_pass,     n_total
       20000       20007
 max=   1462366.9358299139     
 min=   0.0000000000000000     
       n_pass,     n_total
       30000       30007
 ITERATION            2 :
   107565.79451060937      +\-   41.006163811318139     
 precision:   3.8121936437027519E-004
 WARNING: outside the range of the grid (xs,xt)=   836.57921040437202       -836.53739486455788     
 WARNING: set the 2-loop amplitudes to zero
 WARNING: outside the range of the grid (xs,xt)=   1.6987237510459142E-002  -1.6986388421099025E-002
 WARNING: set the 2-loop amplitudes to zero
 WARNING: outside the range of the grid (xs,xt)=   836.57921040437202       -836.53986795792525     
 WARNING: set the 2-loop amplitudes to zero
 WARNING: outside the range of the grid (xs,xt)=   1.6987237510459142E-002  -1.6986438638728025E-002
 WARNING: set the 2-loop amplitudes to zero
 max=   1473857.8559623088     
 min=   0.0000000000000000     
       n_pass,     n_total
       40000       40030
 max=   1473857.8559623088     
 min=   0.0000000000000000     
       n_pass,     n_total
       50000       50030
 WARNING: outside the range of the grid (xs,xt)=   836.57921040437202       -4.0045418556288209E-002
 WARNING: set the 2-loop amplitudes to zero
 INFO: will suppress the further warning
 ITERATION            3 :
   107523.33841582474      +\-   29.949902794672926     
 precision:   2.7854327475257271E-004
 max=   1473857.8559623088     
 min=   0.0000000000000000     
       n_pass,     n_total
       60000       60085
 max=   1473857.8559623088     
 min=   0.0000000000000000     
       n_pass,     n_total
       70000       70085
 ITERATION            4 :
   107517.30200710993      +\-   25.755822294261531     
 precision:   2.3955048920924692E-004
 max=   1473857.8559623088     
 min=   0.0000000000000000     
       n_pass,     n_total
       80000       80175
 max=   1473857.8559623088     
 min=   0.0000000000000000     
       n_pass,     n_total
       90000       90175
 ITERATION            5 :
   107522.43991894851      +\-   22.528487036922517     
 precision:   2.0952358460154657E-004
 max=   1473857.8559623088     
 min=   0.0000000000000000     
       n_pass,     n_total
      100000      100313
 max=   1473857.8559623088     
 min=   0.0000000000000000     
       n_pass,     n_total
      110000      110313
 ITERATION            6 :
   107507.14512707655      +\-   21.316591122324645     
 precision:   1.9828069192171199E-004
 max=   1473857.8559623088     
 min=   0.0000000000000000     
       n_pass,     n_total
      120000      120466
 max=   1473857.8559623088     
 min=   0.0000000000000000     
       n_pass,     n_total
      130000      130466
 ITERATION            7 :
   107563.37906295883      +\-   20.595462088512097     
 precision:   1.9147280671107583E-004
 max=   1473857.8559623088     
 min=   0.0000000000000000     
       n_pass,     n_total
      140000      140627
 max=   1473857.8559623088     
 min=   0.0000000000000000     
       n_pass,     n_total
      150000      150627
 ITERATION            8 :
   107495.89896942883      +\-   20.274720305096487     
 precision:   1.8860924462674145E-004
 max=   1473857.8559623088     
 min=   0.0000000000000000     
       n_pass,     n_total
      160000      160804
 max=   1473857.8559623088     
 min=   0.0000000000000000     
       n_pass,     n_total
      170000      170804
 ITERATION            9 :
   107525.73105265072      +\-   19.848615668512636     
 precision:   1.8459410109747241E-004
 max=   1473857.8559623088     
 min=   0.0000000000000000     
       n_pass,     n_total
      180000      180995
 max=   1473857.8559623088     
 min=   0.0000000000000000     
       n_pass,     n_total
      190000      190995
 ITERATION           10 :
   107545.23286808863      +\-   20.067552610778645     
 precision:   1.8659639368109261E-004
 ====================NCALL=40K ===========================
  
 max=   1476536.6030798366     
 min=   0.0000000000000000     
       n_pass,     n_total
      200000      201298
 max=   1476536.6030798366     
 min=   0.0000000000000000     
       n_pass,     n_total
      210000      211298
 max=   1476536.6030798366     
 min=   0.0000000000000000     
       n_pass,     n_total
      220000      221298
 max=   1476536.6030798366     
 min=   0.0000000000000000     
       n_pass,     n_total
      230000      231298
   107542.63953863856      +\-   9.7946748675328195     
 precision:   9.1077129123409050E-005
 ====================NCALL=80K ===========================
  
 max=   1478476.6625163904     
 min=   0.0000000000000000     
       n_pass,     n_total
      240000      241887
 max=   1478476.6625163904     
 min=   0.0000000000000000     
       n_pass,     n_total
      250000      251887
 max=   1478476.6625163904     
 min=   0.0000000000000000     
       n_pass,     n_total
      260000      261887
 max=   1478476.6625163904     
 min=   0.0000000000000000     
       n_pass,     n_total
      270000      271887
 max=   1478476.6625163904     
 min=   0.0000000000000000     
       n_pass,     n_total
      280000      281887
 max=   1478476.6625163904     
 min=   0.0000000000000000     
       n_pass,     n_total
      290000      291887
 max=   1478476.6625163904     
 min=   0.0000000000000000     
       n_pass,     n_total
      300000      301887
 max=   1478476.6625163904     
 min=   0.0000000000000000     
       n_pass,     n_total
      310000      311887
   107527.79283552639      +\-   4.5615312123724658     
 precision:   4.2421880818754888E-005
 sigma (pb)                   sd (pb)
   107527.79283552639        4.5615312123724658     
