 =======================================================
 |                                                     |
 |         \/\/\/\/\/\___________/\/\/\/\/\/           |
 |                   |     \     |                     |
 |                   |     /     |                     |
 |                   |     \     |                     |
 |         /\/\/\/\/\|_____/_____|/\/\/\/\/\           |
 |                                                     |
 | Light-by-light scattering at next-to-leading order  |
 |                   (VERSION 0.5)                     |
 |                                                     |
 |    Authors:                                         |
 |            Ajjath A.H. (LPTHE Paris)                |
 |            Ekta Chaubey (Bonn)                      |
 |            Mathijs Fraaije (Bern)                   |
 |            Valentin Hirschi (Bern)                  |
 |            Hua-Sheng Shao (LPTHE Paris)             |
 |                                                     |
 |    Please cite                                      |
 |            PLB 851 (2024) 138555 [arXiv:2312.16956] |
 |            JHEP 03 (2024) 121    [arXiv:2312.16966] |
 |                                                     |
 =======================================================
 ---------------------------------------------------
         the cuts in the lab frame                  
 min transverse momentum of photon    0.0000000000000000     
 max (pseudo-)rapidity of photon    5.0000000000000000     
 min (pseudo-)rapidity of photon   -5.0000000000000000     
 min invariant mass of di-photon    0.0000000000000000     
 ---------------------------------------------------
 max=   119737.39130906199     
 min=   0.0000000000000000     
       n_pass,     n_total
       10000       10000
  
 ====================NCALL=20K===========================
  
 ITERATION            1 :
   1865.3562962918020      +\-   15.400901874615215     
 precision:   8.2562789238876944E-003
 WARNING: outside the range of the grid (xs,xt)=  0.11682111828915125      -0.11681545967548472     
 WARNING: set the 2-loop amplitudes to zero
 WARNING: outside the range of the grid (xs,xt)=  0.11341046712802766      -0.11340497372042622     
 WARNING: set the 2-loop amplitudes to zero
 WARNING: outside the range of the grid (xs,xt)=   5.4603290295710129E-002  -5.4600645406419304E-002
 WARNING: set the 2-loop amplitudes to zero
 WARNING: outside the range of the grid (xs,xt)=   50207.566607051907       -50205.134639041957     
 WARNING: set the 2-loop amplitudes to zero
 WARNING: outside the range of the grid (xs,xt)=   1.0194944461552340       -1.0194450636010310     
 WARNING: set the 2-loop amplitudes to zero
 INFO: will suppress the further warning
 max=   127444.51440458067     
 min=   0.0000000000000000     
       n_pass,     n_total
       20000       20009
 max=   127444.51440458067     
 min=   0.0000000000000000     
       n_pass,     n_total
       30000       30009
 ITERATION            2 :
   1846.6940708929856      +\-   3.7499610532681551     
 precision:   2.0306346960083255E-003
 max=   130340.44266282479     
 min=   0.0000000000000000     
       n_pass,     n_total
       40000       40044
 max=   130340.44266282479     
 min=   0.0000000000000000     
       n_pass,     n_total
       50000       50044
 ITERATION            3 :
   1846.0768508768513      +\-   1.2902401318375558     
 precision:   6.9890921996270978E-004
 max=   131388.37501588080     
 min=   0.0000000000000000     
       n_pass,     n_total
       60000       60175
 max=   131388.37501588080     
 min=   0.0000000000000000     
       n_pass,     n_total
       70000       70175
 ITERATION            4 :
   1846.8329080285325      +\-  0.80325498986267407     
 precision:   4.3493647225516311E-004
 max=   131415.08925982239     
 min=   0.0000000000000000     
       n_pass,     n_total
       80000       80485
 max=   131415.08925982239     
 min=   0.0000000000000000     
       n_pass,     n_total
       90000       90485
 ITERATION            5 :
   1846.1247839827765      +\-  0.54735734181577278     
 precision:   2.9648989416355693E-004
 max=   131454.70794966296     
 min=   0.0000000000000000     
       n_pass,     n_total
      100000      100898
 max=   131454.70794966296     
 min=   0.0000000000000000     
       n_pass,     n_total
      110000      110898
 ITERATION            6 :
   1846.3616893171099      +\-  0.44125971342198911     
 precision:   2.3898877233809599E-004
 max=   131555.50214291547     
 min=   0.0000000000000000     
       n_pass,     n_total
      120000      121249
 max=   131555.50214291547     
 min=   0.0000000000000000     
       n_pass,     n_total
      130000      131249
 ITERATION            7 :
   1847.4942184845411      +\-  0.49154258179788429     
 precision:   2.6605906361162304E-004
 max=   131555.50214291547     
 min=   0.0000000000000000     
       n_pass,     n_total
      140000      141696
 max=   131555.50214291547     
 min=   0.0000000000000000     
       n_pass,     n_total
      150000      151696
 ITERATION            8 :
   1845.5644352149607      +\-  0.48595681462449419     
 precision:   2.6331067360858238E-004
 max=   131555.50214291547     
 min=   0.0000000000000000     
       n_pass,     n_total
      160000      162294
 max=   131555.50214291547     
 min=   0.0000000000000000     
       n_pass,     n_total
      170000      172294
 ITERATION            9 :
   1846.4084648566438      +\-  0.46822561312025940     
 precision:   2.5358723274517307E-004
 max=   131558.80467453090     
 min=   0.0000000000000000     
       n_pass,     n_total
      180000      182876
 max=   131558.80467453090     
 min=   0.0000000000000000     
       n_pass,     n_total
      190000      192876
 ITERATION           10 :
   1847.1495858217936      +\-  0.45995915454228908     
 precision:   2.4901023613507409E-004
 ====================NCALL=40K ===========================
  
 max=   131558.80467453090     
 min=   0.0000000000000000     
       n_pass,     n_total
      200000      203979
 max=   131558.80467453090     
 min=   0.0000000000000000     
       n_pass,     n_total
      210000      213979
 max=   131558.80467453090     
 min=   0.0000000000000000     
       n_pass,     n_total
      220000      223979
 max=   131558.80467453090     
 min=   0.0000000000000000     
       n_pass,     n_total
      230000      233979
   1846.5663949429140      +\-  0.22081509682196451     
 precision:   1.1958145530358302E-004
 ====================NCALL=80K ===========================
  
 max=   131558.80467453090     
 min=   0.0000000000000000     
       n_pass,     n_total
      240000      246411
 max=   131558.80467453090     
 min=   0.0000000000000000     
       n_pass,     n_total
      250000      256411
 max=   131558.80467453090     
 min=   0.0000000000000000     
       n_pass,     n_total
      260000      266411
 max=   131558.80467453090     
 min=   0.0000000000000000     
       n_pass,     n_total
      270000      276411
 max=   131558.80467453090     
 min=   0.0000000000000000     
       n_pass,     n_total
      280000      286411
 max=   131558.80467453090     
 min=   0.0000000000000000     
       n_pass,     n_total
      290000      296411
 max=   131558.80467453090     
 min=   0.0000000000000000     
       n_pass,     n_total
      300000      306411
   1846.3758712806552      +\-  0.10620065480259934     
 precision:   5.7518437309808456E-005
 sigma (pb)                   sd (pb)
   1846.3758712806552       0.10620065480259934     
