 =======================================================
 |                                                     |
 |         \/\/\/\/\/\___________/\/\/\/\/\/           |
 |                   |     \     |                     |
 |                   |     /     |                     |
 |                   |     \     |                     |
 |         /\/\/\/\/\|_____/_____|/\/\/\/\/\           |
 |                                                     |
 | Light-by-light scattering at next-to-leading order  |
 |                   (VERSION 0.5)                     |
 |                                                     |
 |    Authors:                                         |
 |            Ajjath A.H. (LPTHE Paris)                |
 |            Ekta Chaubey (Bonn)                      |
 |            Mathijs Fraaije (Bern)                   |
 |            Valentin Hirschi (Bern)                  |
 |            Hua-Sheng Shao (LPTHE Paris)             |
 |                                                     |
 |    Please cite                                      |
 |            PLB 851 (2024) 138555 [arXiv:2312.16956] |
 |            JHEP 03 (2024) 121    [arXiv:2312.16966] |
 |                                                     |
 =======================================================
 ---------------------------------------------------
         the cuts in the lab frame                  
 min transverse momentum of photon    0.0000000000000000     
 max (pseudo-)rapidity of photon    5.0000000000000000     
 min (pseudo-)rapidity of photon   -5.0000000000000000     
 min invariant mass of di-photon    0.0000000000000000     
 ---------------------------------------------------
 max=   90.051214722304067     
 min=   0.0000000000000000     
       n_pass,     n_total
       10000       10000
  
 ====================NCALL=20K===========================
  
 ITERATION            1 :
   3.3347277311707453      +\-   1.1650682314636894E-002
 precision:   3.4937431940048102E-003
 max=   109.69343465187509     
 min=   0.0000000000000000     
       n_pass,     n_total
       20000       20007
 max=   109.69343465187509     
 min=   0.0000000000000000     
       n_pass,     n_total
       30000       30007
 ITERATION            2 :
   3.3176839570986267      +\-   2.5644829399102016E-003
 precision:   7.7297384955042170E-004
 WARNING: outside the range of the grid (xs,xt)=   891.06705279572270       -891.02374220691684     
 WARNING: set the 2-loop amplitudes to zero
 WARNING: outside the range of the grid (xs,xt)=   865.05190311418664       -865.00985699975126     
 WARNING: set the 2-loop amplitudes to zero
 WARNING: outside the range of the grid (xs,xt)=   416.49312786339027       -416.47288408651093     
 WARNING: set the 2-loop amplitudes to zero
 WARNING: outside the range of the grid (xs,xt)=   44.444444444444443       -44.442284208520562     
 WARNING: set the 2-loop amplitudes to zero
 WARNING: outside the range of the grid (xs,xt)=   4.4321329639889200       -4.4319175387998344     
 WARNING: set the 2-loop amplitudes to zero
 INFO: will suppress the further warning
 max=   114.27177402436344     
 min=   0.0000000000000000     
       n_pass,     n_total
       40000       40036
 max=   114.27177402436344     
 min=   0.0000000000000000     
       n_pass,     n_total
       50000       50036
 ITERATION            3 :
   3.3149301427029529      +\-   1.1917680179564520E-003
 precision:   3.5951527382254252E-004
 max=   130.94003091182094     
 min=   0.0000000000000000     
       n_pass,     n_total
       60000       60124
 max=   130.94003091182094     
 min=   0.0000000000000000     
       n_pass,     n_total
       70000       70124
 ITERATION            4 :
   3.3160046914948449      +\-   9.2020252382865239E-004
 precision:   2.7750338417459471E-004
 max=   134.05091183498462     
 min=   0.0000000000000000     
       n_pass,     n_total
       80000       80313
 max=   134.05091183498462     
 min=   0.0000000000000000     
       n_pass,     n_total
       90000       90313
 ITERATION            5 :
   3.3153517179050040      +\-   7.5088604966339816E-004
 precision:   2.2648759876912509E-004
 max=   153.04858907441249     
 min=   0.0000000000000000     
       n_pass,     n_total
      100000      100622
 max=   153.04858907441249     
 min=   0.0000000000000000     
       n_pass,     n_total
      110000      110622
 ITERATION            6 :
   3.3159634528868578      +\-   6.5378763558234226E-004
 precision:   1.9716370366300591E-004
 max=   153.04858907441249     
 min=   0.0000000000000000     
       n_pass,     n_total
      120000      120908
 max=   153.04858907441249     
 min=   0.0000000000000000     
       n_pass,     n_total
      130000      130908
 ITERATION            7 :
   3.3174195229528411      +\-   6.2875519488000790E-004
 precision:   1.8953140853296473E-004
 max=   153.04858907441249     
 min=   0.0000000000000000     
       n_pass,     n_total
      140000      141303
 max=   153.04858907441249     
 min=   0.0000000000000000     
       n_pass,     n_total
      150000      151303
 ITERATION            8 :
   3.3150355387092296      +\-   6.5450044476074649E-004
 precision:   1.9743391499675697E-004
 max=   153.04858907441249     
 min=   0.0000000000000000     
       n_pass,     n_total
      160000      161467
 max=   153.04858907441249     
 min=   0.0000000000000000     
       n_pass,     n_total
      170000      171467
 ITERATION            9 :
   3.3160454116648217      +\-   6.7984730008151565E-004
 precision:   2.0501748790593253E-004
 max=   153.04858907441249     
 min=   0.0000000000000000     
       n_pass,     n_total
      180000      181834
 max=   153.04858907441249     
 min=   0.0000000000000000     
       n_pass,     n_total
      190000      191834
 ITERATION           10 :
   3.3164651990606955      +\-   6.7435483797362783E-004
 precision:   2.0333541813272207E-004
 ====================NCALL=40K ===========================
  
 max=   153.04858907441249     
 min=   0.0000000000000000     
       n_pass,     n_total
      200000      202249
 max=   153.04858907441249     
 min=   0.0000000000000000     
       n_pass,     n_total
      210000      212249
 max=   153.04858907441249     
 min=   0.0000000000000000     
       n_pass,     n_total
      220000      222249
 max=   153.04858907441249     
 min=   0.0000000000000000     
       n_pass,     n_total
      230000      232249
   3.3162331767454276      +\-   3.0954184048142993E-004
 precision:   9.3341397900498736E-005
 ====================NCALL=80K ===========================
  
 max=   153.04858907441249     
 min=   0.0000000000000000     
       n_pass,     n_total
      240000      243392
 max=   153.04858907441249     
 min=   0.0000000000000000     
       n_pass,     n_total
      250000      253392
 max=   153.04858907441249     
 min=   0.0000000000000000     
       n_pass,     n_total
      260000      263392
 max=   153.04858907441249     
 min=   0.0000000000000000     
       n_pass,     n_total
      270000      273392
 max=   153.04858907441249     
 min=   0.0000000000000000     
       n_pass,     n_total
      280000      283392
 max=   153.04858907441249     
 min=   0.0000000000000000     
       n_pass,     n_total
      290000      293392
 max=   153.04858907441249     
 min=   0.0000000000000000     
       n_pass,     n_total
      300000      303392
 max=   153.04858907441249     
 min=   0.0000000000000000     
       n_pass,     n_total
      310000      313392
   3.3161908150955486      +\-   1.4433121482678181E-004
 precision:   4.3523193589999503E-005
 sigma (pb)                   sd (pb)
   3.3161908150955486        1.4433121482678181E-004
