 =======================================================
 |                                                     |
 |         \/\/\/\/\/\___________/\/\/\/\/\/           |
 |                   |     \     |                     |
 |                   |     /     |                     |
 |                   |     \     |                     |
 |         /\/\/\/\/\|_____/_____|/\/\/\/\/\           |
 |                                                     |
 | Light-by-light scattering at next-to-leading order  |
 |                   (VERSION 0.5)                     |
 |                                                     |
 |    Authors:                                         |
 |            Ajjath A.H. (LPTHE Paris)                |
 |            Ekta Chaubey (Bonn)                      |
 |            Mathijs Fraaije (Bern)                   |
 |            Valentin Hirschi (Bern)                  |
 |            Hua-Sheng Shao (LPTHE Paris)             |
 |                                                     |
 |    Please cite                                      |
 |            PLB 851 (2024) 138555 [arXiv:2312.16956] |
 |            JHEP 03 (2024) 121    [arXiv:2312.16966] |
 |                                                     |
 =======================================================
 ---------------------------------------------------
         the cuts in the lab frame                  
 min transverse momentum of photon    0.0000000000000000     
 max (pseudo-)rapidity of photon    5.0000000000000000     
 min (pseudo-)rapidity of photon   -5.0000000000000000     
 min invariant mass of di-photon    0.0000000000000000     
 ---------------------------------------------------
 max=   2262197.3945699874     
 min=   0.0000000000000000     
       n_pass,     n_total
       10000       10000
  
 ====================NCALL=20K===========================
  
 ITERATION            1 :
   339167.75815553102      +\-   244.17151305114396     
 precision:   7.1991369220648341E-004
 WARNING: outside the range of the grid (xs,xt)=   235.99212625564394       -235.98125273104384     
 WARNING: set the 2-loop amplitudes to zero
 max=   2319067.8452127068     
 min=   0.0000000000000000     
       n_pass,     n_total
       20000       20005
 max=   2319067.8452127068     
 min=   0.0000000000000000     
       n_pass,     n_total
       30000       30005
 ITERATION            2 :
   338650.74108175654      +\-   71.431213424689986     
 precision:   2.1092885607312218E-004
 max=   2319067.8452127068     
 min=   0.0000000000000000     
       n_pass,     n_total
       40000       40025
 max=   2319067.8452127068     
 min=   0.0000000000000000     
       n_pass,     n_total
       50000       50025
 ITERATION            3 :
   338514.20609876240      +\-   65.384743639718153     
 precision:   1.9315214091972845E-004
 WARNING: outside the range of the grid (xs,xt)=   235.99212625564394       -235.98085582800755     
 WARNING: set the 2-loop amplitudes to zero
 WARNING: outside the range of the grid (xs,xt)=   235.99212625564394       -235.98067003635470     
 WARNING: set the 2-loop amplitudes to zero
 max=   2319067.8452127068     
 min=   0.0000000000000000     
       n_pass,     n_total
       60000       60060
 max=   2319067.8452127068     
 min=   0.0000000000000000     
       n_pass,     n_total
       70000       70060
 WARNING: outside the range of the grid (xs,xt)=   235.99212625564394       -1.1772043519724763E-002
 WARNING: set the 2-loop amplitudes to zero
 WARNING: outside the range of the grid (xs,xt)=   235.99212625564394       -1.0821591236056157E-002
 WARNING: set the 2-loop amplitudes to zero
 INFO: will suppress the further warning
 ITERATION            4 :
   338530.58234984940      +\-   58.434994550093343     
 precision:   1.7261363550813430E-004
 max=   2332487.2407739325     
 min=   0.0000000000000000     
       n_pass,     n_total
       80000       80107
 max=   2332487.2407739325     
 min=   0.0000000000000000     
       n_pass,     n_total
       90000       90107
 ITERATION            5 :
   338564.59314907005      +\-   52.889017604430677     
 precision:   1.5621544211843685E-004
 max=   2365051.1631508209     
 min=   0.0000000000000000     
       n_pass,     n_total
      100000      100174
 max=   2365051.1631508209     
 min=   0.0000000000000000     
       n_pass,     n_total
      110000      110174
 ITERATION            6 :
   338511.52618191892      +\-   51.493676678492200     
 precision:   1.5211794191852441E-004
 max=   2365051.1631508209     
 min=   0.0000000000000000     
       n_pass,     n_total
      120000      120242
 max=   2365051.1631508209     
 min=   0.0000000000000000     
       n_pass,     n_total
      130000      130242
 ITERATION            7 :
   338630.76954201650      +\-   49.766743519724720     
 precision:   1.4696462340688088E-004
 max=   2365051.1631508209     
 min=   0.0000000000000000     
       n_pass,     n_total
      140000      140320
 max=   2365051.1631508209     
 min=   0.0000000000000000     
       n_pass,     n_total
      150000      150320
 ITERATION            8 :
   338467.68079642521      +\-   49.150771689626680     
 precision:   1.4521555373905523E-004
 max=   2365051.1631508209     
 min=   0.0000000000000000     
       n_pass,     n_total
      160000      160404
 max=   2365051.1631508209     
 min=   0.0000000000000000     
       n_pass,     n_total
      170000      170404
 ITERATION            9 :
   338580.08772229572      +\-   48.028980786956282     
 precision:   1.4185412116246416E-004
 max=   2365051.1631508209     
 min=   0.0000000000000000     
       n_pass,     n_total
      180000      180496
 max=   2365051.1631508209     
 min=   0.0000000000000000     
       n_pass,     n_total
      190000      190496
 ITERATION           10 :
   338592.75066835788      +\-   49.066669997863052     
 precision:   1.4491352783250366E-004
 ====================NCALL=40K ===========================
  
 max=   2365051.1631508209     
 min=   0.0000000000000000     
       n_pass,     n_total
      200000      200669
 max=   2365051.1631508209     
 min=   0.0000000000000000     
       n_pass,     n_total
      210000      210669
 max=   2365051.1631508209     
 min=   0.0000000000000000     
       n_pass,     n_total
      220000      220669
 max=   2365051.1631508209     
 min=   0.0000000000000000     
       n_pass,     n_total
      230000      230669
   338572.06691502093      +\-   24.449379977377212     
 precision:   7.2213222431943342E-005
 ====================NCALL=80K ===========================
  
 max=   2365919.2393007972     
 min=   0.0000000000000000     
       n_pass,     n_total
      240000      241055
 max=   2365919.2393007972     
 min=   0.0000000000000000     
       n_pass,     n_total
      250000      251055
 max=   2365919.2393007972     
 min=   0.0000000000000000     
       n_pass,     n_total
      260000      261055
 max=   2365919.2393007972     
 min=   0.0000000000000000     
       n_pass,     n_total
      270000      271055
 max=   2365919.2393007972     
 min=   0.0000000000000000     
       n_pass,     n_total
      280000      281055
 max=   2365919.2393007972     
 min=   0.0000000000000000     
       n_pass,     n_total
      290000      291055
 max=   2365919.2393007972     
 min=   0.0000000000000000     
       n_pass,     n_total
      300000      301055
 max=   2365919.2393007972     
 min=   0.0000000000000000     
       n_pass,     n_total
      310000      311055
   338540.76265097508      +\-   11.878731976981115     
 precision:   3.5088040459186050E-005
 sigma (pb)                   sd (pb)
   338540.76265097508        11.878731976981115     
