 =======================================================
 |                                                     |
 |         \/\/\/\/\/\___________/\/\/\/\/\/           |
 |                   |     \     |                     |
 |                   |     /     |                     |
 |                   |     \     |                     |
 |         /\/\/\/\/\|_____/_____|/\/\/\/\/\           |
 |                                                     |
 | Light-by-light scattering at next-to-leading order  |
 |                   (VERSION 0.5)                     |
 |                                                     |
 |    Authors:                                         |
 |            Ajjath A.H. (LPTHE Paris)                |
 |            Ekta Chaubey (Bonn)                      |
 |            Mathijs Fraaije (Bern)                   |
 |            Valentin Hirschi (Bern)                  |
 |            Hua-Sheng Shao (LPTHE Paris)             |
 |                                                     |
 |    Please cite                                      |
 |            PLB 851 (2024) 138555 [arXiv:2312.16956] |
 |            JHEP 03 (2024) 121    [arXiv:2312.16966] |
 |                                                     |
 =======================================================
 ---------------------------------------------------
         the cuts in the lab frame                  
 min transverse momentum of photon    0.0000000000000000     
 max (pseudo-)rapidity of photon    5.0000000000000000     
 min (pseudo-)rapidity of photon   -5.0000000000000000     
 min invariant mass of di-photon    0.0000000000000000     
 ---------------------------------------------------
 WARNING: outside the range of the grid (xs,xt)=   2.9318292809536266       -2.9318292516540825     
 WARNING: set the 2-loop amplitudes to zero
 WARNING: outside the range of the grid (xs,xt)=   2.9318555912194428       -2.9318555619196363     
 WARNING: set the 2-loop amplitudes to zero
 max=   1225349725225304.0     
 min=   0.0000000000000000     
       n_pass,     n_total
       10000       10000
  
 ====================NCALL=20K===========================
  
 ITERATION            1 :
   112096497665.32474      +\-   79789393759.573441     
 precision:  0.71179203116401213     
 WARNING: outside the range of the grid (xs,xt)=   2.9318392924049941       -2.9318392631053500     
 WARNING: set the 2-loop amplitudes to zero
 WARNING: outside the range of the grid (xs,xt)=   2.9317356989679397       -2.9317356696693304     
 WARNING: set the 2-loop amplitudes to zero
 WARNING: outside the range of the grid (xs,xt)=   2.9318416786861605       -2.9318416493864929     
 WARNING: set the 2-loop amplitudes to zero
 INFO: will suppress the further warning
 max=   2889452773704243.5     
 min=   0.0000000000000000     
       n_pass,     n_total
       20000       20017
 max=   2889452773704243.5     
 min=   0.0000000000000000     
       n_pass,     n_total
       30000       30017
 ITERATION            2 :
   78997259284.882690      +\-   61721061415.326065     
 precision:  0.78130636396821573     
 max=   3172392716954251.0     
 min=   0.0000000000000000     
       n_pass,     n_total
       40000       40290
 max=   3172392716954251.0     
 min=   0.0000000000000000     
       n_pass,     n_total
       50000       50290
 ITERATION            3 :
   88695818155.774002      +\-   5224575838.1575336     
 precision:   5.8904421277018455E-002
 max=   3172886875459219.5     
 min=   0.0000000000000000     
       n_pass,     n_total
       60000       64934
 max=   3172886875459219.5     
 min=   0.0000000000000000     
       n_pass,     n_total
       70000       74934
 ITERATION            4 :
   93683203703.151077      +\-   280810932.71160823     
 precision:   2.9974522818561875E-003
 max=   3174085702289428.0     
 min=   0.0000000000000000     
       n_pass,     n_total
       80000       92547
 ITERATION            5 :
   93990508793.207840      +\-   44201079.487240329     
 precision:   4.7027173333521192E-004
 max=   3174130101046317.0     
 min=   0.0000000000000000     
       n_pass,     n_total
       90000      106523
 max=   3174130101046317.0     
 min=   0.0000000000000000     
       n_pass,     n_total
      100000      116523
 ITERATION            6 :
   94023337213.730164      +\-   15709051.509680232     
 precision:   1.6707608956668951E-004
 max=   3174173364833950.5     
 min=   0.0000000000000000     
       n_pass,     n_total
      110000      127735
 ITERATION            7 :
   94016565658.983185      +\-   9548277.8368304335     
 precision:   1.0155952591869756E-004
 max=   3174173364833950.5     
 min=   0.0000000000000000     
       n_pass,     n_total
      120000      138740
 max=   3174173364833950.5     
 min=   0.0000000000000000     
       n_pass,     n_total
      130000      148740
 ITERATION            8 :
   94019735644.340393      +\-   8262716.9040621119     
 precision:   8.7882792346050313E-005
 max=   3174173364833950.5     
 min=   0.0000000000000000     
       n_pass,     n_total
      140000      159927
 max=   3174173364833950.5     
 min=   0.0000000000000000     
       n_pass,     n_total
      150000      169927
 ITERATION            9 :
   94001181029.812820      +\-   33270439.463290080     
 precision:   3.5393639844523059E-004
 max=   3174173364833950.5     
 min=   0.0000000000000000     
       n_pass,     n_total
      160000      186445
 ITERATION           10 :
   93893379735.334763      +\-   22523274.786024429     
 precision:   2.3988139365642918E-004
 ====================NCALL=40K ===========================
  
 max=   3174192166110545.5     
 min=   0.0000000000000000     
       n_pass,     n_total
      170000      204630
 max=   3174192166110545.5     
 min=   0.0000000000000000     
       n_pass,     n_total
      180000      214630
 max=   3174192166110545.5     
 min=   0.0000000000000000     
       n_pass,     n_total
      190000      224630
 max=   3174192166110545.5     
 min=   0.0000000000000000     
       n_pass,     n_total
      200000      234630
   91689382689.024216      +\-   3887346.9517296273     
 precision:   4.2396914863240393E-005
 ====================NCALL=80K ===========================
  
 max=   3174192166110545.5     
 min=   0.0000000000000000     
       n_pass,     n_total
      210000      248165
 max=   3174192166110545.5     
 min=   0.0000000000000000     
       n_pass,     n_total
      220000      258165
 max=   3174192166110545.5     
 min=   0.0000000000000000     
       n_pass,     n_total
      230000      268165
 max=   3174192166110545.5     
 min=   0.0000000000000000     
       n_pass,     n_total
      240000      278165
 max=   3174192166110545.5     
 min=   0.0000000000000000     
       n_pass,     n_total
      250000      288165
 max=   3174192166110545.5     
 min=   0.0000000000000000     
       n_pass,     n_total
      260000      298165
 max=   3174192166110545.5     
 min=   0.0000000000000000     
       n_pass,     n_total
      270000      308165
   91306887777.448242      +\-   1390679.4066971110     
 precision:   1.5230826945791410E-005
 sigma (pb)                   sd (pb)
   91306887777.448242        1390679.4066971110     
