 =======================================================
 |                                                     |
 |         \/\/\/\/\/\___________/\/\/\/\/\/           |
 |                   |     \     |                     |
 |                   |     /     |                     |
 |                   |     \     |                     |
 |         /\/\/\/\/\|_____/_____|/\/\/\/\/\           |
 |                                                     |
 | Light-by-light scattering at next-to-leading order  |
 |                   (VERSION 0.5)                     |
 |                                                     |
 |    Authors:                                         |
 |            Ajjath A.H. (LPTHE Paris)                |
 |            Ekta Chaubey (Bonn)                      |
 |            Mathijs Fraaije (Bern)                   |
 |            Valentin Hirschi (Bern)                  |
 |            Hua-Sheng Shao (LPTHE Paris)             |
 |                                                     |
 |    Please cite                                      |
 |            PLB 851 (2024) 138555 [arXiv:2312.16956] |
 |            JHEP 03 (2024) 121    [arXiv:2312.16966] |
 |                                                     |
 =======================================================
 ---------------------------------------------------
         the cuts in the lab frame                  
 min transverse momentum of photon    0.0000000000000000     
 max (pseudo-)rapidity of photon    5.0000000000000000     
 min (pseudo-)rapidity of photon   -5.0000000000000000     
 min invariant mass of di-photon    0.0000000000000000     
 ---------------------------------------------------
 WARNING: outside the range of the grid (xs,xt)=  0.10720665187481161      -0.10720665080277018     
 WARNING: set the 2-loop amplitudes to zero
 WARNING: outside the range of the grid (xs,xt)=  0.10741073011602477      -0.10741072904194264     
 WARNING: set the 2-loop amplitudes to zero
 WARNING: outside the range of the grid (xs,xt)=  0.10728111555246979      -0.10728111447968376     
 WARNING: set the 2-loop amplitudes to zero
 WARNING: outside the range of the grid (xs,xt)=  0.10749317533756655      -0.10749317426266004     
 WARNING: set the 2-loop amplitudes to zero
 WARNING: outside the range of the grid (xs,xt)=  0.10754155909440027      -0.10754155801900993     
 WARNING: set the 2-loop amplitudes to zero
 INFO: will suppress the further warning
 max=   4.1854052937835196     
 min=   0.0000000000000000     
       n_pass,     n_total
       10000       10000
  
 ====================NCALL=20K===========================
  
 ITERATION            1 :
   2.9671761240439483      +\-   9.7711650016143314E-005
 precision:   3.2930856117490131E-005
 max=   4.2023371783685874     
 min=   0.0000000000000000     
       n_pass,     n_total
       20000       20002
 max=   4.2023371783685874     
 min=   0.0000000000000000     
       n_pass,     n_total
       30000       30002
 ITERATION            2 :
   2.9669589497150062      +\-   1.9425420174433946E-004
 precision:   6.5472493902552550E-005
 max=   4.2097608475738113     
 min=   0.0000000000000000     
       n_pass,     n_total
       40000       40010
 max=   4.2097608475738113     
 min=   0.0000000000000000     
       n_pass,     n_total
       50000       50010
 ITERATION            3 :
   2.9666503958540908      +\-   1.6560236698474673E-004
 precision:   5.5821328733637398E-005
 max=   4.2118407761056140     
 min=   0.0000000000000000     
       n_pass,     n_total
       60000       60033
 max=   4.2118407761056140     
 min=   0.0000000000000000     
       n_pass,     n_total
       70000       70033
 ITERATION            4 :
   2.9667516426481635      +\-   1.3018138852130339E-004
 precision:   4.3880110033444419E-005
 max=   4.2118605295589502     
 min=   0.0000000000000000     
       n_pass,     n_total
       80000       80066
 max=   4.2118605295589502     
 min=   0.0000000000000000     
       n_pass,     n_total
       90000       90066
 ITERATION            5 :
   2.9668388973166273      +\-   1.0884471554818431E-004
 precision:   3.6687100080368190E-005
 max=   4.2119223968011203     
 min=   0.0000000000000000     
       n_pass,     n_total
      100000      100112
 max=   4.2119223968011203     
 min=   0.0000000000000000     
       n_pass,     n_total
      110000      110112
 ITERATION            6 :
   2.9668022558101232      +\-   9.6917473239816970E-005
 precision:   3.2667318170604674E-005
 max=   4.2120433115127174     
 min=   0.0000000000000000     
       n_pass,     n_total
      120000      120156
 max=   4.2120433115127174     
 min=   0.0000000000000000     
       n_pass,     n_total
      130000      130156
 ITERATION            7 :
   2.9669682703240783      +\-   9.6020868397267566E-005
 precision:   3.2363294666032719E-005
 max=   4.2120433115127174     
 min=   0.0000000000000000     
       n_pass,     n_total
      140000      140215
 max=   4.2120433115127174     
 min=   0.0000000000000000     
       n_pass,     n_total
      150000      150215
 ITERATION            8 :
   2.9667122321420014      +\-   9.5556916850931471E-005
 precision:   3.2209701977713638E-005
 max=   4.2120433115127174     
 min=   0.0000000000000000     
       n_pass,     n_total
      160000      160286
 max=   4.2120433115127174     
 min=   0.0000000000000000     
       n_pass,     n_total
      170000      170286
 ITERATION            9 :
   2.9668518192312625      +\-   9.2120810313111510E-005
 precision:   3.1050020670388865E-005
 max=   4.2120433115127174     
 min=   0.0000000000000000     
       n_pass,     n_total
      180000      180361
 max=   4.2120433115127174     
 min=   0.0000000000000000     
       n_pass,     n_total
      190000      190361
 ITERATION           10 :
   2.9668887523768590      +\-   9.4385036151330165E-005
 precision:   3.1812799207828612E-005
 ====================NCALL=40K ===========================
  
 max=   4.2120433115127174     
 min=   0.0000000000000000     
       n_pass,     n_total
      200000      200510
 max=   4.2120433115127174     
 min=   0.0000000000000000     
       n_pass,     n_total
      210000      210510
 max=   4.2120433115127174     
 min=   0.0000000000000000     
       n_pass,     n_total
      220000      220510
 max=   4.2120433115127174     
 min=   0.0000000000000000     
       n_pass,     n_total
      230000      230510
   2.9668344582297244      +\-   4.8796011187799112E-005
 precision:   1.6447163424451774E-005
 ====================NCALL=80K ===========================
  
 max=   4.2120433115127174     
 min=   0.0000000000000000     
       n_pass,     n_total
      240000      240866
 max=   4.2120433115127174     
 min=   0.0000000000000000     
       n_pass,     n_total
      250000      250866
 max=   4.2120433115127174     
 min=   0.0000000000000000     
       n_pass,     n_total
      260000      260866
 max=   4.2120433115127174     
 min=   0.0000000000000000     
       n_pass,     n_total
      270000      270866
 max=   4.2120433115127174     
 min=   0.0000000000000000     
       n_pass,     n_total
      280000      280866
 max=   4.2120433115127174     
 min=   0.0000000000000000     
       n_pass,     n_total
      290000      290866
 max=   4.2120433115127174     
 min=   0.0000000000000000     
       n_pass,     n_total
      300000      300866
 max=   4.2120433115127174     
 min=   0.0000000000000000     
       n_pass,     n_total
      310000      310866
   2.9667976412590540      +\-   2.3423946090751652E-005
 precision:   7.8953635950751818E-006
 sigma (pb)                   sd (pb)
   2.9667976412590540        2.3423946090751652E-005
