 =======================================================
 |                                                     |
 |         \/\/\/\/\/\___________/\/\/\/\/\/           |
 |                   |     \     |                     |
 |                   |     /     |                     |
 |                   |     \     |                     |
 |         /\/\/\/\/\|_____/_____|/\/\/\/\/\           |
 |                                                     |
 | Light-by-light scattering at next-to-leading order  |
 |                   (VERSION 0.5)                     |
 |                                                     |
 |    Authors:                                         |
 |            Ajjath A.H. (LPTHE Paris)                |
 |            Ekta Chaubey (Bonn)                      |
 |            Mathijs Fraaije (Bern)                   |
 |            Valentin Hirschi (Bern)                  |
 |            Hua-Sheng Shao (LPTHE Paris)             |
 |                                                     |
 |    Please cite                                      |
 |            PLB 851 (2024) 138555 [arXiv:2312.16956] |
 |            JHEP 03 (2024) 121    [arXiv:2312.16966] |
 |                                                     |
 =======================================================
 ---------------------------------------------------
         the cuts in the lab frame                  
 min transverse momentum of photon    0.0000000000000000     
 max (pseudo-)rapidity of photon    5.0000000000000000     
 min (pseudo-)rapidity of photon   -5.0000000000000000     
 min invariant mass of di-photon    0.0000000000000000     
 ---------------------------------------------------
 max=   504454.66887317033     
 min=   0.0000000000000000     
       n_pass,     n_total
       10000       10000
  
 ====================NCALL=20K===========================
  
 ITERATION            1 :
   13727.887506906092      +\-   83.955460415465808     
 precision:   6.1156867998248318E-003
 WARNING: outside the range of the grid (xs,xt)=   1.6094898641122745E-002  -1.6094099222461473E-002
 WARNING: set the 2-loop amplitudes to zero
 WARNING: outside the range of the grid (xs,xt)=   1.5625000000000000E-002  -1.5624223920767637E-002
 WARNING: set the 2-loop amplitudes to zero
 WARNING: outside the range of the grid (xs,xt)=   6917.2912174815528       -6916.9476420538349     
 WARNING: set the 2-loop amplitudes to zero
 WARNING: outside the range of the grid (xs,xt)=  0.14045970468663005      -0.14045272818360341     
 WARNING: set the 2-loop amplitudes to zero
 max=   517004.54174184904     
 min=   0.0000000000000000     
       n_pass,     n_total
       20000       20007
 max=   517004.54174184904     
 min=   0.0000000000000000     
       n_pass,     n_total
       30000       30007
 ITERATION            2 :
   13598.340452327860      +\-   14.766696884777089     
 precision:   1.0859190455295021E-003
 WARNING: outside the range of the grid (xs,xt)=   1.6094898641122745E-002  -1.6094130018128212E-002
 WARNING: set the 2-loop amplitudes to zero
 INFO: will suppress the further warning
 max=   517004.54174184904     
 min=   0.0000000000000000     
       n_pass,     n_total
       40000       40038
 max=   517004.54174184904     
 min=   0.0000000000000000     
       n_pass,     n_total
       50000       50038
 ITERATION            3 :
   13584.636676861566      +\-   6.7805384157006827     
 precision:   4.9913284962930474E-004
 max=   517004.54174184904     
 min=   0.0000000000000000     
       n_pass,     n_total
       60000       60140
 max=   517004.54174184904     
 min=   0.0000000000000000     
       n_pass,     n_total
       70000       70140
 ITERATION            4 :
   13587.783644774630      +\-   4.7187681645880453     
 precision:   3.4728019579578106E-004
 max=   517004.54174184904     
 min=   0.0000000000000000     
       n_pass,     n_total
       80000       80356
 max=   517004.54174184904     
 min=   0.0000000000000000     
       n_pass,     n_total
       90000       90356
 ITERATION            5 :
   13585.704001384845      +\-   3.6643532301781914     
 precision:   2.6972126213000585E-004
 max=   517018.36493194959     
 min=   0.0000000000000000     
       n_pass,     n_total
      100000      100675
 max=   517018.36493194959     
 min=   0.0000000000000000     
       n_pass,     n_total
      110000      110675
 ITERATION            6 :
   13586.879800193841      +\-   3.2599296993947942     
 precision:   2.3993218070187723E-004
 max=   517208.10179095942     
 min=   0.0000000000000000     
       n_pass,     n_total
      120000      120958
 max=   517208.10179095942     
 min=   0.0000000000000000     
       n_pass,     n_total
      130000      130958
 ITERATION            7 :
   13595.326711941667      +\-   3.1473464464389704     
 precision:   2.3150208252622939E-004
 max=   517208.10179095942     
 min=   0.0000000000000000     
       n_pass,     n_total
      140000      141344
 max=   517208.10179095942     
 min=   0.0000000000000000     
       n_pass,     n_total
      150000      151344
 ITERATION            8 :
   13583.128281129328      +\-   3.3621388964644945     
 precision:   2.4752316453754053E-004
 max=   517208.10179095942     
 min=   0.0000000000000000     
       n_pass,     n_total
      160000      161530
 max=   517208.10179095942     
 min=   0.0000000000000000     
       n_pass,     n_total
      170000      171530
 ITERATION            9 :
   13587.800810100003      +\-   3.4368116696664548     
 precision:   2.5293362168746426E-004
 max=   517208.10179095942     
 min=   0.0000000000000000     
       n_pass,     n_total
      180000      181929
 max=   517208.10179095942     
 min=   0.0000000000000000     
       n_pass,     n_total
      190000      191929
 ITERATION           10 :
   13591.561774102765      +\-   3.2078740850704786     
 precision:   2.3601953464852962E-004
 ====================NCALL=40K ===========================
  
 max=   517208.10179095942     
 min=   0.0000000000000000     
       n_pass,     n_total
      200000      202301
 max=   517208.10179095942     
 min=   0.0000000000000000     
       n_pass,     n_total
      210000      212301
 max=   517208.10179095942     
 min=   0.0000000000000000     
       n_pass,     n_total
      220000      222301
 max=   517208.10179095942     
 min=   0.0000000000000000     
       n_pass,     n_total
      230000      232301
   13590.022932048560      +\-   1.5600347047442258     
 precision:   1.1479264696936507E-004
 ====================NCALL=80K ===========================
  
 max=   517208.10179095942     
 min=   0.0000000000000000     
       n_pass,     n_total
      240000      243453
 max=   517208.10179095942     
 min=   0.0000000000000000     
       n_pass,     n_total
      250000      253453
 max=   517208.10179095942     
 min=   0.0000000000000000     
       n_pass,     n_total
      260000      263453
 max=   517208.10179095942     
 min=   0.0000000000000000     
       n_pass,     n_total
      270000      273453
 max=   517208.10179095942     
 min=   0.0000000000000000     
       n_pass,     n_total
      280000      283453
 max=   517208.10179095942     
 min=   0.0000000000000000     
       n_pass,     n_total
      290000      293453
 max=   517208.10179095942     
 min=   0.0000000000000000     
       n_pass,     n_total
      300000      303453
 max=   517208.10179095942     
 min=   0.0000000000000000     
       n_pass,     n_total
      310000      313453
   13589.107385527313      +\-  0.75764580902422296     
 precision:   5.5753905501632266E-005
 sigma (pb)                   sd (pb)
   13589.107385527313       0.75764580902422296     
