 =======================================================
 |                                                     |
 |         \/\/\/\/\/\___________/\/\/\/\/\/           |
 |                   |     \     |                     |
 |                   |     /     |                     |
 |                   |     \     |                     |
 |         /\/\/\/\/\|_____/_____|/\/\/\/\/\           |
 |                                                     |
 | Light-by-light scattering at next-to-leading order  |
 |                   (VERSION 0.5)                     |
 |                                                     |
 |    Authors:                                         |
 |            Ajjath A.H. (LPTHE Paris)                |
 |            Ekta Chaubey (Bonn)                      |
 |            Mathijs Fraaije (Bern)                   |
 |            Valentin Hirschi (Bern)                  |
 |            Hua-Sheng Shao (LPTHE Paris)             |
 |                                                     |
 |    Please cite                                      |
 |            PLB 851 (2024) 138555 [arXiv:2312.16956] |
 |            JHEP 03 (2024) 121    [arXiv:2312.16966] |
 |                                                     |
 =======================================================
 ---------------------------------------------------
         the cuts in the lab frame                  
 min transverse momentum of photon    0.0000000000000000     
 max (pseudo-)rapidity of photon    5.0000000000000000     
 min (pseudo-)rapidity of photon   -5.0000000000000000     
 min invariant mass of di-photon    0.0000000000000000     
 ---------------------------------------------------
 WARNING: outside the range of the grid (xs,xt)=   1.7550920914463917       -1.7550920739021898     
 WARNING: set the 2-loop amplitudes to zero
 WARNING: outside the range of the grid (xs,xt)=   1.7549801122348387       -1.7549800946917560     
 WARNING: set the 2-loop amplitudes to zero
 WARNING: outside the range of the grid (xs,xt)=   1.7548861684529746       -1.7548861509108304     
 WARNING: set the 2-loop amplitudes to zero
 WARNING: outside the range of the grid (xs,xt)=   1.7548955473767265       -1.7548955298344888     
 WARNING: set the 2-loop amplitudes to zero
 WARNING: outside the range of the grid (xs,xt)=   1.7551078416606889       -1.7551078241163296     
 WARNING: set the 2-loop amplitudes to zero
 INFO: will suppress the further warning
 max=   565350997885585.25     
 min=   0.0000000000000000     
       n_pass,     n_total
       10000       10000
  
 ====================NCALL=20K===========================
  
 ITERATION            1 :
   81491083048.783310      +\-   39642805630.301338     
 precision:  0.48646801769182302     
 max=   1384074634309730.8     
 min=   0.0000000000000000     
       n_pass,     n_total
       20000       20013
 max=   1384074634309730.8     
 min=   0.0000000000000000     
       n_pass,     n_total
       30000       30013
 ITERATION            2 :
   179907579986.32132      +\-   77367506694.766907     
 precision:  0.43004028346470613     
 max=   3675364238006140.0     
 min=   0.0000000000000000     
       n_pass,     n_total
       40000       40060
 max=   3675364238006140.0     
 min=   0.0000000000000000     
       n_pass,     n_total
       50000       50060
 ITERATION            3 :
   198838761989.89120      +\-   32854978231.699017     
 precision:  0.16523427274893884     
 max=   4657520330746736.0     
 min=   0.0000000000000000     
       n_pass,     n_total
       60000       60415
 max=   4657520330746736.0     
 min=   0.0000000000000000     
       n_pass,     n_total
       70000       70415
 ITERATION            4 :
   221112413382.54324      +\-   2955320743.5797973     
 precision:   1.3365693487623608E-002
 max=   4736324699167999.0     
 min=   0.0000000000000000     
       n_pass,     n_total
       80000       82262
 max=   4736324699167999.0     
 min=   0.0000000000000000     
       n_pass,     n_total
       90000       92262
 ITERATION            5 :
   221111723369.46295      +\-   434265745.82846445     
 precision:   1.9640104975475921E-003
 max=   4736324699167999.0     
 min=   0.0000000000000000     
       n_pass,     n_total
      100000      109804
 ITERATION            6 :
   221624234533.11612      +\-   242371173.92881969     
 precision:   1.0936131350409851E-003
 max=   4738671029986336.0     
 min=   0.0000000000000000     
       n_pass,     n_total
      110000      124044
 max=   4738671029986336.0     
 min=   0.0000000000000000     
       n_pass,     n_total
      120000      134044
 ITERATION            7 :
   220307274721.94376      +\-   116223867.43486992     
 precision:   5.2755347085818864E-004
 max=   4738958080334754.0     
 min=   0.0000000000000000     
       n_pass,     n_total
      130000      146914
 ITERATION            8 :
   216550933766.33707      +\-   75456196.316177070     
 precision:   3.4844549041564452E-004
 max=   4738958080334754.0     
 min=   0.0000000000000000     
       n_pass,     n_total
      140000      160134
 max=   4738958080334754.0     
 min=   0.0000000000000000     
       n_pass,     n_total
      150000      170134
 ITERATION            9 :
   225448294972.86844      +\-   11521694321.257540     
 precision:   5.1105706178190956E-002
 max=   4738958080334754.0     
 min=   0.0000000000000000     
       n_pass,     n_total
      160000      181898
 max=   4738958080334754.0     
 min=   0.0000000000000000     
       n_pass,     n_total
      170000      191898
 ITERATION           10 :
   231091970734.58517      +\-   5732872889.1257830     
 precision:   2.4807754552883747E-002
 ====================NCALL=40K ===========================
  
 max=   4738958080334754.0     
 min=   0.0000000000000000     
       n_pass,     n_total
      180000      204205
 max=   4738958080334754.0     
 min=   0.0000000000000000     
       n_pass,     n_total
      190000      214205
 max=   4738958080334754.0     
 min=   0.0000000000000000     
       n_pass,     n_total
      200000      224205
   229279323745.65015      +\-   12791135977.415764     
 precision:   5.5788440791135381E-002
 ====================NCALL=80K ===========================
  
 max=   4738958080334754.0     
 min=   0.0000000000000000     
       n_pass,     n_total
      210000      241249
 max=   4738958080334754.0     
 min=   0.0000000000000000     
       n_pass,     n_total
      220000      251249
 max=   4738958080334754.0     
 min=   0.0000000000000000     
       n_pass,     n_total
      230000      261249
 max=   4738958080334754.0     
 min=   0.0000000000000000     
       n_pass,     n_total
      240000      271249
 max=   4738958080334754.0     
 min=   0.0000000000000000     
       n_pass,     n_total
      250000      281249
 max=   4738958080334754.0     
 min=   0.0000000000000000     
       n_pass,     n_total
      260000      291249
 max=   4738958080334754.0     
 min=   0.0000000000000000     
       n_pass,     n_total
      270000      301249
 max=   4738958080334754.0     
 min=   0.0000000000000000     
       n_pass,     n_total
      280000      311249
   221619506524.56036      +\-   876180537.66301584     
 precision:   3.9535352794674485E-003
 sigma (pb)                   sd (pb)
   221619506524.56036        876180537.66301584     
