 =======================================================
 |                                                     |
 |         \/\/\/\/\/\___________/\/\/\/\/\/           |
 |                   |     \     |                     |
 |                   |     /     |                     |
 |                   |     \     |                     |
 |         /\/\/\/\/\|_____/_____|/\/\/\/\/\           |
 |                                                     |
 | Light-by-light scattering at next-to-leading order  |
 |                   (VERSION 0.5)                     |
 |                                                     |
 |    Authors:                                         |
 |            Ajjath A.H. (LPTHE Paris)                |
 |            Ekta Chaubey (Bonn)                      |
 |            Mathijs Fraaije (Bern)                   |
 |            Valentin Hirschi (Bern)                  |
 |            Hua-Sheng Shao (LPTHE Paris)             |
 |                                                     |
 |    Please cite                                      |
 |            PLB 851 (2024) 138555 [arXiv:2312.16956] |
 |            JHEP 03 (2024) 121    [arXiv:2312.16966] |
 |                                                     |
 =======================================================
 ---------------------------------------------------
         the cuts in the lab frame                  
 min transverse momentum of photon    0.0000000000000000     
 max (pseudo-)rapidity of photon    5.0000000000000000     
 min (pseudo-)rapidity of photon   -5.0000000000000000     
 min invariant mass of di-photon    0.0000000000000000     
 ---------------------------------------------------
 WARNING: outside the range of the grid (xs,xt)=  0.69152225264300238      -0.69152224572882293     
 WARNING: set the 2-loop amplitudes to zero
 WARNING: outside the range of the grid (xs,xt)=  0.69155280228995752      -0.69155279537547287     
 WARNING: set the 2-loop amplitudes to zero
 WARNING: outside the range of the grid (xs,xt)=  0.69152411225432109      -0.69152410534012321     
 WARNING: set the 2-loop amplitudes to zero
 WARNING: outside the range of the grid (xs,xt)=  0.69143570841404256      -0.69143570150072831     
 WARNING: set the 2-loop amplitudes to zero
 WARNING: outside the range of the grid (xs,xt)=  0.69167237730590847      -0.69167237039022833     
 WARNING: set the 2-loop amplitudes to zero
 INFO: will suppress the further warning
 max=   1143.6759473891868     
 min=   0.0000000000000000     
       n_pass,     n_total
       10000       10000
  
 ====================NCALL=20K===========================
  
 ITERATION            1 :
   830.47279736988241      +\-   2.3118131661041121E-002
 precision:   2.7837313557116535E-005
 max=   1143.6759473891868     
 min=   0.0000000000000000     
       n_pass,     n_total
       20000       20002
 max=   1143.6759473891868     
 min=   0.0000000000000000     
       n_pass,     n_total
       30000       30002
 ITERATION            2 :
   830.41339424696957      +\-   4.6428121342000937E-002
 precision:   5.5909648933471991E-005
 max=   1143.7547630882782     
 min=   0.0000000000000000     
       n_pass,     n_total
       40000       40012
 max=   1143.7547630882782     
 min=   0.0000000000000000     
       n_pass,     n_total
       50000       50012
 ITERATION            3 :
   830.43041840950912      +\-   3.5923534904364271E-002
 precision:   4.3258934292372395E-005
 max=   1144.2224324483927     
 min=   0.0000000000000000     
       n_pass,     n_total
       60000       60039
 max=   1144.2224324483927     
 min=   0.0000000000000000     
       n_pass,     n_total
       70000       70039
 ITERATION            4 :
   830.38942133800060      +\-   2.4324697785038488E-002
 precision:   2.9293120986349122E-005
 max=   1144.2224324483927     
 min=   0.0000000000000000     
       n_pass,     n_total
       80000       80075
 max=   1144.2224324483927     
 min=   0.0000000000000000     
       n_pass,     n_total
       90000       90075
 ITERATION            5 :
   830.38614311656818      +\-   3.8669934751278140E-002
 precision:   4.6568617590539106E-005
 max=   1144.2224324483927     
 min=   0.0000000000000000     
       n_pass,     n_total
      100000      100116
 max=   1144.2224324483927     
 min=   0.0000000000000000     
       n_pass,     n_total
      110000      110116
 ITERATION            6 :
   830.32494223061383      +\-   3.9382958975618033E-002
 precision:   4.7430779171607543E-005
 max=   1144.2224324483927     
 min=   0.0000000000000000     
       n_pass,     n_total
      120000      120144
 max=   1144.2224324483927     
 min=   0.0000000000000000     
       n_pass,     n_total
      130000      130144
 ITERATION            7 :
   830.37083011684717      +\-   2.9064360788092308E-002
 precision:   3.5001663996316513E-005
 max=   1144.2224324483927     
 min=   0.0000000000000000     
       n_pass,     n_total
      140000      140184
 max=   1144.2224324483927     
 min=   0.0000000000000000     
       n_pass,     n_total
      150000      150184
 ITERATION            8 :
   830.32797290880114      +\-   2.5146452547716910E-002
 precision:   3.0284963735021443E-005
 max=   1144.2278293018353     
 min=   0.0000000000000000     
       n_pass,     n_total
      160000      160247
 max=   1144.2278293018353     
 min=   0.0000000000000000     
       n_pass,     n_total
      170000      170247
 ITERATION            9 :
   830.36617459201773      +\-   2.3012037851041750E-002
 precision:   2.7713120494519436E-005
 max=   1144.2537904175849     
 min=   0.0000000000000000     
       n_pass,     n_total
      180000      180320
 max=   1144.2537904175849     
 min=   0.0000000000000000     
       n_pass,     n_total
      190000      190320
 ITERATION           10 :
   830.37317252595381      +\-   2.3109057362537846E-002
 precision:   2.7829725389900596E-005
 ====================NCALL=40K ===========================
  
 max=   1144.2537904175849     
 min=   0.0000000000000000     
       n_pass,     n_total
      200000      200490
 max=   1144.2537904175849     
 min=   0.0000000000000000     
       n_pass,     n_total
      210000      210490
 max=   1144.2537904175849     
 min=   0.0000000000000000     
       n_pass,     n_total
      220000      220490
 max=   1144.2537904175849     
 min=   0.0000000000000000     
       n_pass,     n_total
      230000      230490
   830.36306421514030      +\-   1.1513167674306152E-002
 precision:   1.3865221335667676E-005
 ====================NCALL=80K ===========================
  
 max=   1144.2537904175849     
 min=   0.0000000000000000     
       n_pass,     n_total
      240000      240874
 max=   1144.2537904175849     
 min=   0.0000000000000000     
       n_pass,     n_total
      250000      250874
 max=   1144.2537904175849     
 min=   0.0000000000000000     
       n_pass,     n_total
      260000      260874
 max=   1144.2537904175849     
 min=   0.0000000000000000     
       n_pass,     n_total
      270000      270874
 max=   1144.2537904175849     
 min=   0.0000000000000000     
       n_pass,     n_total
      280000      280874
 max=   1144.2537904175849     
 min=   0.0000000000000000     
       n_pass,     n_total
      290000      290874
 max=   1144.2537904175849     
 min=   0.0000000000000000     
       n_pass,     n_total
      300000      300874
 max=   1144.2537904175849     
 min=   0.0000000000000000     
       n_pass,     n_total
      310000      310874
   830.35047179429739      +\-   5.4578978817608108E-003
 precision:   6.5730050950255795E-006
 sigma (pb)                   sd (pb)
   830.35047179429739        5.4578978817608108E-003
