 =======================================================
 |                                                     |
 |         \/\/\/\/\/\___________/\/\/\/\/\/           |
 |                   |     \     |                     |
 |                   |     /     |                     |
 |                   |     \     |                     |
 |         /\/\/\/\/\|_____/_____|/\/\/\/\/\           |
 |                                                     |
 | Light-by-light scattering at next-to-leading order  |
 |                   (VERSION 0.5)                     |
 |                                                     |
 |    Authors:                                         |
 |            Ajjath A.H. (LPTHE Paris)                |
 |            Ekta Chaubey (Bonn)                      |
 |            Mathijs Fraaije (Bern)                   |
 |            Valentin Hirschi (Bern)                  |
 |            Hua-Sheng Shao (LPTHE Paris)             |
 |                                                     |
 |    Please cite                                      |
 |            PLB 851 (2024) 138555 [arXiv:2312.16956] |
 |            JHEP 03 (2024) 121    [arXiv:2312.16966] |
 |                                                     |
 =======================================================
 ---------------------------------------------------
         the cuts in the lab frame                  
 min transverse momentum of photon    0.0000000000000000     
 max (pseudo-)rapidity of photon    5.0000000000000000     
 min (pseudo-)rapidity of photon   -5.0000000000000000     
 min invariant mass of di-photon    0.0000000000000000     
 ---------------------------------------------------
 max=   1539264.0875071138     
 min=   0.0000000000000000     
       n_pass,     n_total
       10000       10000
  
 ====================NCALL=20K===========================
  
 ITERATION            1 :
   123087.98872930191      +\-   239.32633024106414     
 precision:   1.9443516196157565E-003
 max=   1545276.9562715441     
 min=   0.0000000000000000     
       n_pass,     n_total
       20000       20007
 max=   1545276.9562715441     
 min=   0.0000000000000000     
       n_pass,     n_total
       30000       30007
 ITERATION            2 :
   122595.60861466557      +\-   44.209871755331413     
 precision:   3.6061545968003606E-004
 WARNING: outside the range of the grid (xs,xt)=   728.26046162507043       -728.22508814623541     
 WARNING: set the 2-loop amplitudes to zero
 WARNING: outside the range of the grid (xs,xt)=   1.4787761012040846E-002  -1.4787042732553300E-002
 WARNING: set the 2-loop amplitudes to zero
 max=   1553913.2045362669     
 min=   0.0000000000000000     
       n_pass,     n_total
       40000       40030
 max=   1553913.2045362669     
 min=   0.0000000000000000     
       n_pass,     n_total
       50000       50030
 WARNING: outside the range of the grid (xs,xt)=   728.26046162507043       -3.4400986036791981E-002
 WARNING: set the 2-loop amplitudes to zero
 WARNING: outside the range of the grid (xs,xt)=   1.4787761012040846E-002  -6.9853244394933866E-007
 WARNING: set the 2-loop amplitudes to zero
 WARNING: outside the range of the grid (xs,xt)=   728.26046162507043       -3.5591514959178470E-002
 WARNING: set the 2-loop amplitudes to zero
 INFO: will suppress the further warning
 ITERATION            3 :
   122544.61055712486      +\-   33.035731781721744     
 precision:   2.6958127029439577E-004
 max=   1557273.7456490670     
 min=   0.0000000000000000     
       n_pass,     n_total
       60000       60082
 max=   1557273.7456490670     
 min=   0.0000000000000000     
       n_pass,     n_total
       70000       70082
 ITERATION            4 :
   122546.59108842476      +\-   28.085619135508463     
 precision:   2.2918319380457505E-004
 max=   1557852.2353710276     
 min=   0.0000000000000000     
       n_pass,     n_total
       80000       80163
 max=   1557852.2353710276     
 min=   0.0000000000000000     
       n_pass,     n_total
       90000       90163
 ITERATION            5 :
   122549.98193091787      +\-   25.052485730001866     
 precision:   2.0442667828481686E-004
 max=   1557858.0518125109     
 min=   0.0000000000000000     
       n_pass,     n_total
      100000      100286
 max=   1557858.0518125109     
 min=   0.0000000000000000     
       n_pass,     n_total
      110000      110286
 ITERATION            6 :
   122540.81183021380      +\-   23.800377011031092     
 precision:   1.9422408465848636E-004
 max=   1562480.2296137281     
 min=   0.0000000000000000     
       n_pass,     n_total
      120000      120416
 max=   1562480.2296137281     
 min=   0.0000000000000000     
       n_pass,     n_total
      130000      130416
 ITERATION            7 :
   122594.49310619026      +\-   22.839651976169822     
 precision:   1.8630243004786779E-004
 max=   1562480.2296137281     
 min=   0.0000000000000000     
       n_pass,     n_total
      140000      140570
 max=   1562480.2296137281     
 min=   0.0000000000000000     
       n_pass,     n_total
      150000      150570
 ITERATION            8 :
   122513.53564730941      +\-   22.450696256372325     
 precision:   1.8325074154257646E-004
 max=   1562480.2296137281     
 min=   0.0000000000000000     
       n_pass,     n_total
      160000      160738
 max=   1562480.2296137281     
 min=   0.0000000000000000     
       n_pass,     n_total
      170000      170738
 ITERATION            9 :
   122551.87820155542      +\-   22.005317263220615     
 precision:   1.7955920044758096E-004
 max=   1562480.2296137281     
 min=   0.0000000000000000     
       n_pass,     n_total
      180000      180921
 max=   1562480.2296137281     
 min=   0.0000000000000000     
       n_pass,     n_total
      190000      190921
 ITERATION           10 :
   122570.41523375039      +\-   22.052135996921862     
 precision:   1.7991401885085313E-004
 ====================NCALL=40K ===========================
  
 max=   1562480.2296137281     
 min=   0.0000000000000000     
       n_pass,     n_total
      200000      201219
 max=   1562480.2296137281     
 min=   0.0000000000000000     
       n_pass,     n_total
      210000      211219
 max=   1562480.2296137281     
 min=   0.0000000000000000     
       n_pass,     n_total
      220000      221219
 max=   1562480.2296137281     
 min=   0.0000000000000000     
       n_pass,     n_total
      230000      231219
   122569.08155855596      +\-   10.821639898786874     
 precision:   8.8290127992979696E-005
 ====================NCALL=80K ===========================
  
 max=   1563748.6178057289     
 min=   0.0000000000000000     
       n_pass,     n_total
      240000      241782
 max=   1563748.6178057289     
 min=   0.0000000000000000     
       n_pass,     n_total
      250000      251782
 max=   1563748.6178057289     
 min=   0.0000000000000000     
       n_pass,     n_total
      260000      261782
 max=   1563748.6178057289     
 min=   0.0000000000000000     
       n_pass,     n_total
      270000      271782
 max=   1563748.6178057289     
 min=   0.0000000000000000     
       n_pass,     n_total
      280000      281782
 max=   1563748.6178057289     
 min=   0.0000000000000000     
       n_pass,     n_total
      290000      291782
 max=   1563748.6178057289     
 min=   0.0000000000000000     
       n_pass,     n_total
      300000      301782
 max=   1563748.6178057289     
 min=   0.0000000000000000     
       n_pass,     n_total
      310000      311782
   122553.95598845674      +\-   4.9743686166335559     
 precision:   4.0589212943090041E-005
 sigma (pb)                   sd (pb)
   122553.95598845674        4.9743686166335559     
