 =======================================================
 |                                                     |
 |         \/\/\/\/\/\___________/\/\/\/\/\/           |
 |                   |     \     |                     |
 |                   |     /     |                     |
 |                   |     \     |                     |
 |         /\/\/\/\/\|_____/_____|/\/\/\/\/\           |
 |                                                     |
 | Light-by-light scattering at next-to-leading order  |
 |                   (VERSION 0.5)                     |
 |                                                     |
 |    Authors:                                         |
 |            Ajjath A.H. (LPTHE Paris)                |
 |            Ekta Chaubey (Bonn)                      |
 |            Mathijs Fraaije (Bern)                   |
 |            Valentin Hirschi (Bern)                  |
 |            Hua-Sheng Shao (LPTHE Paris)             |
 |                                                     |
 |    Please cite                                      |
 |            PLB 851 (2024) 138555 [arXiv:2312.16956] |
 |            JHEP 03 (2024) 121    [arXiv:2312.16966] |
 |                                                     |
 =======================================================
 ---------------------------------------------------
         the cuts in the lab frame                  
 min transverse momentum of photon    0.0000000000000000     
 max (pseudo-)rapidity of photon    5.0000000000000000     
 min (pseudo-)rapidity of photon   -5.0000000000000000     
 min invariant mass of di-photon    0.0000000000000000     
 ---------------------------------------------------
 max=   1685267.0569533103     
 min=   0.0000000000000000     
       n_pass,     n_total
       10000       10000
  
 ====================NCALL=20K===========================
  
 ITERATION            1 :
   153201.56343982770      +\-   246.81369863599139     
 precision:   1.6110390331162078E-003
 max=   1695255.8219426253     
 min=   0.0000000000000000     
       n_pass,     n_total
       20000       20007
 max=   1695255.8219426253     
 min=   0.0000000000000000     
       n_pass,     n_total
       30000       30007
 ITERATION            2 :
   152685.99633333407      +\-   50.126895183246511     
 precision:   3.2830054089448226E-004
 max=   1696964.7989071086     
 min=   0.0000000000000000     
       n_pass,     n_total
       40000       40030
 max=   1696964.7989071086     
 min=   0.0000000000000000     
       n_pass,     n_total
       50000       50030
 ITERATION            3 :
   152611.75694888236      +\-   39.427785185101570     
 precision:   2.5835352382652926E-004
 WARNING: outside the range of the grid (xs,xt)=   575.62432741908935       -575.59602350466162     
 WARNING: set the 2-loop amplitudes to zero
 WARNING: outside the range of the grid (xs,xt)=   1.1688393693096809E-002  -1.1687818965311467E-002
 WARNING: set the 2-loop amplitudes to zero
 WARNING: outside the range of the grid (xs,xt)=   575.62432741908935       -575.59797577249844     
 WARNING: set the 2-loop amplitudes to zero
 WARNING: outside the range of the grid (xs,xt)=   1.1688393693096809E-002  -1.1687858607268875E-002
 WARNING: set the 2-loop amplitudes to zero
 WARNING: outside the range of the grid (xs,xt)=   575.62432741908935       -575.59634681484908     
 WARNING: set the 2-loop amplitudes to zero
 INFO: will suppress the further warning
 max=   1709003.9500996706     
 min=   0.0000000000000000     
       n_pass,     n_total
       60000       60079
 max=   1709003.9500996706     
 min=   0.0000000000000000     
       n_pass,     n_total
       70000       70079
 ITERATION            4 :
   152622.36947453953      +\-   33.641160989684515     
 precision:   2.2042090622434305E-004
 max=   1712586.5578941535     
 min=   0.0000000000000000     
       n_pass,     n_total
       80000       80151
 max=   1712586.5578941535     
 min=   0.0000000000000000     
       n_pass,     n_total
       90000       90151
 ITERATION            5 :
   152638.34358349742      +\-   29.840410823977489     
 precision:   1.9549747542729298E-004
 max=   1712586.5578941535     
 min=   0.0000000000000000     
       n_pass,     n_total
      100000      100258
 max=   1712586.5578941535     
 min=   0.0000000000000000     
       n_pass,     n_total
      110000      110258
 ITERATION            6 :
   152621.01764093144      +\-   28.510846631951004     
 precision:   1.8680812821618008E-004
 max=   1712586.5578941535     
 min=   0.0000000000000000     
       n_pass,     n_total
      120000      120378
 max=   1712586.5578941535     
 min=   0.0000000000000000     
       n_pass,     n_total
      130000      130378
 ITERATION            7 :
   152677.59227672982      +\-   27.444368719906024     
 precision:   1.7975374323537147E-004
 max=   1712586.5578941535     
 min=   0.0000000000000000     
       n_pass,     n_total
      140000      140521
 max=   1712586.5578941535     
 min=   0.0000000000000000     
       n_pass,     n_total
      150000      150521
 ITERATION            8 :
   152585.86805214660      +\-   27.101278831139897     
 precision:   1.7761329523568962E-004
 max=   1712586.5578941535     
 min=   0.0000000000000000     
       n_pass,     n_total
      160000      160673
 max=   1712586.5578941535     
 min=   0.0000000000000000     
       n_pass,     n_total
      170000      170673
 ITERATION            9 :
   152629.76918892702      +\-   26.300221496702068     
 precision:   1.7231383914462537E-004
 max=   1712586.5578941535     
 min=   0.0000000000000000     
       n_pass,     n_total
      180000      180834
 max=   1712586.5578941535     
 min=   0.0000000000000000     
       n_pass,     n_total
      190000      190834
 ITERATION           10 :
   152660.04791272225      +\-   26.308186977787347     
 precision:   1.7233184017358675E-004
 ====================NCALL=40K ===========================
  
 max=   1712586.5578941535     
 min=   0.0000000000000000     
       n_pass,     n_total
      200000      201098
 max=   1712586.5578941535     
 min=   0.0000000000000000     
       n_pass,     n_total
      210000      211098
 max=   1712586.5578941535     
 min=   0.0000000000000000     
       n_pass,     n_total
      220000      221098
 max=   1712586.5578941535     
 min=   0.0000000000000000     
       n_pass,     n_total
      230000      231098
   152657.08598202636      +\-   12.966536917106934     
 precision:   8.4938978323178510E-005
 ====================NCALL=80K ===========================
  
 max=   1712586.5578941535     
 min=   0.0000000000000000     
       n_pass,     n_total
      240000      241650
 max=   1712586.5578941535     
 min=   0.0000000000000000     
       n_pass,     n_total
      250000      251650
 max=   1712586.5578941535     
 min=   0.0000000000000000     
       n_pass,     n_total
      260000      261650
 max=   1712586.5578941535     
 min=   0.0000000000000000     
       n_pass,     n_total
      270000      271650
 max=   1712586.5578941535     
 min=   0.0000000000000000     
       n_pass,     n_total
      280000      281650
 max=   1712586.5578941535     
 min=   0.0000000000000000     
       n_pass,     n_total
      290000      291650
 max=   1712586.5578941535     
 min=   0.0000000000000000     
       n_pass,     n_total
      300000      301650
 max=   1712586.5578941535     
 min=   0.0000000000000000     
       n_pass,     n_total
      310000      311650
   152635.81860684580      +\-   5.9503068493520050     
 precision:   3.8983686160052675E-005
 sigma (pb)                   sd (pb)
   152635.81860684580        5.9503068493520050     
