 =======================================================
 |                                                     |
 |         \/\/\/\/\/\___________/\/\/\/\/\/           |
 |                   |     \     |                     |
 |                   |     /     |                     |
 |                   |     \     |                     |
 |         /\/\/\/\/\|_____/_____|/\/\/\/\/\           |
 |                                                     |
 | Light-by-light scattering at next-to-leading order  |
 |                   (VERSION 0.5)                     |
 |                                                     |
 |    Authors:                                         |
 |            Ajjath A.H. (LPTHE Paris)                |
 |            Ekta Chaubey (Bonn)                      |
 |            Mathijs Fraaije (Bern)                   |
 |            Valentin Hirschi (Bern)                  |
 |            Hua-Sheng Shao (LPTHE Paris)             |
 |                                                     |
 |    Please cite                                      |
 |            PLB 851 (2024) 138555 [arXiv:2312.16956] |
 |            JHEP 03 (2024) 121    [arXiv:2312.16966] |
 |                                                     |
 =======================================================
 ---------------------------------------------------
         the cuts in the lab frame                  
 min transverse momentum of photon    0.0000000000000000     
 max (pseudo-)rapidity of photon    5.0000000000000000     
 min (pseudo-)rapidity of photon   -5.0000000000000000     
 min invariant mass of di-photon    0.0000000000000000     
 ---------------------------------------------------
 max=   1053.0116970995318     
 min=   0.0000000000000000     
       n_pass,     n_total
       10000       10000
  
 ====================NCALL=20K===========================
  
 ITERATION            1 :
   45.481257018843429      +\-  0.12260235160999740     
 precision:   2.6956676144461395E-003
 max=   1183.5011982544563     
 min=   0.0000000000000000     
       n_pass,     n_total
       20000       20007
 max=   1183.5011982544563     
 min=   0.0000000000000000     
       n_pass,     n_total
       30000       30007
 ITERATION            2 :
   45.312586429659135      +\-   3.1339372425655147E-002
 precision:   6.9162621017682872E-004
 WARNING: outside the range of the grid (xs,xt)=   23.703818222321225       -23.702634083432862     
 WARNING: set the 2-loop amplitudes to zero
 WARNING: outside the range of the grid (xs,xt)=   23.011773356401381       -23.010623789041979     
 WARNING: set the 2-loop amplitudes to zero
 WARNING: outside the range of the grid (xs,xt)=   11.079387755102042       -11.078834277439622     
 WARNING: set the 2-loop amplitudes to zero
 WARNING: outside the range of the grid (xs,xt)=   1.1822937777777778       -1.1822347155614459     
 WARNING: set the 2-loop amplitudes to zero
 WARNING: outside the range of the grid (xs,xt)=  0.11790187257617729      -0.11789598271526884     
 WARNING: set the 2-loop amplitudes to zero
 INFO: will suppress the further warning
 max=   1183.5011982544563     
 min=   0.0000000000000000     
       n_pass,     n_total
       40000       40035
 max=   1183.5011982544563     
 min=   0.0000000000000000     
       n_pass,     n_total
       50000       50035
 ITERATION            3 :
   45.285428148554729      +\-   1.4506817727623895E-002
 precision:   3.2034184771391802E-004
 max=   1183.5011982544563     
 min=   0.0000000000000000     
       n_pass,     n_total
       60000       60115
 max=   1183.5011982544563     
 min=   0.0000000000000000     
       n_pass,     n_total
       70000       70115
 ITERATION            4 :
   45.294064753987911      +\-   1.1504310903334753E-002
 precision:   2.5399157628752797E-004
 max=   1183.5011982544563     
 min=   0.0000000000000000     
       n_pass,     n_total
       80000       80286
 max=   1183.5011982544563     
 min=   0.0000000000000000     
       n_pass,     n_total
       90000       90286
 ITERATION            5 :
   45.286927351000621      +\-   9.5313348882233133E-003
 precision:   2.1046547968136146E-004
 max=   1184.8292477392404     
 min=   0.0000000000000000     
       n_pass,     n_total
      100000      100561
 max=   1184.8292477392404     
 min=   0.0000000000000000     
       n_pass,     n_total
      110000      110561
 ITERATION            6 :
   45.292069692599213      +\-   8.2906366607083115E-003
 precision:   1.8304830662359891E-004
 max=   1184.8292477392404     
 min=   0.0000000000000000     
       n_pass,     n_total
      120000      120841
 max=   1184.8292477392404     
 min=   0.0000000000000000     
       n_pass,     n_total
      130000      130841
 ITERATION            7 :
   45.310218543448009      +\-   7.8446781987406636E-003
 precision:   1.7313264978447178E-004
 max=   1184.9759508675652     
 min=   0.0000000000000000     
       n_pass,     n_total
      140000      141194
 max=   1184.9759508675652     
 min=   0.0000000000000000     
       n_pass,     n_total
      150000      151194
 ITERATION            8 :
   45.280715116411173      +\-   7.7069654803945242E-003
 precision:   1.7020414674505160E-004
 max=   1184.9759508675652     
 min=   0.0000000000000000     
       n_pass,     n_total
      160000      161444
 max=   1184.9759508675652     
 min=   0.0000000000000000     
       n_pass,     n_total
      170000      171444
 ITERATION            9 :
   45.291878063042127      +\-   7.6463436058040899E-003
 precision:   1.6882372586009975E-004
 max=   1184.9759508675652     
 min=   0.0000000000000000     
       n_pass,     n_total
      180000      181822
 max=   1184.9759508675652     
 min=   0.0000000000000000     
       n_pass,     n_total
      190000      191822
 ITERATION           10 :
   45.301097253625827      +\-   8.0117338711657368E-003
 precision:   1.7685518358000679E-004
 ====================NCALL=40K ===========================
  
 max=   1184.9759508675652     
 min=   0.0000000000000000     
       n_pass,     n_total
      200000      202073
 max=   1184.9759508675652     
 min=   0.0000000000000000     
       n_pass,     n_total
      210000      212073
 max=   1184.9759508675652     
 min=   0.0000000000000000     
       n_pass,     n_total
      220000      222073
 max=   1184.9759508675652     
 min=   0.0000000000000000     
       n_pass,     n_total
      230000      232073
   45.297639467007734      +\-   4.4416008203019535E-003
 precision:   9.8053692699306489E-005
 ====================NCALL=80K ===========================
  
 max=   1184.9759508675652     
 min=   0.0000000000000000     
       n_pass,     n_total
      240000      243331
 max=   1184.9759508675652     
 min=   0.0000000000000000     
       n_pass,     n_total
      250000      253331
 max=   1184.9759508675652     
 min=   0.0000000000000000     
       n_pass,     n_total
      260000      263331
 max=   1184.9759508675652     
 min=   0.0000000000000000     
       n_pass,     n_total
      270000      273331
 max=   1184.9759508675652     
 min=   0.0000000000000000     
       n_pass,     n_total
      280000      283331
 max=   1184.9759508675652     
 min=   0.0000000000000000     
       n_pass,     n_total
      290000      293331
 max=   1184.9759508675652     
 min=   0.0000000000000000     
       n_pass,     n_total
      300000      303331
 max=   1184.9759508675652     
 min=   0.0000000000000000     
       n_pass,     n_total
      310000      313331
   45.296652359184762      +\-   1.9224527382584137E-003
 precision:   4.2441386683813064E-005
 sigma (pb)                   sd (pb)
   45.296652359184762        1.9224527382584137E-003
