 =======================================================
 |                                                     |
 |         \/\/\/\/\/\___________/\/\/\/\/\/           |
 |                   |     \     |                     |
 |                   |     /     |                     |
 |                   |     \     |                     |
 |         /\/\/\/\/\|_____/_____|/\/\/\/\/\           |
 |                                                     |
 | Light-by-light scattering at next-to-leading order  |
 |                   (VERSION 0.5)                     |
 |                                                     |
 |    Authors:                                         |
 |            Ajjath A.H. (LPTHE Paris)                |
 |            Ekta Chaubey (Bonn)                      |
 |            Mathijs Fraaije (Bern)                   |
 |            Valentin Hirschi (Bern)                  |
 |            Hua-Sheng Shao (LPTHE Paris)             |
 |                                                     |
 |    Please cite                                      |
 |            PLB 851 (2024) 138555 [arXiv:2312.16956] |
 |            JHEP 03 (2024) 121    [arXiv:2312.16966] |
 |                                                     |
 =======================================================
 ---------------------------------------------------
         the cuts in the lab frame                  
 min transverse momentum of photon    0.0000000000000000     
 max (pseudo-)rapidity of photon    5.0000000000000000     
 min (pseudo-)rapidity of photon   -5.0000000000000000     
 min invariant mass of di-photon    0.0000000000000000     
 ---------------------------------------------------
 max=   3133769.5578762288     
 min=   0.0000000000000000     
       n_pass,     n_total
       10000       10000
  
 ====================NCALL=20K===========================
  
 ITERATION            1 :
   1807821.8074252787      +\-   55.924550815150596     
 precision:   3.0934769447658677E-005
 WARNING: outside the range of the grid (xs,xt)=   7.0933909684818230       -7.0933908976576632     
 WARNING: set the 2-loop amplitudes to zero
 WARNING: outside the range of the grid (xs,xt)=   7.0933472040659797       -7.0933471332422560     
 WARNING: set the 2-loop amplitudes to zero
 WARNING: outside the range of the grid (xs,xt)=   7.0933815387425456       -7.0933814679184799     
 WARNING: set the 2-loop amplitudes to zero
 max=   6325989805137452.0     
 min=   0.0000000000000000     
       n_pass,     n_total
       20000       20003
 max=   6325989805137452.0     
 min=   0.0000000000000000     
       n_pass,     n_total
       30000       30003
 ITERATION            2 :
   193746559534.08145      +\-   117265781174.29285     
 precision:  0.60525348917829391     
 WARNING: outside the range of the grid (xs,xt)=   7.0933798103288117       -7.0933797395047629     
 WARNING: set the 2-loop amplitudes to zero
 WARNING: outside the range of the grid (xs,xt)=   7.0933560694497686       -7.0933559986259560     
 WARNING: set the 2-loop amplitudes to zero
 INFO: will suppress the further warning
 max=   6802068647501534.0     
 min=   0.0000000000000000     
       n_pass,     n_total
       40000       40068
 max=   6802068647501534.0     
 min=   0.0000000000000000     
       n_pass,     n_total
       50000       50068
 ITERATION            3 :
   122673152015.14595      +\-   51872300167.845772     
 precision:  0.42284965630818155     
 max=   6868898303652392.0     
 min=   0.0000000000000000     
       n_pass,     n_total
       60000       61302
 max=   6868898303652392.0     
 min=   0.0000000000000000     
       n_pass,     n_total
       70000       71302
 ITERATION            4 :
   50662425431.150597      +\-   4567197409.1758795     
 precision:   9.0149600424926868E-002
 max=   6874518363055757.0     
 min=   0.0000000000000000     
       n_pass,     n_total
       80000       87953
 max=   6874518363055757.0     
 min=   0.0000000000000000     
       n_pass,     n_total
       90000       97953
 ITERATION            5 :
   49734727586.920738      +\-   199963067.55277601     
 precision:   4.0205923959933864E-003
 max=   6876580028332133.0     
 min=   0.0000000000000000     
       n_pass,     n_total
      100000      112978
 ITERATION            6 :
   49698410848.533569      +\-   35552977.666404888     
 precision:   7.1537453732192996E-004
 max=   6876591890257942.0     
 min=   0.0000000000000000     
       n_pass,     n_total
      110000      126320
 max=   6876591890257942.0     
 min=   0.0000000000000000     
       n_pass,     n_total
      120000      136320
 ITERATION            7 :
   49666950103.541946      +\-   10109214.521036776     
 precision:   2.0354007040822601E-004
 max=   6876591890257942.0     
 min=   0.0000000000000000     
       n_pass,     n_total
      130000      148524
 ITERATION            8 :
   49665086852.067001      +\-   3245504.9174706470     
 precision:   6.5347815199392388E-005
 max=   6876600417514588.0     
 min=   0.0000000000000000     
       n_pass,     n_total
      140000      161018
 max=   6876600417514588.0     
 min=   0.0000000000000000     
       n_pass,     n_total
      150000      171018
 ITERATION            9 :
   49668495797.200943      +\-   1811197.1099812565     
 precision:   3.6465712941589144E-005
 max=   6876604378741860.0     
 min=   0.0000000000000000     
       n_pass,     n_total
      160000      182733
 max=   6876604378741860.0     
 min=   0.0000000000000000     
       n_pass,     n_total
      170000      192733
 ITERATION           10 :
   49666561948.960472      +\-   1038790.0297961280     
 precision:   2.0915279597239569E-005
 ====================NCALL=40K ===========================
  
 max=   6876604378741860.0     
 min=   0.0000000000000000     
       n_pass,     n_total
      180000      206257
 max=   6876604378741860.0     
 min=   0.0000000000000000     
       n_pass,     n_total
      190000      216257
 max=   6876604378741860.0     
 min=   0.0000000000000000     
       n_pass,     n_total
      200000      226257
   49667639597.137718      +\-   413131.17717063031     
 precision:   8.3179144513732548E-006
 ====================NCALL=80K ===========================
  
 max=   6876605453598025.0     
 min=   0.0000000000000000     
       n_pass,     n_total
      210000      239754
 max=   6876605453598025.0     
 min=   0.0000000000000000     
       n_pass,     n_total
      220000      249754
 max=   6876605453598025.0     
 min=   0.0000000000000000     
       n_pass,     n_total
      230000      259754
 max=   6876605453598025.0     
 min=   0.0000000000000000     
       n_pass,     n_total
      240000      269754
 max=   6876605453598025.0     
 min=   0.0000000000000000     
       n_pass,     n_total
      250000      279754
 max=   6876605453598025.0     
 min=   0.0000000000000000     
       n_pass,     n_total
      260000      289754
 max=   6876605453598025.0     
 min=   0.0000000000000000     
       n_pass,     n_total
      270000      299754
 max=   6876605453598025.0     
 min=   0.0000000000000000     
       n_pass,     n_total
      280000      309754
   49667146599.027245      +\-   159375.14002617067     
 precision:   3.2088644292944366E-006
 sigma (pb)                   sd (pb)
   49667146599.027245        159375.14002617067     
