 =======================================================
 |                                                     |
 |         \/\/\/\/\/\___________/\/\/\/\/\/           |
 |                   |     \     |                     |
 |                   |     /     |                     |
 |                   |     \     |                     |
 |         /\/\/\/\/\|_____/_____|/\/\/\/\/\           |
 |                                                     |
 | Light-by-light scattering at next-to-leading order  |
 |                   (VERSION 0.5)                     |
 |                                                     |
 |    Authors:                                         |
 |            Ajjath A.H. (LPTHE Paris)                |
 |            Ekta Chaubey (Bonn)                      |
 |            Mathijs Fraaije (Bern)                   |
 |            Valentin Hirschi (Bern)                  |
 |            Hua-Sheng Shao (LPTHE Paris)             |
 |                                                     |
 |    Please cite                                      |
 |            PLB 851 (2024) 138555 [arXiv:2312.16956] |
 |            JHEP 03 (2024) 121    [arXiv:2312.16966] |
 |                                                     |
 =======================================================
 ---------------------------------------------------
         the cuts in the lab frame                  
 min transverse momentum of photon    0.0000000000000000     
 max (pseudo-)rapidity of photon    5.0000000000000000     
 min (pseudo-)rapidity of photon   -5.0000000000000000     
 min invariant mass of di-photon    0.0000000000000000     
 ---------------------------------------------------
 WARNING: outside the range of the grid (xs,xt)=   3.6206922976203600E-002  -3.6206922614137244E-002
 WARNING: set the 2-loop amplitudes to zero
 WARNING: outside the range of the grid (xs,xt)=   3.6109170531782024E-002  -3.6109170170693171E-002
 WARNING: set the 2-loop amplitudes to zero
 WARNING: outside the range of the grid (xs,xt)=   3.6275846359515244E-002  -3.6275845996759655E-002
 WARNING: set the 2-loop amplitudes to zero
 WARNING: outside the range of the grid (xs,xt)=   3.6232071608255326E-002  -3.6232071245937469E-002
 WARNING: set the 2-loop amplitudes to zero
 WARNING: outside the range of the grid (xs,xt)=   3.6303690599904424E-002  -3.6303690236870398E-002
 WARNING: set the 2-loop amplitudes to zero
 INFO: will suppress the further warning
 max=  0.15891320369647646     
 min=   0.0000000000000000     
       n_pass,     n_total
       10000       10000
  
 ====================NCALL=20K===========================
  
 ITERATION            1 :
  0.11367824669939328      +\-   6.1772622611174974E-006
 precision:   5.4339879796461239E-005
 max=  0.16181036336840007     
 min=   0.0000000000000000     
       n_pass,     n_total
       20000       20002
 max=  0.16181036336840007     
 min=   0.0000000000000000     
       n_pass,     n_total
       30000       30002
 ITERATION            2 :
  0.11366461289688677      +\-   7.5333162937441820E-006
 precision:   6.6276707426771311E-005
 max=  0.16213574103047990     
 min=   0.0000000000000000     
       n_pass,     n_total
       40000       40011
 max=  0.16213574103047990     
 min=   0.0000000000000000     
       n_pass,     n_total
       50000       50011
 ITERATION            3 :
  0.11366606187297147      +\-   6.3064327331988854E-006
 precision:   5.5482108109337822E-005
 max=  0.16216499527064607     
 min=   0.0000000000000000     
       n_pass,     n_total
       60000       60033
 max=  0.16216499527064607     
 min=   0.0000000000000000     
       n_pass,     n_total
       70000       70033
 ITERATION            4 :
  0.11365809934661089      +\-   5.4702095161388447E-006
 precision:   4.8128637972881586E-005
 max=  0.16217479554210146     
 min=   0.0000000000000000     
       n_pass,     n_total
       80000       80063
 max=  0.16217479554210146     
 min=   0.0000000000000000     
       n_pass,     n_total
       90000       90063
 ITERATION            5 :
  0.11366136408862587      +\-   4.5910085088976081E-006
 precision:   4.0391988480076952E-005
 max=  0.16218200184741433     
 min=   0.0000000000000000     
       n_pass,     n_total
      100000      100100
 max=  0.16218200184741433     
 min=   0.0000000000000000     
       n_pass,     n_total
      110000      110100
 ITERATION            6 :
  0.11365956827838866      +\-   4.2112881253750855E-006
 precision:   3.7051769500481409E-005
 max=  0.16218200184741433     
 min=   0.0000000000000000     
       n_pass,     n_total
      120000      120140
 max=  0.16218200184741433     
 min=   0.0000000000000000     
       n_pass,     n_total
      130000      130140
 ITERATION            7 :
  0.11366215675495003      +\-   4.2568681327632731E-006
 precision:   3.7451938748099503E-005
 max=  0.16218200184741433     
 min=   0.0000000000000000     
       n_pass,     n_total
      140000      140185
 max=  0.16218200184741433     
 min=   0.0000000000000000     
       n_pass,     n_total
      150000      150185
 ITERATION            8 :
  0.11365709948172743      +\-   4.0464014334279790E-006
 precision:   3.5601836153477735E-005
 max=  0.16218200184741433     
 min=   0.0000000000000000     
       n_pass,     n_total
      160000      160242
 max=  0.16218200184741433     
 min=   0.0000000000000000     
       n_pass,     n_total
      170000      170242
 ITERATION            9 :
  0.11366639685318955      +\-   4.3769091227004575E-006
 precision:   3.8506623275422661E-005
 max=  0.16218200184741433     
 min=   0.0000000000000000     
       n_pass,     n_total
      180000      180301
 max=  0.16218200184741433     
 min=   0.0000000000000000     
       n_pass,     n_total
      190000      190301
 ITERATION           10 :
  0.11366208426684929      +\-   4.1343964280559490E-006
 precision:   3.6374455516313174E-005
 ====================NCALL=40K ===========================
  
 max=  0.16218200184741433     
 min=   0.0000000000000000     
       n_pass,     n_total
      200000      200413
 max=  0.16218200184741433     
 min=   0.0000000000000000     
       n_pass,     n_total
      210000      210413
 max=  0.16218200184741433     
 min=   0.0000000000000000     
       n_pass,     n_total
      220000      220413
 max=  0.16218200184741433     
 min=   0.0000000000000000     
       n_pass,     n_total
      230000      230413
  0.11366070505476013      +\-   2.1140237445540169E-006
 precision:   1.8599424871907228E-005
 ====================NCALL=80K ===========================
  
 max=  0.16218224646618332     
 min=   0.0000000000000000     
       n_pass,     n_total
      240000      240678
 max=  0.16218224646618332     
 min=   0.0000000000000000     
       n_pass,     n_total
      250000      250678
 max=  0.16218224646618332     
 min=   0.0000000000000000     
       n_pass,     n_total
      260000      260678
 max=  0.16218224646618332     
 min=   0.0000000000000000     
       n_pass,     n_total
      270000      270678
 max=  0.16218224646618332     
 min=   0.0000000000000000     
       n_pass,     n_total
      280000      280678
 max=  0.16218224646618332     
 min=   0.0000000000000000     
       n_pass,     n_total
      290000      290678
 max=  0.16218224646618332     
 min=   0.0000000000000000     
       n_pass,     n_total
      300000      300678
 max=  0.16218224646618332     
 min=   0.0000000000000000     
       n_pass,     n_total
      310000      310678
  0.11365953121636398      +\-   1.1023610893898842E-006
 precision:   9.6988002466015209E-006
 sigma (pb)                   sd (pb)
  0.11365953121636398        1.1023610893898842E-006
