 =======================================================
 |                                                     |
 |         \/\/\/\/\/\___________/\/\/\/\/\/           |
 |                   |     \     |                     |
 |                   |     /     |                     |
 |                   |     \     |                     |
 |         /\/\/\/\/\|_____/_____|/\/\/\/\/\           |
 |                                                     |
 | Light-by-light scattering at next-to-leading order  |
 |                   (VERSION 0.5)                     |
 |                                                     |
 |    Authors:                                         |
 |            Ajjath A.H. (LPTHE Paris)                |
 |            Ekta Chaubey (Bonn)                      |
 |            Mathijs Fraaije (Bern)                   |
 |            Valentin Hirschi (Bern)                  |
 |            Hua-Sheng Shao (LPTHE Paris)             |
 |                                                     |
 |    Please cite                                      |
 |            PLB 851 (2024) 138555 [arXiv:2312.16956] |
 |            JHEP 03 (2024) 121    [arXiv:2312.16966] |
 |                                                     |
 =======================================================
 ---------------------------------------------------
         the cuts in the lab frame                  
 min transverse momentum of photon    0.0000000000000000     
 max (pseudo-)rapidity of photon    5.0000000000000000     
 min (pseudo-)rapidity of photon   -5.0000000000000000     
 min invariant mass of di-photon    0.0000000000000000     
 ---------------------------------------------------
 WARNING: outside the range of the grid (xs,xt)=   5.9062858926440011E-002  -5.9062858335819049E-002
 WARNING: set the 2-loop amplitudes to zero
 WARNING: outside the range of the grid (xs,xt)=   5.8903399398813762E-002  -5.8903398809787344E-002
 WARNING: set the 2-loop amplitudes to zero
 WARNING: outside the range of the grid (xs,xt)=   5.9175290796663976E-002  -5.9175290204918719E-002
 WARNING: set the 2-loop amplitudes to zero
 WARNING: outside the range of the grid (xs,xt)=   5.9103882851837937E-002  -5.9103882260806741E-002
 WARNING: set the 2-loop amplitudes to zero
 WARNING: outside the range of the grid (xs,xt)=   5.9220711956675290E-002  -5.9220711364475834E-002
 WARNING: set the 2-loop amplitudes to zero
 INFO: will suppress the further warning
 max=  0.69535687084310993     
 min=   0.0000000000000000     
       n_pass,     n_total
       10000       10000
  
 ====================NCALL=20K===========================
  
 ITERATION            1 :
  0.49449508127324387      +\-   2.0240428254647493E-005
 precision:   4.0931505734155541E-005
 max=  0.70245036929314986     
 min=   0.0000000000000000     
       n_pass,     n_total
       20000       20002
 max=  0.70245036929314986     
 min=   0.0000000000000000     
       n_pass,     n_total
       30000       30002
 ITERATION            2 :
  0.49445389109397908      +\-   3.3246718283097416E-005
 precision:   6.7239269185523167E-005
 max=  0.70400525691226479     
 min=   0.0000000000000000     
       n_pass,     n_total
       40000       40012
 max=  0.70400525691226479     
 min=   0.0000000000000000     
       n_pass,     n_total
       50000       50012
 ITERATION            3 :
  0.49443308889198995      +\-   2.7217852952179715E-005
 precision:   5.5048607311404107E-005
 max=  0.70406494727788949     
 min=   0.0000000000000000     
       n_pass,     n_total
       60000       60036
 max=  0.70406494727788949     
 min=   0.0000000000000000     
       n_pass,     n_total
       70000       70036
 ITERATION            4 :
  0.49442738472776626      +\-   2.1325511927613378E-005
 precision:   4.3131737007963851E-005
 max=  0.70406494727788949     
 min=   0.0000000000000000     
       n_pass,     n_total
       80000       80068
 max=  0.70406494727788949     
 min=   0.0000000000000000     
       n_pass,     n_total
       90000       90068
 ITERATION            5 :
  0.49443409963015589      +\-   1.8573132050808188E-005
 precision:   3.7564423782059468E-005
 max=  0.70406494727788949     
 min=   0.0000000000000000     
       n_pass,     n_total
      100000      100109
 max=  0.70406494727788949     
 min=   0.0000000000000000     
       n_pass,     n_total
      110000      110109
 ITERATION            6 :
  0.49443204838369353      +\-   1.7681873731563211E-005
 precision:   3.5761989517802385E-005
 max=  0.70406809281120175     
 min=   0.0000000000000000     
       n_pass,     n_total
      120000      120150
 max=  0.70406809281120175     
 min=   0.0000000000000000     
       n_pass,     n_total
      130000      130150
 ITERATION            7 :
  0.49444905342770146      +\-   1.7058646089192612E-005
 precision:   3.4500310943940225E-005
 max=  0.70406809281120175     
 min=   0.0000000000000000     
       n_pass,     n_total
      140000      140199
 max=  0.70406809281120175     
 min=   0.0000000000000000     
       n_pass,     n_total
      150000      150199
 ITERATION            8 :
  0.49441574049620385      +\-   1.7526789689544040E-005
 precision:   3.5449497768727718E-005
 max=  0.70406809281120175     
 min=   0.0000000000000000     
       n_pass,     n_total
      160000      160260
 max=  0.70406809281120175     
 min=   0.0000000000000000     
       n_pass,     n_total
      170000      170260
 ITERATION            9 :
  0.49444279344385239      +\-   1.6967375470599015E-005
 precision:   3.4316154862768335E-005
 max=  0.70406809281120175     
 min=   0.0000000000000000     
       n_pass,     n_total
      180000      180320
 max=  0.70406809281120175     
 min=   0.0000000000000000     
       n_pass,     n_total
      190000      190320
 ITERATION           10 :
  0.49445851761736320      +\-   1.6308849331887339E-005
 precision:   3.2983250871022401E-005
 ====================NCALL=40K ===========================
  
 max=  0.70406809281120175     
 min=   0.0000000000000000     
       n_pass,     n_total
      200000      200444
 max=  0.70406809281120175     
 min=   0.0000000000000000     
       n_pass,     n_total
      210000      210444
 max=  0.70406809281120175     
 min=   0.0000000000000000     
       n_pass,     n_total
      220000      220444
 max=  0.70406809281120175     
 min=   0.0000000000000000     
       n_pass,     n_total
      230000      230444
  0.49443875177181756      +\-   8.4237153251861041E-006
 precision:   1.7036923774683485E-005
 ====================NCALL=80K ===========================
  
 max=  0.70406809281120175     
 min=   0.0000000000000000     
       n_pass,     n_total
      240000      240756
 max=  0.70406809281120175     
 min=   0.0000000000000000     
       n_pass,     n_total
      250000      250756
 max=  0.70406809281120175     
 min=   0.0000000000000000     
       n_pass,     n_total
      260000      260756
 max=  0.70406809281120175     
 min=   0.0000000000000000     
       n_pass,     n_total
      270000      270756
 max=  0.70406809281120175     
 min=   0.0000000000000000     
       n_pass,     n_total
      280000      280756
 max=  0.70406809281120175     
 min=   0.0000000000000000     
       n_pass,     n_total
      290000      290756
 max=  0.70406809281120175     
 min=   0.0000000000000000     
       n_pass,     n_total
      300000      300756
 max=  0.70406809281120175     
 min=   0.0000000000000000     
       n_pass,     n_total
      310000      310756
  0.49442914997554099      +\-   4.3833457389422273E-006
 precision:   8.8654678615916308E-006
 sigma (pb)                   sd (pb)
  0.49442914997554099        4.3833457389422273E-006
