 =======================================================
 |                                                     |
 |         \/\/\/\/\/\___________/\/\/\/\/\/           |
 |                   |     \     |                     |
 |                   |     /     |                     |
 |                   |     \     |                     |
 |         /\/\/\/\/\|_____/_____|/\/\/\/\/\           |
 |                                                     |
 | Light-by-light scattering at next-to-leading order  |
 |                   (VERSION 0.5)                     |
 |                                                     |
 |    Authors:                                         |
 |            Ajjath A.H. (LPTHE Paris)                |
 |            Ekta Chaubey (Bonn)                      |
 |            Mathijs Fraaije (Bern)                   |
 |            Valentin Hirschi (Bern)                  |
 |            Hua-Sheng Shao (LPTHE Paris)             |
 |                                                     |
 |    Please cite                                      |
 |            PLB 851 (2024) 138555 [arXiv:2312.16956] |
 |            JHEP 03 (2024) 121    [arXiv:2312.16966] |
 |                                                     |
 =======================================================
 ---------------------------------------------------
         the cuts in the lab frame                  
 min transverse momentum of photon    0.0000000000000000     
 max (pseudo-)rapidity of photon    5.0000000000000000     
 min (pseudo-)rapidity of photon   -5.0000000000000000     
 min invariant mass of di-photon    0.0000000000000000     
 ---------------------------------------------------
 max=   82955.872028319078     
 min=   0.0000000000000000     
       n_pass,     n_total
       10000       10000
  
 ====================NCALL=20K===========================
  
 ITERATION            1 :
   1222.2115042257865      +\-   10.300281656670920     
 precision:   8.4275770773370885E-003
 WARNING: outside the range of the grid (xs,xt)=  0.17614934283804856      -0.17614090725214226     
 WARNING: set the 2-loop amplitudes to zero
 WARNING: outside the range of the grid (xs,xt)=  0.17100657439446365      -0.17099838508972029     
 WARNING: set the 2-loop amplitudes to zero
 WARNING: outside the range of the grid (xs,xt)=   8.2333860891295310E-002  -8.2329918019040702E-002
 WARNING: set the 2-loop amplitudes to zero
 WARNING: outside the range of the grid (xs,xt)=   75705.745612187471       -75702.120152617645     
 WARNING: set the 2-loop amplitudes to zero
 WARNING: outside the range of the grid (xs,xt)=   1.5372501080907901       -1.5371764909819363     
 WARNING: set the 2-loop amplitudes to zero
 INFO: will suppress the further warning
 max=   90231.858995059840     
 min=   0.0000000000000000     
       n_pass,     n_total
       20000       20009
 max=   90231.858995059840     
 min=   0.0000000000000000     
       n_pass,     n_total
       30000       30009
 ITERATION            2 :
   1210.0473996840601      +\-   2.5930131162273899     
 precision:   2.1429021019378400E-003
 max=   91787.992416560650     
 min=   0.0000000000000000     
       n_pass,     n_total
       40000       40044
 max=   91787.992416560650     
 min=   0.0000000000000000     
       n_pass,     n_total
       50000       50044
 ITERATION            3 :
   1209.8027603962048      +\-  0.87490249533651709     
 precision:   7.2317779722207826E-004
 max=   92212.351639964400     
 min=   0.0000000000000000     
       n_pass,     n_total
       60000       60178
 max=   92212.351639964400     
 min=   0.0000000000000000     
       n_pass,     n_total
       70000       70178
 ITERATION            4 :
   1210.2430801142525      +\-  0.54233205433550746     
 precision:   4.4811828569539010E-004
 max=   92506.685469448727     
 min=   0.0000000000000000     
       n_pass,     n_total
       80000       80495
 max=   92506.685469448727     
 min=   0.0000000000000000     
       n_pass,     n_total
       90000       90495
 ITERATION            5 :
   1209.8862561054359      +\-  0.36562661343999597     
 precision:   3.0219916260304503E-004
 max=   92525.839134582449     
 min=   0.0000000000000000     
       n_pass,     n_total
      100000      100936
 max=   92525.839134582449     
 min=   0.0000000000000000     
       n_pass,     n_total
      110000      110936
 ITERATION            6 :
   1209.9659194817420      +\-  0.30477407109721666     
 precision:   2.5188649216480315E-004
 max=   92539.548375090235     
 min=   0.0000000000000000     
       n_pass,     n_total
      120000      121323
 max=   92539.548375090235     
 min=   0.0000000000000000     
       n_pass,     n_total
      130000      131323
 ITERATION            7 :
   1210.8493968624718      +\-  0.32500333987050717     
 precision:   2.6840938329130706E-004
 max=   92541.133685077075     
 min=   0.0000000000000000     
       n_pass,     n_total
      140000      141906
 max=   92541.133685077075     
 min=   0.0000000000000000     
       n_pass,     n_total
      150000      151906
 ITERATION            8 :
   1209.4691185957554      +\-  0.31631878642817984     
 precision:   2.6153523191682588E-004
 max=   92541.133685077075     
 min=   0.0000000000000000     
       n_pass,     n_total
      160000      162634
 max=   92541.133685077075     
 min=   0.0000000000000000     
       n_pass,     n_total
      170000      172634
 ITERATION            9 :
   1209.9357800995501      +\-  0.30492500388053795     
 precision:   2.5201751109091888E-004
 max=   92541.133685077075     
 min=   0.0000000000000000     
       n_pass,     n_total
      180000      183175
 max=   92541.133685077075     
 min=   0.0000000000000000     
       n_pass,     n_total
      190000      193175
 ITERATION           10 :
   1210.4895383471178      +\-  0.29551259919511763     
 precision:   2.4412652057995479E-004
 ====================NCALL=40K ===========================
  
 max=   92541.133685077075     
 min=   0.0000000000000000     
       n_pass,     n_total
      200000      204250
 max=   92541.133685077075     
 min=   0.0000000000000000     
       n_pass,     n_total
      210000      214250
 max=   92541.133685077075     
 min=   0.0000000000000000     
       n_pass,     n_total
      220000      224250
 max=   92541.133685077075     
 min=   0.0000000000000000     
       n_pass,     n_total
      230000      234250
   1210.1109645032041      +\-  0.16252221926542629     
 precision:   1.3430356722050505E-004
 ====================NCALL=80K ===========================
  
 max=   92541.133685077075     
 min=   0.0000000000000000     
       n_pass,     n_total
      240000      246581
 max=   92541.133685077075     
 min=   0.0000000000000000     
       n_pass,     n_total
      250000      256581
 max=   92541.133685077075     
 min=   0.0000000000000000     
       n_pass,     n_total
      260000      266581
 max=   92541.133685077075     
 min=   0.0000000000000000     
       n_pass,     n_total
      270000      276581
 max=   92541.133685077075     
 min=   0.0000000000000000     
       n_pass,     n_total
      280000      286581
 max=   92541.133685077075     
 min=   0.0000000000000000     
       n_pass,     n_total
      290000      296581
 max=   92541.133685077075     
 min=   0.0000000000000000     
       n_pass,     n_total
      300000      306581
   1209.9480774880935      +\-   7.5903633357862585E-002
 precision:   6.2732967447199820E-005
 sigma (pb)                   sd (pb)
   1209.9480774880935        7.5903633357862585E-002
