 =======================================================
 |                                                     |
 |         \/\/\/\/\/\___________/\/\/\/\/\/           |
 |                   |     \     |                     |
 |                   |     /     |                     |
 |                   |     \     |                     |
 |         /\/\/\/\/\|_____/_____|/\/\/\/\/\           |
 |                                                     |
 | Light-by-light scattering at next-to-leading order  |
 |                   (VERSION 0.5)                     |
 |                                                     |
 |    Authors:                                         |
 |            Ajjath A.H. (LPTHE Paris)                |
 |            Ekta Chaubey (Bonn)                      |
 |            Mathijs Fraaije (Bern)                   |
 |            Valentin Hirschi (Bern)                  |
 |            Hua-Sheng Shao (LPTHE Paris)             |
 |                                                     |
 |    Please cite                                      |
 |            PLB 851 (2024) 138555 [arXiv:2312.16956] |
 |            JHEP 03 (2024) 121    [arXiv:2312.16966] |
 |                                                     |
 =======================================================
 ---------------------------------------------------
         the cuts in the lab frame                  
 min transverse momentum of photon    0.0000000000000000     
 max (pseudo-)rapidity of photon    5.0000000000000000     
 min (pseudo-)rapidity of photon   -5.0000000000000000     
 min invariant mass of di-photon    0.0000000000000000     
 ---------------------------------------------------
 max=   6.8959739093721590E-007
 min=   0.0000000000000000     
       n_pass,     n_total
       10000       10000
  
 ====================NCALL=20K===========================
  
 ITERATION            1 :
   5.0867751524542426E-007 +\-   4.4202278493748571E-010
 precision:   8.6896466167611262E-004
 max=   2.1975797515872639E-006
 min=   0.0000000000000000     
       n_pass,     n_total
       20000       20002
 max=   2.1975797515872639E-006
 min=   0.0000000000000000     
       n_pass,     n_total
       30000       30002
 ITERATION            2 :
   5.0851473454244113E-007 +\-   2.4449326518323407E-010
 precision:   4.8079878236611536E-004
 max=   2.1982926154473297E-006
 min=   0.0000000000000000     
       n_pass,     n_total
       40000       40002
 max=   2.1982926154473297E-006
 min=   0.0000000000000000     
       n_pass,     n_total
       50000       50002
 ITERATION            3 :
   5.0873787814643767E-007 +\-   2.5540457329650329E-010
 precision:   5.0203569316886276E-004
 max=   2.1989472404444662E-006
 min=   0.0000000000000000     
       n_pass,     n_total
       60000       60002
 max=   2.1989472404444662E-006
 min=   0.0000000000000000     
       n_pass,     n_total
       70000       70002
 ITERATION            4 :
   5.0874981116762311E-007 +\-   2.0884424649304693E-010
 precision:   4.1050481377817523E-004
 max=   2.1989472404444662E-006
 min=   0.0000000000000000     
       n_pass,     n_total
       80000       80003
 max=   2.1989472404444662E-006
 min=   0.0000000000000000     
       n_pass,     n_total
       90000       90003
 ITERATION            5 :
   5.0804678227661325E-007 +\-   2.0600009944937140E-010
 precision:   4.0547466618381559E-004
 max=   2.1989472404444662E-006
 min=   0.0000000000000000     
       n_pass,     n_total
      100000      100004
 max=   2.1989472404444662E-006
 min=   0.0000000000000000     
       n_pass,     n_total
      110000      110004
 ITERATION            6 :
   5.0822704512208637E-007 +\-   2.6118874502635728E-010
 precision:   5.1392138126693846E-004
 max=   2.1989472404444662E-006
 min=   0.0000000000000000     
       n_pass,     n_total
      120000      120007
 max=   2.1989472404444662E-006
 min=   0.0000000000000000     
       n_pass,     n_total
      130000      130007
 ITERATION            7 :
   5.0835974371303271E-007 +\-   1.8195152723304889E-010
 precision:   3.5791883500468495E-004
 max=   2.1989785499844319E-006
 min=   0.0000000000000000     
       n_pass,     n_total
      140000      140009
 max=   2.1989785499844319E-006
 min=   0.0000000000000000     
       n_pass,     n_total
      150000      150009
 ITERATION            8 :
   5.0799096009676809E-007 +\-   2.8425959292026204E-010
 precision:   5.5957608549985405E-004
 max=   2.1989785499844319E-006
 min=   0.0000000000000000     
       n_pass,     n_total
      160000      160015
 max=   2.1989785499844319E-006
 min=   0.0000000000000000     
       n_pass,     n_total
      170000      170015
 ITERATION            9 :
   5.0796560165773802E-007 +\-   2.3998066948211837E-010
 precision:   4.7243488279313621E-004
 max=   2.1989785499844319E-006
 min=   0.0000000000000000     
       n_pass,     n_total
      180000      180018
 max=   2.1989785499844319E-006
 min=   0.0000000000000000     
       n_pass,     n_total
      190000      190018
 ITERATION           10 :
   5.0851596792467568E-007 +\-   2.6148814557707847E-010
 precision:   5.1421816043308911E-004
 ====================NCALL=40K ===========================
  
 max=   2.1989785499844319E-006
 min=   0.0000000000000000     
       n_pass,     n_total
      200000      200021
 max=   2.1989785499844319E-006
 min=   0.0000000000000000     
       n_pass,     n_total
      210000      210021
 max=   2.1989785499844319E-006
 min=   0.0000000000000000     
       n_pass,     n_total
      220000      220021
 max=   2.1989785499844319E-006
 min=   0.0000000000000000     
       n_pass,     n_total
      230000      230021
   5.0846983140392494E-007 +\-   1.2900916379853461E-010
 precision:   2.5372038974727414E-004
 ====================NCALL=80K ===========================
  
 max=   2.1990226867328139E-006
 min=   0.0000000000000000     
       n_pass,     n_total
      240000      240028
 max=   2.1990226867328139E-006
 min=   0.0000000000000000     
       n_pass,     n_total
      250000      250028
 max=   2.1990226867328139E-006
 min=   0.0000000000000000     
       n_pass,     n_total
      260000      260028
 max=   2.1990226867328139E-006
 min=   0.0000000000000000     
       n_pass,     n_total
      270000      270028
 max=   2.1990226867328139E-006
 min=   0.0000000000000000     
       n_pass,     n_total
      280000      280028
 max=   2.1990226867328139E-006
 min=   0.0000000000000000     
       n_pass,     n_total
      290000      290028
 max=   2.1990226867328139E-006
 min=   0.0000000000000000     
       n_pass,     n_total
      300000      300028
 max=   2.1990226867328139E-006
 min=   0.0000000000000000     
       n_pass,     n_total
      310000      310028
   5.0841482209792384E-007 +\-   6.8704396532009894E-011
 precision:   1.3513452705510816E-004
 sigma (pb)                   sd (pb)
   5.0841482209792384E-007   6.8704396532009894E-011
