 =======================================================
 |                                                     |
 |         \/\/\/\/\/\___________/\/\/\/\/\/           |
 |                   |     \     |                     |
 |                   |     /     |                     |
 |                   |     \     |                     |
 |         /\/\/\/\/\|_____/_____|/\/\/\/\/\           |
 |                                                     |
 | Light-by-light scattering at next-to-leading order  |
 |                   (VERSION 0.5)                     |
 |                                                     |
 |    Authors:                                         |
 |            Ajjath A.H. (LPTHE Paris)                |
 |            Ekta Chaubey (Bonn)                      |
 |            Mathijs Fraaije (Bern)                   |
 |            Valentin Hirschi (Bern)                  |
 |            Hua-Sheng Shao (LPTHE Paris)             |
 |                                                     |
 |    Please cite                                      |
 |            PLB 851 (2024) 138555 [arXiv:2312.16956] |
 |            JHEP 03 (2024) 121    [arXiv:2312.16966] |
 |                                                     |
 =======================================================
 ---------------------------------------------------
         the cuts in the lab frame                  
 min transverse momentum of photon    0.0000000000000000     
 max (pseudo-)rapidity of photon    5.0000000000000000     
 min (pseudo-)rapidity of photon   -5.0000000000000000     
 min invariant mass of di-photon    0.0000000000000000     
 ---------------------------------------------------
 max=   8.9910024456904757E-007
 min=   0.0000000000000000     
       n_pass,     n_total
       10000       10000
  
 ====================NCALL=20K===========================
  
 ITERATION            1 :
   3.1495441461301407E-007 +\-   5.2198000563042713E-010
 precision:   1.6573192227573197E-003
 max=   9.8805933133871924E-007
 min=   0.0000000000000000     
       n_pass,     n_total
       20000       20001
 max=   9.8805933133871924E-007
 min=   0.0000000000000000     
       n_pass,     n_total
       30000       30001
 ITERATION            2 :
   3.1453982020241551E-007 +\-   3.8451959812158864E-010
 precision:   1.2224830480100711E-003
 max=   9.8811220559481833E-007
 min=   0.0000000000000000     
       n_pass,     n_total
       40000       40001
 max=   9.8811220559481833E-007
 min=   0.0000000000000000     
       n_pass,     n_total
       50000       50001
 ITERATION            3 :
   3.1397661595088100E-007 +\-   3.3538017853906820E-010
 precision:   1.0681692887330679E-003
 max=   9.8845764077656808E-007
 min=   0.0000000000000000     
       n_pass,     n_total
       60000       60002
 max=   9.8845764077656808E-007
 min=   0.0000000000000000     
       n_pass,     n_total
       70000       70002
 ITERATION            4 :
   3.1477713817702889E-007 +\-   2.2757939812365151E-010
 precision:   7.2298579065059718E-004
 max=   9.8845764077656808E-007
 min=   0.0000000000000000     
       n_pass,     n_total
       80000       80003
 max=   9.8845764077656808E-007
 min=   0.0000000000000000     
       n_pass,     n_total
       90000       90003
 ITERATION            5 :
   3.1458992614928957E-007 +\-   2.0197417596757424E-010
 precision:   6.4202366057877780E-004
 max=   9.8865601547697310E-007
 min=   0.0000000000000000     
       n_pass,     n_total
      100000      100003
 max=   9.8865601547697310E-007
 min=   0.0000000000000000     
       n_pass,     n_total
      110000      110003
 ITERATION            6 :
   3.1433942225121225E-007 +\-   2.2137514022745363E-010
 precision:   7.0425509674232366E-004
 max=   9.8865601547697310E-007
 min=   0.0000000000000000     
       n_pass,     n_total
      120000      120006
 max=   9.8865601547697310E-007
 min=   0.0000000000000000     
       n_pass,     n_total
      130000      130006
 ITERATION            7 :
   3.1461333196545016E-007 +\-   4.2502387411668763E-010
 precision:   1.3509404431830067E-003
 max=   9.8865601547697310E-007
 min=   0.0000000000000000     
       n_pass,     n_total
      140000      140008
 max=   9.8865601547697310E-007
 min=   0.0000000000000000     
       n_pass,     n_total
      150000      150008
 ITERATION            8 :
   3.1370297978563986E-007 +\-   3.1367339352497819E-010
 precision:   9.9990568702700271E-004
 max=   9.8865601547697310E-007
 min=   0.0000000000000000     
       n_pass,     n_total
      160000      160012
 max=   9.8865601547697310E-007
 min=   0.0000000000000000     
       n_pass,     n_total
      170000      170012
 ITERATION            9 :
   3.1442754309411783E-007 +\-   2.2480787098520961E-010
 precision:   7.1497512200423773E-004
 max=   9.8870050476521135E-007
 min=   0.0000000000000000     
       n_pass,     n_total
      180000      180012
 max=   9.8870050476521135E-007
 min=   0.0000000000000000     
       n_pass,     n_total
      190000      190012
 ITERATION           10 :
   3.1597177581551239E-007 +\-   6.3697590437348902E-010
 precision:   2.0159265894223494E-003
 ====================NCALL=40K ===========================
  
 max=   9.8870050476521135E-007
 min=   0.0000000000000000     
       n_pass,     n_total
      200000      200013
 max=   9.8870050476521135E-007
 min=   0.0000000000000000     
       n_pass,     n_total
      210000      210013
 max=   9.8870050476521135E-007
 min=   0.0000000000000000     
       n_pass,     n_total
      220000      220013
 max=   9.8870050476521135E-007
 min=   0.0000000000000000     
       n_pass,     n_total
      230000      230013
   3.1484936612026049E-007 +\-   2.6357239014921025E-010
 precision:   8.3713806826765408E-004
 ====================NCALL=80K ===========================
  
 max=   9.8870050476521135E-007
 min=   0.0000000000000000     
       n_pass,     n_total
      240000      240016
 max=   9.8870050476521135E-007
 min=   0.0000000000000000     
       n_pass,     n_total
      250000      250016
 max=   9.8870050476521135E-007
 min=   0.0000000000000000     
       n_pass,     n_total
      260000      260016
 max=   9.8870050476521135E-007
 min=   0.0000000000000000     
       n_pass,     n_total
      270000      270016
 max=   9.8870050476521135E-007
 min=   0.0000000000000000     
       n_pass,     n_total
      280000      280016
 max=   9.8870050476521135E-007
 min=   0.0000000000000000     
       n_pass,     n_total
      290000      290016
 max=   9.8870050476521135E-007
 min=   0.0000000000000000     
       n_pass,     n_total
      300000      300016
 max=   9.8870050476521135E-007
 min=   0.0000000000000000     
       n_pass,     n_total
      310000      310016
   3.1442683475440290E-007 +\-   8.0982617593281381E-011
 precision:   2.5755631721617036E-004
 sigma (pb)                   sd (pb)
   3.1442683475440290E-007   8.0982617593281381E-011
