 =======================================================
 |                                                     |
 |         \/\/\/\/\/\___________/\/\/\/\/\/           |
 |                   |     \     |                     |
 |                   |     /     |                     |
 |                   |     \     |                     |
 |         /\/\/\/\/\|_____/_____|/\/\/\/\/\           |
 |                                                     |
 | Light-by-light scattering at next-to-leading order  |
 |                   (VERSION 0.5)                     |
 |                                                     |
 |    Authors:                                         |
 |            Ajjath A.H. (LPTHE Paris)                |
 |            Ekta Chaubey (Bonn)                      |
 |            Mathijs Fraaije (Bern)                   |
 |            Valentin Hirschi (Bern)                  |
 |            Hua-Sheng Shao (LPTHE Paris)             |
 |                                                     |
 |    Please cite                                      |
 |            PLB 851 (2024) 138555 [arXiv:2312.16956] |
 |            JHEP 03 (2024) 121    [arXiv:2312.16966] |
 |                                                     |
 =======================================================
 ---------------------------------------------------
         the cuts in the lab frame                  
 min transverse momentum of photon    0.0000000000000000     
 max (pseudo-)rapidity of photon    5.0000000000000000     
 min (pseudo-)rapidity of photon   -5.0000000000000000     
 min invariant mass of di-photon    0.0000000000000000     
 ---------------------------------------------------
 max=   126517.17610670133     
 min=   0.0000000000000000     
       n_pass,     n_total
       10000       10000
  
 ====================NCALL=20K===========================
  
 ITERATION            1 :
   1990.9273858443898      +\-   16.376727661666706     
 precision:   8.2256780323110724E-003
 WARNING: outside the range of the grid (xs,xt)=  0.10959064379594563      -0.10958532409222894     
 WARNING: set the 2-loop amplitudes to zero
 WARNING: outside the range of the grid (xs,xt)=  0.10639108996539791      -0.10638592557310030     
 WARNING: set the 2-loop amplitudes to zero
 WARNING: outside the range of the grid (xs,xt)=   5.1223698458975432E-002  -5.1221211979385242E-002
 WARNING: set the 2-loop amplitudes to zero
 WARNING: outside the range of the grid (xs,xt)=   47100.041743099951       -47097.755432348975     
 WARNING: set the 2-loop amplitudes to zero
 WARNING: outside the range of the grid (xs,xt)=  0.95639430898102262      -0.95634788408393401     
 WARNING: set the 2-loop amplitudes to zero
 INFO: will suppress the further warning
 max=   134190.89418063633     
 min=   0.0000000000000000     
       n_pass,     n_total
       20000       20009
 max=   134190.89418063633     
 min=   0.0000000000000000     
       n_pass,     n_total
       30000       30009
 ITERATION            2 :
   1970.9759369213989      +\-   3.9619673995279023     
 precision:   2.0101551344743297E-003
 max=   137292.05251167814     
 min=   0.0000000000000000     
       n_pass,     n_total
       40000       40044
 max=   137292.05251167814     
 min=   0.0000000000000000     
       n_pass,     n_total
       50000       50044
 ITERATION            3 :
   1970.2730163606911      +\-   1.3687592478089592     
 precision:   6.9470537151100338E-004
 max=   138323.53161640587     
 min=   0.0000000000000000     
       n_pass,     n_total
       60000       60174
 max=   138323.53161640587     
 min=   0.0000000000000000     
       n_pass,     n_total
       70000       70174
 ITERATION            4 :
   1971.1099768655356      +\-  0.85291758999108835     
 precision:   4.3270928563174350E-004
 max=   138530.84275004591     
 min=   0.0000000000000000     
       n_pass,     n_total
       80000       80484
 max=   138530.84275004591     
 min=   0.0000000000000000     
       n_pass,     n_total
       90000       90484
 ITERATION            5 :
   1970.3112671185706      +\-  0.58468666198833574     
 precision:   2.9674837257739239E-004
 max=   138611.51881962048     
 min=   0.0000000000000000     
       n_pass,     n_total
      100000      100896
 max=   138611.51881962048     
 min=   0.0000000000000000     
       n_pass,     n_total
      110000      110896
 ITERATION            6 :
   1970.6095417761485      +\-  0.47084839400106382     
 precision:   2.3893540755754133E-004
 max=   138611.51881962048     
 min=   0.0000000000000000     
       n_pass,     n_total
      120000      121253
 max=   138611.51881962048     
 min=   0.0000000000000000     
       n_pass,     n_total
      130000      131253
 ITERATION            7 :
   1971.7551065687132      +\-  0.54931625040721965     
 precision:   2.7859253341209827E-004
 max=   138611.51881962048     
 min=   0.0000000000000000     
       n_pass,     n_total
      140000      141659
 max=   138611.51881962048     
 min=   0.0000000000000000     
       n_pass,     n_total
      150000      151659
 ITERATION            8 :
   1969.8524705920436      +\-  0.52709706914154952     
 precision:   2.6758200271877685E-004
 max=   138611.51881962048     
 min=   0.0000000000000000     
       n_pass,     n_total
      160000      162261
 max=   138611.51881962048     
 min=   0.0000000000000000     
       n_pass,     n_total
      170000      172261
 ITERATION            9 :
   1970.6138169446303      +\-  0.49786312338833261     
 precision:   2.5264367838456162E-004
 max=   138611.51881962048     
 min=   0.0000000000000000     
       n_pass,     n_total
      180000      182921
 max=   138611.51881962048     
 min=   0.0000000000000000     
       n_pass,     n_total
      190000      192921
 ITERATION           10 :
   1971.1465944550093      +\-  0.49305343296594156     
 precision:   2.5013534475464163E-004
 ====================NCALL=40K ===========================
  
 max=   138619.22900276748     
 min=   0.0000000000000000     
       n_pass,     n_total
      200000      204003
 max=   138619.22900276748     
 min=   0.0000000000000000     
       n_pass,     n_total
      210000      214003
 max=   138619.22900276748     
 min=   0.0000000000000000     
       n_pass,     n_total
      220000      224003
 max=   138619.22900276748     
 min=   0.0000000000000000     
       n_pass,     n_total
      230000      234003
   1970.8050780174781      +\-  0.24188972461605882     
 precision:   1.2273650363200131E-004
 ====================NCALL=80K ===========================
  
 max=   138624.41010806500     
 min=   0.0000000000000000     
       n_pass,     n_total
      240000      246469
 max=   138624.41010806500     
 min=   0.0000000000000000     
       n_pass,     n_total
      250000      256469
 max=   138624.41010806500     
 min=   0.0000000000000000     
       n_pass,     n_total
      260000      266469
 max=   138624.41010806500     
 min=   0.0000000000000000     
       n_pass,     n_total
      270000      276469
 max=   138624.41010806500     
 min=   0.0000000000000000     
       n_pass,     n_total
      280000      286469
 max=   138624.41010806500     
 min=   0.0000000000000000     
       n_pass,     n_total
      290000      296469
 max=   138624.41010806500     
 min=   0.0000000000000000     
       n_pass,     n_total
      300000      306469
   1970.5990076840528      +\-  0.11999635048239422     
 precision:   6.0893337515388266E-005
 sigma (pb)                   sd (pb)
   1970.5990076840528       0.11999635048239422     
