 =======================================================
 |                                                     |
 |         \/\/\/\/\/\___________/\/\/\/\/\/           |
 |                   |     \     |                     |
 |                   |     /     |                     |
 |                   |     \     |                     |
 |         /\/\/\/\/\|_____/_____|/\/\/\/\/\           |
 |                                                     |
 | Light-by-light scattering at next-to-leading order  |
 |                   (VERSION 0.5)                     |
 |                                                     |
 |    Authors:                                         |
 |            Ajjath A.H. (LPTHE Paris)                |
 |            Ekta Chaubey (Bonn)                      |
 |            Mathijs Fraaije (Bern)                   |
 |            Valentin Hirschi (Bern)                  |
 |            Hua-Sheng Shao (LPTHE Paris)             |
 |                                                     |
 |    Please cite                                      |
 |            PLB 851 (2024) 138555 [arXiv:2312.16956] |
 |            JHEP 03 (2024) 121    [arXiv:2312.16966] |
 |                                                     |
 =======================================================
 ---------------------------------------------------
         the cuts in the lab frame                  
 min transverse momentum of photon    0.0000000000000000     
 max (pseudo-)rapidity of photon    5.0000000000000000     
 min (pseudo-)rapidity of photon   -5.0000000000000000     
 min invariant mass of di-photon    0.0000000000000000     
 ---------------------------------------------------
 max=   3125137.7355709956     
 min=   0.0000000000000000     
       n_pass,     n_total
       10000       10000
  
 ====================NCALL=20K===========================
  
 ITERATION            1 :
   1841162.0126615195      +\-   59.367339211939488     
 precision:   3.2244494945949993E-005
 max=   4105473.9170043492     
 min=   0.0000000000000000     
       n_pass,     n_total
       20000       20002
 max=   4105473.9170043492     
 min=   0.0000000000000000     
       n_pass,     n_total
       30000       30002
 WARNING: outside the range of the grid (xs,xt)=   9.5240482381731084       -4.6130878108026569E-004
 WARNING: set the 2-loop amplitudes to zero
 ITERATION            2 :
   1841076.4440693464      +\-   84.023932553396747     
 precision:   4.5638481131005051E-005
 WARNING: outside the range of the grid (xs,xt)=   9.5240482381731084       -9.5236048887061635     
 WARNING: set the 2-loop amplitudes to zero
 WARNING: outside the range of the grid (xs,xt)=   9.5240482381731084       -9.5236143943806635     
 WARNING: set the 2-loop amplitudes to zero
 WARNING: outside the range of the grid (xs,xt)=   9.5240482381731084       -9.5235859208018248     
 WARNING: set the 2-loop amplitudes to zero
 max=   4105473.9170043492     
 min=   0.0000000000000000     
       n_pass,     n_total
       40000       40016
 max=   4105473.9170043492     
 min=   0.0000000000000000     
       n_pass,     n_total
       50000       50016
 ITERATION            3 :
   1840992.0530483576      +\-   93.572243626507529     
 precision:   5.0827076342653641E-005
 max=   9089379.8480490353     
 min=   0.0000000000000000     
       n_pass,     n_total
       60000       60044
 max=   9089379.8480490353     
 min=   0.0000000000000000     
       n_pass,     n_total
       70000       70044
 ITERATION            4 :
   1840965.7164369000      +\-   90.274785098086866     
 precision:   4.9036646523113613E-005
 WARNING: outside the range of the grid (xs,xt)=   9.5240482381731084       -9.5235940004523592     
 WARNING: set the 2-loop amplitudes to zero
 INFO: will suppress the further warning
 max=   9089379.8480490353     
 min=   0.0000000000000000     
       n_pass,     n_total
       80000       80082
 max=   9089379.8480490353     
 min=   0.0000000000000000     
       n_pass,     n_total
       90000       90082
 ITERATION            5 :
   1840924.2278992403      +\-   67.451227473704051     
 precision:   3.6639871675042062E-005
 max=   9089379.8480490353     
 min=   0.0000000000000000     
       n_pass,     n_total
      100000      100147
 max=   9089379.8480490353     
 min=   0.0000000000000000     
       n_pass,     n_total
      110000      110147
 ITERATION            6 :
   1840932.8958654478      +\-   57.754243364212805     
 precision:   3.1372269730158602E-005
 max=   9089379.8480490353     
 min=   0.0000000000000000     
       n_pass,     n_total
      120000      120219
 max=   9089379.8480490353     
 min=   0.0000000000000000     
       n_pass,     n_total
      130000      130219
 ITERATION            7 :
   1840962.7746849083      +\-   52.528373637323760     
 precision:   2.8533099288938256E-005
 max=   9089379.8480490353     
 min=   0.0000000000000000     
       n_pass,     n_total
      140000      140319
 max=   9089379.8480490353     
 min=   0.0000000000000000     
       n_pass,     n_total
      150000      150319
 ITERATION            8 :
   1840826.3589641722      +\-   50.851735115136400     
 precision:   2.7624406217080967E-005
 max=   9089379.8480490353     
 min=   0.0000000000000000     
       n_pass,     n_total
      160000      160451
 max=   9089379.8480490353     
 min=   0.0000000000000000     
       n_pass,     n_total
      170000      170451
 ITERATION            9 :
   1840906.2062679015      +\-   49.147038672571753     
 precision:   2.6697198643383537E-005
 max=   9089379.8480490353     
 min=   0.0000000000000000     
       n_pass,     n_total
      180000      180606
 max=   9089379.8480490353     
 min=   0.0000000000000000     
       n_pass,     n_total
      190000      190606
 ITERATION           10 :
   1840946.3162152846      +\-   48.196634704523333     
 precision:   2.6180358590579946E-005
 ====================NCALL=40K ===========================
  
 max=   9204230.7966274433     
 min=   0.0000000000000000     
       n_pass,     n_total
      200000      200885
 max=   9204230.7966274433     
 min=   0.0000000000000000     
       n_pass,     n_total
      210000      210885
 max=   9204230.7966274433     
 min=   0.0000000000000000     
       n_pass,     n_total
      220000      220885
 max=   9204230.7966274433     
 min=   0.0000000000000000     
       n_pass,     n_total
      230000      230885
   1840935.7324845619      +\-   23.949960041431666     
 precision:   1.3009666561856750E-005
 ====================NCALL=80K ===========================
  
 max=   9204230.7966274433     
 min=   0.0000000000000000     
       n_pass,     n_total
      240000      241541
 max=   9204230.7966274433     
 min=   0.0000000000000000     
       n_pass,     n_total
      250000      251541
 max=   9204230.7966274433     
 min=   0.0000000000000000     
       n_pass,     n_total
      260000      261541
 max=   9204230.7966274433     
 min=   0.0000000000000000     
       n_pass,     n_total
      270000      271541
 max=   9204230.7966274433     
 min=   0.0000000000000000     
       n_pass,     n_total
      280000      281541
 max=   9204230.7966274433     
 min=   0.0000000000000000     
       n_pass,     n_total
      290000      291541
 max=   9204230.7966274433     
 min=   0.0000000000000000     
       n_pass,     n_total
      300000      301541
 max=   9204230.7966274433     
 min=   0.0000000000000000     
       n_pass,     n_total
      310000      311541
   1840913.0877969423      +\-   11.422747268597835     
 precision:   6.2049356617197317E-006
 sigma (pb)                   sd (pb)
   1840913.0877969423        11.422747268597835     
