 =======================================================
 |                                                     |
 |         \/\/\/\/\/\___________/\/\/\/\/\/           |
 |                   |     \     |                     |
 |                   |     /     |                     |
 |                   |     \     |                     |
 |         /\/\/\/\/\|_____/_____|/\/\/\/\/\           |
 |                                                     |
 | Light-by-light scattering at next-to-leading order  |
 |                   (VERSION 0.5)                     |
 |                                                     |
 |    Authors:                                         |
 |            Ajjath A.H. (LPTHE Paris)                |
 |            Ekta Chaubey (Bonn)                      |
 |            Mathijs Fraaije (Bern)                   |
 |            Valentin Hirschi (Bern)                  |
 |            Hua-Sheng Shao (LPTHE Paris)             |
 |                                                     |
 |    Please cite                                      |
 |            PLB 851 (2024) 138555 [arXiv:2312.16956] |
 |            JHEP 03 (2024) 121    [arXiv:2312.16966] |
 |                                                     |
 =======================================================
 ---------------------------------------------------
         the cuts in the lab frame                  
 min transverse momentum of photon    0.0000000000000000     
 max (pseudo-)rapidity of photon    5.0000000000000000     
 min (pseudo-)rapidity of photon   -5.0000000000000000     
 min invariant mass of di-photon    0.0000000000000000     
 ---------------------------------------------------
 max=   106136.69160981127     
 min=   0.0000000000000000     
       n_pass,     n_total
       10000       10000
  
 ====================NCALL=20K===========================
  
 ITERATION            1 :
   1621.9136185054260      +\-   13.487071748033836     
 precision:   8.3155302441211450E-003
 WARNING: outside the range of the grid (xs,xt)=  0.13393415014479837      -0.13392768912748262     
 WARNING: set the 2-loop amplitudes to zero
 WARNING: outside the range of the grid (xs,xt)=  0.13002387543252594      -0.13001760304785240     
 WARNING: set the 2-loop amplitudes to zero
 WARNING: outside the range of the grid (xs,xt)=   6.2602082465639322E-002  -6.2599062525330026E-002
 WARNING: set the 2-loop amplitudes to zero
 WARNING: outside the range of the grid (xs,xt)=   57562.432741908931       -57559.655915578376     
 WARNING: set the 2-loop amplitudes to zero
 WARNING: outside the range of the grid (xs,xt)=   1.1688393693096808       -1.1687829842025494     
 WARNING: set the 2-loop amplitudes to zero
 INFO: will suppress the further warning
 max=   113904.91457672605     
 min=   0.0000000000000000     
       n_pass,     n_total
       20000       20009
 max=   113904.91457672605     
 min=   0.0000000000000000     
       n_pass,     n_total
       30000       30009
 ITERATION            2 :
   1605.7473141173200      +\-   3.3260764940593499     
 precision:   2.0713573454660865E-003
 max=   116445.35624821848     
 min=   0.0000000000000000     
       n_pass,     n_total
       40000       40044
 max=   116445.35624821848     
 min=   0.0000000000000000     
       n_pass,     n_total
       50000       50044
 ITERATION            3 :
   1605.2760800770097      +\-   1.1353004098358799     
 precision:   7.0723062775682557E-004
 max=   117257.39230682301     
 min=   0.0000000000000000     
       n_pass,     n_total
       60000       60177
 max=   117257.39230682301     
 min=   0.0000000000000000     
       n_pass,     n_total
       70000       70177
 ITERATION            4 :
   1605.9045619120579      +\-  0.70613228650610349     
 precision:   4.3970999476167656E-004
 max=   117405.93359438307     
 min=   0.0000000000000000     
       n_pass,     n_total
       80000       80490
 max=   117405.93359438307     
 min=   0.0000000000000000     
       n_pass,     n_total
       90000       90490
 ITERATION            5 :
   1605.3682240407315      +\-  0.47765480525287368     
 precision:   2.9753597841285950E-004
 max=   117478.52387768365     
 min=   0.0000000000000000     
       n_pass,     n_total
      100000      100913
 max=   117478.52387768365     
 min=   0.0000000000000000     
       n_pass,     n_total
      110000      110913
 ITERATION            6 :
   1605.4812901820580      +\-  0.37832182001238723     
 precision:   2.3564386724773753E-004
 max=   117478.52387768365     
 min=   0.0000000000000000     
       n_pass,     n_total
      120000      121196
 max=   117478.52387768365     
 min=   0.0000000000000000     
       n_pass,     n_total
      130000      131196
 ITERATION            7 :
   1606.6637309163318      +\-  0.48639507756345995     
 precision:   3.0273607862303160E-004
 max=   117478.52387768365     
 min=   0.0000000000000000     
       n_pass,     n_total
      140000      141660
 max=   117478.52387768365     
 min=   0.0000000000000000     
       n_pass,     n_total
      150000      151660
 ITERATION            8 :
   1605.1012428942161      +\-  0.49190595580649255     
 precision:   3.0646412990093956E-004
 max=   117478.52387768365     
 min=   0.0000000000000000     
       n_pass,     n_total
      160000      162108
 max=   117478.52387768365     
 min=   0.0000000000000000     
       n_pass,     n_total
      170000      172108
 ITERATION            9 :
   1605.4134968754374      +\-  0.43042840319641001     
 precision:   2.6811061700561159E-004
 max=   117478.52387768365     
 min=   0.0000000000000000     
       n_pass,     n_total
      180000      182744
 max=   117478.52387768365     
 min=   0.0000000000000000     
       n_pass,     n_total
      190000      192744
 ITERATION           10 :
   1605.9780444041348      +\-  0.40881744205912812     
 precision:   2.5455979518749361E-004
 ====================NCALL=40K ===========================
  
 max=   117478.52387768365     
 min=   0.0000000000000000     
       n_pass,     n_total
      200000      203840
 max=   117478.52387768365     
 min=   0.0000000000000000     
       n_pass,     n_total
      210000      213840
 max=   117478.52387768365     
 min=   0.0000000000000000     
       n_pass,     n_total
      220000      223840
 max=   117478.52387768365     
 min=   0.0000000000000000     
       n_pass,     n_total
      230000      233840
   1605.7445277306797      +\-  0.19480859258232791     
 precision:   1.2131979229450738E-004
 ====================NCALL=80K ===========================
  
 max=   117478.52387768365     
 min=   0.0000000000000000     
       n_pass,     n_total
      240000      246421
 max=   117478.52387768365     
 min=   0.0000000000000000     
       n_pass,     n_total
      250000      256421
 max=   117478.52387768365     
 min=   0.0000000000000000     
       n_pass,     n_total
      260000      266421
 max=   117478.52387768365     
 min=   0.0000000000000000     
       n_pass,     n_total
      270000      276421
 max=   117478.52387768365     
 min=   0.0000000000000000     
       n_pass,     n_total
      280000      286421
 max=   117478.52387768365     
 min=   0.0000000000000000     
       n_pass,     n_total
      290000      296421
 max=   117478.52387768365     
 min=   0.0000000000000000     
       n_pass,     n_total
      300000      306421
   1605.5199356777432      +\-   9.5435752776367441E-002
 precision:   5.9442272036367361E-005
 sigma (pb)                   sd (pb)
   1605.5199356777432        9.5435752776367441E-002
