 =======================================================
 |                                                     |
 |         \/\/\/\/\/\___________/\/\/\/\/\/           |
 |                   |     \     |                     |
 |                   |     /     |                     |
 |                   |     \     |                     |
 |         /\/\/\/\/\|_____/_____|/\/\/\/\/\           |
 |                                                     |
 | Light-by-light scattering at next-to-leading order  |
 |                   (VERSION 0.5)                     |
 |                                                     |
 |    Authors:                                         |
 |            Ajjath A.H. (LPTHE Paris)                |
 |            Ekta Chaubey (Bonn)                      |
 |            Mathijs Fraaije (Bern)                   |
 |            Valentin Hirschi (Bern)                  |
 |            Hua-Sheng Shao (LPTHE Paris)             |
 |                                                     |
 |    Please cite                                      |
 |            PLB 851 (2024) 138555 [arXiv:2312.16956] |
 |            JHEP 03 (2024) 121    [arXiv:2312.16966] |
 |                                                     |
 =======================================================
 ---------------------------------------------------
         the cuts in the lab frame                  
 min transverse momentum of photon    0.0000000000000000     
 max (pseudo-)rapidity of photon    5.0000000000000000     
 min (pseudo-)rapidity of photon   -5.0000000000000000     
 min invariant mass of di-photon    0.0000000000000000     
 ---------------------------------------------------
 max=   2.0543337001750637E-006
 min=   0.0000000000000000     
       n_pass,     n_total
       10000       10000
  
 ====================NCALL=20K===========================
  
 ITERATION            1 :
   7.1550649406337153E-007 +\-   4.7101831257529398E-010
 precision:   6.5830054162104707E-004
 max=   2.0543337001750637E-006
 min=   0.0000000000000000     
       n_pass,     n_total
       20000       20001
 max=   2.0543337001750637E-006
 min=   0.0000000000000000     
       n_pass,     n_total
       30000       30001
 ITERATION            2 :
   7.1499933771416679E-007 +\-   4.2624814317824467E-010
 precision:   5.9615180140019182E-004
 max=   2.0543726169806451E-006
 min=   0.0000000000000000     
       n_pass,     n_total
       40000       40001
 max=   2.0543726169806451E-006
 min=   0.0000000000000000     
       n_pass,     n_total
       50000       50001
 ITERATION            3 :
   7.1535741225565832E-007 +\-   4.4993203007742774E-010
 precision:   6.2896116314599480E-004
 max=   2.0543726169806451E-006
 min=   0.0000000000000000     
       n_pass,     n_total
       60000       60001
 max=   2.0543726169806451E-006
 min=   0.0000000000000000     
       n_pass,     n_total
       70000       70001
 ITERATION            4 :
   7.1563144975966279E-007 +\-   3.7229481965654689E-010
 precision:   5.2023261384275118E-004
 max=   2.0543726169806451E-006
 min=   0.0000000000000000     
       n_pass,     n_total
       80000       80002
 max=   2.0543726169806451E-006
 min=   0.0000000000000000     
       n_pass,     n_total
       90000       90002
 ITERATION            5 :
   7.1567966459525506E-007 +\-   4.0210700583272398E-010
 precision:   5.6185333428487351E-004
 max=   2.0543726169806451E-006
 min=   0.0000000000000000     
       n_pass,     n_total
      100000      100003
 max=   2.0543726169806451E-006
 min=   0.0000000000000000     
       n_pass,     n_total
      110000      110003
 ITERATION            6 :
   7.1493919223021646E-007 +\-   3.3307262603041054E-010
 precision:   4.6587546136813037E-004
 max=   2.0543726169806451E-006
 min=   0.0000000000000000     
       n_pass,     n_total
      120000      120006
 max=   2.0543726169806451E-006
 min=   0.0000000000000000     
       n_pass,     n_total
      130000      130006
 ITERATION            7 :
   7.1509717563737192E-007 +\-   3.6997899018460913E-010
 precision:   5.1738281563599216E-004
 max=   2.0543726169806451E-006
 min=   0.0000000000000000     
       n_pass,     n_total
      140000      140008
 max=   2.0543726169806451E-006
 min=   0.0000000000000000     
       n_pass,     n_total
      150000      150008
 ITERATION            8 :
   7.1520327192888783E-007 +\-   4.0856279890259949E-010
 precision:   5.7125409647625688E-004
 max=   2.0543726169806451E-006
 min=   0.0000000000000000     
       n_pass,     n_total
      160000      160012
 max=   2.0543726169806451E-006
 min=   0.0000000000000000     
       n_pass,     n_total
      170000      170012
 ITERATION            9 :
   7.1418081733176603E-007 +\-   4.0322344156356388E-010
 precision:   5.6459573231053359E-004
 max=   2.0543726169806451E-006
 min=   0.0000000000000000     
       n_pass,     n_total
      180000      180015
 max=   2.0543726169806451E-006
 min=   0.0000000000000000     
       n_pass,     n_total
      190000      190015
 ITERATION           10 :
   7.1510306843111685E-007 +\-   3.3074026282268281E-010
 precision:   4.6250712299179814E-004
 ====================NCALL=40K ===========================
  
 max=   2.0543726169806451E-006
 min=   0.0000000000000000     
       n_pass,     n_total
      200000      200018
 max=   2.0543726169806451E-006
 min=   0.0000000000000000     
       n_pass,     n_total
      210000      210018
 max=   2.0543726169806451E-006
 min=   0.0000000000000000     
       n_pass,     n_total
      220000      220018
 max=   2.0543726169806451E-006
 min=   0.0000000000000000     
       n_pass,     n_total
      230000      230018
   7.1559136796424230E-007 +\-   3.9270241031097036E-010
 precision:   5.4878025070111450E-004
 ====================NCALL=80K ===========================
  
 max=   2.0543726169806451E-006
 min=   0.0000000000000000     
       n_pass,     n_total
      240000      240023
 max=   2.0543726169806451E-006
 min=   0.0000000000000000     
       n_pass,     n_total
      250000      250023
 max=   2.0543726169806451E-006
 min=   0.0000000000000000     
       n_pass,     n_total
      260000      260023
 max=   2.0543726169806451E-006
 min=   0.0000000000000000     
       n_pass,     n_total
      270000      270023
 max=   2.0543726169806451E-006
 min=   0.0000000000000000     
       n_pass,     n_total
      280000      280023
 max=   2.0543726169806451E-006
 min=   0.0000000000000000     
       n_pass,     n_total
      290000      290023
 max=   2.0543726169806451E-006
 min=   0.0000000000000000     
       n_pass,     n_total
      300000      300023
 max=   2.0543726169806451E-006
 min=   0.0000000000000000     
       n_pass,     n_total
      310000      310023
   7.1525382769860965E-007 +\-   1.6118004279742826E-010
 precision:   2.2534663437739135E-004
 sigma (pb)                   sd (pb)
   7.1525382769860965E-007   1.6118004279742826E-010
