 =======================================================
 |                                                     |
 |         \/\/\/\/\/\___________/\/\/\/\/\/           |
 |                   |     \     |                     |
 |                   |     /     |                     |
 |                   |     \     |                     |
 |         /\/\/\/\/\|_____/_____|/\/\/\/\/\           |
 |                                                     |
 | Light-by-light scattering at next-to-leading order  |
 |                   (VERSION 0.5)                     |
 |                                                     |
 |    Authors:                                         |
 |            Ajjath A.H. (LPTHE Paris)                |
 |            Ekta Chaubey (Bonn)                      |
 |            Mathijs Fraaije (Bern)                   |
 |            Valentin Hirschi (Bern)                  |
 |            Hua-Sheng Shao (LPTHE Paris)             |
 |                                                     |
 |    Please cite                                      |
 |            PLB 851 (2024) 138555 [arXiv:2312.16956] |
 |            JHEP 03 (2024) 121    [arXiv:2312.16966] |
 |                                                     |
 =======================================================
 ---------------------------------------------------
         the cuts in the lab frame                  
 min transverse momentum of photon    0.0000000000000000     
 max (pseudo-)rapidity of photon    5.0000000000000000     
 min (pseudo-)rapidity of photon   -5.0000000000000000     
 min invariant mass of di-photon    0.0000000000000000     
 ---------------------------------------------------
 max=   1782295.9318421879     
 min=   0.0000000000000000     
       n_pass,     n_total
       10000       10000
  
 ====================NCALL=20K===========================
  
 ITERATION            1 :
   176250.42024502112      +\-   249.76375519380534     
 precision:   1.4170959413690300E-003
 WARNING: outside the range of the grid (xs,xt)=   494.21379360526356       -494.19116256429515     
 WARNING: set the 2-loop amplitudes to zero
 WARNING: outside the range of the grid (xs,xt)=   1.0035304473870025E-002  -1.0034844937148029E-002
 WARNING: set the 2-loop amplitudes to zero
 max=   1794210.8375849535     
 min=   0.0000000000000000     
       n_pass,     n_total
       20000       20006
 max=   1794210.8375849535     
 min=   0.0000000000000000     
       n_pass,     n_total
       30000       30006
 ITERATION            2 :
   175737.69493445114      +\-   52.304448068947458     
 precision:   2.9762793968850357E-004
 WARNING: outside the range of the grid (xs,xt)=   494.21379360526356       -494.18938192510848     
 WARNING: set the 2-loop amplitudes to zero
 WARNING: outside the range of the grid (xs,xt)=   1.0035304473870025E-002  -1.0034808780212250E-002
 WARNING: set the 2-loop amplitudes to zero
 WARNING: outside the range of the grid (xs,xt)=   494.21379360526356       -494.18991085305612     
 WARNING: set the 2-loop amplitudes to zero
 INFO: will suppress the further warning
 max=   1794210.8375849535     
 min=   0.0000000000000000     
       n_pass,     n_total
       40000       40027
 max=   1794210.8375849535     
 min=   0.0000000000000000     
       n_pass,     n_total
       50000       50027
 ITERATION            3 :
   175643.87988227850      +\-   42.012775523839757     
 precision:   2.3919293716352603E-004
 max=   1810424.4524208342     
 min=   0.0000000000000000     
       n_pass,     n_total
       60000       60073
 max=   1810424.4524208342     
 min=   0.0000000000000000     
       n_pass,     n_total
       70000       70073
 ITERATION            4 :
   175649.17869121459      +\-   37.463165415836521     
 precision:   2.1328403408988047E-004
 max=   1810424.4524208342     
 min=   0.0000000000000000     
       n_pass,     n_total
       80000       80141
 max=   1810424.4524208342     
 min=   0.0000000000000000     
       n_pass,     n_total
       90000       90141
 ITERATION            5 :
   175667.65394051667      +\-   33.161378348420946     
 precision:   1.8877338886560082E-004
 max=   1810424.4524208342     
 min=   0.0000000000000000     
       n_pass,     n_total
      100000      100242
 max=   1810424.4524208342     
 min=   0.0000000000000000     
       n_pass,     n_total
      110000      110242
 ITERATION            6 :
   175645.61865120096      +\-   31.818806005375944     
 precision:   1.8115342841862789E-004
 max=   1810424.4524208342     
 min=   0.0000000000000000     
       n_pass,     n_total
      120000      120354
 max=   1810424.4524208342     
 min=   0.0000000000000000     
       n_pass,     n_total
      130000      130354
 ITERATION            7 :
   175714.44982722154      +\-   30.626796731006806     
 precision:   1.7429868039379722E-004
 max=   1810424.4524208342     
 min=   0.0000000000000000     
       n_pass,     n_total
      140000      140482
 max=   1810424.4524208342     
 min=   0.0000000000000000     
       n_pass,     n_total
      150000      150482
 ITERATION            8 :
   175613.13767393728      +\-   30.127833878821953     
 precision:   1.7155797269997311E-004
 max=   1810474.7470625441     
 min=   0.0000000000000000     
       n_pass,     n_total
      160000      160622
 max=   1810474.7470625441     
 min=   0.0000000000000000     
       n_pass,     n_total
      170000      170622
 ITERATION            9 :
   175666.42033295284      +\-   29.543316495450291     
 precision:   1.6817850810334030E-004
 max=   1822710.9640046579     
 min=   0.0000000000000000     
       n_pass,     n_total
      180000      180774
 max=   1822710.9640046579     
 min=   0.0000000000000000     
       n_pass,     n_total
      190000      190774
 ITERATION           10 :
   175694.91146616207      +\-   29.635416586800073     
 precision:   1.6867544050931549E-004
 ====================NCALL=40K ===========================
  
 max=   1822710.9640046579     
 min=   0.0000000000000000     
       n_pass,     n_total
      200000      201022
 max=   1822710.9640046579     
 min=   0.0000000000000000     
       n_pass,     n_total
      210000      211022
 max=   1822710.9640046579     
 min=   0.0000000000000000     
       n_pass,     n_total
      220000      221022
 max=   1822710.9640046579     
 min=   0.0000000000000000     
       n_pass,     n_total
      230000      231022
   175690.35573001736      +\-   14.691280353826659     
 precision:   8.3620300572461074E-005
 ====================NCALL=80K ===========================
  
 max=   1822710.9640046579     
 min=   0.0000000000000000     
       n_pass,     n_total
      240000      241540
 max=   1822710.9640046579     
 min=   0.0000000000000000     
       n_pass,     n_total
      250000      251540
 max=   1822710.9640046579     
 min=   0.0000000000000000     
       n_pass,     n_total
      260000      261540
 max=   1822710.9640046579     
 min=   0.0000000000000000     
       n_pass,     n_total
      270000      271540
 max=   1822710.9640046579     
 min=   0.0000000000000000     
       n_pass,     n_total
      280000      281540
 max=   1822710.9640046579     
 min=   0.0000000000000000     
       n_pass,     n_total
      290000      291540
 max=   1822710.9640046579     
 min=   0.0000000000000000     
       n_pass,     n_total
      300000      301540
 max=   1822710.9640046579     
 min=   0.0000000000000000     
       n_pass,     n_total
      310000      311540
   175666.55050579514      +\-   6.7430545502173223     
 precision:   3.8385535156249751E-005
 sigma (pb)                   sd (pb)
   175666.55050579514        6.7430545502173223     
