 =======================================================
 |                                                     |
 |         \/\/\/\/\/\___________/\/\/\/\/\/           |
 |                   |     \     |                     |
 |                   |     /     |                     |
 |                   |     \     |                     |
 |         /\/\/\/\/\|_____/_____|/\/\/\/\/\           |
 |                                                     |
 | Light-by-light scattering at next-to-leading order  |
 |                   (VERSION 0.5)                     |
 |                                                     |
 |    Authors:                                         |
 |            Ajjath A.H. (LPTHE Paris)                |
 |            Ekta Chaubey (Bonn)                      |
 |            Mathijs Fraaije (Bern)                   |
 |            Valentin Hirschi (Bern)                  |
 |            Hua-Sheng Shao (LPTHE Paris)             |
 |                                                     |
 |    Please cite                                      |
 |            PLB 851 (2024) 138555 [arXiv:2312.16956] |
 |            JHEP 03 (2024) 121    [arXiv:2312.16966] |
 |                                                     |
 =======================================================
 ---------------------------------------------------
         the cuts in the lab frame                  
 min transverse momentum of photon    0.0000000000000000     
 max (pseudo-)rapidity of photon    5.0000000000000000     
 min (pseudo-)rapidity of photon   -5.0000000000000000     
 min invariant mass of di-photon    0.0000000000000000     
 ---------------------------------------------------
 max=   1813213.1382844443     
 min=   0.0000000000000000     
       n_pass,     n_total
       10000       10000
  
 ====================NCALL=20K===========================
  
 ITERATION            1 :
   184161.33055086739      +\-   250.38308410525971     
 precision:   1.3595855511920356E-003
 WARNING: outside the range of the grid (xs,xt)=   471.00041743099945       -470.97871077651808     
 WARNING: set the 2-loop amplitudes to zero
 max=   1825629.9415882225     
 min=   0.0000000000000000     
       n_pass,     n_total
       20000       20006
 max=   1825629.9415882225     
 min=   0.0000000000000000     
       n_pass,     n_total
       30000       30006
 ITERATION            2 :
   183644.32962998850      +\-   53.520206229064542     
 precision:   2.9143402541694852E-004
 WARNING: outside the range of the grid (xs,xt)=   471.00041743099945       -470.97696182722547     
 WARNING: set the 2-loop amplitudes to zero
 WARNING: outside the range of the grid (xs,xt)=   471.00041743099945       -470.97747003986331     
 WARNING: set the 2-loop amplitudes to zero
 max=   1825629.9415882225     
 min=   0.0000000000000000     
       n_pass,     n_total
       40000       40027
 max=   1825629.9415882225     
 min=   0.0000000000000000     
       n_pass,     n_total
       50000       50027
 WARNING: outside the range of the grid (xs,xt)=   471.00041743099945       -2.1559573492477759E-002
 WARNING: set the 2-loop amplitudes to zero
 WARNING: outside the range of the grid (xs,xt)=   471.00041743099945       -2.2640322211638780E-002
 WARNING: set the 2-loop amplitudes to zero
 INFO: will suppress the further warning
 ITERATION            3 :
   183556.61008933798      +\-   42.669662346449556     
 precision:   2.3246050537587288E-004
 max=   1842283.6776357032     
 min=   0.0000000000000000     
       n_pass,     n_total
       60000       60072
 max=   1842283.6776357032     
 min=   0.0000000000000000     
       n_pass,     n_total
       70000       70072
 ITERATION            4 :
   183554.66479709093      +\-   38.538861475665946     
 precision:   2.0995849665966503E-004
 max=   1842283.6776357032     
 min=   0.0000000000000000     
       n_pass,     n_total
       80000       80138
 max=   1842283.6776357032     
 min=   0.0000000000000000     
       n_pass,     n_total
       90000       90138
 ITERATION            5 :
   183574.25088343534      +\-   34.260270038734888     
 precision:   1.8662895190289639E-004
 max=   1842283.6776357032     
 min=   0.0000000000000000     
       n_pass,     n_total
      100000      100237
 max=   1842283.6776357032     
 min=   0.0000000000000000     
       n_pass,     n_total
      110000      110237
 ITERATION            6 :
   183549.90767277690      +\-   32.765950505258864     
 precision:   1.7851248698894621E-004
 max=   1842283.6776357032     
 min=   0.0000000000000000     
       n_pass,     n_total
      120000      120345
 max=   1842283.6776357032     
 min=   0.0000000000000000     
       n_pass,     n_total
      130000      130345
 ITERATION            7 :
   183623.61588560115      +\-   31.419067391116560     
 precision:   1.7110580923692772E-004
 max=   1842283.6776357032     
 min=   0.0000000000000000     
       n_pass,     n_total
      140000      140468
 max=   1842283.6776357032     
 min=   0.0000000000000000     
       n_pass,     n_total
      150000      150468
 ITERATION            8 :
   183515.71624130593      +\-   31.035039935563475     
 precision:   1.6911379892256919E-004
 max=   1844586.5679488652     
 min=   0.0000000000000000     
       n_pass,     n_total
      160000      160606
 max=   1844586.5679488652     
 min=   0.0000000000000000     
       n_pass,     n_total
      170000      170606
 ITERATION            9 :
   183573.08586100177      +\-   30.555172987086198     
 precision:   1.6644691047042716E-004
 max=   1844586.5679488652     
 min=   0.0000000000000000     
       n_pass,     n_total
      180000      180756
 max=   1844586.5679488652     
 min=   0.0000000000000000     
       n_pass,     n_total
      190000      190756
 ITERATION           10 :
   183602.87186757079      +\-   30.689061791133636     
 precision:   1.6714913813150518E-004
 ====================NCALL=40K ===========================
  
 max=   1844586.5679488652     
 min=   0.0000000000000000     
       n_pass,     n_total
      200000      201001
 max=   1844586.5679488652     
 min=   0.0000000000000000     
       n_pass,     n_total
      210000      211001
 max=   1844586.5679488652     
 min=   0.0000000000000000     
       n_pass,     n_total
      220000      221001
 max=   1844586.5679488652     
 min=   0.0000000000000000     
       n_pass,     n_total
      230000      231001
   183596.61892906640      +\-   15.244481274503025     
 precision:   8.3032472838690010E-005
 ====================NCALL=80K ===========================
  
 max=   1844586.5679488652     
 min=   0.0000000000000000     
       n_pass,     n_total
      240000      241503
 max=   1844586.5679488652     
 min=   0.0000000000000000     
       n_pass,     n_total
      250000      251503
 max=   1844586.5679488652     
 min=   0.0000000000000000     
       n_pass,     n_total
      260000      261503
 max=   1844586.5679488652     
 min=   0.0000000000000000     
       n_pass,     n_total
      270000      271503
 max=   1844586.5679488652     
 min=   0.0000000000000000     
       n_pass,     n_total
      280000      281503
 max=   1844586.5679488652     
 min=   0.0000000000000000     
       n_pass,     n_total
      290000      291503
 max=   1844586.5679488652     
 min=   0.0000000000000000     
       n_pass,     n_total
      300000      301503
 max=   1844586.5679488652     
 min=   0.0000000000000000     
       n_pass,     n_total
      310000      311503
   183572.89472081661      +\-   7.0347859456107109     
 precision:   3.8321485077137523E-005
 sigma (pb)                   sd (pb)
   183572.89472081661        7.0347859456107109     
