 =======================================================
 |                                                     |
 |         \/\/\/\/\/\___________/\/\/\/\/\/           |
 |                   |     \     |                     |
 |                   |     /     |                     |
 |                   |     \     |                     |
 |         /\/\/\/\/\|_____/_____|/\/\/\/\/\           |
 |                                                     |
 | Light-by-light scattering at next-to-leading order  |
 |                   (VERSION 0.5)                     |
 |                                                     |
 |    Authors:                                         |
 |            Ajjath A.H. (LPTHE Paris)                |
 |            Ekta Chaubey (Bonn)                      |
 |            Mathijs Fraaije (Bern)                   |
 |            Valentin Hirschi (Bern)                  |
 |            Hua-Sheng Shao (LPTHE Paris)             |
 |                                                     |
 |    Please cite                                      |
 |            PLB 851 (2024) 138555 [arXiv:2312.16956] |
 |            JHEP 03 (2024) 121    [arXiv:2312.16966] |
 |                                                     |
 =======================================================
 ---------------------------------------------------
         the cuts in the lab frame                  
 min transverse momentum of photon    0.0000000000000000     
 max (pseudo-)rapidity of photon    5.0000000000000000     
 min (pseudo-)rapidity of photon   -5.0000000000000000     
 min invariant mass of di-photon    0.0000000000000000     
 ---------------------------------------------------
 max=   2320.0149010258474     
 min=   0.0000000000000000     
       n_pass,     n_total
       10000       10000
  
 ====================NCALL=20K===========================
  
 ITERATION            1 :
   89.025728718345917      +\-  0.26710287818215173     
 precision:   3.0002885910341186E-003
 WARNING: outside the range of the grid (xs,xt)=   8.6102829137892609       -8.6098648263036353     
 WARNING: set the 2-loop amplitudes to zero
 WARNING: outside the range of the grid (xs,xt)=   8.3589013840830422       -8.3584955028713281     
 WARNING: set the 2-loop amplitudes to zero
 WARNING: outside the range of the grid (xs,xt)=   4.0245272802998748       -4.0243318622737432     
 WARNING: set the 2-loop amplitudes to zero
 WARNING: outside the range of the grid (xs,xt)=  0.42946177777777778      -0.42944092450307808     
 WARNING: set the 2-loop amplitudes to zero
 WARNING: outside the range of the grid (xs,xt)=   4.2827213296398887E-002  -4.2825133745459314E-002
 WARNING: set the 2-loop amplitudes to zero
 INFO: will suppress the further warning
 max=   2609.5163675485319     
 min=   0.0000000000000000     
       n_pass,     n_total
       20000       20007
 max=   2609.5163675485319     
 min=   0.0000000000000000     
       n_pass,     n_total
       30000       30007
 ITERATION            2 :
   88.695143169055740      +\-   7.1276084997901598E-002
 precision:   8.0360753082101834E-004
 max=   2609.5163675485319     
 min=   0.0000000000000000     
       n_pass,     n_total
       40000       40036
 max=   2609.5163675485319     
 min=   0.0000000000000000     
       n_pass,     n_total
       50000       50036
 ITERATION            3 :
   88.636849513455843      +\-   3.0420307774121701E-002
 precision:   3.4320159099860195E-004
 max=   2626.0836536366251     
 min=   0.0000000000000000     
       n_pass,     n_total
       60000       60123
 max=   2626.0836536366251     
 min=   0.0000000000000000     
       n_pass,     n_total
       70000       70123
 ITERATION            4 :
   88.657233524669863      +\-   2.2942958882805006E-002
 precision:   2.5878270695668470E-004
 max=   2638.3264826778468     
 min=   0.0000000000000000     
       n_pass,     n_total
       80000       80316
 max=   2638.3264826778468     
 min=   0.0000000000000000     
       n_pass,     n_total
       90000       90316
 ITERATION            5 :
   88.635310114352365      +\-   1.8356953361433139E-002
 precision:   2.0710655085146108E-004
 max=   2652.2716327213966     
 min=   0.0000000000000000     
       n_pass,     n_total
      100000      100630
 max=   2652.2716327213966     
 min=   0.0000000000000000     
       n_pass,     n_total
      110000      110630
 ITERATION            6 :
   88.651674698257239      +\-   1.5734723128987490E-002
 precision:   1.7748929371660038E-004
 max=   2656.9618717552257     
 min=   0.0000000000000000     
       n_pass,     n_total
      120000      120918
 max=   2656.9618717552257     
 min=   0.0000000000000000     
       n_pass,     n_total
      130000      130918
 ITERATION            7 :
   88.680271258964396      +\-   1.5196639290165811E-002
 precision:   1.7136437535005434E-004
 max=   2658.0606519906055     
 min=   0.0000000000000000     
       n_pass,     n_total
      140000      141309
 max=   2658.0606519906055     
 min=   0.0000000000000000     
       n_pass,     n_total
      150000      151309
 ITERATION            8 :
   88.631136793746478      +\-   1.5379841911988372E-002
 precision:   1.7352639792693624E-004
 max=   2658.0606519906055     
 min=   0.0000000000000000     
       n_pass,     n_total
      160000      161514
 max=   2658.0606519906055     
 min=   0.0000000000000000     
       n_pass,     n_total
      170000      171514
 ITERATION            9 :
   88.654278022314315      +\-   1.6188932149097054E-002
 precision:   1.8260745572844543E-004
 max=   2658.0606519906055     
 min=   0.0000000000000000     
       n_pass,     n_total
      180000      181917
 max=   2658.0606519906055     
 min=   0.0000000000000000     
       n_pass,     n_total
      190000      191917
 ITERATION           10 :
   88.663542965688663      +\-   1.5683743581107582E-002
 precision:   1.7689055790582307E-004
 ====================NCALL=40K ===========================
  
 max=   2658.0606519906055     
 min=   0.0000000000000000     
       n_pass,     n_total
      200000      202302
 max=   2658.0606519906055     
 min=   0.0000000000000000     
       n_pass,     n_total
      210000      212302
 max=   2658.0606519906055     
 min=   0.0000000000000000     
       n_pass,     n_total
      220000      222302
 max=   2658.0606519906055     
 min=   0.0000000000000000     
       n_pass,     n_total
      230000      232302
   88.663915775351015      +\-   7.4148499447307002E-003
 precision:   8.3628721784833053E-005
 ====================NCALL=80K ===========================
  
 max=   2658.4570855628513     
 min=   0.0000000000000000     
       n_pass,     n_total
      240000      243409
 max=   2658.4570855628513     
 min=   0.0000000000000000     
       n_pass,     n_total
      250000      253409
 max=   2658.4570855628513     
 min=   0.0000000000000000     
       n_pass,     n_total
      260000      263409
 max=   2658.4570855628513     
 min=   0.0000000000000000     
       n_pass,     n_total
      270000      273409
 max=   2658.4570855628513     
 min=   0.0000000000000000     
       n_pass,     n_total
      280000      283409
 max=   2658.4570855628513     
 min=   0.0000000000000000     
       n_pass,     n_total
      290000      293409
 max=   2658.4570855628513     
 min=   0.0000000000000000     
       n_pass,     n_total
      300000      303409
 max=   2658.4570855628513     
 min=   0.0000000000000000     
       n_pass,     n_total
      310000      313409
   88.657006883593255      +\-   3.7212116608193956E-003
 precision:   4.1973125324491845E-005
 sigma (pb)                   sd (pb)
   88.657006883593255        3.7212116608193956E-003
