 =======================================================
 |                                                     |
 |         \/\/\/\/\/\___________/\/\/\/\/\/           |
 |                   |     \     |                     |
 |                   |     /     |                     |
 |                   |     \     |                     |
 |         /\/\/\/\/\|_____/_____|/\/\/\/\/\           |
 |                                                     |
 | Light-by-light scattering at next-to-leading order  |
 |                   (VERSION 0.5)                     |
 |                                                     |
 |    Authors:                                         |
 |            Ajjath A.H. (LPTHE Paris)                |
 |            Ekta Chaubey (Bonn)                      |
 |            Mathijs Fraaije (Bern)                   |
 |            Valentin Hirschi (Bern)                  |
 |            Hua-Sheng Shao (LPTHE Paris)             |
 |                                                     |
 |    Please cite                                      |
 |            PLB 851 (2024) 138555 [arXiv:2312.16956] |
 |            JHEP 03 (2024) 121    [arXiv:2312.16966] |
 |                                                     |
 =======================================================
 ---------------------------------------------------
         the cuts in the lab frame                  
 min transverse momentum of photon    0.0000000000000000     
 max (pseudo-)rapidity of photon    5.0000000000000000     
 min (pseudo-)rapidity of photon   -5.0000000000000000     
 min invariant mass of di-photon    0.0000000000000000     
 ---------------------------------------------------
 max=   2.8274419115911603E-006
 min=   0.0000000000000000     
       n_pass,     n_total
       10000       10000
  
 ====================NCALL=20K===========================
  
 ITERATION            1 :
   6.7271512688408720E-007 +\-   1.5284200488745321E-009
 precision:   2.2720167687531245E-003
 max=   2.8318500364262884E-006
 min=   0.0000000000000000     
       n_pass,     n_total
       20000       20001
 max=   2.8318500364262884E-006
 min=   0.0000000000000000     
       n_pass,     n_total
       30000       30001
 ITERATION            2 :
   6.7121224162952883E-007 +\-   5.6121826126026142E-010
 precision:   8.3612637918785480E-004
 max=   2.8324943572161126E-006
 min=   0.0000000000000000     
       n_pass,     n_total
       40000       40001
 max=   2.8324943572161126E-006
 min=   0.0000000000000000     
       n_pass,     n_total
       50000       50001
 ITERATION            3 :
   6.7251630382160256E-007 +\-   5.2751686540717650E-010
 precision:   7.8439267926969124E-004
 max=   2.8328750845047684E-006
 min=   0.0000000000000000     
       n_pass,     n_total
       60000       60001
 max=   2.8328750845047684E-006
 min=   0.0000000000000000     
       n_pass,     n_total
       70000       70001
 ITERATION            4 :
   6.7150350136898528E-007 +\-   4.6030376903850950E-010
 precision:   6.8548230664485638E-004
 max=   2.8328750845047684E-006
 min=   0.0000000000000000     
       n_pass,     n_total
       80000       80002
 max=   2.8328750845047684E-006
 min=   0.0000000000000000     
       n_pass,     n_total
       90000       90002
 ITERATION            5 :
   6.7164910200796876E-007 +\-   3.9331042518238287E-010
 precision:   5.8558914767627645E-004
 max=   2.8328895605391740E-006
 min=   0.0000000000000000     
       n_pass,     n_total
      100000      100002
 max=   2.8328895605391740E-006
 min=   0.0000000000000000     
       n_pass,     n_total
      110000      110002
 ITERATION            6 :
   6.7070502321440860E-007 +\-   3.8503627902740897E-010
 precision:   5.7407692756212137E-004
 max=   2.8329130535959413E-006
 min=   0.0000000000000000     
       n_pass,     n_total
      120000      120003
 max=   2.8329130535959413E-006
 min=   0.0000000000000000     
       n_pass,     n_total
      130000      130003
 ITERATION            7 :
   6.7126289427840428E-007 +\-   3.1009439738360137E-010
 precision:   4.6195670880474831E-004
 max=   2.8329130535959413E-006
 min=   0.0000000000000000     
       n_pass,     n_total
      140000      140004
 max=   2.8329130535959413E-006
 min=   0.0000000000000000     
       n_pass,     n_total
      150000      150004
 ITERATION            8 :
   6.7132710972492120E-007 +\-   3.5013470692755089E-010
 precision:   5.2155603707262758E-004
 max=   2.8329130535959413E-006
 min=   0.0000000000000000     
       n_pass,     n_total
      160000      160005
 max=   2.8329130535959413E-006
 min=   0.0000000000000000     
       n_pass,     n_total
      170000      170005
 ITERATION            9 :
   6.7132412747493190E-007 +\-   3.0991879996950147E-010
 precision:   4.6165300379595581E-004
 max=   2.8329133327867510E-006
 min=   0.0000000000000000     
       n_pass,     n_total
      180000      180005
 max=   2.8329133327867510E-006
 min=   0.0000000000000000     
       n_pass,     n_total
      190000      190005
 ITERATION           10 :
   6.7138809763391762E-007 +\-   4.2556633388929602E-010
 precision:   6.3386040859089092E-004
 ====================NCALL=40K ===========================
  
 max=   2.8329133327867510E-006
 min=   0.0000000000000000     
       n_pass,     n_total
      200000      200006
 max=   2.8329133327867510E-006
 min=   0.0000000000000000     
       n_pass,     n_total
      210000      210006
 max=   2.8329133327867510E-006
 min=   0.0000000000000000     
       n_pass,     n_total
      220000      220006
 max=   2.8329133327867510E-006
 min=   0.0000000000000000     
       n_pass,     n_total
      230000      230006
   6.7129017773057267E-007 +\-   1.9005572121634937E-010
 precision:   2.8312006866966201E-004
 ====================NCALL=80K ===========================
  
 max=   2.8329133327867510E-006
 min=   0.0000000000000000     
       n_pass,     n_total
      240000      240009
 max=   2.8329133327867510E-006
 min=   0.0000000000000000     
       n_pass,     n_total
      250000      250009
 max=   2.8329133327867510E-006
 min=   0.0000000000000000     
       n_pass,     n_total
      260000      260009
 max=   2.8329133327867510E-006
 min=   0.0000000000000000     
       n_pass,     n_total
      270000      270009
 max=   2.8329133327867510E-006
 min=   0.0000000000000000     
       n_pass,     n_total
      280000      280009
 max=   2.8329133327867510E-006
 min=   0.0000000000000000     
       n_pass,     n_total
      290000      290009
 max=   2.8329133327867510E-006
 min=   0.0000000000000000     
       n_pass,     n_total
      300000      300009
 max=   2.8329290937295520E-006
 min=   0.0000000000000000     
       n_pass,     n_total
      310000      310009
   6.7114717557672128E-007 +\-   8.9911931865526159E-011
 precision:   1.3396753370564993E-004
 sigma (pb)                   sd (pb)
   6.7114717557672128E-007   8.9911931865526159E-011
