 =======================================================
 |                                                     |
 |         \/\/\/\/\/\___________/\/\/\/\/\/           |
 |                   |     \     |                     |
 |                   |     /     |                     |
 |                   |     \     |                     |
 |         /\/\/\/\/\|_____/_____|/\/\/\/\/\           |
 |                                                     |
 | Light-by-light scattering at next-to-leading order  |
 |                   (VERSION 0.5)                     |
 |                                                     |
 |    Authors:                                         |
 |            Ajjath A.H. (LPTHE Paris)                |
 |            Ekta Chaubey (Bonn)                      |
 |            Mathijs Fraaije (Bern)                   |
 |            Valentin Hirschi (Bern)                  |
 |            Hua-Sheng Shao (LPTHE Paris)             |
 |                                                     |
 |    Please cite                                      |
 |            PLB 851 (2024) 138555 [arXiv:2312.16956] |
 |            JHEP 03 (2024) 121    [arXiv:2312.16966] |
 |                                                     |
 =======================================================
 ---------------------------------------------------
         the cuts in the lab frame                  
 min transverse momentum of photon    0.0000000000000000     
 max (pseudo-)rapidity of photon    5.0000000000000000     
 min (pseudo-)rapidity of photon   -5.0000000000000000     
 min invariant mass of di-photon    0.0000000000000000     
 ---------------------------------------------------
 WARNING: outside the range of the grid (xs,xt)=  0.13172117127983113      -0.13172116996265731     
 WARNING: set the 2-loop amplitudes to zero
 WARNING: outside the range of the grid (xs,xt)=  0.13156222084622046      -0.13156221953063604     
 WARNING: set the 2-loop amplitudes to zero
 WARNING: outside the range of the grid (xs,xt)=  0.13182227645932476      -0.13182227514113992     
 WARNING: set the 2-loop amplitudes to zero
 WARNING: outside the range of the grid (xs,xt)=  0.13188161098869775      -0.13188160966991960     
 WARNING: set the 2-loop amplitudes to zero
 WARNING: outside the range of the grid (xs,xt)=  0.13176336184610293      -0.13176336052850718     
 WARNING: set the 2-loop amplitudes to zero
 INFO: will suppress the further warning
 max=   7.7313963142407198     
 min=   0.0000000000000000     
       n_pass,     n_total
       10000       10000
  
 ====================NCALL=20K===========================
  
 ITERATION            1 :
   5.4812709732508669      +\-   1.7282974666264216E-004
 precision:   3.1530961980545764E-005
 max=   7.7522315311172765     
 min=   0.0000000000000000     
       n_pass,     n_total
       20000       20002
 max=   7.7522315311172765     
 min=   0.0000000000000000     
       n_pass,     n_total
       30000       30002
 ITERATION            2 :
   5.4809047758847553      +\-   3.1015482100307145E-004
 precision:   5.6588252065190221E-005
 max=   7.7648992870677960     
 min=   0.0000000000000000     
       n_pass,     n_total
       40000       40012
 max=   7.7648992870677960     
 min=   0.0000000000000000     
       n_pass,     n_total
       50000       50012
 ITERATION            3 :
   5.4809736993397369      +\-   2.6984896607110467E-004
 precision:   4.9233764085314240E-005
 max=   7.7700196188584076     
 min=   0.0000000000000000     
       n_pass,     n_total
       60000       60038
 max=   7.7700196188584076     
 min=   0.0000000000000000     
       n_pass,     n_total
       70000       70038
 ITERATION            4 :
   5.4806785386735459      +\-   2.6369645126785853E-004
 precision:   4.8113832878014283E-005
 max=   7.7700196188584076     
 min=   0.0000000000000000     
       n_pass,     n_total
       80000       80064
 max=   7.7700196188584076     
 min=   0.0000000000000000     
       n_pass,     n_total
       90000       90064
 ITERATION            5 :
   5.4806645368790194      +\-   2.2035308897042560E-004
 precision:   4.0205542135937100E-005
 max=   7.7700196188584076     
 min=   0.0000000000000000     
       n_pass,     n_total
      100000      100096
 max=   7.7700196188584076     
 min=   0.0000000000000000     
       n_pass,     n_total
      110000      110096
 ITERATION            6 :
   5.4805328375718201      +\-   1.9084843346305383E-004
 precision:   3.4822970524816755E-005
 max=   7.7700677588972900     
 min=   0.0000000000000000     
       n_pass,     n_total
      120000      120129
 max=   7.7700677588972900     
 min=   0.0000000000000000     
       n_pass,     n_total
      130000      130129
 ITERATION            7 :
   5.4807669593937938      +\-   1.7974274861961998E-004
 precision:   3.2795181760382787E-005
 max=   7.7701026915341060     
 min=   0.0000000000000000     
       n_pass,     n_total
      140000      140176
 max=   7.7701026915341060     
 min=   0.0000000000000000     
       n_pass,     n_total
      150000      150176
 ITERATION            8 :
   5.4802650332050824      +\-   1.7749359813315659E-004
 precision:   3.2387776331567506E-005
 max=   7.7701026915341060     
 min=   0.0000000000000000     
       n_pass,     n_total
      160000      160241
 max=   7.7701026915341060     
 min=   0.0000000000000000     
       n_pass,     n_total
      170000      170241
 ITERATION            9 :
   5.4805662748602666      +\-   1.6993024217640794E-004
 precision:   3.1005964284364121E-005
 max=   7.7701408977204398     
 min=   0.0000000000000000     
       n_pass,     n_total
      180000      180308
 max=   7.7701408977204398     
 min=   0.0000000000000000     
       n_pass,     n_total
      190000      190308
 ITERATION           10 :
   5.4807397368661288      +\-   1.7044349377739852E-004
 precision:   3.1098629374956895E-005
 ====================NCALL=40K ===========================
  
 max=   7.7701408977204398     
 min=   0.0000000000000000     
       n_pass,     n_total
      200000      200451
 max=   7.7701408977204398     
 min=   0.0000000000000000     
       n_pass,     n_total
      210000      210451
 max=   7.7701408977204398     
 min=   0.0000000000000000     
       n_pass,     n_total
      220000      220451
 max=   7.7701408977204398     
 min=   0.0000000000000000     
       n_pass,     n_total
      230000      230451
   5.4806230416371307      +\-   8.5590103531061544E-005
 precision:   1.5616856492559412E-005
 ====================NCALL=80K ===========================
  
 max=   7.7701408977204398     
 min=   0.0000000000000000     
       n_pass,     n_total
      240000      240810
 max=   7.7701408977204398     
 min=   0.0000000000000000     
       n_pass,     n_total
      250000      250810
 max=   7.7701408977204398     
 min=   0.0000000000000000     
       n_pass,     n_total
      260000      260810
 max=   7.7701408977204398     
 min=   0.0000000000000000     
       n_pass,     n_total
      270000      270810
 max=   7.7701408977204398     
 min=   0.0000000000000000     
       n_pass,     n_total
      280000      280810
 max=   7.7701408977204398     
 min=   0.0000000000000000     
       n_pass,     n_total
      290000      290810
 max=   7.7701408977204398     
 min=   0.0000000000000000     
       n_pass,     n_total
      300000      300810
 max=   7.7701408977204398     
 min=   0.0000000000000000     
       n_pass,     n_total
      310000      310810
   5.4805178386515001      +\-   4.1670330874484440E-005
 precision:   7.6033564895279251E-006
 sigma (pb)                   sd (pb)
   5.4805178386515001        4.1670330874484440E-005
