 =======================================================
 |                                                     |
 |         \/\/\/\/\/\___________/\/\/\/\/\/           |
 |                   |     \     |                     |
 |                   |     /     |                     |
 |                   |     \     |                     |
 |         /\/\/\/\/\|_____/_____|/\/\/\/\/\           |
 |                                                     |
 | Light-by-light scattering at next-to-leading order  |
 |                   (VERSION 0.5)                     |
 |                                                     |
 |    Authors:                                         |
 |            Ajjath A.H. (LPTHE Paris)                |
 |            Ekta Chaubey (Bonn)                      |
 |            Mathijs Fraaije (Bern)                   |
 |            Valentin Hirschi (Bern)                  |
 |            Hua-Sheng Shao (LPTHE Paris)             |
 |                                                     |
 |    Please cite                                      |
 |            PLB 851 (2024) 138555 [arXiv:2312.16956] |
 |            JHEP 03 (2024) 121    [arXiv:2312.16966] |
 |                                                     |
 =======================================================
 ---------------------------------------------------
         the cuts in the lab frame                  
 min transverse momentum of photon    0.0000000000000000     
 max (pseudo-)rapidity of photon    5.0000000000000000     
 min (pseudo-)rapidity of photon   -5.0000000000000000     
 min invariant mass of di-photon    0.0000000000000000     
 ---------------------------------------------------
 max=   1128.8430989169951     
 min=   0.0000000000000000     
       n_pass,     n_total
       10000       10000
  
 ====================NCALL=20K===========================
  
 ITERATION            1 :
   48.691502983460509      +\-  0.13111501838075015     
 precision:   2.6927699977814857E-003
 WARNING: outside the range of the grid (xs,xt)=   21.657215415460009       -21.656133313953237     
 WARNING: set the 2-loop amplitudes to zero
 WARNING: outside the range of the grid (xs,xt)=   21.024922145328716       -21.023871636318358     
 WARNING: set the 2-loop amplitudes to zero
 WARNING: outside the range of the grid (xs,xt)=   10.122786339025406       -10.122280554595596     
 WARNING: set the 2-loop amplitudes to zero
 WARNING: outside the range of the grid (xs,xt)=   1.0802137777777778       -1.0801598049592900     
 WARNING: set the 2-loop amplitudes to zero
 WARNING: outside the range of the grid (xs,xt)=  0.10772214958448753      -0.10771676725355801     
 WARNING: set the 2-loop amplitudes to zero
 INFO: will suppress the further warning
 max=   1264.7857454134878     
 min=   0.0000000000000000     
       n_pass,     n_total
       20000       20007
 max=   1264.7857454134878     
 min=   0.0000000000000000     
       n_pass,     n_total
       30000       30007
 ITERATION            2 :
   48.512235822214535      +\-   3.3668946129748759E-002
 precision:   6.9402998149038525E-004
 max=   1264.7857454134878     
 min=   0.0000000000000000     
       n_pass,     n_total
       40000       40035
 max=   1264.7857454134878     
 min=   0.0000000000000000     
       n_pass,     n_total
       50000       50035
 ITERATION            3 :
   48.483208550648961      +\-   1.5503255999280575E-002
 precision:   3.1976547061824068E-004
 max=   1267.7403537546095     
 min=   0.0000000000000000     
       n_pass,     n_total
       60000       60115
 max=   1267.7403537546095     
 min=   0.0000000000000000     
       n_pass,     n_total
       70000       70115
 ITERATION            4 :
   48.492115308480066      +\-   1.2309390688091991E-002
 precision:   2.5384313737989041E-004
 max=   1267.7403537546095     
 min=   0.0000000000000000     
       n_pass,     n_total
       80000       80289
 max=   1267.7403537546095     
 min=   0.0000000000000000     
       n_pass,     n_total
       90000       90289
 ITERATION            5 :
   48.483729311846417      +\-   1.0134383744415061E-002
 precision:   2.0902648967514233E-004
 max=   1269.2262740213980     
 min=   0.0000000000000000     
       n_pass,     n_total
      100000      100566
 max=   1269.2262740213980     
 min=   0.0000000000000000     
       n_pass,     n_total
      110000      110566
 ITERATION            6 :
   48.491025391692951      +\-   8.8395752939351927E-003
 precision:   1.8229301654341815E-004
 max=   1271.6798238290473     
 min=   0.0000000000000000     
       n_pass,     n_total
      120000      120846
 max=   1271.6798238290473     
 min=   0.0000000000000000     
       n_pass,     n_total
      130000      130846
 ITERATION            7 :
   48.508733572503068      +\-   8.3363182125149142E-003
 precision:   1.7185190374131544E-004
 max=   1271.6798238290473     
 min=   0.0000000000000000     
       n_pass,     n_total
      140000      141203
 max=   1271.6798238290473     
 min=   0.0000000000000000     
       n_pass,     n_total
      150000      151203
 ITERATION            8 :
   48.478857232579287      +\-   8.3060275065550294E-003
 precision:   1.7133298886783831E-004
 max=   1272.1134020724153     
 min=   0.0000000000000000     
       n_pass,     n_total
      160000      161444
 max=   1272.1134020724153     
 min=   0.0000000000000000     
       n_pass,     n_total
      170000      171444
 ITERATION            9 :
   48.490727905600167      +\-   8.1828668550719477E-003
 precision:   1.6875116560431986E-004
 max=   1272.1134020724153     
 min=   0.0000000000000000     
       n_pass,     n_total
      180000      181832
 max=   1272.1134020724153     
 min=   0.0000000000000000     
       n_pass,     n_total
      190000      191832
 ITERATION           10 :
   48.496228793669133      +\-   9.2343784260251194E-003
 precision:   1.9041436119318639E-004
 ====================NCALL=40K ===========================
  
 max=   1272.1134020724153     
 min=   0.0000000000000000     
       n_pass,     n_total
      200000      202046
 max=   1272.1134020724153     
 min=   0.0000000000000000     
       n_pass,     n_total
      210000      212046
 max=   1272.1134020724153     
 min=   0.0000000000000000     
       n_pass,     n_total
      220000      222046
 max=   1272.1134020724153     
 min=   0.0000000000000000     
       n_pass,     n_total
      230000      232046
   48.496104153505897      +\-   4.9044218310621895E-003
 precision:   1.0113022306983885E-004
 ====================NCALL=80K ===========================
  
 max=   1272.1134020724153     
 min=   0.0000000000000000     
       n_pass,     n_total
      240000      243236
 max=   1272.1134020724153     
 min=   0.0000000000000000     
       n_pass,     n_total
      250000      253236
 max=   1272.1134020724153     
 min=   0.0000000000000000     
       n_pass,     n_total
      260000      263236
 max=   1272.1134020724153     
 min=   0.0000000000000000     
       n_pass,     n_total
      270000      273236
 max=   1272.1134020724153     
 min=   0.0000000000000000     
       n_pass,     n_total
      280000      283236
 max=   1272.1134020724153     
 min=   0.0000000000000000     
       n_pass,     n_total
      290000      293236
 max=   1272.1134020724153     
 min=   0.0000000000000000     
       n_pass,     n_total
      300000      303236
 max=   1272.1134020724153     
 min=   0.0000000000000000     
       n_pass,     n_total
      310000      313236
   48.496188569996335      +\-   2.2265709927033095E-003
 precision:   4.5912288333538161E-005
 sigma (pb)                   sd (pb)
   48.496188569996335        2.2265709927033095E-003
