 =======================================================
 |                                                     |
 |         \/\/\/\/\/\___________/\/\/\/\/\/           |
 |                   |     \     |                     |
 |                   |     /     |                     |
 |                   |     \     |                     |
 |         /\/\/\/\/\|_____/_____|/\/\/\/\/\           |
 |                                                     |
 | Light-by-light scattering at next-to-leading order  |
 |                   (VERSION 0.5)                     |
 |                                                     |
 |    Authors:                                         |
 |            Ajjath A.H. (LPTHE Paris)                |
 |            Ekta Chaubey (Bonn)                      |
 |            Mathijs Fraaije (Bern)                   |
 |            Valentin Hirschi (Bern)                  |
 |            Hua-Sheng Shao (LPTHE Paris)             |
 |                                                     |
 |    Please cite                                      |
 |            PLB 851 (2024) 138555 [arXiv:2312.16956] |
 |            JHEP 03 (2024) 121    [arXiv:2312.16966] |
 |                                                     |
 =======================================================
 ---------------------------------------------------
         the cuts in the lab frame                  
 min transverse momentum of photon    0.0000000000000000     
 max (pseudo-)rapidity of photon    5.0000000000000000     
 min (pseudo-)rapidity of photon   -5.0000000000000000     
 min invariant mass of di-photon    0.0000000000000000     
 ---------------------------------------------------
 max=   9631.8625842705642     
 min=   0.0000000000000000     
       n_pass,     n_total
       10000       10000
  
 ====================NCALL=20K===========================
  
 ITERATION            1 :
   242.87366123888262      +\-   1.1185291612305930     
 precision:   4.6053950664104500E-003
 WARNING: outside the range of the grid (xs,xt)=   1.6783782579639115       -1.6782954113827304     
 WARNING: set the 2-loop amplitudes to zero
 WARNING: outside the range of the grid (xs,xt)=   1.6293771626297575       -1.6292967347960805     
 WARNING: set the 2-loop amplitudes to zero
 WARNING: outside the range of the grid (xs,xt)=  0.78448979591836743      -0.78445107264650960     
 WARNING: set the 2-loop amplitudes to zero
 WARNING: outside the range of the grid (xs,xt)=   8.3713777777777776E-002  -8.3709645574411976E-002
 WARNING: set the 2-loop amplitudes to zero
 WARNING: outside the range of the grid (xs,xt)=   721336.08556952525       -721300.47963368311     
 WARNING: set the 2-loop amplitudes to zero
 INFO: will suppress the further warning
 max=   11109.702037991992     
 min=   0.0000000000000000     
       n_pass,     n_total
       20000       20007
 max=   11109.702037991992     
 min=   0.0000000000000000     
       n_pass,     n_total
       30000       30007
 ITERATION            2 :
   241.68032783150426      +\-  0.30319910880845213     
 precision:   1.2545460837831940E-003
 max=   11116.499864032045     
 min=   0.0000000000000000     
       n_pass,     n_total
       40000       40041
 max=   11116.499864032045     
 min=   0.0000000000000000     
       n_pass,     n_total
       50000       50041
 ITERATION            3 :
   241.45572866010170      +\-  0.11033888994412464     
 precision:   4.5697358499805646E-004
 max=   11242.081063245212     
 min=   0.0000000000000000     
       n_pass,     n_total
       60000       60157
 max=   11242.081063245212     
 min=   0.0000000000000000     
       n_pass,     n_total
       70000       70157
 ITERATION            4 :
   241.49391341850611      +\-   7.2703686934787612E-002
 precision:   3.0105805113519768E-004
 max=   11242.081063245212     
 min=   0.0000000000000000     
       n_pass,     n_total
       80000       80420
 max=   11242.081063245212     
 min=   0.0000000000000000     
       n_pass,     n_total
       90000       90420
 ITERATION            5 :
   241.48959149323758      +\-   5.1946932391681418E-002
 precision:   2.1511044045613073E-004
 max=   11245.393966811853     
 min=   0.0000000000000000     
       n_pass,     n_total
      100000      100762
 max=   11245.393966811853     
 min=   0.0000000000000000     
       n_pass,     n_total
      110000      110762
 ITERATION            6 :
   241.48628413432687      +\-   5.0145017684899047E-002
 precision:   2.0765161824679804E-004
 max=   11245.393966811853     
 min=   0.0000000000000000     
       n_pass,     n_total
      120000      121133
 max=   11245.393966811853     
 min=   0.0000000000000000     
       n_pass,     n_total
      130000      131133
 ITERATION            7 :
   241.56566619549972      +\-   4.6399078467727735E-002
 precision:   1.9207646185189596E-004
 max=   11253.735214207229     
 min=   0.0000000000000000     
       n_pass,     n_total
      140000      141603
 max=   11253.735214207229     
 min=   0.0000000000000000     
       n_pass,     n_total
      150000      151603
 ITERATION            8 :
   241.42660407945687      +\-   4.3043457500394663E-002
 precision:   1.7828796318664392E-004
 max=   11253.735214207229     
 min=   0.0000000000000000     
       n_pass,     n_total
      160000      162020
 max=   11253.735214207229     
 min=   0.0000000000000000     
       n_pass,     n_total
      170000      172020
 ITERATION            9 :
   241.50752879886312      +\-   4.9938236010233533E-002
 precision:   2.0677713965523635E-004
 max=   11253.735214207229     
 min=   0.0000000000000000     
       n_pass,     n_total
      180000      182622
 max=   11253.735214207229     
 min=   0.0000000000000000     
       n_pass,     n_total
      190000      192622
 ITERATION           10 :
   241.57736981931376      +\-   4.6460460201839165E-002
 precision:   1.9232124365203981E-004
 ====================NCALL=40K ===========================
  
 max=   11253.735214207229     
 min=   0.0000000000000000     
       n_pass,     n_total
      200000      203560
 max=   11253.735214207229     
 min=   0.0000000000000000     
       n_pass,     n_total
      210000      213560
 max=   11253.735214207229     
 min=   0.0000000000000000     
       n_pass,     n_total
      220000      223560
 max=   11253.735214207229     
 min=   0.0000000000000000     
       n_pass,     n_total
      230000      233560
   241.53055227054867      +\-   2.1360587516915729E-002
 precision:   8.8438449364322346E-005
 ====================NCALL=80K ===========================
  
 max=   11253.735214207229     
 min=   0.0000000000000000     
       n_pass,     n_total
      240000      245657
 max=   11253.735214207229     
 min=   0.0000000000000000     
       n_pass,     n_total
      250000      255657
 max=   11253.735214207229     
 min=   0.0000000000000000     
       n_pass,     n_total
      260000      265657
 max=   11253.735214207229     
 min=   0.0000000000000000     
       n_pass,     n_total
      270000      275657
 max=   11253.735214207229     
 min=   0.0000000000000000     
       n_pass,     n_total
      280000      285657
 max=   11253.735214207229     
 min=   0.0000000000000000     
       n_pass,     n_total
      290000      295657
 max=   11253.735214207229     
 min=   0.0000000000000000     
       n_pass,     n_total
      300000      305657
   241.51421973929763      +\-   1.0784054930910036E-002
 precision:   4.4651842622562257E-005
 sigma (pb)                   sd (pb)
   241.51421973929763        1.0784054930910036E-002
