 =======================================================
 |                                                     |
 |         \/\/\/\/\/\___________/\/\/\/\/\/           |
 |                   |     \     |                     |
 |                   |     /     |                     |
 |                   |     \     |                     |
 |         /\/\/\/\/\|_____/_____|/\/\/\/\/\           |
 |                                                     |
 | Light-by-light scattering at next-to-leading order  |
 |                   (VERSION 0.5)                     |
 |                                                     |
 |    Authors:                                         |
 |            Ajjath A.H. (LPTHE Paris)                |
 |            Ekta Chaubey (Bonn)                      |
 |            Mathijs Fraaije (Bern)                   |
 |            Valentin Hirschi (Bern)                  |
 |            Hua-Sheng Shao (LPTHE Paris)             |
 |                                                     |
 |    Please cite                                      |
 |            PLB 851 (2024) 138555 [arXiv:2312.16956] |
 |            JHEP 03 (2024) 121    [arXiv:2312.16966] |
 |                                                     |
 =======================================================
 ---------------------------------------------------
         the cuts in the lab frame                  
 min transverse momentum of photon    0.0000000000000000     
 max (pseudo-)rapidity of photon    5.0000000000000000     
 min (pseudo-)rapidity of photon   -5.0000000000000000     
 min invariant mass of di-photon    0.0000000000000000     
 ---------------------------------------------------
 max=   896.34767521651656     
 min=   0.0000000000000000     
       n_pass,     n_total
       10000       10000
  
 ====================NCALL=20K===========================
  
 ITERATION            1 :
   38.624689004756576      +\-  0.10510949088871761     
 precision:   2.7213032285068632E-003
 max=   1001.0461098217194     
 min=   0.0000000000000000     
       n_pass,     n_total
       20000       20007
 max=   1001.0461098217194     
 min=   0.0000000000000000     
       n_pass,     n_total
       30000       30007
 ITERATION            2 :
   38.477432421840831      +\-   2.6435237586062008E-002
 precision:   6.8703226598499994E-004
 WARNING: outside the range of the grid (xs,xt)=   29.224513254622405       -29.223165606432314     
 WARNING: set the 2-loop amplitudes to zero
 WARNING: outside the range of the grid (xs,xt)=   28.371288927335634       -28.369980624410612     
 WARNING: set the 2-loop amplitudes to zero
 WARNING: outside the range of the grid (xs,xt)=   13.659812578092462       -13.659182674643347     
 WARNING: set the 2-loop amplitudes to zero
 WARNING: outside the range of the grid (xs,xt)=   1.4576537777777778       -1.4575865600808298     
 WARNING: set the 2-loop amplitudes to zero
 WARNING: outside the range of the grid (xs,xt)=  0.14536159556786704      -0.14535489241803290     
 WARNING: set the 2-loop amplitudes to zero
 INFO: will suppress the further warning
 max=   1001.9131821336500     
 min=   0.0000000000000000     
       n_pass,     n_total
       40000       40035
 max=   1001.9131821336500     
 min=   0.0000000000000000     
       n_pass,     n_total
       50000       50035
 ITERATION            3 :
   38.454393854968195      +\-   1.2411227679113965E-002
 precision:   3.2275187397110591E-004
 max=   1001.9131821336500     
 min=   0.0000000000000000     
       n_pass,     n_total
       60000       60115
 max=   1001.9131821336500     
 min=   0.0000000000000000     
       n_pass,     n_total
       70000       70115
 ITERATION            4 :
   38.461831534709042      +\-   9.8516571895057373E-003
 precision:   2.5614113515668965E-004
 max=   1003.4518848187095     
 min=   0.0000000000000000     
       n_pass,     n_total
       80000       80285
 max=   1003.4518848187095     
 min=   0.0000000000000000     
       n_pass,     n_total
       90000       90285
 ITERATION            5 :
   38.455137603714903      +\-   8.2054107782444687E-003
 precision:   2.1337619079152110E-004
 max=   1003.4518848187095     
 min=   0.0000000000000000     
       n_pass,     n_total
      100000      100555
 max=   1003.4518848187095     
 min=   0.0000000000000000     
       n_pass,     n_total
      110000      110555
 ITERATION            6 :
   38.460206332142981      +\-   7.1231564761506687E-003
 precision:   1.8520848314319927E-004
 max=   1003.8649366139950     
 min=   0.0000000000000000     
       n_pass,     n_total
      120000      120834
 max=   1003.8649366139950     
 min=   0.0000000000000000     
       n_pass,     n_total
      130000      130834
 ITERATION            7 :
   38.474202656088885      +\-   6.7551922905170411E-003
 precision:   1.7557718741828096E-004
 max=   1003.8649366139950     
 min=   0.0000000000000000     
       n_pass,     n_total
      140000      141185
 max=   1003.8649366139950     
 min=   0.0000000000000000     
       n_pass,     n_total
      150000      151185
 ITERATION            8 :
   38.449890181090339      +\-   6.6349614509136163E-003
 precision:   1.7256125881411988E-004
 max=   1003.9412323782984     
 min=   0.0000000000000000     
       n_pass,     n_total
      160000      161437
 max=   1003.9412323782984     
 min=   0.0000000000000000     
       n_pass,     n_total
      170000      171437
 ITERATION            9 :
   38.460700455687586      +\-   6.6124870075158458E-003
 precision:   1.7192840819772403E-004
 max=   1003.9412323782984     
 min=   0.0000000000000000     
       n_pass,     n_total
      180000      181804
 max=   1003.9412323782984     
 min=   0.0000000000000000     
       n_pass,     n_total
      190000      191804
 ITERATION           10 :
   38.468917449519147      +\-   6.7385790753905894E-003
 precision:   1.7516944905541709E-004
 ====================NCALL=40K ===========================
  
 max=   1003.9412323782984     
 min=   0.0000000000000000     
       n_pass,     n_total
      200000      202076
 max=   1003.9412323782984     
 min=   0.0000000000000000     
       n_pass,     n_total
      210000      212076
 max=   1003.9412323782984     
 min=   0.0000000000000000     
       n_pass,     n_total
      220000      222076
 max=   1003.9412323782984     
 min=   0.0000000000000000     
       n_pass,     n_total
      230000      232076
   38.466493383618356      +\-   3.7807233286462588E-003
 precision:   9.8286144539921780E-005
 ====================NCALL=80K ===========================
  
 max=   1005.0607587231690     
 min=   0.0000000000000000     
       n_pass,     n_total
      240000      243334
 max=   1005.0607587231690     
 min=   0.0000000000000000     
       n_pass,     n_total
      250000      253334
 max=   1005.0607587231690     
 min=   0.0000000000000000     
       n_pass,     n_total
      260000      263334
 max=   1005.0607587231690     
 min=   0.0000000000000000     
       n_pass,     n_total
      270000      273334
 max=   1005.0607587231690     
 min=   0.0000000000000000     
       n_pass,     n_total
      280000      283334
 max=   1005.0607587231690     
 min=   0.0000000000000000     
       n_pass,     n_total
      290000      293334
 max=   1005.0607587231690     
 min=   0.0000000000000000     
       n_pass,     n_total
      300000      303334
 max=   1005.0607587231690     
 min=   0.0000000000000000     
       n_pass,     n_total
      310000      313334
   38.463756039608604      +\-   1.6430398489545855E-003
 precision:   4.2716573162086446E-005
 sigma (pb)                   sd (pb)
   38.463756039608604        1.6430398489545855E-003
