 =======================================================
 |                                                     |
 |         \/\/\/\/\/\___________/\/\/\/\/\/           |
 |                   |     \     |                     |
 |                   |     /     |                     |
 |                   |     \     |                     |
 |         /\/\/\/\/\|_____/_____|/\/\/\/\/\           |
 |                                                     |
 | Light-by-light scattering at next-to-leading order  |
 |                   (VERSION 0.5)                     |
 |                                                     |
 |    Authors:                                         |
 |            Ajjath A.H. (LPTHE Paris)                |
 |            Ekta Chaubey (Bonn)                      |
 |            Mathijs Fraaije (Bern)                   |
 |            Valentin Hirschi (Bern)                  |
 |            Hua-Sheng Shao (LPTHE Paris)             |
 |                                                     |
 |    Please cite                                      |
 |            PLB 851 (2024) 138555 [arXiv:2312.16956] |
 |            JHEP 03 (2024) 121    [arXiv:2312.16966] |
 |                                                     |
 =======================================================
 ---------------------------------------------------
         the cuts in the lab frame                  
 min transverse momentum of photon    0.0000000000000000     
 max (pseudo-)rapidity of photon    5.0000000000000000     
 min (pseudo-)rapidity of photon   -5.0000000000000000     
 min invariant mass of di-photon    0.0000000000000000     
 ---------------------------------------------------
 max=   199341.55747528331     
 min=   0.0000000000000000     
       n_pass,     n_total
       10000       10000
  
 ====================NCALL=20K===========================
  
 ITERATION            1 :
   3504.5612124239219      +\-   27.565940382594921     
 precision:   7.8657323161803183E-003
 WARNING: outside the range of the grid (xs,xt)=   6.2724081087101799E-002  -6.2720965325052128E-002
 WARNING: set the 2-loop amplitudes to zero
 WARNING: outside the range of the grid (xs,xt)=   6.0892820069204143E-002  -6.0889795273390793E-002
 WARNING: set the 2-loop amplitudes to zero
 WARNING: outside the range of the grid (xs,xt)=   2.9317825905872560E-002  -2.9316369569362673E-002
 WARNING: set the 2-loop amplitudes to zero
 WARNING: outside the range of the grid (xs,xt)=   26957.655646232979       -26956.316549048057     
 WARNING: set the 2-loop amplitudes to zero
 WARNING: outside the range of the grid (xs,xt)=  0.54739120156521681      -0.54736401040190930     
 WARNING: set the 2-loop amplitudes to zero
 INFO: will suppress the further warning
 max=   208012.80417872083     
 min=   0.0000000000000000     
       n_pass,     n_total
       20000       20007
 max=   208012.80417872083     
 min=   0.0000000000000000     
       n_pass,     n_total
       30000       30007
 ITERATION            2 :
   3471.7630235460620      +\-   6.2556728976576572     
 precision:   1.8018720907016594E-003
 max=   210978.59352981942     
 min=   0.0000000000000000     
       n_pass,     n_total
       40000       40042
 max=   210978.59352981942     
 min=   0.0000000000000000     
       n_pass,     n_total
       50000       50042
 ITERATION            3 :
   3467.0737627810549      +\-   2.2836679801389161     
 precision:   6.5867302987725022E-004
 max=   212916.28381624722     
 min=   0.0000000000000000     
       n_pass,     n_total
       60000       60167
 max=   212916.28381624722     
 min=   0.0000000000000000     
       n_pass,     n_total
       70000       70167
 ITERATION            4 :
   3468.6414797786806      +\-   1.4243795687089209     
 precision:   4.1064479480300872E-004
 max=   212951.03902054258     
 min=   0.0000000000000000     
       n_pass,     n_total
       80000       80449
 max=   212951.03902054258     
 min=   0.0000000000000000     
       n_pass,     n_total
       90000       90449
 ITERATION            5 :
   3467.6153840065126      +\-  0.96767887109307393     
 precision:   2.7906176548767340E-004
 max=   212951.03902054258     
 min=   0.0000000000000000     
       n_pass,     n_total
      100000      100724
 max=   212951.03902054258     
 min=   0.0000000000000000     
       n_pass,     n_total
      110000      110724
 ITERATION            6 :
   3466.7120545221196      +\-   1.3002581781849485     
 precision:   3.7506956382167333E-004
 max=   213041.42446300856     
 min=   0.0000000000000000     
       n_pass,     n_total
      120000      121072
 max=   213041.42446300856     
 min=   0.0000000000000000     
       n_pass,     n_total
      130000      131072
 ITERATION            7 :
   3469.8548928802411      +\-   1.0170575541672147     
 precision:   2.9311241696420919E-004
 max=   213041.42446300856     
 min=   0.0000000000000000     
       n_pass,     n_total
      140000      141505
 max=   213041.42446300856     
 min=   0.0000000000000000     
       n_pass,     n_total
      150000      151505
 ITERATION            8 :
   3466.1580854319545      +\-  0.82373369759138004     
 precision:   2.3765035445252230E-004
 max=   213041.42446300856     
 min=   0.0000000000000000     
       n_pass,     n_total
      160000      161856
 max=   213041.42446300856     
 min=   0.0000000000000000     
       n_pass,     n_total
      170000      171856
 ITERATION            9 :
   3468.4247574107935      +\-  0.96260571916243864     
 precision:   2.7753397766686207E-004
 max=   213047.19720792104     
 min=   0.0000000000000000     
       n_pass,     n_total
      180000      182376
 max=   213047.19720792104     
 min=   0.0000000000000000     
       n_pass,     n_total
      190000      192376
 ITERATION           10 :
   3468.9633987840512      +\-  0.90727816082952240     
 precision:   2.6154157785220322E-004
 ====================NCALL=40K ===========================
  
 max=   213047.19720792104     
 min=   0.0000000000000000     
       n_pass,     n_total
      200000      203262
 max=   213047.19720792104     
 min=   0.0000000000000000     
       n_pass,     n_total
      210000      213262
 max=   213047.19720792104     
 min=   0.0000000000000000     
       n_pass,     n_total
      220000      223262
 max=   213047.19720792104     
 min=   0.0000000000000000     
       n_pass,     n_total
      230000      233262
   3468.1435945196622      +\-  0.40327632178288825     
 precision:   1.1628016856630240E-004
 ====================NCALL=80K ===========================
  
 max=   213050.26333356113     
 min=   0.0000000000000000     
       n_pass,     n_total
      240000      245291
 max=   213050.26333356113     
 min=   0.0000000000000000     
       n_pass,     n_total
      250000      255291
 max=   213050.26333356113     
 min=   0.0000000000000000     
       n_pass,     n_total
      260000      265291
 max=   213050.26333356113     
 min=   0.0000000000000000     
       n_pass,     n_total
      270000      275291
 max=   213050.26333356113     
 min=   0.0000000000000000     
       n_pass,     n_total
      280000      285291
 max=   213050.26333356113     
 min=   0.0000000000000000     
       n_pass,     n_total
      290000      295291
 max=   213050.26333356113     
 min=   0.0000000000000000     
       n_pass,     n_total
      300000      305291
   3467.9228038633637      +\-  0.20857750019412252     
 precision:   6.0144793292907593E-005
 sigma (pb)                   sd (pb)
   3467.9228038633637       0.20857750019412252     
