 =======================================================
 |                                                     |
 |         \/\/\/\/\/\___________/\/\/\/\/\/           |
 |                   |     \     |                     |
 |                   |     /     |                     |
 |                   |     \     |                     |
 |         /\/\/\/\/\|_____/_____|/\/\/\/\/\           |
 |                                                     |
 | Light-by-light scattering at next-to-leading order  |
 |                   (VERSION 0.5)                     |
 |                                                     |
 |    Authors:                                         |
 |            Ajjath A.H. (LPTHE Paris)                |
 |            Ekta Chaubey (Bonn)                      |
 |            Mathijs Fraaije (Bern)                   |
 |            Valentin Hirschi (Bern)                  |
 |            Hua-Sheng Shao (LPTHE Paris)             |
 |                                                     |
 |    Please cite                                      |
 |            PLB 851 (2024) 138555 [arXiv:2312.16956] |
 |            JHEP 03 (2024) 121    [arXiv:2312.16966] |
 |                                                     |
 =======================================================
 ---------------------------------------------------
         the cuts in the lab frame                  
 min transverse momentum of photon    0.0000000000000000     
 max (pseudo-)rapidity of photon    5.0000000000000000     
 min (pseudo-)rapidity of photon   -5.0000000000000000     
 min invariant mass of di-photon    0.0000000000000000     
 ---------------------------------------------------
 WARNING: outside the range of the grid (xs,xt)=  0.45284517905232013      -0.45284517452431572     
 WARNING: set the 2-loop amplitudes to zero
 WARNING: outside the range of the grid (xs,xt)=  0.45304900921137653      -0.45304900468133419     
 WARNING: set the 2-loop amplitudes to zero
 WARNING: outside the range of the grid (xs,xt)=  0.45282255954869244      -0.45282255502091406     
 WARNING: set the 2-loop amplitudes to zero
 WARNING: outside the range of the grid (xs,xt)=  0.45280816361342668      -0.45280815908579231     
 WARNING: set the 2-loop amplitudes to zero
 WARNING: outside the range of the grid (xs,xt)=  0.45291597657207183      -0.45291597204335959     
 WARNING: set the 2-loop amplitudes to zero
 INFO: will suppress the further warning
 max=   317.42781376084105     
 min=   0.0000000000000000     
       n_pass,     n_total
       10000       10000
  
 ====================NCALL=20K===========================
  
 ITERATION            1 :
   227.92049801254615      +\-   6.6272025351338812E-003
 precision:   2.9076816665998506E-005
 max=   317.42781376084105     
 min=   0.0000000000000000     
       n_pass,     n_total
       20000       20002
 max=   317.42781376084105     
 min=   0.0000000000000000     
       n_pass,     n_total
       30000       30002
 ITERATION            2 :
   227.90493532507440      +\-   1.2725114629380033E-002
 precision:   5.5835186768682493E-005
 max=   317.44522461944683     
 min=   0.0000000000000000     
       n_pass,     n_total
       40000       40012
 max=   317.44522461944683     
 min=   0.0000000000000000     
       n_pass,     n_total
       50000       50012
 ITERATION            3 :
   227.90884758903996      +\-   9.9410517755631651E-003
 precision:   4.3618542591591891E-005
 max=   317.69936411879530     
 min=   0.0000000000000000     
       n_pass,     n_total
       60000       60039
 max=   317.69936411879530     
 min=   0.0000000000000000     
       n_pass,     n_total
       70000       70039
 ITERATION            4 :
   227.89735597585934      +\-   6.8757548549481127E-003
 precision:   3.0170402045719417E-005
 max=   317.69936411879530     
 min=   0.0000000000000000     
       n_pass,     n_total
       80000       80075
 max=   317.69936411879530     
 min=   0.0000000000000000     
       n_pass,     n_total
       90000       90075
 ITERATION            5 :
   227.89561519130740      +\-   1.1059828283355441E-002
 precision:   4.8530237293382092E-005
 max=   317.69936411879530     
 min=   0.0000000000000000     
       n_pass,     n_total
      100000      100116
 max=   317.69936411879530     
 min=   0.0000000000000000     
       n_pass,     n_total
      110000      110116
 ITERATION            6 :
   227.87868245799683      +\-   1.1105510316035320E-002
 precision:   4.8734309836473255E-005
 max=   317.69936411879530     
 min=   0.0000000000000000     
       n_pass,     n_total
      120000      120144
 max=   317.69936411879530     
 min=   0.0000000000000000     
       n_pass,     n_total
      130000      130144
 ITERATION            7 :
   227.89128944753190      +\-   8.2310907135148929E-003
 precision:   3.6118496382504174E-005
 max=   317.69936411879530     
 min=   0.0000000000000000     
       n_pass,     n_total
      140000      140185
 max=   317.69936411879530     
 min=   0.0000000000000000     
       n_pass,     n_total
      150000      150185
 ITERATION            8 :
   227.87862373506007      +\-   7.1790424075201097E-003
 precision:   3.1503799214913305E-005
 max=   317.69936411879530     
 min=   0.0000000000000000     
       n_pass,     n_total
      160000      160248
 max=   317.69936411879530     
 min=   0.0000000000000000     
       n_pass,     n_total
      170000      170248
 ITERATION            9 :
   227.89088483658094      +\-   6.5542505668287490E-003
 precision:   2.8760477065718356E-005
 max=   317.70446040227000     
 min=   0.0000000000000000     
       n_pass,     n_total
      180000      180319
 max=   317.70446040227000     
 min=   0.0000000000000000     
       n_pass,     n_total
      190000      190319
 ITERATION           10 :
   227.89283849332384      +\-   6.5807979491537836E-003
 precision:   2.8876721149561571E-005
 ====================NCALL=40K ===========================
  
 max=   317.70446040227000     
 min=   0.0000000000000000     
       n_pass,     n_total
      200000      200481
 max=   317.70446040227000     
 min=   0.0000000000000000     
       n_pass,     n_total
      210000      210481
 max=   317.70446040227000     
 min=   0.0000000000000000     
       n_pass,     n_total
      220000      220481
 max=   317.70446040227000     
 min=   0.0000000000000000     
       n_pass,     n_total
      230000      230481
   227.89001832230201      +\-   3.2870888846919960E-003
 precision:   1.4424014306950062E-005
 ====================NCALL=80K ===========================
  
 max=   317.70446040227000     
 min=   0.0000000000000000     
       n_pass,     n_total
      240000      240851
 max=   317.70446040227000     
 min=   0.0000000000000000     
       n_pass,     n_total
      250000      250851
 max=   317.70446040227000     
 min=   0.0000000000000000     
       n_pass,     n_total
      260000      260851
 max=   317.70446040227000     
 min=   0.0000000000000000     
       n_pass,     n_total
      270000      270851
 max=   317.70446040227000     
 min=   0.0000000000000000     
       n_pass,     n_total
      280000      280851
 max=   317.70446040227000     
 min=   0.0000000000000000     
       n_pass,     n_total
      290000      290851
 max=   317.70446040227000     
 min=   0.0000000000000000     
       n_pass,     n_total
      300000      300851
 max=   317.70446040227000     
 min=   0.0000000000000000     
       n_pass,     n_total
      310000      310851
   227.88595594032844      +\-   1.5659908571984801E-003
 precision:   6.8718181896585688E-006
 sigma (pb)                   sd (pb)
   227.88595594032844        1.5659908571984801E-003
