 =======================================================
 |                                                     |
 |         \/\/\/\/\/\___________/\/\/\/\/\/           |
 |                   |     \     |                     |
 |                   |     /     |                     |
 |                   |     \     |                     |
 |         /\/\/\/\/\|_____/_____|/\/\/\/\/\           |
 |                                                     |
 | Light-by-light scattering at next-to-leading order  |
 |                   (VERSION 0.5)                     |
 |                                                     |
 |    Authors:                                         |
 |            Ajjath A.H. (LPTHE Paris)                |
 |            Ekta Chaubey (Bonn)                      |
 |            Mathijs Fraaije (Bern)                   |
 |            Valentin Hirschi (Bern)                  |
 |            Hua-Sheng Shao (LPTHE Paris)             |
 |                                                     |
 |    Please cite                                      |
 |            PLB 851 (2024) 138555 [arXiv:2312.16956] |
 |            JHEP 03 (2024) 121    [arXiv:2312.16966] |
 |                                                     |
 =======================================================
 ---------------------------------------------------
         the cuts in the lab frame                  
 min transverse momentum of photon    0.0000000000000000     
 max (pseudo-)rapidity of photon    5.0000000000000000     
 min (pseudo-)rapidity of photon   -5.0000000000000000     
 min invariant mass of di-photon    0.0000000000000000     
 ---------------------------------------------------
 max=   1658.0896270143101     
 min=   0.0000000000000000     
       n_pass,     n_total
       10000       10000
  
 ====================NCALL=20K===========================
  
 ITERATION            1 :
   68.916926838921498      +\-  0.19103009494382786     
 precision:   2.7718893413561465E-003
 WARNING: outside the range of the grid (xs,xt)=   13.197496101581642       -13.196845482948538     
 WARNING: set the 2-loop amplitudes to zero
 WARNING: outside the range of the grid (xs,xt)=   12.812188581314878       -12.811556957819201     
 WARNING: set the 2-loop amplitudes to zero
 WARNING: outside the range of the grid (xs,xt)=   6.1686339025406092       -6.1683297972673889     
 WARNING: set the 2-loop amplitudes to zero
 WARNING: outside the range of the grid (xs,xt)=  0.65826177777777783      -0.65822932636617770     
 WARNING: set the 2-loop amplitudes to zero
 WARNING: outside the range of the grid (xs,xt)=   6.5643833795013859E-002  -6.5640597643164544E-002
 WARNING: set the 2-loop amplitudes to zero
 INFO: will suppress the further warning
 max=   1842.2394051959072     
 min=   0.0000000000000000     
       n_pass,     n_total
       20000       20007
 max=   1842.2394051959072     
 min=   0.0000000000000000     
       n_pass,     n_total
       30000       30007
 ITERATION            2 :
   68.667754350368412      +\-   5.0441000972075850E-002
 precision:   7.3456604849354921E-004
 max=   1873.9143845015776     
 min=   0.0000000000000000     
       n_pass,     n_total
       40000       40036
 max=   1873.9143845015776     
 min=   0.0000000000000000     
       n_pass,     n_total
       50000       50036
 ITERATION            3 :
   68.617434549536370      +\-   2.2624543223667741E-002
 precision:   3.2972003940681590E-004
 max=   1873.9143845015776     
 min=   0.0000000000000000     
       n_pass,     n_total
       60000       60121
 max=   1873.9143845015776     
 min=   0.0000000000000000     
       n_pass,     n_total
       70000       70121
 ITERATION            4 :
   68.637370077022354      +\-   1.7413790161958417E-002
 precision:   2.5370712983928867E-004
 max=   1882.1920619201348     
 min=   0.0000000000000000     
       n_pass,     n_total
       80000       80302
 max=   1882.1920619201348     
 min=   0.0000000000000000     
       n_pass,     n_total
       90000       90302
 ITERATION            5 :
   68.624462197484462      +\-   1.4189869760764289E-002
 precision:   2.0677567891066754E-004
 max=   1883.9427826596718     
 min=   0.0000000000000000     
       n_pass,     n_total
      100000      100593
 max=   1883.9427826596718     
 min=   0.0000000000000000     
       n_pass,     n_total
      110000      110593
 ITERATION            6 :
   68.639171523170418      +\-   1.2300156028644718E-002
 precision:   1.7920024026648652E-004
 max=   1883.9427826596718     
 min=   0.0000000000000000     
       n_pass,     n_total
      120000      120880
 max=   1883.9427826596718     
 min=   0.0000000000000000     
       n_pass,     n_total
      130000      130880
 ITERATION            7 :
   68.664095207787938      +\-   1.1583346428218250E-002
 precision:   1.6869582848452736E-004
 max=   1883.9427826596718     
 min=   0.0000000000000000     
       n_pass,     n_total
      140000      141251
 max=   1883.9427826596718     
 min=   0.0000000000000000     
       n_pass,     n_total
      150000      151251
 ITERATION            8 :
   68.622268145817102      +\-   1.1522799850984250E-002
 precision:   1.6791633623212769E-004
 max=   1883.9427826596718     
 min=   0.0000000000000000     
       n_pass,     n_total
      160000      161470
 max=   1883.9427826596718     
 min=   0.0000000000000000     
       n_pass,     n_total
      170000      171470
 ITERATION            9 :
   68.634380392196249      +\-   1.1893042665664233E-002
 precision:   1.7328112525681773E-004
 max=   1883.9427826596718     
 min=   0.0000000000000000     
       n_pass,     n_total
      180000      181857
 max=   1883.9427826596718     
 min=   0.0000000000000000     
       n_pass,     n_total
      190000      191857
 ITERATION           10 :
   68.644047781108853      +\-   1.2503142838831128E-002
 precision:   1.8214460310821078E-004
 ====================NCALL=40K ===========================
  
 max=   1883.9427826596718     
 min=   0.0000000000000000     
       n_pass,     n_total
      200000      202187
 max=   1883.9427826596718     
 min=   0.0000000000000000     
       n_pass,     n_total
      210000      212187
 max=   1883.9427826596718     
 min=   0.0000000000000000     
       n_pass,     n_total
      220000      222187
 max=   1883.9427826596718     
 min=   0.0000000000000000     
       n_pass,     n_total
      230000      232187
   68.645459519526639      +\-   5.6800153134768131E-003
 precision:   8.2744224501273778E-005
 ====================NCALL=80K ===========================
  
 max=   1883.9427826596718     
 min=   0.0000000000000000     
       n_pass,     n_total
      240000      243140
 max=   1883.9427826596718     
 min=   0.0000000000000000     
       n_pass,     n_total
      250000      253140
 max=   1883.9427826596718     
 min=   0.0000000000000000     
       n_pass,     n_total
      260000      263140
 max=   1883.9427826596718     
 min=   0.0000000000000000     
       n_pass,     n_total
      270000      273140
 max=   1883.9427826596718     
 min=   0.0000000000000000     
       n_pass,     n_total
      280000      283140
 max=   1883.9427826596718     
 min=   0.0000000000000000     
       n_pass,     n_total
      290000      293140
 max=   1883.9427826596718     
 min=   0.0000000000000000     
       n_pass,     n_total
      300000      303140
 max=   1883.9427826596718     
 min=   0.0000000000000000     
       n_pass,     n_total
      310000      313140
   68.642170544693158      +\-   2.9849271148354234E-003
 precision:   4.3485325291278879E-005
 sigma (pb)                   sd (pb)
   68.642170544693158        2.9849271148354234E-003
