 =======================================================
 |                                                     |
 |         \/\/\/\/\/\___________/\/\/\/\/\/           |
 |                   |     \     |                     |
 |                   |     /     |                     |
 |                   |     \     |                     |
 |         /\/\/\/\/\|_____/_____|/\/\/\/\/\           |
 |                                                     |
 | Light-by-light scattering at next-to-leading order  |
 |                   (VERSION 0.5)                     |
 |                                                     |
 |    Authors:                                         |
 |            Ajjath A.H. (LPTHE Paris)                |
 |            Ekta Chaubey (Bonn)                      |
 |            Mathijs Fraaije (Bern)                   |
 |            Valentin Hirschi (Bern)                  |
 |            Hua-Sheng Shao (LPTHE Paris)             |
 |                                                     |
 |    Please cite                                      |
 |            PLB 851 (2024) 138555 [arXiv:2312.16956] |
 |            JHEP 03 (2024) 121    [arXiv:2312.16966] |
 |                                                     |
 =======================================================
 ---------------------------------------------------
         the cuts in the lab frame                  
 min transverse momentum of photon    0.0000000000000000     
 max (pseudo-)rapidity of photon    5.0000000000000000     
 min (pseudo-)rapidity of photon   -5.0000000000000000     
 min invariant mass of di-photon    0.0000000000000000     
 ---------------------------------------------------
 max=   1639.1300641828461     
 min=   0.0000000000000000     
       n_pass,     n_total
       10000       10000
  
 ====================NCALL=20K===========================
  
 ITERATION            1 :
   68.256977639462534      +\-  0.18886706739646031     
 precision:   2.7670001504324954E-003
 WARNING: outside the range of the grid (xs,xt)=   13.393415014479835       -13.392754430977167     
 WARNING: set the 2-loop amplitudes to zero
 WARNING: outside the range of the grid (xs,xt)=   13.002387543252592       -13.001746245816717     
 WARNING: set the 2-loop amplitudes to zero
 WARNING: outside the range of the grid (xs,xt)=   6.2602082465639315       -6.2598994836168806     
 WARNING: set the 2-loop amplitudes to zero
 WARNING: outside the range of the grid (xs,xt)=  0.66803377777777773      -0.66800082934062788     
 WARNING: set the 2-loop amplitudes to zero
 WARNING: outside the range of the grid (xs,xt)=   6.6618326869806094E-002  -6.6615041153082005E-002
 WARNING: set the 2-loop amplitudes to zero
 INFO: will suppress the further warning
 max=   1820.5203243548153     
 min=   0.0000000000000000     
       n_pass,     n_total
       20000       20007
 max=   1820.5203243548153     
 min=   0.0000000000000000     
       n_pass,     n_total
       30000       30007
 ITERATION            2 :
   68.010175011045106      +\-   4.9844138380428865E-002
 precision:   7.3289237047741737E-004
 max=   1850.4619380521317     
 min=   0.0000000000000000     
       n_pass,     n_total
       40000       40036
 max=   1850.4619380521317     
 min=   0.0000000000000000     
       n_pass,     n_total
       50000       50036
 ITERATION            3 :
   67.964161115651763      +\-   2.2298512799773178E-002
 precision:   3.2809222439792547E-004
 max=   1850.4619380521317     
 min=   0.0000000000000000     
       n_pass,     n_total
       60000       60120
 max=   1850.4619380521317     
 min=   0.0000000000000000     
       n_pass,     n_total
       70000       70120
 ITERATION            4 :
   67.979463369974795      +\-   1.7241466857512770E-002
 precision:   2.5362758107808173E-004
 max=   1859.6222468315011     
 min=   0.0000000000000000     
       n_pass,     n_total
       80000       80301
 max=   1859.6222468315011     
 min=   0.0000000000000000     
       n_pass,     n_total
       90000       90301
 ITERATION            5 :
   67.966422729114115      +\-   1.4083114334847449E-002
 precision:   2.0720693791663692E-004
 max=   1861.5740954870892     
 min=   0.0000000000000000     
       n_pass,     n_total
      100000      100592
 max=   1861.5740954870892     
 min=   0.0000000000000000     
       n_pass,     n_total
      110000      110592
 ITERATION            6 :
   67.981225711248186      +\-   1.2227523136776074E-002
 precision:   1.7986617641630584E-004
 max=   1861.5740954870892     
 min=   0.0000000000000000     
       n_pass,     n_total
      120000      120877
 max=   1861.5740954870892     
 min=   0.0000000000000000     
       n_pass,     n_total
      130000      130877
 ITERATION            7 :
   68.007371768242976      +\-   1.1520221648058264E-002
 precision:   1.6939666022261718E-004
 max=   1861.5740954870892     
 min=   0.0000000000000000     
       n_pass,     n_total
      140000      141244
 max=   1861.5740954870892     
 min=   0.0000000000000000     
       n_pass,     n_total
      150000      151244
 ITERATION            8 :
   67.966259553109666      +\-   1.1429805478353547E-002
 precision:   1.6816881719704108E-004
 max=   1861.5740954870892     
 min=   0.0000000000000000     
       n_pass,     n_total
      160000      161467
 max=   1861.5740954870892     
 min=   0.0000000000000000     
       n_pass,     n_total
      170000      171467
 ITERATION            9 :
   67.981232218057471      +\-   1.1652401465521553E-002
 precision:   1.7140615262967228E-004
 max=   1861.5740954870892     
 min=   0.0000000000000000     
       n_pass,     n_total
      180000      181856
 max=   1861.5740954870892     
 min=   0.0000000000000000     
       n_pass,     n_total
      190000      191856
 ITERATION           10 :
   67.990209081606380      +\-   1.2158997223337306E-002
 precision:   1.7883453202421055E-004
 ====================NCALL=40K ===========================
  
 max=   1862.2326429965035     
 min=   0.0000000000000000     
       n_pass,     n_total
      200000      202166
 max=   1862.2326429965035     
 min=   0.0000000000000000     
       n_pass,     n_total
      210000      212166
 max=   1862.2326429965035     
 min=   0.0000000000000000     
       n_pass,     n_total
      220000      222166
 max=   1862.2326429965035     
 min=   0.0000000000000000     
       n_pass,     n_total
      230000      232166
   67.986487699006574      +\-   5.7979320290306533E-003
 precision:   8.5280652454051883E-005
 ====================NCALL=80K ===========================
  
 max=   1863.1315526519302     
 min=   0.0000000000000000     
       n_pass,     n_total
      240000      243235
 max=   1863.1315526519302     
 min=   0.0000000000000000     
       n_pass,     n_total
      250000      253235
 max=   1863.1315526519302     
 min=   0.0000000000000000     
       n_pass,     n_total
      260000      263235
 max=   1863.1315526519302     
 min=   0.0000000000000000     
       n_pass,     n_total
      270000      273235
 max=   1863.1315526519302     
 min=   0.0000000000000000     
       n_pass,     n_total
      280000      283235
 max=   1863.1315526519302     
 min=   0.0000000000000000     
       n_pass,     n_total
      290000      293235
 max=   1863.1315526519302     
 min=   0.0000000000000000     
       n_pass,     n_total
      300000      303235
 max=   1863.1315526519302     
 min=   0.0000000000000000     
       n_pass,     n_total
      310000      313235
   67.985894398001392      +\-   2.7258027541778541E-003
 precision:   4.0093651459823787E-005
 sigma (pb)                   sd (pb)
   67.985894398001392        2.7258027541778541E-003
