 =======================================================
 |                                                     |
 |         \/\/\/\/\/\___________/\/\/\/\/\/           |
 |                   |     \     |                     |
 |                   |     /     |                     |
 |                   |     \     |                     |
 |         /\/\/\/\/\|_____/_____|/\/\/\/\/\           |
 |                                                     |
 | Light-by-light scattering at next-to-leading order  |
 |                   (VERSION 0.5)                     |
 |                                                     |
 |    Authors:                                         |
 |            Ajjath A.H. (LPTHE Paris)                |
 |            Ekta Chaubey (Bonn)                      |
 |            Mathijs Fraaije (Bern)                   |
 |            Valentin Hirschi (Bern)                  |
 |            Hua-Sheng Shao (LPTHE Paris)             |
 |                                                     |
 |    Please cite                                      |
 |            PLB 851 (2024) 138555 [arXiv:2312.16956] |
 |            JHEP 03 (2024) 121    [arXiv:2312.16966] |
 |                                                     |
 =======================================================
 ---------------------------------------------------
         the cuts in the lab frame                  
 min transverse momentum of photon    0.0000000000000000     
 max (pseudo-)rapidity of photon    5.0000000000000000     
 min (pseudo-)rapidity of photon   -5.0000000000000000     
 min invariant mass of di-photon    0.0000000000000000     
 ---------------------------------------------------
 max=   259250.84619791253     
 min=   0.0000000000000000     
       n_pass,     n_total
       10000       10000
  
 ====================NCALL=20K===========================
  
 ITERATION            1 :
   4991.3123128862280      +\-   37.614986540304777     
 precision:   7.5360915491489051E-003
 WARNING: outside the range of the grid (xs,xt)=   4.4162708843840492E-002  -4.4160644472775623E-002
 WARNING: set the 2-loop amplitudes to zero
 WARNING: outside the range of the grid (xs,xt)=   4.2873356401384080E-002  -4.2871352300668200E-002
 WARNING: set the 2-loop amplitudes to zero
 WARNING: outside the range of the grid (xs,xt)=   2.0642065805914205E-002  -2.0641100899447085E-002
 WARNING: set the 2-loop amplitudes to zero
 WARNING: outside the range of the grid (xs,xt)=   18980.319468752037       -18979.432240062062     
 WARNING: set the 2-loop amplitudes to zero
 WARNING: outside the range of the grid (xs,xt)=  0.38540665466003504      -0.38538863895477332     
 WARNING: set the 2-loop amplitudes to zero
 INFO: will suppress the further warning
 max=   272845.46269040054     
 min=   0.0000000000000000     
       n_pass,     n_total
       20000       20007
 max=   272845.46269040054     
 min=   0.0000000000000000     
       n_pass,     n_total
       30000       30007
 ITERATION            2 :
   4943.7109622735261      +\-   8.0418553239815687     
 precision:   1.6266839597522222E-003
 max=   272845.46269040054     
 min=   0.0000000000000000     
       n_pass,     n_total
       40000       40041
 max=   272845.46269040054     
 min=   0.0000000000000000     
       n_pass,     n_total
       50000       50041
 ITERATION            3 :
   4937.6132686291894      +\-   2.9942810471444092     
 precision:   6.0642275614584528E-004
 max=   273033.24003137799     
 min=   0.0000000000000000     
       n_pass,     n_total
       60000       60163
 max=   273033.24003137799     
 min=   0.0000000000000000     
       n_pass,     n_total
       70000       70163
 ITERATION            4 :
   4939.4759461947360      +\-   1.8906637526321324     
 precision:   3.8276606126377805E-004
 max=   273219.33111875859     
 min=   0.0000000000000000     
       n_pass,     n_total
       80000       80434
 max=   273219.33111875859     
 min=   0.0000000000000000     
       n_pass,     n_total
       90000       90434
 ITERATION            5 :
   4938.0844403448955      +\-   1.3563456063460186     
 precision:   2.7467039552107902E-004
 max=   273219.33111875859     
 min=   0.0000000000000000     
       n_pass,     n_total
      100000      100768
 max=   273219.33111875859     
 min=   0.0000000000000000     
       n_pass,     n_total
      110000      110768
 ITERATION            6 :
   4937.6057913821378      +\-   1.4569544458392591     
 precision:   2.9507305917012618E-004
 max=   273277.09603528021     
 min=   0.0000000000000000     
       n_pass,     n_total
      120000      121095
 max=   273277.09603528021     
 min=   0.0000000000000000     
       n_pass,     n_total
      130000      131095
 ITERATION            7 :
   4939.4760265597906      +\-   1.3216416254391834     
 precision:   2.6756717075508723E-004
 max=   273277.09603528021     
 min=   0.0000000000000000     
       n_pass,     n_total
      140000      141479
 max=   273277.09603528021     
 min=   0.0000000000000000     
       n_pass,     n_total
      150000      151479
 ITERATION            8 :
   4936.3101287830150      +\-   1.3862507500085528     
 precision:   2.8082732118581767E-004
 max=   273277.09603528021     
 min=   0.0000000000000000     
       n_pass,     n_total
      160000      162005
 max=   273277.09603528021     
 min=   0.0000000000000000     
       n_pass,     n_total
      170000      172005
 ITERATION            9 :
   4938.6882952509704      +\-   1.2530464495587104     
 precision:   2.5372049715379619E-004
 max=   273286.13984607096     
 min=   0.0000000000000000     
       n_pass,     n_total
      180000      182475
 max=   273286.13984607096     
 min=   0.0000000000000000     
       n_pass,     n_total
      190000      192475
 ITERATION           10 :
   4940.6810557929984      +\-   1.1696299299912081     
 precision:   2.3673455476746574E-004
 ====================NCALL=40K ===========================
  
 max=   273286.13984607096     
 min=   0.0000000000000000     
       n_pass,     n_total
      200000      203150
 max=   273286.13984607096     
 min=   0.0000000000000000     
       n_pass,     n_total
      210000      213150
 max=   273286.13984607096     
 min=   0.0000000000000000     
       n_pass,     n_total
      220000      223150
 max=   273286.13984607096     
 min=   0.0000000000000000     
       n_pass,     n_total
      230000      233150
   4938.8593866434312      +\-  0.60230221916436733     
 precision:   1.2195168398461057E-004
 ====================NCALL=80K ===========================
  
 max=   273295.03205605107     
 min=   0.0000000000000000     
       n_pass,     n_total
      240000      245168
 max=   273295.03205605107     
 min=   0.0000000000000000     
       n_pass,     n_total
      250000      255168
 max=   273295.03205605107     
 min=   0.0000000000000000     
       n_pass,     n_total
      260000      265168
 max=   273295.03205605107     
 min=   0.0000000000000000     
       n_pass,     n_total
      270000      275168
 max=   273295.03205605107     
 min=   0.0000000000000000     
       n_pass,     n_total
      280000      285168
 max=   273295.03205605107     
 min=   0.0000000000000000     
       n_pass,     n_total
      290000      295168
 max=   273295.03205605107     
 min=   0.0000000000000000     
       n_pass,     n_total
      300000      305168
   4938.3300275712945      +\-  0.29247586598771963     
 precision:   5.9225662188389893E-005
 sigma (pb)                   sd (pb)
   4938.3300275712945       0.29247586598771963     
