 =======================================================
 |                                                     |
 |         \/\/\/\/\/\___________/\/\/\/\/\/           |
 |                   |     \     |                     |
 |                   |     /     |                     |
 |                   |     \     |                     |
 |         /\/\/\/\/\|_____/_____|/\/\/\/\/\           |
 |                                                     |
 | Light-by-light scattering at next-to-leading order  |
 |                   (VERSION 0.5)                     |
 |                                                     |
 |    Authors:                                         |
 |            Ajjath A.H. (LPTHE Paris)                |
 |            Ekta Chaubey (Bonn)                      |
 |            Mathijs Fraaije (Bern)                   |
 |            Valentin Hirschi (Bern)                  |
 |            Hua-Sheng Shao (LPTHE Paris)             |
 |                                                     |
 |    Please cite                                      |
 |            PLB 851 (2024) 138555 [arXiv:2312.16956] |
 |            JHEP 03 (2024) 121    [arXiv:2312.16966] |
 |                                                     |
 =======================================================
 ---------------------------------------------------
         the cuts in the lab frame                  
 min transverse momentum of photon    0.0000000000000000     
 max (pseudo-)rapidity of photon    5.0000000000000000     
 min (pseudo-)rapidity of photon   -5.0000000000000000     
 min invariant mass of di-photon    0.0000000000000000     
 ---------------------------------------------------
 max=   10003.013039470474     
 min=   0.0000000000000000     
       n_pass,     n_total
       10000       10000
  
 ====================NCALL=20K===========================
  
 ITERATION            1 :
   248.34329574617919      +\-   1.1619218237738633     
 precision:   4.6786921317232286E-003
 WARNING: outside the range of the grid (xs,xt)=   1.6094898641122739       -1.6094105547052246     
 WARNING: set the 2-loop amplitudes to zero
 WARNING: outside the range of the grid (xs,xt)=   1.5624999999999996       -1.5624230060708808     
 WARNING: set the 2-loop amplitudes to zero
 WARNING: outside the range of the grid (xs,xt)=  0.75229071220324861      -0.75225364223987456     
 WARNING: set the 2-loop amplitudes to zero
 WARNING: outside the range of the grid (xs,xt)=   8.0277777777777767E-002  -8.0273822000797274E-002
 WARNING: set the 2-loop amplitudes to zero
 WARNING: outside the range of the grid (xs,xt)=   691729.12174815510       -691695.03602465475     
 WARNING: set the 2-loop amplitudes to zero
 INFO: will suppress the further warning
 max=   11548.623134739053     
 min=   0.0000000000000000     
       n_pass,     n_total
       20000       20007
 max=   11548.623134739053     
 min=   0.0000000000000000     
       n_pass,     n_total
       30000       30007
 ITERATION            2 :
   247.10634273433243      +\-  0.31493204507338829     
 precision:   1.2744798113578826E-003
 max=   11548.623134739053     
 min=   0.0000000000000000     
       n_pass,     n_total
       40000       40042
 max=   11548.623134739053     
 min=   0.0000000000000000     
       n_pass,     n_total
       50000       50042
 ITERATION            3 :
   246.86384266694375      +\-  0.11472655051597247     
 precision:   4.6473614473690154E-004
 max=   11553.885965538409     
 min=   0.0000000000000000     
       n_pass,     n_total
       60000       60160
 max=   11553.885965538409     
 min=   0.0000000000000000     
       n_pass,     n_total
       70000       70160
 ITERATION            4 :
   246.91723197399750      +\-   7.4512201153155946E-002
 precision:   3.0176995164518417E-004
 max=   11609.599307393670     
 min=   0.0000000000000000     
       n_pass,     n_total
       80000       80424
 max=   11609.599307393670     
 min=   0.0000000000000000     
       n_pass,     n_total
       90000       90424
 ITERATION            5 :
   246.91857538451754      +\-   5.3187179750749020E-002
 precision:   2.1540372030707901E-004
 max=   11679.671481906742     
 min=   0.0000000000000000     
       n_pass,     n_total
      100000      100765
 max=   11679.671481906742     
 min=   0.0000000000000000     
       n_pass,     n_total
      110000      110765
 ITERATION            6 :
   246.89603827195231      +\-   5.1776488246117108E-002
 precision:   2.0970967622042634E-004
 max=   11679.671481906742     
 min=   0.0000000000000000     
       n_pass,     n_total
      120000      121137
 max=   11679.671481906742     
 min=   0.0000000000000000     
       n_pass,     n_total
      130000      131137
 ITERATION            7 :
   246.99144234223974      +\-   4.7846319198215664E-002
 precision:   1.9371650590192585E-004
 max=   11679.671481906742     
 min=   0.0000000000000000     
       n_pass,     n_total
      140000      141619
 max=   11679.671481906742     
 min=   0.0000000000000000     
       n_pass,     n_total
      150000      151619
 ITERATION            8 :
   246.85932485925366      +\-   4.4960430164408635E-002
 precision:   1.8212976232533543E-004
 max=   11679.671481906742     
 min=   0.0000000000000000     
       n_pass,     n_total
      160000      162082
 max=   11679.671481906742     
 min=   0.0000000000000000     
       n_pass,     n_total
      170000      172082
 ITERATION            9 :
   246.92187916626128      +\-   4.5175575516009231E-002
 precision:   1.8295493161053951E-004
 max=   11679.671481906742     
 min=   0.0000000000000000     
       n_pass,     n_total
      180000      182630
 max=   11679.671481906742     
 min=   0.0000000000000000     
       n_pass,     n_total
      190000      192630
 ITERATION           10 :
   247.00103808663295      +\-   4.4578073203829220E-002
 precision:   1.8047727065905668E-004
 ====================NCALL=40K ===========================
  
 max=   11679.671481906742     
 min=   0.0000000000000000     
       n_pass,     n_total
      200000      203431
 max=   11679.671481906742     
 min=   0.0000000000000000     
       n_pass,     n_total
      210000      213431
 max=   11679.671481906742     
 min=   0.0000000000000000     
       n_pass,     n_total
      220000      223431
 max=   11679.671481906742     
 min=   0.0000000000000000     
       n_pass,     n_total
      230000      233431
   246.95802851964828      +\-   2.2616349592853018E-002
 precision:   9.1579730079735530E-005
 ====================NCALL=80K ===========================
  
 max=   11691.840701944831     
 min=   0.0000000000000000     
       n_pass,     n_total
      240000      245683
 max=   11691.840701944831     
 min=   0.0000000000000000     
       n_pass,     n_total
      250000      255683
 max=   11691.840701944831     
 min=   0.0000000000000000     
       n_pass,     n_total
      260000      265683
 max=   11691.840701944831     
 min=   0.0000000000000000     
       n_pass,     n_total
      270000      275683
 max=   11691.840701944831     
 min=   0.0000000000000000     
       n_pass,     n_total
      280000      285683
 max=   11691.840701944831     
 min=   0.0000000000000000     
       n_pass,     n_total
      290000      295683
 max=   11691.840701944831     
 min=   0.0000000000000000     
       n_pass,     n_total
      300000      305683
   246.93624444604097      +\-   1.1101135904009430E-002
 precision:   4.4955473947993826E-005
 sigma (pb)                   sd (pb)
   246.93624444604097        1.1101135904009430E-002
