 =======================================================
 |                                                     |
 |         \/\/\/\/\/\___________/\/\/\/\/\/           |
 |                   |     \     |                     |
 |                   |     /     |                     |
 |                   |     \     |                     |
 |         /\/\/\/\/\|_____/_____|/\/\/\/\/\           |
 |                                                     |
 | Light-by-light scattering at next-to-leading order  |
 |                   (VERSION 0.5)                     |
 |                                                     |
 |    Authors:                                         |
 |            Ajjath A.H. (LPTHE Paris)                |
 |            Ekta Chaubey (Bonn)                      |
 |            Mathijs Fraaije (Bern)                   |
 |            Valentin Hirschi (Bern)                  |
 |            Hua-Sheng Shao (LPTHE Paris)             |
 |                                                     |
 |    Please cite                                      |
 |            PLB 851 (2024) 138555 [arXiv:2312.16956] |
 |            JHEP 03 (2024) 121    [arXiv:2312.16966] |
 |                                                     |
 =======================================================
 ---------------------------------------------------
         the cuts in the lab frame                  
 min transverse momentum of photon    0.0000000000000000     
 max (pseudo-)rapidity of photon    5.0000000000000000     
 min (pseudo-)rapidity of photon   -5.0000000000000000     
 min invariant mass of di-photon    0.0000000000000000     
 ---------------------------------------------------
 max=   10397.003789465385     
 min=   0.0000000000000000     
       n_pass,     n_total
       10000       10000
  
 ====================NCALL=20K===========================
  
 ITERATION            1 :
   253.89864016870342      +\-   1.2080176673974270     
 precision:   4.7578737191926570E-003
 WARNING: outside the range of the grid (xs,xt)=   1.5420449988861658       -1.5419691476855628     
 WARNING: set the 2-loop amplitudes to zero
 WARNING: outside the range of the grid (xs,xt)=   1.4970242214532867       -1.4969505847665423     
 WARNING: set the 2-loop amplitudes to zero
 WARNING: outside the range of the grid (xs,xt)=  0.72076634735526868      -0.72073089379013877     
 WARNING: set the 2-loop amplitudes to zero
 WARNING: outside the range of the grid (xs,xt)=   7.6913777777777775E-002  -7.6909994488449915E-002
 WARNING: set the 2-loop amplitudes to zero
 WARNING: outside the range of the grid (xs,xt)=   662742.55996262270       -662709.96051260654     
 WARNING: set the 2-loop amplitudes to zero
 INFO: will suppress the further warning
 max=   12014.800989685635     
 min=   0.0000000000000000     
       n_pass,     n_total
       20000       20007
 max=   12014.800989685635     
 min=   0.0000000000000000     
       n_pass,     n_total
       30000       30007
 ITERATION            2 :
   252.61549551902007      +\-  0.32739860231170953     
 precision:   1.2960353110526384E-003
 max=   12014.800989685635     
 min=   0.0000000000000000     
       n_pass,     n_total
       40000       40042
 max=   12014.800989685635     
 min=   0.0000000000000000     
       n_pass,     n_total
       50000       50042
 ITERATION            3 :
   252.37078211442523      +\-  0.11865210338276344     
 precision:   4.7014992143173858E-004
 max=   12082.392697093861     
 min=   0.0000000000000000     
       n_pass,     n_total
       60000       60161
 max=   12082.392697093861     
 min=   0.0000000000000000     
       n_pass,     n_total
       70000       70161
 ITERATION            4 :
   252.42681623840616      +\-   7.6937951047420766E-002
 precision:   3.0479309684259621E-004
 max=   12112.000117340896     
 min=   0.0000000000000000     
       n_pass,     n_total
       80000       80430
 max=   12112.000117340896     
 min=   0.0000000000000000     
       n_pass,     n_total
       90000       90430
 ITERATION            5 :
   252.42533430781558      +\-   5.4047156675283439E-002
 precision:   2.1411145923006523E-004
 max=   12118.392145569142     
 min=   0.0000000000000000     
       n_pass,     n_total
      100000      100751
 max=   12118.392145569142     
 min=   0.0000000000000000     
       n_pass,     n_total
      110000      110751
 ITERATION            6 :
   252.39950959815374      +\-   5.6398488129593465E-002
 precision:   2.2344927777152070E-004
 max=   12122.021970138201     
 min=   0.0000000000000000     
       n_pass,     n_total
      120000      121136
 max=   12122.021970138201     
 min=   0.0000000000000000     
       n_pass,     n_total
      130000      131136
 ITERATION            7 :
   252.50651676490554      +\-   5.0506324928129738E-002
 precision:   2.0001988691307048E-004
 max=   12125.897753175966     
 min=   0.0000000000000000     
       n_pass,     n_total
      140000      141639
 max=   12125.897753175966     
 min=   0.0000000000000000     
       n_pass,     n_total
      150000      151639
 ITERATION            8 :
   252.37370489230813      +\-   4.7459497594597881E-002
 precision:   1.8805246614281629E-004
 max=   12143.159188392532     
 min=   0.0000000000000000     
       n_pass,     n_total
      160000      162187
 max=   12143.159188392532     
 min=   0.0000000000000000     
       n_pass,     n_total
      170000      172187
 ITERATION            9 :
   252.43409613799366      +\-   4.6612139553827918E-002
 precision:   1.8465072772240438E-004
 max=   12147.747158920369     
 min=   0.0000000000000000     
       n_pass,     n_total
      180000      182776
 max=   12147.747158920369     
 min=   0.0000000000000000     
       n_pass,     n_total
      190000      192776
 ITERATION           10 :
   252.50090716655362      +\-   4.7051873511230261E-002
 precision:   1.8634338402671202E-004
 ====================NCALL=40K ===========================
  
 max=   12150.009981056166     
 min=   0.0000000000000000     
       n_pass,     n_total
      200000      203732
 max=   12150.009981056166     
 min=   0.0000000000000000     
       n_pass,     n_total
      210000      213732
 max=   12150.009981056166     
 min=   0.0000000000000000     
       n_pass,     n_total
      220000      223732
 max=   12150.009981056166     
 min=   0.0000000000000000     
       n_pass,     n_total
      230000      233732
   252.45646784085193      +\-   2.2540714574322034E-002
 precision:   8.9285549968684725E-005
 ====================NCALL=80K ===========================
  
 max=   12158.095604052869     
 min=   0.0000000000000000     
       n_pass,     n_total
      240000      245758
 max=   12158.095604052869     
 min=   0.0000000000000000     
       n_pass,     n_total
      250000      255758
 max=   12158.095604052869     
 min=   0.0000000000000000     
       n_pass,     n_total
      260000      265758
 max=   12158.095604052869     
 min=   0.0000000000000000     
       n_pass,     n_total
      270000      275758
 max=   12158.095604052869     
 min=   0.0000000000000000     
       n_pass,     n_total
      280000      285758
 max=   12158.095604052869     
 min=   0.0000000000000000     
       n_pass,     n_total
      290000      295758
 max=   12158.095604052869     
 min=   0.0000000000000000     
       n_pass,     n_total
      300000      305758
   252.43684088619941      +\-   1.1652915397521824E-002
 precision:   4.6161706653487449E-005
 sigma (pb)                   sd (pb)
   252.43684088619941        1.1652915397521824E-002
