 =======================================================
 |                                                     |
 |         \/\/\/\/\/\___________/\/\/\/\/\/           |
 |                   |     \     |                     |
 |                   |     /     |                     |
 |                   |     \     |                     |
 |         /\/\/\/\/\|_____/_____|/\/\/\/\/\           |
 |                                                     |
 | Light-by-light scattering at next-to-leading order  |
 |                   (VERSION 0.5)                     |
 |                                                     |
 |    Authors:                                         |
 |            Ajjath A.H. (LPTHE Paris)                |
 |            Ekta Chaubey (Bonn)                      |
 |            Mathijs Fraaije (Bern)                   |
 |            Valentin Hirschi (Bern)                  |
 |            Hua-Sheng Shao (LPTHE Paris)             |
 |                                                     |
 |    Please cite                                      |
 |            PLB 851 (2024) 138555 [arXiv:2312.16956] |
 |            JHEP 03 (2024) 121    [arXiv:2312.16966] |
 |                                                     |
 =======================================================
 ---------------------------------------------------
         the cuts in the lab frame                  
 min transverse momentum of photon    0.0000000000000000     
 max (pseudo-)rapidity of photon    5.0000000000000000     
 min (pseudo-)rapidity of photon   -5.0000000000000000     
 min invariant mass of di-photon    0.0000000000000000     
 ---------------------------------------------------
 WARNING: outside the range of the grid (xs,xt)=  0.12917862400748981      -0.12917862271573999     
 WARNING: set the 2-loop amplitudes to zero
 WARNING: outside the range of the grid (xs,xt)=  0.12902274171385603      -0.12902274042366493     
 WARNING: set the 2-loop amplitudes to zero
 WARNING: outside the range of the grid (xs,xt)=  0.12927777760474460      -0.12927777631200330     
 WARNING: set the 2-loop amplitudes to zero
 WARNING: outside the range of the grid (xs,xt)=  0.12933596682965098      -0.12933596553632784     
 WARNING: set the 2-loop amplitudes to zero
 WARNING: outside the range of the grid (xs,xt)=  0.12922000019055985      -0.12921999889839628     
 WARNING: set the 2-loop amplitudes to zero
 INFO: will suppress the further warning
 max=   7.2912353410251800     
 min=   0.0000000000000000     
       n_pass,     n_total
       10000       10000
  
 ====================NCALL=20K===========================
  
 ITERATION            1 :
   5.1690787362699231      +\-   1.6324467530562256E-004
 precision:   3.1580999948826879E-005
 max=   7.3117128802123688     
 min=   0.0000000000000000     
       n_pass,     n_total
       20000       20002
 max=   7.3117128802123688     
 min=   0.0000000000000000     
       n_pass,     n_total
       30000       30002
 ITERATION            2 :
   5.1687321342616537      +\-   2.9062499099988612E-004
 precision:   5.6227520299115189E-005
 max=   7.3236497156264484     
 min=   0.0000000000000000     
       n_pass,     n_total
       40000       40012
 max=   7.3236497156264484     
 min=   0.0000000000000000     
       n_pass,     n_total
       50000       50012
 ITERATION            3 :
   5.1687377471151645      +\-   2.5486370636373208E-004
 precision:   4.9308693695279770E-005
 max=   7.3285600693250492     
 min=   0.0000000000000000     
       n_pass,     n_total
       60000       60038
 max=   7.3285600693250492     
 min=   0.0000000000000000     
       n_pass,     n_total
       70000       70038
 ITERATION            4 :
   5.1684929658439618      +\-   2.4763291322548760E-004
 precision:   4.7912015139030313E-005
 max=   7.3285600693250492     
 min=   0.0000000000000000     
       n_pass,     n_total
       80000       80064
 max=   7.3285600693250492     
 min=   0.0000000000000000     
       n_pass,     n_total
       90000       90064
 ITERATION            5 :
   5.1684947325394734      +\-   2.0706160893395662E-004
 precision:   4.0062265640003772E-005
 max=   7.3285600693250492     
 min=   0.0000000000000000     
       n_pass,     n_total
      100000      100096
 max=   7.3285600693250492     
 min=   0.0000000000000000     
       n_pass,     n_total
      110000      110096
 ITERATION            6 :
   5.1683648061363501      +\-   1.8021015196339883E-004
 precision:   3.4867924135199792E-005
 max=   7.3285600693250492     
 min=   0.0000000000000000     
       n_pass,     n_total
      120000      120129
 max=   7.3285600693250492     
 min=   0.0000000000000000     
       n_pass,     n_total
      130000      130129
 ITERATION            7 :
   5.1686100013275231      +\-   1.6961175773849200E-004
 precision:   3.2815739182280797E-005
 max=   7.3285600693250492     
 min=   0.0000000000000000     
       n_pass,     n_total
      140000      140176
 max=   7.3285600693250492     
 min=   0.0000000000000000     
       n_pass,     n_total
      150000      150176
 ITERATION            8 :
   5.1680963437786547      +\-   1.6766661222105081E-004
 precision:   3.2442625111447000E-005
 max=   7.3285600693250492     
 min=   0.0000000000000000     
       n_pass,     n_total
      160000      160240
 max=   7.3285600693250492     
 min=   0.0000000000000000     
       n_pass,     n_total
      170000      170240
 ITERATION            9 :
   5.1684088517231359      +\-   1.6008150106671293E-004
 precision:   3.0973072305094851E-005
 max=   7.3285888189067583     
 min=   0.0000000000000000     
       n_pass,     n_total
      180000      180306
 max=   7.3285888189067583     
 min=   0.0000000000000000     
       n_pass,     n_total
      190000      190306
 ITERATION           10 :
   5.1685634646008287      +\-   1.6089915475796926E-004
 precision:   3.1130343249136364E-005
 ====================NCALL=40K ===========================
  
 max=   7.3285888189067583     
 min=   0.0000000000000000     
       n_pass,     n_total
      200000      200446
 max=   7.3285888189067583     
 min=   0.0000000000000000     
       n_pass,     n_total
      210000      210446
 max=   7.3285888189067583     
 min=   0.0000000000000000     
       n_pass,     n_total
      220000      220446
 max=   7.3285888189067583     
 min=   0.0000000000000000     
       n_pass,     n_total
      230000      230446
   5.1684495004981956      +\-   8.1335729795556377E-005
 precision:   1.5736969044142984E-005
 ====================NCALL=80K ===========================
  
 max=   7.3285888189067583     
 min=   0.0000000000000000     
       n_pass,     n_total
      240000      240797
 max=   7.3285888189067583     
 min=   0.0000000000000000     
       n_pass,     n_total
      250000      250797
 max=   7.3285888189067583     
 min=   0.0000000000000000     
       n_pass,     n_total
      260000      260797
 max=   7.3285888189067583     
 min=   0.0000000000000000     
       n_pass,     n_total
      270000      270797
 max=   7.3285888189067583     
 min=   0.0000000000000000     
       n_pass,     n_total
      280000      280797
 max=   7.3285888189067583     
 min=   0.0000000000000000     
       n_pass,     n_total
      290000      290797
 max=   7.3285888189067583     
 min=   0.0000000000000000     
       n_pass,     n_total
      300000      300797
 max=   7.3285888189067583     
 min=   0.0000000000000000     
       n_pass,     n_total
      310000      310797
   5.1683719237035355      +\-   3.9030663598433220E-005
 precision:   7.5518295073595924E-006
 sigma (pb)                   sd (pb)
   5.1683719237035355        3.9030663598433220E-005
