 =======================================================
 |                                                     |
 |         \/\/\/\/\/\___________/\/\/\/\/\/           |
 |                   |     \     |                     |
 |                   |     /     |                     |
 |                   |     \     |                     |
 |         /\/\/\/\/\|_____/_____|/\/\/\/\/\           |
 |                                                     |
 | Light-by-light scattering at next-to-leading order  |
 |                   (VERSION 0.5)                     |
 |                                                     |
 |    Authors:                                         |
 |            Ajjath A.H. (LPTHE Paris)                |
 |            Ekta Chaubey (Bonn)                      |
 |            Mathijs Fraaije (Bern)                   |
 |            Valentin Hirschi (Bern)                  |
 |            Hua-Sheng Shao (LPTHE Paris)             |
 |                                                     |
 |    Please cite                                      |
 |            PLB 851 (2024) 138555 [arXiv:2312.16956] |
 |            JHEP 03 (2024) 121    [arXiv:2312.16966] |
 |                                                     |
 =======================================================
 ---------------------------------------------------
         the cuts in the lab frame                  
 min transverse momentum of photon    0.0000000000000000     
 max (pseudo-)rapidity of photon    5.0000000000000000     
 min (pseudo-)rapidity of photon   -5.0000000000000000     
 min invariant mass of di-photon    0.0000000000000000     
 ---------------------------------------------------
 WARNING: outside the range of the grid (xs,xt)=   8.4390904450371645E-002  -8.4390903606478149E-002
 WARNING: set the 2-loop amplitudes to zero
 WARNING: outside the range of the grid (xs,xt)=   8.4551550707422291E-002  -8.4551549861922384E-002
 WARNING: set the 2-loop amplitudes to zero
 WARNING: outside the range of the grid (xs,xt)=   8.4449520748860404E-002  -8.4449519904380765E-002
 WARNING: set the 2-loop amplitudes to zero
 WARNING: outside the range of the grid (xs,xt)=   8.4616449915557723E-002  -8.4616449069408836E-002
 WARNING: set the 2-loop amplitudes to zero
 WARNING: outside the range of the grid (xs,xt)=   8.4654536628727975E-002  -8.4654535782198254E-002
 WARNING: set the 2-loop amplitudes to zero
 INFO: will suppress the further warning
 max=   2.0370536786968279     
 min=   0.0000000000000000     
       n_pass,     n_total
       10000       10000
  
 ====================NCALL=20K===========================
  
 ITERATION            1 :
   1.4450924726507166      +\-   5.0214610222057581E-005
 precision:   3.4748371590331171E-005
 max=   2.0494082212548017     
 min=   0.0000000000000000     
       n_pass,     n_total
       20000       20002
 max=   2.0494082212548017     
 min=   0.0000000000000000     
       n_pass,     n_total
       30000       30002
 ITERATION            2 :
   1.4449770377279936      +\-   9.4240991824615973E-005
 precision:   6.5219715859842026E-005
 max=   2.0533999679805190     
 min=   0.0000000000000000     
       n_pass,     n_total
       40000       40010
 max=   2.0533999679805190     
 min=   0.0000000000000000     
       n_pass,     n_total
       50000       50010
 ITERATION            3 :
   1.4448778669672653      +\-   8.0345121493337760E-005
 precision:   5.5606860157653752E-005
 max=   2.0540935921873809     
 min=   0.0000000000000000     
       n_pass,     n_total
       60000       60033
 max=   2.0540935921873809     
 min=   0.0000000000000000     
       n_pass,     n_total
       70000       70033
 ITERATION            4 :
   1.4449169900533916      +\-   6.1883839874411070E-005
 precision:   4.2828647112886656E-005
 max=   2.0541043578803233     
 min=   0.0000000000000000     
       n_pass,     n_total
       80000       80064
 max=   2.0541043578803233     
 min=   0.0000000000000000     
       n_pass,     n_total
       90000       90064
 ITERATION            5 :
   1.4449426677493002      +\-   5.2194274298746682E-005
 precision:   3.6122038239791580E-005
 max=   2.0541043578803233     
 min=   0.0000000000000000     
       n_pass,     n_total
      100000      100107
 max=   2.0541043578803233     
 min=   0.0000000000000000     
       n_pass,     n_total
      110000      110107
 ITERATION            6 :
   1.4448809408935352      +\-   4.8122619868272581E-005
 precision:   3.3305595295978406E-005
 max=   2.0541043578803233     
 min=   0.0000000000000000     
       n_pass,     n_total
      120000      120150
 max=   2.0541043578803233     
 min=   0.0000000000000000     
       n_pass,     n_total
      130000      130150
 ITERATION            7 :
   1.4449805913954288      +\-   4.7422741678148687E-005
 precision:   3.2818947161326356E-005
 max=   2.0541043578803233     
 min=   0.0000000000000000     
       n_pass,     n_total
      140000      140204
 max=   2.0541043578803233     
 min=   0.0000000000000000     
       n_pass,     n_total
      150000      150204
 ITERATION            8 :
   1.4448607788066705      +\-   4.6978835944986115E-005
 precision:   3.2514437815791881E-005
 max=   2.0541043578803233     
 min=   0.0000000000000000     
       n_pass,     n_total
      160000      160271
 max=   2.0541043578803233     
 min=   0.0000000000000000     
       n_pass,     n_total
      170000      170271
 ITERATION            9 :
   1.4449379587343425      +\-   4.5599084424501612E-005
 precision:   3.1557814748283722E-005
 max=   2.0541286240020127     
 min=   0.0000000000000000     
       n_pass,     n_total
      180000      180340
 max=   2.0541286240020127     
 min=   0.0000000000000000     
       n_pass,     n_total
      190000      190340
 ITERATION           10 :
   1.4449556945430835      +\-   4.6033859191348782E-005
 precision:   3.1858318815723535E-005
 ====================NCALL=40K ===========================
  
 max=   2.0541286240020127     
 min=   0.0000000000000000     
       n_pass,     n_total
      200000      200479
 max=   2.0541286240020127     
 min=   0.0000000000000000     
       n_pass,     n_total
      210000      210479
 max=   2.0541286240020127     
 min=   0.0000000000000000     
       n_pass,     n_total
      220000      220479
 max=   2.0541286240020127     
 min=   0.0000000000000000     
       n_pass,     n_total
      230000      230479
   1.4449287074795529      +\-   2.4440865468816805E-005
 precision:   1.6914928288365167E-005
 ====================NCALL=80K ===========================
  
 max=   2.0541286240020127     
 min=   0.0000000000000000     
       n_pass,     n_total
      240000      240808
 max=   2.0541286240020127     
 min=   0.0000000000000000     
       n_pass,     n_total
      250000      250808
 max=   2.0541286240020127     
 min=   0.0000000000000000     
       n_pass,     n_total
      260000      260808
 max=   2.0541286240020127     
 min=   0.0000000000000000     
       n_pass,     n_total
      270000      270808
 max=   2.0541286240020127     
 min=   0.0000000000000000     
       n_pass,     n_total
      280000      280808
 max=   2.0541286240020127     
 min=   0.0000000000000000     
       n_pass,     n_total
      290000      290808
 max=   2.0541286240020127     
 min=   0.0000000000000000     
       n_pass,     n_total
      300000      300808
 max=   2.0541286240020127     
 min=   0.0000000000000000     
       n_pass,     n_total
      310000      310808
   1.4448992547346513      +\-   1.2153981820209640E-005
 precision:   8.4116465424031654E-006
 sigma (pb)                   sd (pb)
   1.4448992547346513        1.2153981820209640E-005
