 =======================================================
 |                                                     |
 |         \/\/\/\/\/\___________/\/\/\/\/\/           |
 |                   |     \     |                     |
 |                   |     /     |                     |
 |                   |     \     |                     |
 |         /\/\/\/\/\|_____/_____|/\/\/\/\/\           |
 |                                                     |
 | Light-by-light scattering at next-to-leading order  |
 |                   (VERSION 0.5)                     |
 |                                                     |
 |    Authors:                                         |
 |            Ajjath A.H. (LPTHE Paris)                |
 |            Ekta Chaubey (Bonn)                      |
 |            Mathijs Fraaije (Bern)                   |
 |            Valentin Hirschi (Bern)                  |
 |            Hua-Sheng Shao (LPTHE Paris)             |
 |                                                     |
 |    Please cite                                      |
 |            PLB 851 (2024) 138555 [arXiv:2312.16956] |
 |            JHEP 03 (2024) 121    [arXiv:2312.16966] |
 |                                                     |
 =======================================================
 ---------------------------------------------------
         the cuts in the lab frame                  
 min transverse momentum of photon    0.0000000000000000     
 max (pseudo-)rapidity of photon    5.0000000000000000     
 min (pseudo-)rapidity of photon   -5.0000000000000000     
 min invariant mass of di-photon    0.0000000000000000     
 ---------------------------------------------------
 max=   8.0108477111571271E-007
 min=   0.0000000000000000     
       n_pass,     n_total
       10000       10000
  
 ====================NCALL=20K===========================
  
 ITERATION            1 :
   3.0884890251003576E-007 +\-   5.3890214567963332E-010
 precision:   1.7448731120620453E-003
 max=   1.3091942651292371E-006
 min=   0.0000000000000000     
       n_pass,     n_total
       20000       20001
 max=   1.3091942651292371E-006
 min=   0.0000000000000000     
       n_pass,     n_total
       30000       30001
 ITERATION            2 :
   3.0853104709086134E-007 +\-   4.0768842119609175E-010
 precision:   1.3213854004003329E-003
 max=   1.3091942651292371E-006
 min=   0.0000000000000000     
       n_pass,     n_total
       40000       40001
 max=   1.3091942651292371E-006
 min=   0.0000000000000000     
       n_pass,     n_total
       50000       50001
 ITERATION            3 :
   3.0955626605327571E-007 +\-   4.3628721495732503E-010
 precision:   1.4093955212724995E-003
 max=   1.3091942651292371E-006
 min=   0.0000000000000000     
       n_pass,     n_total
       60000       60001
 max=   1.3091942651292371E-006
 min=   0.0000000000000000     
       n_pass,     n_total
       70000       70001
 ITERATION            4 :
   3.0888964114531266E-007 +\-   3.7657796631867778E-010
 precision:   1.2191343319976279E-003
 max=   1.3094932522990335E-006
 min=   0.0000000000000000     
       n_pass,     n_total
       80000       80002
 max=   1.3094932522990335E-006
 min=   0.0000000000000000     
       n_pass,     n_total
       90000       90002
 ITERATION            5 :
   3.0874374915193711E-007 +\-   3.9213771330408113E-010
 precision:   1.2701073766876643E-003
 max=   1.3094932522990335E-006
 min=   0.0000000000000000     
       n_pass,     n_total
      100000      100002
 max=   1.3094932522990335E-006
 min=   0.0000000000000000     
       n_pass,     n_total
      110000      110002
 ITERATION            6 :
   3.0859986815136743E-007 +\-   3.8683119296060155E-010
 precision:   1.2535040772307196E-003
 max=   1.3094932522990335E-006
 min=   0.0000000000000000     
       n_pass,     n_total
      120000      120004
 max=   1.3094932522990335E-006
 min=   0.0000000000000000     
       n_pass,     n_total
      130000      130004
 ITERATION            7 :
   3.0866306020301706E-007 +\-   3.9293297294907668E-010
 precision:   1.2730158662025599E-003
 max=   1.3095365972075235E-006
 min=   0.0000000000000000     
       n_pass,     n_total
      140000      140005
 max=   1.3095365972075235E-006
 min=   0.0000000000000000     
       n_pass,     n_total
      150000      150005
 ITERATION            8 :
   3.0886946628035521E-007 +\-   4.4850870614290243E-010
 precision:   1.4520979090105308E-003
 max=   1.3095815119571609E-006
 min=   0.0000000000000000     
       n_pass,     n_total
      160000      160006
 max=   1.3095815119571609E-006
 min=   0.0000000000000000     
       n_pass,     n_total
      170000      170006
 ITERATION            9 :
   3.0877832786230422E-007 +\-   3.7274314121889998E-010
 precision:   1.2071544780989942E-003
 max=   1.3095815119571609E-006
 min=   0.0000000000000000     
       n_pass,     n_total
      180000      180006
 max=   1.3095815119571609E-006
 min=   0.0000000000000000     
       n_pass,     n_total
      190000      190006
 ITERATION           10 :
   3.0907593708907805E-007 +\-   3.8865264851386174E-010
 precision:   1.2574665377520122E-003
 ====================NCALL=40K ===========================
  
 max=   1.3096470391066374E-006
 min=   0.0000000000000000     
       n_pass,     n_total
      200000      200007
 max=   1.3096470391066374E-006
 min=   0.0000000000000000     
       n_pass,     n_total
      210000      210007
 max=   1.3096470391066374E-006
 min=   0.0000000000000000     
       n_pass,     n_total
      220000      220007
 max=   1.3096470391066374E-006
 min=   0.0000000000000000     
       n_pass,     n_total
      230000      230007
   3.0854669105113539E-007 +\-   2.0970579119632685E-010
 precision:   6.7965658773366116E-004
 ====================NCALL=80K ===========================
  
 max=   1.3096470391066374E-006
 min=   0.0000000000000000     
       n_pass,     n_total
      240000      240010
 max=   1.3096470391066374E-006
 min=   0.0000000000000000     
       n_pass,     n_total
      250000      250010
 max=   1.3096470391066374E-006
 min=   0.0000000000000000     
       n_pass,     n_total
      260000      260010
 max=   1.3096470391066374E-006
 min=   0.0000000000000000     
       n_pass,     n_total
      270000      270010
 max=   1.3096470391066374E-006
 min=   0.0000000000000000     
       n_pass,     n_total
      280000      280010
 max=   1.3096470391066374E-006
 min=   0.0000000000000000     
       n_pass,     n_total
      290000      290010
 max=   1.3096470391066374E-006
 min=   0.0000000000000000     
       n_pass,     n_total
      300000      300010
 max=   1.3096470391066374E-006
 min=   0.0000000000000000     
       n_pass,     n_total
      310000      310010
   3.0862338817723458E-007 +\-   1.2038959776400826E-010
 precision:   3.9008578862102171E-004
 sigma (pb)                   sd (pb)
   3.0862338817723458E-007   1.2038959776400826E-010
