 =======================================================
 |                                                     |
 |         \/\/\/\/\/\___________/\/\/\/\/\/           |
 |                   |     \     |                     |
 |                   |     /     |                     |
 |                   |     \     |                     |
 |         /\/\/\/\/\|_____/_____|/\/\/\/\/\           |
 |                                                     |
 | Light-by-light scattering at next-to-leading order  |
 |                   (VERSION 0.5)                     |
 |                                                     |
 |    Authors:                                         |
 |            Ajjath A.H. (LPTHE Paris)                |
 |            Ekta Chaubey (Bonn)                      |
 |            Mathijs Fraaije (Bern)                   |
 |            Valentin Hirschi (Bern)                  |
 |            Hua-Sheng Shao (LPTHE Paris)             |
 |                                                     |
 |    Please cite                                      |
 |            PLB 851 (2024) 138555 [arXiv:2312.16956] |
 |            JHEP 03 (2024) 121    [arXiv:2312.16966] |
 |                                                     |
 =======================================================
 ---------------------------------------------------
         the cuts in the lab frame                  
 min transverse momentum of photon    0.0000000000000000     
 max (pseudo-)rapidity of photon    5.0000000000000000     
 min (pseudo-)rapidity of photon   -5.0000000000000000     
 min invariant mass of di-photon    0.0000000000000000     
 ---------------------------------------------------
 WARNING: outside the range of the grid (xs,xt)=  0.12666085521425088      -0.12666085394767734     
 WARNING: set the 2-loop amplitudes to zero
 WARNING: outside the range of the grid (xs,xt)=  0.12650801115993374      -0.12650800989488853     
 WARNING: set the 2-loop amplitudes to zero
 WARNING: outside the range of the grid (xs,xt)=  0.12675807624847651      -0.12675807498093086     
 WARNING: set the 2-loop amplitudes to zero
 WARNING: outside the range of the grid (xs,xt)=  0.12681513133051917      -0.12681513006240297     
 WARNING: set the 2-loop amplitudes to zero
 WARNING: outside the range of the grid (xs,xt)=  0.12670142495071790      -0.12670142368373868     
 WARNING: set the 2-loop amplitudes to zero
 INFO: will suppress the further warning
 max=   6.8720497822297162     
 min=   0.0000000000000000     
       n_pass,     n_total
       10000       10000
  
 ====================NCALL=20K===========================
  
 ITERATION            1 :
   4.8718525547835867      +\-   1.5375482671799604E-004
 precision:   3.1559827599262396E-005
 max=   6.8922650722481738     
 min=   0.0000000000000000     
       n_pass,     n_total
       20000       20002
 max=   6.8922650722481738     
 min=   0.0000000000000000     
       n_pass,     n_total
       30000       30002
 ITERATION            2 :
   4.8715408993704816      +\-   2.7423449495711104E-004
 precision:   5.6293173068206946E-005
 max=   6.9035205262018504     
 min=   0.0000000000000000     
       n_pass,     n_total
       40000       40012
 max=   6.9035205262018504     
 min=   0.0000000000000000     
       n_pass,     n_total
       50000       50012
 ITERATION            3 :
   4.8715422743742334      +\-   2.4074552727582592E-004
 precision:   4.9418749487655945E-005
 max=   6.9080952989789486     
 min=   0.0000000000000000     
       n_pass,     n_total
       60000       60038
 max=   6.9080952989789486     
 min=   0.0000000000000000     
       n_pass,     n_total
       70000       70038
 ITERATION            4 :
   4.8712982733578825      +\-   2.3429903710524505E-004
 precision:   4.8097863024868336E-005
 max=   6.9080952989789486     
 min=   0.0000000000000000     
       n_pass,     n_total
       80000       80064
 max=   6.9080952989789486     
 min=   0.0000000000000000     
       n_pass,     n_total
       90000       90064
 ITERATION            5 :
   4.8712998543229213      +\-   1.9527255966378249E-004
 precision:   4.0086335373194570E-005
 max=   6.9080952989789486     
 min=   0.0000000000000000     
       n_pass,     n_total
      100000      100096
 max=   6.9080952989789486     
 min=   0.0000000000000000     
       n_pass,     n_total
      110000      110096
 ITERATION            6 :
   4.8711996951599774      +\-   1.6920545443634653E-004
 precision:   3.4735889519058114E-005
 max=   6.9081065443159462     
 min=   0.0000000000000000     
       n_pass,     n_total
      120000      120128
 max=   6.9081065443159462     
 min=   0.0000000000000000     
       n_pass,     n_total
      130000      130128
 ITERATION            7 :
   4.8714289175015635      +\-   1.5963860923793165E-004
 precision:   3.2770386665070418E-005
 max=   6.9081065443159462     
 min=   0.0000000000000000     
       n_pass,     n_total
      140000      140175
 max=   6.9081065443159462     
 min=   0.0000000000000000     
       n_pass,     n_total
      150000      150175
 ITERATION            8 :
   4.8709288689549890      +\-   1.5850079836937216E-004
 precision:   3.2540158691206053E-005
 max=   6.9081065443159462     
 min=   0.0000000000000000     
       n_pass,     n_total
      160000      160239
 max=   6.9081065443159462     
 min=   0.0000000000000000     
       n_pass,     n_total
      170000      170239
 ITERATION            9 :
   4.8712456884195845      +\-   1.5131574355693665E-004
 precision:   3.1063049009549996E-005
 max=   6.9081518404626507     
 min=   0.0000000000000000     
       n_pass,     n_total
      180000      180305
 max=   6.9081518404626507     
 min=   0.0000000000000000     
       n_pass,     n_total
      190000      190305
 ITERATION           10 :
   4.8713798616693254      +\-   1.5215345093497952E-004
 precision:   3.1234158545550081E-005
 ====================NCALL=40K ===========================
  
 max=   6.9081518404626507     
 min=   0.0000000000000000     
       n_pass,     n_total
      200000      200445
 max=   6.9081518404626507     
 min=   0.0000000000000000     
       n_pass,     n_total
      210000      210445
 max=   6.9081518404626507     
 min=   0.0000000000000000     
       n_pass,     n_total
      220000      220445
 max=   6.9081518404626507     
 min=   0.0000000000000000     
       n_pass,     n_total
      230000      230445
   4.8712537012987447      +\-   7.7462325931104789E-005
 precision:   1.5901928062267060E-005
 ====================NCALL=80K ===========================
  
 max=   6.9081518404626507     
 min=   0.0000000000000000     
       n_pass,     n_total
      240000      240793
 max=   6.9081518404626507     
 min=   0.0000000000000000     
       n_pass,     n_total
      250000      250793
 max=   6.9081518404626507     
 min=   0.0000000000000000     
       n_pass,     n_total
      260000      260793
 max=   6.9081518404626507     
 min=   0.0000000000000000     
       n_pass,     n_total
      270000      270793
 max=   6.9081518404626507     
 min=   0.0000000000000000     
       n_pass,     n_total
      280000      280793
 max=   6.9081518404626507     
 min=   0.0000000000000000     
       n_pass,     n_total
      290000      290793
 max=   6.9081518404626507     
 min=   0.0000000000000000     
       n_pass,     n_total
      300000      300793
 max=   6.9081518404626507     
 min=   0.0000000000000000     
       n_pass,     n_total
      310000      310793
   4.8711785315940146      +\-   3.7586958267708378E-005
 precision:   7.7161939403211834E-006
 sigma (pb)                   sd (pb)
   4.8711785315940146        3.7586958267708378E-005
