 =======================================================
 |                                                     |
 |         \/\/\/\/\/\___________/\/\/\/\/\/           |
 |                   |     \     |                     |
 |                   |     /     |                     |
 |                   |     \     |                     |
 |         /\/\/\/\/\|_____/_____|/\/\/\/\/\           |
 |                                                     |
 | Light-by-light scattering at next-to-leading order  |
 |                   (VERSION 0.5)                     |
 |                                                     |
 |    Authors:                                         |
 |            Ajjath A.H. (LPTHE Paris)                |
 |            Ekta Chaubey (Bonn)                      |
 |            Mathijs Fraaije (Bern)                   |
 |            Valentin Hirschi (Bern)                  |
 |            Hua-Sheng Shao (LPTHE Paris)             |
 |                                                     |
 |    Please cite                                      |
 |            PLB 851 (2024) 138555 [arXiv:2312.16956] |
 |            JHEP 03 (2024) 121    [arXiv:2312.16966] |
 |                                                     |
 =======================================================
 ---------------------------------------------------
         the cuts in the lab frame                  
 min transverse momentum of photon    0.0000000000000000     
 max (pseudo-)rapidity of photon    5.0000000000000000     
 min (pseudo-)rapidity of photon   -5.0000000000000000     
 min invariant mass of di-photon    0.0000000000000000     
 ---------------------------------------------------
 max=   2286.6808608520314     
 min=   0.0000000000000000     
       n_pass,     n_total
       10000       10000
  
 ====================NCALL=20K===========================
  
 ITERATION            1 :
   88.157424083179720      +\-  0.26325109081501757     
 precision:   2.9861477187290617E-003
 WARNING: outside the range of the grid (xs,xt)=   8.7686700824237001       -8.7682439990738690     
 WARNING: set the 2-loop amplitudes to zero
 WARNING: outside the range of the grid (xs,xt)=   8.5126643598615903       -8.5122507162289356     
 WARNING: set the 2-loop amplitudes to zero
 WARNING: outside the range of the grid (xs,xt)=   4.0985589337775927       -4.0983597784092680     
 WARNING: set the 2-loop amplitudes to zero
 WARNING: outside the range of the grid (xs,xt)=  0.43736177777777774      -0.43734052568714005     
 WARNING: set the 2-loop amplitudes to zero
 WARNING: outside the range of the grid (xs,xt)=   4.3615024930747918E-002  -4.3612905608689863E-002
 WARNING: set the 2-loop amplitudes to zero
 INFO: will suppress the further warning
 max=   2570.6762886284496     
 min=   0.0000000000000000     
       n_pass,     n_total
       20000       20007
 max=   2570.6762886284496     
 min=   0.0000000000000000     
       n_pass,     n_total
       30000       30007
 ITERATION            2 :
   87.830848282666921      +\-   7.0220825638201700E-002
 precision:   7.9950071086879750E-004
 max=   2570.6762886284496     
 min=   0.0000000000000000     
       n_pass,     n_total
       40000       40036
 max=   2570.6762886284496     
 min=   0.0000000000000000     
       n_pass,     n_total
       50000       50036
 ITERATION            3 :
   87.772800848169496      +\-   3.0047483316275162E-002
 precision:   3.4233251105033870E-004
 max=   2586.2783886922734     
 min=   0.0000000000000000     
       n_pass,     n_total
       60000       60123
 max=   2586.2783886922734     
 min=   0.0000000000000000     
       n_pass,     n_total
       70000       70123
 ITERATION            4 :
   87.794711884662419      +\-   2.2771469247070759E-002
 precision:   2.5937176349511885E-004
 max=   2612.4583228282577     
 min=   0.0000000000000000     
       n_pass,     n_total
       80000       80312
 max=   2612.4583228282577     
 min=   0.0000000000000000     
       n_pass,     n_total
       90000       90312
 ITERATION            5 :
   87.771725165162835      +\-   1.8069181201569601E-002
 precision:   2.0586562663053791E-004
 max=   2612.5958180865882     
 min=   0.0000000000000000     
       n_pass,     n_total
      100000      100627
 max=   2612.5958180865882     
 min=   0.0000000000000000     
       n_pass,     n_total
      110000      110627
 ITERATION            6 :
   87.786629182460032      +\-   1.5511320633153063E-002
 precision:   1.7669343016820448E-004
 max=   2616.7277141485874     
 min=   0.0000000000000000     
       n_pass,     n_total
      120000      120909
 max=   2616.7277141485874     
 min=   0.0000000000000000     
       n_pass,     n_total
      130000      130909
 ITERATION            7 :
   87.818802601947567      +\-   1.4995978638592471E-002
 precision:   1.7076045441616968E-004
 max=   2616.7277141485874     
 min=   0.0000000000000000     
       n_pass,     n_total
      140000      141305
 max=   2616.7277141485874     
 min=   0.0000000000000000     
       n_pass,     n_total
      150000      151305
 ITERATION            8 :
   87.768324027784146      +\-   1.5817675850101416E-002
 precision:   1.8022078039332432E-004
 max=   2616.7277141485874     
 min=   0.0000000000000000     
       n_pass,     n_total
      160000      161486
 max=   2616.7277141485874     
 min=   0.0000000000000000     
       n_pass,     n_total
      170000      171486
 ITERATION            9 :
   87.791559300384293      +\-   1.6190598774395677E-002
 precision:   1.8442090450858188E-004
 max=   2616.7277141485874     
 min=   0.0000000000000000     
       n_pass,     n_total
      180000      181877
 max=   2616.7277141485874     
 min=   0.0000000000000000     
       n_pass,     n_total
      190000      191877
 ITERATION           10 :
   87.802429266818166      +\-   1.5403413981401121E-002
 precision:   1.7543266296872606E-004
 ====================NCALL=40K ===========================
  
 max=   2616.7277141485874     
 min=   0.0000000000000000     
       n_pass,     n_total
      200000      202311
 max=   2616.7277141485874     
 min=   0.0000000000000000     
       n_pass,     n_total
      210000      212311
 max=   2616.7277141485874     
 min=   0.0000000000000000     
       n_pass,     n_total
      220000      222311
 max=   2616.7277141485874     
 min=   0.0000000000000000     
       n_pass,     n_total
      230000      232311
   87.799518632014596      +\-   7.0892630559828505E-003
 precision:   8.0743757670191502E-005
 ====================NCALL=80K ===========================
  
 max=   2616.7277141485874     
 min=   0.0000000000000000     
       n_pass,     n_total
      240000      243263
 max=   2616.7277141485874     
 min=   0.0000000000000000     
       n_pass,     n_total
      250000      253263
 max=   2616.7277141485874     
 min=   0.0000000000000000     
       n_pass,     n_total
      260000      263263
 max=   2616.7277141485874     
 min=   0.0000000000000000     
       n_pass,     n_total
      270000      273263
 max=   2616.7277141485874     
 min=   0.0000000000000000     
       n_pass,     n_total
      280000      283263
 max=   2616.7277141485874     
 min=   0.0000000000000000     
       n_pass,     n_total
      290000      293263
 max=   2616.7277141485874     
 min=   0.0000000000000000     
       n_pass,     n_total
      300000      303263
 max=   2616.7277141485874     
 min=   0.0000000000000000     
       n_pass,     n_total
      310000      313263
   87.792762746089807      +\-   3.8299243594626269E-003
 precision:   4.3624602298248183E-005
 sigma (pb)                   sd (pb)
   87.792762746089807        3.8299243594626269E-003
