 =======================================================
 |                                                     |
 |         \/\/\/\/\/\___________/\/\/\/\/\/           |
 |                   |     \     |                     |
 |                   |     /     |                     |
 |                   |     \     |                     |
 |         /\/\/\/\/\|_____/_____|/\/\/\/\/\           |
 |                                                     |
 | Light-by-light scattering at next-to-leading order  |
 |                   (VERSION 0.5)                     |
 |                                                     |
 |    Authors:                                         |
 |            Ajjath A.H. (LPTHE Paris)                |
 |            Ekta Chaubey (Bonn)                      |
 |            Mathijs Fraaije (Bern)                   |
 |            Valentin Hirschi (Bern)                  |
 |            Hua-Sheng Shao (LPTHE Paris)             |
 |                                                     |
 |    Please cite                                      |
 |            PLB 851 (2024) 138555 [arXiv:2312.16956] |
 |            JHEP 03 (2024) 121    [arXiv:2312.16966] |
 |                                                     |
 =======================================================
 ---------------------------------------------------
         the cuts in the lab frame                  
 min transverse momentum of photon    0.0000000000000000     
 max (pseudo-)rapidity of photon    5.0000000000000000     
 min (pseudo-)rapidity of photon   -5.0000000000000000     
 min invariant mass of di-photon    0.0000000000000000     
 ---------------------------------------------------
 max=   1420257.3423495805     
 min=   0.0000000000000000     
       n_pass,     n_total
       10000       10000
  
 ====================NCALL=20K===========================
  
 ITERATION            1 :
   102087.27098199056      +\-   230.34683783285811     
 precision:   2.2563717848182474E-003
 max=   1426948.1122299088     
 min=   0.0000000000000000     
       n_pass,     n_total
       20000       20007
 max=   1426948.1122299088     
 min=   0.0000000000000000     
       n_pass,     n_total
       30000       30007
 ITERATION            2 :
   101619.55734035949      +\-   39.730802347574752     
 precision:   3.9097594387763746E-004
 WARNING: outside the range of the grid (xs,xt)=   888.29661344740578       -888.25276596933065     
 WARNING: set the 2-loop amplitudes to zero
 WARNING: outside the range of the grid (xs,xt)=   1.8037390081775736E-002  -1.8036499732702948E-002
 WARNING: set the 2-loop amplitudes to zero
 WARNING: outside the range of the grid (xs,xt)=   888.29661344740578       -888.25269243971297     
 WARNING: set the 2-loop amplitudes to zero
 WARNING: outside the range of the grid (xs,xt)=   1.8037390081775736E-002  -1.8036498239640413E-002
 WARNING: set the 2-loop amplitudes to zero
 WARNING: outside the range of the grid (xs,xt)=   888.29661344740578       -888.25535923747168     
 WARNING: set the 2-loop amplitudes to zero
 INFO: will suppress the further warning
 max=   1432483.1522048076     
 min=   0.0000000000000000     
       n_pass,     n_total
       40000       40030
 max=   1432483.1522048076     
 min=   0.0000000000000000     
       n_pass,     n_total
       50000       50030
 ITERATION            3 :
   101577.61277800227      +\-   28.889625804853576     
 precision:   2.8440937933825846E-004
 max=   1433110.9708134891     
 min=   0.0000000000000000     
       n_pass,     n_total
       60000       60087
 max=   1433110.9708134891     
 min=   0.0000000000000000     
       n_pass,     n_total
       70000       70087
 ITERATION            4 :
   101573.08338550650      +\-   24.706977964177568     
 precision:   2.4324335877848341E-004
 max=   1435672.6860892801     
 min=   0.0000000000000000     
       n_pass,     n_total
       80000       80181
 max=   1435672.6860892801     
 min=   0.0000000000000000     
       n_pass,     n_total
       90000       90181
 ITERATION            5 :
   101579.00149317342      +\-   21.544882187670932     
 precision:   2.1209976344489711E-004
 max=   1435672.6860892801     
 min=   0.0000000000000000     
       n_pass,     n_total
      100000      100325
 max=   1435672.6860892801     
 min=   0.0000000000000000     
       n_pass,     n_total
      110000      110325
 ITERATION            6 :
   101564.75478758010      +\-   20.331112549037055     
 precision:   2.0017881785427456E-004
 max=   1438404.0401408242     
 min=   0.0000000000000000     
       n_pass,     n_total
      120000      120486
 max=   1438404.0401408242     
 min=   0.0000000000000000     
       n_pass,     n_total
      130000      130486
 ITERATION            7 :
   101614.86508442796      +\-   19.602833139203309     
 precision:   1.9291304596936732E-004
 max=   1438404.0401408242     
 min=   0.0000000000000000     
       n_pass,     n_total
      140000      140657
 max=   1438404.0401408242     
 min=   0.0000000000000000     
       n_pass,     n_total
      150000      150657
 ITERATION            8 :
   101552.95027882799      +\-   19.256569790374186     
 precision:   1.8962097839110090E-004
 max=   1438404.0401408242     
 min=   0.0000000000000000     
       n_pass,     n_total
      160000      160837
 max=   1438404.0401408242     
 min=   0.0000000000000000     
       n_pass,     n_total
      170000      170837
 ITERATION            9 :
   101580.80272583218      +\-   18.927099260134714     
 precision:   1.8632555317779073E-004
 max=   1438404.0401408242     
 min=   0.0000000000000000     
       n_pass,     n_total
      180000      181036
 max=   1438404.0401408242     
 min=   0.0000000000000000     
       n_pass,     n_total
      190000      191036
 ITERATION           10 :
   101599.05007117815      +\-   19.217350122846351     
 precision:   1.8914891536272319E-004
 ====================NCALL=40K ===========================
  
 max=   1438404.0401408242     
 min=   0.0000000000000000     
       n_pass,     n_total
      200000      201350
 max=   1438404.0401408242     
 min=   0.0000000000000000     
       n_pass,     n_total
      210000      211350
 max=   1438404.0401408242     
 min=   0.0000000000000000     
       n_pass,     n_total
      220000      221350
 max=   1438404.0401408242     
 min=   0.0000000000000000     
       n_pass,     n_total
      230000      231350
   101596.31220688835      +\-   9.3118671423120460     
 precision:   9.1655562490787837E-005
 ====================NCALL=80K ===========================
  
 max=   1440789.5076272502     
 min=   0.0000000000000000     
       n_pass,     n_total
      240000      241941
 max=   1440789.5076272502     
 min=   0.0000000000000000     
       n_pass,     n_total
      250000      251941
 max=   1440789.5076272502     
 min=   0.0000000000000000     
       n_pass,     n_total
      260000      261941
 max=   1440789.5076272502     
 min=   0.0000000000000000     
       n_pass,     n_total
      270000      271941
 max=   1440789.5076272502     
 min=   0.0000000000000000     
       n_pass,     n_total
      280000      281941
 max=   1440789.5076272502     
 min=   0.0000000000000000     
       n_pass,     n_total
      290000      291941
 max=   1440789.5076272502     
 min=   0.0000000000000000     
       n_pass,     n_total
      300000      301941
 max=   1440789.5076272502     
 min=   0.0000000000000000     
       n_pass,     n_total
      310000      311941
   101584.49831397481      +\-   4.3117466241893991     
 precision:   4.2444927087819656E-005
 sigma (pb)                   sd (pb)
   101584.49831397481        4.3117466241893991     
