 =======================================================
 |                                                     |
 |         \/\/\/\/\/\___________/\/\/\/\/\/           |
 |                   |     \     |                     |
 |                   |     /     |                     |
 |                   |     \     |                     |
 |         /\/\/\/\/\|_____/_____|/\/\/\/\/\           |
 |                                                     |
 | Light-by-light scattering at next-to-leading order  |
 |                   (VERSION 0.5)                     |
 |                                                     |
 |    Authors:                                         |
 |            Ajjath A.H. (LPTHE Paris)                |
 |            Ekta Chaubey (Bonn)                      |
 |            Mathijs Fraaije (Bern)                   |
 |            Valentin Hirschi (Bern)                  |
 |            Hua-Sheng Shao (LPTHE Paris)             |
 |                                                     |
 |    Please cite                                      |
 |            PLB 851 (2024) 138555 [arXiv:2312.16956] |
 |            JHEP 03 (2024) 121    [arXiv:2312.16966] |
 |                                                     |
 =======================================================
 ---------------------------------------------------
         the cuts in the lab frame                  
 min transverse momentum of photon    0.0000000000000000     
 max (pseudo-)rapidity of photon    5.0000000000000000     
 min (pseudo-)rapidity of photon   -5.0000000000000000     
 min invariant mass of di-photon    0.0000000000000000     
 ---------------------------------------------------
 max=  0.93275719713387439     
 min=   0.0000000000000000     
       n_pass,     n_total
       10000       10000
  
 ====================NCALL=20K===========================
  
 ITERATION            1 :
   1.4336860816394346E-002 +\-   1.1710968004138992E-004
 precision:   8.1684325140043076E-003
 WARNING: outside the range of the grid (xs,xt)=   288705.72510581417       -288691.59382571827     
 WARNING: set the 2-loop amplitudes to zero
 WARNING: outside the range of the grid (xs,xt)=   280276.81660899648       -280263.09789871308     
 WARNING: set the 2-loop amplitudes to zero
 WARNING: outside the range of the grid (xs,xt)=   134943.77342773846       -134937.16833440750     
 WARNING: set the 2-loop amplitudes to zero
 WARNING: outside the range of the grid (xs,xt)=   14400.000000000000       -14399.295163151663     
 WARNING: set the 2-loop amplitudes to zero
 WARNING: outside the range of the grid (xs,xt)=   1436.0110803324101       -1435.9407918932407     
 WARNING: set the 2-loop amplitudes to zero
 INFO: will suppress the further warning
 max=  0.99231517476747400     
 min=   0.0000000000000000     
       n_pass,     n_total
       20000       20008
 max=  0.99231517476747400     
 min=   0.0000000000000000     
       n_pass,     n_total
       30000       30008
 ITERATION            2 :
   1.4200282658147940E-002 +\-   2.8923915708798295E-005
 precision:   2.0368549278279419E-003
 max=   1.0554942735831252     
 min=   0.0000000000000000     
       n_pass,     n_total
       40000       40041
 max=   1.0554942735831252     
 min=   0.0000000000000000     
       n_pass,     n_total
       50000       50041
 ITERATION            3 :
   1.4191873265631505E-002 +\-   1.0091437212118735E-005
 precision:   7.1107154237046307E-004
 max=   1.0561604518742198     
 min=   0.0000000000000000     
       n_pass,     n_total
       60000       60163
 max=   1.0561604518742198     
 min=   0.0000000000000000     
       n_pass,     n_total
       70000       70163
 ITERATION            4 :
   1.4195027871825139E-002 +\-   6.3804658416924259E-006
 precision:   4.4948596785474655E-004
 max=   1.0589144387104854     
 min=   0.0000000000000000     
       n_pass,     n_total
       80000       80451
 max=   1.0589144387104854     
 min=   0.0000000000000000     
       n_pass,     n_total
       90000       90451
 ITERATION            5 :
   1.4190967945231045E-002 +\-   4.4407275212856448E-006
 precision:   3.1292633021399899E-004
 max=   1.0589144387104854     
 min=   0.0000000000000000     
       n_pass,     n_total
      100000      100797
 max=   1.0589144387104854     
 min=   0.0000000000000000     
       n_pass,     n_total
      110000      110797
 ITERATION            6 :
   1.4192173897377451E-002 +\-   4.1779740011183175E-006
 precision:   2.9438576720726054E-004
 max=   1.0595863927228797     
 min=   0.0000000000000000     
       n_pass,     n_total
      120000      121247
 max=   1.0595863927228797     
 min=   0.0000000000000000     
       n_pass,     n_total
      130000      131247
 ITERATION            7 :
   1.4198463970678896E-002 +\-   3.8930015818825376E-006
 precision:   2.7418469983245622E-004
 max=   1.0595863927228797     
 min=   0.0000000000000000     
       n_pass,     n_total
      140000      141761
 max=   1.0595863927228797     
 min=   0.0000000000000000     
       n_pass,     n_total
      150000      151761
 ITERATION            8 :
   1.4187799223699114E-002 +\-   4.6711268000046526E-006
 precision:   3.2923547382895463E-004
 max=   1.0595863927228797     
 min=   0.0000000000000000     
       n_pass,     n_total
      160000      162158
 max=   1.0595863927228797     
 min=   0.0000000000000000     
       n_pass,     n_total
      170000      172158
 ITERATION            9 :
   1.4192231791079306E-002 +\-   4.1071792077981133E-006
 precision:   2.8939628863585283E-004
 max=   1.0595863927228797     
 min=   0.0000000000000000     
       n_pass,     n_total
      180000      182785
 max=   1.0595863927228797     
 min=   0.0000000000000000     
       n_pass,     n_total
      190000      192785
 ITERATION           10 :
   1.4197200371684929E-002 +\-   3.8296668773451125E-006
 precision:   2.6974803320963528E-004
 ====================NCALL=40K ===========================
  
 max=   1.0597155071986875     
 min=   0.0000000000000000     
       n_pass,     n_total
      200000      203824
 max=   1.0597155071986875     
 min=   0.0000000000000000     
       n_pass,     n_total
      210000      213824
 max=   1.0597155071986875     
 min=   0.0000000000000000     
       n_pass,     n_total
      220000      223824
 max=   1.0597155071986875     
 min=   0.0000000000000000     
       n_pass,     n_total
      230000      233824
   1.4194705272987031E-002 +\-   1.8555496520683754E-006
 precision:   1.3072125249402288E-004
 ====================NCALL=80K ===========================
  
 max=   1.0597649968345852     
 min=   0.0000000000000000     
       n_pass,     n_total
      240000      246166
 max=   1.0597649968345852     
 min=   0.0000000000000000     
       n_pass,     n_total
      250000      256166
 max=   1.0597649968345852     
 min=   0.0000000000000000     
       n_pass,     n_total
      260000      266166
 max=   1.0597649968345852     
 min=   0.0000000000000000     
       n_pass,     n_total
      270000      276166
 max=   1.0597649968345852     
 min=   0.0000000000000000     
       n_pass,     n_total
      280000      286166
 max=   1.0597649968345852     
 min=   0.0000000000000000     
       n_pass,     n_total
      290000      296166
 max=   1.0597649968345852     
 min=   0.0000000000000000     
       n_pass,     n_total
      300000      306166
   1.4192990689076913E-002 +\-   9.0447771976018459E-007
 precision:   6.3727070606498805E-005
 sigma (pb)                   sd (pb)
   1.4192990689076913E-002   9.0447771976018459E-007
