 =======================================================
 |                                                     |
 |         \/\/\/\/\/\___________/\/\/\/\/\/           |
 |                   |     \     |                     |
 |                   |     /     |                     |
 |                   |     \     |                     |
 |         /\/\/\/\/\|_____/_____|/\/\/\/\/\           |
 |                                                     |
 | Light-by-light scattering at next-to-leading order  |
 |                   (VERSION 0.5)                     |
 |                                                     |
 |    Authors:                                         |
 |            Ajjath A.H. (LPTHE Paris)                |
 |            Ekta Chaubey (Bonn)                      |
 |            Mathijs Fraaije (Bern)                   |
 |            Valentin Hirschi (Bern)                  |
 |            Hua-Sheng Shao (LPTHE Paris)             |
 |                                                     |
 |    Please cite                                      |
 |            PLB 851 (2024) 138555 [arXiv:2312.16956] |
 |            JHEP 03 (2024) 121    [arXiv:2312.16966] |
 |                                                     |
 =======================================================
 ---------------------------------------------------
         the cuts in the lab frame                  
 min transverse momentum of photon    0.0000000000000000     
 max (pseudo-)rapidity of photon    5.0000000000000000     
 min (pseudo-)rapidity of photon   -5.0000000000000000     
 min invariant mass of di-photon    0.0000000000000000     
 ---------------------------------------------------
 max=   3335.5758546431171     
 min=   0.0000000000000000     
       n_pass,     n_total
       10000       10000
  
 ====================NCALL=20K===========================
  
 ITERATION            1 :
   111.92277248456945      +\-  0.38520611953240119     
 precision:   3.4417135224693324E-003
 WARNING: outside the range of the grid (xs,xt)=   5.4909779460904424       -5.4907163283883778     
 WARNING: set the 2-loop amplitudes to zero
 WARNING: outside the range of the grid (xs,xt)=   5.3306660899653968       -5.3304121103234055     
 WARNING: set the 2-loop amplitudes to zero
 WARNING: outside the range of the grid (xs,xt)=   2.5665347771761771       -2.5664124945996911     
 WARNING: set the 2-loop amplitudes to zero
 WARNING: outside the range of the grid (xs,xt)=  0.27387777777777778      -0.27386472886817148     
 WARNING: set the 2-loop amplitudes to zero
 WARNING: outside the range of the grid (xs,xt)=   2.7311911357340721E-002  -2.7310610081036489E-002
 WARNING: set the 2-loop amplitudes to zero
 INFO: will suppress the further warning
 max=   3796.6241270955938     
 min=   0.0000000000000000     
       n_pass,     n_total
       20000       20007
 max=   3796.6241270955938     
 min=   0.0000000000000000     
       n_pass,     n_total
       30000       30007
 ITERATION            2 :
   111.47129798110947      +\-  0.10357435276184314     
 precision:   9.2915714302883065E-004
 max=   3832.7320958139971     
 min=   0.0000000000000000     
       n_pass,     n_total
       40000       40038
 max=   3832.7320958139971     
 min=   0.0000000000000000     
       n_pass,     n_total
       50000       50038
 ITERATION            3 :
   111.37812952743577      +\-   4.1859509682327198E-002
 precision:   3.7583239959166259E-004
 max=   3832.7320958139971     
 min=   0.0000000000000000     
       n_pass,     n_total
       60000       60135
 max=   3832.7320958139971     
 min=   0.0000000000000000     
       n_pass,     n_total
       70000       70135
 ITERATION            4 :
   111.40128108168994      +\-   3.0693188502750924E-002
 precision:   2.7551917001963179E-004
 max=   3832.7320958139971     
 min=   0.0000000000000000     
       n_pass,     n_total
       80000       80349
 max=   3832.7320958139971     
 min=   0.0000000000000000     
       n_pass,     n_total
       90000       90349
 ITERATION            5 :
   111.38794464404197      +\-   2.3739009667647627E-002
 precision:   2.1312009790206148E-004
 max=   3837.2909012010746     
 min=   0.0000000000000000     
       n_pass,     n_total
      100000      100697
 max=   3837.2909012010746     
 min=   0.0000000000000000     
       n_pass,     n_total
      110000      110697
 ITERATION            6 :
   111.40791812374394      +\-   2.0073677998351230E-002
 precision:   1.8018178901839656E-004
 max=   3851.3802182458303     
 min=   0.0000000000000000     
       n_pass,     n_total
      120000      120971
 max=   3851.3802182458303     
 min=   0.0000000000000000     
       n_pass,     n_total
      130000      130971
 ITERATION            7 :
   111.45538770831647      +\-   2.0229565594174322E-002
 precision:   1.8150370305216617E-004
 max=   3855.2336366398526     
 min=   0.0000000000000000     
       n_pass,     n_total
      140000      141404
 max=   3855.2336366398526     
 min=   0.0000000000000000     
       n_pass,     n_total
      150000      151404
 ITERATION            8 :
   111.39138540686703      +\-   2.0728701977713527E-002
 precision:   1.8608891434467828E-004
 max=   3855.2336366398526     
 min=   0.0000000000000000     
       n_pass,     n_total
      160000      161692
 max=   3855.2336366398526     
 min=   0.0000000000000000     
       n_pass,     n_total
      170000      171692
 ITERATION            9 :
   111.41378243520950      +\-   1.9154191753694136E-002
 precision:   1.7191941010379826E-004
 max=   3855.2336366398526     
 min=   0.0000000000000000     
       n_pass,     n_total
      180000      182104
 max=   3855.2336366398526     
 min=   0.0000000000000000     
       n_pass,     n_total
      190000      192104
 ITERATION           10 :
   111.43773879377946      +\-   1.8635842286689980E-002
 precision:   1.6723098017249293E-004
 ====================NCALL=40K ===========================
  
 max=   3855.2336366398526     
 min=   0.0000000000000000     
       n_pass,     n_total
      200000      202508
 max=   3855.2336366398526     
 min=   0.0000000000000000     
       n_pass,     n_total
      210000      212508
 max=   3855.2336366398526     
 min=   0.0000000000000000     
       n_pass,     n_total
      220000      222508
 max=   3855.2336366398526     
 min=   0.0000000000000000     
       n_pass,     n_total
      230000      232508
   111.42585831405539      +\-   9.8450443458543008E-003
 precision:   8.8355113389442343E-005
 ====================NCALL=80K ===========================
  
 max=   3855.2336366398526     
 min=   0.0000000000000000     
       n_pass,     n_total
      240000      243842
 max=   3855.2336366398526     
 min=   0.0000000000000000     
       n_pass,     n_total
      250000      253842
 max=   3855.2336366398526     
 min=   0.0000000000000000     
       n_pass,     n_total
      260000      263842
 max=   3855.2336366398526     
 min=   0.0000000000000000     
       n_pass,     n_total
      270000      273842
 max=   3855.2336366398526     
 min=   0.0000000000000000     
       n_pass,     n_total
      280000      283842
 max=   3855.2336366398526     
 min=   0.0000000000000000     
       n_pass,     n_total
      290000      293842
 max=   3855.2336366398526     
 min=   0.0000000000000000     
       n_pass,     n_total
      300000      303842
 max=   3855.2336366398526     
 min=   0.0000000000000000     
       n_pass,     n_total
      310000      313842
   111.41495110377141      +\-   4.6931074711050753E-003
 precision:   4.2122779973523791E-005
 sigma (pb)                   sd (pb)
   111.41495110377141        4.6931074711050753E-003
