 =======================================================
 |                                                     |
 |         \/\/\/\/\/\___________/\/\/\/\/\/           |
 |                   |     \     |                     |
 |                   |     /     |                     |
 |                   |     \     |                     |
 |         /\/\/\/\/\|_____/_____|/\/\/\/\/\           |
 |                                                     |
 | Light-by-light scattering at next-to-leading order  |
 |                   (VERSION 0.5)                     |
 |                                                     |
 |    Authors:                                         |
 |            Ajjath A.H. (LPTHE Paris)                |
 |            Ekta Chaubey (Bonn)                      |
 |            Mathijs Fraaije (Bern)                   |
 |            Valentin Hirschi (Bern)                  |
 |            Hua-Sheng Shao (LPTHE Paris)             |
 |                                                     |
 |    Please cite                                      |
 |            PLB 851 (2024) 138555 [arXiv:2312.16956] |
 |            JHEP 03 (2024) 121    [arXiv:2312.16966] |
 |                                                     |
 =======================================================
 ---------------------------------------------------
         the cuts in the lab frame                  
 min transverse momentum of photon    0.0000000000000000     
 max (pseudo-)rapidity of photon    5.0000000000000000     
 min (pseudo-)rapidity of photon   -5.0000000000000000     
 min invariant mass of di-photon    0.0000000000000000     
 ---------------------------------------------------
 max=   1240447.4454974218     
 min=   0.0000000000000000     
       n_pass,     n_total
       10000       10000
  
 ====================NCALL=20K===========================
  
 ITERATION            1 :
   75514.071376382402      +\-   211.69110287148339     
 precision:   2.8033331935760439E-003
 max=   1246623.8742023285     
 min=   0.0000000000000000     
       n_pass,     n_total
       20000       20007
 max=   1246623.8742023285     
 min=   0.0000000000000000     
       n_pass,     n_total
       30000       30007
 ITERATION            2 :
   75095.460418521339      +\-   33.896333502983722     
 precision:   4.5137659871945631E-004
 WARNING: outside the range of the grid (xs,xt)=   1218.8433714638045       -1218.7863468215444     
 WARNING: set the 2-loop amplitudes to zero
 WARNING: outside the range of the grid (xs,xt)=   2.4749338235522837E-002  -2.4748180316308523E-002
 WARNING: set the 2-loop amplitudes to zero
 WARNING: outside the range of the grid (xs,xt)=   1218.8433714638045       -1218.7862511946053     
 WARNING: set the 2-loop amplitudes to zero
 WARNING: outside the range of the grid (xs,xt)=   2.4749338235522837E-002  -2.4748178374546757E-002
 WARNING: set the 2-loop amplitudes to zero
 WARNING: outside the range of the grid (xs,xt)=   1218.8433714638045       -1218.7836869031489     
 WARNING: set the 2-loop amplitudes to zero
 INFO: will suppress the further warning
 max=   1250885.8266726888     
 min=   0.0000000000000000     
       n_pass,     n_total
       40000       40031
 max=   1250885.8266726888     
 min=   0.0000000000000000     
       n_pass,     n_total
       50000       50031
 ITERATION            3 :
   75068.425817152602      +\-   23.059160314973045     
 precision:   3.0717522132593048E-004
 max=   1256846.7606987834     
 min=   0.0000000000000000     
       n_pass,     n_total
       60000       60098
 max=   1256846.7606987834     
 min=   0.0000000000000000     
       n_pass,     n_total
       70000       70098
 ITERATION            4 :
   75057.159487168450      +\-   19.585974539502445     
 precision:   2.6094745222607054E-004
 max=   1256846.7606987834     
 min=   0.0000000000000000     
       n_pass,     n_total
       80000       80213
 max=   1256846.7606987834     
 min=   0.0000000000000000     
       n_pass,     n_total
       90000       90213
 ITERATION            5 :
   75060.994118361632      +\-   16.830325652874006     
 precision:   2.2422199240173564E-004
 max=   1256846.7606987834     
 min=   0.0000000000000000     
       n_pass,     n_total
      100000      100385
 max=   1256846.7606987834     
 min=   0.0000000000000000     
       n_pass,     n_total
      110000      110385
 ITERATION            6 :
   75052.377365684544      +\-   15.600709426087095     
 precision:   2.0786429389270823E-004
 max=   1256846.7606987834     
 min=   0.0000000000000000     
       n_pass,     n_total
      120000      120570
 max=   1256846.7606987834     
 min=   0.0000000000000000     
       n_pass,     n_total
      130000      130570
 ITERATION            7 :
   75090.488174606930      +\-   15.069752840195504     
 precision:   2.0068790610541784E-004
 max=   1256846.7606987834     
 min=   0.0000000000000000     
       n_pass,     n_total
      140000      140775
 max=   1256846.7606987834     
 min=   0.0000000000000000     
       n_pass,     n_total
      150000      150775
 ITERATION            8 :
   75042.297160419563      +\-   14.933054485929166     
 precision:   1.9899516740547597E-004
 max=   1256846.7606987834     
 min=   0.0000000000000000     
       n_pass,     n_total
      160000      160980
 max=   1256846.7606987834     
 min=   0.0000000000000000     
       n_pass,     n_total
      170000      170980
 ITERATION            9 :
   75065.118622113543      +\-   14.592863719531687     
 precision:   1.9440272642469060E-004
 max=   1256846.7606987834     
 min=   0.0000000000000000     
       n_pass,     n_total
      180000      181211
 max=   1256846.7606987834     
 min=   0.0000000000000000     
       n_pass,     n_total
      190000      191211
 ITERATION           10 :
   75080.058072678585      +\-   14.744822742556966     
 precision:   1.9638800396616320E-004
 ====================NCALL=40K ===========================
  
 max=   1256846.7606987834     
 min=   0.0000000000000000     
       n_pass,     n_total
      200000      201567
 max=   1256846.7606987834     
 min=   0.0000000000000000     
       n_pass,     n_total
      210000      211567
 max=   1256846.7606987834     
 min=   0.0000000000000000     
       n_pass,     n_total
      220000      221567
 max=   1256846.7606987834     
 min=   0.0000000000000000     
       n_pass,     n_total
      230000      231567
   75077.511875332188      +\-   7.0622124813044165     
 precision:   9.4065617052298839E-005
 ====================NCALL=80K ===========================
  
 max=   1256846.7606987834     
 min=   0.0000000000000000     
       n_pass,     n_total
      240000      242168
 max=   1256846.7606987834     
 min=   0.0000000000000000     
       n_pass,     n_total
      250000      252168
 max=   1256846.7606987834     
 min=   0.0000000000000000     
       n_pass,     n_total
      260000      262168
 max=   1256846.7606987834     
 min=   0.0000000000000000     
       n_pass,     n_total
      270000      272168
 max=   1256846.7606987834     
 min=   0.0000000000000000     
       n_pass,     n_total
      280000      282168
 max=   1256846.7606987834     
 min=   0.0000000000000000     
       n_pass,     n_total
      290000      292168
 max=   1256846.7606987834     
 min=   0.0000000000000000     
       n_pass,     n_total
      300000      302168
 max=   1256846.7606987834     
 min=   0.0000000000000000     
       n_pass,     n_total
      310000      312168
   75067.730665774914      +\-   3.3369254233032524     
 precision:   4.4452195286950809E-005
 sigma (pb)                   sd (pb)
   75067.730665774914        3.3369254233032524     
