 =======================================================
 |                                                     |
 |         \/\/\/\/\/\___________/\/\/\/\/\/           |
 |                   |     \     |                     |
 |                   |     /     |                     |
 |                   |     \     |                     |
 |         /\/\/\/\/\|_____/_____|/\/\/\/\/\           |
 |                                                     |
 | Light-by-light scattering at next-to-leading order  |
 |                   (VERSION 0.5)                     |
 |                                                     |
 |    Authors:                                         |
 |            Ajjath A.H. (LPTHE Paris)                |
 |            Ekta Chaubey (Bonn)                      |
 |            Mathijs Fraaije (Bern)                   |
 |            Valentin Hirschi (Bern)                  |
 |            Hua-Sheng Shao (LPTHE Paris)             |
 |                                                     |
 |    Please cite                                      |
 |            PLB 851 (2024) 138555 [arXiv:2312.16956] |
 |            JHEP 03 (2024) 121    [arXiv:2312.16966] |
 |                                                     |
 =======================================================
 ---------------------------------------------------
         the cuts in the lab frame                  
 min transverse momentum of photon    0.0000000000000000     
 max (pseudo-)rapidity of photon    5.0000000000000000     
 min (pseudo-)rapidity of photon   -5.0000000000000000     
 min invariant mass of di-photon    0.0000000000000000     
 ---------------------------------------------------
 max=   1802810.2419266927     
 min=   0.0000000000000000     
       n_pass,     n_total
       10000       10000
  
 ====================NCALL=20K===========================
  
 ITERATION            1 :
   181467.46222067214      +\-   250.19152294097970     
 precision:   1.3787128550722563E-003
 WARNING: outside the range of the grid (xs,xt)=   478.67616928550376       -478.65415683569466     
 WARNING: set the 2-loop amplitudes to zero
 max=   1815084.0594941801     
 min=   0.0000000000000000     
       n_pass,     n_total
       20000       20006
 max=   1815084.0594941801     
 min=   0.0000000000000000     
       n_pass,     n_total
       30000       30006
 ITERATION            2 :
   180951.90030107956      +\-   53.111350447060914     
 precision:   2.9351087420850948E-004
 WARNING: outside the range of the grid (xs,xt)=   478.67616928550376       -478.65239636210566     
 WARNING: set the 2-loop amplitudes to zero
 WARNING: outside the range of the grid (xs,xt)=   478.67616928550376       -478.65291145010872     
 WARNING: set the 2-loop amplitudes to zero
 max=   1815084.0594941801     
 min=   0.0000000000000000     
       n_pass,     n_total
       40000       40027
 max=   1815084.0594941801     
 min=   0.0000000000000000     
       n_pass,     n_total
       50000       50027
 WARNING: outside the range of the grid (xs,xt)=   478.67616928550376       -2.1785299328348343E-002
 WARNING: set the 2-loop amplitudes to zero
 WARNING: outside the range of the grid (xs,xt)=   478.67616928550376       -2.2877363341284464E-002
 WARNING: set the 2-loop amplitudes to zero
 INFO: will suppress the further warning
 ITERATION            3 :
   180864.54771298089      +\-   42.224570491266789     
 precision:   2.3345963056438328E-004
 max=   1832038.9134166334     
 min=   0.0000000000000000     
       n_pass,     n_total
       60000       60072
 max=   1832038.9134166334     
 min=   0.0000000000000000     
       n_pass,     n_total
       70000       70072
 ITERATION            4 :
   180863.12582017804      +\-   38.119519677868155     
 precision:   2.1076446348587514E-004
 max=   1834172.2110620355     
 min=   0.0000000000000000     
       n_pass,     n_total
       80000       80138
 max=   1834172.2110620355     
 min=   0.0000000000000000     
       n_pass,     n_total
       90000       90138
 ITERATION            5 :
   180882.36472707847      +\-   33.871336127655312     
 precision:   1.8725615500859660E-004
 max=   1834172.2110620355     
 min=   0.0000000000000000     
       n_pass,     n_total
      100000      100237
 max=   1834172.2110620355     
 min=   0.0000000000000000     
       n_pass,     n_total
      110000      110237
 ITERATION            6 :
   180857.35330991121      +\-   32.419865411814015     
 precision:   1.7925655119070775E-004
 max=   1834172.2110620355     
 min=   0.0000000000000000     
       n_pass,     n_total
      120000      120346
 max=   1834172.2110620355     
 min=   0.0000000000000000     
       n_pass,     n_total
      130000      130346
 ITERATION            7 :
   180929.84345784149      +\-   31.081568181210553     
 precision:   1.7178795707327785E-004
 max=   1834172.2110620355     
 min=   0.0000000000000000     
       n_pass,     n_total
      140000      140471
 max=   1834172.2110620355     
 min=   0.0000000000000000     
       n_pass,     n_total
      150000      150471
 ITERATION            8 :
   180824.98059264728      +\-   30.684749837938323     
 precision:   1.6969309072988796E-004
 max=   1834172.2110620355     
 min=   0.0000000000000000     
       n_pass,     n_total
      160000      160610
 max=   1834172.2110620355     
 min=   0.0000000000000000     
       n_pass,     n_total
      170000      170610
 ITERATION            9 :
   180880.33769110596      +\-   30.171634424929469     
 precision:   1.6680439018448953E-004
 max=   1834172.2110620355     
 min=   0.0000000000000000     
       n_pass,     n_total
      180000      180760
 max=   1834172.2110620355     
 min=   0.0000000000000000     
       n_pass,     n_total
      190000      190760
 ITERATION           10 :
   180909.26229004050      +\-   30.334032594712035     
 precision:   1.6767539821194660E-004
 ====================NCALL=40K ===========================
  
 max=   1834172.2110620355     
 min=   0.0000000000000000     
       n_pass,     n_total
      200000      201006
 max=   1834172.2110620355     
 min=   0.0000000000000000     
       n_pass,     n_total
      210000      211006
 max=   1834172.2110620355     
 min=   0.0000000000000000     
       n_pass,     n_total
      220000      221006
 max=   1834172.2110620355     
 min=   0.0000000000000000     
       n_pass,     n_total
      230000      231006
   180904.24177400160      +\-   15.036835166742325     
 precision:   8.3120412320278293E-005
 ====================NCALL=80K ===========================
  
 max=   1835386.0458707237     
 min=   0.0000000000000000     
       n_pass,     n_total
      240000      241515
 max=   1835386.0458707237     
 min=   0.0000000000000000     
       n_pass,     n_total
      250000      251515
 max=   1835386.0458707237     
 min=   0.0000000000000000     
       n_pass,     n_total
      260000      261515
 max=   1835386.0458707237     
 min=   0.0000000000000000     
       n_pass,     n_total
      270000      271515
 max=   1835386.0458707237     
 min=   0.0000000000000000     
       n_pass,     n_total
      280000      281515
 max=   1835386.0458707237     
 min=   0.0000000000000000     
       n_pass,     n_total
      290000      291515
 max=   1835386.0458707237     
 min=   0.0000000000000000     
       n_pass,     n_total
      300000      301515
 max=   1835386.0458707237     
 min=   0.0000000000000000     
       n_pass,     n_total
      310000      311515
   180880.42068639933      +\-   6.9331994716306955     
 precision:   3.8330292716706472E-005
 sigma (pb)                   sd (pb)
   180880.42068639933        6.9331994716306955     
