 =======================================================
 |                                                     |
 |         \/\/\/\/\/\___________/\/\/\/\/\/           |
 |                   |     \     |                     |
 |                   |     /     |                     |
 |                   |     \     |                     |
 |         /\/\/\/\/\|_____/_____|/\/\/\/\/\           |
 |                                                     |
 | Light-by-light scattering at next-to-leading order  |
 |                   (VERSION 0.5)                     |
 |                                                     |
 |    Authors:                                         |
 |            Ajjath A.H. (LPTHE Paris)                |
 |            Ekta Chaubey (Bonn)                      |
 |            Mathijs Fraaije (Bern)                   |
 |            Valentin Hirschi (Bern)                  |
 |            Hua-Sheng Shao (LPTHE Paris)             |
 |                                                     |
 |    Please cite                                      |
 |            PLB 851 (2024) 138555 [arXiv:2312.16956] |
 |            JHEP 03 (2024) 121    [arXiv:2312.16966] |
 |                                                     |
 =======================================================
 ---------------------------------------------------
         the cuts in the lab frame                  
 min transverse momentum of photon    0.0000000000000000     
 max (pseudo-)rapidity of photon    5.0000000000000000     
 min (pseudo-)rapidity of photon   -5.0000000000000000     
 min invariant mass of di-photon    0.0000000000000000     
 ---------------------------------------------------
 max=   55994.549686100952     
 min=   0.0000000000000000     
       n_pass,     n_total
       10000       10000
  
 ====================NCALL=20K===========================
  
 ITERATION            1 :
   785.05546581075760      +\-   6.7799238910526283     
 precision:   8.6362355098702926E-003
 WARNING: outside the range of the grid (xs,xt)=  0.26668745823123186      -0.26667478928045141     
 WARNING: set the 2-loop amplitudes to zero
 WARNING: outside the range of the grid (xs,xt)=  0.25890138408304492      -0.25888908500863889     
 WARNING: set the 2-loop amplitudes to zero
 WARNING: outside the range of the grid (xs,xt)=  0.12465222823823406      -0.12464630665138969     
 WARNING: set the 2-loop amplitudes to zero
 WARNING: outside the range of the grid (xs,xt)=   1.3301777777777777E-002  -1.3301145878666073E-002
 WARNING: set the 2-loop amplitudes to zero
 WARNING: outside the range of the grid (xs,xt)=   114617.36129993375       -114611.91641805395     
 WARNING: set the 2-loop amplitudes to zero
 INFO: will suppress the further warning
 max=   62122.902676917096     
 min=   0.0000000000000000     
       n_pass,     n_total
       20000       20009
 max=   62122.902676917096     
 min=   0.0000000000000000     
       n_pass,     n_total
       30000       30009
 ITERATION            2 :
   777.17319755244000      +\-   1.7432119526060181     
 precision:   2.2430160459675328E-003
 max=   63340.627513820160     
 min=   0.0000000000000000     
       n_pass,     n_total
       40000       40044
 max=   63340.627513820160     
 min=   0.0000000000000000     
       n_pass,     n_total
       50000       50044
 ITERATION            3 :
   777.10643466463534      +\-  0.58336130532861863     
 precision:   7.5068392089736263E-004
 max=   63665.801930930786     
 min=   0.0000000000000000     
       n_pass,     n_total
       60000       60180
 max=   63665.801930930786     
 min=   0.0000000000000000     
       n_pass,     n_total
       70000       70180
 ITERATION            4 :
   777.37909223445399      +\-  0.35949473813574440     
 precision:   4.6244456755639425E-004
 max=   63665.801930930786     
 min=   0.0000000000000000     
       n_pass,     n_total
       80000       80510
 max=   63665.801930930786     
 min=   0.0000000000000000     
       n_pass,     n_total
       90000       90510
 ITERATION            5 :
   777.08986005028453      +\-  0.24468562933494931     
 precision:   3.1487430465135138E-004
 max=   63673.091058213446     
 min=   0.0000000000000000     
       n_pass,     n_total
      100000      101004
 max=   63673.091058213446     
 min=   0.0000000000000000     
       n_pass,     n_total
      110000      111004
 ITERATION            6 :
   777.13761846864020      +\-  0.21473511635214290     
 precision:   2.7631543146152321E-004
 max=   63673.091058213446     
 min=   0.0000000000000000     
       n_pass,     n_total
      120000      121567
 max=   63673.091058213446     
 min=   0.0000000000000000     
       n_pass,     n_total
      130000      131567
 ITERATION            7 :
   777.47684949548545      +\-  0.20955191797150785     
 precision:   2.6952817708654443E-004
 max=   63673.091058213446     
 min=   0.0000000000000000     
       n_pass,     n_total
      140000      142287
 max=   63673.091058213446     
 min=   0.0000000000000000     
       n_pass,     n_total
      150000      152287
 ITERATION            8 :
   776.81146871178851      +\-  0.20343459898266802     
 precision:   2.6188413428039392E-004
 max=   63673.091058213446     
 min=   0.0000000000000000     
       n_pass,     n_total
      160000      162917
 max=   63673.091058213446     
 min=   0.0000000000000000     
       n_pass,     n_total
      170000      172917
 ITERATION            9 :
   777.11550123232348      +\-  0.19598912286327591     
 precision:   2.5220076366059229E-004
 max=   63673.091058213446     
 min=   0.0000000000000000     
       n_pass,     n_total
      180000      183690
 max=   63673.091058213446     
 min=   0.0000000000000000     
       n_pass,     n_total
      190000      193690
 ITERATION           10 :
   777.32193268731714      +\-  0.19347967525587428     
 precision:   2.4890546261442328E-004
 ====================NCALL=40K ===========================
  
 max=   63673.091058213446     
 min=   0.0000000000000000     
       n_pass,     n_total
      200000      204260
 max=   63673.091058213446     
 min=   0.0000000000000000     
       n_pass,     n_total
      210000      214260
 max=   63673.091058213446     
 min=   0.0000000000000000     
       n_pass,     n_total
      220000      224260
 max=   63673.091058213446     
 min=   0.0000000000000000     
       n_pass,     n_total
      230000      234260
   777.32058707308124      +\-  0.10247484396413317     
 precision:   1.3183086318347930E-004
 ====================NCALL=80K ===========================
  
 max=   63679.167983912899     
 min=   0.0000000000000000     
       n_pass,     n_total
      240000      246377
 max=   63679.167983912899     
 min=   0.0000000000000000     
       n_pass,     n_total
      250000      256377
 max=   63679.167983912899     
 min=   0.0000000000000000     
       n_pass,     n_total
      260000      266377
 max=   63679.167983912899     
 min=   0.0000000000000000     
       n_pass,     n_total
      270000      276377
 max=   63679.167983912899     
 min=   0.0000000000000000     
       n_pass,     n_total
      280000      286377
 max=   63679.167983912899     
 min=   0.0000000000000000     
       n_pass,     n_total
      290000      296377
 max=   63679.167983912899     
 min=   0.0000000000000000     
       n_pass,     n_total
      300000      306377
   777.18671492815361      +\-   5.0602371109899333E-002
 precision:   6.5109670736686776E-005
 sigma (pb)                   sd (pb)
   777.18671492815361        5.0602371109899333E-002
