 =======================================================
 |                                                     |
 |         \/\/\/\/\/\___________/\/\/\/\/\/           |
 |                   |     \     |                     |
 |                   |     /     |                     |
 |                   |     \     |                     |
 |         /\/\/\/\/\|_____/_____|/\/\/\/\/\           |
 |                                                     |
 | Light-by-light scattering at next-to-leading order  |
 |                   (VERSION 0.5)                     |
 |                                                     |
 |    Authors:                                         |
 |            Ajjath A.H. (LPTHE Paris)                |
 |            Ekta Chaubey (Bonn)                      |
 |            Mathijs Fraaije (Bern)                   |
 |            Valentin Hirschi (Bern)                  |
 |            Hua-Sheng Shao (LPTHE Paris)             |
 |                                                     |
 |    Please cite                                      |
 |            PLB 851 (2024) 138555 [arXiv:2312.16956] |
 |            JHEP 03 (2024) 121    [arXiv:2312.16966] |
 |                                                     |
 =======================================================
 ---------------------------------------------------
         the cuts in the lab frame                  
 min transverse momentum of photon    0.0000000000000000     
 max (pseudo-)rapidity of photon    5.0000000000000000     
 min (pseudo-)rapidity of photon   -5.0000000000000000     
 min invariant mass of di-photon    0.0000000000000000     
 ---------------------------------------------------
 max=   6.9086746461077453E-006
 min=   0.0000000000000000     
       n_pass,     n_total
       10000       10000
  
 ====================NCALL=20K===========================
  
 ITERATION            1 :
   1.7401749890121847E-006 +\-   2.6243449082674349E-009
 precision:   1.5080925337038384E-003
 max=   7.6089264194445622E-006
 min=   0.0000000000000000     
       n_pass,     n_total
       20000       20000
 max=   7.6092878287364837E-006
 min=   0.0000000000000000     
       n_pass,     n_total
       30000       30000
 ITERATION            2 :
   1.7383661330483548E-006 +\-   7.7388545504471255E-010
 precision:   4.4517978136610764E-004
 max=   7.6092878287364837E-006
 min=   0.0000000000000000     
       n_pass,     n_total
       40000       40000
 max=   7.6092878287364837E-006
 min=   0.0000000000000000     
       n_pass,     n_total
       50000       50000
 ITERATION            3 :
   1.7389873073048393E-006 +\-   5.2343092537671594E-010
 precision:   3.0099755367849851E-004
 max=   7.6092878287364837E-006
 min=   0.0000000000000000     
       n_pass,     n_total
       60000       60000
 max=   7.6092878287364837E-006
 min=   0.0000000000000000     
       n_pass,     n_total
       70000       70000
 ITERATION            4 :
   1.7386205116984656E-006 +\-   3.8570512918569401E-010
 precision:   2.2184549566190098E-004
 max=   7.6092878287364837E-006
 min=   0.0000000000000000     
       n_pass,     n_total
       80000       80000
 max=   7.6092878287364837E-006
 min=   0.0000000000000000     
       n_pass,     n_total
       90000       90000
 ITERATION            5 :
   1.7384639707458412E-006 +\-   4.1707442971012378E-010
 precision:   2.3990973452914829E-004
 max=   7.6092878287364837E-006
 min=   0.0000000000000000     
       n_pass,     n_total
      100000      100001
 max=   7.6092878287364837E-006
 min=   0.0000000000000000     
       n_pass,     n_total
      110000      110001
 ITERATION            6 :
   1.7378310566731141E-006 +\-   5.1415874595409287E-010
 precision:   2.9586233021890694E-004
 max=   7.6092878287364837E-006
 min=   0.0000000000000000     
       n_pass,     n_total
      120000      120003
 max=   7.6093674572575585E-006
 min=   0.0000000000000000     
       n_pass,     n_total
      130000      130003
 ITERATION            7 :
   1.7386078338276360E-006 +\-   4.6955813652575268E-010
 precision:   2.7007708546440625E-004
 max=   7.6093674572575585E-006
 min=   0.0000000000000000     
       n_pass,     n_total
      140000      140009
 max=   7.6093674572575585E-006
 min=   0.0000000000000000     
       n_pass,     n_total
      150000      150009
 ITERATION            8 :
   1.7375230274264395E-006 +\-   4.1111634648398567E-010
 precision:   2.3661058874881064E-004
 max=   7.6093674572575585E-006
 min=   0.0000000000000000     
       n_pass,     n_total
      160000      160016
 max=   7.6093674572575585E-006
 min=   0.0000000000000000     
       n_pass,     n_total
      170000      170016
 ITERATION            9 :
   1.7377189034895579E-006 +\-   3.5350018358406683E-010
 precision:   2.0342771369649836E-004
 max=   7.6093674572575585E-006
 min=   0.0000000000000000     
       n_pass,     n_total
      180000      180023
 max=   7.6093674572575585E-006
 min=   0.0000000000000000     
       n_pass,     n_total
      190000      190023
 ITERATION           10 :
   1.7379602346783435E-006 +\-   3.3544643812930455E-010
 precision:   1.9301157266776473E-004
 ====================NCALL=40K ===========================
  
 max=   7.6093674572575585E-006
 min=   0.0000000000000000     
       n_pass,     n_total
      200000      200029
 max=   7.6093674572575585E-006
 min=   0.0000000000000000     
       n_pass,     n_total
      210000      210029
 max=   7.6093674572575585E-006
 min=   0.0000000000000000     
       n_pass,     n_total
      220000      220029
 max=   7.6093674572575585E-006
 min=   0.0000000000000000     
       n_pass,     n_total
      230000      230029
   1.7377779791850123E-006 +\-   1.9366269893616577E-010
 precision:   1.1144271665071404E-004
 ====================NCALL=80K ===========================
  
 max=   7.6093674572575585E-006
 min=   0.0000000000000000     
       n_pass,     n_total
      240000      240047
 max=   7.6093674572575585E-006
 min=   0.0000000000000000     
       n_pass,     n_total
      250000      250047
 max=   7.6093674572575585E-006
 min=   0.0000000000000000     
       n_pass,     n_total
      260000      260047
 max=   7.6093674572575585E-006
 min=   0.0000000000000000     
       n_pass,     n_total
      270000      270047
 max=   7.6093674572575585E-006
 min=   0.0000000000000000     
       n_pass,     n_total
      280000      280047
 max=   7.6093674572575585E-006
 min=   0.0000000000000000     
       n_pass,     n_total
      290000      290047
 max=   7.6093674572575585E-006
 min=   0.0000000000000000     
       n_pass,     n_total
      300000      300047
 max=   7.6093674572575585E-006
 min=   0.0000000000000000     
       n_pass,     n_total
      310000      310047
   1.7379166871101050E-006 +\-   1.2162538108187345E-010
 precision:   6.9983435905732758E-005
 sigma (pb)                   sd (pb)
   1.7379166871101050E-006   1.2162538108187345E-010
