 =======================================================
 |                                                     |
 |         \/\/\/\/\/\___________/\/\/\/\/\/           |
 |                   |     \     |                     |
 |                   |     /     |                     |
 |                   |     \     |                     |
 |         /\/\/\/\/\|_____/_____|/\/\/\/\/\           |
 |                                                     |
 | Light-by-light scattering at next-to-leading order  |
 |                   (VERSION 0.5)                     |
 |                                                     |
 |    Authors:                                         |
 |            Ajjath A.H. (LPTHE Paris)                |
 |            Ekta Chaubey (Bonn)                      |
 |            Mathijs Fraaije (Bern)                   |
 |            Valentin Hirschi (Bern)                  |
 |            Hua-Sheng Shao (LPTHE Paris)             |
 |                                                     |
 |    Please cite                                      |
 |            PLB 851 (2024) 138555 [arXiv:2312.16956] |
 |            JHEP 03 (2024) 121    [arXiv:2312.16966] |
 |                                                     |
 =======================================================
 ---------------------------------------------------
         the cuts in the lab frame                  
 min transverse momentum of photon    0.0000000000000000     
 max (pseudo-)rapidity of photon    5.0000000000000000     
 min (pseudo-)rapidity of photon   -5.0000000000000000     
 min invariant mass of di-photon    0.0000000000000000     
 ---------------------------------------------------
 max=   2.2654571113198262E-006
 min=   0.0000000000000000     
       n_pass,     n_total
       10000       10000
  
 ====================NCALL=20K===========================
  
 ITERATION            1 :
   5.1679731293081728E-007 +\-   1.0774773849620503E-009
 precision:   2.0849129010589306E-003
 max=   2.2694426809210201E-006
 min=   0.0000000000000000     
       n_pass,     n_total
       20000       20001
 max=   2.2694426809210201E-006
 min=   0.0000000000000000     
       n_pass,     n_total
       30000       30001
 ITERATION            2 :
   5.1717135889147737E-007 +\-   5.4481021367811340E-010
 precision:   1.0534423538957728E-003
 max=   2.2694941181933260E-006
 min=   0.0000000000000000     
       n_pass,     n_total
       40000       40001
 max=   2.2694941181933260E-006
 min=   0.0000000000000000     
       n_pass,     n_total
       50000       50001
 ITERATION            3 :
   5.1679848924059864E-007 +\-   5.6250213633812508E-010
 precision:   1.0884361081718427E-003
 max=   2.2696328346063089E-006
 min=   0.0000000000000000     
       n_pass,     n_total
       60000       60001
 max=   2.2696328346063089E-006
 min=   0.0000000000000000     
       n_pass,     n_total
       70000       70001
 ITERATION            4 :
   5.1717273841472617E-007 +\-   3.9128513561977297E-010
 precision:   7.5658499869727736E-004
 max=   2.2699407525859436E-006
 min=   0.0000000000000000     
       n_pass,     n_total
       80000       80002
 max=   2.2699407525859436E-006
 min=   0.0000000000000000     
       n_pass,     n_total
       90000       90002
 ITERATION            5 :
   5.1707270720084505E-007 +\-   3.7120443638202874E-010
 precision:   7.1789601580700500E-004
 max=   2.2699725538582110E-006
 min=   0.0000000000000000     
       n_pass,     n_total
      100000      100002
 max=   2.2699725538582110E-006
 min=   0.0000000000000000     
       n_pass,     n_total
      110000      110002
 ITERATION            6 :
   5.1600295972084712E-007 +\-   3.1473624862864206E-010
 precision:   6.0995047159983638E-004
 max=   2.2699725538582110E-006
 min=   0.0000000000000000     
       n_pass,     n_total
      120000      120005
 max=   2.2699725538582110E-006
 min=   0.0000000000000000     
       n_pass,     n_total
      130000      130005
 ITERATION            7 :
   5.1686975315652444E-007 +\-   3.1830482193168257E-010
 precision:   6.1583178351566235E-004
 max=   2.2699725538582110E-006
 min=   0.0000000000000000     
       n_pass,     n_total
      140000      140007
 max=   2.2699725538582110E-006
 min=   0.0000000000000000     
       n_pass,     n_total
      150000      150007
 ITERATION            8 :
   5.1693833229746813E-007 +\-   4.0751889261626921E-010
 precision:   7.8833173544144459E-004
 max=   2.2699725538582110E-006
 min=   0.0000000000000000     
       n_pass,     n_total
      160000      160009
 max=   2.2699725538582110E-006
 min=   0.0000000000000000     
       n_pass,     n_total
      170000      170009
 ITERATION            9 :
   5.1699214196201890E-007 +\-   3.6822212055694673E-010
 precision:   7.1223929856945175E-004
 max=   2.2699725538582110E-006
 min=   0.0000000000000000     
       n_pass,     n_total
      180000      180009
 max=   2.2699725538582110E-006
 min=   0.0000000000000000     
       n_pass,     n_total
      190000      190009
 ITERATION           10 :
   5.1712925091551546E-007 +\-   3.4919089524578304E-010
 precision:   6.7524877896112502E-004
 ====================NCALL=40K ===========================
  
 max=   2.2699725538582110E-006
 min=   0.0000000000000000     
       n_pass,     n_total
      200000      200010
 max=   2.2699725538582110E-006
 min=   0.0000000000000000     
       n_pass,     n_total
      210000      210010
 max=   2.2699725538582110E-006
 min=   0.0000000000000000     
       n_pass,     n_total
      220000      220010
 max=   2.2699725538582110E-006
 min=   0.0000000000000000     
       n_pass,     n_total
      230000      230010
   5.1708978927808410E-007 +\-   2.7182386443286378E-010
 precision:   5.2568020113559130E-004
 ====================NCALL=80K ===========================
  
 max=   2.2699725538582110E-006
 min=   0.0000000000000000     
       n_pass,     n_total
      240000      240012
 max=   2.2699725538582110E-006
 min=   0.0000000000000000     
       n_pass,     n_total
      250000      250012
 max=   2.2699725538582110E-006
 min=   0.0000000000000000     
       n_pass,     n_total
      260000      260012
 max=   2.2699725538582110E-006
 min=   0.0000000000000000     
       n_pass,     n_total
      270000      270012
 max=   2.2699725538582110E-006
 min=   0.0000000000000000     
       n_pass,     n_total
      280000      280012
 max=   2.2699725538582110E-006
 min=   0.0000000000000000     
       n_pass,     n_total
      290000      290012
 max=   2.2699827067844372E-006
 min=   0.0000000000000000     
       n_pass,     n_total
      300000      300012
 max=   2.2699827067844372E-006
 min=   0.0000000000000000     
       n_pass,     n_total
      310000      310012
   5.1679965235766716E-007 +\-   1.1883252243098014E-010
 precision:   2.2993924606732981E-004
 sigma (pb)                   sd (pb)
   5.1679965235766716E-007   1.1883252243098014E-010
