 =======================================================
 |                                                     |
 |         \/\/\/\/\/\___________/\/\/\/\/\/           |
 |                   |     \     |                     |
 |                   |     /     |                     |
 |                   |     \     |                     |
 |         /\/\/\/\/\|_____/_____|/\/\/\/\/\           |
 |                                                     |
 | Light-by-light scattering at next-to-leading order  |
 |                   (VERSION 0.5)                     |
 |                                                     |
 |    Authors:                                         |
 |            Ajjath A.H. (LPTHE Paris)                |
 |            Ekta Chaubey (Bonn)                      |
 |            Mathijs Fraaije (Bern)                   |
 |            Valentin Hirschi (Bern)                  |
 |            Hua-Sheng Shao (LPTHE Paris)             |
 |                                                     |
 |    Please cite                                      |
 |            PLB 851 (2024) 138555 [arXiv:2312.16956] |
 |            JHEP 03 (2024) 121    [arXiv:2312.16966] |
 |                                                     |
 =======================================================
 ---------------------------------------------------
         the cuts in the lab frame                  
 min transverse momentum of photon    0.0000000000000000     
 max (pseudo-)rapidity of photon    5.0000000000000000     
 min (pseudo-)rapidity of photon   -5.0000000000000000     
 min invariant mass of di-photon    0.0000000000000000     
 ---------------------------------------------------
 max=   89112.560614011847     
 min=   0.0000000000000000     
       n_pass,     n_total
       10000       10000
  
 ====================NCALL=20K===========================
  
 ITERATION            1 :
   1325.8077321910448      +\-   11.131800462487512     
 precision:   8.3962404142046837E-003
 WARNING: outside the range of the grid (xs,xt)=  0.16287850300735124      -0.16287068815811587     
 WARNING: set the 2-loop amplitudes to zero
 WARNING: outside the range of the grid (xs,xt)=  0.15812318339100340      -0.15811559670021239     
 WARNING: set the 2-loop amplitudes to zero
 WARNING: outside the range of the grid (xs,xt)=   7.6130945439400244E-002  -7.6127292705308436E-002
 WARNING: set the 2-loop amplitudes to zero
 WARNING: outside the range of the grid (xs,xt)=   70002.182896052022       -69998.824217678994     
 WARNING: set the 2-loop amplitudes to zero
 WARNING: outside the range of the grid (xs,xt)=   1.4214358811654517       -1.4213676812071760     
 WARNING: set the 2-loop amplitudes to zero
 INFO: will suppress the further warning
 max=   96552.333057276119     
 min=   0.0000000000000000     
       n_pass,     n_total
       20000       20009
 max=   96552.333057276119     
 min=   0.0000000000000000     
       n_pass,     n_total
       30000       30009
 ITERATION            2 :
   1312.6125144377872      +\-   2.7878041263709266     
 precision:   2.1238591707050630E-003
 max=   98195.081213532947     
 min=   0.0000000000000000     
       n_pass,     n_total
       40000       40044
 max=   98195.081213532947     
 min=   0.0000000000000000     
       n_pass,     n_total
       50000       50044
 ITERATION            3 :
   1312.3086388525480      +\-  0.94311519345404260     
 precision:   7.1866873807878038E-004
 max=   98731.795202515757     
 min=   0.0000000000000000     
       n_pass,     n_total
       60000       60178
 max=   98731.795202515757     
 min=   0.0000000000000000     
       n_pass,     n_total
       70000       70178
 ITERATION            4 :
   1312.8044975616726      +\-  0.58654088255362924     
 precision:   4.4678463826337925E-004
 max=   99101.613983470394     
 min=   0.0000000000000000     
       n_pass,     n_total
       80000       80492
 max=   99101.613983470394     
 min=   0.0000000000000000     
       n_pass,     n_total
       90000       90492
 ITERATION            5 :
   1312.4048566974450      +\-  0.39564376528001782     
 precision:   3.0146472200325567E-004
 max=   99101.613983470394     
 min=   0.0000000000000000     
       n_pass,     n_total
      100000      100924
 max=   99101.613983470394     
 min=   0.0000000000000000     
       n_pass,     n_total
      110000      110924
 ITERATION            6 :
   1312.5523240193252      +\-  0.32343228090677845     
 precision:   2.4641477142515534E-004
 max=   99101.613983470394     
 min=   0.0000000000000000     
       n_pass,     n_total
      120000      121258
 max=   99101.613983470394     
 min=   0.0000000000000000     
       n_pass,     n_total
      130000      131258
 ITERATION            7 :
   1313.2182859070419      +\-  0.40110465014424129     
 precision:   3.0543638818370374E-004
 max=   99101.613983470394     
 min=   0.0000000000000000     
       n_pass,     n_total
      140000      141851
 max=   99101.613983470394     
 min=   0.0000000000000000     
       n_pass,     n_total
      150000      151851
 ITERATION            8 :
   1311.7816343306642      +\-  0.36632995735778384     
 precision:   2.7926138601925426E-004
 max=   99101.613983470394     
 min=   0.0000000000000000     
       n_pass,     n_total
      160000      162540
 max=   99101.613983470394     
 min=   0.0000000000000000     
       n_pass,     n_total
      170000      172540
 ITERATION            9 :
   1312.4627292164021      +\-  0.33020698667371096     
 precision:   2.5159342000580774E-004
 max=   99110.130538566926     
 min=   0.0000000000000000     
       n_pass,     n_total
      180000      183171
 max=   99110.130538566926     
 min=   0.0000000000000000     
       n_pass,     n_total
      190000      193171
 ITERATION           10 :
   1312.8054285185860      +\-  0.32967484408868131     
 precision:   2.5112239554089713E-004
 ====================NCALL=40K ===========================
  
 max=   99110.130538566926     
 min=   0.0000000000000000     
       n_pass,     n_total
      200000      204324
 max=   99110.130538566926     
 min=   0.0000000000000000     
       n_pass,     n_total
      210000      214324
 max=   99110.130538566926     
 min=   0.0000000000000000     
       n_pass,     n_total
      220000      224324
 max=   99110.130538566926     
 min=   0.0000000000000000     
       n_pass,     n_total
      230000      234324
   1312.6389242301625      +\-  0.15825163594192951     
 precision:   1.2055991409422896E-004
 ====================NCALL=80K ===========================
  
 max=   99112.120780092766     
 min=   0.0000000000000000     
       n_pass,     n_total
      240000      246688
 max=   99112.120780092766     
 min=   0.0000000000000000     
       n_pass,     n_total
      250000      256688
 max=   99112.120780092766     
 min=   0.0000000000000000     
       n_pass,     n_total
      260000      266688
 max=   99112.120780092766     
 min=   0.0000000000000000     
       n_pass,     n_total
      270000      276688
 max=   99112.120780092766     
 min=   0.0000000000000000     
       n_pass,     n_total
      280000      286688
 max=   99112.120780092766     
 min=   0.0000000000000000     
       n_pass,     n_total
      290000      296688
 max=   99112.120780092766     
 min=   0.0000000000000000     
       n_pass,     n_total
      300000      306688
   1312.4742137582725      +\-   8.1536004594661787E-002
 precision:   6.2123890694342312E-005
 sigma (pb)                   sd (pb)
   1312.4742137582725        8.1536004594661787E-002
