 =======================================================
 |                                                     |
 |         \/\/\/\/\/\___________/\/\/\/\/\/           |
 |                   |     \     |                     |
 |                   |     /     |                     |
 |                   |     \     |                     |
 |         /\/\/\/\/\|_____/_____|/\/\/\/\/\           |
 |                                                     |
 | Light-by-light scattering at next-to-leading order  |
 |                   (VERSION 0.5)                     |
 |                                                     |
 |    Authors:                                         |
 |            Ajjath A.H. (LPTHE Paris)                |
 |            Ekta Chaubey (Bonn)                      |
 |            Mathijs Fraaije (Bern)                   |
 |            Valentin Hirschi (Bern)                  |
 |            Hua-Sheng Shao (LPTHE Paris)             |
 |                                                     |
 |    Please cite                                      |
 |            PLB 851 (2024) 138555 [arXiv:2312.16956] |
 |            JHEP 03 (2024) 121    [arXiv:2312.16966] |
 |                                                     |
 =======================================================
 ---------------------------------------------------
         the cuts in the lab frame                  
 min transverse momentum of photon    0.0000000000000000     
 max (pseudo-)rapidity of photon    5.0000000000000000     
 min (pseudo-)rapidity of photon   -5.0000000000000000     
 min invariant mass of di-photon    0.0000000000000000     
 ---------------------------------------------------
 max=   1946068.1890989027     
 min=   0.0000000000000000     
       n_pass,     n_total
       10000       10000
  
 ====================NCALL=20K===========================
  
 ITERATION            1 :
   221629.25370061671      +\-   251.38837131923444     
 precision:   1.1342743212898114E-003
 WARNING: outside the range of the grid (xs,xt)=   383.73053105648341       -383.71231240870895     
 WARNING: set the 2-loop amplitudes to zero
 max=   1956498.7661228490     
 min=   0.0000000000000000     
       n_pass,     n_total
       20000       20006
 max=   1956498.7661228490     
 min=   0.0000000000000000     
       n_pass,     n_total
       30000       30006
 ITERATION            2 :
   221098.97252116323      +\-   59.115036615415150     
 precision:   2.6736911502271568E-004
 max=   1977914.3355700574     
 min=   0.0000000000000000     
       n_pass,     n_total
       40000       40027
 max=   1977914.3355700574     
 min=   0.0000000000000000     
       n_pass,     n_total
       50000       50027
 WARNING: outside the range of the grid (xs,xt)=   383.73053105648341       -1.8967940888529294E-002
 WARNING: set the 2-loop amplitudes to zero
 ITERATION            3 :
   221003.34634386815      +\-   48.882120904938709     
 precision:   2.2118271833260395E-004
 WARNING: outside the range of the grid (xs,xt)=   383.73053105648341       -383.71242661010905     
 WARNING: set the 2-loop amplitudes to zero
 WARNING: outside the range of the grid (xs,xt)=   383.73053105648341       -383.71227258741936     
 WARNING: set the 2-loop amplitudes to zero
 WARNING: outside the range of the grid (xs,xt)=   383.73053105648341       -383.71235996238562     
 WARNING: set the 2-loop amplitudes to zero
 INFO: will suppress the further warning
 max=   1978626.8236079363     
 min=   0.0000000000000000     
       n_pass,     n_total
       60000       60068
 max=   1978626.8236079363     
 min=   0.0000000000000000     
       n_pass,     n_total
       70000       70068
 ITERATION            4 :
   221006.62028068391      +\-   44.029032745925960     
 precision:   1.9922042466423851E-004
 max=   1983931.3105455860     
 min=   0.0000000000000000     
       n_pass,     n_total
       80000       80129
 max=   1983931.3105455860     
 min=   0.0000000000000000     
       n_pass,     n_total
       90000       90129
 ITERATION            5 :
   221033.15074847758      +\-   39.453194830819982     
 precision:   1.7849446880352957E-004
 max=   1984055.5993335475     
 min=   0.0000000000000000     
       n_pass,     n_total
      100000      100217
 max=   1984055.5993335475     
 min=   0.0000000000000000     
       n_pass,     n_total
      110000      110217
 ITERATION            6 :
   220991.94775544296      +\-   38.079768968223505     
 precision:   1.7231292522189019E-004
 max=   1984055.5993335475     
 min=   0.0000000000000000     
       n_pass,     n_total
      120000      120318
 max=   1984055.5993335475     
 min=   0.0000000000000000     
       n_pass,     n_total
      130000      130318
 ITERATION            7 :
   221086.53666427481      +\-   36.850560695281843     
 precision:   1.6667935212735408E-004
 max=   1984151.6869522640     
 min=   0.0000000000000000     
       n_pass,     n_total
      140000      140429
 max=   1984151.6869522640     
 min=   0.0000000000000000     
       n_pass,     n_total
      150000      150429
 ITERATION            8 :
   220961.44931978476      +\-   36.214023046147595     
 precision:   1.6389294674537153E-004
 max=   1985848.7575516794     
 min=   0.0000000000000000     
       n_pass,     n_total
      160000      160550
 max=   1985848.7575516794     
 min=   0.0000000000000000     
       n_pass,     n_total
      170000      170550
 ITERATION            9 :
   221037.40335521684      +\-   35.612455063873682     
 precision:   1.6111506253375089E-004
 max=   1985848.7575516794     
 min=   0.0000000000000000     
       n_pass,     n_total
      180000      180675
 max=   1985848.7575516794     
 min=   0.0000000000000000     
       n_pass,     n_total
      190000      190675
 ITERATION           10 :
   221058.91640573033      +\-   36.153517014551028     
 precision:   1.6354697472684187E-004
 ====================NCALL=40K ===========================
  
 max=   1986849.3912810872     
 min=   0.0000000000000000     
       n_pass,     n_total
      200000      200895
 max=   1986849.3912810872     
 min=   0.0000000000000000     
       n_pass,     n_total
      210000      210895
 max=   1986849.3912810872     
 min=   0.0000000000000000     
       n_pass,     n_total
      220000      220895
 max=   1986849.3912810872     
 min=   0.0000000000000000     
       n_pass,     n_total
      230000      230895
   221045.19656888762      +\-   17.978576200486927     
 precision:   8.1334389887472599E-005
 ====================NCALL=80K ===========================
  
 max=   1986849.3912810872     
 min=   0.0000000000000000     
       n_pass,     n_total
      240000      241358
 max=   1986849.3912810872     
 min=   0.0000000000000000     
       n_pass,     n_total
      250000      251358
 max=   1986849.3912810872     
 min=   0.0000000000000000     
       n_pass,     n_total
      260000      261358
 max=   1986849.3912810872     
 min=   0.0000000000000000     
       n_pass,     n_total
      270000      271358
 max=   1986849.3912810872     
 min=   0.0000000000000000     
       n_pass,     n_total
      280000      281358
 max=   1986849.3912810872     
 min=   0.0000000000000000     
       n_pass,     n_total
      290000      291358
 max=   1986849.3912810872     
 min=   0.0000000000000000     
       n_pass,     n_total
      300000      301358
 max=   1986849.3912810872     
 min=   0.0000000000000000     
       n_pass,     n_total
      310000      311358
   221023.49602854866      +\-   8.4512730896014396     
 precision:   3.8236989466992347E-005
 sigma (pb)                   sd (pb)
   221023.49602854866        8.4512730896014396     
