 =======================================================
 |                                                     |
 |         \/\/\/\/\/\___________/\/\/\/\/\/           |
 |                   |     \     |                     |
 |                   |     /     |                     |
 |                   |     \     |                     |
 |         /\/\/\/\/\|_____/_____|/\/\/\/\/\           |
 |                                                     |
 | Light-by-light scattering at next-to-leading order  |
 |                   (VERSION 0.5)                     |
 |                                                     |
 |    Authors:                                         |
 |            Ajjath A.H. (LPTHE Paris)                |
 |            Ekta Chaubey (Bonn)                      |
 |            Mathijs Fraaije (Bern)                   |
 |            Valentin Hirschi (Bern)                  |
 |            Hua-Sheng Shao (LPTHE Paris)             |
 |                                                     |
 |    Please cite                                      |
 |            PLB 851 (2024) 138555 [arXiv:2312.16956] |
 |            JHEP 03 (2024) 121    [arXiv:2312.16966] |
 |                                                     |
 =======================================================
 ---------------------------------------------------
         the cuts in the lab frame                  
 min transverse momentum of photon    0.0000000000000000     
 max (pseudo-)rapidity of photon    5.0000000000000000     
 min (pseudo-)rapidity of photon   -5.0000000000000000     
 min invariant mass of di-photon    0.0000000000000000     
 ---------------------------------------------------
 max=   3124159.5710576014     
 min=   0.0000000000000000     
       n_pass,     n_total
       10000       10000
  
 ====================NCALL=20K===========================
  
 ITERATION            1 :
   1309264.8919124387      +\-   137.17004671241585     
 precision:   1.0476875043372777E-004
 max=   3201207.5750427986     
 min=   0.0000000000000000     
       n_pass,     n_total
       20000       20002
 max=   3201207.5750427986     
 min=   0.0000000000000000     
       n_pass,     n_total
       30000       30002
 ITERATION            2 :
   1309005.1352627061      +\-   118.06703040494247     
 precision:   9.0196002463540699E-005
 WARNING: outside the range of the grid (xs,xt)=   34.237384201194089       -34.235699636546400     
 WARNING: set the 2-loop amplitudes to zero
 WARNING: outside the range of the grid (xs,xt)=   34.237384201194089       -34.235724563521259     
 WARNING: set the 2-loop amplitudes to zero
 max=   3451837.0042463257     
 min=   0.0000000000000000     
       n_pass,     n_total
       40000       40010
 max=   3451837.0042463257     
 min=   0.0000000000000000     
       n_pass,     n_total
       50000       50010
 WARNING: outside the range of the grid (xs,xt)=   34.237384201194089       -1.6282372797228252E-003
 WARNING: set the 2-loop amplitudes to zero
 ITERATION            3 :
   1308772.4826889469      +\-   115.78663814392112     
 precision:   8.8469645928092056E-005
 max=   3520171.3959087217     
 min=   0.0000000000000000     
       n_pass,     n_total
       60000       60033
 max=   3520171.3959087217     
 min=   0.0000000000000000     
       n_pass,     n_total
       70000       70033
 ITERATION            4 :
   1308767.0749661347      +\-   108.89361572523262     
 precision:   8.3203205374073402E-005
 max=   3959524.7289099777     
 min=   0.0000000000000000     
       n_pass,     n_total
       80000       80060
 max=   3959524.7289099777     
 min=   0.0000000000000000     
       n_pass,     n_total
       90000       90060
 WARNING: outside the range of the grid (xs,xt)=   34.237384201194089       -1.6497780963361779E-003
 WARNING: set the 2-loop amplitudes to zero
 ITERATION            5 :
   1308850.0955289865      +\-   97.269821118248544     
 precision:   7.4317006546831355E-005
 WARNING: outside the range of the grid (xs,xt)=   34.237384201194089       -34.235784858870829     
 WARNING: set the 2-loop amplitudes to zero
 INFO: will suppress the further warning
 max=   3959524.7289099777     
 min=   0.0000000000000000     
       n_pass,     n_total
      100000      100091
 max=   3959524.7289099777     
 min=   0.0000000000000000     
       n_pass,     n_total
      110000      110091
 ITERATION            6 :
   1308813.9322565200      +\-   90.913545498608585     
 precision:   6.9462544108057404E-005
 max=   3959524.7289099777     
 min=   0.0000000000000000     
       n_pass,     n_total
      120000      120122
 max=   3959524.7289099777     
 min=   0.0000000000000000     
       n_pass,     n_total
      130000      130122
 ITERATION            7 :
   1308920.3492011586      +\-   89.020022326123168     
 precision:   6.8010266919948635E-005
 max=   3959524.7289099777     
 min=   0.0000000000000000     
       n_pass,     n_total
      140000      140159
 max=   3959524.7289099777     
 min=   0.0000000000000000     
       n_pass,     n_total
      150000      150159
 ITERATION            8 :
   1308662.6722592441      +\-   88.032114438324911     
 precision:   6.7268759401800890E-005
 max=   3959524.7289099777     
 min=   0.0000000000000000     
       n_pass,     n_total
      160000      160207
 max=   3959524.7289099777     
 min=   0.0000000000000000     
       n_pass,     n_total
      170000      170207
 ITERATION            9 :
   1308807.5237941882      +\-   86.813607116659512     
 precision:   6.6330308726366300E-005
 max=   4329689.9356813775     
 min=   0.0000000000000000     
       n_pass,     n_total
      180000      180250
 max=   4329689.9356813775     
 min=   0.0000000000000000     
       n_pass,     n_total
      190000      190250
 ITERATION           10 :
   1308923.2613608912      +\-   86.044341841676086     
 precision:   6.5736735209530580E-005
 ====================NCALL=40K ===========================
  
 max=   4329689.9356813775     
 min=   0.0000000000000000     
       n_pass,     n_total
      200000      200337
 max=   4329689.9356813775     
 min=   0.0000000000000000     
       n_pass,     n_total
      210000      210337
 max=   4329689.9356813775     
 min=   0.0000000000000000     
       n_pass,     n_total
      220000      220337
 max=   4329689.9356813775     
 min=   0.0000000000000000     
       n_pass,     n_total
      230000      230337
   1308864.4626561906      +\-   44.224025514116782     
 precision:   3.3788086372495123E-005
 ====================NCALL=80K ===========================
  
 max=   4329689.9356813775     
 min=   0.0000000000000000     
       n_pass,     n_total
      240000      240560
 max=   4329689.9356813775     
 min=   0.0000000000000000     
       n_pass,     n_total
      250000      250560
 max=   4329689.9356813775     
 min=   0.0000000000000000     
       n_pass,     n_total
      260000      260560
 max=   4329689.9356813775     
 min=   0.0000000000000000     
       n_pass,     n_total
      270000      270560
 max=   4329689.9356813775     
 min=   0.0000000000000000     
       n_pass,     n_total
      280000      280560
 max=   4329689.9356813775     
 min=   0.0000000000000000     
       n_pass,     n_total
      290000      290560
 max=   4329689.9356813775     
 min=   0.0000000000000000     
       n_pass,     n_total
      300000      300560
 max=   4329689.9356813775     
 min=   0.0000000000000000     
       n_pass,     n_total
      310000      310560
   1308795.0450377078      +\-   22.977483488709584     
 precision:   1.7556212163110366E-005
 sigma (pb)                   sd (pb)
   1308795.0450377078        22.977483488709584     
