 =======================================================
 |                                                     |
 |         \/\/\/\/\/\___________/\/\/\/\/\/           |
 |                   |     \     |                     |
 |                   |     /     |                     |
 |                   |     \     |                     |
 |         /\/\/\/\/\|_____/_____|/\/\/\/\/\           |
 |                                                     |
 | Light-by-light scattering at next-to-leading order  |
 |                   (VERSION 0.5)                     |
 |                                                     |
 |    Authors:                                         |
 |            Ajjath A.H. (LPTHE Paris)                |
 |            Ekta Chaubey (Bonn)                      |
 |            Mathijs Fraaije (Bern)                   |
 |            Valentin Hirschi (Bern)                  |
 |            Hua-Sheng Shao (LPTHE Paris)             |
 |                                                     |
 |    Please cite                                      |
 |            PLB 851 (2024) 138555 [arXiv:2312.16956] |
 |            JHEP 03 (2024) 121    [arXiv:2312.16966] |
 |                                                     |
 =======================================================
 ---------------------------------------------------
         the cuts in the lab frame                  
 min transverse momentum of photon    0.0000000000000000     
 max (pseudo-)rapidity of photon    5.0000000000000000     
 min (pseudo-)rapidity of photon   -5.0000000000000000     
 min invariant mass of di-photon    0.0000000000000000     
 ---------------------------------------------------
 max=   1337.8276720162830     
 min=   0.0000000000000000     
       n_pass,     n_total
       10000       10000
  
 ====================NCALL=20K===========================
  
 ITERATION            1 :
   57.125092344085807      +\-  0.15464969111617985     
 precision:   2.7072112231288289E-003
 WARNING: outside the range of the grid (xs,xt)=   17.390144798396079       -17.389280575153062     
 WARNING: set the 2-loop amplitudes to zero
 WARNING: outside the range of the grid (xs,xt)=   16.882430795847750       -16.881591804035917     
 WARNING: set the 2-loop amplitudes to zero
 WARNING: outside the range of the grid (xs,xt)=   8.1283173677634331       -8.1279134216849336     
 WARNING: set the 2-loop amplitudes to zero
 WARNING: outside the range of the grid (xs,xt)=  0.86738177777777781      -0.86733867224291228     
 WARNING: set the 2-loop amplitudes to zero
 WARNING: outside the range of the grid (xs,xt)=   8.6497905817174522E-002  -8.6493607204279344E-002
 WARNING: set the 2-loop amplitudes to zero
 INFO: will suppress the further warning
 max=   1510.2567039624269     
 min=   0.0000000000000000     
       n_pass,     n_total
       20000       20007
 max=   1510.2567039624269     
 min=   0.0000000000000000     
       n_pass,     n_total
       30000       30007
 ITERATION            2 :
   56.917998333453767      +\-   4.0282300787113680E-002
 precision:   7.0772518301012721E-004
 max=   1510.2567039624269     
 min=   0.0000000000000000     
       n_pass,     n_total
       40000       40035
 max=   1510.2567039624269     
 min=   0.0000000000000000     
       n_pass,     n_total
       50000       50035
 ITERATION            3 :
   56.884018563874406      +\-   1.8246119540945842E-002
 precision:   3.2076003070102171E-004
 max=   1510.2567039624269     
 min=   0.0000000000000000     
       n_pass,     n_total
       60000       60115
 max=   1510.2567039624269     
 min=   0.0000000000000000     
       n_pass,     n_total
       70000       70115
 ITERATION            4 :
   56.894063336567235      +\-   1.4460671111862758E-002
 precision:   2.5416836597375747E-004
 max=   1513.6631631046762     
 min=   0.0000000000000000     
       n_pass,     n_total
       80000       80294
 max=   1513.6631631046762     
 min=   0.0000000000000000     
       n_pass,     n_total
       90000       90294
 ITERATION            5 :
   56.881004640454321      +\-   1.1814870478125581E-002
 precision:   2.0771205700053212E-004
 max=   1513.6631631046762     
 min=   0.0000000000000000     
       n_pass,     n_total
      100000      100580
 max=   1513.6631631046762     
 min=   0.0000000000000000     
       n_pass,     n_total
      110000      110580
 ITERATION            6 :
   56.893615219353478      +\-   1.0275413024076146E-002
 precision:   1.8060748968859274E-004
 max=   1513.6631631046762     
 min=   0.0000000000000000     
       n_pass,     n_total
      120000      120863
 max=   1513.6631631046762     
 min=   0.0000000000000000     
       n_pass,     n_total
      130000      130863
 ITERATION            7 :
   56.914754085221141      +\-   9.6891482995950812E-003
 precision:   1.7023965850905835E-004
 max=   1513.6631631046762     
 min=   0.0000000000000000     
       n_pass,     n_total
      140000      141224
 max=   1513.6631631046762     
 min=   0.0000000000000000     
       n_pass,     n_total
      150000      151224
 ITERATION            8 :
   56.879797490162225      +\-   9.6279937321859001E-003
 precision:   1.6926912817949346E-004
 max=   1513.6631631046762     
 min=   0.0000000000000000     
       n_pass,     n_total
      160000      161458
 max=   1513.6631631046762     
 min=   0.0000000000000000     
       n_pass,     n_total
      170000      171458
 ITERATION            9 :
   56.894413102584956      +\-   9.5869169564063213E-003
 precision:   1.6850366202249736E-004
 max=   1513.6631631046762     
 min=   0.0000000000000000     
       n_pass,     n_total
      180000      181848
 max=   1513.6631631046762     
 min=   0.0000000000000000     
       n_pass,     n_total
      190000      191848
 ITERATION           10 :
   56.902432943766314      +\-   1.1189505331149067E-002
 precision:   1.9664370664444292E-004
 ====================NCALL=40K ===========================
  
 max=   1513.6631631046762     
 min=   0.0000000000000000     
       n_pass,     n_total
      200000      202060
 max=   1513.6631631046762     
 min=   0.0000000000000000     
       n_pass,     n_total
      210000      212060
 max=   1513.6631631046762     
 min=   0.0000000000000000     
       n_pass,     n_total
      220000      222060
 max=   1513.6631631046762     
 min=   0.0000000000000000     
       n_pass,     n_total
      230000      232060
   56.900709663831996      +\-   5.6212362184064760E-003
 precision:   9.8790265562883174E-005
 ====================NCALL=80K ===========================
  
 max=   1513.9365438748446     
 min=   0.0000000000000000     
       n_pass,     n_total
      240000      243290
 max=   1513.9365438748446     
 min=   0.0000000000000000     
       n_pass,     n_total
      250000      253290
 max=   1513.9365438748446     
 min=   0.0000000000000000     
       n_pass,     n_total
      260000      263290
 max=   1513.9365438748446     
 min=   0.0000000000000000     
       n_pass,     n_total
      270000      273290
 max=   1513.9365438748446     
 min=   0.0000000000000000     
       n_pass,     n_total
      280000      283290
 max=   1513.9365438748446     
 min=   0.0000000000000000     
       n_pass,     n_total
      290000      293290
 max=   1513.9365438748446     
 min=   0.0000000000000000     
       n_pass,     n_total
      300000      303290
 max=   1513.9365438748446     
 min=   0.0000000000000000     
       n_pass,     n_total
      310000      313290
   56.891294691240518      +\-   3.6747230298500803E-003
 precision:   6.4592009195668255E-005
 sigma (pb)                   sd (pb)
   56.891294691240518        3.6747230298500803E-003
