 =======================================================
 |                                                     |
 |         \/\/\/\/\/\___________/\/\/\/\/\/           |
 |                   |     \     |                     |
 |                   |     /     |                     |
 |                   |     \     |                     |
 |         /\/\/\/\/\|_____/_____|/\/\/\/\/\           |
 |                                                     |
 | Light-by-light scattering at next-to-leading order  |
 |                   (VERSION 0.5)                     |
 |                                                     |
 |    Authors:                                         |
 |            Ajjath A.H. (LPTHE Paris)                |
 |            Ekta Chaubey (Bonn)                      |
 |            Mathijs Fraaije (Bern)                   |
 |            Valentin Hirschi (Bern)                  |
 |            Hua-Sheng Shao (LPTHE Paris)             |
 |                                                     |
 |    Please cite                                      |
 |            PLB 851 (2024) 138555 [arXiv:2312.16956] |
 |            JHEP 03 (2024) 121    [arXiv:2312.16966] |
 |                                                     |
 =======================================================
 ---------------------------------------------------
         the cuts in the lab frame                  
 min transverse momentum of photon    0.0000000000000000     
 max (pseudo-)rapidity of photon    5.0000000000000000     
 min (pseudo-)rapidity of photon   -5.0000000000000000     
 min invariant mass of di-photon    0.0000000000000000     
 ---------------------------------------------------
 max=   3137354.7563001039     
 min=   0.0000000000000000     
       n_pass,     n_total
       10000       10000
  
 ====================NCALL=20K===========================
  
 ITERATION            1 :
   1804245.8491178441      +\-   71.047978776016052     
 precision:   3.9378213789852291E-005
 max=   3137354.7563001039     
 min=   0.0000000000000000     
       n_pass,     n_total
       20000       20002
 max=   3137354.7563001039     
 min=   0.0000000000000000     
       n_pass,     n_total
       30000       30002
 ITERATION            2 :
   1804022.3052182752      +\-   118.66155144309532     
 precision:   6.5776099940592492E-005
 max=   3478908.3711574851     
 min=   0.0000000000000000     
       n_pass,     n_total
       40000       40012
 max=   3478908.3711574851     
 min=   0.0000000000000000     
       n_pass,     n_total
       50000       50012
 WARNING: outside the range of the grid (xs,xt)=   12.560157934444184       -5.9179566701877322E-004
 WARNING: set the 2-loop amplitudes to zero
 ITERATION            3 :
   1803807.9497914005      +\-   108.82973731806889     
 precision:   6.0333328351643198E-005
 WARNING: outside the range of the grid (xs,xt)=   12.560157934444184       -12.559572720169632     
 WARNING: set the 2-loop amplitudes to zero
 WARNING: outside the range of the grid (xs,xt)=   12.560157934444184       -12.559567898582948     
 WARNING: set the 2-loop amplitudes to zero
 WARNING: outside the range of the grid (xs,xt)=   12.560157934444184       -12.559560739896526     
 WARNING: set the 2-loop amplitudes to zero
 WARNING: outside the range of the grid (xs,xt)=   12.560157934444184       -12.559547853190406     
 WARNING: set the 2-loop amplitudes to zero
 INFO: will suppress the further warning
 max=   5065351.6049792040     
 min=   0.0000000000000000     
       n_pass,     n_total
       60000       60037
 max=   5065351.6049792040     
 min=   0.0000000000000000     
       n_pass,     n_total
       70000       70037
 ITERATION            4 :
   1803910.6872191846      +\-   87.180686718753350     
 precision:   4.8328715682230691E-005
 max=   6028076.8672650559     
 min=   0.0000000000000000     
       n_pass,     n_total
       80000       80071
 max=   6028076.8672650559     
 min=   0.0000000000000000     
       n_pass,     n_total
       90000       90071
 ITERATION            5 :
   1803948.9759666857      +\-   73.062982188635473     
 precision:   4.0501689993467287E-005
 max=   6051855.1618511267     
 min=   0.0000000000000000     
       n_pass,     n_total
      100000      100126
 max=   6051855.1618511267     
 min=   0.0000000000000000     
       n_pass,     n_total
      110000      110126
 ITERATION            6 :
   1803939.2957393129      +\-   65.438772827887732     
 precision:   3.6275484980257499E-005
 max=   6530023.8183612069     
 min=   0.0000000000000000     
       n_pass,     n_total
      120000      120183
 max=   6530023.8183612069     
 min=   0.0000000000000000     
       n_pass,     n_total
      130000      130183
 ITERATION            7 :
   1804040.0912895259      +\-   62.498997986039271     
 precision:   3.4643907465141232E-005
 max=   6530023.8183612069     
 min=   0.0000000000000000     
       n_pass,     n_total
      140000      140266
 max=   6530023.8183612069     
 min=   0.0000000000000000     
       n_pass,     n_total
      150000      150266
 ITERATION            8 :
   1803867.1157440939      +\-   62.156829442776925     
 precision:   3.4457543407867531E-005
 max=   6530023.8183612069     
 min=   0.0000000000000000     
       n_pass,     n_total
      160000      160365
 max=   6530023.8183612069     
 min=   0.0000000000000000     
       n_pass,     n_total
      170000      170365
 ITERATION            9 :
   1803944.2861834345      +\-   60.010761829850686     
 precision:   3.3266416423987316E-005
 max=   6530023.8183612069     
 min=   0.0000000000000000     
       n_pass,     n_total
      180000      180471
 max=   6530023.8183612069     
 min=   0.0000000000000000     
       n_pass,     n_total
      190000      190471
 ITERATION           10 :
   1803996.8778437194      +\-   59.517645206994708     
 precision:   3.2992099896611205E-005
 ====================NCALL=40K ===========================
  
 max=   6530023.8183612069     
 min=   0.0000000000000000     
       n_pass,     n_total
      200000      200677
 max=   6530023.8183612069     
 min=   0.0000000000000000     
       n_pass,     n_total
      210000      210677
 max=   6530023.8183612069     
 min=   0.0000000000000000     
       n_pass,     n_total
      220000      220677
 max=   6530023.8183612069     
 min=   0.0000000000000000     
       n_pass,     n_total
      230000      230677
   1803980.5350475765      +\-   30.127951904021891     
 precision:   1.6700818727640720E-005
 ====================NCALL=80K ===========================
  
 max=   6824799.5662715714     
 min=   0.0000000000000000     
       n_pass,     n_total
      240000      241150
 max=   6824799.5662715714     
 min=   0.0000000000000000     
       n_pass,     n_total
      250000      251150
 max=   6824799.5662715714     
 min=   0.0000000000000000     
       n_pass,     n_total
      260000      261150
 max=   6824799.5662715714     
 min=   0.0000000000000000     
       n_pass,     n_total
      270000      271150
 max=   6824799.5662715714     
 min=   0.0000000000000000     
       n_pass,     n_total
      280000      281150
 max=   6824799.5662715714     
 min=   0.0000000000000000     
       n_pass,     n_total
      290000      291150
 max=   6824799.5662715714     
 min=   0.0000000000000000     
       n_pass,     n_total
      300000      301150
 max=   6824799.5662715714     
 min=   0.0000000000000000     
       n_pass,     n_total
      310000      311150
   1803945.5400563290      +\-   14.333022636548021     
 precision:   7.9453743576430067E-006
 sigma (pb)                   sd (pb)
   1803945.5400563290        14.333022636548021     
