 =======================================================
 |                                                     |
 |         \/\/\/\/\/\___________/\/\/\/\/\/           |
 |                   |     \     |                     |
 |                   |     /     |                     |
 |                   |     \     |                     |
 |         /\/\/\/\/\|_____/_____|/\/\/\/\/\           |
 |                                                     |
 | Light-by-light scattering at next-to-leading order  |
 |                   (VERSION 0.5)                     |
 |                                                     |
 |    Authors:                                         |
 |            Ajjath A.H. (LPTHE Paris)                |
 |            Ekta Chaubey (Bonn)                      |
 |            Mathijs Fraaije (Bern)                   |
 |            Valentin Hirschi (Bern)                  |
 |            Hua-Sheng Shao (LPTHE Paris)             |
 |                                                     |
 |    Please cite                                      |
 |            PLB 851 (2024) 138555 [arXiv:2312.16956] |
 |            JHEP 03 (2024) 121    [arXiv:2312.16966] |
 |                                                     |
 =======================================================
 ---------------------------------------------------
         the cuts in the lab frame                  
 min transverse momentum of photon    0.0000000000000000     
 max (pseudo-)rapidity of photon    5.0000000000000000     
 min (pseudo-)rapidity of photon   -5.0000000000000000     
 min invariant mass of di-photon    0.0000000000000000     
 ---------------------------------------------------
 WARNING: outside the range of the grid (xs,xt)=   2.2452485896922114E-002  -2.2452485672398360E-002
 WARNING: set the 2-loop amplitudes to zero
 WARNING: outside the range of the grid (xs,xt)=   2.2391868059244830E-002  -2.2391867835327248E-002
 WARNING: set the 2-loop amplitudes to zero
 WARNING: outside the range of the grid (xs,xt)=   2.2495226377597304E-002  -2.2495226152646149E-002
 WARNING: set the 2-loop amplitudes to zero
 WARNING: outside the range of the grid (xs,xt)=   2.2468080961623931E-002  -2.2468080736944229E-002
 WARNING: set the 2-loop amplitudes to zero
 WARNING: outside the range of the grid (xs,xt)=   2.2512493031686072E-002  -2.2512492806562250E-002
 WARNING: set the 2-loop amplitudes to zero
 INFO: will suppress the further warning
 max=   3.7756861091514368E-002
 min=   0.0000000000000000     
       n_pass,     n_total
       10000       10000
  
 ====================NCALL=20K===========================
  
 ITERATION            1 :
   2.7032965635143305E-002 +\-   2.3190641970376269E-006
 precision:   8.5786525545787873E-005
 max=   3.8584261160288201E-002
 min=   0.0000000000000000     
       n_pass,     n_total
       20000       20002
 max=   3.8584261160288201E-002
 min=   0.0000000000000000     
       n_pass,     n_total
       30000       30002
 ITERATION            2 :
   2.7032704039891265E-002 +\-   1.9124861460751147E-006
 precision:   7.0747127007824388E-005
 max=   3.8670676605303184E-002
 min=   0.0000000000000000     
       n_pass,     n_total
       40000       40012
 max=   3.8670676605303184E-002
 min=   0.0000000000000000     
       n_pass,     n_total
       50000       50012
 ITERATION            3 :
   2.7031682080572401E-002 +\-   1.4573133432774827E-006
 precision:   5.3911308180294488E-005
 max=   3.8671711746222200E-002
 min=   0.0000000000000000     
       n_pass,     n_total
       60000       60035
 max=   3.8671711746222200E-002
 min=   0.0000000000000000     
       n_pass,     n_total
       70000       70035
 ITERATION            4 :
   2.7032087024233740E-002 +\-   1.3684003385961471E-006
 precision:   5.0621335206911804E-005
 max=   3.8672698103805137E-002
 min=   0.0000000000000000     
       n_pass,     n_total
       80000       80062
 max=   3.8672698103805137E-002
 min=   0.0000000000000000     
       n_pass,     n_total
       90000       90062
 ITERATION            5 :
   2.7032935367582493E-002 +\-   1.3078039036483477E-006
 precision:   4.8378168551264590E-005
 max=   3.8672698103805137E-002
 min=   0.0000000000000000     
       n_pass,     n_total
      100000      100093
 max=   3.8672698103805137E-002
 min=   0.0000000000000000     
       n_pass,     n_total
      110000      110093
 ITERATION            6 :
   2.7032035460017558E-002 +\-   1.1088059271606435E-006
 precision:   4.1018218136057570E-005
 max=   3.8672878677604425E-002
 min=   0.0000000000000000     
       n_pass,     n_total
      120000      120123
 max=   3.8672878677604425E-002
 min=   0.0000000000000000     
       n_pass,     n_total
      130000      130123
 ITERATION            7 :
   2.7032523805281181E-002 +\-   1.1405255213319080E-006
 precision:   4.2190863477907693E-005
 max=   3.8672878677604425E-002
 min=   0.0000000000000000     
       n_pass,     n_total
      140000      140160
 max=   3.8672878677604425E-002
 min=   0.0000000000000000     
       n_pass,     n_total
      150000      150160
 ITERATION            8 :
   2.7032010303310608E-002 +\-   1.1115943323640017E-006
 precision:   4.1121408281938424E-005
 max=   3.8672878677604425E-002
 min=   0.0000000000000000     
       n_pass,     n_total
      160000      160209
 max=   3.8672878677604425E-002
 min=   0.0000000000000000     
       n_pass,     n_total
      170000      170209
 ITERATION            9 :
   2.7033122692370227E-002 +\-   1.0777999900083440E-006
 precision:   3.9869607454285699E-005
 max=   3.8672878677604425E-002
 min=   0.0000000000000000     
       n_pass,     n_total
      180000      180256
 max=   3.8672878677604425E-002
 min=   0.0000000000000000     
       n_pass,     n_total
      190000      190256
 ITERATION           10 :
   2.7033244124587623E-002 +\-   1.0551251802152005E-006
 precision:   3.9030653344913555E-005
 ====================NCALL=40K ===========================
  
 max=   3.8672878677604425E-002
 min=   0.0000000000000000     
       n_pass,     n_total
      200000      200347
 max=   3.8672878677604425E-002
 min=   0.0000000000000000     
       n_pass,     n_total
      210000      210347
 max=   3.8672878677604425E-002
 min=   0.0000000000000000     
       n_pass,     n_total
      220000      220347
 max=   3.8672878677604425E-002
 min=   0.0000000000000000     
       n_pass,     n_total
      230000      230347
   2.7033497494855622E-002 +\-   6.1748203760138754E-007
 precision:   2.2841367001028712E-005
 ====================NCALL=80K ===========================
  
 max=   3.8672878677604425E-002
 min=   0.0000000000000000     
       n_pass,     n_total
      240000      240559
 max=   3.8672878677604425E-002
 min=   0.0000000000000000     
       n_pass,     n_total
      250000      250559
 max=   3.8672878677604425E-002
 min=   0.0000000000000000     
       n_pass,     n_total
      260000      260559
 max=   3.8672878677604425E-002
 min=   0.0000000000000000     
       n_pass,     n_total
      270000      270559
 max=   3.8672878677604425E-002
 min=   0.0000000000000000     
       n_pass,     n_total
      280000      280559
 max=   3.8672878677604425E-002
 min=   0.0000000000000000     
       n_pass,     n_total
      290000      290559
 max=   3.8672878677604425E-002
 min=   0.0000000000000000     
       n_pass,     n_total
      300000      300559
 max=   3.8672878677604425E-002
 min=   0.0000000000000000     
       n_pass,     n_total
      310000      310559
   2.7032227181218376E-002 +\-   3.1669400512333211E-007
 precision:   1.1715424075133801E-005
 sigma (pb)                   sd (pb)
   2.7032227181218376E-002   3.1669400512333211E-007
