 =======================================================
 |                                                     |
 |         \/\/\/\/\/\___________/\/\/\/\/\/           |
 |                   |     \     |                     |
 |                   |     /     |                     |
 |                   |     \     |                     |
 |         /\/\/\/\/\|_____/_____|/\/\/\/\/\           |
 |                                                     |
 | Light-by-light scattering at next-to-leading order  |
 |                   (VERSION 0.5)                     |
 |                                                     |
 |    Authors:                                         |
 |            Ajjath A.H. (LPTHE Paris)                |
 |            Ekta Chaubey (Bonn)                      |
 |            Mathijs Fraaije (Bern)                   |
 |            Valentin Hirschi (Bern)                  |
 |            Hua-Sheng Shao (LPTHE Paris)             |
 |                                                     |
 |    Please cite                                      |
 |            PLB 851 (2024) 138555 [arXiv:2312.16956] |
 |            JHEP 03 (2024) 121    [arXiv:2312.16966] |
 |                                                     |
 =======================================================
 ---------------------------------------------------
         the cuts in the lab frame                  
 min transverse momentum of photon    0.0000000000000000     
 max (pseudo-)rapidity of photon    5.0000000000000000     
 min (pseudo-)rapidity of photon   -5.0000000000000000     
 min invariant mass of di-photon    0.0000000000000000     
 ---------------------------------------------------
 max=   148078.69419229179     
 min=   0.0000000000000000     
       n_pass,     n_total
       10000       10000
  
 ====================NCALL=20K===========================
  
 ITERATION            1 :
   2407.7840899585581      +\-   19.562383347475794     
 precision:   8.1246418352288793E-003
 WARNING: outside the range of the grid (xs,xt)=   9.0897750055691687E-002  -9.0893307197817352E-002
 WARNING: set the 2-loop amplitudes to zero
 WARNING: outside the range of the grid (xs,xt)=   8.8243944636678201E-002  -8.8239631490268616E-002
 WARNING: set the 2-loop amplitudes to zero
 WARNING: outside the range of the grid (xs,xt)=   4.2486463973344449E-002  -4.2484387339754494E-002
 WARNING: set the 2-loop amplitudes to zero
 WARNING: outside the range of the grid (xs,xt)=   39066.180046798239       -39064.270588252395     
 WARNING: set the 2-loop amplitudes to zero
 WARNING: outside the range of the grid (xs,xt)=  0.79326197785927366      -0.79322320516993217     
 WARNING: set the 2-loop amplitudes to zero
 INFO: will suppress the further warning
 max=   157560.71484502064     
 min=   0.0000000000000000     
       n_pass,     n_total
       20000       20008
 max=   157560.71484502064     
 min=   0.0000000000000000     
       n_pass,     n_total
       30000       30008
 ITERATION            2 :
   2384.4957330125558      +\-   4.6296712561247801     
 precision:   1.9415724641602462E-003
 max=   159214.21419999847     
 min=   0.0000000000000000     
       n_pass,     n_total
       40000       40043
 max=   159214.21419999847     
 min=   0.0000000000000000     
       n_pass,     n_total
       50000       50043
 ITERATION            3 :
   2382.5011347878585      +\-   1.6261885481869871     
 precision:   6.8255520404265641E-004
 max=   160840.68397165785     
 min=   0.0000000000000000     
       n_pass,     n_total
       60000       60173
 max=   160840.68397165785     
 min=   0.0000000000000000     
       n_pass,     n_total
       70000       70173
 ITERATION            4 :
   2383.6515167059079      +\-   1.0106116703818242     
 precision:   4.2397626637069878E-004
 max=   160849.30746426107     
 min=   0.0000000000000000     
       n_pass,     n_total
       80000       80478
 max=   160849.30746426107     
 min=   0.0000000000000000     
       n_pass,     n_total
       90000       90478
 ITERATION            5 :
   2382.5927204697437      +\-  0.70354964297075462     
 precision:   2.9528741396978888E-004
 max=   160849.30746426107     
 min=   0.0000000000000000     
       n_pass,     n_total
      100000      100879
 max=   160849.30746426107     
 min=   0.0000000000000000     
       n_pass,     n_total
      110000      110879
 ITERATION            6 :
   2382.8128354968189      +\-  0.58150951023449315     
 precision:   2.4404330108170156E-004
 max=   160849.30746426107     
 min=   0.0000000000000000     
       n_pass,     n_total
      120000      121246
 max=   160849.30746426107     
 min=   0.0000000000000000     
       n_pass,     n_total
      130000      131246
 ITERATION            7 :
   2383.7641334248319      +\-  0.56472054094985902     
 precision:   2.3690286007387254E-004
 max=   160849.30746426107     
 min=   0.0000000000000000     
       n_pass,     n_total
      140000      141630
 max=   160849.30746426107     
 min=   0.0000000000000000     
       n_pass,     n_total
      150000      151630
 ITERATION            8 :
   2382.2368304394172      +\-  0.59463661590453265     
 precision:   2.4961272040901512E-004
 max=   160849.30746426107     
 min=   0.0000000000000000     
       n_pass,     n_total
      160000      161911
 max=   160849.30746426107     
 min=   0.0000000000000000     
       n_pass,     n_total
      170000      171911
 ITERATION            9 :
   2382.8075297880191      +\-  0.69937141625897659     
 precision:   2.9350730494006558E-004
 max=   160849.30746426107     
 min=   0.0000000000000000     
       n_pass,     n_total
      180000      182464
 max=   160849.30746426107     
 min=   0.0000000000000000     
       n_pass,     n_total
      190000      192464
 ITERATION           10 :
   2383.8467905380003      +\-  0.63559248010698488     
 precision:   2.6662471876539543E-004
 ====================NCALL=40K ===========================
  
 max=   160856.81915172911     
 min=   0.0000000000000000     
       n_pass,     n_total
      200000      203442
 max=   160856.81915172911     
 min=   0.0000000000000000     
       n_pass,     n_total
      210000      213442
 max=   160856.81915172911     
 min=   0.0000000000000000     
       n_pass,     n_total
      220000      223442
 max=   160856.81915172911     
 min=   0.0000000000000000     
       n_pass,     n_total
      230000      233442
   2383.1396433158825      +\-  0.29377296300125388     
 precision:   1.2327140116409645E-004
 ====================NCALL=80K ===========================
  
 max=   160856.81915172911     
 min=   0.0000000000000000     
       n_pass,     n_total
      240000      245849
 max=   160856.81915172911     
 min=   0.0000000000000000     
       n_pass,     n_total
      250000      255849
 max=   160856.81915172911     
 min=   0.0000000000000000     
       n_pass,     n_total
      260000      265849
 max=   160856.81915172911     
 min=   0.0000000000000000     
       n_pass,     n_total
      270000      275849
 max=   160856.81915172911     
 min=   0.0000000000000000     
       n_pass,     n_total
      280000      285849
 max=   160856.81915172911     
 min=   0.0000000000000000     
       n_pass,     n_total
      290000      295849
 max=   160856.81915172911     
 min=   0.0000000000000000     
       n_pass,     n_total
      300000      305849
   2383.0714478503851      +\-  0.14402603893605190     
 precision:   6.0437146803117667E-005
 sigma (pb)                   sd (pb)
   2383.0714478503851       0.14402603893605190     
