 =======================================================
 |                                                     |
 |         \/\/\/\/\/\___________/\/\/\/\/\/           |
 |                   |     \     |                     |
 |                   |     /     |                     |
 |                   |     \     |                     |
 |         /\/\/\/\/\|_____/_____|/\/\/\/\/\           |
 |                                                     |
 | Light-by-light scattering at next-to-leading order  |
 |                   (VERSION 0.5)                     |
 |                                                     |
 |    Authors:                                         |
 |            Ajjath A.H. (LPTHE Paris)                |
 |            Ekta Chaubey (Bonn)                      |
 |            Mathijs Fraaije (Bern)                   |
 |            Valentin Hirschi (Bern)                  |
 |            Hua-Sheng Shao (LPTHE Paris)             |
 |                                                     |
 |    Please cite                                      |
 |            PLB 851 (2024) 138555 [arXiv:2312.16956] |
 |            JHEP 03 (2024) 121    [arXiv:2312.16966] |
 |                                                     |
 =======================================================
 ---------------------------------------------------
         the cuts in the lab frame                  
 min transverse momentum of photon    0.0000000000000000     
 max (pseudo-)rapidity of photon    5.0000000000000000     
 min (pseudo-)rapidity of photon   -5.0000000000000000     
 min invariant mass of di-photon    0.0000000000000000     
 ---------------------------------------------------
 max=   3129612.7603532742     
 min=   0.0000000000000000     
       n_pass,     n_total
       10000       10000
  
 ====================NCALL=20K===========================
  
 ITERATION            1 :
   1819649.2268896962      +\-   55.644336945990673     
 precision:   3.0579705211153714E-005
 WARNING: outside the range of the grid (xs,xt)=   7.4735819082654897       -7.4735818336515010     
 WARNING: set the 2-loop amplitudes to zero
 max=   5103651702121417.0     
 min=   0.0000000000000000     
       n_pass,     n_total
       20000       20003
 max=   5103651702121417.0     
 min=   0.0000000000000000     
       n_pass,     n_total
       30000       30003
 ITERATION            2 :
   76113084118.722412      +\-   76111264434.074142     
 precision:  0.99997609235429963     
 WARNING: outside the range of the grid (xs,xt)=   7.4735980135728566       -7.4735979389587071     
 WARNING: set the 2-loop amplitudes to zero
 WARNING: outside the range of the grid (xs,xt)=   7.4736061638805431       -7.4736060892663101     
 WARNING: set the 2-loop amplitudes to zero
 WARNING: outside the range of the grid (xs,xt)=   7.4736015173219981       -7.4736014427078121     
 WARNING: set the 2-loop amplitudes to zero
 WARNING: outside the range of the grid (xs,xt)=   7.4736156016719066       -7.4736155270575804     
 WARNING: set the 2-loop amplitudes to zero
 INFO: will suppress the further warning
 max=   6137553644480834.0     
 min=   0.0000000000000000     
       n_pass,     n_total
       40000       40064
 max=   6137553644480834.0     
 min=   0.0000000000000000     
       n_pass,     n_total
       50000       50064
 ITERATION            3 :
   42646976575.442146      +\-   38527721985.379837     
 precision:  0.90341039574574811     
 max=   6470249698904399.0     
 min=   0.0000000000000000     
       n_pass,     n_total
       60000       61195
 max=   6470249698904399.0     
 min=   0.0000000000000000     
       n_pass,     n_total
       70000       71195
 ITERATION            4 :
   39734147774.684181      +\-   4508871457.7592983     
 precision:  0.11347598250570849     
 max=   6480044922385892.0     
 min=   0.0000000000000000     
       n_pass,     n_total
       80000       90733
 ITERATION            5 :
   33772485222.544098      +\-   231198500.50301117     
 precision:   6.8457650948553694E-003
 max=   6480279137593308.0     
 min=   0.0000000000000000     
       n_pass,     n_total
       90000      104772
 max=   6480279137593308.0     
 min=   0.0000000000000000     
       n_pass,     n_total
      100000      114772
 ITERATION            6 :
   33559533573.483913      +\-   42371566.368172921     
 precision:   1.2625791200403208E-003
 max=   6480349774527462.0     
 min=   0.0000000000000000     
       n_pass,     n_total
      110000      129694
 ITERATION            7 :
   33548991379.674095      +\-   7774999.7659454457     
 precision:   2.3175062635879978E-004
 max=   6480349774527462.0     
 min=   0.0000000000000000     
       n_pass,     n_total
      120000      142095
 max=   6480349774527462.0     
 min=   0.0000000000000000     
       n_pass,     n_total
      130000      152095
 ITERATION            8 :
   33543678885.265278      +\-   2360493.1613497511     
 precision:   7.0370729740876578E-005
 max=   6480349774527462.0     
 min=   0.0000000000000000     
       n_pass,     n_total
      140000      163881
 max=   6480349774527462.0     
 min=   0.0000000000000000     
       n_pass,     n_total
      150000      173881
 ITERATION            9 :
   33544300466.103039      +\-   740822.96056068887     
 precision:   2.2084913093039466E-005
 max=   6480349774527462.0     
 min=   0.0000000000000000     
       n_pass,     n_total
      160000      184579
 max=   6480349774527462.0     
 min=   0.0000000000000000     
       n_pass,     n_total
      170000      194579
 ITERATION           10 :
   33543512984.724106      +\-   753086.37626099808     
 precision:   2.2451028805598198E-005
 ====================NCALL=40K ===========================
  
 max=   6480349774527462.0     
 min=   0.0000000000000000     
       n_pass,     n_total
      180000      211332
 max=   6480349774527462.0     
 min=   0.0000000000000000     
       n_pass,     n_total
      190000      221332
 max=   6480349774527462.0     
 min=   0.0000000000000000     
       n_pass,     n_total
      200000      231332
   33542315914.977123      +\-   3486187.0425554183     
 precision:   1.0393399941113743E-004
 ====================NCALL=80K ===========================
  
 max=   6480350896630935.0     
 min=   0.0000000000000000     
       n_pass,     n_total
      210000      270514
 max=   6480350896630935.0     
 min=   0.0000000000000000     
       n_pass,     n_total
      220000      280514
 max=   6480350896630935.0     
 min=   0.0000000000000000     
       n_pass,     n_total
      230000      290514
 max=   6480350896630935.0     
 min=   0.0000000000000000     
       n_pass,     n_total
      240000      300514
 max=   6480350896630935.0     
 min=   0.0000000000000000     
       n_pass,     n_total
      250000      310514
   33543807488.234291      +\-   267232.95854793402     
 precision:   7.9666853156627403E-006
 sigma (pb)                   sd (pb)
   33543807488.234291        267232.95854793402     
