 =======================================================
 |                                                     |
 |         \/\/\/\/\/\___________/\/\/\/\/\/           |
 |                   |     \     |                     |
 |                   |     /     |                     |
 |                   |     \     |                     |
 |         /\/\/\/\/\|_____/_____|/\/\/\/\/\           |
 |                                                     |
 | Light-by-light scattering at next-to-leading order  |
 |                   (VERSION 0.5)                     |
 |                                                     |
 |    Authors:                                         |
 |            Ajjath A.H. (LPTHE Paris)                |
 |            Ekta Chaubey (Bonn)                      |
 |            Mathijs Fraaije (Bern)                   |
 |            Valentin Hirschi (Bern)                  |
 |            Hua-Sheng Shao (LPTHE Paris)             |
 |                                                     |
 |    Please cite                                      |
 |            PLB 851 (2024) 138555 [arXiv:2312.16956] |
 |            JHEP 03 (2024) 121    [arXiv:2312.16966] |
 |                                                     |
 =======================================================
 ---------------------------------------------------
         the cuts in the lab frame                  
 min transverse momentum of photon    0.0000000000000000     
 max (pseudo-)rapidity of photon    5.0000000000000000     
 min (pseudo-)rapidity of photon   -5.0000000000000000     
 min invariant mass of di-photon    0.0000000000000000     
 ---------------------------------------------------
 max=   296237.01280112134     
 min=   0.0000000000000000     
       n_pass,     n_total
       10000       10000
  
 ====================NCALL=20K===========================
  
 ITERATION            1 :
   6027.1134927375333      +\-   44.141930790023849     
 precision:   7.3238924143727135E-003
 WARNING: outside the range of the grid (xs,xt)=   3.6612252171975945E-002  -3.6610522590659361E-002
 WARNING: set the 2-loop amplitudes to zero
 WARNING: outside the range of the grid (xs,xt)=   3.5543339100346023E-002  -3.5541660015023756E-002
 WARNING: set the 2-loop amplitudes to zero
 WARNING: outside the range of the grid (xs,xt)=   1.7112911286963770E-002  -1.7112102864376293E-002
 WARNING: set the 2-loop amplitudes to zero
 WARNING: outside the range of the grid (xs,xt)=   15735.272153522701       -15734.528811304903     
 WARNING: set the 2-loop amplitudes to zero
 WARNING: outside the range of the grid (xs,xt)=  0.31951404247112658      -0.31949894846610205     
 WARNING: set the 2-loop amplitudes to zero
 INFO: will suppress the further warning
 max=   309439.19218487869     
 min=   0.0000000000000000     
       n_pass,     n_total
       20000       20007
 max=   309439.19218487869     
 min=   0.0000000000000000     
       n_pass,     n_total
       30000       30007
 ITERATION            2 :
   5969.2213457457265      +\-   9.1081577818390418     
 precision:   1.5258535836219979E-003
 max=   309894.60243064462     
 min=   0.0000000000000000     
       n_pass,     n_total
       40000       40040
 max=   309894.60243064462     
 min=   0.0000000000000000     
       n_pass,     n_total
       50000       50040
 ITERATION            3 :
   5962.1949803693396      +\-   3.4865488431284803     
 precision:   5.8477605221030516E-004
 max=   309894.60243064462     
 min=   0.0000000000000000     
       n_pass,     n_total
       60000       60160
 max=   309894.60243064462     
 min=   0.0000000000000000     
       n_pass,     n_total
       70000       70160
 ITERATION            4 :
   5963.5548967744662      +\-   2.2294826993579044     
 precision:   3.7385129137719090E-004
 max=   310254.20371199201     
 min=   0.0000000000000000     
       n_pass,     n_total
       80000       80424
 max=   310254.20371199201     
 min=   0.0000000000000000     
       n_pass,     n_total
       90000       90424
 ITERATION            5 :
   5962.3574414670920      +\-   1.6186978480641157     
 precision:   2.7148621396066796E-004
 max=   310254.20371199201     
 min=   0.0000000000000000     
       n_pass,     n_total
      100000      100767
 max=   310254.20371199201     
 min=   0.0000000000000000     
       n_pass,     n_total
      110000      110767
 ITERATION            6 :
   5962.3659071487791      +\-   1.6302238743549615     
 precision:   2.7341895813545253E-004
 max=   310254.20371199201     
 min=   0.0000000000000000     
       n_pass,     n_total
      120000      121092
 max=   310254.20371199201     
 min=   0.0000000000000000     
       n_pass,     n_total
      130000      131092
 ITERATION            7 :
   5964.2565956003982      +\-   1.4927338899169817     
 precision:   2.5027995794448449E-004
 max=   310254.20371199201     
 min=   0.0000000000000000     
       n_pass,     n_total
      140000      141443
 max=   310254.20371199201     
 min=   0.0000000000000000     
       n_pass,     n_total
      150000      151443
 ITERATION            8 :
   5961.4827343793077      +\-   1.6911045582618198     
 precision:   2.8367180341048033E-004
 max=   310254.20371199201     
 min=   0.0000000000000000     
       n_pass,     n_total
      160000      161961
 max=   310254.20371199201     
 min=   0.0000000000000000     
       n_pass,     n_total
      170000      171961
 ITERATION            9 :
   5963.0670486693343      +\-   1.4819449506580085     
 precision:   2.4852059159534461E-004
 max=   310254.20371199201     
 min=   0.0000000000000000     
       n_pass,     n_total
      180000      182403
 max=   310254.20371199201     
 min=   0.0000000000000000     
       n_pass,     n_total
      190000      192403
 ITERATION           10 :
   5965.9940943496858      +\-   1.4089097324818745     
 precision:   2.3615674273231920E-004
 ====================NCALL=40K ===========================
  
 max=   310254.20371199201     
 min=   0.0000000000000000     
       n_pass,     n_total
      200000      202962
 max=   310254.20371199201     
 min=   0.0000000000000000     
       n_pass,     n_total
      210000      212962
 max=   310254.20371199201     
 min=   0.0000000000000000     
       n_pass,     n_total
      220000      222962
 max=   310254.20371199201     
 min=   0.0000000000000000     
       n_pass,     n_total
      230000      232962
   5963.9403902222784      +\-  0.73665226503413961     
 precision:   1.2351771091506235E-004
 ====================NCALL=80K ===========================
  
 max=   310254.47697524092     
 min=   0.0000000000000000     
       n_pass,     n_total
      240000      244825
 max=   310254.47697524092     
 min=   0.0000000000000000     
       n_pass,     n_total
      250000      254825
 max=   310254.47697524092     
 min=   0.0000000000000000     
       n_pass,     n_total
      260000      264825
 max=   310254.47697524092     
 min=   0.0000000000000000     
       n_pass,     n_total
      270000      274825
 max=   310254.47697524092     
 min=   0.0000000000000000     
       n_pass,     n_total
      280000      284825
 max=   310254.47697524092     
 min=   0.0000000000000000     
       n_pass,     n_total
      290000      294825
 max=   310254.47697524092     
 min=   0.0000000000000000     
       n_pass,     n_total
      300000      304825
   5963.0864784593341      +\-  0.35892685741738622     
 precision:   6.0191456004193512E-005
 sigma (pb)                   sd (pb)
   5963.0864784593341       0.35892685741738622     
