 =======================================================
 |                                                     |
 |         \/\/\/\/\/\___________/\/\/\/\/\/           |
 |                   |     \     |                     |
 |                   |     /     |                     |
 |                   |     \     |                     |
 |         /\/\/\/\/\|_____/_____|/\/\/\/\/\           |
 |                                                     |
 | Light-by-light scattering at next-to-leading order  |
 |                   (VERSION 0.5)                     |
 |                                                     |
 |    Authors:                                         |
 |            Ajjath A.H. (LPTHE Paris)                |
 |            Ekta Chaubey (Bonn)                      |
 |            Mathijs Fraaije (Bern)                   |
 |            Valentin Hirschi (Bern)                  |
 |            Hua-Sheng Shao (LPTHE Paris)             |
 |                                                     |
 |    Please cite                                      |
 |            PLB 851 (2024) 138555 [arXiv:2312.16956] |
 |            JHEP 03 (2024) 121    [arXiv:2312.16966] |
 |                                                     |
 =======================================================
 ---------------------------------------------------
         the cuts in the lab frame                  
 min transverse momentum of photon    0.0000000000000000     
 max (pseudo-)rapidity of photon    5.0000000000000000     
 min (pseudo-)rapidity of photon   -5.0000000000000000     
 min invariant mass of di-photon    0.0000000000000000     
 ---------------------------------------------------
 max=   8342.7500271837216     
 min=   0.0000000000000000     
       n_pass,     n_total
       10000       10000
  
 ====================NCALL=20K===========================
  
 ITERATION            1 :
   221.95144762863760      +\-  0.96803144149763154     
 precision:   4.3614558582078375E-003
 WARNING: outside the range of the grid (xs,xt)=   1.9683671196257513       -1.9682693348700284     
 WARNING: set the 2-loop amplitudes to zero
 WARNING: outside the range of the grid (xs,xt)=   1.9108996539792382       -1.9108047240985202     
 WARNING: set the 2-loop amplitudes to zero
 WARNING: outside the range of the grid (xs,xt)=  0.92003331945022904      -0.91998761393498119     
 WARNING: set the 2-loop amplitudes to zero
 WARNING: outside the range of the grid (xs,xt)=   9.8177777777777767E-002  -9.8172900491461768E-002
 WARNING: set the 2-loop amplitudes to zero
 WARNING: outside the range of the grid (xs,xt)=   845967.96121338382       -845925.93512505316     
 WARNING: set the 2-loop amplitudes to zero
 INFO: will suppress the further warning
 max=   9588.0200586346382     
 min=   0.0000000000000000     
       n_pass,     n_total
       20000       20007
 max=   9588.0200586346382     
 min=   0.0000000000000000     
       n_pass,     n_total
       30000       30007
 ITERATION            2 :
   220.90772021135928      +\-  0.26232220645221355     
 precision:   1.1874741462237258E-003
 max=   9628.1784424762027     
 min=   0.0000000000000000     
       n_pass,     n_total
       40000       40040
 max=   9628.1784424762027     
 min=   0.0000000000000000     
       n_pass,     n_total
       50000       50040
 ITERATION            3 :
   220.70728404786726      +\-   9.6469979101737019E-002
 precision:   4.3709467731393266E-004
 max=   9628.1784424762027     
 min=   0.0000000000000000     
       n_pass,     n_total
       60000       60151
 max=   9628.1784424762027     
 min=   0.0000000000000000     
       n_pass,     n_total
       70000       70151
 ITERATION            4 :
   220.74445533495611      +\-   6.5133349067404339E-002
 precision:   2.9506222010682644E-004
 max=   9628.1784424762027     
 min=   0.0000000000000000     
       n_pass,     n_total
       80000       80407
 max=   9628.1784424762027     
 min=   0.0000000000000000     
       n_pass,     n_total
       90000       90407
 ITERATION            5 :
   220.72686414773503      +\-   4.7096452209368117E-002
 precision:   2.1336982424507205E-004
 max=   9642.6540255635118     
 min=   0.0000000000000000     
       n_pass,     n_total
      100000      100757
 max=   9642.6540255635118     
 min=   0.0000000000000000     
       n_pass,     n_total
      110000      110757
 ITERATION            6 :
   220.74658202557768      +\-   4.2235553397482584E-002
 precision:   1.9133049766808526E-004
 max=   9706.4143188495909     
 min=   0.0000000000000000     
       n_pass,     n_total
      120000      121110
 max=   9706.4143188495909     
 min=   0.0000000000000000     
       n_pass,     n_total
      130000      131110
 ITERATION            7 :
   220.78781630312341      +\-   3.9981694299241706E-002
 precision:   1.8108650635119351E-004
 max=   9722.8625907030182     
 min=   0.0000000000000000     
       n_pass,     n_total
      140000      141454
 max=   9722.8625907030182     
 min=   0.0000000000000000     
       n_pass,     n_total
      150000      151454
 ITERATION            8 :
   220.73223943799849      +\-   4.8316380530096577E-002
 precision:   2.1889136200998029E-004
 max=   9722.8625907030182     
 min=   0.0000000000000000     
       n_pass,     n_total
      160000      161989
 max=   9722.8625907030182     
 min=   0.0000000000000000     
       n_pass,     n_total
      170000      171989
 ITERATION            9 :
   220.75619521738588      +\-   4.2651698275917360E-002
 precision:   1.9320725397498734E-004
 max=   9722.8625907030182     
 min=   0.0000000000000000     
       n_pass,     n_total
      180000      182488
 max=   9722.8625907030182     
 min=   0.0000000000000000     
       n_pass,     n_total
      190000      192488
 ITERATION           10 :
   220.81474204385839      +\-   3.8892513285064871E-002
 precision:   1.7613186929946918E-004
 ====================NCALL=40K ===========================
  
 max=   9723.6064916254672     
 min=   0.0000000000000000     
       n_pass,     n_total
      200000      203217
 max=   9723.6064916254672     
 min=   0.0000000000000000     
       n_pass,     n_total
      210000      213217
 max=   9723.6064916254672     
 min=   0.0000000000000000     
       n_pass,     n_total
      220000      223217
 max=   9723.6064916254672     
 min=   0.0000000000000000     
       n_pass,     n_total
      230000      233217
   220.77376490019415      +\-   2.0087757559651843E-002
 precision:   9.0987973905019810E-005
 ====================NCALL=80K ===========================
  
 max=   9723.6064916254672     
 min=   0.0000000000000000     
       n_pass,     n_total
      240000      245479
 max=   9723.6064916254672     
 min=   0.0000000000000000     
       n_pass,     n_total
      250000      255479
 max=   9723.6064916254672     
 min=   0.0000000000000000     
       n_pass,     n_total
      260000      265479
 max=   9723.6064916254672     
 min=   0.0000000000000000     
       n_pass,     n_total
      270000      275479
 max=   9723.6064916254672     
 min=   0.0000000000000000     
       n_pass,     n_total
      280000      285479
 max=   9723.6064916254672     
 min=   0.0000000000000000     
       n_pass,     n_total
      290000      295479
 max=   9723.6064916254672     
 min=   0.0000000000000000     
       n_pass,     n_total
      300000      305479
   220.76394328891260      +\-   9.3482833196911509E-003
 precision:   4.2345154649901780E-005
 sigma (pb)                   sd (pb)
   220.76394328891260        9.3482833196911509E-003
