 =======================================================
 |                                                     |
 |         \/\/\/\/\/\___________/\/\/\/\/\/           |
 |                   |     \     |                     |
 |                   |     /     |                     |
 |                   |     \     |                     |
 |         /\/\/\/\/\|_____/_____|/\/\/\/\/\           |
 |                                                     |
 | Light-by-light scattering at next-to-leading order  |
 |                   (VERSION 0.5)                     |
 |                                                     |
 |    Authors:                                         |
 |            Ajjath A.H. (LPTHE Paris)                |
 |            Ekta Chaubey (Bonn)                      |
 |            Mathijs Fraaije (Bern)                   |
 |            Valentin Hirschi (Bern)                  |
 |            Hua-Sheng Shao (LPTHE Paris)             |
 |                                                     |
 |    Please cite                                      |
 |            PLB 851 (2024) 138555 [arXiv:2312.16956] |
 |            JHEP 03 (2024) 121    [arXiv:2312.16966] |
 |                                                     |
 =======================================================
 ---------------------------------------------------
         the cuts in the lab frame                  
 min transverse momentum of photon    0.0000000000000000     
 max (pseudo-)rapidity of photon    5.0000000000000000     
 min (pseudo-)rapidity of photon   -5.0000000000000000     
 min invariant mass of di-photon    0.0000000000000000     
 ---------------------------------------------------
 max=   3124737.3275890555     
 min=   0.0000000000000000     
       n_pass,     n_total
       10000       10000
  
 ====================NCALL=20K===========================
  
 ITERATION            1 :
   1841394.6273908408      +\-   58.702892374038434     
 precision:   3.1879582736274915E-005
 max=   5985200.9653831162     
 min=   0.0000000000000000     
       n_pass,     n_total
       20000       20002
 max=   5985200.9653831162     
 min=   0.0000000000000000     
       n_pass,     n_total
       30000       30002
 WARNING: outside the range of the grid (xs,xt)=   9.3078725954634063       -4.5650903291926141E-004
 WARNING: set the 2-loop amplitudes to zero
 ITERATION            2 :
   1841341.5934905885      +\-   99.689074887946404     
 precision:   5.4139370576519779E-005
 WARNING: outside the range of the grid (xs,xt)=   9.3078725954634063       -9.3074188152393127     
 WARNING: set the 2-loop amplitudes to zero
 max=   5985200.9653831162     
 min=   0.0000000000000000     
       n_pass,     n_total
       40000       40019
 max=   5985200.9653831162     
 min=   0.0000000000000000     
       n_pass,     n_total
       50000       50019
 WARNING: outside the range of the grid (xs,xt)=   9.3078725954634063       -4.2327903774686914E-004
 WARNING: set the 2-loop amplitudes to zero
 ITERATION            3 :
   1841323.4752174041      +\-   89.159710234955327     
 precision:   4.8421535615532351E-005
 WARNING: outside the range of the grid (xs,xt)=   9.3078725954634063       -9.3074191521358962     
 WARNING: set the 2-loop amplitudes to zero
 WARNING: outside the range of the grid (xs,xt)=   9.3078725954634063       -9.3074115311960597     
 WARNING: set the 2-loop amplitudes to zero
 INFO: will suppress the further warning
 max=   5985200.9653831162     
 min=   0.0000000000000000     
       n_pass,     n_total
       60000       60046
 max=   5985200.9653831162     
 min=   0.0000000000000000     
       n_pass,     n_total
       70000       70046
 ITERATION            4 :
   1841163.9910016854      +\-   69.352463056321213     
 precision:   3.7667727261269107E-005
 max=   7043449.7781689893     
 min=   0.0000000000000000     
       n_pass,     n_total
       80000       80083
 max=   7043449.7781689893     
 min=   0.0000000000000000     
       n_pass,     n_total
       90000       90083
 ITERATION            5 :
   1841194.2964110037      +\-   71.081653321439148     
 precision:   3.8606274992268292E-005
 max=   7309705.8146525910     
 min=   0.0000000000000000     
       n_pass,     n_total
      100000      100141
 max=   7309705.8146525910     
 min=   0.0000000000000000     
       n_pass,     n_total
      110000      110141
 ITERATION            6 :
   1841155.1847135455      +\-   62.406114232513985     
 precision:   3.3895086492789791E-005
 max=   7332529.5555314329     
 min=   0.0000000000000000     
       n_pass,     n_total
      120000      120212
 max=   7332529.5555314329     
 min=   0.0000000000000000     
       n_pass,     n_total
      130000      130212
 ITERATION            7 :
   1841227.5098119515      +\-   54.732891526884714     
 precision:   2.9726305540847963E-005
 max=   7332529.5555314329     
 min=   0.0000000000000000     
       n_pass,     n_total
      140000      140317
 max=   7332529.5555314329     
 min=   0.0000000000000000     
       n_pass,     n_total
      150000      150317
 ITERATION            8 :
   1841076.1323171961      +\-   50.693855444891696     
 precision:   2.7534904480613695E-005
 max=   7332529.5555314329     
 min=   0.0000000000000000     
       n_pass,     n_total
      160000      160466
 max=   7332529.5555314329     
 min=   0.0000000000000000     
       n_pass,     n_total
      170000      170466
 ITERATION            9 :
   1841133.6181198843      +\-   47.323097765256541     
 precision:   2.5703239188897981E-005
 max=   7332529.5555314329     
 min=   0.0000000000000000     
       n_pass,     n_total
      180000      180628
 max=   7332529.5555314329     
 min=   0.0000000000000000     
       n_pass,     n_total
      190000      190628
 ITERATION           10 :
   1841184.4581407746      +\-   46.709464131901690     
 precision:   2.5369247456644752E-005
 ====================NCALL=40K ===========================
  
 max=   7334368.1548749162     
 min=   0.0000000000000000     
       n_pass,     n_total
      200000      200929
 max=   7334368.1548749162     
 min=   0.0000000000000000     
       n_pass,     n_total
      210000      210929
 max=   7334368.1548749162     
 min=   0.0000000000000000     
       n_pass,     n_total
      220000      220929
 max=   7334368.1548749162     
 min=   0.0000000000000000     
       n_pass,     n_total
      230000      230929
   1841183.3979928580      +\-   23.304643601899222     
 precision:   1.2657426537358786E-005
 ====================NCALL=80K ===========================
  
 max=   8922330.2991398666     
 min=   0.0000000000000000     
       n_pass,     n_total
      240000      241588
 max=   8922330.2991398666     
 min=   0.0000000000000000     
       n_pass,     n_total
      250000      251588
 max=   8922330.2991398666     
 min=   0.0000000000000000     
       n_pass,     n_total
      260000      261588
 max=   8922330.2991398666     
 min=   0.0000000000000000     
       n_pass,     n_total
      270000      271588
 max=   8922330.2991398666     
 min=   0.0000000000000000     
       n_pass,     n_total
      280000      281588
 max=   8922330.2991398666     
 min=   0.0000000000000000     
       n_pass,     n_total
      290000      291588
 max=   8922330.2991398666     
 min=   0.0000000000000000     
       n_pass,     n_total
      300000      301588
 max=   8922330.2991398666     
 min=   0.0000000000000000     
       n_pass,     n_total
      310000      311588
   1841147.1857893306      +\-   11.142675876255176     
 precision:   6.0520288449823870E-006
 sigma (pb)                   sd (pb)
   1841147.1857893306        11.142675876255176     
