 =======================================================
 |                                                     |
 |         \/\/\/\/\/\___________/\/\/\/\/\/           |
 |                   |     \     |                     |
 |                   |     /     |                     |
 |                   |     \     |                     |
 |         /\/\/\/\/\|_____/_____|/\/\/\/\/\           |
 |                                                     |
 | Light-by-light scattering at next-to-leading order  |
 |                   (VERSION 0.5)                     |
 |                                                     |
 |    Authors:                                         |
 |            Ajjath A.H. (LPTHE Paris)                |
 |            Ekta Chaubey (Bonn)                      |
 |            Mathijs Fraaije (Bern)                   |
 |            Valentin Hirschi (Bern)                  |
 |            Hua-Sheng Shao (LPTHE Paris)             |
 |                                                     |
 |    Please cite                                      |
 |            PLB 851 (2024) 138555 [arXiv:2312.16956] |
 |            JHEP 03 (2024) 121    [arXiv:2312.16966] |
 |                                                     |
 =======================================================
 ---------------------------------------------------
         the cuts in the lab frame                  
 min transverse momentum of photon    0.0000000000000000     
 max (pseudo-)rapidity of photon    5.0000000000000000     
 min (pseudo-)rapidity of photon   -5.0000000000000000     
 min invariant mass of di-photon    0.0000000000000000     
 ---------------------------------------------------
 WARNING: outside the range of the grid (xs,xt)=  0.63418668306200698      -0.63418667672101769     
 WARNING: set the 2-loop amplitudes to zero
 WARNING: outside the range of the grid (xs,xt)=  0.63400046142473554      -0.63400045508560776     
 WARNING: set the 2-loop amplitudes to zero
 WARNING: outside the range of the grid (xs,xt)=  0.63421469977325129      -0.63421469343198167     
 WARNING: set the 2-loop amplitudes to zero
 WARNING: outside the range of the grid (xs,xt)=  0.63418838848902637      -0.63418838214801976     
 WARNING: set the 2-loop amplitudes to zero
 WARNING: outside the range of the grid (xs,xt)=  0.63410731439774182      -0.63410730805754567     
 WARNING: set the 2-loop amplitudes to zero
 INFO: will suppress the further warning
 max=   878.78704913442323     
 min=   0.0000000000000000     
       n_pass,     n_total
       10000       10000
  
 ====================NCALL=20K===========================
  
 ITERATION            1 :
   636.53641971263744      +\-   1.7920110692163493E-002
 precision:   2.8152530063014268E-005
 max=   878.93651466629865     
 min=   0.0000000000000000     
       n_pass,     n_total
       20000       20002
 max=   878.93651466629865     
 min=   0.0000000000000000     
       n_pass,     n_total
       30000       30002
 ITERATION            2 :
   636.49142120392708      +\-   3.5564410477940685E-002
 precision:   5.5875710642997203E-005
 max=   879.01751624915426     
 min=   0.0000000000000000     
       n_pass,     n_total
       40000       40012
 max=   879.01751624915426     
 min=   0.0000000000000000     
       n_pass,     n_total
       50000       50012
 ITERATION            3 :
   636.50441943003739      +\-   2.7591643022948389E-002
 precision:   4.3348706121562411E-005
 max=   879.40841384499140     
 min=   0.0000000000000000     
       n_pass,     n_total
       60000       60039
 max=   879.40841384499140     
 min=   0.0000000000000000     
       n_pass,     n_total
       70000       70039
 ITERATION            4 :
   636.47319363283805      +\-   1.8760678159881975E-002
 precision:   2.9475991051249894E-005
 max=   879.40841384499140     
 min=   0.0000000000000000     
       n_pass,     n_total
       80000       80075
 max=   879.40841384499140     
 min=   0.0000000000000000     
       n_pass,     n_total
       90000       90075
 ITERATION            5 :
   636.46949670281140      +\-   2.9914804012932974E-002
 precision:   4.7001158999613740E-005
 max=   879.40841384499140     
 min=   0.0000000000000000     
       n_pass,     n_total
      100000      100116
 max=   879.40841384499140     
 min=   0.0000000000000000     
       n_pass,     n_total
      110000      110116
 ITERATION            6 :
   636.42277133840389      +\-   3.0370377807086114E-002
 precision:   4.7720444922510994E-005
 max=   879.40841384499140     
 min=   0.0000000000000000     
       n_pass,     n_total
      120000      120144
 max=   879.40841384499140     
 min=   0.0000000000000000     
       n_pass,     n_total
      130000      130144
 ITERATION            7 :
   636.45787841650179      +\-   2.2430491879206281E-002
 precision:   3.5242696555211208E-005
 max=   879.40841384499140     
 min=   0.0000000000000000     
       n_pass,     n_total
      140000      140184
 max=   879.40841384499140     
 min=   0.0000000000000000     
       n_pass,     n_total
      150000      150184
 ITERATION            8 :
   636.42463822437071      +\-   1.9445275016451127E-002
 precision:   3.0553931838188389E-005
 max=   879.40841384499140     
 min=   0.0000000000000000     
       n_pass,     n_total
      160000      160247
 max=   879.40841384499140     
 min=   0.0000000000000000     
       n_pass,     n_total
      170000      170247
 ITERATION            9 :
   636.45429487829335      +\-   1.7808599437505800E-002
 precision:   2.7980955711692179E-005
 max=   879.42911197794501     
 min=   0.0000000000000000     
       n_pass,     n_total
      180000      180319
 max=   879.42911197794501     
 min=   0.0000000000000000     
       n_pass,     n_total
      190000      190319
 ITERATION           10 :
   636.46047976309944      +\-   1.7846005960522902E-002
 precision:   2.8039456538079890E-005
 ====================NCALL=40K ===========================
  
 max=   879.42911197794501     
 min=   0.0000000000000000     
       n_pass,     n_total
      200000      200488
 max=   879.42911197794501     
 min=   0.0000000000000000     
       n_pass,     n_total
      210000      210488
 max=   879.42911197794501     
 min=   0.0000000000000000     
       n_pass,     n_total
      220000      220488
 max=   879.42911197794501     
 min=   0.0000000000000000     
       n_pass,     n_total
      230000      230488
   636.45166441452886      +\-   8.9130077409336639E-003
 precision:   1.4004217820897255E-005
 ====================NCALL=80K ===========================
  
 max=   879.42911197794501     
 min=   0.0000000000000000     
       n_pass,     n_total
      240000      240873
 max=   879.42911197794501     
 min=   0.0000000000000000     
       n_pass,     n_total
      250000      250873
 max=   879.42911197794501     
 min=   0.0000000000000000     
       n_pass,     n_total
      260000      260873
 max=   879.42911197794501     
 min=   0.0000000000000000     
       n_pass,     n_total
      270000      270873
 max=   879.42911197794501     
 min=   0.0000000000000000     
       n_pass,     n_total
      280000      280873
 max=   879.42911197794501     
 min=   0.0000000000000000     
       n_pass,     n_total
      290000      290873
 max=   879.42911197794501     
 min=   0.0000000000000000     
       n_pass,     n_total
      300000      300873
 max=   879.42911197794501     
 min=   0.0000000000000000     
       n_pass,     n_total
      310000      310873
   636.44204566037138      +\-   4.2278472803604569E-003
 precision:   6.6429415045538801E-006
 sigma (pb)                   sd (pb)
   636.44204566037138        4.2278472803604569E-003
