 =======================================================
 |                                                     |
 |         \/\/\/\/\/\___________/\/\/\/\/\/           |
 |                   |     \     |                     |
 |                   |     /     |                     |
 |                   |     \     |                     |
 |         /\/\/\/\/\|_____/_____|/\/\/\/\/\           |
 |                                                     |
 | Light-by-light scattering at next-to-leading order  |
 |                   (VERSION 0.5)                     |
 |                                                     |
 |    Authors:                                         |
 |            Ajjath A.H. (LPTHE Paris)                |
 |            Ekta Chaubey (Bonn)                      |
 |            Mathijs Fraaije (Bern)                   |
 |            Valentin Hirschi (Bern)                  |
 |            Hua-Sheng Shao (LPTHE Paris)             |
 |                                                     |
 |    Please cite                                      |
 |            PLB 851 (2024) 138555 [arXiv:2312.16956] |
 |            JHEP 03 (2024) 121    [arXiv:2312.16966] |
 |                                                     |
 =======================================================
 ---------------------------------------------------
         the cuts in the lab frame                  
 min transverse momentum of photon    0.0000000000000000     
 max (pseudo-)rapidity of photon    5.0000000000000000     
 min (pseudo-)rapidity of photon   -5.0000000000000000     
 min invariant mass of di-photon    0.0000000000000000     
 ---------------------------------------------------
 max=   1157030.0625920298     
 min=   0.0000000000000000     
       n_pass,     n_total
       10000       10000
  
 ====================NCALL=20K===========================
  
 ITERATION            1 :
   65036.992182747963      +\-   200.96969036525985     
 precision:   3.0900827916603758E-003
 max=   1164178.2865785337     
 min=   0.0000000000000000     
       n_pass,     n_total
       20000       20007
 max=   1164178.2865785337     
 min=   0.0000000000000000     
       n_pass,     n_total
       30000       30007
 ITERATION            2 :
   64645.734020305012      +\-   31.476928161634529     
 precision:   4.8691423554333421E-004
 WARNING: outside the range of the grid (xs,xt)=   1423.5484698664604       -1423.4831808032425     
 WARNING: set the 2-loop amplitudes to zero
 WARNING: outside the range of the grid (xs,xt)=   2.8905996783715769E-002  -2.8904671050527655E-002
 WARNING: set the 2-loop amplitudes to zero
 WARNING: outside the range of the grid (xs,xt)=   1423.5484698664604       -1423.4830713173596     
 WARNING: set the 2-loop amplitudes to zero
 WARNING: outside the range of the grid (xs,xt)=   2.8905996783715769E-002  -2.8904668827351807E-002
 WARNING: set the 2-loop amplitudes to zero
 WARNING: outside the range of the grid (xs,xt)=   1423.5484698664604       -1423.4801353903579     
 WARNING: set the 2-loop amplitudes to zero
 INFO: will suppress the further warning
 max=   1166580.3759243921     
 min=   0.0000000000000000     
       n_pass,     n_total
       40000       40031
 max=   1166580.3759243921     
 min=   0.0000000000000000     
       n_pass,     n_total
       50000       50031
 ITERATION            3 :
   64625.729655365518      +\-   20.500274212011725     
 precision:   3.1721536176589538E-004
 max=   1167860.5729241935     
 min=   0.0000000000000000     
       n_pass,     n_total
       60000       60100
 max=   1167860.5729241935     
 min=   0.0000000000000000     
       n_pass,     n_total
       70000       70100
 ITERATION            4 :
   64613.852644068618      +\-   17.419015596478875     
 precision:   2.6958639492421436E-004
 max=   1168437.2185541173     
 min=   0.0000000000000000     
       n_pass,     n_total
       80000       80224
 max=   1168437.2185541173     
 min=   0.0000000000000000     
       n_pass,     n_total
       90000       90224
 ITERATION            5 :
   64612.195283408568      +\-   14.749397045639098     
 precision:   2.2827574548339979E-004
 max=   1170334.0661431213     
 min=   0.0000000000000000     
       n_pass,     n_total
      100000      100410
 max=   1170334.0661431213     
 min=   0.0000000000000000     
       n_pass,     n_total
      110000      110410
 ITERATION            6 :
   64608.223987948717      +\-   13.696901811439686     
 precision:   2.1199935497367254E-004
 max=   1170334.0661431213     
 min=   0.0000000000000000     
       n_pass,     n_total
      120000      120603
 max=   1170334.0661431213     
 min=   0.0000000000000000     
       n_pass,     n_total
      130000      130603
 ITERATION            7 :
   64643.234073895030      +\-   13.288367482748695     
 precision:   2.0556470716731910E-004
 max=   1170334.0661431213     
 min=   0.0000000000000000     
       n_pass,     n_total
      140000      140815
 max=   1170334.0661431213     
 min=   0.0000000000000000     
       n_pass,     n_total
      150000      150815
 ITERATION            8 :
   64600.026506280250      +\-   13.118386665110144     
 precision:   2.0307091768506950E-004
 max=   1170334.0661431213     
 min=   0.0000000000000000     
       n_pass,     n_total
      160000      161039
 max=   1170334.0661431213     
 min=   0.0000000000000000     
       n_pass,     n_total
      170000      171039
 ITERATION            9 :
   64617.335024510925      +\-   12.756987145651955     
 precision:   1.9742360375606515E-004
 max=   1170818.7691209342     
 min=   0.0000000000000000     
       n_pass,     n_total
      180000      181291
 max=   1170818.7691209342     
 min=   0.0000000000000000     
       n_pass,     n_total
      190000      191291
 ITERATION           10 :
   64629.034870550902      +\-   12.913092707852329     
 precision:   1.9980327315295181E-004
 ====================NCALL=40K ===========================
  
 max=   1170818.7691209342     
 min=   0.0000000000000000     
       n_pass,     n_total
      200000      201666
 max=   1170818.7691209342     
 min=   0.0000000000000000     
       n_pass,     n_total
      210000      211666
 max=   1170818.7691209342     
 min=   0.0000000000000000     
       n_pass,     n_total
      220000      221666
 max=   1170818.7691209342     
 min=   0.0000000000000000     
       n_pass,     n_total
      230000      231666
   64629.144008269228      +\-   6.1513544801980844     
 precision:   9.5179265865118459E-005
 ====================NCALL=80K ===========================
  
 max=   1171530.5420279708     
 min=   0.0000000000000000     
       n_pass,     n_total
      240000      242259
 max=   1171530.5420279708     
 min=   0.0000000000000000     
       n_pass,     n_total
      250000      252259
 max=   1171530.5420279708     
 min=   0.0000000000000000     
       n_pass,     n_total
      260000      262259
 max=   1171530.5420279708     
 min=   0.0000000000000000     
       n_pass,     n_total
      270000      272259
 max=   1171530.5420279708     
 min=   0.0000000000000000     
       n_pass,     n_total
      280000      282259
 max=   1171530.5420279708     
 min=   0.0000000000000000     
       n_pass,     n_total
      290000      292259
 max=   1171530.5420279708     
 min=   0.0000000000000000     
       n_pass,     n_total
      300000      302259
 max=   1171530.5420279708     
 min=   0.0000000000000000     
       n_pass,     n_total
      310000      312259
   64621.145831614464      +\-   3.0223367407300659     
 precision:   4.6770088983031536E-005
 sigma (pb)                   sd (pb)
   64621.145831614464        3.0223367407300659     
