 =======================================================
 |                                                     |
 |         \/\/\/\/\/\___________/\/\/\/\/\/           |
 |                   |     \     |                     |
 |                   |     /     |                     |
 |                   |     \     |                     |
 |         /\/\/\/\/\|_____/_____|/\/\/\/\/\           |
 |                                                     |
 | Light-by-light scattering at next-to-leading order  |
 |                   (VERSION 0.5)                     |
 |                                                     |
 |    Authors:                                         |
 |            Ajjath A.H. (LPTHE Paris)                |
 |            Ekta Chaubey (Bonn)                      |
 |            Mathijs Fraaije (Bern)                   |
 |            Valentin Hirschi (Bern)                  |
 |            Hua-Sheng Shao (LPTHE Paris)             |
 |                                                     |
 |    Please cite                                      |
 |            PLB 851 (2024) 138555 [arXiv:2312.16956] |
 |            JHEP 03 (2024) 121    [arXiv:2312.16966] |
 |                                                     |
 =======================================================
 ---------------------------------------------------
         the cuts in the lab frame                  
 min transverse momentum of photon    0.0000000000000000     
 max (pseudo-)rapidity of photon    5.0000000000000000     
 min (pseudo-)rapidity of photon   -5.0000000000000000     
 min invariant mass of di-photon    0.0000000000000000     
 ---------------------------------------------------
 max=   12.119473189487559     
 min=   0.0000000000000000     
       n_pass,     n_total
       10000       10000
  
 ====================NCALL=20K===========================
  
 ITERATION            1 :
   2.0697584270387714E-002 +\-   1.5967175427062297E-003
 precision:   7.7145116156897259E-002
 WARNING: outside the range of the grid (xs,xt)=   37617777.777777776       -37615920.592811540     
 WARNING: set the 2-loop amplitudes to zero
 WARNING: outside the range of the grid (xs,xt)=   3751357.3407202214       -3751172.1366792670     
 WARNING: set the 2-loop amplitudes to zero
 WARNING: outside the range of the grid (xs,xt)=   2828.0263289785826       -2827.8867096737599     
 WARNING: set the 2-loop amplitudes to zero
 WARNING: outside the range of the grid (xs,xt)=   26804073.433787387       -26802750.120047022     
 WARNING: set the 2-loop amplitudes to zero
 max=   13.217291643726737     
 min=   0.0000000000000000     
       n_pass,     n_total
       20000       20010
 max=   13.217291643726737     
 min=   0.0000000000000000     
       n_pass,     n_total
       30000       30010
 ITERATION            2 :
   1.9433177557624977E-002 +\-   4.0978168691259388E-004
 precision:   2.1086705233741263E-002
 WARNING: outside the range of the grid (xs,xt)=   37617777.777777776       -37615951.438539952     
 WARNING: set the 2-loop amplitudes to zero
 INFO: will suppress the further warning
 max=   13.419115663076276     
 min=   0.0000000000000000     
       n_pass,     n_total
       40000       40060
 max=   13.419115663076276     
 min=   0.0000000000000000     
       n_pass,     n_total
       50000       50060
 ITERATION            3 :
   1.9620850278531683E-002 +\-   9.8592966028926944E-005
 precision:   5.0249079234248716E-003
 max=   13.419115663076276     
 min=   0.0000000000000000     
       n_pass,     n_total
       60000       60364
 max=   13.419115663076276     
 min=   0.0000000000000000     
       n_pass,     n_total
       70000       70364
 ITERATION            4 :
   1.9522999105999382E-002 +\-   2.6521673358864190E-005
 precision:   1.3584835616119108E-003
 max=   13.419115663076276     
 min=   0.0000000000000000     
       n_pass,     n_total
       80000       81349
 max=   13.419115663076276     
 min=   0.0000000000000000     
       n_pass,     n_total
       90000       91349
 ITERATION            5 :
   1.9532104309721146E-002 +\-   1.4272697322012404E-005
 precision:   7.3073014027008186E-004
 max=   13.419115663076276     
 min=   0.0000000000000000     
       n_pass,     n_total
      100000      102881
 max=   13.419115663076276     
 min=   0.0000000000000000     
       n_pass,     n_total
      110000      112881
 ITERATION            6 :
   1.9516500887666738E-002 +\-   1.3113508137720738E-005
 precision:   6.7191901935698378E-004
 max=   13.419115663076276     
 min=   0.0000000000000000     
       n_pass,     n_total
      120000      124559
 max=   13.419115663076276     
 min=   0.0000000000000000     
       n_pass,     n_total
      130000      134559
 ITERATION            7 :
   1.9543123179464949E-002 +\-   1.2098270200351773E-005
 precision:   6.1905510645627519E-004
 max=   13.419115663076276     
 min=   0.0000000000000000     
       n_pass,     n_total
      140000      146774
 ITERATION            8 :
   1.9522475819526916E-002 +\-   1.0360515259797571E-005
 precision:   5.3069679048774643E-004
 max=   13.419115663076276     
 min=   0.0000000000000000     
       n_pass,     n_total
      150000      158020
 max=   13.419115663076276     
 min=   0.0000000000000000     
       n_pass,     n_total
      160000      168020
 ITERATION            9 :
   1.9528077967475396E-002 +\-   1.2947121686218217E-005
 precision:   6.6300030693148800E-004
 max=   13.419115663076276     
 min=   0.0000000000000000     
       n_pass,     n_total
      170000      180411
 max=   13.419115663076276     
 min=   0.0000000000000000     
       n_pass,     n_total
      180000      190411
 ITERATION           10 :
   1.9552599691191330E-002 +\-   1.1775642334954894E-005
 precision:   6.0225456056669309E-004
 ====================NCALL=40K ===========================
  
 max=   13.419115663076276     
 min=   0.0000000000000000     
       n_pass,     n_total
      190000      202754
 max=   13.419115663076276     
 min=   0.0000000000000000     
       n_pass,     n_total
      200000      212754
 max=   13.419115663076276     
 min=   0.0000000000000000     
       n_pass,     n_total
      210000      222754
 max=   13.419115663076276     
 min=   0.0000000000000000     
       n_pass,     n_total
      220000      232754
   1.9539005956462806E-002 +\-   6.4498227996002218E-006
 precision:   3.3009984305096393E-004
 ====================NCALL=80K ===========================
  
 max=   13.419264710672824     
 min=   0.0000000000000000     
       n_pass,     n_total
      230000      252335
 max=   13.419264710672824     
 min=   0.0000000000000000     
       n_pass,     n_total
      240000      262335
 max=   13.419264710672824     
 min=   0.0000000000000000     
       n_pass,     n_total
      250000      272335
 max=   13.419264710672824     
 min=   0.0000000000000000     
       n_pass,     n_total
      260000      282335
 max=   13.419264710672824     
 min=   0.0000000000000000     
       n_pass,     n_total
      270000      292335
 max=   13.419264710672824     
 min=   0.0000000000000000     
       n_pass,     n_total
      280000      302335
 max=   13.419264710672824     
 min=   0.0000000000000000     
       n_pass,     n_total
      290000      312335
   1.9534595932731682E-002 +\-   2.8101684502791773E-006
 precision:   1.4385598043369451E-004
 sigma (pb)                   sd (pb)
   1.9534595932731682E-002   2.8101684502791773E-006
