 =======================================================
 |                                                     |
 |         \/\/\/\/\/\___________/\/\/\/\/\/           |
 |                   |     \     |                     |
 |                   |     /     |                     |
 |                   |     \     |                     |
 |         /\/\/\/\/\|_____/_____|/\/\/\/\/\           |
 |                                                     |
 | Light-by-light scattering at next-to-leading order  |
 |                   (VERSION 0.5)                     |
 |                                                     |
 |    Authors:                                         |
 |            Ajjath A.H. (LPTHE Paris)                |
 |            Ekta Chaubey (Bonn)                      |
 |            Mathijs Fraaije (Bern)                   |
 |            Valentin Hirschi (Bern)                  |
 |            Hua-Sheng Shao (LPTHE Paris)             |
 |                                                     |
 |    Please cite                                      |
 |            PLB 851 (2024) 138555 [arXiv:2312.16956] |
 |            JHEP 03 (2024) 121    [arXiv:2312.16966] |
 |                                                     |
 =======================================================
 ---------------------------------------------------
         the cuts in the lab frame                  
 min transverse momentum of photon    0.0000000000000000     
 max (pseudo-)rapidity of photon    5.0000000000000000     
 min (pseudo-)rapidity of photon   -5.0000000000000000     
 min invariant mass of di-photon    0.0000000000000000     
 ---------------------------------------------------
 max=   5286.9198302483437     
 min=   0.0000000000000000     
       n_pass,     n_total
       10000       10000
  
 ====================NCALL=20K===========================
  
 ITERATION            1 :
   156.97612681528727      +\-  0.61264708253027012     
 precision:   3.9028041713066834E-003
 WARNING: outside the range of the grid (xs,xt)=   3.2615281799955440       -3.2613757068101394     
 WARNING: set the 2-loop amplitudes to zero
 WARNING: outside the range of the grid (xs,xt)=   3.1663062283737018       -3.1661582067194454     
 WARNING: set the 2-loop amplitudes to zero
 WARNING: outside the range of the grid (xs,xt)=   1.5244689712619743       -1.5243977038599250     
 WARNING: set the 2-loop amplitudes to zero
 WARNING: outside the range of the grid (xs,xt)=  0.16267777777777778      -0.16267017275411910     
 WARNING: set the 2-loop amplitudes to zero
 WARNING: outside the range of the grid (xs,xt)=   1.6222714681440441E-002  -1.6221956285729328E-002
 WARNING: set the 2-loop amplitudes to zero
 INFO: will suppress the further warning
 max=   6085.7798956428287     
 min=   0.0000000000000000     
       n_pass,     n_total
       20000       20007
 max=   6085.7798956428287     
 min=   0.0000000000000000     
       n_pass,     n_total
       30000       30007
 ITERATION            2 :
   156.29068372121324      +\-  0.16555773058263024     
 precision:   1.0592936612776440E-003
 max=   6085.7798956428287     
 min=   0.0000000000000000     
       n_pass,     n_total
       40000       40040
 max=   6085.7798956428287     
 min=   0.0000000000000000     
       n_pass,     n_total
       50000       50040
 ITERATION            3 :
   156.13669363728226      +\-   6.4095361147551183E-002
 precision:   4.1050799561856812E-004
 max=   6091.9408744394377     
 min=   0.0000000000000000     
       n_pass,     n_total
       60000       60144
 max=   6091.9408744394377     
 min=   0.0000000000000000     
       n_pass,     n_total
       70000       70144
 ITERATION            4 :
   156.19832620931211      +\-   4.5561811825181250E-002
 precision:   2.9169206182226668E-004
 max=   6091.9408744394377     
 min=   0.0000000000000000     
       n_pass,     n_total
       80000       80376
 max=   6091.9408744394377     
 min=   0.0000000000000000     
       n_pass,     n_total
       90000       90376
 ITERATION            5 :
   156.18232334524316      +\-   3.4499844784946311E-002
 precision:   2.2089468286807292E-004
 max=   6101.8053770834931     
 min=   0.0000000000000000     
       n_pass,     n_total
      100000      100728
 max=   6101.8053770834931     
 min=   0.0000000000000000     
       n_pass,     n_total
      110000      110728
 ITERATION            6 :
   156.19241404990271      +\-   2.9044753802055463E-002
 precision:   1.8595495804793572E-004
 max=   6101.8053770834931     
 min=   0.0000000000000000     
       n_pass,     n_total
      120000      121019
 max=   6101.8053770834931     
 min=   0.0000000000000000     
       n_pass,     n_total
      130000      131019
 ITERATION            7 :
   156.26099465151503      +\-   2.9151836933245676E-002
 precision:   1.8655862903124706E-004
 max=   6103.3167405372169     
 min=   0.0000000000000000     
       n_pass,     n_total
      140000      141479
 max=   6103.3167405372169     
 min=   0.0000000000000000     
       n_pass,     n_total
      150000      151479
 ITERATION            8 :
   156.16157990904998      +\-   2.7269270829152530E-002
 precision:   1.7462214998743237E-004
 max=   6103.3167405372169     
 min=   0.0000000000000000     
       n_pass,     n_total
      160000      161870
 max=   6103.3167405372169     
 min=   0.0000000000000000     
       n_pass,     n_total
      170000      171870
 ITERATION            9 :
   156.17991733145325      +\-   2.9678243192332379E-002
 precision:   1.9002598861252851E-004
 max=   6103.3167405372169     
 min=   0.0000000000000000     
       n_pass,     n_total
      180000      182068
 max=   6103.3167405372169     
 min=   0.0000000000000000     
       n_pass,     n_total
      190000      192068
 ITERATION           10 :
   156.20726958529585      +\-   3.5072977660499313E-002
 precision:   2.2452845987009566E-004
 ====================NCALL=40K ===========================
  
 max=   6105.7952525273504     
 min=   0.0000000000000000     
       n_pass,     n_total
      200000      202799
 max=   6105.7952525273504     
 min=   0.0000000000000000     
       n_pass,     n_total
      210000      212799
 max=   6105.7952525273504     
 min=   0.0000000000000000     
       n_pass,     n_total
      220000      222799
 max=   6105.7952525273504     
 min=   0.0000000000000000     
       n_pass,     n_total
      230000      232799
   156.21793302820484      +\-   1.4888754387025378E-002
 precision:   9.5307587921658406E-005
 ====================NCALL=80K ===========================
  
 max=   6106.4285776392526     
 min=   0.0000000000000000     
       n_pass,     n_total
      240000      244716
 max=   6106.4285776392526     
 min=   0.0000000000000000     
       n_pass,     n_total
      250000      254716
 max=   6106.4285776392526     
 min=   0.0000000000000000     
       n_pass,     n_total
      260000      264716
 max=   6106.4285776392526     
 min=   0.0000000000000000     
       n_pass,     n_total
      270000      274716
 max=   6106.4285776392526     
 min=   0.0000000000000000     
       n_pass,     n_total
      280000      284716
 max=   6106.4285776392526     
 min=   0.0000000000000000     
       n_pass,     n_total
      290000      294716
 max=   6106.4285776392526     
 min=   0.0000000000000000     
       n_pass,     n_total
      300000      304716
   156.20034262524820      +\-   7.0064265022727673E-003
 precision:   4.4855384978779490E-005
 sigma (pb)                   sd (pb)
   156.20034262524820        7.0064265022727673E-003
