 =======================================================
 |                                                     |
 |         \/\/\/\/\/\___________/\/\/\/\/\/           |
 |                   |     \     |                     |
 |                   |     /     |                     |
 |                   |     \     |                     |
 |         /\/\/\/\/\|_____/_____|/\/\/\/\/\           |
 |                                                     |
 | Light-by-light scattering at next-to-leading order  |
 |                   (VERSION 0.5)                     |
 |                                                     |
 |    Authors:                                         |
 |            Ajjath A.H. (LPTHE Paris)                |
 |            Ekta Chaubey (Bonn)                      |
 |            Mathijs Fraaije (Bern)                   |
 |            Valentin Hirschi (Bern)                  |
 |            Hua-Sheng Shao (LPTHE Paris)             |
 |                                                     |
 |    Please cite                                      |
 |            PLB 851 (2024) 138555 [arXiv:2312.16956] |
 |            JHEP 03 (2024) 121    [arXiv:2312.16966] |
 |                                                     |
 =======================================================
 ---------------------------------------------------
         the cuts in the lab frame                  
 min transverse momentum of photon    0.0000000000000000     
 max (pseudo-)rapidity of photon    5.0000000000000000     
 min (pseudo-)rapidity of photon   -5.0000000000000000     
 min invariant mass of di-photon    0.0000000000000000     
 ---------------------------------------------------
 max=  0.33796066479166853     
 min=   0.0000000000000000     
       n_pass,     n_total
       10000       10000
  
 ====================NCALL=20K===========================
  
 ITERATION            1 :
   1.4936402087594697E-002 +\-   3.7725758978139033E-005
 precision:   2.5257594671659143E-003
 WARNING: outside the range of the grid (xs,xt)=   1042227.6676319891       -1042177.2033339958     
 WARNING: set the 2-loop amplitudes to zero
 WARNING: outside the range of the grid (xs,xt)=   1011799.3079584773       -1011750.3169909833     
 WARNING: set the 2-loop amplitudes to zero
 WARNING: outside the range of the grid (xs,xt)=   487147.02207413584       -487123.43458624615     
 WARNING: set the 2-loop amplitudes to zero
 WARNING: outside the range of the grid (xs,xt)=   51984.000000000000       -51981.482952958977     
 WARNING: set the 2-loop amplitudes to zero
 WARNING: outside the range of the grid (xs,xt)=   5184.0000000000000       -5183.7489925388454     
 WARNING: set the 2-loop amplitudes to zero
 INFO: will suppress the further warning
 max=  0.37735879981138598     
 min=   0.0000000000000000     
       n_pass,     n_total
       20000       20007
 max=  0.37735879981138598     
 min=   0.0000000000000000     
       n_pass,     n_total
       30000       30007
 ITERATION            2 :
   1.4893468138686573E-002 +\-   1.0942621950034846E-005
 precision:   7.3472624697875472E-004
 max=  0.39709877791669268     
 min=   0.0000000000000000     
       n_pass,     n_total
       40000       40035
 max=  0.39709877791669268     
 min=   0.0000000000000000     
       n_pass,     n_total
       50000       50035
 ITERATION            3 :
   1.4883746775761136E-002 +\-   4.5235703407315033E-006
 precision:   3.0392685449999359E-004
 max=  0.41109129626593421     
 min=   0.0000000000000000     
       n_pass,     n_total
       60000       60119
 max=  0.41109129626593421     
 min=   0.0000000000000000     
       n_pass,     n_total
       70000       70119
 ITERATION            4 :
   1.4888657461494027E-002 +\-   3.4625474666508151E-006
 precision:   2.3256277307781922E-004
 max=  0.41109129626593421     
 min=   0.0000000000000000     
       n_pass,     n_total
       80000       80302
 max=  0.41109129626593421     
 min=   0.0000000000000000     
       n_pass,     n_total
       90000       90302
 ITERATION            5 :
   1.4885373077863466E-002 +\-   2.7582308305979548E-006
 precision:   1.8529806516571706E-004
 max=  0.41109129626593421     
 min=   0.0000000000000000     
       n_pass,     n_total
      100000      100600
 max=  0.41109129626593421     
 min=   0.0000000000000000     
       n_pass,     n_total
      110000      110600
 ITERATION            6 :
   1.4888086945608239E-002 +\-   2.3794432485338406E-006
 precision:   1.5982196082188656E-004
 max=  0.41109129626593421     
 min=   0.0000000000000000     
       n_pass,     n_total
      120000      120885
 max=  0.41109129626593421     
 min=   0.0000000000000000     
       n_pass,     n_total
      130000      130885
 ITERATION            7 :
   1.4892522954802546E-002 +\-   2.2769005944160922E-006
 precision:   1.5288884236245789E-004
 max=  0.41109129626593421     
 min=   0.0000000000000000     
       n_pass,     n_total
      140000      141252
 max=  0.41109129626593421     
 min=   0.0000000000000000     
       n_pass,     n_total
      150000      151252
 ITERATION            8 :
   1.4885868372582949E-002 +\-   2.2630397543590308E-006
 precision:   1.5202604898261339E-004
 max=  0.41109129626593421     
 min=   0.0000000000000000     
       n_pass,     n_total
      160000      161468
 max=  0.41109129626593421     
 min=   0.0000000000000000     
       n_pass,     n_total
      170000      171468
 ITERATION            9 :
   1.4887688637355106E-002 +\-   2.3980058078906523E-006
 precision:   1.6107307630505857E-004
 max=  0.41109129626593421     
 min=   0.0000000000000000     
       n_pass,     n_total
      180000      181857
 max=  0.41109129626593421     
 min=   0.0000000000000000     
       n_pass,     n_total
      190000      191857
 ITERATION           10 :
   1.4890320775233994E-002 +\-   2.3719720502711983E-006
 precision:   1.5929623586191172E-004
 ====================NCALL=40K ===========================
  
 max=  0.41109129626593421     
 min=   0.0000000000000000     
       n_pass,     n_total
      200000      202208
 max=  0.41109129626593421     
 min=   0.0000000000000000     
       n_pass,     n_total
      210000      212208
 max=  0.41109129626593421     
 min=   0.0000000000000000     
       n_pass,     n_total
      220000      222208
 max=  0.41109129626593421     
 min=   0.0000000000000000     
       n_pass,     n_total
      230000      232208
   1.4889600327296170E-002 +\-   1.0977593383329600E-006
 precision:   7.3726581923122989E-005
 ====================NCALL=80K ===========================
  
 max=  0.41247353537174491     
 min=   0.0000000000000000     
       n_pass,     n_total
      240000      243141
 max=  0.41247353537174491     
 min=   0.0000000000000000     
       n_pass,     n_total
      250000      253141
 max=  0.41247353537174491     
 min=   0.0000000000000000     
       n_pass,     n_total
      260000      263141
 max=  0.41247353537174491     
 min=   0.0000000000000000     
       n_pass,     n_total
      270000      273141
 max=  0.41247353537174491     
 min=   0.0000000000000000     
       n_pass,     n_total
      280000      283141
 max=  0.41247353537174491     
 min=   0.0000000000000000     
       n_pass,     n_total
      290000      293141
 max=  0.41247353537174491     
 min=   0.0000000000000000     
       n_pass,     n_total
      300000      303141
 max=  0.41247353537174491     
 min=   0.0000000000000000     
       n_pass,     n_total
      310000      313141
   1.4888850931996930E-002 +\-   5.8964774934744267E-007
 precision:   3.9603308008159207E-005
 sigma (pb)                   sd (pb)
   1.4888850931996930E-002   5.8964774934744267E-007
