 =======================================================
 |                                                     |
 |         \/\/\/\/\/\___________/\/\/\/\/\/           |
 |                   |     \     |                     |
 |                   |     /     |                     |
 |                   |     \     |                     |
 |         /\/\/\/\/\|_____/_____|/\/\/\/\/\           |
 |                                                     |
 | Light-by-light scattering at next-to-leading order  |
 |                   (VERSION 0.5)                     |
 |                                                     |
 |    Authors:                                         |
 |            Ajjath A.H. (LPTHE Paris)                |
 |            Ekta Chaubey (Bonn)                      |
 |            Mathijs Fraaije (Bern)                   |
 |            Valentin Hirschi (Bern)                  |
 |            Hua-Sheng Shao (LPTHE Paris)             |
 |                                                     |
 |    Please cite                                      |
 |            PLB 851 (2024) 138555 [arXiv:2312.16956] |
 |            JHEP 03 (2024) 121    [arXiv:2312.16966] |
 |                                                     |
 =======================================================
 ---------------------------------------------------
         the cuts in the lab frame                  
 min transverse momentum of photon    0.0000000000000000     
 max (pseudo-)rapidity of photon    5.0000000000000000     
 min (pseudo-)rapidity of photon   -5.0000000000000000     
 min invariant mass of di-photon    0.0000000000000000     
 ---------------------------------------------------
 max=   9.8705308288347707E-007
 min=   0.0000000000000000     
       n_pass,     n_total
       10000       10000
  
 ====================NCALL=20K===========================
  
 ITERATION            1 :
   3.5435390687268627E-007 +\-   4.6760969771746387E-010
 precision:   1.3196120845521497E-003
 max=   1.1672791049524121E-006
 min=   0.0000000000000000     
       n_pass,     n_total
       20000       20001
 max=   1.1672791049524121E-006
 min=   0.0000000000000000     
       n_pass,     n_total
       30000       30001
 ITERATION            2 :
   3.5386100738584735E-007 +\-   4.5157801149823030E-010
 precision:   1.2761451588980332E-003
 max=   1.1687307011259430E-006
 min=   0.0000000000000000     
       n_pass,     n_total
       40000       40001
 max=   1.1687307011259430E-006
 min=   0.0000000000000000     
       n_pass,     n_total
       50000       50001
 ITERATION            3 :
   3.5411335377597257E-007 +\-   4.2481983404389872E-010
 precision:   1.1996718833502623E-003
 max=   1.1688489563633090E-006
 min=   0.0000000000000000     
       n_pass,     n_total
       60000       60001
 max=   1.1688489563633090E-006
 min=   0.0000000000000000     
       n_pass,     n_total
       70000       70001
 ITERATION            4 :
   3.5387549088079297E-007 +\-   3.7576767172702289E-010
 precision:   1.0618640776498549E-003
 max=   1.1692187432774419E-006
 min=   0.0000000000000000     
       n_pass,     n_total
       80000       80002
 max=   1.1692187432774419E-006
 min=   0.0000000000000000     
       n_pass,     n_total
       90000       90002
 ITERATION            5 :
   3.5370577570242715E-007 +\-   3.8061704465133763E-010
 precision:   1.0760837701772530E-003
 max=   1.1692839134950941E-006
 min=   0.0000000000000000     
       n_pass,     n_total
      100000      100002
 max=   1.1692839134950941E-006
 min=   0.0000000000000000     
       n_pass,     n_total
      110000      110002
 ITERATION            6 :
   3.5304502497118903E-007 +\-   4.3949477533261524E-010
 precision:   1.2448689097615273E-003
 max=   1.1692839134950941E-006
 min=   0.0000000000000000     
       n_pass,     n_total
      120000      120005
 max=   1.1692839134950941E-006
 min=   0.0000000000000000     
       n_pass,     n_total
      130000      130005
 ITERATION            7 :
   3.5336160176697538E-007 +\-   4.3374519729048677E-010
 precision:   1.2274825423066777E-003
 max=   1.1692839134950941E-006
 min=   0.0000000000000000     
       n_pass,     n_total
      140000      140007
 max=   1.1692839134950941E-006
 min=   0.0000000000000000     
       n_pass,     n_total
      150000      150007
 ITERATION            8 :
   3.5316462893402770E-007 +\-   3.9961319903651906E-010
 precision:   1.1315210139891108E-003
 max=   1.1692839134950941E-006
 min=   0.0000000000000000     
       n_pass,     n_total
      160000      160011
 max=   1.1692839134950941E-006
 min=   0.0000000000000000     
       n_pass,     n_total
      170000      170011
 ITERATION            9 :
   3.5334276532407892E-007 +\-   4.4331900339681813E-010
 precision:   1.2546429328762817E-003
 max=   1.1692839134950941E-006
 min=   0.0000000000000000     
       n_pass,     n_total
      180000      180011
 max=   1.1692839134950941E-006
 min=   0.0000000000000000     
       n_pass,     n_total
      190000      190011
 ITERATION           10 :
   3.5356301141770526E-007 +\-   3.6212373535328732E-010
 precision:   1.0242127249150174E-003
 ====================NCALL=40K ===========================
  
 max=   1.1693288254334321E-006
 min=   0.0000000000000000     
       n_pass,     n_total
      200000      200012
 max=   1.1693288254334321E-006
 min=   0.0000000000000000     
       n_pass,     n_total
      210000      210012
 max=   1.1693288254334321E-006
 min=   0.0000000000000000     
       n_pass,     n_total
      220000      220012
 max=   1.1693288254334321E-006
 min=   0.0000000000000000     
       n_pass,     n_total
      230000      230012
   3.5303007219145854E-007 +\-   2.2189959258793100E-010
 precision:   6.2855719687128627E-004
 ====================NCALL=80K ===========================
  
 max=   1.1693288254334321E-006
 min=   0.0000000000000000     
       n_pass,     n_total
      240000      240015
 max=   1.1693288254334321E-006
 min=   0.0000000000000000     
       n_pass,     n_total
      250000      250015
 max=   1.1693288254334321E-006
 min=   0.0000000000000000     
       n_pass,     n_total
      260000      260015
 max=   1.1693288254334321E-006
 min=   0.0000000000000000     
       n_pass,     n_total
      270000      270015
 max=   1.1693288254334321E-006
 min=   0.0000000000000000     
       n_pass,     n_total
      280000      280015
 max=   1.1693288254334321E-006
 min=   0.0000000000000000     
       n_pass,     n_total
      290000      290015
 max=   1.1693288254334321E-006
 min=   0.0000000000000000     
       n_pass,     n_total
      300000      300015
 max=   1.1693375905109078E-006
 min=   0.0000000000000000     
       n_pass,     n_total
      310000      310015
   3.5382120313689624E-007 +\-   1.3282522310471609E-010
 precision:   3.7540210119438474E-004
 sigma (pb)                   sd (pb)
   3.5382120313689624E-007   1.3282522310471609E-010
