 =======================================================
 |                                                     |
 |         \/\/\/\/\/\___________/\/\/\/\/\/           |
 |                   |     \     |                     |
 |                   |     /     |                     |
 |                   |     \     |                     |
 |         /\/\/\/\/\|_____/_____|/\/\/\/\/\           |
 |                                                     |
 | Light-by-light scattering at next-to-leading order  |
 |                   (VERSION 0.5)                     |
 |                                                     |
 |    Authors:                                         |
 |            Ajjath A.H. (LPTHE Paris)                |
 |            Ekta Chaubey (Bonn)                      |
 |            Mathijs Fraaije (Bern)                   |
 |            Valentin Hirschi (Bern)                  |
 |            Hua-Sheng Shao (LPTHE Paris)             |
 |                                                     |
 |    Please cite                                      |
 |            PLB 851 (2024) 138555 [arXiv:2312.16956] |
 |            JHEP 03 (2024) 121    [arXiv:2312.16966] |
 |                                                     |
 =======================================================
 ---------------------------------------------------
         the cuts in the lab frame                  
 min transverse momentum of photon    0.0000000000000000     
 max (pseudo-)rapidity of photon    5.0000000000000000     
 min (pseudo-)rapidity of photon   -5.0000000000000000     
 min invariant mass of di-photon    0.0000000000000000     
 ---------------------------------------------------
 WARNING: outside the range of the grid (xs,xt)=  0.22952595804352427      -0.22952595574837964     
 WARNING: set the 2-loop amplitudes to zero
 WARNING: outside the range of the grid (xs,xt)=  0.22970213521353380      -0.22970213291662758     
 WARNING: set the 2-loop amplitudes to zero
 WARNING: outside the range of the grid (xs,xt)=  0.22980552644948388      -0.22980552415154387     
 WARNING: set the 2-loop amplitudes to zero
 WARNING: outside the range of the grid (xs,xt)=  0.22959947568727004      -0.22959947339139034     
 WARNING: set the 2-loop amplitudes to zero
 WARNING: outside the range of the grid (xs,xt)=  0.22953584034493937      -0.22953583804969593     
 WARNING: set the 2-loop amplitudes to zero
 INFO: will suppress the further warning
 max=   41.072130195638088     
 min=   0.0000000000000000     
       n_pass,     n_total
       10000       10000
  
 ====================NCALL=20K===========================
  
 ITERATION            1 :
   29.201550241963904      +\-   8.8692555756427502E-004
 precision:   3.0372550437056052E-005
 max=   41.081115887896587     
 min=   0.0000000000000000     
       n_pass,     n_total
       20000       20002
 max=   41.081115887896587     
 min=   0.0000000000000000     
       n_pass,     n_total
       30000       30002
 ITERATION            2 :
   29.199887810671438      +\-   1.6417829894198827E-003
 precision:   5.6225660867774775E-005
 max=   41.144416641477662     
 min=   0.0000000000000000     
       n_pass,     n_total
       40000       40012
 max=   41.144416641477662     
 min=   0.0000000000000000     
       n_pass,     n_total
       50000       50012
 ITERATION            3 :
   29.200608682163566      +\-   1.2925480302976940E-003
 precision:   4.4264420799118940E-005
 max=   41.169073825592470     
 min=   0.0000000000000000     
       n_pass,     n_total
       60000       60039
 max=   41.169073825592470     
 min=   0.0000000000000000     
       n_pass,     n_total
       70000       70039
 ITERATION            4 :
   29.199227251408409      +\-   9.1328001985661867E-004
 precision:   3.1277540737403149E-005
 max=   41.175767460971947     
 min=   0.0000000000000000     
       n_pass,     n_total
       80000       80073
 max=   41.175767460971947     
 min=   0.0000000000000000     
       n_pass,     n_total
       90000       90073
 ITERATION            5 :
   29.198910717149932      +\-   1.4246024633983348E-003
 precision:   4.8789575652272428E-005
 max=   41.175767460971947     
 min=   0.0000000000000000     
       n_pass,     n_total
      100000      100113
 max=   41.175767460971947     
 min=   0.0000000000000000     
       n_pass,     n_total
      110000      110113
 ITERATION            6 :
   29.196777573037910      +\-   1.4250100014791211E-003
 precision:   4.8807098588683375E-005
 max=   41.175767460971947     
 min=   0.0000000000000000     
       n_pass,     n_total
      120000      120142
 max=   41.175767460971947     
 min=   0.0000000000000000     
       n_pass,     n_total
      130000      130142
 ITERATION            7 :
   29.198356261742120      +\-   1.0872297957387356E-003
 precision:   3.7235993217991716E-005
 max=   41.175767460971947     
 min=   0.0000000000000000     
       n_pass,     n_total
      140000      140184
 max=   41.175767460971947     
 min=   0.0000000000000000     
       n_pass,     n_total
      150000      150184
 ITERATION            8 :
   29.196692720640712      +\-   9.5282704573861358E-004
 precision:   3.2634759520725060E-005
 max=   41.175767460971947     
 min=   0.0000000000000000     
       n_pass,     n_total
      160000      160248
 max=   41.175767460971947     
 min=   0.0000000000000000     
       n_pass,     n_total
      170000      170248
 ITERATION            9 :
   29.198238024042631      +\-   8.7082220392819241E-004
 precision:   2.9824477874696873E-005
 max=   41.176468853855496     
 min=   0.0000000000000000     
       n_pass,     n_total
      180000      180321
 max=   41.176468853855496     
 min=   0.0000000000000000     
       n_pass,     n_total
      190000      190321
 ITERATION           10 :
   29.198762250714026      +\-   8.7022192331566743E-004
 precision:   2.9803383987428682E-005
 ====================NCALL=40K ===========================
  
 max=   41.176623549888397     
 min=   0.0000000000000000     
       n_pass,     n_total
      200000      200478
 max=   41.176623549888397     
 min=   0.0000000000000000     
       n_pass,     n_total
      210000      210478
 max=   41.176623549888397     
 min=   0.0000000000000000     
       n_pass,     n_total
      220000      220478
 max=   41.176623549888397     
 min=   0.0000000000000000     
       n_pass,     n_total
      230000      230478
   29.198199665776947      +\-   4.3601018873956214E-004
 precision:   1.4932776463290212E-005
 ====================NCALL=80K ===========================
  
 max=   41.176971948672957     
 min=   0.0000000000000000     
       n_pass,     n_total
      240000      240824
 max=   41.176971948672957     
 min=   0.0000000000000000     
       n_pass,     n_total
      250000      250824
 max=   41.176971948672957     
 min=   0.0000000000000000     
       n_pass,     n_total
      260000      260824
 max=   41.176971948672957     
 min=   0.0000000000000000     
       n_pass,     n_total
      270000      270824
 max=   41.176971948672957     
 min=   0.0000000000000000     
       n_pass,     n_total
      280000      280824
 max=   41.176971948672957     
 min=   0.0000000000000000     
       n_pass,     n_total
      290000      290824
 max=   41.176971948672957     
 min=   0.0000000000000000     
       n_pass,     n_total
      300000      300824
 max=   41.176971948672957     
 min=   0.0000000000000000     
       n_pass,     n_total
      310000      310824
   29.197669591895810      +\-   2.1312503247139923E-004
 precision:   7.2993850348438367E-006
 sigma (pb)                   sd (pb)
   29.197669591895810        2.1312503247139923E-004
