 =======================================================
 |                                                     |
 |         \/\/\/\/\/\___________/\/\/\/\/\/           |
 |                   |     \     |                     |
 |                   |     /     |                     |
 |                   |     \     |                     |
 |         /\/\/\/\/\|_____/_____|/\/\/\/\/\           |
 |                                                     |
 | Light-by-light scattering at next-to-leading order  |
 |                   (VERSION 0.5)                     |
 |                                                     |
 |    Authors:                                         |
 |            Ajjath A.H. (LPTHE Paris)                |
 |            Ekta Chaubey (Bonn)                      |
 |            Mathijs Fraaije (Bern)                   |
 |            Valentin Hirschi (Bern)                  |
 |            Hua-Sheng Shao (LPTHE Paris)             |
 |                                                     |
 |    Please cite                                      |
 |            PLB 851 (2024) 138555 [arXiv:2312.16956] |
 |            JHEP 03 (2024) 121    [arXiv:2312.16966] |
 |                                                     |
 =======================================================
 ---------------------------------------------------
         the cuts in the lab frame                  
 min transverse momentum of photon    0.0000000000000000     
 max (pseudo-)rapidity of photon    5.0000000000000000     
 min (pseudo-)rapidity of photon   -5.0000000000000000     
 min invariant mass of di-photon    0.0000000000000000     
 ---------------------------------------------------
 max=   52720.233535415944     
 min=   0.0000000000000000     
       n_pass,     n_total
       10000       10000
  
 ====================NCALL=20K===========================
  
 ITERATION            1 :
   733.05172644978518      +\-   6.3654358772750461     
 precision:   8.6834743683140148E-003
 WARNING: outside the range of the grid (xs,xt)=  0.28359599019826243      -0.28358253125357502     
 WARNING: set the 2-loop amplitudes to zero
 WARNING: outside the range of the grid (xs,xt)=  0.27531626297577855      -0.27530319697173405     
 WARNING: set the 2-loop amplitudes to zero
 WARNING: outside the range of the grid (xs,xt)=  0.13255543523531865      -0.13254914439788615     
 WARNING: set the 2-loop amplitudes to zero
 WARNING: outside the range of the grid (xs,xt)=   1.4145137777777780E-002  -1.4144466475525539E-002
 WARNING: set the 2-loop amplitudes to zero
 WARNING: outside the range of the grid (xs,xt)=   121884.33714638044       -121878.55273965889     
 WARNING: set the 2-loop amplitudes to zero
 INFO: will suppress the further warning
 max=   58651.180621209489     
 min=   0.0000000000000000     
       n_pass,     n_total
       20000       20009
 max=   58651.180621209489     
 min=   0.0000000000000000     
       n_pass,     n_total
       30000       30009
 ITERATION            2 :
   725.66636051454509      +\-   1.6405740430743401     
 precision:   2.2607828229919123E-003
 max=   59948.080442619415     
 min=   0.0000000000000000     
       n_pass,     n_total
       40000       40044
 max=   59948.080442619415     
 min=   0.0000000000000000     
       n_pass,     n_total
       50000       50044
 ITERATION            3 :
   725.61403452614911      +\-  0.54857645208629124     
 precision:   7.5601687120692266E-004
 max=   60112.505568574590     
 min=   0.0000000000000000     
       n_pass,     n_total
       60000       60180
 max=   60112.505568574590     
 min=   0.0000000000000000     
       n_pass,     n_total
       70000       70180
 ITERATION            4 :
   725.87690474288297      +\-  0.33772845676878621     
 precision:   4.6526959951758616E-004
 max=   60112.505568574590     
 min=   0.0000000000000000     
       n_pass,     n_total
       80000       80511
 max=   60112.505568574590     
 min=   0.0000000000000000     
       n_pass,     n_total
       90000       90511
 ITERATION            5 :
   725.59373604632015      +\-  0.23028392731428574     
 precision:   3.1737309168223713E-004
 max=   60176.798079011998     
 min=   0.0000000000000000     
       n_pass,     n_total
      100000      101014
 max=   60176.798079011998     
 min=   0.0000000000000000     
       n_pass,     n_total
      110000      111014
 ITERATION            6 :
   725.63214446389884      +\-  0.20248064526299417     
 precision:   2.7904034683109031E-004
 max=   60176.798079011998     
 min=   0.0000000000000000     
       n_pass,     n_total
      120000      121597
 max=   60176.798079011998     
 min=   0.0000000000000000     
       n_pass,     n_total
      130000      131597
 ITERATION            7 :
   725.94667778203382      +\-  0.19491481731266375     
 precision:   2.6849743001535864E-004
 max=   60217.114668487367     
 min=   0.0000000000000000     
       n_pass,     n_total
      140000      142312
 max=   60217.114668487367     
 min=   0.0000000000000000     
       n_pass,     n_total
      150000      152312
 ITERATION            8 :
   725.31037718104437      +\-  0.19011083127035786     
 precision:   2.6210962541199710E-004
 max=   60217.114668487367     
 min=   0.0000000000000000     
       n_pass,     n_total
      160000      162954
 max=   60217.114668487367     
 min=   0.0000000000000000     
       n_pass,     n_total
      170000      172954
 ITERATION            9 :
   725.66270399101904      +\-  0.18149070588214677     
 precision:   2.5010339498499697E-004
 max=   60217.114668487367     
 min=   0.0000000000000000     
       n_pass,     n_total
      180000      183750
 max=   60217.114668487367     
 min=   0.0000000000000000     
       n_pass,     n_total
      190000      193750
 ITERATION           10 :
   725.97858212011624      +\-  0.18255733401785412     
 precision:   2.5146380143160923E-004
 ====================NCALL=40K ===========================
  
 max=   60217.114668487367     
 min=   0.0000000000000000     
       n_pass,     n_total
      200000      204324
 max=   60217.114668487367     
 min=   0.0000000000000000     
       n_pass,     n_total
      210000      214324
 max=   60217.114668487367     
 min=   0.0000000000000000     
       n_pass,     n_total
      220000      224324
 max=   60217.114668487367     
 min=   0.0000000000000000     
       n_pass,     n_total
      230000      234324
   725.74569384974075      +\-  0.10239393684323607     
 precision:   1.4108790132819697E-004
 ====================NCALL=80K ===========================
  
 max=   60217.114668487367     
 min=   0.0000000000000000     
       n_pass,     n_total
      240000      247016
 max=   60217.114668487367     
 min=   0.0000000000000000     
       n_pass,     n_total
      250000      257016
 max=   60217.114668487367     
 min=   0.0000000000000000     
       n_pass,     n_total
      260000      267016
 max=   60217.114668487367     
 min=   0.0000000000000000     
       n_pass,     n_total
      270000      277016
 max=   60217.114668487367     
 min=   0.0000000000000000     
       n_pass,     n_total
      280000      287016
 max=   60217.114668487367     
 min=   0.0000000000000000     
       n_pass,     n_total
      290000      297016
 max=   60217.114668487367     
 min=   0.0000000000000000     
       n_pass,     n_total
      300000      307016
   725.68255823797222      +\-   4.5906404144091160E-002
 precision:   6.3259621749152094E-005
 sigma (pb)                   sd (pb)
   725.68255823797222        4.5906404144091160E-002
