 =======================================================
 |                                                     |
 |         \/\/\/\/\/\___________/\/\/\/\/\/           |
 |                   |     \     |                     |
 |                   |     /     |                     |
 |                   |     \     |                     |
 |         /\/\/\/\/\|_____/_____|/\/\/\/\/\           |
 |                                                     |
 | Light-by-light scattering at next-to-leading order  |
 |                   (VERSION 0.5)                     |
 |                                                     |
 |    Authors:                                         |
 |            Ajjath A.H. (LPTHE Paris)                |
 |            Ekta Chaubey (Bonn)                      |
 |            Mathijs Fraaije (Bern)                   |
 |            Valentin Hirschi (Bern)                  |
 |            Hua-Sheng Shao (LPTHE Paris)             |
 |                                                     |
 |    Please cite                                      |
 |            PLB 851 (2024) 138555 [arXiv:2312.16956] |
 |            JHEP 03 (2024) 121    [arXiv:2312.16966] |
 |                                                     |
 =======================================================
 ---------------------------------------------------
         the cuts in the lab frame                  
 min transverse momentum of photon    0.0000000000000000     
 max (pseudo-)rapidity of photon    5.0000000000000000     
 min (pseudo-)rapidity of photon   -5.0000000000000000     
 min invariant mass of di-photon    0.0000000000000000     
 ---------------------------------------------------
 WARNING: outside the range of the grid (xs,xt)=   1.1587157282885809E-002  -1.1587157167014533E-002
 WARNING: set the 2-loop amplitudes to zero
 WARNING: outside the range of the grid (xs,xt)=   1.1555873957621084E-002  -1.1555873842062640E-002
 WARNING: set the 2-loop amplitudes to zero
 WARNING: outside the range of the grid (xs,xt)=   1.1609214558601439E-002  -1.1609214442509591E-002
 WARNING: set the 2-loop amplitudes to zero
 WARNING: outside the range of the grid (xs,xt)=   1.1595205499389163E-002  -1.1595205383437402E-002
 WARNING: set the 2-loop amplitudes to zero
 WARNING: outside the range of the grid (xs,xt)=   1.1618125439899584E-002  -1.1618125323718627E-002
 WARNING: set the 2-loop amplitudes to zero
 INFO: will suppress the further warning
 max=   5.1895059654884536E-003
 min=   0.0000000000000000     
       n_pass,     n_total
       10000       10000
  
 ====================NCALL=20K===========================
  
 ITERATION            1 :
   3.6874247011903171E-003 +\-   5.7111061379410915E-007
 precision:   1.5488061725294408E-004
 max=   5.3032408184121912E-003
 min=   0.0000000000000000     
       n_pass,     n_total
       20000       20002
 max=   5.3032408184121912E-003
 min=   0.0000000000000000     
       n_pass,     n_total
       30000       30002
 ITERATION            2 :
   3.6870176439733060E-003 +\-   3.0207894598094436E-007
 precision:   8.1930431354109194E-005
 max=   5.3150594248656501E-003
 min=   0.0000000000000000     
       n_pass,     n_total
       40000       40012
 max=   5.3150594248656501E-003
 min=   0.0000000000000000     
       n_pass,     n_total
       50000       50012
 ITERATION            3 :
   3.6866501350745688E-003 +\-   2.5147904517827831E-007
 precision:   6.8213428441641830E-005
 max=   5.3150594248656501E-003
 min=   0.0000000000000000     
       n_pass,     n_total
       60000       60032
 max=   5.3150594248656501E-003
 min=   0.0000000000000000     
       n_pass,     n_total
       70000       70032
 ITERATION            4 :
   3.6870831174317443E-003 +\-   2.1940514143143838E-007
 precision:   5.9506426745341751E-005
 max=   5.3152269734949359E-003
 min=   0.0000000000000000     
       n_pass,     n_total
       80000       80051
 max=   5.3152269734949359E-003
 min=   0.0000000000000000     
       n_pass,     n_total
       90000       90051
 ITERATION            5 :
   3.6869786035698105E-003 +\-   1.8070228022935154E-007
 precision:   4.9010938130856466E-005
 max=   5.3154002308858630E-003
 min=   0.0000000000000000     
       n_pass,     n_total
      100000      100075
 max=   5.3154002308858630E-003
 min=   0.0000000000000000     
       n_pass,     n_total
      110000      110075
 ITERATION            6 :
   3.6869863726950707E-003 +\-   1.8595026697598115E-007
 precision:   5.0434215963770262E-005
 max=   5.3154002308858630E-003
 min=   0.0000000000000000     
       n_pass,     n_total
      120000      120099
 max=   5.3154002308858630E-003
 min=   0.0000000000000000     
       n_pass,     n_total
      130000      130099
 ITERATION            7 :
   3.6871724355542011E-003 +\-   1.7630851143975668E-007
 precision:   4.7816725287830646E-005
 max=   5.3154002308858630E-003
 min=   0.0000000000000000     
       n_pass,     n_total
      140000      140130
 max=   5.3154002308858630E-003
 min=   0.0000000000000000     
       n_pass,     n_total
      150000      150130
 ITERATION            8 :
   3.6870117152321196E-003 +\-   1.9999781895832462E-007
 precision:   5.4243879435499313E-005
 max=   5.3154002308858630E-003
 min=   0.0000000000000000     
       n_pass,     n_total
      160000      160170
 max=   5.3154002308858630E-003
 min=   0.0000000000000000     
       n_pass,     n_total
      170000      170170
 ITERATION            9 :
   3.6870516622134267E-003 +\-   1.8019494418345033E-007
 precision:   4.8872367596627307E-005
 max=   5.3154002308858630E-003
 min=   0.0000000000000000     
       n_pass,     n_total
      180000      180198
 max=   5.3154002308858630E-003
 min=   0.0000000000000000     
       n_pass,     n_total
      190000      190198
 ITERATION           10 :
   3.6871794908694315E-003 +\-   1.6622281119490513E-007
 precision:   4.5081290890916197E-005
 ====================NCALL=40K ===========================
  
 max=   5.3154002308858630E-003
 min=   0.0000000000000000     
       n_pass,     n_total
      200000      200263
 max=   5.3154002308858630E-003
 min=   0.0000000000000000     
       n_pass,     n_total
      210000      210263
 max=   5.3154002308858630E-003
 min=   0.0000000000000000     
       n_pass,     n_total
      220000      220263
 max=   5.3154002308858630E-003
 min=   0.0000000000000000     
       n_pass,     n_total
      230000      230263
   3.6871183621118584E-003 +\-   9.9462868202723432E-008
 precision:   2.6975773065705006E-005
 ====================NCALL=80K ===========================
  
 max=   5.3154002308858630E-003
 min=   0.0000000000000000     
       n_pass,     n_total
      240000      240412
 max=   5.3154002308858630E-003
 min=   0.0000000000000000     
       n_pass,     n_total
      250000      250412
 max=   5.3154002308858630E-003
 min=   0.0000000000000000     
       n_pass,     n_total
      260000      260412
 max=   5.3154002308858630E-003
 min=   0.0000000000000000     
       n_pass,     n_total
      270000      270412
 max=   5.3154002308858630E-003
 min=   0.0000000000000000     
       n_pass,     n_total
      280000      280412
 max=   5.3154002308858630E-003
 min=   0.0000000000000000     
       n_pass,     n_total
      290000      290412
 max=   5.3154002308858630E-003
 min=   0.0000000000000000     
       n_pass,     n_total
      300000      300412
 max=   5.3154002308858630E-003
 min=   0.0000000000000000     
       n_pass,     n_total
      310000      310412
   3.6869818196194775E-003 +\-   4.9380426433919421E-008
 precision:   1.3393184140792924E-005
 sigma (pb)                   sd (pb)
   3.6869818196194775E-003   4.9380426433919421E-008
