 =======================================================
 |                                                     |
 |         \/\/\/\/\/\___________/\/\/\/\/\/           |
 |                   |     \     |                     |
 |                   |     /     |                     |
 |                   |     \     |                     |
 |         /\/\/\/\/\|_____/_____|/\/\/\/\/\           |
 |                                                     |
 | Light-by-light scattering at next-to-leading order  |
 |                   (VERSION 0.5)                     |
 |                                                     |
 |    Authors:                                         |
 |            Ajjath A.H. (LPTHE Paris)                |
 |            Ekta Chaubey (Bonn)                      |
 |            Mathijs Fraaije (Bern)                   |
 |            Valentin Hirschi (Bern)                  |
 |            Hua-Sheng Shao (LPTHE Paris)             |
 |                                                     |
 |    Please cite                                      |
 |            PLB 851 (2024) 138555 [arXiv:2312.16956] |
 |            JHEP 03 (2024) 121    [arXiv:2312.16966] |
 |                                                     |
 =======================================================
 ---------------------------------------------------
         the cuts in the lab frame                  
 min transverse momentum of photon    0.0000000000000000     
 max (pseudo-)rapidity of photon    5.0000000000000000     
 min (pseudo-)rapidity of photon   -5.0000000000000000     
 min invariant mass of di-photon    0.0000000000000000     
 ---------------------------------------------------
 max=   1298.6078128083859     
 min=   0.0000000000000000     
       n_pass,     n_total
       10000       10000
  
 ====================NCALL=20K===========================
  
 ITERATION            1 :
   55.590289011697962      +\-  0.15022859201401778     
 precision:   2.7024250941096008E-003
 WARNING: outside the range of the grid (xs,xt)=   18.068843840498992       -18.067944978049809     
 WARNING: set the 2-loop amplitudes to zero
 WARNING: outside the range of the grid (xs,xt)=   17.541314878892727       -17.540442259183735     
 WARNING: set the 2-loop amplitudes to zero
 WARNING: outside the range of the grid (xs,xt)=   8.4455476884631402       -8.4451275516936288     
 WARNING: set the 2-loop amplitudes to zero
 WARNING: outside the range of the grid (xs,xt)=  0.90123377777777769      -0.90118894451628451     
 WARNING: set the 2-loop amplitudes to zero
 WARNING: outside the range of the grid (xs,xt)=   8.9873728531855948E-002  -8.9869257624892632E-002
 WARNING: set the 2-loop amplitudes to zero
 INFO: will suppress the further warning
 max=   1463.6590355364435     
 min=   0.0000000000000000     
       n_pass,     n_total
       20000       20007
 max=   1463.6590355364435     
 min=   0.0000000000000000     
       n_pass,     n_total
       30000       30007
 ITERATION            2 :
   55.388367292065055      +\-   3.9038374381326769E-002
 precision:   7.0481179153514088E-004
 max=   1463.6590355364435     
 min=   0.0000000000000000     
       n_pass,     n_total
       40000       40035
 max=   1463.6590355364435     
 min=   0.0000000000000000     
       n_pass,     n_total
       50000       50035
 ITERATION            3 :
   55.355263806271154      +\-   1.7733307863832242E-002
 precision:   3.2035450008682369E-004
 max=   1463.6590355364435     
 min=   0.0000000000000000     
       n_pass,     n_total
       60000       60115
 max=   1463.6590355364435     
 min=   0.0000000000000000     
       n_pass,     n_total
       70000       70115
 ITERATION            4 :
   55.366172448849149      +\-   1.4032954759277242E-002
 precision:   2.5345719486464038E-004
 max=   1465.1122956132347     
 min=   0.0000000000000000     
       n_pass,     n_total
       80000       80293
 max=   1465.1122956132347     
 min=   0.0000000000000000     
       n_pass,     n_total
       90000       90293
 ITERATION            5 :
   55.352241286135040      +\-   1.1527542944974494E-002
 precision:   2.0825792555326900E-004
 max=   1465.1122956132347     
 min=   0.0000000000000000     
       n_pass,     n_total
      100000      100577
 max=   1465.1122956132347     
 min=   0.0000000000000000     
       n_pass,     n_total
      110000      110577
 ITERATION            6 :
   55.364802081534108      +\-   1.0011489264554922E-002
 precision:   1.8082768994299477E-004
 max=   1465.1122956132347     
 min=   0.0000000000000000     
       n_pass,     n_total
      120000      120862
 max=   1465.1122956132347     
 min=   0.0000000000000000     
       n_pass,     n_total
      130000      130862
 ITERATION            7 :
   55.384922306844388      +\-   9.4265740670914557E-003
 precision:   1.7020108857183561E-004
 max=   1467.3671292466884     
 min=   0.0000000000000000     
       n_pass,     n_total
      140000      141222
 max=   1467.3671292466884     
 min=   0.0000000000000000     
       n_pass,     n_total
      150000      151222
 ITERATION            8 :
   55.351256029910040      +\-   9.3839016669697486E-003
 precision:   1.6953367168215641E-004
 max=   1467.3671292466884     
 min=   0.0000000000000000     
       n_pass,     n_total
      160000      161460
 max=   1467.3671292466884     
 min=   0.0000000000000000     
       n_pass,     n_total
      170000      171460
 ITERATION            9 :
   55.365164627758915      +\-   9.2962083545412352E-003
 precision:   1.6790717443076678E-004
 max=   1467.3671292466884     
 min=   0.0000000000000000     
       n_pass,     n_total
      180000      181850
 max=   1467.3671292466884     
 min=   0.0000000000000000     
       n_pass,     n_total
      190000      191850
 ITERATION           10 :
   55.370186976129226      +\-   1.0701514984650492E-002
 precision:   1.9327214822778272E-004
 ====================NCALL=40K ===========================
  
 max=   1467.3671292466884     
 min=   0.0000000000000000     
       n_pass,     n_total
      200000      202060
 max=   1467.3671292466884     
 min=   0.0000000000000000     
       n_pass,     n_total
      210000      212060
 max=   1467.3671292466884     
 min=   0.0000000000000000     
       n_pass,     n_total
      220000      222060
 max=   1467.3671292466884     
 min=   0.0000000000000000     
       n_pass,     n_total
      230000      232060
   55.369854828633784      +\-   5.6442092988573320E-003
 precision:   1.0193650166369055E-004
 ====================NCALL=80K ===========================
  
 max=   1467.3671292466884     
 min=   0.0000000000000000     
       n_pass,     n_total
      240000      243254
 max=   1467.3671292466884     
 min=   0.0000000000000000     
       n_pass,     n_total
      250000      253254
 max=   1467.3671292466884     
 min=   0.0000000000000000     
       n_pass,     n_total
      260000      263254
 max=   1467.3671292466884     
 min=   0.0000000000000000     
       n_pass,     n_total
      270000      273254
 max=   1467.3671292466884     
 min=   0.0000000000000000     
       n_pass,     n_total
      280000      283254
 max=   1467.3671292466884     
 min=   0.0000000000000000     
       n_pass,     n_total
      290000      293254
 max=   1467.3671292466884     
 min=   0.0000000000000000     
       n_pass,     n_total
      300000      303254
 max=   1467.3671292466884     
 min=   0.0000000000000000     
       n_pass,     n_total
      310000      313254
   55.370349497119712      +\-   2.5305141077771338E-003
 precision:   4.5701609810296892E-005
 sigma (pb)                   sd (pb)
   55.370349497119712        2.5305141077771338E-003
