 =======================================================
 |                                                     |
 |         \/\/\/\/\/\___________/\/\/\/\/\/           |
 |                   |     \     |                     |
 |                   |     /     |                     |
 |                   |     \     |                     |
 |         /\/\/\/\/\|_____/_____|/\/\/\/\/\           |
 |                                                     |
 | Light-by-light scattering at next-to-leading order  |
 |                   (VERSION 0.5)                     |
 |                                                     |
 |    Authors:                                         |
 |            Ajjath A.H. (LPTHE Paris)                |
 |            Ekta Chaubey (Bonn)                      |
 |            Mathijs Fraaije (Bern)                   |
 |            Valentin Hirschi (Bern)                  |
 |            Hua-Sheng Shao (LPTHE Paris)             |
 |                                                     |
 |    Please cite                                      |
 |            PLB 851 (2024) 138555 [arXiv:2312.16956] |
 |            JHEP 03 (2024) 121    [arXiv:2312.16966] |
 |                                                     |
 =======================================================
 ---------------------------------------------------
         the cuts in the lab frame                  
 min transverse momentum of photon    0.0000000000000000     
 max (pseudo-)rapidity of photon    5.0000000000000000     
 min (pseudo-)rapidity of photon   -5.0000000000000000     
 min invariant mass of di-photon    0.0000000000000000     
 ---------------------------------------------------
 max=   6.4527968463086451E-007
 min=   0.0000000000000000     
       n_pass,     n_total
       10000       10000
  
 ====================NCALL=20K===========================
  
 ITERATION            1 :
   2.8470478303045935E-007 +\-   5.3151878617819719E-010
 precision:   1.8669120361119197E-003
 max=   1.4899401106989241E-006
 min=   0.0000000000000000     
       n_pass,     n_total
       20000       20001
 max=   1.4899401106989241E-006
 min=   0.0000000000000000     
       n_pass,     n_total
       30000       30001
 ITERATION            2 :
   2.8433771481488088E-007 +\-   4.0677982030110144E-010
 precision:   1.4306221057095326E-003
 max=   1.4899401106989241E-006
 min=   0.0000000000000000     
       n_pass,     n_total
       40000       40001
 max=   1.4899401106989241E-006
 min=   0.0000000000000000     
       n_pass,     n_total
       50000       50001
 ITERATION            3 :
   2.8517252847098618E-007 +\-   4.0889067199379919E-010
 precision:   1.4338361208428962E-003
 max=   1.4899401106989241E-006
 min=   0.0000000000000000     
       n_pass,     n_total
       60000       60001
 max=   1.4899401106989241E-006
 min=   0.0000000000000000     
       n_pass,     n_total
       70000       70001
 ITERATION            4 :
   2.8431858231112953E-007 +\-   3.7585694655149917E-010
 precision:   1.3219570226338541E-003
 max=   1.4899401106989241E-006
 min=   0.0000000000000000     
       n_pass,     n_total
       80000       80002
 max=   1.4899401106989241E-006
 min=   0.0000000000000000     
       n_pass,     n_total
       90000       90002
 ITERATION            5 :
   2.8528291275694210E-007 +\-   3.6183653155267453E-010
 precision:   1.2683428111972318E-003
 max=   1.4899762653266387E-006
 min=   0.0000000000000000     
       n_pass,     n_total
      100000      100002
 max=   1.4899762653266387E-006
 min=   0.0000000000000000     
       n_pass,     n_total
      110000      110002
 ITERATION            6 :
   2.8444925023530444E-007 +\-   3.9600493321235479E-010
 precision:   1.3921813219221649E-003
 max=   1.4899762653266387E-006
 min=   0.0000000000000000     
       n_pass,     n_total
      120000      120004
 max=   1.4899762653266387E-006
 min=   0.0000000000000000     
       n_pass,     n_total
      130000      130004
 ITERATION            7 :
   2.8445122394642599E-007 +\-   4.1233772898532118E-010
 precision:   1.4495902786587466E-003
 max=   1.4899762653266387E-006
 min=   0.0000000000000000     
       n_pass,     n_total
      140000      140005
 max=   1.4899762653266387E-006
 min=   0.0000000000000000     
       n_pass,     n_total
      150000      150005
 ITERATION            8 :
   2.8451635980785422E-007 +\-   4.0826427796692109E-010
 precision:   1.4349413096759673E-003
 max=   1.4899762653266387E-006
 min=   0.0000000000000000     
       n_pass,     n_total
      160000      160006
 max=   1.4899762653266387E-006
 min=   0.0000000000000000     
       n_pass,     n_total
      170000      170006
 ITERATION            9 :
   2.8501945285862805E-007 +\-   4.2836278195524216E-010
 precision:   1.5029247220108642E-003
 max=   1.4899762653266387E-006
 min=   0.0000000000000000     
       n_pass,     n_total
      180000      180006
 max=   1.4899762653266387E-006
 min=   0.0000000000000000     
       n_pass,     n_total
      190000      190006
 ITERATION           10 :
   2.8455623304783412E-007 +\-   3.8591828864922598E-010
 precision:   1.3562109833818079E-003
 ====================NCALL=40K ===========================
  
 max=   1.4899762653266387E-006
 min=   0.0000000000000000     
       n_pass,     n_total
      200000      200007
 max=   1.4899762653266387E-006
 min=   0.0000000000000000     
       n_pass,     n_total
      210000      210007
 max=   1.4899762653266387E-006
 min=   0.0000000000000000     
       n_pass,     n_total
      220000      220007
 max=   1.4899762653266387E-006
 min=   0.0000000000000000     
       n_pass,     n_total
      230000      230007
   2.8458864260111809E-007 +\-   2.1565303833650528E-010
 precision:   7.5777106340384236E-004
 ====================NCALL=80K ===========================
  
 max=   1.4899762653266387E-006
 min=   0.0000000000000000     
       n_pass,     n_total
      240000      240010
 max=   1.4899762653266387E-006
 min=   0.0000000000000000     
       n_pass,     n_total
      250000      250010
 max=   1.4899762653266387E-006
 min=   0.0000000000000000     
       n_pass,     n_total
      260000      260010
 max=   1.4899762653266387E-006
 min=   0.0000000000000000     
       n_pass,     n_total
      270000      270010
 max=   1.4899762653266387E-006
 min=   0.0000000000000000     
       n_pass,     n_total
      280000      280010
 max=   1.4899762653266387E-006
 min=   0.0000000000000000     
       n_pass,     n_total
      290000      290010
 max=   1.4899762653266387E-006
 min=   0.0000000000000000     
       n_pass,     n_total
      300000      300010
 max=   1.4900496888633368E-006
 min=   0.0000000000000000     
       n_pass,     n_total
      310000      310010
   2.8475946785329066E-007 +\-   1.2809850142154474E-010
 precision:   4.4984808542886329E-004
 sigma (pb)                   sd (pb)
   2.8475946785329066E-007   1.2809850142154474E-010
