 =======================================================
 |                                                     |
 |         \/\/\/\/\/\___________/\/\/\/\/\/           |
 |                   |     \     |                     |
 |                   |     /     |                     |
 |                   |     \     |                     |
 |         /\/\/\/\/\|_____/_____|/\/\/\/\/\           |
 |                                                     |
 | Light-by-light scattering at next-to-leading order  |
 |                   (VERSION 0.5)                     |
 |                                                     |
 |    Authors:                                         |
 |            Ajjath A.H. (LPTHE Paris)                |
 |            Ekta Chaubey (Bonn)                      |
 |            Mathijs Fraaije (Bern)                   |
 |            Valentin Hirschi (Bern)                  |
 |            Hua-Sheng Shao (LPTHE Paris)             |
 |                                                     |
 |    Please cite                                      |
 |            PLB 851 (2024) 138555 [arXiv:2312.16956] |
 |            JHEP 03 (2024) 121    [arXiv:2312.16966] |
 |                                                     |
 =======================================================
 ---------------------------------------------------
         the cuts in the lab frame                  
 min transverse momentum of photon    0.0000000000000000     
 max (pseudo-)rapidity of photon    5.0000000000000000     
 min (pseudo-)rapidity of photon   -5.0000000000000000     
 min invariant mass of di-photon    0.0000000000000000     
 ---------------------------------------------------
 max=   5.2021362316703287E-007
 min=   0.0000000000000000     
       n_pass,     n_total
       10000       10000
  
 ====================NCALL=20K===========================
  
 ITERATION            1 :
   3.3631819556251140E-007 +\-   6.0616368400426984E-010
 precision:   1.8023517371411513E-003
 max=   2.3265689310162698E-006
 min=   0.0000000000000000     
       n_pass,     n_total
       20000       20001
 max=   2.3265689310162698E-006
 min=   0.0000000000000000     
       n_pass,     n_total
       30000       30001
 ITERATION            2 :
   3.3440913577919141E-007 +\-   5.0064369923776225E-010
 precision:   1.4970993482915330E-003
 max=   2.3280073424750154E-006
 min=   0.0000000000000000     
       n_pass,     n_total
       40000       40002
 max=   2.3280073424750154E-006
 min=   0.0000000000000000     
       n_pass,     n_total
       50000       50002
 ITERATION            3 :
   3.3477083291341780E-007 +\-   4.6520174153530264E-010
 precision:   1.3896125223538168E-003
 max=   2.3280073424750154E-006
 min=   0.0000000000000000     
       n_pass,     n_total
       60000       60002
 max=   2.3280073424750154E-006
 min=   0.0000000000000000     
       n_pass,     n_total
       70000       70002
 ITERATION            4 :
   3.3427761379822577E-007 +\-   4.3520778339777457E-010
 precision:   1.3019351743382718E-003
 max=   2.3280876680117923E-006
 min=   0.0000000000000000     
       n_pass,     n_total
       80000       80003
 max=   2.3280876680117923E-006
 min=   0.0000000000000000     
       n_pass,     n_total
       90000       90003
 ITERATION            5 :
   3.3532035487106319E-007 +\-   4.8636578076325565E-010
 precision:   1.4504511095077188E-003
 max=   2.3282355483692223E-006
 min=   0.0000000000000000     
       n_pass,     n_total
      100000      100003
 max=   2.3282355483692223E-006
 min=   0.0000000000000000     
       n_pass,     n_total
      110000      110003
 ITERATION            6 :
   3.3472279428748679E-007 +\-   4.5363330664935058E-010
 precision:   1.3552507160887702E-003
 max=   2.3282355483692223E-006
 min=   0.0000000000000000     
       n_pass,     n_total
      120000      120006
 max=   2.3282355483692223E-006
 min=   0.0000000000000000     
       n_pass,     n_total
      130000      130006
 ITERATION            7 :
   3.3555178379561447E-007 +\-   5.0960554888740060E-010
 precision:   1.5187091039212080E-003
 max=   2.3282355483692223E-006
 min=   0.0000000000000000     
       n_pass,     n_total
      140000      140008
 max=   2.3282355483692223E-006
 min=   0.0000000000000000     
       n_pass,     n_total
      150000      150008
 ITERATION            8 :
   3.3496352316621401E-007 +\-   4.3443568322075855E-010
 precision:   1.2969641563185521E-003
 max=   2.3282355483692223E-006
 min=   0.0000000000000000     
       n_pass,     n_total
      160000      160012
 max=   2.3282355483692223E-006
 min=   0.0000000000000000     
       n_pass,     n_total
      170000      170012
 ITERATION            9 :
   3.3539476005981153E-007 +\-   4.5088529260930933E-010
 precision:   1.3443420896882890E-003
 max=   2.3282355483692223E-006
 min=   0.0000000000000000     
       n_pass,     n_total
      180000      180012
 max=   2.3282355483692223E-006
 min=   0.0000000000000000     
       n_pass,     n_total
      190000      190012
 ITERATION           10 :
   3.3566472999013978E-007 +\-   4.4029407991982078E-010
 precision:   1.3117079054828147E-003
 ====================NCALL=40K ===========================
  
 max=   2.3282355483692223E-006
 min=   0.0000000000000000     
       n_pass,     n_total
      200000      200014
 max=   2.3282355483692223E-006
 min=   0.0000000000000000     
       n_pass,     n_total
      210000      210014
 max=   2.3282355483692223E-006
 min=   0.0000000000000000     
       n_pass,     n_total
      220000      220014
 max=   2.3282355483692223E-006
 min=   0.0000000000000000     
       n_pass,     n_total
      230000      230014
   3.3491212459336024E-007 +\-   3.1234180897179323E-010
 precision:   9.3260824567348473E-004
 ====================NCALL=80K ===========================
  
 max=   2.3282652738648528E-006
 min=   0.0000000000000000     
       n_pass,     n_total
      240000      240017
 max=   2.3282652738648528E-006
 min=   0.0000000000000000     
       n_pass,     n_total
      250000      250017
 max=   2.3282652738648528E-006
 min=   0.0000000000000000     
       n_pass,     n_total
      260000      260017
 max=   2.3282652738648528E-006
 min=   0.0000000000000000     
       n_pass,     n_total
      270000      270017
 max=   2.3282652738648528E-006
 min=   0.0000000000000000     
       n_pass,     n_total
      280000      280017
 max=   2.3282652738648528E-006
 min=   0.0000000000000000     
       n_pass,     n_total
      290000      290017
 max=   2.3282652738648528E-006
 min=   0.0000000000000000     
       n_pass,     n_total
      300000      300017
 max=   2.3283025013300742E-006
 min=   0.0000000000000000     
       n_pass,     n_total
      310000      310017
   3.3497038127641167E-007 +\-   1.4737426444286907E-010
 precision:   4.3996207629252575E-004
 sigma (pb)                   sd (pb)
   3.3497038127641167E-007   1.4737426444286907E-010
