 =======================================================
 |                                                     |
 |         \/\/\/\/\/\___________/\/\/\/\/\/           |
 |                   |     \     |                     |
 |                   |     /     |                     |
 |                   |     \     |                     |
 |         /\/\/\/\/\|_____/_____|/\/\/\/\/\           |
 |                                                     |
 | Light-by-light scattering at next-to-leading order  |
 |                   (VERSION 0.5)                     |
 |                                                     |
 |    Authors:                                         |
 |            Ajjath A.H. (LPTHE Paris)                |
 |            Ekta Chaubey (Bonn)                      |
 |            Mathijs Fraaije (Bern)                   |
 |            Valentin Hirschi (Bern)                  |
 |            Hua-Sheng Shao (LPTHE Paris)             |
 |                                                     |
 |    Please cite                                      |
 |            PLB 851 (2024) 138555 [arXiv:2312.16956] |
 |            JHEP 03 (2024) 121    [arXiv:2312.16966] |
 |                                                     |
 =======================================================
 ---------------------------------------------------
         the cuts in the lab frame                  
 min transverse momentum of photon    0.0000000000000000     
 max (pseudo-)rapidity of photon    5.0000000000000000     
 min (pseudo-)rapidity of photon   -5.0000000000000000     
 min invariant mass of di-photon    0.0000000000000000     
 ---------------------------------------------------
 max=   9.4723709853564925E-007
 min=   0.0000000000000000     
       n_pass,     n_total
       10000       10000
  
 ====================NCALL=20K===========================
  
 ITERATION            1 :
   3.4566669796575566E-007 +\-   5.1447456918031703E-010
 precision:   1.4883544530265532E-003
 max=   1.1930193854908937E-006
 min=   0.0000000000000000     
       n_pass,     n_total
       20000       20001
 max=   1.1930193854908937E-006
 min=   0.0000000000000000     
       n_pass,     n_total
       30000       30001
 ITERATION            2 :
   3.4503098662698426E-007 +\-   4.3104372844602403E-010
 precision:   1.2492899048282549E-003
 max=   1.1930193854908937E-006
 min=   0.0000000000000000     
       n_pass,     n_total
       40000       40001
 max=   1.1930193854908937E-006
 min=   0.0000000000000000     
       n_pass,     n_total
       50000       50001
 ITERATION            3 :
   3.4554144624475876E-007 +\-   4.0200868920993787E-010
 precision:   1.1634167003085976E-003
 max=   1.1943199747443869E-006
 min=   0.0000000000000000     
       n_pass,     n_total
       60000       60001
 max=   1.1943199747443869E-006
 min=   0.0000000000000000     
       n_pass,     n_total
       70000       70001
 ITERATION            4 :
   3.4521960332790213E-007 +\-   3.9531895640784862E-010
 precision:   1.1451231407399547E-003
 max=   1.1943199747443869E-006
 min=   0.0000000000000000     
       n_pass,     n_total
       80000       80002
 max=   1.1943199747443869E-006
 min=   0.0000000000000000     
       n_pass,     n_total
       90000       90002
 ITERATION            5 :
   3.4591674592180967E-007 +\-   3.9703082866193729E-010
 precision:   1.1477641176460458E-003
 max=   1.1943199747443869E-006
 min=   0.0000000000000000     
       n_pass,     n_total
      100000      100002
 max=   1.1943199747443869E-006
 min=   0.0000000000000000     
       n_pass,     n_total
      110000      110002
 ITERATION            6 :
   3.4534475354385913E-007 +\-   4.1891009678712161E-010
 precision:   1.2130200111290226E-003
 max=   1.1943199747443869E-006
 min=   0.0000000000000000     
       n_pass,     n_total
      120000      120005
 max=   1.1943199747443869E-006
 min=   0.0000000000000000     
       n_pass,     n_total
      130000      130005
 ITERATION            7 :
   3.4515977389365097E-007 +\-   4.3686549393245384E-010
 precision:   1.2656906365544752E-003
 max=   1.1943199747443869E-006
 min=   0.0000000000000000     
       n_pass,     n_total
      140000      140007
 max=   1.1943199747443869E-006
 min=   0.0000000000000000     
       n_pass,     n_total
      150000      150007
 ITERATION            8 :
   3.4625324441613144E-007 +\-   4.3637234002104848E-010
 precision:   1.2602693174958695E-003
 max=   1.1943199747443869E-006
 min=   0.0000000000000000     
       n_pass,     n_total
      160000      160010
 max=   1.1943199747443869E-006
 min=   0.0000000000000000     
       n_pass,     n_total
      170000      170010
 ITERATION            9 :
   3.4530426636734312E-007 +\-   3.9448388913548270E-010
 precision:   1.1424240229798409E-003
 max=   1.1943199747443869E-006
 min=   0.0000000000000000     
       n_pass,     n_total
      180000      180010
 max=   1.1943199747443869E-006
 min=   0.0000000000000000     
       n_pass,     n_total
      190000      190010
 ITERATION           10 :
   3.4564596636976832E-007 +\-   3.6050340026125501E-010
 precision:   1.0429845429632248E-003
 ====================NCALL=40K ===========================
  
 max=   1.1943199747443869E-006
 min=   0.0000000000000000     
       n_pass,     n_total
      200000      200011
 max=   1.1943199747443869E-006
 min=   0.0000000000000000     
       n_pass,     n_total
      210000      210011
 max=   1.1943199747443869E-006
 min=   0.0000000000000000     
       n_pass,     n_total
      220000      220011
 max=   1.1943199747443869E-006
 min=   0.0000000000000000     
       n_pass,     n_total
      230000      230011
   3.4515841001094663E-007 +\-   2.3161768924154315E-010
 precision:   6.7104750318613829E-004
 ====================NCALL=80K ===========================
  
 max=   1.1943199747443869E-006
 min=   0.0000000000000000     
       n_pass,     n_total
      240000      240014
 max=   1.1943199747443869E-006
 min=   0.0000000000000000     
       n_pass,     n_total
      250000      250014
 max=   1.1943199747443869E-006
 min=   0.0000000000000000     
       n_pass,     n_total
      260000      260014
 max=   1.1943199747443869E-006
 min=   0.0000000000000000     
       n_pass,     n_total
      270000      270014
 max=   1.1943199747443869E-006
 min=   0.0000000000000000     
       n_pass,     n_total
      280000      280014
 max=   1.1943199747443869E-006
 min=   0.0000000000000000     
       n_pass,     n_total
      290000      290014
 max=   1.1943199747443869E-006
 min=   0.0000000000000000     
       n_pass,     n_total
      300000      300014
 max=   1.1943854544615024E-006
 min=   0.0000000000000000     
       n_pass,     n_total
      310000      310014
   3.4543091715052589E-007 +\-   1.3092762879278805E-010
 precision:   3.7902695529634564E-004
 sigma (pb)                   sd (pb)
   3.4543091715052589E-007   1.3092762879278805E-010
