 =======================================================
 |                                                     |
 |         \/\/\/\/\/\___________/\/\/\/\/\/           |
 |                   |     \     |                     |
 |                   |     /     |                     |
 |                   |     \     |                     |
 |         /\/\/\/\/\|_____/_____|/\/\/\/\/\           |
 |                                                     |
 | Light-by-light scattering at next-to-leading order  |
 |                   (VERSION 0.5)                     |
 |                                                     |
 |    Authors:                                         |
 |            Ajjath A.H. (LPTHE Paris)                |
 |            Ekta Chaubey (Bonn)                      |
 |            Mathijs Fraaije (Bern)                   |
 |            Valentin Hirschi (Bern)                  |
 |            Hua-Sheng Shao (LPTHE Paris)             |
 |                                                     |
 |    Please cite                                      |
 |            PLB 851 (2024) 138555 [arXiv:2312.16956] |
 |            JHEP 03 (2024) 121    [arXiv:2312.16966] |
 |                                                     |
 =======================================================
 ---------------------------------------------------
         the cuts in the lab frame                  
 min transverse momentum of photon    0.0000000000000000     
 max (pseudo-)rapidity of photon    5.0000000000000000     
 min (pseudo-)rapidity of photon   -5.0000000000000000     
 min invariant mass of di-photon    0.0000000000000000     
 ---------------------------------------------------
 max=  0.32312362489698060     
 min=   0.0000000000000000     
       n_pass,     n_total
       10000       10000
  
 ====================NCALL=20K===========================
  
 ITERATION            1 :
   1.5499663933677407E-002 +\-   3.5630525650105856E-005
 precision:   2.2987934320749018E-003
 WARNING: outside the range of the grid (xs,xt)=   1116649.5878814878       -1116595.0590994267     
 WARNING: set the 2-loop amplitudes to zero
 WARNING: outside the range of the grid (xs,xt)=   1084048.4429065741       -1083995.5061196641     
 WARNING: set the 2-loop amplitudes to zero
 WARNING: outside the range of the grid (xs,xt)=   521932.52811328619       -521907.04084728530     
 WARNING: set the 2-loop amplitudes to zero
 WARNING: outside the range of the grid (xs,xt)=   55696.000000000000       -55693.280225525865     
 WARNING: set the 2-loop amplitudes to zero
 WARNING: outside the range of the grid (xs,xt)=   5554.1717451523546       -5553.9005211050726     
 WARNING: set the 2-loop amplitudes to zero
 INFO: will suppress the further warning
 max=  0.37772971244655268     
 min=   0.0000000000000000     
       n_pass,     n_total
       20000       20007
 max=  0.37772971244655268     
 min=   0.0000000000000000     
       n_pass,     n_total
       30000       30007
 ITERATION            2 :
   1.5458031282548310E-002 +\-   1.0437660773019634E-005
 precision:   6.7522575043585690E-004
 max=  0.37772971244655268     
 min=   0.0000000000000000     
       n_pass,     n_total
       40000       40035
 max=  0.37772971244655268     
 min=   0.0000000000000000     
       n_pass,     n_total
       50000       50035
 ITERATION            3 :
   1.5448540819925893E-002 +\-   4.4763176402112884E-006
 precision:   2.8975666325958940E-004
 max=  0.37772971244655268     
 min=   0.0000000000000000     
       n_pass,     n_total
       60000       60115
 max=  0.37772971244655268     
 min=   0.0000000000000000     
       n_pass,     n_total
       70000       70115
 ITERATION            4 :
   1.5454139952404760E-002 +\-   3.4366283059786105E-006
 precision:   2.2237590163947299E-004
 max=  0.39023811929123325     
 min=   0.0000000000000000     
       n_pass,     n_total
       80000       80287
 max=  0.39023811929123325     
 min=   0.0000000000000000     
       n_pass,     n_total
       90000       90287
 ITERATION            5 :
   1.5450676196432275E-002 +\-   2.8355662748928641E-006
 precision:   1.8352376548721062E-004
 max=  0.39023811929123325     
 min=   0.0000000000000000     
       n_pass,     n_total
      100000      100565
 max=  0.39023811929123325     
 min=   0.0000000000000000     
       n_pass,     n_total
      110000      110565
 ITERATION            6 :
   1.5453127148440680E-002 +\-   2.4220476488362582E-006
 precision:   1.5673511423095087E-004
 max=  0.39222140219446761     
 min=   0.0000000000000000     
       n_pass,     n_total
      120000      120846
 max=  0.39222140219446761     
 min=   0.0000000000000000     
       n_pass,     n_total
      130000      130846
 ITERATION            7 :
   1.5458481758458851E-002 +\-   2.2600702274335765E-006
 precision:   1.4620260014841825E-004
 max=  0.39222140219446761     
 min=   0.0000000000000000     
       n_pass,     n_total
      140000      141211
 max=  0.39222140219446761     
 min=   0.0000000000000000     
       n_pass,     n_total
      150000      151211
 ITERATION            8 :
   1.5450366480564737E-002 +\-   2.2641166447616824E-006
 precision:   1.4654129062956214E-004
 max=  0.39222140219446761     
 min=   0.0000000000000000     
       n_pass,     n_total
      160000      161426
 max=  0.39222140219446761     
 min=   0.0000000000000000     
       n_pass,     n_total
      170000      171426
 ITERATION            9 :
   1.5452999107028166E-002 +\-   2.3350201539491765E-006
 precision:   1.5110465856994632E-004
 max=  0.39222140219446761     
 min=   0.0000000000000000     
       n_pass,     n_total
      180000      181814
 max=  0.39222140219446761     
 min=   0.0000000000000000     
       n_pass,     n_total
      190000      191814
 ITERATION           10 :
   1.5455043888207745E-002 +\-   2.3983009564120858E-006
 precision:   1.5517917475743942E-004
 ====================NCALL=40K ===========================
  
 max=  0.39222140219446761     
 min=   0.0000000000000000     
       n_pass,     n_total
      200000      202119
 max=  0.39222140219446761     
 min=   0.0000000000000000     
       n_pass,     n_total
      210000      212119
 max=  0.39222140219446761     
 min=   0.0000000000000000     
       n_pass,     n_total
      220000      222119
 max=  0.39222140219446761     
 min=   0.0000000000000000     
       n_pass,     n_total
      230000      232119
   1.5454606582617943E-002 +\-   1.1423505012145244E-006
 precision:   7.3916504772068763E-005
 ====================NCALL=80K ===========================
  
 max=  0.39222140219446761     
 min=   0.0000000000000000     
       n_pass,     n_total
      240000      243247
 max=  0.39222140219446761     
 min=   0.0000000000000000     
       n_pass,     n_total
      250000      253247
 max=  0.39222140219446761     
 min=   0.0000000000000000     
       n_pass,     n_total
      260000      263247
 max=  0.39222140219446761     
 min=   0.0000000000000000     
       n_pass,     n_total
      270000      273247
 max=  0.39222140219446761     
 min=   0.0000000000000000     
       n_pass,     n_total
      280000      283247
 max=  0.39222140219446761     
 min=   0.0000000000000000     
       n_pass,     n_total
      290000      293247
 max=  0.39222140219446761     
 min=   0.0000000000000000     
       n_pass,     n_total
      300000      303247
 max=  0.39222140219446761     
 min=   0.0000000000000000     
       n_pass,     n_total
      310000      313247
   1.5453995760304536E-002 +\-   5.1771114070865678E-007
 precision:   3.3500147711859780E-005
 sigma (pb)                   sd (pb)
   1.5453995760304536E-002   5.1771114070865678E-007
