 =======================================================
 |                                                     |
 |         \/\/\/\/\/\___________/\/\/\/\/\/           |
 |                   |     \     |                     |
 |                   |     /     |                     |
 |                   |     \     |                     |
 |         /\/\/\/\/\|_____/_____|/\/\/\/\/\           |
 |                                                     |
 | Light-by-light scattering at next-to-leading order  |
 |                   (VERSION 0.5)                     |
 |                                                     |
 |    Authors:                                         |
 |            Ajjath A.H. (LPTHE Paris)                |
 |            Ekta Chaubey (Bonn)                      |
 |            Mathijs Fraaije (Bern)                   |
 |            Valentin Hirschi (Bern)                  |
 |            Hua-Sheng Shao (LPTHE Paris)             |
 |                                                     |
 |    Please cite                                      |
 |            PLB 851 (2024) 138555 [arXiv:2312.16956] |
 |            JHEP 03 (2024) 121    [arXiv:2312.16966] |
 |                                                     |
 =======================================================
 ---------------------------------------------------
         the cuts in the lab frame                  
 min transverse momentum of photon    0.0000000000000000     
 max (pseudo-)rapidity of photon    5.0000000000000000     
 min (pseudo-)rapidity of photon   -5.0000000000000000     
 min invariant mass of di-photon    0.0000000000000000     
 ---------------------------------------------------
 max=  0.25238606394642532     
 min=   0.0000000000000000     
       n_pass,     n_total
       10000       10000
  
 ====================NCALL=20K===========================
  
 ITERATION            1 :
   1.7711434752012010E-002 +\-   2.5744620367064556E-005
 precision:   1.4535592811948778E-003
 max=  0.28897086843969344     
 min=   0.0000000000000000     
       n_pass,     n_total
       20000       20007
 max=  0.28897086843969344     
 min=   0.0000000000000000     
       n_pass,     n_total
       30000       30007
 WARNING: outside the range of the grid (xs,xt)=   1725105.8142125192       -80.744721293886798     
 WARNING: set the 2-loop amplitudes to zero
 WARNING: outside the range of the grid (xs,xt)=   1674740.4844290654       -78.387338643654374     
 WARNING: set the 2-loop amplitudes to zero
 WARNING: outside the range of the grid (xs,xt)=   806330.69554352365       -37.740842762209276     
 WARNING: set the 2-loop amplitudes to zero
 WARNING: outside the range of the grid (xs,xt)=   86044.444444444438       -4.0273672654250880     
 WARNING: set the 2-loop amplitudes to zero
 WARNING: outside the range of the grid (xs,xt)=   8580.6094182825491      -0.40162111234156000     
 WARNING: set the 2-loop amplitudes to zero
 INFO: will suppress the further warning
 ITERATION            2 :
   1.7680935027994980E-002 +\-   8.3172778271239642E-006
 precision:   4.7040938807562288E-004
 max=  0.28897086843969344     
 min=   0.0000000000000000     
       n_pass,     n_total
       40000       40029
 max=  0.28897086843969344     
 min=   0.0000000000000000     
       n_pass,     n_total
       50000       50029
 ITERATION            3 :
   1.7671803972181450E-002 +\-   4.1032975526658498E-006
 precision:   2.3219460554933539E-004
 max=  0.28897086843969344     
 min=   0.0000000000000000     
       n_pass,     n_total
       60000       60094
 max=  0.28897086843969344     
 min=   0.0000000000000000     
       n_pass,     n_total
       70000       70094
 ITERATION            4 :
   1.7672826983148083E-002 +\-   3.2834983050201904E-006
 precision:   1.8579360892013308E-004
 max=  0.28910138704943711     
 min=   0.0000000000000000     
       n_pass,     n_total
       80000       80216
 max=  0.28910138704943711     
 min=   0.0000000000000000     
       n_pass,     n_total
       90000       90216
 ITERATION            5 :
   1.7672960488018880E-002 +\-   2.8428044241750483E-006
 precision:   1.6085615231824262E-004
 max=  0.29236806306543711     
 min=   0.0000000000000000     
       n_pass,     n_total
      100000      100408
 max=  0.29236806306543711     
 min=   0.0000000000000000     
       n_pass,     n_total
      110000      110408
 ITERATION            6 :
   1.7672266402361032E-002 +\-   2.6219895783338180E-006
 precision:   1.4836747696285959E-004
 max=  0.29236806306543711     
 min=   0.0000000000000000     
       n_pass,     n_total
      120000      120629
 max=  0.29236806306543711     
 min=   0.0000000000000000     
       n_pass,     n_total
      130000      130629
 ITERATION            7 :
   1.7677851917443158E-002 +\-   2.5038483967905289E-006
 precision:   1.4163759310145154E-004
 max=  0.29236806306543711     
 min=   0.0000000000000000     
       n_pass,     n_total
      140000      140909
 max=  0.29236806306543711     
 min=   0.0000000000000000     
       n_pass,     n_total
      150000      150909
 ITERATION            8 :
   1.7669428744022896E-002 +\-   2.4342277022285501E-006
 precision:   1.3776493498987539E-004
 max=  0.29236806306543711     
 min=   0.0000000000000000     
       n_pass,     n_total
      160000      161159
 max=  0.29236806306543711     
 min=   0.0000000000000000     
       n_pass,     n_total
      170000      171159
 ITERATION            9 :
   1.7673727005892564E-002 +\-   2.4008508110015079E-006
 precision:   1.3584292719928540E-004
 max=  0.29347512343249349     
 min=   0.0000000000000000     
       n_pass,     n_total
      180000      181452
 max=  0.29347512343249349     
 min=   0.0000000000000000     
       n_pass,     n_total
      190000      191452
 ITERATION           10 :
   1.7675658997959146E-002 +\-   2.3936745144392346E-006
 precision:   1.3542208042798356E-004
 ====================NCALL=40K ===========================
  
 max=  0.29684919300010004     
 min=   0.0000000000000000     
       n_pass,     n_total
      200000      201854
 max=  0.29684919300010004     
 min=   0.0000000000000000     
       n_pass,     n_total
      210000      211854
 max=  0.29684919300010004     
 min=   0.0000000000000000     
       n_pass,     n_total
      220000      221854
 max=  0.29684919300010004     
 min=   0.0000000000000000     
       n_pass,     n_total
      230000      231854
   1.7675607960872017E-002 +\-   1.1099015213429876E-006
 precision:   6.2792834271949488E-005
 ====================NCALL=80K ===========================
  
 max=  0.29684919300010004     
 min=   0.0000000000000000     
       n_pass,     n_total
      240000      242516
 max=  0.29684919300010004     
 min=   0.0000000000000000     
       n_pass,     n_total
      250000      252516
 max=  0.29684919300010004     
 min=   0.0000000000000000     
       n_pass,     n_total
      260000      262516
 max=  0.29684919300010004     
 min=   0.0000000000000000     
       n_pass,     n_total
      270000      272516
 max=  0.29684919300010004     
 min=   0.0000000000000000     
       n_pass,     n_total
      280000      282516
 max=  0.29684919300010004     
 min=   0.0000000000000000     
       n_pass,     n_total
      290000      292516
 max=  0.29684919300010004     
 min=   0.0000000000000000     
       n_pass,     n_total
      300000      302516
 max=  0.29684919300010004     
 min=   0.0000000000000000     
       n_pass,     n_total
      310000      312516
   1.7674165959271289E-002 +\-   5.7185663808222183E-007
 precision:   3.2355509131238218E-005
 sigma (pb)                   sd (pb)
   1.7674165959271289E-002   5.7185663808222183E-007
