 =======================================================
 |                                                     |
 |         \/\/\/\/\/\___________/\/\/\/\/\/           |
 |                   |     \     |                     |
 |                   |     /     |                     |
 |                   |     \     |                     |
 |         /\/\/\/\/\|_____/_____|/\/\/\/\/\           |
 |                                                     |
 | Light-by-light scattering at next-to-leading order  |
 |                   (VERSION 0.5)                     |
 |                                                     |
 |    Authors:                                         |
 |            Ajjath A.H. (LPTHE Paris)                |
 |            Ekta Chaubey (Bonn)                      |
 |            Mathijs Fraaije (Bern)                   |
 |            Valentin Hirschi (Bern)                  |
 |            Hua-Sheng Shao (LPTHE Paris)             |
 |                                                     |
 |    Please cite                                      |
 |            PLB 851 (2024) 138555 [arXiv:2312.16956] |
 |            JHEP 03 (2024) 121    [arXiv:2312.16966] |
 |                                                     |
 =======================================================
 ---------------------------------------------------
         the cuts in the lab frame                  
 min transverse momentum of photon    0.0000000000000000     
 max (pseudo-)rapidity of photon    5.0000000000000000     
 min (pseudo-)rapidity of photon   -5.0000000000000000     
 min invariant mass of di-photon    0.0000000000000000     
 ---------------------------------------------------
 max=   1.8239462404302652E-003
 min=   0.0000000000000000     
       n_pass,     n_total
       10000       10000
  
 ====================NCALL=20K===========================
  
 ITERATION            1 :
   1.2556348722850804E-003 +\-   2.5238909260753209E-007
 precision:   2.0100516334674518E-004
 max=   1.8239462404302652E-003
 min=   0.0000000000000000     
       n_pass,     n_total
       20000       20002
 max=   1.8239462404302652E-003
 min=   0.0000000000000000     
       n_pass,     n_total
       30000       30002
 ITERATION            2 :
   1.2550747758149270E-003 +\-   1.1504156926858592E-007
 precision:   9.1661127675750467E-005
 max=   1.8241172831525254E-003
 min=   0.0000000000000000     
       n_pass,     n_total
       40000       40011
 max=   1.8241172831525254E-003
 min=   0.0000000000000000     
       n_pass,     n_total
       50000       50011
 ITERATION            3 :
   1.2552190003539284E-003 +\-   9.0185379412810343E-008
 precision:   7.1848322394244500E-005
 max=   1.8241455822176060E-003
 min=   0.0000000000000000     
       n_pass,     n_total
       60000       60029
 max=   1.8241455822176060E-003
 min=   0.0000000000000000     
       n_pass,     n_total
       70000       70029
 ITERATION            4 :
   1.2551515480563888E-003 +\-   8.5475060282937667E-008
 precision:   6.8099394384125495E-005
 max=   1.8241455822176060E-003
 min=   0.0000000000000000     
       n_pass,     n_total
       80000       80047
 max=   1.8241455822176060E-003
 min=   0.0000000000000000     
       n_pass,     n_total
       90000       90047
 ITERATION            5 :
   1.2552420575128865E-003 +\-   7.4470725334954706E-008
 precision:   5.9327780557727350E-005
 max=   1.8241455822176060E-003
 min=   0.0000000000000000     
       n_pass,     n_total
      100000      100070
 max=   1.8241455822176060E-003
 min=   0.0000000000000000     
       n_pass,     n_total
      110000      110070
 ITERATION            6 :
   1.2552075107700488E-003 +\-   6.9399275054884985E-008
 precision:   5.5289085238431763E-005
 max=   1.8241455822176060E-003
 min=   0.0000000000000000     
       n_pass,     n_total
      120000      120090
 max=   1.8241455822176060E-003
 min=   0.0000000000000000     
       n_pass,     n_total
      130000      130090
 ITERATION            7 :
   1.2553094284147766E-003 +\-   6.5320595186302494E-008
 precision:   5.2035453337421604E-005
 max=   1.8241455822176060E-003
 min=   0.0000000000000000     
       n_pass,     n_total
      140000      140115
 max=   1.8241455822176060E-003
 min=   0.0000000000000000     
       n_pass,     n_total
      150000      150115
 ITERATION            8 :
   1.2551181886237294E-003 +\-   6.4494258740225631E-008
 precision:   5.1385008459597982E-005
 max=   1.8241479257586773E-003
 min=   0.0000000000000000     
       n_pass,     n_total
      160000      160147
 max=   1.8241479257586773E-003
 min=   0.0000000000000000     
       n_pass,     n_total
      170000      170147
 ITERATION            9 :
   1.2553251934988815E-003 +\-   6.7444816558469985E-008
 precision:   5.3726968046013393E-005
 max=   1.8241479257586773E-003
 min=   0.0000000000000000     
       n_pass,     n_total
      180000      180172
 max=   1.8241479257586773E-003
 min=   0.0000000000000000     
       n_pass,     n_total
      190000      190172
 ITERATION           10 :
   1.2552432294404467E-003 +\-   6.2090337976776359E-008
 precision:   4.9464786202793975E-005
 ====================NCALL=40K ===========================
  
 max=   1.8241479257586773E-003
 min=   0.0000000000000000     
       n_pass,     n_total
      200000      200226
 max=   1.8241479257586773E-003
 min=   0.0000000000000000     
       n_pass,     n_total
      210000      210226
 max=   1.8241479257586773E-003
 min=   0.0000000000000000     
       n_pass,     n_total
      220000      220226
 max=   1.8241479257586773E-003
 min=   0.0000000000000000     
       n_pass,     n_total
      230000      230226
   1.2552082369717522E-003 +\-   3.6723181056994252E-008
 precision:   2.9256644415902353E-005
 ====================NCALL=80K ===========================
  
 max=   1.8241479257586773E-003
 min=   0.0000000000000000     
       n_pass,     n_total
      240000      240360
 max=   1.8241479257586773E-003
 min=   0.0000000000000000     
       n_pass,     n_total
      250000      250360
 max=   1.8241479257586773E-003
 min=   0.0000000000000000     
       n_pass,     n_total
      260000      260360
 max=   1.8241479257586773E-003
 min=   0.0000000000000000     
       n_pass,     n_total
      270000      270360
 max=   1.8241479257586773E-003
 min=   0.0000000000000000     
       n_pass,     n_total
      280000      280360
 max=   1.8241479257586773E-003
 min=   0.0000000000000000     
       n_pass,     n_total
      290000      290360
 max=   1.8241479257586773E-003
 min=   0.0000000000000000     
       n_pass,     n_total
      300000      300360
 max=   1.8241479257586773E-003
 min=   0.0000000000000000     
       n_pass,     n_total
      310000      310360
   1.2552245900149810E-003 +\-   1.7752366690364387E-008
 precision:   1.4142781165681683E-005
 sigma (pb)                   sd (pb)
   1.2552245900149810E-003   1.7752366690364387E-008
