 =======================================================
 |                                                     |
 |         \/\/\/\/\/\___________/\/\/\/\/\/           |
 |                   |     \     |                     |
 |                   |     /     |                     |
 |                   |     \     |                     |
 |         /\/\/\/\/\|_____/_____|/\/\/\/\/\           |
 |                                                     |
 | Light-by-light scattering at next-to-leading order  |
 |                   (VERSION 0.5)                     |
 |                                                     |
 |    Authors:                                         |
 |            Ajjath A.H. (LPTHE Paris)                |
 |            Ekta Chaubey (Bonn)                      |
 |            Mathijs Fraaije (Bern)                   |
 |            Valentin Hirschi (Bern)                  |
 |            Hua-Sheng Shao (LPTHE Paris)             |
 |                                                     |
 |    Please cite                                      |
 |            PLB 851 (2024) 138555 [arXiv:2312.16956] |
 |            JHEP 03 (2024) 121    [arXiv:2312.16966] |
 |                                                     |
 =======================================================
 ---------------------------------------------------
         the cuts in the lab frame                  
 min transverse momentum of photon    0.0000000000000000     
 max (pseudo-)rapidity of photon    5.0000000000000000     
 min (pseudo-)rapidity of photon   -5.0000000000000000     
 min invariant mass of di-photon    0.0000000000000000     
 ---------------------------------------------------
 max=   2704420.6218616241     
 min=   0.0000000000000000     
       n_pass,     n_total
       10000       10000
  
 ====================NCALL=20K===========================
  
 ITERATION            1 :
   616530.51180196262      +\-   213.67517114086772     
 precision:   3.4657679879678503E-004
 WARNING: outside the range of the grid (xs,xt)=   112.50110102213152       -112.49559032490454     
 WARNING: set the 2-loop amplitudes to zero
 max=   2759307.5994249745     
 min=   0.0000000000000000     
       n_pass,     n_total
       20000       20003
 max=   2759307.5994249745     
 min=   0.0000000000000000     
       n_pass,     n_total
       30000       30003
 ITERATION            2 :
   616115.81035684212      +\-   84.241206850201721     
 precision:   1.3672950025647105E-004
 WARNING: outside the range of the grid (xs,xt)=   112.50110102213152       -112.49587318456751     
 WARNING: set the 2-loop amplitudes to zero
 max=   2886796.8592513907     
 min=   0.0000000000000000     
       n_pass,     n_total
       40000       40016
 max=   2886796.8592513907     
 min=   0.0000000000000000     
       n_pass,     n_total
       50000       50016
 ITERATION            3 :
   615959.50125315867      +\-   100.34076542911244     
 precision:   1.6290156288679844E-004
 WARNING: outside the range of the grid (xs,xt)=   112.50110102213152       -112.49586207845897     
 WARNING: set the 2-loop amplitudes to zero
 WARNING: outside the range of the grid (xs,xt)=   112.50110102213152       -112.49581891474593     
 WARNING: set the 2-loop amplitudes to zero
 WARNING: outside the range of the grid (xs,xt)=   112.50110102213152       -112.49575482889465     
 WARNING: set the 2-loop amplitudes to zero
 INFO: will suppress the further warning
 max=   2886796.8592513907     
 min=   0.0000000000000000     
       n_pass,     n_total
       60000       60040
 max=   2886796.8592513907     
 min=   0.0000000000000000     
       n_pass,     n_total
       70000       70040
 ITERATION            4 :
   615954.64515444252      +\-   89.198942811784420     
 precision:   1.4481414096555593E-004
 max=   2886796.8592513907     
 min=   0.0000000000000000     
       n_pass,     n_total
       80000       80067
 max=   2886796.8592513907     
 min=   0.0000000000000000     
       n_pass,     n_total
       90000       90067
 ITERATION            5 :
   616011.79952010943      +\-   75.968697275662194     
 precision:   1.2332344499706654E-004
 max=   2948902.7277258867     
 min=   0.0000000000000000     
       n_pass,     n_total
      100000      100102
 max=   2948902.7277258867     
 min=   0.0000000000000000     
       n_pass,     n_total
      110000      110102
 ITERATION            6 :
   615920.69574669353      +\-   73.921428723209658     
 precision:   1.2001777052416329E-004
 max=   2948902.7277258867     
 min=   0.0000000000000000     
       n_pass,     n_total
      120000      120141
 max=   2948902.7277258867     
 min=   0.0000000000000000     
       n_pass,     n_total
      130000      130141
 ITERATION            7 :
   616040.41017697763      +\-   72.593168401411887     
 precision:   1.1783832229537854E-004
 max=   2948902.7277258867     
 min=   0.0000000000000000     
       n_pass,     n_total
      140000      140183
 max=   2948902.7277258867     
 min=   0.0000000000000000     
       n_pass,     n_total
      150000      150183
 ITERATION            8 :
   615820.26195620582      +\-   72.969216443766086     
 precision:   1.1849109383308227E-004
 max=   2948902.7277258867     
 min=   0.0000000000000000     
       n_pass,     n_total
      160000      160236
 max=   2948902.7277258867     
 min=   0.0000000000000000     
       n_pass,     n_total
      170000      170236
 ITERATION            9 :
   615954.60683683667      +\-   70.931009430386027     
 precision:   1.1515622846729564E-004
 max=   2948902.7277258867     
 min=   0.0000000000000000     
       n_pass,     n_total
      180000      180289
 max=   2948902.7277258867     
 min=   0.0000000000000000     
       n_pass,     n_total
      190000      190289
 ITERATION           10 :
   616045.60740558046      +\-   70.229137445605133     
 precision:   1.1399989968497413E-004
 ====================NCALL=40K ===========================
  
 max=   2948902.7277258867     
 min=   0.0000000000000000     
       n_pass,     n_total
      200000      200393
 max=   2948902.7277258867     
 min=   0.0000000000000000     
       n_pass,     n_total
      210000      210393
 max=   2948902.7277258867     
 min=   0.0000000000000000     
       n_pass,     n_total
      220000      220393
 max=   2948902.7277258867     
 min=   0.0000000000000000     
       n_pass,     n_total
      230000      230393
   615987.70988976990      +\-   35.953445517526546     
 precision:   5.8367147493836140E-005
 ====================NCALL=80K ===========================
  
 max=   2948902.7277258867     
 min=   0.0000000000000000     
       n_pass,     n_total
      240000      240657
 max=   2948902.7277258867     
 min=   0.0000000000000000     
       n_pass,     n_total
      250000      250657
 max=   2948902.7277258867     
 min=   0.0000000000000000     
       n_pass,     n_total
      260000      260657
 max=   2948902.7277258867     
 min=   0.0000000000000000     
       n_pass,     n_total
      270000      270657
 max=   2948902.7277258867     
 min=   0.0000000000000000     
       n_pass,     n_total
      280000      280657
 max=   2948902.7277258867     
 min=   0.0000000000000000     
       n_pass,     n_total
      290000      290657
 max=   2948902.7277258867     
 min=   0.0000000000000000     
       n_pass,     n_total
      300000      300657
 max=   2948902.7277258867     
 min=   0.0000000000000000     
       n_pass,     n_total
      310000      310657
   615933.91299668420      +\-   17.934759436169657     
 precision:   2.9117993112138000E-005
 sigma (pb)                   sd (pb)
   615933.91299668420        17.934759436169657     
