 =======================================================
 |                                                     |
 |         \/\/\/\/\/\___________/\/\/\/\/\/           |
 |                   |     \     |                     |
 |                   |     /     |                     |
 |                   |     \     |                     |
 |         /\/\/\/\/\|_____/_____|/\/\/\/\/\           |
 |                                                     |
 | Light-by-light scattering at next-to-leading order  |
 |                   (VERSION 0.5)                     |
 |                                                     |
 |    Authors:                                         |
 |            Ajjath A.H. (LPTHE Paris)                |
 |            Ekta Chaubey (Bonn)                      |
 |            Mathijs Fraaije (Bern)                   |
 |            Valentin Hirschi (Bern)                  |
 |            Hua-Sheng Shao (LPTHE Paris)             |
 |                                                     |
 |    Please cite                                      |
 |            PLB 851 (2024) 138555 [arXiv:2312.16956] |
 |            JHEP 03 (2024) 121    [arXiv:2312.16966] |
 |                                                     |
 =======================================================
 ---------------------------------------------------
         the cuts in the lab frame                  
 min transverse momentum of photon    0.0000000000000000     
 max (pseudo-)rapidity of photon    5.0000000000000000     
 min (pseudo-)rapidity of photon   -5.0000000000000000     
 min invariant mass of di-photon    0.0000000000000000     
 ---------------------------------------------------
 max=   2750.9517049557639     
 min=   0.0000000000000000     
       n_pass,     n_total
       10000       10000
  
 ====================NCALL=20K===========================
  
 ITERATION            1 :
   100.09105995647015      +\-  0.31702573554626201     
 precision:   3.1673731468538479E-003
 WARNING: outside the range of the grid (xs,xt)=   6.9632969480953433       -6.9629616921056954     
 WARNING: set the 2-loop amplitudes to zero
 WARNING: outside the range of the grid (xs,xt)=   6.7599999999999989       -6.7596745319771774     
 WARNING: set the 2-loop amplitudes to zero
 WARNING: outside the range of the grid (xs,xt)=   3.2547105372761354       -3.2545538354708952     
 WARNING: set the 2-loop amplitudes to zero
 WARNING: outside the range of the grid (xs,xt)=  0.34731377777777778      -0.34729705595402749     
 WARNING: set the 2-loop amplitudes to zero
 WARNING: outside the range of the grid (xs,xt)=   3.4635168975069255E-002  -3.4633501424778362E-002
 WARNING: set the 2-loop amplitudes to zero
 INFO: will suppress the further warning
 max=   3113.0618846453135     
 min=   0.0000000000000000     
       n_pass,     n_total
       20000       20007
 max=   3113.0618846453135     
 min=   0.0000000000000000     
       n_pass,     n_total
       30000       30007
 ITERATION            2 :
   99.708829316885570      +\-   8.4954737187394158E-002
 precision:   8.5202822828657140E-004
 max=   3119.5711589101297     
 min=   0.0000000000000000     
       n_pass,     n_total
       40000       40036
 max=   3119.5711589101297     
 min=   0.0000000000000000     
       n_pass,     n_total
       50000       50036
 ITERATION            3 :
   99.633385072241495      +\-   3.5312165915258605E-002
 precision:   3.5442101951725018E-004
 max=   3122.1874570648233     
 min=   0.0000000000000000     
       n_pass,     n_total
       60000       60129
 max=   3122.1874570648233     
 min=   0.0000000000000000     
       n_pass,     n_total
       70000       70129
 ITERATION            4 :
   99.655163885152163      +\-   2.6519717974410269E-002
 precision:   2.6611483981876728E-004
 max=   3132.8618391894597     
 min=   0.0000000000000000     
       n_pass,     n_total
       80000       80335
 max=   3132.8618391894597     
 min=   0.0000000000000000     
       n_pass,     n_total
       90000       90335
 ITERATION            5 :
   99.635209629737332      +\-   2.0750239288995730E-002
 precision:   2.0826211302317138E-004
 max=   3151.9800133308727     
 min=   0.0000000000000000     
       n_pass,     n_total
      100000      100668
 max=   3151.9800133308727     
 min=   0.0000000000000000     
       n_pass,     n_total
      110000      110668
 ITERATION            6 :
   99.654116733380405      +\-   1.7676777714520933E-002
 precision:   1.7738130941257816E-004
 max=   3153.9711923698273     
 min=   0.0000000000000000     
       n_pass,     n_total
      120000      120948
 max=   3153.9711923698273     
 min=   0.0000000000000000     
       n_pass,     n_total
      130000      130948
 ITERATION            7 :
   99.695064466346864      +\-   1.7398306203660185E-002
 precision:   1.7451522095693282E-004
 max=   3153.9711923698273     
 min=   0.0000000000000000     
       n_pass,     n_total
      140000      141355
 max=   3153.9711923698273     
 min=   0.0000000000000000     
       n_pass,     n_total
      150000      151355
 ITERATION            8 :
   99.638110467520093      +\-   1.9053580084776565E-002
 precision:   1.9122783436351521E-004
 max=   3157.3088425548058     
 min=   0.0000000000000000     
       n_pass,     n_total
      160000      161554
 max=   3157.3088425548058     
 min=   0.0000000000000000     
       n_pass,     n_total
      170000      171554
 ITERATION            9 :
   99.664489240589418      +\-   1.8505299703961354E-002
 precision:   1.8567595986259140E-004
 max=   3157.3088425548058     
 min=   0.0000000000000000     
       n_pass,     n_total
      180000      181966
 max=   3157.3088425548058     
 min=   0.0000000000000000     
       n_pass,     n_total
      190000      191966
 ITERATION           10 :
   99.672976063534662      +\-   1.7281144860366766E-002
 precision:   1.7337843759527381E-004
 ====================NCALL=40K ===========================
  
 max=   3158.2907973920164     
 min=   0.0000000000000000     
       n_pass,     n_total
      200000      202275
 max=   3158.2907973920164     
 min=   0.0000000000000000     
       n_pass,     n_total
      210000      212275
 max=   3158.2907973920164     
 min=   0.0000000000000000     
       n_pass,     n_total
      220000      222275
 max=   3158.2907973920164     
 min=   0.0000000000000000     
       n_pass,     n_total
      230000      232275
   99.673317342514977      +\-   1.0218964903890446E-002
 precision:   1.0252457905834760E-004
 ====================NCALL=80K ===========================
  
 max=   3164.7809198199225     
 min=   0.0000000000000000     
       n_pass,     n_total
      240000      243816
 max=   3164.7809198199225     
 min=   0.0000000000000000     
       n_pass,     n_total
      250000      253816
 max=   3164.7809198199225     
 min=   0.0000000000000000     
       n_pass,     n_total
      260000      263816
 max=   3164.7809198199225     
 min=   0.0000000000000000     
       n_pass,     n_total
      270000      273816
 max=   3164.7809198199225     
 min=   0.0000000000000000     
       n_pass,     n_total
      280000      283816
 max=   3164.7809198199225     
 min=   0.0000000000000000     
       n_pass,     n_total
      290000      293816
 max=   3164.7809198199225     
 min=   0.0000000000000000     
       n_pass,     n_total
      300000      303816
 max=   3164.7809198199225     
 min=   0.0000000000000000     
       n_pass,     n_total
      310000      313816
   99.664681795170651      +\-   4.4336353546723817E-003
 precision:   4.4485521599159093E-005
 sigma (pb)                   sd (pb)
   99.664681795170651        4.4336353546723817E-003
