 =======================================================
 |                                                     |
 |         \/\/\/\/\/\___________/\/\/\/\/\/           |
 |                   |     \     |                     |
 |                   |     /     |                     |
 |                   |     \     |                     |
 |         /\/\/\/\/\|_____/_____|/\/\/\/\/\           |
 |                                                     |
 | Light-by-light scattering at next-to-leading order  |
 |                   (VERSION 0.5)                     |
 |                                                     |
 |    Authors:                                         |
 |            Ajjath A.H. (LPTHE Paris)                |
 |            Ekta Chaubey (Bonn)                      |
 |            Mathijs Fraaije (Bern)                   |
 |            Valentin Hirschi (Bern)                  |
 |            Hua-Sheng Shao (LPTHE Paris)             |
 |                                                     |
 |    Please cite                                      |
 |            PLB 851 (2024) 138555 [arXiv:2312.16956] |
 |            JHEP 03 (2024) 121    [arXiv:2312.16966] |
 |                                                     |
 =======================================================
 ---------------------------------------------------
         the cuts in the lab frame                  
 min transverse momentum of photon    0.0000000000000000     
 max (pseudo-)rapidity of photon    5.0000000000000000     
 min (pseudo-)rapidity of photon   -5.0000000000000000     
 min invariant mass of di-photon    0.0000000000000000     
 ---------------------------------------------------
 WARNING: outside the range of the grid (xs,xt)=   4.4088164234451366       -4.4088163793993695     
 WARNING: set the 2-loop amplitudes to zero
 WARNING: outside the range of the grid (xs,xt)=   4.4088559882086065       -4.4088559441624451     
 WARNING: set the 2-loop amplitudes to zero
 max=   4529308141089157.0     
 min=   0.0000000000000000     
       n_pass,     n_total
       10000       10000
  
 ====================NCALL=20K===========================
  
 ITERATION            1 :
   414351990233.14838      +\-   294931245763.86975     
 precision:  0.71178913753477391     
 WARNING: outside the range of the grid (xs,xt)=   4.4088307843396288       -4.4088307402937188     
 WARNING: set the 2-loop amplitudes to zero
 WARNING: outside the range of the grid (xs,xt)=   4.4088343799578551       -4.4088343359119087     
 WARNING: set the 2-loop amplitudes to zero
 WARNING: outside the range of the grid (xs,xt)=   4.4088867662597853       -4.4088867222133157     
 WARNING: set the 2-loop amplitudes to zero
 INFO: will suppress the further warning
 max=   10637081076235034.     
 min=   0.0000000000000000     
       n_pass,     n_total
       20000       20017
 max=   10637081076235034.     
 min=   0.0000000000000000     
       n_pass,     n_total
       30000       30017
 ITERATION            2 :
   269479536788.72018      +\-   227589475116.62759     
 precision:  0.84455197536970827     
 max=   11697841835259200.     
 min=   0.0000000000000000     
       n_pass,     n_total
       40000       40289
 max=   11697841835259200.     
 min=   0.0000000000000000     
       n_pass,     n_total
       50000       50289
 ITERATION            3 :
   233136579552.85306      +\-   17584606999.800728     
 precision:   7.5426203101749731E-002
 max=   11730691226981190.     
 min=   0.0000000000000000     
       n_pass,     n_total
       60000       65144
 max=   11730691226981190.     
 min=   0.0000000000000000     
       n_pass,     n_total
       70000       75144
 ITERATION            4 :
   253400963820.91507      +\-   859229756.93827498     
 precision:   3.3907911950386842E-003
 max=   11731953058872542.     
 min=   0.0000000000000000     
       n_pass,     n_total
       80000       90437
 ITERATION            5 :
   254154768989.32764      +\-   154305142.21102747     
 precision:   6.0713061897141503E-004
 max=   11731953058872542.     
 min=   0.0000000000000000     
       n_pass,     n_total
       90000      104137
 max=   11731953058872542.     
 min=   0.0000000000000000     
       n_pass,     n_total
      100000      114137
 ITERATION            6 :
   254211813524.80667      +\-   49695331.524269953     
 precision:   1.9548789190877060E-004
 max=   11731986919913524.     
 min=   0.0000000000000000     
       n_pass,     n_total
      110000      126030
 max=   11731986919913524.     
 min=   0.0000000000000000     
       n_pass,     n_total
      120000      136030
 ITERATION            7 :
   254265144628.76431      +\-   22899574.500362191     
 precision:   9.0061791732391565E-005
 max=   11732080842240944.     
 min=   0.0000000000000000     
       n_pass,     n_total
      130000      147516
 ITERATION            8 :
   254262763014.81244      +\-   17809003.558607418     
 precision:   7.0041729065808703E-005
 max=   11732080842240944.     
 min=   0.0000000000000000     
       n_pass,     n_total
      140000      158663
 max=   11732080842240944.     
 min=   0.0000000000000000     
       n_pass,     n_total
      150000      168663
 ITERATION            9 :
   254240142343.09787      +\-   13582122.032526676     
 precision:   5.3422413578566831E-005
 max=   11732080842240944.     
 min=   0.0000000000000000     
       n_pass,     n_total
      160000      179864
 max=   11732080842240944.     
 min=   0.0000000000000000     
       n_pass,     n_total
      170000      189864
 ITERATION           10 :
   254243979708.43719      +\-   10985021.624046678     
 precision:   4.3206614515097350E-005
 ====================NCALL=40K ===========================
  
 max=   11732080842240944.     
 min=   0.0000000000000000     
       n_pass,     n_total
      180000      201548
 max=   11732080842240944.     
 min=   0.0000000000000000     
       n_pass,     n_total
      190000      211548
 max=   11732080842240944.     
 min=   0.0000000000000000     
       n_pass,     n_total
      200000      221548
 max=   11732080842240944.     
 min=   0.0000000000000000     
       n_pass,     n_total
      210000      231548
   254445659512.06903      +\-   456344913.33827335     
 precision:   1.7934867280242511E-003
 ====================NCALL=80K ===========================
  
 max=   11732080842240944.     
 min=   0.0000000000000000     
       n_pass,     n_total
      220000      275451
 max=   11732080842240944.     
 min=   0.0000000000000000     
       n_pass,     n_total
      230000      285451
 max=   11732080842240944.     
 min=   0.0000000000000000     
       n_pass,     n_total
      240000      295451
 max=   11732080842240944.     
 min=   0.0000000000000000     
       n_pass,     n_total
      250000      305451
 max=   11732080842240944.     
 min=   0.0000000000000000     
       n_pass,     n_total
      260000      315451
   253884466712.99762      +\-   112491270.95307282     
 precision:   4.4308055711119181E-004
 sigma (pb)                   sd (pb)
   253884466712.99762        112491270.95307282     
