 =======================================================
 |                                                     |
 |         \/\/\/\/\/\___________/\/\/\/\/\/           |
 |                   |     \     |                     |
 |                   |     /     |                     |
 |                   |     \     |                     |
 |         /\/\/\/\/\|_____/_____|/\/\/\/\/\           |
 |                                                     |
 | Light-by-light scattering at next-to-leading order  |
 |                   (VERSION 0.5)                     |
 |                                                     |
 |    Authors:                                         |
 |            Ajjath A.H. (LPTHE Paris)                |
 |            Ekta Chaubey (Bonn)                      |
 |            Mathijs Fraaije (Bern)                   |
 |            Valentin Hirschi (Bern)                  |
 |            Hua-Sheng Shao (LPTHE Paris)             |
 |                                                     |
 |    Please cite                                      |
 |            PLB 851 (2024) 138555 [arXiv:2312.16956] |
 |            JHEP 03 (2024) 121    [arXiv:2312.16966] |
 |                                                     |
 =======================================================
 ---------------------------------------------------
         the cuts in the lab frame                  
 min transverse momentum of photon    0.0000000000000000     
 max (pseudo-)rapidity of photon    5.0000000000000000     
 min (pseudo-)rapidity of photon   -5.0000000000000000     
 min invariant mass of di-photon    0.0000000000000000     
 ---------------------------------------------------
 max=   6.4242882498471863     
 min=   0.0000000000000000     
       n_pass,     n_total
       10000       10000
  
 ====================NCALL=20K===========================
  
 ITERATION            1 :
   2.1576675418744588E-002 +\-   1.0533224079720190E-003
 precision:   4.8817641621329316E-002
 max=   6.6389965810174667     
 min=   0.0000000000000000     
       n_pass,     n_total
       20000       20010
 max=   6.6389965810174667     
 min=   0.0000000000000000     
       n_pass,     n_total
       30000       30010
 WARNING: outside the range of the grid (xs,xt)=   17084444.444444444       -843.66484817535240     
 WARNING: set the 2-loop amplitudes to zero
 WARNING: outside the range of the grid (xs,xt)=   1703711.9113573406       -84.132782643525445     
 WARNING: set the 2-loop amplitudes to zero
 WARNING: outside the range of the grid (xs,xt)=   1284.3730161381936       -6.3424969374003243E-002
 WARNING: set the 2-loop amplitudes to zero
 WARNING: outside the range of the grid (xs,xt)=   12173305.562320264       -601.14275430049349     
 WARNING: set the 2-loop amplitudes to zero
 ITERATION            2 :
   2.0367211629616015E-002 +\-   2.0358920281624479E-004
 precision:   9.9959290706345492E-003
 WARNING: outside the range of the grid (xs,xt)=   17084444.444444444       -17083648.564544305     
 WARNING: set the 2-loop amplitudes to zero
 INFO: will suppress the further warning
 max=   6.7515239089280019     
 min=   0.0000000000000000     
       n_pass,     n_total
       40000       40053
 max=   6.7515239089280019     
 min=   0.0000000000000000     
       n_pass,     n_total
       50000       50053
 ITERATION            3 :
   2.0403030220084575E-002 +\-   5.5075133399450879E-005
 precision:   2.6993604776037322E-003
 max=   6.7515239089280019     
 min=   0.0000000000000000     
       n_pass,     n_total
       60000       60295
 max=   6.7515239089280019     
 min=   0.0000000000000000     
       n_pass,     n_total
       70000       70295
 ITERATION            4 :
   2.0364054777764734E-002 +\-   1.5030886697645365E-005
 precision:   7.3810873432030878E-004
 max=   6.7520754240744276     
 min=   0.0000000000000000     
       n_pass,     n_total
       80000       80718
 max=   6.7520754240744276     
 min=   0.0000000000000000     
       n_pass,     n_total
       90000       90718
 ITERATION            5 :
   2.0312368824763571E-002 +\-   1.7555264596344147E-005
 precision:   8.6426476142663702E-004
 max=   6.7520754240744276     
 min=   0.0000000000000000     
       n_pass,     n_total
      100000      101221
 max=   6.7520754240744276     
 min=   0.0000000000000000     
       n_pass,     n_total
      110000      111221
 ITERATION            6 :
   2.0338897157997755E-002 +\-   1.2638782437597201E-005
 precision:   6.2140942743433463E-004
 max=   6.7526707084391600     
 min=   0.0000000000000000     
       n_pass,     n_total
      120000      122321
 max=   6.7526707084391600     
 min=   0.0000000000000000     
       n_pass,     n_total
      130000      132321
 ITERATION            7 :
   2.0356125592626749E-002 +\-   1.0780593301087584E-005
 precision:   5.2959946881996317E-004
 max=   6.7527917346247328     
 min=   0.0000000000000000     
       n_pass,     n_total
      140000      143649
 max=   6.7527917346247328     
 min=   0.0000000000000000     
       n_pass,     n_total
      150000      153649
 ITERATION            8 :
   2.0328578070025881E-002 +\-   9.7032331189390645E-006
 precision:   4.7731981477082777E-004
 max=   6.7527917346247328     
 min=   0.0000000000000000     
       n_pass,     n_total
      160000      165301
 max=   6.7527917346247328     
 min=   0.0000000000000000     
       n_pass,     n_total
      170000      175301
 ITERATION            9 :
   2.0341223543465226E-002 +\-   9.9529318046070412E-006
 precision:   4.8929858045852390E-004
 max=   6.7528200674488845     
 min=   0.0000000000000000     
       n_pass,     n_total
      180000      186588
 ITERATION           10 :
   2.0362414410678865E-002 +\-   1.0090989990342491E-005
 precision:   4.9556942447111631E-004
 ====================NCALL=40K ===========================
  
 max=   6.7530364306276551     
 min=   0.0000000000000000     
       n_pass,     n_total
      190000      199090
 max=   6.7530364306276551     
 min=   0.0000000000000000     
       n_pass,     n_total
      200000      209090
 max=   6.7530364306276551     
 min=   0.0000000000000000     
       n_pass,     n_total
      210000      219090
 max=   6.7530364306276551     
 min=   0.0000000000000000     
       n_pass,     n_total
      220000      229090
   2.0357414988766698E-002 +\-   5.1459535418137279E-006
 precision:   2.5278030362171650E-004
 ====================NCALL=80K ===========================
  
 max=   6.7530364306276551     
 min=   0.0000000000000000     
       n_pass,     n_total
      230000      243230
 max=   6.7530364306276551     
 min=   0.0000000000000000     
       n_pass,     n_total
      240000      253230
 max=   6.7530364306276551     
 min=   0.0000000000000000     
       n_pass,     n_total
      250000      263230
 max=   6.7530364306276551     
 min=   0.0000000000000000     
       n_pass,     n_total
      260000      273230
 max=   6.7530364306276551     
 min=   0.0000000000000000     
       n_pass,     n_total
      270000      283230
 max=   6.7530364306276551     
 min=   0.0000000000000000     
       n_pass,     n_total
      280000      293230
 max=   6.7530364306276551     
 min=   0.0000000000000000     
       n_pass,     n_total
      290000      303230
   2.0349390442193797E-002 +\-   2.5146840282838470E-006
 precision:   1.2357539826203992E-004
 sigma (pb)                   sd (pb)
   2.0349390442193797E-002   2.5146840282838470E-006
