 =======================================================
 |                                                     |
 |         \/\/\/\/\/\___________/\/\/\/\/\/           |
 |                   |     \     |                     |
 |                   |     /     |                     |
 |                   |     \     |                     |
 |         /\/\/\/\/\|_____/_____|/\/\/\/\/\           |
 |                                                     |
 | Light-by-light scattering at next-to-leading order  |
 |                   (VERSION 0.5)                     |
 |                                                     |
 |    Authors:                                         |
 |            Ajjath A.H. (LPTHE Paris)                |
 |            Ekta Chaubey (Bonn)                      |
 |            Mathijs Fraaije (Bern)                   |
 |            Valentin Hirschi (Bern)                  |
 |            Hua-Sheng Shao (LPTHE Paris)             |
 |                                                     |
 |    Please cite                                      |
 |            PLB 851 (2024) 138555 [arXiv:2312.16956] |
 |            JHEP 03 (2024) 121    [arXiv:2312.16966] |
 |                                                     |
 =======================================================
 ---------------------------------------------------
         the cuts in the lab frame                  
 min transverse momentum of photon    0.0000000000000000     
 max (pseudo-)rapidity of photon    5.0000000000000000     
 min (pseudo-)rapidity of photon   -5.0000000000000000     
 min invariant mass of di-photon    0.0000000000000000     
 ---------------------------------------------------
 max=   224552.59073041880     
 min=   0.0000000000000000     
       n_pass,     n_total
       10000       10000
  
 ====================NCALL=20K===========================
  
 ITERATION            1 :
   4102.2909637042130      +\-   31.709704742790091     
 precision:   7.7297551595797657E-003
 WARNING: outside the range of the grid (xs,xt)=   5.3657919358431713E-002  -5.3655436910963472E-002
 WARNING: set the 2-loop amplitudes to zero
 WARNING: outside the range of the grid (xs,xt)=   5.2091349480968850E-002  -5.2088939509799967E-002
 WARNING: set the 2-loop amplitudes to zero
 WARNING: outside the range of the grid (xs,xt)=   2.5080216576426492E-002  -2.5079056257113194E-002
 WARNING: set the 2-loop amplitudes to zero
 WARNING: outside the range of the grid (xs,xt)=   23061.186193373956       -23060.119283140299     
 WARNING: set the 2-loop amplitudes to zero
 WARNING: outside the range of the grid (xs,xt)=  0.46827107614879510      -0.46824941190311931     
 WARNING: set the 2-loop amplitudes to zero
 INFO: will suppress the further warning
 max=   238435.94969931495     
 min=   0.0000000000000000     
       n_pass,     n_total
       20000       20007
 max=   238435.94969931495     
 min=   0.0000000000000000     
       n_pass,     n_total
       30000       30007
 ITERATION            2 :
   4063.5728258436425      +\-   7.0212596699934595     
 precision:   1.7278537806285701E-003
 max=   238435.94969931495     
 min=   0.0000000000000000     
       n_pass,     n_total
       40000       40042
 max=   238435.94969931495     
 min=   0.0000000000000000     
       n_pass,     n_total
       50000       50042
 ITERATION            3 :
   4058.1817067579882      +\-   2.5738208302033043     
 precision:   6.3423006069865851E-004
 max=   238479.74575096436     
 min=   0.0000000000000000     
       n_pass,     n_total
       60000       60168
 max=   238479.74575096436     
 min=   0.0000000000000000     
       n_pass,     n_total
       70000       70168
 ITERATION            4 :
   4060.0772163443366      +\-   1.6061114563849856     
 precision:   3.9558643119381765E-004
 max=   238479.74575096436     
 min=   0.0000000000000000     
       n_pass,     n_total
       80000       80447
 max=   238479.74575096436     
 min=   0.0000000000000000     
       n_pass,     n_total
       90000       90447
 ITERATION            5 :
   4058.8103895254658      +\-   1.1122342528164466     
 precision:   2.7402961608819648E-004
 max=   238479.74575096436     
 min=   0.0000000000000000     
       n_pass,     n_total
      100000      100755
 max=   238479.74575096436     
 min=   0.0000000000000000     
       n_pass,     n_total
      110000      110755
 ITERATION            6 :
   4057.8147247510428      +\-   1.3980048758813659     
 precision:   3.4452161340785145E-004
 max=   238479.74575096436     
 min=   0.0000000000000000     
       n_pass,     n_total
      120000      121080
 max=   238479.74575096436     
 min=   0.0000000000000000     
       n_pass,     n_total
      130000      131080
 ITERATION            7 :
   4060.2147393898094      +\-   1.1731823244888577     
 precision:   2.8894588089327752E-004
 max=   238479.74575096436     
 min=   0.0000000000000000     
       n_pass,     n_total
      140000      141540
 max=   238479.74575096436     
 min=   0.0000000000000000     
       n_pass,     n_total
      150000      151540
 ITERATION            8 :
   4057.1306838159439      +\-  0.96042983861141729     
 precision:   2.3672637473636483E-004
 max=   238479.74575096436     
 min=   0.0000000000000000     
       n_pass,     n_total
      160000      161907
 max=   238479.74575096436     
 min=   0.0000000000000000     
       n_pass,     n_total
      170000      171907
 ITERATION            9 :
   4059.5460772435072      +\-   1.1564923535411762     
 precision:   2.8488218424815908E-004
 max=   238480.04478276122     
 min=   0.0000000000000000     
       n_pass,     n_total
      180000      182436
 max=   238480.04478276122     
 min=   0.0000000000000000     
       n_pass,     n_total
      190000      192436
 ITERATION           10 :
   4060.4113051214231      +\-   1.0655142324683977     
 precision:   2.6241534475201014E-004
 ====================NCALL=40K ===========================
  
 max=   238480.04478276122     
 min=   0.0000000000000000     
       n_pass,     n_total
      200000      203240
 max=   238480.04478276122     
 min=   0.0000000000000000     
       n_pass,     n_total
      210000      213240
 max=   238480.04478276122     
 min=   0.0000000000000000     
       n_pass,     n_total
      220000      223240
 max=   238480.04478276122     
 min=   0.0000000000000000     
       n_pass,     n_total
      230000      233240
   4059.7997380354695      +\-  0.47663837717353957     
 precision:   1.1740440611097337E-004
 ====================NCALL=80K ===========================
  
 max=   238480.04478276122     
 min=   0.0000000000000000     
       n_pass,     n_total
      240000      245124
 max=   238480.04478276122     
 min=   0.0000000000000000     
       n_pass,     n_total
      250000      255124
 max=   238480.04478276122     
 min=   0.0000000000000000     
       n_pass,     n_total
      260000      265124
 max=   238480.04478276122     
 min=   0.0000000000000000     
       n_pass,     n_total
      270000      275124
 max=   238480.04478276122     
 min=   0.0000000000000000     
       n_pass,     n_total
      280000      285124
 max=   238480.04478276122     
 min=   0.0000000000000000     
       n_pass,     n_total
      290000      295124
 max=   238480.04478276122     
 min=   0.0000000000000000     
       n_pass,     n_total
      300000      305124
   4059.2147940410682      +\-  0.23884444993497089     
 precision:   5.8840061946363321E-005
 sigma (pb)                   sd (pb)
   4059.2147940410682       0.23884444993497089     
