 =======================================================
 |                                                     |
 |         \/\/\/\/\/\___________/\/\/\/\/\/           |
 |                   |     \     |                     |
 |                   |     /     |                     |
 |                   |     \     |                     |
 |         /\/\/\/\/\|_____/_____|/\/\/\/\/\           |
 |                                                     |
 | Light-by-light scattering at next-to-leading order  |
 |                   (VERSION 0.5)                     |
 |                                                     |
 |    Authors:                                         |
 |            Ajjath A.H. (LPTHE Paris)                |
 |            Ekta Chaubey (Bonn)                      |
 |            Mathijs Fraaije (Bern)                   |
 |            Valentin Hirschi (Bern)                  |
 |            Hua-Sheng Shao (LPTHE Paris)             |
 |                                                     |
 |    Please cite                                      |
 |            PLB 851 (2024) 138555 [arXiv:2312.16956] |
 |            JHEP 03 (2024) 121    [arXiv:2312.16966] |
 |                                                     |
 =======================================================
 ---------------------------------------------------
         the cuts in the lab frame                  
 min transverse momentum of photon    0.0000000000000000     
 max (pseudo-)rapidity of photon    5.0000000000000000     
 min (pseudo-)rapidity of photon   -5.0000000000000000     
 min invariant mass of di-photon    0.0000000000000000     
 ---------------------------------------------------
 max=   2095117.3604189849     
 min=   0.0000000000000000     
       n_pass,     n_total
       10000       10000
  
 ====================NCALL=20K===========================
  
 ITERATION            1 :
   271376.74095312663      +\-   249.56089722032311     
 precision:   9.1961048814949236E-004
 WARNING: outside the range of the grid (xs,xt)=   305.39443399803162       -305.37937066109401     
 WARNING: set the 2-loop amplitudes to zero
 max=   2095117.3604189849     
 min=   0.0000000000000000     
       n_pass,     n_total
       20000       20006
 max=   2095117.3604189849     
 min=   0.0000000000000000     
       n_pass,     n_total
       30000       30006
 ITERATION            2 :
   270838.67799747805      +\-   66.324906635851022     
 precision:   2.4488713032511778E-004
 max=   2131970.7945413729     
 min=   0.0000000000000000     
       n_pass,     n_total
       40000       40027
 max=   2131970.7945413729     
 min=   0.0000000000000000     
       n_pass,     n_total
       50000       50027
 WARNING: outside the range of the grid (xs,xt)=   305.39443399803162       -1.4698846541355722E-002
 WARNING: set the 2-loop amplitudes to zero
 ITERATION            3 :
   270744.87277306768      +\-   55.444615552378686     
 precision:   2.0478546826942546E-004
 WARNING: outside the range of the grid (xs,xt)=   305.39443399803162       -305.38037297533975     
 WARNING: set the 2-loop amplitudes to zero
 max=   2141249.9180868012     
 min=   0.0000000000000000     
       n_pass,     n_total
       60000       60066
 max=   2141249.9180868012     
 min=   0.0000000000000000     
       n_pass,     n_total
       70000       70066
 WARNING: outside the range of the grid (xs,xt)=   305.39443399803162       -1.5260083711394468E-002
 WARNING: set the 2-loop amplitudes to zero
 WARNING: outside the range of the grid (xs,xt)=   305.39443399803162       -1.4918743667455620E-002
 WARNING: set the 2-loop amplitudes to zero
 INFO: will suppress the further warning
 ITERATION            4 :
   270750.85398536839      +\-   50.098082739571836     
 precision:   1.8503388632812651E-004
 max=   2143710.5932061574     
 min=   0.0000000000000000     
       n_pass,     n_total
       80000       80119
 max=   2143710.5932061574     
 min=   0.0000000000000000     
       n_pass,     n_total
       90000       90119
 ITERATION            5 :
   270770.35575319693      +\-   45.727933355152295     
 precision:   1.6888087038904884E-004
 max=   2143710.5932061574     
 min=   0.0000000000000000     
       n_pass,     n_total
      100000      100198
 max=   2143710.5932061574     
 min=   0.0000000000000000     
       n_pass,     n_total
      110000      110198
 ITERATION            6 :
   270724.73050598684      +\-   44.632288542920428     
 precision:   1.6486225125980289E-004
 max=   2161360.1253502062     
 min=   0.0000000000000000     
       n_pass,     n_total
      120000      120283
 max=   2161360.1253502062     
 min=   0.0000000000000000     
       n_pass,     n_total
      130000      130283
 ITERATION            7 :
   270825.72482540976      +\-   43.256951409729147     
 precision:   1.5972246151142079E-004
 max=   2161360.1253502062     
 min=   0.0000000000000000     
       n_pass,     n_total
      140000      140375
 max=   2161360.1253502062     
 min=   0.0000000000000000     
       n_pass,     n_total
      150000      150375
 ITERATION            8 :
   270698.36984917184      +\-   42.194414538933081     
 precision:   1.5587243677323597E-004
 max=   2164089.8361113388     
 min=   0.0000000000000000     
       n_pass,     n_total
      160000      160480
 max=   2164089.8361113388     
 min=   0.0000000000000000     
       n_pass,     n_total
      170000      170480
 ITERATION            9 :
   270773.06699119438      +\-   41.413496051497134     
 precision:   1.5294540373486965E-004
 max=   2164089.8361113388     
 min=   0.0000000000000000     
       n_pass,     n_total
      180000      180583
 max=   2164089.8361113388     
 min=   0.0000000000000000     
       n_pass,     n_total
      190000      190583
 ITERATION           10 :
   270808.38871939195      +\-   42.463851673414354     
 precision:   1.5680404833180714E-004
 ====================NCALL=40K ===========================
  
 max=   2164089.8361113388     
 min=   0.0000000000000000     
       n_pass,     n_total
      200000      200778
 max=   2164089.8361113388     
 min=   0.0000000000000000     
       n_pass,     n_total
      210000      210778
 max=   2164089.8361113388     
 min=   0.0000000000000000     
       n_pass,     n_total
      220000      220778
 max=   2164089.8361113388     
 min=   0.0000000000000000     
       n_pass,     n_total
      230000      230778
   270782.15287557966      +\-   21.018795301305914     
 precision:   7.7622528213533090E-005
 ====================NCALL=80K ===========================
  
 max=   2164089.8361113388     
 min=   0.0000000000000000     
       n_pass,     n_total
      240000      241209
 max=   2164089.8361113388     
 min=   0.0000000000000000     
       n_pass,     n_total
      250000      251209
 max=   2164089.8361113388     
 min=   0.0000000000000000     
       n_pass,     n_total
      260000      261209
 max=   2164089.8361113388     
 min=   0.0000000000000000     
       n_pass,     n_total
      270000      271209
 max=   2164089.8361113388     
 min=   0.0000000000000000     
       n_pass,     n_total
      280000      281209
 max=   2164089.8361113388     
 min=   0.0000000000000000     
       n_pass,     n_total
      290000      291209
 max=   2164089.8361113388     
 min=   0.0000000000000000     
       n_pass,     n_total
      300000      301209
 max=   2164089.8361113388     
 min=   0.0000000000000000     
       n_pass,     n_total
      310000      311209
   270755.53575959109      +\-   9.9529940159821653     
 precision:   3.6760075793314950E-005
 sigma (pb)                   sd (pb)
   270755.53575959109        9.9529940159821653     
