 =======================================================
 |                                                     |
 |         \/\/\/\/\/\___________/\/\/\/\/\/           |
 |                   |     \     |                     |
 |                   |     /     |                     |
 |                   |     \     |                     |
 |         /\/\/\/\/\|_____/_____|/\/\/\/\/\           |
 |                                                     |
 | Light-by-light scattering at next-to-leading order  |
 |                   (VERSION 0.5)                     |
 |                                                     |
 |    Authors:                                         |
 |            Ajjath A.H. (LPTHE Paris)                |
 |            Ekta Chaubey (Bonn)                      |
 |            Mathijs Fraaije (Bern)                   |
 |            Valentin Hirschi (Bern)                  |
 |            Hua-Sheng Shao (LPTHE Paris)             |
 |                                                     |
 |    Please cite                                      |
 |            PLB 851 (2024) 138555 [arXiv:2312.16956] |
 |            JHEP 03 (2024) 121    [arXiv:2312.16966] |
 |                                                     |
 =======================================================
 ---------------------------------------------------
         the cuts in the lab frame                  
 min transverse momentum of photon    0.0000000000000000     
 max (pseudo-)rapidity of photon    5.0000000000000000     
 min (pseudo-)rapidity of photon   -5.0000000000000000     
 min invariant mass of di-photon    0.0000000000000000     
 ---------------------------------------------------
 max=   4.7020090245913257E-007
 min=   0.0000000000000000     
       n_pass,     n_total
       10000       10000
  
 ====================NCALL=20K===========================
  
 ITERATION            1 :
   2.6626411261186292E-007 +\-   6.4367728125849345E-010
 precision:   2.4174391169146823E-003
 max=   1.8197457868145219E-006
 min=   0.0000000000000000     
       n_pass,     n_total
       20000       20001
 max=   1.8197457868145219E-006
 min=   0.0000000000000000     
       n_pass,     n_total
       30000       30001
 ITERATION            2 :
   2.6652528069474767E-007 +\-   4.1801189700118363E-010
 precision:   1.5683761627098111E-003
 max=   1.8197457868145219E-006
 min=   0.0000000000000000     
       n_pass,     n_total
       40000       40001
 max=   1.8197457868145219E-006
 min=   0.0000000000000000     
       n_pass,     n_total
       50000       50001
 ITERATION            3 :
   2.6666607340081243E-007 +\-   4.2279418460326745E-010
 precision:   1.5854817195578783E-003
 max=   1.8197457868145219E-006
 min=   0.0000000000000000     
       n_pass,     n_total
       60000       60001
 max=   1.8197457868145219E-006
 min=   0.0000000000000000     
       n_pass,     n_total
       70000       70001
 ITERATION            4 :
   2.6573925543996733E-007 +\-   4.2298394685328965E-010
 precision:   1.5917254910381322E-003
 max=   1.8197457868145219E-006
 min=   0.0000000000000000     
       n_pass,     n_total
       80000       80002
 max=   1.8197457868145219E-006
 min=   0.0000000000000000     
       n_pass,     n_total
       90000       90002
 ITERATION            5 :
   2.6717828789814082E-007 +\-   4.0643703321166020E-010
 precision:   1.5212202922963952E-003
 max=   1.8197457868145219E-006
 min=   0.0000000000000000     
       n_pass,     n_total
      100000      100002
 max=   1.8197457868145219E-006
 min=   0.0000000000000000     
       n_pass,     n_total
      110000      110002
 ITERATION            6 :
   2.6647046041715034E-007 +\-   4.0429858308264605E-010
 precision:   1.5172360285253777E-003
 max=   1.8197457868145219E-006
 min=   0.0000000000000000     
       n_pass,     n_total
      120000      120004
 max=   1.8197457868145219E-006
 min=   0.0000000000000000     
       n_pass,     n_total
      130000      130004
 ITERATION            7 :
   2.6563901277913283E-007 +\-   4.0234811203143390E-010
 precision:   1.5146424006852062E-003
 max=   1.8197457868145219E-006
 min=   0.0000000000000000     
       n_pass,     n_total
      140000      140005
 max=   1.8197457868145219E-006
 min=   0.0000000000000000     
       n_pass,     n_total
      150000      150005
 ITERATION            8 :
   2.6588660265220384E-007 +\-   3.8805493802969037E-010
 precision:   1.4594753333145194E-003
 max=   1.8197457868145219E-006
 min=   0.0000000000000000     
       n_pass,     n_total
      160000      160006
 max=   1.8197457868145219E-006
 min=   0.0000000000000000     
       n_pass,     n_total
      170000      170006
 ITERATION            9 :
   2.6637904385693408E-007 +\-   4.6175960069084294E-010
 precision:   1.7334681963151845E-003
 max=   1.8197457868145219E-006
 min=   0.0000000000000000     
       n_pass,     n_total
      180000      180006
 max=   1.8197457868145219E-006
 min=   0.0000000000000000     
       n_pass,     n_total
      190000      190006
 ITERATION           10 :
   2.6638288107475294E-007 +\-   4.2405390140854626E-010
 precision:   1.5918962198233277E-003
 ====================NCALL=40K ===========================
  
 max=   1.8197457868145219E-006
 min=   0.0000000000000000     
       n_pass,     n_total
      200000      200008
 max=   1.8197457868145219E-006
 min=   0.0000000000000000     
       n_pass,     n_total
      210000      210008
 max=   1.8197457868145219E-006
 min=   0.0000000000000000     
       n_pass,     n_total
      220000      220008
 max=   1.8197457868145219E-006
 min=   0.0000000000000000     
       n_pass,     n_total
      230000      230008
   2.6619996103348205E-007 +\-   2.7635235987497563E-010
 precision:   1.0381382431540499E-003
 ====================NCALL=80K ===========================
  
 max=   1.8197457868145219E-006
 min=   0.0000000000000000     
       n_pass,     n_total
      240000      240012
 max=   1.8197457868145219E-006
 min=   0.0000000000000000     
       n_pass,     n_total
      250000      250012
 max=   1.8197457868145219E-006
 min=   0.0000000000000000     
       n_pass,     n_total
      260000      260012
 max=   1.8197457868145219E-006
 min=   0.0000000000000000     
       n_pass,     n_total
      270000      270012
 max=   1.8197457868145219E-006
 min=   0.0000000000000000     
       n_pass,     n_total
      280000      280012
 max=   1.8197457868145219E-006
 min=   0.0000000000000000     
       n_pass,     n_total
      290000      290012
 max=   1.8197457868145219E-006
 min=   0.0000000000000000     
       n_pass,     n_total
      300000      300012
 max=   1.8197457868145219E-006
 min=   0.0000000000000000     
       n_pass,     n_total
      310000      310012
   2.6619254400915324E-007 +\-   1.3169425059227869E-010
 precision:   4.9473305528704168E-004
 sigma (pb)                   sd (pb)
   2.6619254400915324E-007   1.3169425059227869E-010
