 =======================================================
 |                                                     |
 |         \/\/\/\/\/\___________/\/\/\/\/\/           |
 |                   |     \     |                     |
 |                   |     /     |                     |
 |                   |     \     |                     |
 |         /\/\/\/\/\|_____/_____|/\/\/\/\/\           |
 |                                                     |
 | Light-by-light scattering at next-to-leading order  |
 |                   (VERSION 0.5)                     |
 |                                                     |
 |    Authors:                                         |
 |            Ajjath A.H. (LPTHE Paris)                |
 |            Ekta Chaubey (Bonn)                      |
 |            Mathijs Fraaije (Bern)                   |
 |            Valentin Hirschi (Bern)                  |
 |            Hua-Sheng Shao (LPTHE Paris)             |
 |                                                     |
 |    Please cite                                      |
 |            PLB 851 (2024) 138555 [arXiv:2312.16956] |
 |            JHEP 03 (2024) 121    [arXiv:2312.16966] |
 |                                                     |
 =======================================================
 ---------------------------------------------------
         the cuts in the lab frame                  
 min transverse momentum of photon    0.0000000000000000     
 max (pseudo-)rapidity of photon    5.0000000000000000     
 min (pseudo-)rapidity of photon   -5.0000000000000000     
 min invariant mass of di-photon    0.0000000000000000     
 ---------------------------------------------------
 max=   1877741.3333973570     
 min=   0.0000000000000000     
       n_pass,     n_total
       10000       10000
  
 ====================NCALL=20K===========================
  
 ITERATION            1 :
   201626.85926478606      +\-   251.19890791376667     
 precision:   1.2458603423657966E-003
 WARNING: outside the range of the grid (xs,xt)=   426.24875057923344       -426.22882975943901     
 WARNING: set the 2-loop amplitudes to zero
 max=   1890228.7065441234     
 min=   0.0000000000000000     
       n_pass,     n_total
       20000       20006
 max=   1890228.7065441234     
 min=   0.0000000000000000     
       n_pass,     n_total
       30000       30006
 ITERATION            2 :
   201102.27407120896      +\-   56.151806323591487     
 precision:   2.7922014598257856E-004
 WARNING: outside the range of the grid (xs,xt)=   426.24875057923344       -426.22759424783169     
 WARNING: set the 2-loop amplitudes to zero
 max=   1891458.1277313740     
 min=   0.0000000000000000     
       n_pass,     n_total
       40000       40027
 max=   1891458.1277313740     
 min=   0.0000000000000000     
       n_pass,     n_total
       50000       50027
 WARNING: outside the range of the grid (xs,xt)=   426.24875057923344       -2.0239531758294967E-002
 WARNING: set the 2-loop amplitudes to zero
 WARNING: outside the range of the grid (xs,xt)=   426.24875057923344       -2.1254108787465531E-002
 WARNING: set the 2-loop amplitudes to zero
 ITERATION            3 :
   201011.49134598114      +\-   45.544638692022126     
 precision:   2.2657728862690072E-004
 WARNING: outside the range of the grid (xs,xt)=   426.24875057923344       -426.22930599233774     
 WARNING: set the 2-loop amplitudes to zero
 INFO: will suppress the further warning
 max=   1908567.4677924563     
 min=   0.0000000000000000     
       n_pass,     n_total
       60000       60068
 max=   1908567.4677924563     
 min=   0.0000000000000000     
       n_pass,     n_total
       70000       70068
 ITERATION            4 :
   201017.73530380373      +\-   40.904431291080066     
 precision:   2.0348667857221679E-004
 max=   1910514.1278067073     
 min=   0.0000000000000000     
       n_pass,     n_total
       80000       80130
 max=   1910514.1278067073     
 min=   0.0000000000000000     
       n_pass,     n_total
       90000       90130
 ITERATION            5 :
   201032.79972735242      +\-   36.795068816066902     
 precision:   1.8303017649841038E-004
 max=   1917435.8411890895     
 min=   0.0000000000000000     
       n_pass,     n_total
      100000      100226
 max=   1917435.8411890895     
 min=   0.0000000000000000     
       n_pass,     n_total
      110000      110226
 ITERATION            6 :
   201000.48285333038      +\-   35.538910850187143     
 precision:   1.7681007699926675E-004
 max=   1921641.1205029318     
 min=   0.0000000000000000     
       n_pass,     n_total
      120000      120329
 max=   1921641.1205029318     
 min=   0.0000000000000000     
       n_pass,     n_total
      130000      130329
 ITERATION            7 :
   201086.43735261186      +\-   34.234603240591163     
 precision:   1.7024819620509578E-004
 max=   1922407.8308752482     
 min=   0.0000000000000000     
       n_pass,     n_total
      140000      140447
 max=   1922407.8308752482     
 min=   0.0000000000000000     
       n_pass,     n_total
      150000      150447
 ITERATION            8 :
   200967.12147842441      +\-   33.701876928970322     
 precision:   1.6769846072850535E-004
 max=   1924116.3058989421     
 min=   0.0000000000000000     
       n_pass,     n_total
      160000      160577
 max=   1924116.3058989421     
 min=   0.0000000000000000     
       n_pass,     n_total
      170000      170577
 ITERATION            9 :
   201038.47514094872      +\-   33.115816973614635     
 precision:   1.6472377712971125E-004
 max=   1924116.3058989421     
 min=   0.0000000000000000     
       n_pass,     n_total
      180000      180715
 max=   1924116.3058989421     
 min=   0.0000000000000000     
       n_pass,     n_total
      190000      190715
 ITERATION           10 :
   201059.63945769615      +\-   33.320038312225925     
 precision:   1.6572216284729095E-004
 ====================NCALL=40K ===========================
  
 max=   1924116.3058989421     
 min=   0.0000000000000000     
       n_pass,     n_total
      200000      200950
 max=   1924116.3058989421     
 min=   0.0000000000000000     
       n_pass,     n_total
      210000      210950
 max=   1924116.3058989421     
 min=   0.0000000000000000     
       n_pass,     n_total
      220000      220950
 max=   1924116.3058989421     
 min=   0.0000000000000000     
       n_pass,     n_total
      230000      230950
   201051.28550294886      +\-   16.592309097987965     
 precision:   8.2527744383631914E-005
 ====================NCALL=80K ===========================
  
 max=   1926515.3230481897     
 min=   0.0000000000000000     
       n_pass,     n_total
      240000      241429
 max=   1926515.3230481897     
 min=   0.0000000000000000     
       n_pass,     n_total
      250000      251429
 max=   1926515.3230481897     
 min=   0.0000000000000000     
       n_pass,     n_total
      260000      261429
 max=   1926515.3230481897     
 min=   0.0000000000000000     
       n_pass,     n_total
      270000      271429
 max=   1926515.3230481897     
 min=   0.0000000000000000     
       n_pass,     n_total
      280000      281429
 max=   1926515.3230481897     
 min=   0.0000000000000000     
       n_pass,     n_total
      290000      291429
 max=   1926515.3230481897     
 min=   0.0000000000000000     
       n_pass,     n_total
      300000      301429
 max=   1926515.3230481897     
 min=   0.0000000000000000     
       n_pass,     n_total
      310000      311429
   201027.96968179150      +\-   7.6952955230646314     
 precision:   3.8279725628456407E-005
 sigma (pb)                   sd (pb)
   201027.96968179150        7.6952955230646314     
