 =======================================================
 |                                                     |
 |         \/\/\/\/\/\___________/\/\/\/\/\/           |
 |                   |     \     |                     |
 |                   |     /     |                     |
 |                   |     \     |                     |
 |         /\/\/\/\/\|_____/_____|/\/\/\/\/\           |
 |                                                     |
 | Light-by-light scattering at next-to-leading order  |
 |                   (VERSION 0.5)                     |
 |                                                     |
 |    Authors:                                         |
 |            Ajjath A.H. (LPTHE Paris)                |
 |            Ekta Chaubey (Bonn)                      |
 |            Mathijs Fraaije (Bern)                   |
 |            Valentin Hirschi (Bern)                  |
 |            Hua-Sheng Shao (LPTHE Paris)             |
 |                                                     |
 |    Please cite                                      |
 |            PLB 851 (2024) 138555 [arXiv:2312.16956] |
 |            JHEP 03 (2024) 121    [arXiv:2312.16966] |
 |                                                     |
 =======================================================
 ---------------------------------------------------
         the cuts in the lab frame                  
 min transverse momentum of photon    0.0000000000000000     
 max (pseudo-)rapidity of photon    5.0000000000000000     
 min (pseudo-)rapidity of photon   -5.0000000000000000     
 min invariant mass of di-photon    0.0000000000000000     
 ---------------------------------------------------
 max=   162051.45852212448     
 min=   0.0000000000000000     
       n_pass,     n_total
       10000       10000
  
 ====================NCALL=20K===========================
  
 ITERATION            1 :
   2691.4997516159115      +\-   21.684813967714074     
 precision:   8.0567772501911016E-003
 WARNING: outside the range of the grid (xs,xt)=   8.1437825796391167E-002  -8.1433827591755575E-002
 WARNING: set the 2-loop amplitudes to zero
 WARNING: outside the range of the grid (xs,xt)=   7.9060207612456745E-002  -7.9056326137411495E-002
 WARNING: set the 2-loop amplitudes to zero
 WARNING: outside the range of the grid (xs,xt)=   3.8064806330695547E-002  -3.8062937532214791E-002
 WARNING: set the 2-loop amplitudes to zero
 WARNING: outside the range of the grid (xs,xt)=   35000.478705274574       -34998.760350507131     
 WARNING: set the 2-loop amplitudes to zero
 WARNING: outside the range of the grid (xs,xt)=  0.71070549847739739      -0.71067060626372680     
 WARNING: set the 2-loop amplitudes to zero
 INFO: will suppress the further warning
 max=   171331.64419347985     
 min=   0.0000000000000000     
       n_pass,     n_total
       20000       20008
 max=   171331.64419347985     
 min=   0.0000000000000000     
       n_pass,     n_total
       30000       30008
 ITERATION            2 :
   2665.3695623686103      +\-   5.0620471306068069     
 precision:   1.8991914675083039E-003
 max=   173316.21026510076     
 min=   0.0000000000000000     
       n_pass,     n_total
       40000       40043
 max=   173316.21026510076     
 min=   0.0000000000000000     
       n_pass,     n_total
       50000       50043
 ITERATION            3 :
   2662.9998224875935      +\-   1.8008654010598413     
 precision:   6.7625442024160372E-004
 max=   175069.43199570055     
 min=   0.0000000000000000     
       n_pass,     n_total
       60000       60170
 max=   175069.43199570055     
 min=   0.0000000000000000     
       n_pass,     n_total
       70000       70170
 ITERATION            4 :
   2664.5955657188288      +\-   1.1107537960351090     
 precision:   4.1685643041872308E-004
 max=   175160.14924841953     
 min=   0.0000000000000000     
       n_pass,     n_total
       80000       80465
 max=   175160.14924841953     
 min=   0.0000000000000000     
       n_pass,     n_total
       90000       90465
 ITERATION            5 :
   2663.1923528118955      +\-  0.77408357729696331     
 precision:   2.9066003305381141E-004
 max=   175160.14924841953     
 min=   0.0000000000000000     
       n_pass,     n_total
      100000      100846
 max=   175160.14924841953     
 min=   0.0000000000000000     
       n_pass,     n_total
      110000      110846
 ITERATION            6 :
   2663.5395908235610      +\-  0.69609916106840497     
 precision:   2.6134365093224407E-004
 max=   175160.14924841953     
 min=   0.0000000000000000     
       n_pass,     n_total
      120000      121222
 max=   175160.14924841953     
 min=   0.0000000000000000     
       n_pass,     n_total
      130000      131222
 ITERATION            7 :
   2664.1251714782070      +\-  0.66526944824805812     
 precision:   2.4971403572562960E-004
 max=   175160.14924841953     
 min=   0.0000000000000000     
       n_pass,     n_total
      140000      141640
 max=   175160.14924841953     
 min=   0.0000000000000000     
       n_pass,     n_total
      150000      151640
 ITERATION            8 :
   2661.8927309197820      +\-  0.69749329137106042     
 precision:   2.6202907550299773E-004
 max=   175168.24825608474     
 min=   0.0000000000000000     
       n_pass,     n_total
      160000      162220
 max=   175168.24825608474     
 min=   0.0000000000000000     
       n_pass,     n_total
      170000      172220
 ITERATION            9 :
   2663.4844712082099      +\-  0.66840575219316256     
 precision:   2.5095162349114816E-004
 max=   175168.24825608474     
 min=   0.0000000000000000     
       n_pass,     n_total
      180000      182826
 max=   175168.24825608474     
 min=   0.0000000000000000     
       n_pass,     n_total
      190000      192826
 ITERATION           10 :
   2664.6259401963630      +\-  0.65851952241819622     
 precision:   2.4713394570108712E-004
 ====================NCALL=40K ===========================
  
 max=   175168.24825608474     
 min=   0.0000000000000000     
       n_pass,     n_total
      200000      203856
 max=   175168.24825608474     
 min=   0.0000000000000000     
       n_pass,     n_total
      210000      213856
 max=   175168.24825608474     
 min=   0.0000000000000000     
       n_pass,     n_total
      220000      223856
 max=   175168.24825608474     
 min=   0.0000000000000000     
       n_pass,     n_total
      230000      233856
   2663.8464377812415      +\-  0.31578203076030015     
 precision:   1.1854363160037101E-004
 ====================NCALL=80K ===========================
  
 max=   175168.24825608474     
 min=   0.0000000000000000     
       n_pass,     n_total
      240000      246242
 max=   175168.24825608474     
 min=   0.0000000000000000     
       n_pass,     n_total
      250000      256242
 max=   175168.24825608474     
 min=   0.0000000000000000     
       n_pass,     n_total
      260000      266242
 max=   175168.24825608474     
 min=   0.0000000000000000     
       n_pass,     n_total
      270000      276242
 max=   175168.24825608474     
 min=   0.0000000000000000     
       n_pass,     n_total
      280000      286242
 max=   175168.24825608474     
 min=   0.0000000000000000     
       n_pass,     n_total
      290000      296242
 max=   175168.24825608474     
 min=   0.0000000000000000     
       n_pass,     n_total
      300000      306242
   2663.7355133654182      +\-  0.16254042726700413     
 precision:   6.1019732046012031E-005
 sigma (pb)                   sd (pb)
   2663.7355133654182       0.16254042726700413     
