 =======================================================
 |                                                     |
 |         \/\/\/\/\/\___________/\/\/\/\/\/           |
 |                   |     \     |                     |
 |                   |     /     |                     |
 |                   |     \     |                     |
 |         /\/\/\/\/\|_____/_____|/\/\/\/\/\           |
 |                                                     |
 | Light-by-light scattering at next-to-leading order  |
 |                   (VERSION 0.5)                     |
 |                                                     |
 |    Authors:                                         |
 |            Ajjath A.H. (LPTHE Paris)                |
 |            Ekta Chaubey (Bonn)                      |
 |            Mathijs Fraaije (Bern)                   |
 |            Valentin Hirschi (Bern)                  |
 |            Hua-Sheng Shao (LPTHE Paris)             |
 |                                                     |
 |    Please cite                                      |
 |            PLB 851 (2024) 138555 [arXiv:2312.16956] |
 |            JHEP 03 (2024) 121    [arXiv:2312.16966] |
 |                                                     |
 =======================================================
 ---------------------------------------------------
         the cuts in the lab frame                  
 min transverse momentum of photon    0.0000000000000000     
 max (pseudo-)rapidity of photon    5.0000000000000000     
 min (pseudo-)rapidity of photon   -5.0000000000000000     
 min invariant mass of di-photon    0.0000000000000000     
 ---------------------------------------------------
 WARNING: outside the range of the grid (xs,xt)=   4.8637842418994515       -4.8637841933132089     
 WARNING: set the 2-loop amplitudes to zero
 max=   4060295779047560.5     
 min=   0.0000000000000000     
       n_pass,     n_total
       10000       10000
  
 ====================NCALL=20K===========================
  
 ITERATION            1 :
   207138454005.88211      +\-   207136811405.51166     
 precision:  0.99999207003654467     
 WARNING: outside the range of the grid (xs,xt)=   4.8637594954909789       -4.8637594469049832     
 WARNING: set the 2-loop amplitudes to zero
 WARNING: outside the range of the grid (xs,xt)=   4.8638174257183540       -4.8638173771317801     
 WARNING: set the 2-loop amplitudes to zero
 WARNING: outside the range of the grid (xs,xt)=   4.8639007463959221       -4.8639006978085169     
 WARNING: set the 2-loop amplitudes to zero
 WARNING: outside the range of the grid (xs,xt)=   4.8639071952340220       -4.8639071466465520     
 WARNING: set the 2-loop amplitudes to zero
 INFO: will suppress the further warning
 max=   9490106625149014.0     
 min=   0.0000000000000000     
       n_pass,     n_total
       20000       20017
 max=   9490106625149014.0     
 min=   0.0000000000000000     
       n_pass,     n_total
       30000       30017
 ITERATION            2 :
   18076491471.632381      +\-   6143120916.1147251     
 precision:  0.33984033493198534     
 max=   10491379295955414.     
 min=   0.0000000000000000     
       n_pass,     n_total
       40000       40285
 max=   10491379295955414.     
 min=   0.0000000000000000     
       n_pass,     n_total
       50000       50285
 ITERATION            3 :
   215800391253.42886      +\-   55008254579.073502     
 precision:  0.25490340522355043     
 max=   10513361343920134.     
 min=   0.0000000000000000     
       n_pass,     n_total
       60000       65040
 max=   10513361343920134.     
 min=   0.0000000000000000     
       n_pass,     n_total
       70000       75040
 ITERATION            4 :
   201931491467.99536      +\-   460935182.42317939     
 precision:   2.2826314958221076E-003
 max=   10516422264897388.     
 min=   0.0000000000000000     
       n_pass,     n_total
       80000       87795
 max=   10516422264897388.     
 min=   0.0000000000000000     
       n_pass,     n_total
       90000       97795
 ITERATION            5 :
   202304012025.04773      +\-   102995651.82275315     
 precision:   5.0911324393310110E-004
 max=   10517135328754448.     
 min=   0.0000000000000000     
       n_pass,     n_total
      100000      113051
 ITERATION            6 :
   202184615740.74850      +\-   48157918.235690810     
 precision:   2.3818784658394268E-004
 max=   10517227598890976.     
 min=   0.0000000000000000     
       n_pass,     n_total
      110000      126138
 max=   10517227598890976.     
 min=   0.0000000000000000     
       n_pass,     n_total
      120000      136138
 ITERATION            7 :
   202170723338.75162      +\-   20852634.352687649     
 precision:   1.0314368969115057E-004
 max=   10517227598890976.     
 min=   0.0000000000000000     
       n_pass,     n_total
      130000      147501
 ITERATION            8 :
   202185148470.53702      +\-   11362953.618061284     
 precision:   5.6200733357609222E-005
 max=   10517227598890976.     
 min=   0.0000000000000000     
       n_pass,     n_total
      140000      158350
 max=   10517227598890976.     
 min=   0.0000000000000000     
       n_pass,     n_total
      150000      168350
 ITERATION            9 :
   202163103177.19244      +\-   9293380.7661186010     
 precision:   4.5969717619407108E-005
 max=   10517227598890976.     
 min=   0.0000000000000000     
       n_pass,     n_total
      160000      179812
 max=   10517227598890976.     
 min=   0.0000000000000000     
       n_pass,     n_total
      170000      189812
 ITERATION           10 :
   202172411197.76086      +\-   8522837.0074784383     
 precision:   4.2156281151247561E-005
 ====================NCALL=40K ===========================
  
 max=   10517227598890976.     
 min=   0.0000000000000000     
       n_pass,     n_total
      180000      202348
 max=   10517227598890976.     
 min=   0.0000000000000000     
       n_pass,     n_total
      190000      212348
 max=   10517227598890976.     
 min=   0.0000000000000000     
       n_pass,     n_total
      200000      222348
 max=   10517227598890976.     
 min=   0.0000000000000000     
       n_pass,     n_total
      210000      232348
   202157952884.79120      +\-   50489219.291917495     
 precision:   2.4975133835417816E-004
 ====================NCALL=80K ===========================
  
 max=   10517232722577306.     
 min=   0.0000000000000000     
       n_pass,     n_total
      220000      270274
 max=   10517232722577306.     
 min=   0.0000000000000000     
       n_pass,     n_total
      230000      280274
 max=   10517232722577306.     
 min=   0.0000000000000000     
       n_pass,     n_total
      240000      290274
 max=   10517232722577306.     
 min=   0.0000000000000000     
       n_pass,     n_total
      250000      300274
 max=   10517232722577306.     
 min=   0.0000000000000000     
       n_pass,     n_total
      260000      310274
   200151501071.57254      +\-   8338513.8341481593     
 precision:   4.1661010731897406E-005
 sigma (pb)                   sd (pb)
   200151501071.57254        8338513.8341481593     
