 =======================================================
 |                                                     |
 |         \/\/\/\/\/\___________/\/\/\/\/\/           |
 |                   |     \     |                     |
 |                   |     /     |                     |
 |                   |     \     |                     |
 |         /\/\/\/\/\|_____/_____|/\/\/\/\/\           |
 |                                                     |
 | Light-by-light scattering at next-to-leading order  |
 |                   (VERSION 0.5)                     |
 |                                                     |
 |    Authors:                                         |
 |            Ajjath A.H. (LPTHE Paris)                |
 |            Ekta Chaubey (Bonn)                      |
 |            Mathijs Fraaije (Bern)                   |
 |            Valentin Hirschi (Bern)                  |
 |            Hua-Sheng Shao (LPTHE Paris)             |
 |                                                     |
 |    Please cite                                      |
 |            PLB 851 (2024) 138555 [arXiv:2312.16956] |
 |            JHEP 03 (2024) 121    [arXiv:2312.16966] |
 |                                                     |
 =======================================================
 ---------------------------------------------------
         the cuts in the lab frame                  
 min transverse momentum of photon    0.0000000000000000     
 max (pseudo-)rapidity of photon    5.0000000000000000     
 min (pseudo-)rapidity of photon   -5.0000000000000000     
 min invariant mass of di-photon    0.0000000000000000     
 ---------------------------------------------------
 WARNING: outside the range of the grid (xs,xt)=   4.9417768659980252       -4.9417768166335243     
 WARNING: set the 2-loop amplitudes to zero
 max=   3988820997191511.5     
 min=   0.0000000000000000     
       n_pass,     n_total
       10000       10000
  
 ====================NCALL=20K===========================
  
 ITERATION            1 :
   203492163250.08887      +\-   203490510932.32632     
 precision:  0.99999188018970286     
 WARNING: outside the range of the grid (xs,xt)=   4.9418105093991347       -4.9418104600342971     
 WARNING: set the 2-loop amplitudes to zero
 WARNING: outside the range of the grid (xs,xt)=   4.9418951849101953       -4.9418951355445140     
 WARNING: set the 2-loop amplitudes to zero
 WARNING: outside the range of the grid (xs,xt)=   4.9419017386094435       -4.9419016892436956     
 WARNING: set the 2-loop amplitudes to zero
 WARNING: outside the range of the grid (xs,xt)=   4.9418486839034941       -4.9418486345382755     
 WARNING: set the 2-loop amplitudes to zero
 INFO: will suppress the further warning
 max=   9318922404412498.0     
 min=   0.0000000000000000     
       n_pass,     n_total
       20000       20017
 max=   9318922404412498.0     
 min=   0.0000000000000000     
       n_pass,     n_total
       30000       30017
 ITERATION            2 :
   16683721156.751442      +\-   5938439052.8778334     
 precision:  0.35594211849283458     
 max=   10294235745434298.     
 min=   0.0000000000000000     
       n_pass,     n_total
       40000       40285
 max=   10294235745434298.     
 min=   0.0000000000000000     
       n_pass,     n_total
       50000       50285
 ITERATION            3 :
   212878947895.05386      +\-   56633836435.989716     
 precision:  0.26603775054313661     
 max=   10327528480376712.     
 min=   0.0000000000000000     
       n_pass,     n_total
       60000       65037
 max=   10327528480376712.     
 min=   0.0000000000000000     
       n_pass,     n_total
       70000       75037
 ITERATION            4 :
   194301592241.75632      +\-   137625597.95515835     
 precision:   7.0830916189261147E-004
 max=   10332095780254524.     
 min=   0.0000000000000000     
       n_pass,     n_total
       80000       87165
 max=   10332095780254524.     
 min=   0.0000000000000000     
       n_pass,     n_total
       90000       97165
 ITERATION            5 :
   194337031006.24435      +\-   181849625.10578036     
 precision:   9.3574355934220922E-004
 max=   10332095780254524.     
 min=   0.0000000000000000     
       n_pass,     n_total
      100000      112598
 ITERATION            6 :
   194224849506.78583      +\-   45843530.040693842     
 precision:   2.3603328903128927E-004
 max=   10332095780254524.     
 min=   0.0000000000000000     
       n_pass,     n_total
      110000      124795
 max=   10332095780254524.     
 min=   0.0000000000000000     
       n_pass,     n_total
      120000      134795
 ITERATION            7 :
   194276836463.64587      +\-   17899868.771293774     
 precision:   9.2135887618508206E-005
 max=   10332095780254524.     
 min=   0.0000000000000000     
       n_pass,     n_total
      130000      146105
 max=   10332095780254524.     
 min=   0.0000000000000000     
       n_pass,     n_total
      140000      156105
 ITERATION            8 :
   194278147366.08228      +\-   11418954.135559913     
 precision:   5.8776317822523522E-005
 max=   10332096641929766.     
 min=   0.0000000000000000     
       n_pass,     n_total
      150000      167624
 ITERATION            9 :
   194280473645.26706      +\-   8336149.0801890111     
 precision:   4.2907807067682075E-005
 max=   10332096641929766.     
 min=   0.0000000000000000     
       n_pass,     n_total
      160000      178874
 max=   10332096641929766.     
 min=   0.0000000000000000     
       n_pass,     n_total
      170000      188874
 ITERATION           10 :
   194271455239.91022      +\-   6742365.4164633658     
 precision:   3.4705898548693459E-005
 ====================NCALL=40K ===========================
  
 max=   10332096641929766.     
 min=   0.0000000000000000     
       n_pass,     n_total
      180000      200566
 max=   10332096641929766.     
 min=   0.0000000000000000     
       n_pass,     n_total
      190000      210566
 max=   10332096641929766.     
 min=   0.0000000000000000     
       n_pass,     n_total
      200000      220566
 max=   10332096641929766.     
 min=   0.0000000000000000     
       n_pass,     n_total
      210000      230566
   193845444437.28574      +\-   2769601.9018693035     
 precision:   1.4287681146746500E-005
 ====================NCALL=80K ===========================
  
 max=   10332096641929766.     
 min=   0.0000000000000000     
       n_pass,     n_total
      220000      242552
 max=   10332096641929766.     
 min=   0.0000000000000000     
       n_pass,     n_total
      230000      252552
 max=   10332096641929766.     
 min=   0.0000000000000000     
       n_pass,     n_total
      240000      262552
 max=   10332096641929766.     
 min=   0.0000000000000000     
       n_pass,     n_total
      250000      272552
 max=   10332096641929766.     
 min=   0.0000000000000000     
       n_pass,     n_total
      260000      282552
 max=   10332096641929766.     
 min=   0.0000000000000000     
       n_pass,     n_total
      270000      292552
 max=   10332096641929766.     
 min=   0.0000000000000000     
       n_pass,     n_total
      280000      302552
 max=   10332096641929766.     
 min=   0.0000000000000000     
       n_pass,     n_total
      290000      312552
   192582588813.52261      +\-   882830198.08200932     
 precision:   4.5841641423610326E-003
 sigma (pb)                   sd (pb)
   192582588813.52261        882830198.08200932     
