 =======================================================
 |                                                     |
 |         \/\/\/\/\/\___________/\/\/\/\/\/           |
 |                   |     \     |                     |
 |                   |     /     |                     |
 |                   |     \     |                     |
 |         /\/\/\/\/\|_____/_____|/\/\/\/\/\           |
 |                                                     |
 | Light-by-light scattering at next-to-leading order  |
 |                   (VERSION 0.5)                     |
 |                                                     |
 |    Authors:                                         |
 |            Ajjath A.H. (LPTHE Paris)                |
 |            Ekta Chaubey (Bonn)                      |
 |            Mathijs Fraaije (Bern)                   |
 |            Valentin Hirschi (Bern)                  |
 |            Hua-Sheng Shao (LPTHE Paris)             |
 |                                                     |
 |    Please cite                                      |
 |            PLB 851 (2024) 138555 [arXiv:2312.16956] |
 |            JHEP 03 (2024) 121    [arXiv:2312.16966] |
 |                                                     |
 =======================================================
 ---------------------------------------------------
         the cuts in the lab frame                  
 min transverse momentum of photon    0.0000000000000000     
 max (pseudo-)rapidity of photon    5.0000000000000000     
 min (pseudo-)rapidity of photon   -5.0000000000000000     
 min invariant mass of di-photon    0.0000000000000000     
 ---------------------------------------------------
 max=   2501.1970344962438     
 min=   0.0000000000000000     
       n_pass,     n_total
       10000       10000
  
 ====================NCALL=20K===========================
  
 ITERATION            1 :
   93.998319829144137      +\-  0.28805027214602308     
 precision:   3.0644193712142630E-003
 WARNING: outside the range of the grid (xs,xt)=   7.8399999999999972       -7.8396206907237644     
 WARNING: set the 2-loop amplitudes to zero
 WARNING: outside the range of the grid (xs,xt)=   7.6111072664359831       -7.6107390312843810     
 WARNING: set the 2-loop amplitudes to zero
 WARNING: outside the range of the grid (xs,xt)=   3.6644897959183669       -3.6643125031923147     
 WARNING: set the 2-loop amplitudes to zero
 WARNING: outside the range of the grid (xs,xt)=  0.39104177777777771      -0.39102285867398873     
 WARNING: set the 2-loop amplitudes to zero
 WARNING: outside the range of the grid (xs,xt)=   3.8995855955678664E-002  -3.8993969286048737E-002
 WARNING: set the 2-loop amplitudes to zero
 INFO: will suppress the further warning
 max=   2820.9403929918963     
 min=   0.0000000000000000     
       n_pass,     n_total
       20000       20007
 max=   2820.9403929918963     
 min=   0.0000000000000000     
       n_pass,     n_total
       30000       30007
 ITERATION            2 :
   93.645910626313650      +\-   7.7018477966277601E-002
 precision:   8.2244357976947382E-004
 max=   2823.6942334582359     
 min=   0.0000000000000000     
       n_pass,     n_total
       40000       40036
 max=   2823.6942334582359     
 min=   0.0000000000000000     
       n_pass,     n_total
       50000       50036
 ITERATION            3 :
   93.573670311147296      +\-   3.2523880827080458E-002
 precision:   3.4757513218123642E-004
 max=   2863.0329324609006     
 min=   0.0000000000000000     
       n_pass,     n_total
       60000       60128
 max=   2863.0329324609006     
 min=   0.0000000000000000     
       n_pass,     n_total
       70000       70128
 ITERATION            4 :
   93.600392021878662      +\-   2.4540117523103686E-002
 precision:   2.6217964468960283E-004
 max=   2863.0329324609006     
 min=   0.0000000000000000     
       n_pass,     n_total
       80000       80327
 max=   2863.0329324609006     
 min=   0.0000000000000000     
       n_pass,     n_total
       90000       90327
 ITERATION            5 :
   93.577326191020035      +\-   1.9256285535161156E-002
 precision:   2.0577939463511886E-004
 max=   2863.0329324609006     
 min=   0.0000000000000000     
       n_pass,     n_total
      100000      100650
 max=   2863.0329324609006     
 min=   0.0000000000000000     
       n_pass,     n_total
      110000      110650
 ITERATION            6 :
   93.596011627970128      +\-   1.6576045240601828E-002
 precision:   1.7710204689585577E-004
 max=   2863.0329324609006     
 min=   0.0000000000000000     
       n_pass,     n_total
      120000      120935
 max=   2863.0329324609006     
 min=   0.0000000000000000     
       n_pass,     n_total
      130000      130935
 ITERATION            7 :
   93.634532205272379      +\-   1.6020449195021859E-002
 precision:   1.7109552232183608E-004
 max=   2863.0329324609006     
 min=   0.0000000000000000     
       n_pass,     n_total
      140000      141334
 max=   2863.0329324609006     
 min=   0.0000000000000000     
       n_pass,     n_total
      150000      151334
 ITERATION            8 :
   93.578388317908548      +\-   1.7321641080939160E-002
 precision:   1.8510300713978244E-004
 max=   2863.9798200966047     
 min=   0.0000000000000000     
       n_pass,     n_total
      160000      161515
 max=   2863.9798200966047     
 min=   0.0000000000000000     
       n_pass,     n_total
      170000      171515
 ITERATION            9 :
   93.599715089174197      +\-   1.7372172552100190E-002
 precision:   1.8560069905714346E-004
 max=   2863.9798200966047     
 min=   0.0000000000000000     
       n_pass,     n_total
      180000      181910
 max=   2863.9798200966047     
 min=   0.0000000000000000     
       n_pass,     n_total
      190000      191910
 ITERATION           10 :
   93.610729629274147      +\-   1.6631172397756227E-002
 precision:   1.7766309977094004E-004
 ====================NCALL=40K ===========================
  
 max=   2863.9798200966047     
 min=   0.0000000000000000     
       n_pass,     n_total
      200000      202301
 max=   2863.9798200966047     
 min=   0.0000000000000000     
       n_pass,     n_total
      210000      212301
 max=   2863.9798200966047     
 min=   0.0000000000000000     
       n_pass,     n_total
      220000      222301
 max=   2863.9798200966047     
 min=   0.0000000000000000     
       n_pass,     n_total
      230000      232301
   93.612259720002356      +\-   7.7308088597814540E-003
 precision:   8.2583294996879496E-005
 ====================NCALL=80K ===========================
  
 max=   2868.9616106126259     
 min=   0.0000000000000000     
       n_pass,     n_total
      240000      243357
 max=   2868.9616106126259     
 min=   0.0000000000000000     
       n_pass,     n_total
      250000      253357
 max=   2868.9616106126259     
 min=   0.0000000000000000     
       n_pass,     n_total
      260000      263357
 max=   2868.9616106126259     
 min=   0.0000000000000000     
       n_pass,     n_total
      270000      273357
 max=   2868.9616106126259     
 min=   0.0000000000000000     
       n_pass,     n_total
      280000      283357
 max=   2868.9616106126259     
 min=   0.0000000000000000     
       n_pass,     n_total
      290000      293357
 max=   2868.9616106126259     
 min=   0.0000000000000000     
       n_pass,     n_total
      300000      303357
 max=   2868.9616106126259     
 min=   0.0000000000000000     
       n_pass,     n_total
      310000      313357
   93.604961987703220      +\-   4.1628362250333197E-003
 precision:   4.4472388393044665E-005
 sigma (pb)                   sd (pb)
   93.604961987703220        4.1628362250333197E-003
