 =======================================================
 |                                                     |
 |         \/\/\/\/\/\___________/\/\/\/\/\/           |
 |                   |     \     |                     |
 |                   |     /     |                     |
 |                   |     \     |                     |
 |         /\/\/\/\/\|_____/_____|/\/\/\/\/\           |
 |                                                     |
 | Light-by-light scattering at next-to-leading order  |
 |                   (VERSION 0.5)                     |
 |                                                     |
 |    Authors:                                         |
 |            Ajjath A.H. (LPTHE Paris)                |
 |            Ekta Chaubey (Bonn)                      |
 |            Mathijs Fraaije (Bern)                   |
 |            Valentin Hirschi (Bern)                  |
 |            Hua-Sheng Shao (LPTHE Paris)             |
 |                                                     |
 |    Please cite                                      |
 |            PLB 851 (2024) 138555 [arXiv:2312.16956] |
 |            JHEP 03 (2024) 121    [arXiv:2312.16966] |
 |                                                     |
 =======================================================
 ---------------------------------------------------
         the cuts in the lab frame                  
 min transverse momentum of photon    0.0000000000000000     
 max (pseudo-)rapidity of photon    5.0000000000000000     
 min (pseudo-)rapidity of photon   -5.0000000000000000     
 min invariant mass of di-photon    0.0000000000000000     
 ---------------------------------------------------
 WARNING: outside the range of the grid (xs,xt)=  0.32183172963688988      -0.32183172641879854     
 WARNING: set the 2-loop amplitudes to zero
 WARNING: outside the range of the grid (xs,xt)=  0.32197658932774181      -0.32197658610820212     
 WARNING: set the 2-loop amplitudes to zero
 WARNING: outside the range of the grid (xs,xt)=  0.32181565422234915      -0.32181565100441856     
 WARNING: set the 2-loop amplitudes to zero
 WARNING: outside the range of the grid (xs,xt)=  0.32179911262512084      -0.32179910940735568     
 WARNING: set the 2-loop amplitudes to zero
 WARNING: outside the range of the grid (xs,xt)=  0.32180542320088606      -0.32180541998305778     
 WARNING: set the 2-loop amplitudes to zero
 INFO: will suppress the further warning
 max=   113.33707106125578     
 min=   0.0000000000000000     
       n_pass,     n_total
       10000       10000
  
 ====================NCALL=20K===========================
  
 ITERATION            1 :
   80.891002217476370      +\-   2.3989414462742787E-003
 precision:   2.9656468340257396E-005
 max=   113.33789739588211     
 min=   0.0000000000000000     
       n_pass,     n_total
       20000       20002
 max=   113.33789739588211     
 min=   0.0000000000000000     
       n_pass,     n_total
       30000       30002
 ITERATION            2 :
   80.885695317175220      +\-   4.6118847396105092E-003
 precision:   5.7017309692721703E-005
 max=   113.42338789688314     
 min=   0.0000000000000000     
       n_pass,     n_total
       40000       40012
 max=   113.42338789688314     
 min=   0.0000000000000000     
       n_pass,     n_total
       50000       50012
 ITERATION            3 :
   80.887838845519781      +\-   3.5963525256010403E-003
 precision:   4.4460979263760303E-005
 max=   113.48532664051960     
 min=   0.0000000000000000     
       n_pass,     n_total
       60000       60039
 max=   113.48532664051960     
 min=   0.0000000000000000     
       n_pass,     n_total
       70000       70039
 ITERATION            4 :
   80.883753241247149      +\-   2.4915887907191350E-003
 precision:   3.0804564462873298E-005
 max=   113.50801371245929     
 min=   0.0000000000000000     
       n_pass,     n_total
       80000       80074
 max=   113.50801371245929     
 min=   0.0000000000000000     
       n_pass,     n_total
       90000       90074
 ITERATION            5 :
   80.882897718351217      +\-   3.9759774790298777E-003
 precision:   4.9157208645948192E-005
 max=   113.50801371245929     
 min=   0.0000000000000000     
       n_pass,     n_total
      100000      100114
 max=   113.50801371245929     
 min=   0.0000000000000000     
       n_pass,     n_total
      110000      110114
 ITERATION            6 :
   80.877009881857987      +\-   3.9751916936453082E-003
 precision:   4.9151071478187868E-005
 max=   113.50801371245929     
 min=   0.0000000000000000     
       n_pass,     n_total
      120000      120142
 max=   113.50801371245929     
 min=   0.0000000000000000     
       n_pass,     n_total
      130000      130142
 ITERATION            7 :
   80.881636651737196      +\-   2.9733434208217449E-003
 precision:   3.6761662398406507E-005
 max=   113.50801371245929     
 min=   0.0000000000000000     
       n_pass,     n_total
      140000      140184
 max=   113.50801371245929     
 min=   0.0000000000000000     
       n_pass,     n_total
      150000      150184
 ITERATION            8 :
   80.876731371302057      +\-   2.5984527609146679E-003
 precision:   3.2128558076676818E-005
 max=   113.50845107387231     
 min=   0.0000000000000000     
       n_pass,     n_total
      160000      160249
 max=   113.50845107387231     
 min=   0.0000000000000000     
       n_pass,     n_total
      170000      170249
 ITERATION            9 :
   80.881118669627298      +\-   2.3812571051960814E-003
 precision:   2.9441446215929967E-005
 max=   113.51310368927940     
 min=   0.0000000000000000     
       n_pass,     n_total
      180000      180322
 max=   113.51310368927940     
 min=   0.0000000000000000     
       n_pass,     n_total
      190000      190322
 ITERATION           10 :
   80.882234098896561      +\-   2.3654958889234839E-003
 precision:   2.9246173962394980E-005
 ====================NCALL=40K ===========================
  
 max=   113.51333827725603     
 min=   0.0000000000000000     
       n_pass,     n_total
      200000      200483
 max=   113.51333827725603     
 min=   0.0000000000000000     
       n_pass,     n_total
      210000      210483
 max=   113.51333827725603     
 min=   0.0000000000000000     
       n_pass,     n_total
      220000      220483
 max=   113.51333827725603     
 min=   0.0000000000000000     
       n_pass,     n_total
      230000      230483
   80.880891867143220      +\-   1.1839082373171024E-003
 precision:   1.4637675351822491E-005
 ====================NCALL=80K ===========================
  
 max=   113.51333827725603     
 min=   0.0000000000000000     
       n_pass,     n_total
      240000      240836
 max=   113.51333827725603     
 min=   0.0000000000000000     
       n_pass,     n_total
      250000      250836
 max=   113.51333827725603     
 min=   0.0000000000000000     
       n_pass,     n_total
      260000      260836
 max=   113.51333827725603     
 min=   0.0000000000000000     
       n_pass,     n_total
      270000      270836
 max=   113.51333827725603     
 min=   0.0000000000000000     
       n_pass,     n_total
      280000      280836
 max=   113.51333827725603     
 min=   0.0000000000000000     
       n_pass,     n_total
      290000      290836
 max=   113.51333827725603     
 min=   0.0000000000000000     
       n_pass,     n_total
      300000      300836
 max=   113.51333827725603     
 min=   0.0000000000000000     
       n_pass,     n_total
      310000      310836
   80.879566023939475      +\-   5.7276546379053076E-004
 precision:   7.0817079263382597E-006
 sigma (pb)                   sd (pb)
   80.879566023939475        5.7276546379053076E-004
