 =======================================================
 |                                                     |
 |         \/\/\/\/\/\___________/\/\/\/\/\/           |
 |                   |     \     |                     |
 |                   |     /     |                     |
 |                   |     \     |                     |
 |         /\/\/\/\/\|_____/_____|/\/\/\/\/\           |
 |                                                     |
 | Light-by-light scattering at next-to-leading order  |
 |                   (VERSION 0.5)                     |
 |                                                     |
 |    Authors:                                         |
 |            Ajjath A.H. (LPTHE Paris)                |
 |            Ekta Chaubey (Bonn)                      |
 |            Mathijs Fraaije (Bern)                   |
 |            Valentin Hirschi (Bern)                  |
 |            Hua-Sheng Shao (LPTHE Paris)             |
 |                                                     |
 |    Please cite                                      |
 |            PLB 851 (2024) 138555 [arXiv:2312.16956] |
 |            JHEP 03 (2024) 121    [arXiv:2312.16966] |
 |                                                     |
 =======================================================
 ---------------------------------------------------
         the cuts in the lab frame                  
 min transverse momentum of photon    0.0000000000000000     
 max (pseudo-)rapidity of photon    5.0000000000000000     
 min (pseudo-)rapidity of photon   -5.0000000000000000     
 min invariant mass of di-photon    0.0000000000000000     
 ---------------------------------------------------
 WARNING: outside the range of the grid (xs,xt)=  0.11925621970914824      -0.11925621851661708     
 WARNING: set the 2-loop amplitudes to zero
 WARNING: outside the range of the grid (xs,xt)=  0.11911231096881920      -0.11911230977772704     
 WARNING: set the 2-loop amplitudes to zero
 WARNING: outside the range of the grid (xs,xt)=  0.11934775716954478      -0.11934775597609830     
 WARNING: set the 2-loop amplitudes to zero
 WARNING: outside the range of the grid (xs,xt)=  0.11940147679261293      -0.11940147559862928     
 WARNING: set the 2-loop amplitudes to zero
 WARNING: outside the range of the grid (xs,xt)=  0.11929441772539774      -0.11929441653248463     
 WARNING: set the 2-loop amplitudes to zero
 INFO: will suppress the further warning
 max=   5.7324151917720618     
 min=   0.0000000000000000     
       n_pass,     n_total
       10000       10000
  
 ====================NCALL=20K===========================
  
 ITERATION            1 :
   4.0643856470443431      +\-   1.2912196025661400E-004
 precision:   3.1769121207903245E-005
 max=   5.7523156975563801     
 min=   0.0000000000000000     
       n_pass,     n_total
       20000       20002
 max=   5.7523156975563801     
 min=   0.0000000000000000     
       n_pass,     n_total
       30000       30002
 ITERATION            2 :
   4.0641132158132347      +\-   2.2768913038447868E-004
 precision:   5.6024307959373068E-005
 max=   5.7618123314999368     
 min=   0.0000000000000000     
       n_pass,     n_total
       40000       40012
 max=   5.7618123314999368     
 min=   0.0000000000000000     
       n_pass,     n_total
       50000       50012
 ITERATION            3 :
   4.0640834691355918      +\-   2.0054556930850000E-004
 precision:   4.9345829344187891E-005
 max=   5.7628519040833259     
 min=   0.0000000000000000     
       n_pass,     n_total
       60000       60038
 max=   5.7628519040833259     
 min=   0.0000000000000000     
       n_pass,     n_total
       70000       70038
 ITERATION            4 :
   4.0639255734974826      +\-   1.9225181126695018E-004
 precision:   4.7306922282411545E-005
 max=   5.7645174435771116     
 min=   0.0000000000000000     
       n_pass,     n_total
       80000       80064
 max=   5.7645174435771116     
 min=   0.0000000000000000     
       n_pass,     n_total
       90000       90064
 ITERATION            5 :
   4.0639029879802449      +\-   1.6186382752285430E-004
 precision:   3.9829648493479525E-005
 max=   5.7653829242370795     
 min=   0.0000000000000000     
       n_pass,     n_total
      100000      100096
 max=   5.7653829242370795     
 min=   0.0000000000000000     
       n_pass,     n_total
      110000      110096
 ITERATION            6 :
   4.0638262974238835      +\-   1.4196533968203849E-004
 precision:   3.4933909397661097E-005
 max=   5.7655473164412907     
 min=   0.0000000000000000     
       n_pass,     n_total
      120000      120129
 max=   5.7655473164412907     
 min=   0.0000000000000000     
       n_pass,     n_total
      130000      130129
 ITERATION            7 :
   4.0639979940269741      +\-   1.3415917056040151E-004
 precision:   3.3011623223628750E-005
 max=   5.7655473164412907     
 min=   0.0000000000000000     
       n_pass,     n_total
      140000      140176
 max=   5.7655473164412907     
 min=   0.0000000000000000     
       n_pass,     n_total
      150000      150176
 ITERATION            8 :
   4.0636015986239862      +\-   1.3275174439248940E-004
 precision:   3.2668493987560614E-005
 max=   5.7655473164412907     
 min=   0.0000000000000000     
       n_pass,     n_total
      160000      160240
 max=   5.7655473164412907     
 min=   0.0000000000000000     
       n_pass,     n_total
      170000      170240
 ITERATION            9 :
   4.0638991212977631      +\-   1.2648576415439850E-004
 precision:   3.1124238171051500E-005
 max=   5.7655560640993047     
 min=   0.0000000000000000     
       n_pass,     n_total
      180000      180306
 max=   5.7655560640993047     
 min=   0.0000000000000000     
       n_pass,     n_total
      190000      190306
 ITERATION           10 :
   4.0639738347096630      +\-   1.2742336216266633E-004
 precision:   3.1354375629677169E-005
 ====================NCALL=40K ===========================
  
 max=   5.7655560640993047     
 min=   0.0000000000000000     
       n_pass,     n_total
      200000      200445
 max=   5.7655560640993047     
 min=   0.0000000000000000     
       n_pass,     n_total
      210000      210445
 max=   5.7655560640993047     
 min=   0.0000000000000000     
       n_pass,     n_total
      220000      220445
 max=   5.7655560640993047     
 min=   0.0000000000000000     
       n_pass,     n_total
      230000      230445
   4.0638614333098637      +\-   6.5749043304749323E-005
 precision:   1.6178957964912494E-005
 ====================NCALL=80K ===========================
  
 max=   5.7655560640993047     
 min=   0.0000000000000000     
       n_pass,     n_total
      240000      240787
 max=   5.7655560640993047     
 min=   0.0000000000000000     
       n_pass,     n_total
      250000      250787
 max=   5.7655560640993047     
 min=   0.0000000000000000     
       n_pass,     n_total
      260000      260787
 max=   5.7655560640993047     
 min=   0.0000000000000000     
       n_pass,     n_total
      270000      270787
 max=   5.7655560640993047     
 min=   0.0000000000000000     
       n_pass,     n_total
      280000      280787
 max=   5.7655560640993047     
 min=   0.0000000000000000     
       n_pass,     n_total
      290000      290787
 max=   5.7655560640993047     
 min=   0.0000000000000000     
       n_pass,     n_total
      300000      300787
 max=   5.7655560640993047     
 min=   0.0000000000000000     
       n_pass,     n_total
      310000      310787
   4.0638138711255012      +\-   3.1793164248922702E-005
 precision:   7.8234794351241706E-006
 sigma (pb)                   sd (pb)
   4.0638138711255012        3.1793164248922702E-005
