 =======================================================
 |                                                     |
 |         \/\/\/\/\/\___________/\/\/\/\/\/           |
 |                   |     \     |                     |
 |                   |     /     |                     |
 |                   |     \     |                     |
 |         /\/\/\/\/\|_____/_____|/\/\/\/\/\           |
 |                                                     |
 | Light-by-light scattering at next-to-leading order  |
 |                   (VERSION 0.5)                     |
 |                                                     |
 |    Authors:                                         |
 |            Ajjath A.H. (LPTHE Paris)                |
 |            Ekta Chaubey (Bonn)                      |
 |            Mathijs Fraaije (Bern)                   |
 |            Valentin Hirschi (Bern)                  |
 |            Hua-Sheng Shao (LPTHE Paris)             |
 |                                                     |
 |    Please cite                                      |
 |            PLB 851 (2024) 138555 [arXiv:2312.16956] |
 |            JHEP 03 (2024) 121    [arXiv:2312.16966] |
 |                                                     |
 =======================================================
 ---------------------------------------------------
         the cuts in the lab frame                  
 min transverse momentum of photon    0.0000000000000000     
 max (pseudo-)rapidity of photon    5.0000000000000000     
 min (pseudo-)rapidity of photon   -5.0000000000000000     
 min invariant mass of di-photon    0.0000000000000000     
 ---------------------------------------------------
 max=   4.1571811025079225E-006
 min=   0.0000000000000000     
       n_pass,     n_total
       10000       10000
  
 ====================NCALL=20K===========================
  
 ITERATION            1 :
   8.8608460183877259E-007 +\-   1.7452825286998715E-009
 precision:   1.9696567631105658E-003
 max=   4.1618027732791536E-006
 min=   0.0000000000000000     
       n_pass,     n_total
       20000       20001
 max=   4.1618027732791536E-006
 min=   0.0000000000000000     
       n_pass,     n_total
       30000       30001
 ITERATION            2 :
   8.8794889823714321E-007 +\-   8.7043507918733439E-010
 precision:   9.8027609574765024E-004
 max=   4.1620712941482619E-006
 min=   0.0000000000000000     
       n_pass,     n_total
       40000       40001
 max=   4.1620712941482619E-006
 min=   0.0000000000000000     
       n_pass,     n_total
       50000       50001
 ITERATION            3 :
   8.8782899636323509E-007 +\-   5.0815461853746646E-010
 precision:   5.7235641167273452E-004
 max=   4.1624545976677261E-006
 min=   0.0000000000000000     
       n_pass,     n_total
       60000       60001
 max=   4.1624545976677261E-006
 min=   0.0000000000000000     
       n_pass,     n_total
       70000       70001
 ITERATION            4 :
   8.8776448793747778E-007 +\-   4.3411216401281773E-010
 precision:   4.8899473893282246E-004
 max=   4.1624545976677261E-006
 min=   0.0000000000000000     
       n_pass,     n_total
       80000       80002
 max=   4.1624545976677261E-006
 min=   0.0000000000000000     
       n_pass,     n_total
       90000       90002
 ITERATION            5 :
   8.8775915498216589E-007 +\-   4.2717930291966824E-010
 precision:   4.8118828234246686E-004
 max=   4.1624545976677261E-006
 min=   0.0000000000000000     
       n_pass,     n_total
      100000      100002
 max=   4.1624545976677261E-006
 min=   0.0000000000000000     
       n_pass,     n_total
      110000      110002
 ITERATION            6 :
   8.8673558576846687E-007 +\-   4.1914297916384029E-010
 precision:   4.7268090498544802E-004
 max=   4.1624995621170755E-006
 min=   0.0000000000000000     
       n_pass,     n_total
      120000      120005
 max=   4.1624995621170755E-006
 min=   0.0000000000000000     
       n_pass,     n_total
      130000      130005
 ITERATION            7 :
   8.8722413951396186E-007 +\-   3.3526432423542013E-010
 precision:   3.7788007483552496E-004
 max=   4.1624995621170755E-006
 min=   0.0000000000000000     
       n_pass,     n_total
      140000      140007
 max=   4.1624995621170755E-006
 min=   0.0000000000000000     
       n_pass,     n_total
      150000      150007
 ITERATION            8 :
   8.8576357165077387E-007 +\-   6.5344455683204220E-010
 precision:   7.3771893284596817E-004
 max=   4.1624995621170755E-006
 min=   0.0000000000000000     
       n_pass,     n_total
      160000      160009
 max=   4.1624995621170755E-006
 min=   0.0000000000000000     
       n_pass,     n_total
      170000      170009
 ITERATION            9 :
   8.8836890433968446E-007 +\-   8.5435065125386503E-010
 precision:   9.6170706457684399E-004
 max=   4.1624995621170755E-006
 min=   0.0000000000000000     
       n_pass,     n_total
      180000      180011
 max=   4.1624995621170755E-006
 min=   0.0000000000000000     
       n_pass,     n_total
      190000      190011
 ITERATION           10 :
   8.8702138099937785E-007 +\-   7.1411307320638341E-010
 precision:   8.0506861334257317E-004
 ====================NCALL=40K ===========================
  
 max=   4.1624995621170755E-006
 min=   0.0000000000000000     
       n_pass,     n_total
      200000      200012
 max=   4.1624995621170755E-006
 min=   0.0000000000000000     
       n_pass,     n_total
      210000      210012
 max=   4.1624995621170755E-006
 min=   0.0000000000000000     
       n_pass,     n_total
      220000      220012
 max=   4.1625222389016199E-006
 min=   0.0000000000000000     
       n_pass,     n_total
      230000      230012
   8.8722980225143533E-007 +\-   2.4270647361291137E-010
 precision:   2.7355536637409966E-004
 ====================NCALL=80K ===========================
  
 max=   4.1625222389016199E-006
 min=   0.0000000000000000     
       n_pass,     n_total
      240000      240015
 max=   4.1625222389016199E-006
 min=   0.0000000000000000     
       n_pass,     n_total
      250000      250015
 max=   4.1625222389016199E-006
 min=   0.0000000000000000     
       n_pass,     n_total
      260000      260015
 max=   4.1625222389016199E-006
 min=   0.0000000000000000     
       n_pass,     n_total
      270000      270015
 max=   4.1625222389016199E-006
 min=   0.0000000000000000     
       n_pass,     n_total
      280000      280015
 max=   4.1625222389016199E-006
 min=   0.0000000000000000     
       n_pass,     n_total
      290000      290015
 max=   4.1625600165875821E-006
 min=   0.0000000000000000     
       n_pass,     n_total
      300000      300015
 max=   4.1625600165875821E-006
 min=   0.0000000000000000     
       n_pass,     n_total
      310000      310015
   8.8709779536505414E-007 +\-   1.0613819569287625E-010
 precision:   1.1964655559672401E-004
 sigma (pb)                   sd (pb)
   8.8709779536505414E-007   1.0613819569287625E-010
