 =======================================================
 |                                                     |
 |         \/\/\/\/\/\___________/\/\/\/\/\/           |
 |                   |     \     |                     |
 |                   |     /     |                     |
 |                   |     \     |                     |
 |         /\/\/\/\/\|_____/_____|/\/\/\/\/\           |
 |                                                     |
 | Light-by-light scattering at next-to-leading order  |
 |                   (VERSION 0.5)                     |
 |                                                     |
 |    Authors:                                         |
 |            Ajjath A.H. (LPTHE Paris)                |
 |            Ekta Chaubey (Bonn)                      |
 |            Mathijs Fraaije (Bern)                   |
 |            Valentin Hirschi (Bern)                  |
 |            Hua-Sheng Shao (LPTHE Paris)             |
 |                                                     |
 |    Please cite                                      |
 |            PLB 851 (2024) 138555 [arXiv:2312.16956] |
 |            JHEP 03 (2024) 121    [arXiv:2312.16966] |
 |                                                     |
 =======================================================
 ---------------------------------------------------
         the cuts in the lab frame                  
 min transverse momentum of photon    0.0000000000000000     
 max (pseudo-)rapidity of photon    5.0000000000000000     
 min (pseudo-)rapidity of photon   -5.0000000000000000     
 min invariant mass of di-photon    0.0000000000000000     
 ---------------------------------------------------
 max=   1.3150722512228690     
 min=   0.0000000000000000     
       n_pass,     n_total
       10000       10000
  
 ====================NCALL=20K===========================
  
 ITERATION            1 :
   2.1795307145215541E-002 +\-   2.6968942757872816E-004
 precision:   1.2373738336508362E-002
 WARNING: outside the range of the grid (xs,xt)=   60236132.768990859       -60233199.845073797     
 WARNING: set the 2-loop amplitudes to zero
 WARNING: outside the range of the grid (xs,xt)=   58477508.650519021       -58474661.354787253     
 WARNING: set the 2-loop amplitudes to zero
 WARNING: outside the range of the grid (xs,xt)=   28154935.443565182       -28153564.567319486     
 WARNING: set the 2-loop amplitudes to zero
 WARNING: outside the range of the grid (xs,xt)=   3004444.4444444445       -3004298.1567170704     
 WARNING: set the 2-loop amplitudes to zero
 WARNING: outside the range of the grid (xs,xt)=   299612.18836565095       -299597.60011582973     
 WARNING: set the 2-loop amplitudes to zero
 INFO: will suppress the further warning
 max=   1.3279159273905297     
 min=   0.0000000000000000     
       n_pass,     n_total
       20000       20007
 max=   1.3279159273905297     
 min=   0.0000000000000000     
       n_pass,     n_total
       30000       30007
 ITERATION            2 :
   2.1320633290302631E-002 +\-   3.1407322715821913E-005
 precision:   1.4730952072660552E-003
 max=   1.3288318517326692     
 min=   0.0000000000000000     
       n_pass,     n_total
       40000       40042
 max=   1.3288318517326692     
 min=   0.0000000000000000     
       n_pass,     n_total
       50000       50042
 ITERATION            3 :
   2.1283856571247751E-002 +\-   1.6763775696889166E-005
 precision:   7.8762867249985427E-004
 max=   1.3297584019547755     
 min=   0.0000000000000000     
       n_pass,     n_total
       60000       60162
 max=   1.3297584019547755     
 min=   0.0000000000000000     
       n_pass,     n_total
       70000       70162
 ITERATION            4 :
   2.1287140193537325E-002 +\-   1.1039350938078936E-005
 precision:   5.1859248530859161E-004
 max=   1.3297584019547755     
 min=   0.0000000000000000     
       n_pass,     n_total
       80000       80402
 max=   1.3297584019547755     
 min=   0.0000000000000000     
       n_pass,     n_total
       90000       90402
 ITERATION            5 :
   2.1278758655242636E-002 +\-   8.1594091352121809E-006
 precision:   3.8345324872613633E-004
 max=   1.3297584019547755     
 min=   0.0000000000000000     
       n_pass,     n_total
      100000      100754
 max=   1.3297584019547755     
 min=   0.0000000000000000     
       n_pass,     n_total
      110000      110754
 ITERATION            6 :
   2.1277496361159689E-002 +\-   7.3355694081448974E-006
 precision:   3.4475716896539447E-004
 max=   1.3297585931659446     
 min=   0.0000000000000000     
       n_pass,     n_total
      120000      121017
 max=   1.3297585931659446     
 min=   0.0000000000000000     
       n_pass,     n_total
      130000      131017
 ITERATION            7 :
   2.1297115003542238E-002 +\-   7.4856691614534062E-006
 precision:   3.5148747425218645E-004
 max=   1.3297585931659446     
 min=   0.0000000000000000     
       n_pass,     n_total
      140000      141439
 max=   1.3297585931659446     
 min=   0.0000000000000000     
       n_pass,     n_total
      150000      151439
 ITERATION            8 :
   2.1272902597514395E-002 +\-   7.6909306094769430E-006
 precision:   3.6153649339679578E-004
 max=   1.3297585931659446     
 min=   0.0000000000000000     
       n_pass,     n_total
      160000      161681
 max=   1.3297585931659446     
 min=   0.0000000000000000     
       n_pass,     n_total
      170000      171681
 ITERATION            9 :
   2.1283010501609578E-002 +\-   7.5917499474086482E-006
 precision:   3.5670470335174171E-004
 max=   1.3297585931659446     
 min=   0.0000000000000000     
       n_pass,     n_total
      180000      182114
 max=   1.3297585931659446     
 min=   0.0000000000000000     
       n_pass,     n_total
      190000      192114
 ITERATION           10 :
   2.1292179697749266E-002 +\-   7.0776258113765497E-006
 precision:   3.3240494453109961E-004
 ====================NCALL=40K ===========================
  
 max=   1.3297585931659446     
 min=   0.0000000000000000     
       n_pass,     n_total
      200000      202557
 max=   1.3297585931659446     
 min=   0.0000000000000000     
       n_pass,     n_total
      210000      212557
 max=   1.3297585931659446     
 min=   0.0000000000000000     
       n_pass,     n_total
      220000      222557
 max=   1.3297585931659446     
 min=   0.0000000000000000     
       n_pass,     n_total
      230000      232557
   2.1286803279349602E-002 +\-   3.3665320355190696E-006
 precision:   1.5815113201073989E-004
 ====================NCALL=80K ===========================
  
 max=   1.3297585931659446     
 min=   0.0000000000000000     
       n_pass,     n_total
      240000      243267
 max=   1.3297585931659446     
 min=   0.0000000000000000     
       n_pass,     n_total
      250000      253267
 max=   1.3297585931659446     
 min=   0.0000000000000000     
       n_pass,     n_total
      260000      263267
 max=   1.3297585931659446     
 min=   0.0000000000000000     
       n_pass,     n_total
      270000      273267
 max=   1.3297585931659446     
 min=   0.0000000000000000     
       n_pass,     n_total
      280000      283267
 max=   1.3297585931659446     
 min=   0.0000000000000000     
       n_pass,     n_total
      290000      293267
 max=   1.3297585931659446     
 min=   0.0000000000000000     
       n_pass,     n_total
      300000      303267
 max=   1.3297585931659446     
 min=   0.0000000000000000     
       n_pass,     n_total
      310000      313267
   2.1282971584748751E-002 +\-   2.1414458304601426E-006
 precision:   1.0061780244985573E-004
 sigma (pb)                   sd (pb)
   2.1282971584748751E-002   2.1414458304601426E-006
