 =======================================================
 |                                                     |
 |         \/\/\/\/\/\___________/\/\/\/\/\/           |
 |                   |     \     |                     |
 |                   |     /     |                     |
 |                   |     \     |                     |
 |         /\/\/\/\/\|_____/_____|/\/\/\/\/\           |
 |                                                     |
 | Light-by-light scattering at next-to-leading order  |
 |                   (VERSION 0.5)                     |
 |                                                     |
 |    Authors:                                         |
 |            Ajjath A.H. (LPTHE Paris)                |
 |            Ekta Chaubey (Bonn)                      |
 |            Mathijs Fraaije (Bern)                   |
 |            Valentin Hirschi (Bern)                  |
 |            Hua-Sheng Shao (LPTHE Paris)             |
 |                                                     |
 |    Please cite                                      |
 |            PLB 851 (2024) 138555 [arXiv:2312.16956] |
 |            JHEP 03 (2024) 121    [arXiv:2312.16966] |
 |                                                     |
 =======================================================
 ---------------------------------------------------
         the cuts in the lab frame                  
 min transverse momentum of photon    0.0000000000000000     
 max (pseudo-)rapidity of photon    5.0000000000000000     
 min (pseudo-)rapidity of photon   -5.0000000000000000     
 min invariant mass of di-photon    0.0000000000000000     
 ---------------------------------------------------
 max=   6.1642065182069731E-007
 min=   0.0000000000000000     
       n_pass,     n_total
       10000       10000
  
 ====================NCALL=20K===========================
  
 ITERATION            1 :
   6.7047687921759616E-007 +\-   4.0261650338711702E-010
 precision:   6.0049274757534494E-004
 max=   3.0746765616795144E-006
 min=   0.0000000000000000     
       n_pass,     n_total
       20000       20002
 max=   3.0746765616795144E-006
 min=   0.0000000000000000     
       n_pass,     n_total
       30000       30002
 ITERATION            2 :
   6.7049887570962782E-007 +\-   2.7346270631291928E-010
 precision:   4.0784961201239579E-004
 max=   3.0760024998774331E-006
 min=   0.0000000000000000     
       n_pass,     n_total
       40000       40002
 max=   3.0760024998774331E-006
 min=   0.0000000000000000     
       n_pass,     n_total
       50000       50002
 ITERATION            3 :
   6.7024754989570109E-007 +\-   2.5952438373623852E-010
 precision:   3.8720676230241164E-004
 max=   3.0766216550017773E-006
 min=   0.0000000000000000     
       n_pass,     n_total
       60000       60002
 max=   3.0766216550017773E-006
 min=   0.0000000000000000     
       n_pass,     n_total
       70000       70002
 ITERATION            4 :
   6.6998374709713674E-007 +\-   2.4793923050134937E-010
 precision:   3.7006753010890905E-004
 max=   3.0766216550017773E-006
 min=   0.0000000000000000     
       n_pass,     n_total
       80000       80003
 max=   3.0766216550017773E-006
 min=   0.0000000000000000     
       n_pass,     n_total
       90000       90003
 ITERATION            5 :
   6.7018314838998066E-007 +\-   2.6570075700508475E-010
 precision:   3.9645991941664437E-004
 max=   3.0766216550017773E-006
 min=   0.0000000000000000     
       n_pass,     n_total
      100000      100004
 max=   3.0766216550017773E-006
 min=   0.0000000000000000     
       n_pass,     n_total
      110000      110004
 ITERATION            6 :
   6.7012101169013527E-007 +\-   2.4618890276374248E-010
 precision:   3.6737976942824251E-004
 max=   3.0766216550017773E-006
 min=   0.0000000000000000     
       n_pass,     n_total
      120000      120007
 max=   3.0766216550017773E-006
 min=   0.0000000000000000     
       n_pass,     n_total
      130000      130007
 ITERATION            7 :
   6.7043382060998616E-007 +\-   3.0032454867452807E-010
 precision:   4.4795554675520604E-004
 max=   3.0766605216386645E-006
 min=   0.0000000000000000     
       n_pass,     n_total
      140000      140013
 max=   3.0766605216386645E-006
 min=   0.0000000000000000     
       n_pass,     n_total
      150000      150013
 ITERATION            8 :
   6.6969758467847841E-007 +\-   2.8674494957507723E-010
 precision:   4.2817079848472708E-004
 max=   3.0766992876294799E-006
 min=   0.0000000000000000     
       n_pass,     n_total
      160000      160021
 max=   3.0766992876294799E-006
 min=   0.0000000000000000     
       n_pass,     n_total
      170000      170021
 ITERATION            9 :
   6.6973900342640374E-007 +\-   2.6237563873050104E-010
 precision:   3.9175803915880638E-004
 max=   3.0767224360116147E-006
 min=   0.0000000000000000     
       n_pass,     n_total
      180000      180026
 max=   3.0767224360116147E-006
 min=   0.0000000000000000     
       n_pass,     n_total
      190000      190026
 ITERATION           10 :
   6.7016655036263805E-007 +\-   2.3508371820810051E-010
 precision:   3.5078402239099052E-004
 ====================NCALL=40K ===========================
  
 max=   3.0767224360116147E-006
 min=   0.0000000000000000     
       n_pass,     n_total
      200000      200031
 max=   3.0767224360116147E-006
 min=   0.0000000000000000     
       n_pass,     n_total
      210000      210031
 max=   3.0767224360116147E-006
 min=   0.0000000000000000     
       n_pass,     n_total
      220000      220031
 max=   3.0767224360116147E-006
 min=   0.0000000000000000     
       n_pass,     n_total
      230000      230031
   6.7003673051810356E-007 +\-   1.4368026447410344E-010
 precision:   2.1443640017018646E-004
 ====================NCALL=80K ===========================
  
 max=   3.0767224360116147E-006
 min=   0.0000000000000000     
       n_pass,     n_total
      240000      240046
 max=   3.0767224360116147E-006
 min=   0.0000000000000000     
       n_pass,     n_total
      250000      250046
 max=   3.0767224360116147E-006
 min=   0.0000000000000000     
       n_pass,     n_total
      260000      260046
 max=   3.0767224360116147E-006
 min=   0.0000000000000000     
       n_pass,     n_total
      270000      270046
 max=   3.0767224360116147E-006
 min=   0.0000000000000000     
       n_pass,     n_total
      280000      280046
 max=   3.0767224360116147E-006
 min=   0.0000000000000000     
       n_pass,     n_total
      290000      290046
 max=   3.0767224360116147E-006
 min=   0.0000000000000000     
       n_pass,     n_total
      300000      300046
 max=   3.0767224360116147E-006
 min=   0.0000000000000000     
       n_pass,     n_total
      310000      310046
   6.7009659366619054E-007 +\-   7.3284461342543790E-011
 precision:   1.0936402607509826E-004
 sigma (pb)                   sd (pb)
   6.7009659366619054E-007   7.3284461342543790E-011
