 =======================================================
 |                                                     |
 |         \/\/\/\/\/\___________/\/\/\/\/\/           |
 |                   |     \     |                     |
 |                   |     /     |                     |
 |                   |     \     |                     |
 |         /\/\/\/\/\|_____/_____|/\/\/\/\/\           |
 |                                                     |
 | Light-by-light scattering at next-to-leading order  |
 |                   (VERSION 0.5)                     |
 |                                                     |
 |    Authors:                                         |
 |            Ajjath A.H. (LPTHE Paris)                |
 |            Ekta Chaubey (Bonn)                      |
 |            Mathijs Fraaije (Bern)                   |
 |            Valentin Hirschi (Bern)                  |
 |            Hua-Sheng Shao (LPTHE Paris)             |
 |                                                     |
 |    Please cite                                      |
 |            PLB 851 (2024) 138555 [arXiv:2312.16956] |
 |            JHEP 03 (2024) 121    [arXiv:2312.16966] |
 |                                                     |
 =======================================================
 ---------------------------------------------------
         the cuts in the lab frame                  
 min transverse momentum of photon    0.0000000000000000     
 max (pseudo-)rapidity of photon    5.0000000000000000     
 min (pseudo-)rapidity of photon   -5.0000000000000000     
 min invariant mass of di-photon    0.0000000000000000     
 ---------------------------------------------------
 max=   2390.0295295156493     
 min=   0.0000000000000000     
       n_pass,     n_total
       10000       10000
  
 ====================NCALL=20K===========================
  
 ITERATION            1 :
   91.032883680102287      +\-  0.27519060093498698     
 precision:   3.0229801562919991E-003
 WARNING: outside the range of the grid (xs,xt)=   8.2978391623969685       -8.2974368069924864     
 WARNING: set the 2-loop amplitudes to zero
 WARNING: outside the range of the grid (xs,xt)=   8.0555795847750851       -8.0551889763385098     
 WARNING: set the 2-loop amplitudes to zero
 WARNING: outside the range of the grid (xs,xt)=   3.8784881299458562       -3.8783000652425321     
 WARNING: set the 2-loop amplitudes to zero
 WARNING: outside the range of the grid (xs,xt)=  0.41387777777777779      -0.41385770918432530     
 WARNING: set the 2-loop amplitudes to zero
 WARNING: outside the range of the grid (xs,xt)=   4.1273130193905813E-002  -4.1271128893727728E-002
 WARNING: set the 2-loop amplitudes to zero
 INFO: will suppress the further warning
 max=   2691.0017383173404     
 min=   0.0000000000000000     
       n_pass,     n_total
       20000       20007
 max=   2691.0017383173404     
 min=   0.0000000000000000     
       n_pass,     n_total
       30000       30007
 ITERATION            2 :
   90.693816636245671      +\-   7.3492829299460813E-002
 precision:   8.1034002124119999E-004
 max=   2691.0017383173404     
 min=   0.0000000000000000     
       n_pass,     n_total
       40000       40036
 max=   2691.0017383173404     
 min=   0.0000000000000000     
       n_pass,     n_total
       50000       50036
 ITERATION            3 :
   90.628395925270723      +\-   3.1277122136008202E-002
 precision:   3.4511393274353348E-004
 max=   2710.5966389823056     
 min=   0.0000000000000000     
       n_pass,     n_total
       60000       60124
 max=   2710.5966389823056     
 min=   0.0000000000000000     
       n_pass,     n_total
       70000       70124
 ITERATION            4 :
   90.654907207679358      +\-   2.3564402099900555E-002
 precision:   2.5993520732327680E-004
 max=   2739.7667896349772     
 min=   0.0000000000000000     
       n_pass,     n_total
       80000       80320
 max=   2739.7667896349772     
 min=   0.0000000000000000     
       n_pass,     n_total
       90000       90320
 ITERATION            5 :
   90.629016496336490      +\-   1.8657234192631791E-002
 precision:   2.0586380514662182E-004
 max=   2739.7667896349772     
 min=   0.0000000000000000     
       n_pass,     n_total
      100000      100639
 max=   2739.7667896349772     
 min=   0.0000000000000000     
       n_pass,     n_total
      110000      110639
 ITERATION            6 :
   90.647432897687807      +\-   1.6042654670962900E-002
 precision:   1.7697858789967021E-004
 max=   2739.7667896349772     
 min=   0.0000000000000000     
       n_pass,     n_total
      120000      120924
 max=   2739.7667896349772     
 min=   0.0000000000000000     
       n_pass,     n_total
      130000      130924
 ITERATION            7 :
   90.681521850463369      +\-   1.5505794038545944E-002
 precision:   1.7099177122452221E-004
 max=   2739.7667896349772     
 min=   0.0000000000000000     
       n_pass,     n_total
      140000      141322
 max=   2739.7667896349772     
 min=   0.0000000000000000     
       n_pass,     n_total
      150000      151322
 ITERATION            8 :
   90.627768625417247      +\-   1.6585769778650478E-002
 precision:   1.8300979964764214E-004
 max=   2739.7667896349772     
 min=   0.0000000000000000     
       n_pass,     n_total
      160000      161504
 max=   2739.7667896349772     
 min=   0.0000000000000000     
       n_pass,     n_total
      170000      171504
 ITERATION            9 :
   90.649930023297912      +\-   1.6821849137448795E-002
 precision:   1.8556935601743340E-004
 max=   2739.7667896349772     
 min=   0.0000000000000000     
       n_pass,     n_total
      180000      181894
 max=   2739.7667896349772     
 min=   0.0000000000000000     
       n_pass,     n_total
      190000      191894
 ITERATION           10 :
   90.669155134516004      +\-   1.6164955712962926E-002
 precision:   1.7828505944475530E-004
 ====================NCALL=40K ===========================
  
 max=   2739.7667896349772     
 min=   0.0000000000000000     
       n_pass,     n_total
      200000      202277
 max=   2739.7667896349772     
 min=   0.0000000000000000     
       n_pass,     n_total
      210000      212277
 max=   2739.7667896349772     
 min=   0.0000000000000000     
       n_pass,     n_total
      220000      222277
 max=   2739.7667896349772     
 min=   0.0000000000000000     
       n_pass,     n_total
      230000      232277
   90.661564697174228      +\-   7.4178850745987707E-003
 precision:   8.1819513035935658E-005
 ====================NCALL=80K ===========================
  
 max=   2740.0778027804740     
 min=   0.0000000000000000     
       n_pass,     n_total
      240000      243181
 max=   2740.0778027804740     
 min=   0.0000000000000000     
       n_pass,     n_total
      250000      253181
 max=   2740.0778027804740     
 min=   0.0000000000000000     
       n_pass,     n_total
      260000      263181
 max=   2740.0778027804740     
 min=   0.0000000000000000     
       n_pass,     n_total
      270000      273181
 max=   2740.0778027804740     
 min=   0.0000000000000000     
       n_pass,     n_total
      280000      283181
 max=   2740.0778027804740     
 min=   0.0000000000000000     
       n_pass,     n_total
      290000      293181
 max=   2740.0778027804740     
 min=   0.0000000000000000     
       n_pass,     n_total
      300000      303181
 max=   2740.0778027804740     
 min=   0.0000000000000000     
       n_pass,     n_total
      310000      313181
   90.654631193450371      +\-   3.9975527593318376E-003
 precision:   4.4096508989169584E-005
 sigma (pb)                   sd (pb)
   90.654631193450371        3.9975527593318376E-003
