 =======================================================
 |                                                     |
 |         \/\/\/\/\/\___________/\/\/\/\/\/           |
 |                   |     \     |                     |
 |                   |     /     |                     |
 |                   |     \     |                     |
 |         /\/\/\/\/\|_____/_____|/\/\/\/\/\           |
 |                                                     |
 | Light-by-light scattering at next-to-leading order  |
 |                   (VERSION 0.5)                     |
 |                                                     |
 |    Authors:                                         |
 |            Ajjath A.H. (LPTHE Paris)                |
 |            Ekta Chaubey (Bonn)                      |
 |            Mathijs Fraaije (Bern)                   |
 |            Valentin Hirschi (Bern)                  |
 |            Hua-Sheng Shao (LPTHE Paris)             |
 |                                                     |
 |    Please cite                                      |
 |            PLB 851 (2024) 138555 [arXiv:2312.16956] |
 |            JHEP 03 (2024) 121    [arXiv:2312.16966] |
 |                                                     |
 =======================================================
 ---------------------------------------------------
         the cuts in the lab frame                  
 min transverse momentum of photon    0.0000000000000000     
 max (pseudo-)rapidity of photon    5.0000000000000000     
 min (pseudo-)rapidity of photon   -5.0000000000000000     
 min invariant mass of di-photon    0.0000000000000000     
 ---------------------------------------------------
 max=   10.179335328370406     
 min=   0.0000000000000000     
       n_pass,     n_total
       10000       10000
  
 ====================NCALL=20K===========================
  
 ITERATION            1 :
   2.1040750536936052E-002 +\-   1.4317835392724915E-003
 precision:   6.8048121038223552E-002
 max=   10.880764070154777     
 min=   0.0000000000000000     
       n_pass,     n_total
       20000       20010
 max=   10.880764070154777     
 min=   0.0000000000000000     
       n_pass,     n_total
       30000       30010
 ITERATION            2 :
   1.9775404454577143E-002 +\-   3.4143851742296364E-004
 precision:   1.7265817152171344E-002
 WARNING: outside the range of the grid (xs,xt)=   29884444.444444444       -29883027.570619907     
 WARNING: set the 2-loop amplitudes to zero
 WARNING: outside the range of the grid (xs,xt)=   2980166.2049861494       -2980024.9100895198     
 WARNING: set the 2-loop amplitudes to zero
 WARNING: outside the range of the grid (xs,xt)=   2246.6504059607737       -2246.5438883322126     
 WARNING: set the 2-loop amplitudes to zero
 WARNING: outside the range of the grid (xs,xt)=   21293784.235442623       -21292774.659856752     
 WARNING: set the 2-loop amplitudes to zero
 WARNING: outside the range of the grid (xs,xt)=   29884444.444444444       -29883022.149066098     
 WARNING: set the 2-loop amplitudes to zero
 INFO: will suppress the further warning
 max=   11.058435697794716     
 min=   0.0000000000000000     
       n_pass,     n_total
       40000       40058
 max=   11.058435697794716     
 min=   0.0000000000000000     
       n_pass,     n_total
       50000       50058
 ITERATION            3 :
   1.9891020288427663E-002 +\-   8.4336324470632925E-005
 precision:   4.2399194836525659E-003
 max=   11.060803559154301     
 min=   0.0000000000000000     
       n_pass,     n_total
       60000       60341
 max=   11.060803559154301     
 min=   0.0000000000000000     
       n_pass,     n_total
       70000       70341
 ITERATION            4 :
   1.9825931488440474E-002 +\-   2.4456140207297786E-005
 precision:   1.2335430605899631E-003
 max=   11.063716313758096     
 min=   0.0000000000000000     
       n_pass,     n_total
       80000       81136
 max=   11.063716313758096     
 min=   0.0000000000000000     
       n_pass,     n_total
       90000       91136
 ITERATION            5 :
   1.9817858725751505E-002 +\-   1.4761936921978226E-005
 precision:   7.4488052045685606E-004
 max=   11.063754202857881     
 min=   0.0000000000000000     
       n_pass,     n_total
      100000      102385
 max=   11.063754202857881     
 min=   0.0000000000000000     
       n_pass,     n_total
      110000      112385
 ITERATION            6 :
   1.9819107088453056E-002 +\-   1.1832972793400053E-005
 precision:   5.9704873386017172E-004
 max=   11.063931808321113     
 min=   0.0000000000000000     
       n_pass,     n_total
      120000      124356
 max=   11.063931808321113     
 min=   0.0000000000000000     
       n_pass,     n_total
      130000      134356
 ITERATION            7 :
   1.9831612385212166E-002 +\-   1.1990376476323995E-005
 precision:   6.0460925936939227E-004
 max=   11.063931808321113     
 min=   0.0000000000000000     
       n_pass,     n_total
      140000      146610
 ITERATION            8 :
   1.9793203910348327E-002 +\-   1.1293378951149167E-005
 precision:   5.7056851444069331E-004
 max=   11.063977517086995     
 min=   0.0000000000000000     
       n_pass,     n_total
      150000      158874
 max=   11.063977517086995     
 min=   0.0000000000000000     
       n_pass,     n_total
      160000      168874
 ITERATION            9 :
   1.9814180812674814E-002 +\-   1.0581130376030780E-005
 precision:   5.3401805888751155E-004
 max=   11.063977517086995     
 min=   0.0000000000000000     
       n_pass,     n_total
      170000      181278
 max=   11.063977517086995     
 min=   0.0000000000000000     
       n_pass,     n_total
      180000      191278
 ITERATION           10 :
   1.9838333019670681E-002 +\-   1.1223162366840436E-005
 precision:   5.6573112043799842E-004
 ====================NCALL=40K ===========================
  
 max=   11.063977517086995     
 min=   0.0000000000000000     
       n_pass,     n_total
      190000      203624
 max=   11.063977517086995     
 min=   0.0000000000000000     
       n_pass,     n_total
      200000      213624
 max=   11.063977517086995     
 min=   0.0000000000000000     
       n_pass,     n_total
      210000      223624
   1.9823364279315497E-002 +\-   5.1393231514059972E-006
 precision:   2.5925584976353261E-004
 ====================NCALL=80K ===========================
  
 max=   11.064322048078798     
 min=   0.0000000000000000     
       n_pass,     n_total
      220000      241508
 max=   11.064322048078798     
 min=   0.0000000000000000     
       n_pass,     n_total
      230000      251508
 max=   11.064322048078798     
 min=   0.0000000000000000     
       n_pass,     n_total
      240000      261508
 max=   11.064322048078798     
 min=   0.0000000000000000     
       n_pass,     n_total
      250000      271508
 max=   11.064322048078798     
 min=   0.0000000000000000     
       n_pass,     n_total
      260000      281508
 max=   11.064322048078798     
 min=   0.0000000000000000     
       n_pass,     n_total
      270000      291508
 max=   11.064322048078798     
 min=   0.0000000000000000     
       n_pass,     n_total
      280000      301508
 max=   11.064322048078798     
 min=   0.0000000000000000     
       n_pass,     n_total
      290000      311508
   1.9822778478945941E-002 +\-   5.1342285988181386E-006
 precision:   2.5900650629129903E-004
 sigma (pb)                   sd (pb)
   1.9822778478945941E-002   5.1342285988181386E-006
