 =======================================================
 |                                                     |
 |         \/\/\/\/\/\___________/\/\/\/\/\/           |
 |                   |     \     |                     |
 |                   |     /     |                     |
 |                   |     \     |                     |
 |         /\/\/\/\/\|_____/_____|/\/\/\/\/\           |
 |                                                     |
 | Light-by-light scattering at next-to-leading order  |
 |                   (VERSION 0.5)                     |
 |                                                     |
 |    Authors:                                         |
 |            Ajjath A.H. (LPTHE Paris)                |
 |            Ekta Chaubey (Bonn)                      |
 |            Mathijs Fraaije (Bern)                   |
 |            Valentin Hirschi (Bern)                  |
 |            Hua-Sheng Shao (LPTHE Paris)             |
 |                                                     |
 |    Please cite                                      |
 |            PLB 851 (2024) 138555 [arXiv:2312.16956] |
 |            JHEP 03 (2024) 121    [arXiv:2312.16966] |
 |                                                     |
 =======================================================
 ---------------------------------------------------
         the cuts in the lab frame                  
 min transverse momentum of photon    0.0000000000000000     
 max (pseudo-)rapidity of photon    5.0000000000000000     
 min (pseudo-)rapidity of photon   -5.0000000000000000     
 min invariant mass of di-photon    0.0000000000000000     
 ---------------------------------------------------
 max=   3135054.6469559786     
 min=   0.0000000000000000     
       n_pass,     n_total
       10000       10000
  
 ====================NCALL=20K===========================
  
 ITERATION            1 :
   1813300.5091785237      +\-   69.007630045794755     
 precision:   3.8056367213538788E-005
 max=   3135054.6469559786     
 min=   0.0000000000000000     
       n_pass,     n_total
       20000       20002
 max=   3135054.6469559786     
 min=   0.0000000000000000     
       n_pass,     n_total
       30000       30002
 ITERATION            2 :
   1813080.0750813384      +\-   117.27863936360924     
 precision:   6.4684754399690753E-005
 max=   5025798.9587390525     
 min=   0.0000000000000000     
       n_pass,     n_total
       40000       40012
 max=   5025798.9587390525     
 min=   0.0000000000000000     
       n_pass,     n_total
       50000       50012
 WARNING: outside the range of the grid (xs,xt)=   12.065766445441005       -5.6629308473058425E-004
 WARNING: set the 2-loop amplitudes to zero
 ITERATION            3 :
   1812899.9374229864      +\-   110.08177494470473     
 precision:   6.0721373900638190E-005
 max=   6174792.4640015550     
 min=   0.0000000000000000     
       n_pass,     n_total
       60000       60041
 max=   6174792.4640015550     
 min=   0.0000000000000000     
       n_pass,     n_total
       70000       70041
 WARNING: outside the range of the grid (xs,xt)=   12.065766445441005       -5.6091110813656544E-004
 WARNING: set the 2-loop amplitudes to zero
 WARNING: outside the range of the grid (xs,xt)=   12.065766445441005       -5.9740202192200059E-004
 WARNING: set the 2-loop amplitudes to zero
 ITERATION            4 :
   1812971.9637825880      +\-   85.470780692663865     
 precision:   4.7144016785751874E-005
 WARNING: outside the range of the grid (xs,xt)=   12.065766445441005       -12.065214539952306     
 WARNING: set the 2-loop amplitudes to zero
 WARNING: outside the range of the grid (xs,xt)=   12.065766445441005       -12.065181994661147     
 WARNING: set the 2-loop amplitudes to zero
 INFO: will suppress the further warning
 max=   6174792.4640015550     
 min=   0.0000000000000000     
       n_pass,     n_total
       80000       80078
 max=   6174792.4640015550     
 min=   0.0000000000000000     
       n_pass,     n_total
       90000       90078
 ITERATION            5 :
   1813002.5487848588      +\-   70.143655323091281     
 precision:   3.8689220470265832E-005
 max=   6174792.4640015550     
 min=   0.0000000000000000     
       n_pass,     n_total
      100000      100134
 max=   6174792.4640015550     
 min=   0.0000000000000000     
       n_pass,     n_total
      110000      110134
 ITERATION            6 :
   1813001.6931678688      +\-   63.229502389230746     
 precision:   3.4875589265859680E-005
 max=   6196856.6418607216     
 min=   0.0000000000000000     
       n_pass,     n_total
      120000      120194
 max=   6196856.6418607216     
 min=   0.0000000000000000     
       n_pass,     n_total
      130000      130194
 ITERATION            7 :
   1813099.6272740536      +\-   60.568637443689255     
 precision:   3.3406127568815712E-005
 max=   6196856.6418607216     
 min=   0.0000000000000000     
       n_pass,     n_total
      140000      140278
 max=   6196856.6418607216     
 min=   0.0000000000000000     
       n_pass,     n_total
      150000      150278
 ITERATION            8 :
   1812921.7886033617      +\-   60.198434506321718     
 precision:   3.3205202168537768E-005
 max=   6685396.6670198711     
 min=   0.0000000000000000     
       n_pass,     n_total
      160000      160388
 max=   6685396.6670198711     
 min=   0.0000000000000000     
       n_pass,     n_total
      170000      170388
 ITERATION            9 :
   1812997.2575484659      +\-   58.385636958304161     
 precision:   3.2203930102604347E-005
 max=   6685396.6670198711     
 min=   0.0000000000000000     
       n_pass,     n_total
      180000      180501
 max=   6685396.6670198711     
 min=   0.0000000000000000     
       n_pass,     n_total
      190000      190501
 ITERATION           10 :
   1813060.3401855729      +\-   57.907876614293308     
 precision:   3.1939299167707921E-005
 ====================NCALL=40K ===========================
  
 max=   6685396.6670198711     
 min=   0.0000000000000000     
       n_pass,     n_total
      200000      200710
 max=   6685396.6670198711     
 min=   0.0000000000000000     
       n_pass,     n_total
      210000      210710
 max=   6685396.6670198711     
 min=   0.0000000000000000     
       n_pass,     n_total
      220000      220710
 max=   6685396.6670198711     
 min=   0.0000000000000000     
       n_pass,     n_total
      230000      230710
   1813046.6452035513      +\-   29.322802337993643     
 precision:   1.6173220041286674E-005
 ====================NCALL=80K ===========================
  
 max=   7661647.0674698753     
 min=   0.0000000000000000     
       n_pass,     n_total
      240000      241212
 max=   7661647.0674698753     
 min=   0.0000000000000000     
       n_pass,     n_total
      250000      251212
 max=   7661647.0674698753     
 min=   0.0000000000000000     
       n_pass,     n_total
      260000      261212
 max=   7661647.0674698753     
 min=   0.0000000000000000     
       n_pass,     n_total
      270000      271212
 max=   7661647.0674698753     
 min=   0.0000000000000000     
       n_pass,     n_total
      280000      281212
 max=   7661647.0674698753     
 min=   0.0000000000000000     
       n_pass,     n_total
      290000      291212
 max=   7661647.0674698753     
 min=   0.0000000000000000     
       n_pass,     n_total
      300000      301212
 max=   7661647.0674698753     
 min=   0.0000000000000000     
       n_pass,     n_total
      310000      311212
   1813004.0651805904      +\-   13.885507009416880     
 precision:   7.6588394235253779E-006
 sigma (pb)                   sd (pb)
   1813004.0651805904        13.885507009416880     
