 =======================================================
 |                                                     |
 |         \/\/\/\/\/\___________/\/\/\/\/\/           |
 |                   |     \     |                     |
 |                   |     /     |                     |
 |                   |     \     |                     |
 |         /\/\/\/\/\|_____/_____|/\/\/\/\/\           |
 |                                                     |
 | Light-by-light scattering at next-to-leading order  |
 |                   (VERSION 0.5)                     |
 |                                                     |
 |    Authors:                                         |
 |            Ajjath A.H. (LPTHE Paris)                |
 |            Ekta Chaubey (Bonn)                      |
 |            Mathijs Fraaije (Bern)                   |
 |            Valentin Hirschi (Bern)                  |
 |            Hua-Sheng Shao (LPTHE Paris)             |
 |                                                     |
 |    Please cite                                      |
 |            PLB 851 (2024) 138555 [arXiv:2312.16956] |
 |            JHEP 03 (2024) 121    [arXiv:2312.16966] |
 |                                                     |
 =======================================================
 ---------------------------------------------------
         the cuts in the lab frame                  
 min transverse momentum of photon    0.0000000000000000     
 max (pseudo-)rapidity of photon    5.0000000000000000     
 min (pseudo-)rapidity of photon   -5.0000000000000000     
 min invariant mass of di-photon    0.0000000000000000     
 ---------------------------------------------------
 max=   1824.1359661576998     
 min=   0.0000000000000000     
       n_pass,     n_total
       10000       10000
  
 ====================NCALL=20K===========================
  
 ITERATION            1 :
   74.490614664148538      +\-  0.21000606284476872     
 precision:   2.8192284865900317E-003
 WARNING: outside the range of the grid (xs,xt)=   11.682111828915124       -11.681538217045601     
 WARNING: set the 2-loop amplitudes to zero
 WARNING: outside the range of the grid (xs,xt)=   11.341046712802767       -11.340489847819573     
 WARNING: set the 2-loop amplitudes to zero
 WARNING: outside the range of the grid (xs,xt)=   5.4603290295710130       -5.4600609179839354     
 WARNING: set the 2-loop amplitudes to zero
 WARNING: outside the range of the grid (xs,xt)=  0.58267777777777785      -0.58264916729241900     
 WARNING: set the 2-loop amplitudes to zero
 WARNING: outside the range of the grid (xs,xt)=   5.8106371191135736E-002  -5.8103518067942062E-002
 WARNING: set the 2-loop amplitudes to zero
 INFO: will suppress the further warning
 max=   2033.5899497835271     
 min=   0.0000000000000000     
       n_pass,     n_total
       20000       20007
 max=   2033.5899497835271     
 min=   0.0000000000000000     
       n_pass,     n_total
       30000       30007
 ITERATION            2 :
   74.220682910481216      +\-   5.5643033047394645E-002
 precision:   7.4969713111514512E-004
 max=   2052.9004313205055     
 min=   0.0000000000000000     
       n_pass,     n_total
       40000       40036
 max=   2052.9004313205055     
 min=   0.0000000000000000     
       n_pass,     n_total
       50000       50036
 ITERATION            3 :
   74.167385481584304      +\-   2.4707947056590702E-002
 precision:   3.3313763045787374E-004
 max=   2067.5083274512244     
 min=   0.0000000000000000     
       n_pass,     n_total
       60000       60121
 max=   2067.5083274512244     
 min=   0.0000000000000000     
       n_pass,     n_total
       70000       70121
 ITERATION            4 :
   74.186668070997243      +\-   1.9013985613997791E-002
 precision:   2.5629922610624932E-004
 max=   2069.7107030307848     
 min=   0.0000000000000000     
       n_pass,     n_total
       80000       80303
 max=   2069.7107030307848     
 min=   0.0000000000000000     
       n_pass,     n_total
       90000       90303
 ITERATION            5 :
   74.174739117871184      +\-   1.5388646038244759E-002
 precision:   2.0746478142364127E-004
 max=   2078.0057004881482     
 min=   0.0000000000000000     
       n_pass,     n_total
      100000      100599
 max=   2078.0057004881482     
 min=   0.0000000000000000     
       n_pass,     n_total
      110000      110599
 ITERATION            6 :
   74.189183631271433      +\-   1.3332834808803165E-002
 precision:   1.7971399813575048E-004
 max=   2078.0057004881482     
 min=   0.0000000000000000     
       n_pass,     n_total
      120000      120888
 max=   2078.0057004881482     
 min=   0.0000000000000000     
       n_pass,     n_total
      130000      130888
 ITERATION            7 :
   74.215069487909716      +\-   1.2576140697728522E-002
 precision:   1.6945535164899746E-004
 max=   2078.0057004881482     
 min=   0.0000000000000000     
       n_pass,     n_total
      140000      141260
 max=   2078.0057004881482     
 min=   0.0000000000000000     
       n_pass,     n_total
      150000      151260
 ITERATION            8 :
   74.171706620717899      +\-   1.2552312324422636E-002
 precision:   1.6923316040993563E-004
 max=   2078.4501840122884     
 min=   0.0000000000000000     
       n_pass,     n_total
      160000      161481
 max=   2078.4501840122884     
 min=   0.0000000000000000     
       n_pass,     n_total
      170000      171481
 ITERATION            9 :
   74.187150278719642      +\-   1.2925097004276402E-002
 precision:   1.7422285336095362E-004
 max=   2078.4501840122884     
 min=   0.0000000000000000     
       n_pass,     n_total
      180000      181877
 max=   2078.4501840122884     
 min=   0.0000000000000000     
       n_pass,     n_total
      190000      191877
 ITERATION           10 :
   74.199246598827145      +\-   1.3014560329427782E-002
 precision:   1.7540016814178138E-004
 ====================NCALL=40K ===========================
  
 max=   2078.4501840122884     
 min=   0.0000000000000000     
       n_pass,     n_total
      200000      202212
 max=   2078.4501840122884     
 min=   0.0000000000000000     
       n_pass,     n_total
      210000      212212
 max=   2078.4501840122884     
 min=   0.0000000000000000     
       n_pass,     n_total
      220000      222212
 max=   2078.4501840122884     
 min=   0.0000000000000000     
       n_pass,     n_total
      230000      232212
   74.195055236688532      +\-   6.2755100024114337E-003
 precision:   8.4581243081388957E-005
 ====================NCALL=80K ===========================
  
 max=   2078.8370167643757     
 min=   0.0000000000000000     
       n_pass,     n_total
      240000      243293
 max=   2078.8370167643757     
 min=   0.0000000000000000     
       n_pass,     n_total
      250000      253293
 max=   2078.8370167643757     
 min=   0.0000000000000000     
       n_pass,     n_total
      260000      263293
 max=   2078.8370167643757     
 min=   0.0000000000000000     
       n_pass,     n_total
      270000      273293
 max=   2078.8370167643757     
 min=   0.0000000000000000     
       n_pass,     n_total
      280000      283293
 max=   2078.8370167643757     
 min=   0.0000000000000000     
       n_pass,     n_total
      290000      293293
 max=   2078.8370167643757     
 min=   0.0000000000000000     
       n_pass,     n_total
      300000      303293
 max=   2078.8370167643757     
 min=   0.0000000000000000     
       n_pass,     n_total
      310000      313293
   74.193257050776452      +\-   3.0493709072768084E-003
 precision:   4.1100377965478410E-005
 sigma (pb)                   sd (pb)
   74.193257050776452        3.0493709072768084E-003
