 =======================================================
 |                                                     |
 |         \/\/\/\/\/\___________/\/\/\/\/\/           |
 |                   |     \     |                     |
 |                   |     /     |                     |
 |                   |     \     |                     |
 |         /\/\/\/\/\|_____/_____|/\/\/\/\/\           |
 |                                                     |
 | Light-by-light scattering at next-to-leading order  |
 |                   (VERSION 0.5)                     |
 |                                                     |
 |    Authors:                                         |
 |            Ajjath A.H. (LPTHE Paris)                |
 |            Ekta Chaubey (Bonn)                      |
 |            Mathijs Fraaije (Bern)                   |
 |            Valentin Hirschi (Bern)                  |
 |            Hua-Sheng Shao (LPTHE Paris)             |
 |                                                     |
 |    Please cite                                      |
 |            PLB 851 (2024) 138555 [arXiv:2312.16956] |
 |            JHEP 03 (2024) 121    [arXiv:2312.16966] |
 |                                                     |
 =======================================================
 ---------------------------------------------------
         the cuts in the lab frame                  
 min transverse momentum of photon    0.0000000000000000     
 max (pseudo-)rapidity of photon    5.0000000000000000     
 min (pseudo-)rapidity of photon   -5.0000000000000000     
 min invariant mass of di-photon    0.0000000000000000     
 ---------------------------------------------------
 max=   6.0635327784357954E-007
 min=   0.0000000000000000     
       n_pass,     n_total
       10000       10000
  
 ====================NCALL=20K===========================
  
 ITERATION            1 :
   6.9911916828507516E-007 +\-   3.3931919530594832E-010
 precision:   4.8535244161348242E-004
 max=   3.2264852049574205E-006
 min=   0.0000000000000000     
       n_pass,     n_total
       20000       20002
 max=   3.2264852049574205E-006
 min=   0.0000000000000000     
       n_pass,     n_total
       30000       30002
 ITERATION            2 :
   6.9917695381805315E-007 +\-   4.1970223026517556E-010
 precision:   6.0028041252400131E-004
 max=   3.2280819699038360E-006
 min=   0.0000000000000000     
       n_pass,     n_total
       40000       40002
 max=   3.2280819699038360E-006
 min=   0.0000000000000000     
       n_pass,     n_total
       50000       50002
 ITERATION            3 :
   6.9909316319882678E-007 +\-   2.8069021540014197E-010
 precision:   4.0150616566723854E-004
 max=   3.2283655639556120E-006
 min=   0.0000000000000000     
       n_pass,     n_total
       60000       60002
 max=   3.2283655639556120E-006
 min=   0.0000000000000000     
       n_pass,     n_total
       70000       70002
 ITERATION            4 :
   6.9907362035822657E-007 +\-   2.4483048172939079E-010
 precision:   3.5022131374937620E-004
 max=   3.2283655639556120E-006
 min=   0.0000000000000000     
       n_pass,     n_total
       80000       80003
 max=   3.2283655639556120E-006
 min=   0.0000000000000000     
       n_pass,     n_total
       90000       90003
 ITERATION            5 :
   6.9907175990321892E-007 +\-   2.8814415581134646E-010
 precision:   4.1218108402953909E-004
 max=   3.2283655639556120E-006
 min=   0.0000000000000000     
       n_pass,     n_total
      100000      100004
 max=   3.2283655639556120E-006
 min=   0.0000000000000000     
       n_pass,     n_total
      110000      110004
 ITERATION            6 :
   6.9866099241767410E-007 +\-   2.4396787838523348E-010
 precision:   3.4919350161656716E-004
 max=   3.2284204790429625E-006
 min=   0.0000000000000000     
       n_pass,     n_total
      120000      120007
 max=   3.2284204790429625E-006
 min=   0.0000000000000000     
       n_pass,     n_total
      130000      130007
 ITERATION            7 :
   6.9875626115823076E-007 +\-   2.6249636743962716E-010
 precision:   3.7566227600526050E-004
 max=   3.2286001374120911E-006
 min=   0.0000000000000000     
       n_pass,     n_total
      140000      140013
 max=   3.2286001374120911E-006
 min=   0.0000000000000000     
       n_pass,     n_total
      150000      150013
 ITERATION            8 :
   6.9812141242551017E-007 +\-   2.4985029328975336E-010
 precision:   3.5788945710988701E-004
 max=   3.2286309999683939E-006
 min=   0.0000000000000000     
       n_pass,     n_total
      160000      160021
 max=   3.2286309999683939E-006
 min=   0.0000000000000000     
       n_pass,     n_total
      170000      170021
 ITERATION            9 :
   6.9859583210059468E-007 +\-   2.2409460230357245E-010
 precision:   3.2077861333604956E-004
 max=   3.2286326299917748E-006
 min=   0.0000000000000000     
       n_pass,     n_total
      180000      180027
 max=   3.2286326299917748E-006
 min=   0.0000000000000000     
       n_pass,     n_total
      190000      190027
 ITERATION           10 :
   6.9853248583899530E-007 +\-   2.4905306317373838E-010
 precision:   3.5653755297379629E-004
 ====================NCALL=40K ===========================
  
 max=   3.2286326299917748E-006
 min=   0.0000000000000000     
       n_pass,     n_total
      200000      200034
 max=   3.2286326299917748E-006
 min=   0.0000000000000000     
       n_pass,     n_total
      210000      210034
 max=   3.2286326299917748E-006
 min=   0.0000000000000000     
       n_pass,     n_total
      220000      220034
 max=   3.2286326299917748E-006
 min=   0.0000000000000000     
       n_pass,     n_total
      230000      230034
   6.9883879371778079E-007 +\-   1.2541466456107848E-010
 precision:   1.7946150913271419E-004
 ====================NCALL=80K ===========================
  
 max=   3.2286326299917748E-006
 min=   0.0000000000000000     
       n_pass,     n_total
      240000      240050
 max=   3.2286326299917748E-006
 min=   0.0000000000000000     
       n_pass,     n_total
      250000      250050
 max=   3.2286326299917748E-006
 min=   0.0000000000000000     
       n_pass,     n_total
      260000      260050
 max=   3.2286326299917748E-006
 min=   0.0000000000000000     
       n_pass,     n_total
      270000      270050
 max=   3.2286326299917748E-006
 min=   0.0000000000000000     
       n_pass,     n_total
      280000      280050
 max=   3.2286326299917748E-006
 min=   0.0000000000000000     
       n_pass,     n_total
      290000      290050
 max=   3.2286326299917748E-006
 min=   0.0000000000000000     
       n_pass,     n_total
      300000      300050
 max=   3.2286326299917748E-006
 min=   0.0000000000000000     
       n_pass,     n_total
      310000      310050
   6.9879826303674433E-007 +\-   7.1583642916012310E-011
 precision:   1.0243820956986020E-004
 sigma (pb)                   sd (pb)
   6.9879826303674433E-007   7.1583642916012310E-011
