 =======================================================
 |                                                     |
 |         \/\/\/\/\/\___________/\/\/\/\/\/           |
 |                   |     \     |                     |
 |                   |     /     |                     |
 |                   |     \     |                     |
 |         /\/\/\/\/\|_____/_____|/\/\/\/\/\           |
 |                                                     |
 | Light-by-light scattering at next-to-leading order  |
 |                   (VERSION 0.5)                     |
 |                                                     |
 |    Authors:                                         |
 |            Ajjath A.H. (LPTHE Paris)                |
 |            Ekta Chaubey (Bonn)                      |
 |            Mathijs Fraaije (Bern)                   |
 |            Valentin Hirschi (Bern)                  |
 |            Hua-Sheng Shao (LPTHE Paris)             |
 |                                                     |
 |    Please cite                                      |
 |            PLB 851 (2024) 138555 [arXiv:2312.16956] |
 |            JHEP 03 (2024) 121    [arXiv:2312.16966] |
 |                                                     |
 =======================================================
 ---------------------------------------------------
         the cuts in the lab frame                  
 min transverse momentum of photon    0.0000000000000000     
 max (pseudo-)rapidity of photon    5.0000000000000000     
 min (pseudo-)rapidity of photon   -5.0000000000000000     
 min invariant mass of di-photon    0.0000000000000000     
 ---------------------------------------------------
 max=   4753.5778125063325     
 min=   0.0000000000000000     
       n_pass,     n_total
       10000       10000
  
 ====================NCALL=20K===========================
  
 ITERATION            1 :
   141.82676474456105      +\-  0.55084407129693502     
 precision:   3.8839218555752853E-003
 WARNING: outside the range of the grid (xs,xt)=   3.6612252171975936       -3.6610534981454266     
 WARNING: set the 2-loop amplitudes to zero
 WARNING: outside the range of the grid (xs,xt)=   3.5543339100346012       -3.5541672044063191     
 WARNING: set the 2-loop amplitudes to zero
 WARNING: outside the range of the grid (xs,xt)=   1.7112911286963766       -1.7112108655950462     
 WARNING: set the 2-loop amplitudes to zero
 WARNING: outside the range of the grid (xs,xt)=  0.18261377777777776      -0.18260521281305359     
 WARNING: set the 2-loop amplitudes to zero
 WARNING: outside the range of the grid (xs,xt)=   1.8210792243767312E-002  -1.8209938119861300E-002
 WARNING: set the 2-loop amplitudes to zero
 INFO: will suppress the further warning
 max=   5449.8380466281660     
 min=   0.0000000000000000     
       n_pass,     n_total
       20000       20007
 max=   5449.8380466281660     
 min=   0.0000000000000000     
       n_pass,     n_total
       30000       30007
 ITERATION            2 :
   141.20559564565812      +\-  0.14863304316944539     
 precision:   1.0526002350673535E-003
 max=   5449.8380466281660     
 min=   0.0000000000000000     
       n_pass,     n_total
       40000       40039
 max=   5449.8380466281660     
 min=   0.0000000000000000     
       n_pass,     n_total
       50000       50039
 ITERATION            3 :
   141.07049362429410      +\-   5.7763440051098354E-002
 precision:   4.0946507357475330E-004
 max=   5457.4853820115695     
 min=   0.0000000000000000     
       n_pass,     n_total
       60000       60142
 max=   5457.4853820115695     
 min=   0.0000000000000000     
       n_pass,     n_total
       70000       70142
 ITERATION            4 :
   141.11527905433996      +\-   4.1254034682504014E-002
 precision:   2.9234279207014939E-004
 max=   5501.3936365790005     
 min=   0.0000000000000000     
       n_pass,     n_total
       80000       80368
 max=   5501.3936365790005     
 min=   0.0000000000000000     
       n_pass,     n_total
       90000       90368
 ITERATION            5 :
   141.10621001655821      +\-   3.1641846246378620E-002
 precision:   2.2424134446432644E-004
 max=   5501.3936365790005     
 min=   0.0000000000000000     
       n_pass,     n_total
      100000      100721
 max=   5501.3936365790005     
 min=   0.0000000000000000     
       n_pass,     n_total
      110000      110721
 ITERATION            6 :
   141.11780571364753      +\-   2.6627216574087311E-002
 precision:   1.8868785862585297E-004
 max=   5505.2329311493522     
 min=   0.0000000000000000     
       n_pass,     n_total
      120000      121002
 max=   5505.2329311493522     
 min=   0.0000000000000000     
       n_pass,     n_total
      130000      131002
 ITERATION            7 :
   141.18163947210095      +\-   2.7223795023864090E-002
 precision:   1.9282815474914365E-004
 max=   5513.1329462177782     
 min=   0.0000000000000000     
       n_pass,     n_total
      140000      141455
 max=   5513.1329462177782     
 min=   0.0000000000000000     
       n_pass,     n_total
      150000      151455
 ITERATION            8 :
   141.09446799702943      +\-   2.6484563535088886E-002
 precision:   1.8770802222838734E-004
 max=   5513.1329462177782     
 min=   0.0000000000000000     
       n_pass,     n_total
      160000      161823
 max=   5513.1329462177782     
 min=   0.0000000000000000     
       n_pass,     n_total
      170000      171823
 ITERATION            9 :
   141.12400887542901      +\-   2.4362766702024207E-002
 precision:   1.7263374882957983E-004
 max=   5513.1329462177782     
 min=   0.0000000000000000     
       n_pass,     n_total
      180000      182211
 max=   5513.1329462177782     
 min=   0.0000000000000000     
       n_pass,     n_total
      190000      192211
 ITERATION           10 :
   141.14844538415826      +\-   2.5116963174860712E-002
 precision:   1.7794714710814451E-004
 ====================NCALL=40K ===========================
  
 max=   5513.1329462177782     
 min=   0.0000000000000000     
       n_pass,     n_total
      200000      202837
 max=   5513.1329462177782     
 min=   0.0000000000000000     
       n_pass,     n_total
      210000      212837
 max=   5513.1329462177782     
 min=   0.0000000000000000     
       n_pass,     n_total
      220000      222837
 max=   5513.1329462177782     
 min=   0.0000000000000000     
       n_pass,     n_total
      230000      232837
   141.13511581153364      +\-   1.2905540941801080E-002
 precision:   9.1441034129554537E-005
 ====================NCALL=80K ===========================
  
 max=   5513.1329462177782     
 min=   0.0000000000000000     
       n_pass,     n_total
      240000      244637
 max=   5513.1329462177782     
 min=   0.0000000000000000     
       n_pass,     n_total
      250000      254637
 max=   5513.1329462177782     
 min=   0.0000000000000000     
       n_pass,     n_total
      260000      264637
 max=   5513.1329462177782     
 min=   0.0000000000000000     
       n_pass,     n_total
      270000      274637
 max=   5513.1329462177782     
 min=   0.0000000000000000     
       n_pass,     n_total
      280000      284637
 max=   5513.1329462177782     
 min=   0.0000000000000000     
       n_pass,     n_total
      290000      294637
 max=   5513.1329462177782     
 min=   0.0000000000000000     
       n_pass,     n_total
      300000      304637
   141.11837182278779      +\-   6.3620694881719123E-003
 precision:   4.5083212100556318E-005
 sigma (pb)                   sd (pb)
   141.11837182278779        6.3620694881719123E-003
