 =======================================================
 |                                                     |
 |         \/\/\/\/\/\___________/\/\/\/\/\/           |
 |                   |     \     |                     |
 |                   |     /     |                     |
 |                   |     \     |                     |
 |         /\/\/\/\/\|_____/_____|/\/\/\/\/\           |
 |                                                     |
 | Light-by-light scattering at next-to-leading order  |
 |                   (VERSION 0.5)                     |
 |                                                     |
 |    Authors:                                         |
 |            Ajjath A.H. (LPTHE Paris)                |
 |            Ekta Chaubey (Bonn)                      |
 |            Mathijs Fraaije (Bern)                   |
 |            Valentin Hirschi (Bern)                  |
 |            Hua-Sheng Shao (LPTHE Paris)             |
 |                                                     |
 |    Please cite                                      |
 |            PLB 851 (2024) 138555 [arXiv:2312.16956] |
 |            JHEP 03 (2024) 121    [arXiv:2312.16966] |
 |                                                     |
 =======================================================
 ---------------------------------------------------
         the cuts in the lab frame                  
 min transverse momentum of photon    0.0000000000000000     
 max (pseudo-)rapidity of photon    5.0000000000000000     
 min (pseudo-)rapidity of photon   -5.0000000000000000     
 min invariant mass of di-photon    0.0000000000000000     
 ---------------------------------------------------
 max=   72287.496960615477     
 min=   0.0000000000000000     
       n_pass,     n_total
       10000       10000
  
 ====================NCALL=20K===========================
  
 ITERATION            1 :
   1046.5083883733162      +\-   8.8844038183105987     
 precision:   8.4895677063042390E-003
 WARNING: outside the range of the grid (xs,xt)=  0.20425003341501446      -0.20424028349853912     
 WARNING: set the 2-loop amplitudes to zero
 WARNING: outside the range of the grid (xs,xt)=  0.19828685121107265      -0.19827738594830063     
 WARNING: set the 2-loop amplitudes to zero
 WARNING: outside the range of the grid (xs,xt)=   9.5468388171595184E-002  -9.5463830968861130E-002
 WARNING: set the 2-loop amplitudes to zero
 WARNING: outside the range of the grid (xs,xt)=   1.0187537777777778E-002  -1.0187051473610469E-002
 WARNING: set the 2-loop amplitudes to zero
 WARNING: outside the range of the grid (xs,xt)=   87782.905243163143       -87778.714908504335     
 WARNING: set the 2-loop amplitudes to zero
 INFO: will suppress the further warning
 max=   79205.217061102958     
 min=   0.0000000000000000     
       n_pass,     n_total
       20000       20009
 max=   79205.217061102958     
 min=   0.0000000000000000     
       n_pass,     n_total
       30000       30009
 ITERATION            2 :
   1036.0821019111995      +\-   2.2561281937707505     
 precision:   2.1775573476358716E-003
 max=   80757.460862689695     
 min=   0.0000000000000000     
       n_pass,     n_total
       40000       40044
 max=   80757.460862689695     
 min=   0.0000000000000000     
       n_pass,     n_total
       50000       50044
 ITERATION            3 :
   1035.9234307947731      +\-  0.75842989255713311     
 precision:   7.3212929644351848E-004
 max=   81166.942186623506     
 min=   0.0000000000000000     
       n_pass,     n_total
       60000       60180
 max=   81166.942186623506     
 min=   0.0000000000000000     
       n_pass,     n_total
       70000       70180
 ITERATION            4 :
   1036.2728505875994      +\-  0.47006861253850046     
 precision:   4.5361471380047904E-004
 max=   81179.702489002899     
 min=   0.0000000000000000     
       n_pass,     n_total
       80000       80502
 max=   81179.702489002899     
 min=   0.0000000000000000     
       n_pass,     n_total
       90000       90502
 ITERATION            5 :
   1035.9458967881653      +\-  0.31825111456685290     
 precision:   3.0720823891822435E-004
 max=   81262.569576117923     
 min=   0.0000000000000000     
       n_pass,     n_total
      100000      100972
 max=   81262.569576117923     
 min=   0.0000000000000000     
       n_pass,     n_total
      110000      110972
 ITERATION            6 :
   1036.0389077189257      +\-  0.27282941315941978     
 precision:   2.6333896451834568E-004
 max=   81299.648035764141     
 min=   0.0000000000000000     
       n_pass,     n_total
      120000      121487
 max=   81299.648035764141     
 min=   0.0000000000000000     
       n_pass,     n_total
      130000      131487
 ITERATION            7 :
   1036.3333815599913      +\-  0.27637873171763216     
 precision:   2.6668901787337934E-004
 max=   81299.648035764141     
 min=   0.0000000000000000     
       n_pass,     n_total
      140000      142137
 max=   81299.648035764141     
 min=   0.0000000000000000     
       n_pass,     n_total
      150000      152137
 ITERATION            8 :
   1035.5794866291392      +\-  0.26577085726760813     
 precision:   2.5663974682687564E-004
 max=   81299.648035764141     
 min=   0.0000000000000000     
       n_pass,     n_total
      160000      162854
 max=   81299.648035764141     
 min=   0.0000000000000000     
       n_pass,     n_total
      170000      172854
 ITERATION            9 :
   1036.1411553370897      +\-  0.26298328088447187     
 precision:   2.5381028398482544E-004
 max=   81299.648035764141     
 min=   0.0000000000000000     
       n_pass,     n_total
      180000      183463
 max=   81299.648035764141     
 min=   0.0000000000000000     
       n_pass,     n_total
      190000      193463
 ITERATION           10 :
   1036.4436448916961      +\-  0.25875080687950747     
 precision:   2.4965255771966825E-004
 ====================NCALL=40K ===========================
  
 max=   81299.648035764141     
 min=   0.0000000000000000     
       n_pass,     n_total
      200000      204651
 max=   81299.648035764141     
 min=   0.0000000000000000     
       n_pass,     n_total
      210000      214651
 max=   81299.648035764141     
 min=   0.0000000000000000     
       n_pass,     n_total
      220000      224651
 max=   81299.648035764141     
 min=   0.0000000000000000     
       n_pass,     n_total
      230000      234651
   1036.1900895680092      +\-  0.13937932495763461     
 precision:   1.3451134725264770E-004
 ====================NCALL=80K ===========================
  
 max=   81310.657607986897     
 min=   0.0000000000000000     
       n_pass,     n_total
      240000      246595
 max=   81310.657607986897     
 min=   0.0000000000000000     
       n_pass,     n_total
      250000      256595
 max=   81310.657607986897     
 min=   0.0000000000000000     
       n_pass,     n_total
      260000      266595
 max=   81310.657607986897     
 min=   0.0000000000000000     
       n_pass,     n_total
      270000      276595
 max=   81310.657607986897     
 min=   0.0000000000000000     
       n_pass,     n_total
      280000      286595
 max=   81310.657607986897     
 min=   0.0000000000000000     
       n_pass,     n_total
      290000      296595
 max=   81310.657607986897     
 min=   0.0000000000000000     
       n_pass,     n_total
      300000      306595
   1036.0516802665716      +\-   6.3964467157643493E-002
 precision:   6.1738683866798731E-005
 sigma (pb)                   sd (pb)
   1036.0516802665716        6.3964467157643493E-002
