 =======================================================
 |                                                     |
 |         \/\/\/\/\/\___________/\/\/\/\/\/           |
 |                   |     \     |                     |
 |                   |     /     |                     |
 |                   |     \     |                     |
 |         /\/\/\/\/\|_____/_____|/\/\/\/\/\           |
 |                                                     |
 | Light-by-light scattering at next-to-leading order  |
 |                   (VERSION 0.5)                     |
 |                                                     |
 |    Authors:                                         |
 |            Ajjath A.H. (LPTHE Paris)                |
 |            Ekta Chaubey (Bonn)                      |
 |            Mathijs Fraaije (Bern)                   |
 |            Valentin Hirschi (Bern)                  |
 |            Hua-Sheng Shao (LPTHE Paris)             |
 |                                                     |
 |    Please cite                                      |
 |            PLB 851 (2024) 138555 [arXiv:2312.16956] |
 |            JHEP 03 (2024) 121    [arXiv:2312.16966] |
 |                                                     |
 =======================================================
 ---------------------------------------------------
         the cuts in the lab frame                  
 min transverse momentum of photon    0.0000000000000000     
 max (pseudo-)rapidity of photon    5.0000000000000000     
 min (pseudo-)rapidity of photon   -5.0000000000000000     
 min invariant mass of di-photon    0.0000000000000000     
 ---------------------------------------------------
 max=   1846.7887071649120     
 min=   0.0000000000000000     
       n_pass,     n_total
       10000       10000
  
 ====================NCALL=20K===========================
  
 ITERATION            1 :
   75.225043574593514      +\-  0.21260768096153160     
 precision:   2.8262885717136050E-003
 WARNING: outside the range of the grid (xs,xt)=   11.499184673646688       -11.498620345236105     
 WARNING: set the 2-loop amplitudes to zero
 WARNING: outside the range of the grid (xs,xt)=   11.163460207612454       -11.162912355052956     
 WARNING: set the 2-loop amplitudes to zero
 WARNING: outside the range of the grid (xs,xt)=   5.3748271553519364       -5.3745633829409503     
 WARNING: set the 2-loop amplitudes to zero
 WARNING: outside the range of the grid (xs,xt)=  0.57355377777777772      -0.57352563033072090     
 WARNING: set the 2-loop amplitudes to zero
 WARNING: outside the range of the grid (xs,xt)=   5.7196498614958444E-002  -5.7193691667329509E-002
 WARNING: set the 2-loop amplitudes to zero
 INFO: will suppress the further warning
 max=   2059.7109918302735     
 min=   0.0000000000000000     
       n_pass,     n_total
       20000       20007
 max=   2059.7109918302735     
 min=   0.0000000000000000     
       n_pass,     n_total
       30000       30007
 ITERATION            2 :
   74.952280824406330      +\-   5.6354537475862304E-002
 precision:   7.5187221597547253E-004
 max=   2079.1403072822477     
 min=   0.0000000000000000     
       n_pass,     n_total
       40000       40036
 max=   2079.1403072822477     
 min=   0.0000000000000000     
       n_pass,     n_total
       50000       50036
 ITERATION            3 :
   74.898641281551932      +\-   2.4988639982228389E-002
 precision:   3.3363275427512017E-004
 max=   2097.5236998318151     
 min=   0.0000000000000000     
       n_pass,     n_total
       60000       60121
 max=   2097.5236998318151     
 min=   0.0000000000000000     
       n_pass,     n_total
       70000       70121
 ITERATION            4 :
   74.918126012793905      +\-   1.9219441968116938E-002
 precision:   2.5653927815592713E-004
 max=   2099.8108835292078     
 min=   0.0000000000000000     
       n_pass,     n_total
       80000       80304
 max=   2099.8108835292078     
 min=   0.0000000000000000     
       n_pass,     n_total
       90000       90304
 ITERATION            5 :
   74.905444856661319      +\-   1.5529101899708757E-002
 precision:   2.0731606266307032E-004
 max=   2099.8108835292078     
 min=   0.0000000000000000     
       n_pass,     n_total
      100000      100599
 max=   2099.8108835292078     
 min=   0.0000000000000000     
       n_pass,     n_total
      110000      110599
 ITERATION            6 :
   74.920877800087368      +\-   1.3480194840014710E-002
 precision:   1.7992574614494159E-004
 max=   2102.7275707626782     
 min=   0.0000000000000000     
       n_pass,     n_total
      120000      120891
 max=   2102.7275707626782     
 min=   0.0000000000000000     
       n_pass,     n_total
      130000      130891
 ITERATION            7 :
   74.946660786779589      +\-   1.2686361245481661E-002
 precision:   1.6927186764963256E-004
 max=   2102.7275707626782     
 min=   0.0000000000000000     
       n_pass,     n_total
      140000      141262
 max=   2102.7275707626782     
 min=   0.0000000000000000     
       n_pass,     n_total
      150000      151262
 ITERATION            8 :
   74.901910114071200      +\-   1.2647569451156138E-002
 precision:   1.6885509904746935E-004
 max=   2104.4729230595894     
 min=   0.0000000000000000     
       n_pass,     n_total
      160000      161484
 max=   2104.4729230595894     
 min=   0.0000000000000000     
       n_pass,     n_total
      170000      171484
 ITERATION            9 :
   74.917603637308360      +\-   1.3070455844516238E-002
 precision:   1.7446441436905834E-004
 max=   2104.4729230595894     
 min=   0.0000000000000000     
       n_pass,     n_total
      180000      181880
 max=   2104.4729230595894     
 min=   0.0000000000000000     
       n_pass,     n_total
      190000      191880
 ITERATION           10 :
   74.932778122977652      +\-   1.3262570496993108E-002
 precision:   1.7699291056881591E-004
 ====================NCALL=40K ===========================
  
 max=   2104.4729230595894     
 min=   0.0000000000000000     
       n_pass,     n_total
      200000      202205
 max=   2104.4729230595894     
 min=   0.0000000000000000     
       n_pass,     n_total
      210000      212205
 max=   2104.4729230595894     
 min=   0.0000000000000000     
       n_pass,     n_total
      220000      222205
 max=   2104.4729230595894     
 min=   0.0000000000000000     
       n_pass,     n_total
      230000      232205
   74.926917218029743      +\-   6.3943779850671716E-003
 precision:   8.5341533089639592E-005
 ====================NCALL=80K ===========================
  
 max=   2104.4729230595894     
 min=   0.0000000000000000     
       n_pass,     n_total
      240000      243314
 max=   2104.4729230595894     
 min=   0.0000000000000000     
       n_pass,     n_total
      250000      253314
 max=   2104.4729230595894     
 min=   0.0000000000000000     
       n_pass,     n_total
      260000      263314
 max=   2104.4729230595894     
 min=   0.0000000000000000     
       n_pass,     n_total
      270000      273314
 max=   2104.4729230595894     
 min=   0.0000000000000000     
       n_pass,     n_total
      280000      283314
 max=   2104.4729230595894     
 min=   0.0000000000000000     
       n_pass,     n_total
      290000      293314
 max=   2104.4729230595894     
 min=   0.0000000000000000     
       n_pass,     n_total
      300000      303314
 max=   2104.4729230595894     
 min=   0.0000000000000000     
       n_pass,     n_total
      310000      313314
   74.924105839501792      +\-   3.0437295690364814E-003
 precision:   4.0624169416937560E-005
 sigma (pb)                   sd (pb)
   74.924105839501792        3.0437295690364814E-003
