 =======================================================
 |                                                     |
 |         \/\/\/\/\/\___________/\/\/\/\/\/           |
 |                   |     \     |                     |
 |                   |     /     |                     |
 |                   |     \     |                     |
 |         /\/\/\/\/\|_____/_____|/\/\/\/\/\           |
 |                                                     |
 | Light-by-light scattering at next-to-leading order  |
 |                   (VERSION 0.5)                     |
 |                                                     |
 |    Authors:                                         |
 |            Ajjath A.H. (LPTHE Paris)                |
 |            Ekta Chaubey (Bonn)                      |
 |            Mathijs Fraaije (Bern)                   |
 |            Valentin Hirschi (Bern)                  |
 |            Hua-Sheng Shao (LPTHE Paris)             |
 |                                                     |
 |    Please cite                                      |
 |            PLB 851 (2024) 138555 [arXiv:2312.16956] |
 |            JHEP 03 (2024) 121    [arXiv:2312.16966] |
 |                                                     |
 =======================================================
 ---------------------------------------------------
         the cuts in the lab frame                  
 min transverse momentum of photon    0.0000000000000000     
 max (pseudo-)rapidity of photon    5.0000000000000000     
 min (pseudo-)rapidity of photon   -5.0000000000000000     
 min invariant mass of di-photon    0.0000000000000000     
 ---------------------------------------------------
 max=   2006090.4630087123     
 min=   0.0000000000000000     
       n_pass,     n_total
       10000       10000
  
 ====================NCALL=20K===========================
  
 ITERATION            1 :
   240594.10355922105      +\-   251.01011028137040     
 precision:   1.0432928595009623E-003
 WARNING: outside the range of the grid (xs,xt)=   350.00478705274577       -349.98792328777574     
 WARNING: set the 2-loop amplitudes to zero
 max=   2011792.5082962969     
 min=   0.0000000000000000     
       n_pass,     n_total
       20000       20006
 max=   2011792.5082962969     
 min=   0.0000000000000000     
       n_pass,     n_total
       30000       30006
 ITERATION            2 :
   240060.14559815478      +\-   61.939424058159453     
 precision:   2.5801627297953098E-004
 max=   2045251.4343527183     
 min=   0.0000000000000000     
       n_pass,     n_total
       40000       40027
 max=   2045251.4343527183     
 min=   0.0000000000000000     
       n_pass,     n_total
       50000       50027
 WARNING: outside the range of the grid (xs,xt)=   350.00478705274577       -1.5979025148754385E-002
 WARNING: set the 2-loop amplitudes to zero
 ITERATION            3 :
   239971.73748945925      +\-   50.617858927160157     
 precision:   2.1093258504820196E-004
 WARNING: outside the range of the grid (xs,xt)=   350.00478705274577       -349.98802232264302     
 WARNING: set the 2-loop amplitudes to zero
 WARNING: outside the range of the grid (xs,xt)=   350.00478705274577       -349.98787969752402     
 WARNING: set the 2-loop amplitudes to zero
 WARNING: outside the range of the grid (xs,xt)=   350.00478705274577       -349.98796060680417     
 WARNING: set the 2-loop amplitudes to zero
 INFO: will suppress the further warning
 max=   2048738.2212636508     
 min=   0.0000000000000000     
       n_pass,     n_total
       60000       60067
 max=   2048738.2212636508     
 min=   0.0000000000000000     
       n_pass,     n_total
       70000       70067
 ITERATION            4 :
   239981.94463155797      +\-   45.618301206988470     
 precision:   1.9009055567503554E-004
 max=   2050457.0774316699     
 min=   0.0000000000000000     
       n_pass,     n_total
       80000       80122
 max=   2050457.0774316699     
 min=   0.0000000000000000     
       n_pass,     n_total
       90000       90122
 ITERATION            5 :
   239997.34938665875      +\-   41.795102699956146     
 precision:   1.7414818458107314E-004
 max=   2050457.0774316699     
 min=   0.0000000000000000     
       n_pass,     n_total
      100000      100203
 max=   2050457.0774316699     
 min=   0.0000000000000000     
       n_pass,     n_total
      110000      110203
 ITERATION            6 :
   239956.04568600829      +\-   40.655363231321175     
 precision:   1.6942837641407160E-004
 max=   2050457.0774316699     
 min=   0.0000000000000000     
       n_pass,     n_total
      120000      120291
 max=   2050457.0774316699     
 min=   0.0000000000000000     
       n_pass,     n_total
      130000      130291
 ITERATION            7 :
   240046.89231011627      +\-   39.366895920226952     
 precision:   1.6399669056897813E-004
 max=   2050457.0774316699     
 min=   0.0000000000000000     
       n_pass,     n_total
      140000      140390
 max=   2050457.0774316699     
 min=   0.0000000000000000     
       n_pass,     n_total
      150000      150390
 ITERATION            8 :
   239922.63328994403      +\-   38.556038621183184     
 precision:   1.6070196501464956E-004
 max=   2050457.0774316699     
 min=   0.0000000000000000     
       n_pass,     n_total
      160000      160503
 max=   2050457.0774316699     
 min=   0.0000000000000000     
       n_pass,     n_total
      170000      170503
 ITERATION            9 :
   239996.83759216857      +\-   37.925941281174516     
 precision:   1.5802683761034731E-004
 max=   2066613.3858966427     
 min=   0.0000000000000000     
       n_pass,     n_total
      180000      180620
 max=   2066613.3858966427     
 min=   0.0000000000000000     
       n_pass,     n_total
      190000      190620
 ITERATION           10 :
   240024.07910934996      +\-   38.621284238359138     
 precision:   1.6090587403426340E-004
 ====================NCALL=40K ===========================
  
 max=   2066613.3858966427     
 min=   0.0000000000000000     
       n_pass,     n_total
      200000      200830
 max=   2066613.3858966427     
 min=   0.0000000000000000     
       n_pass,     n_total
      210000      210830
 max=   2066613.3858966427     
 min=   0.0000000000000000     
       n_pass,     n_total
      220000      220830
 max=   2066613.3858966427     
 min=   0.0000000000000000     
       n_pass,     n_total
      230000      230830
   240005.64923405569      +\-   19.055084827760638     
 precision:   7.9394317961149102E-005
 ====================NCALL=80K ===========================
  
 max=   2066613.3858966427     
 min=   0.0000000000000000     
       n_pass,     n_total
      240000      241275
 max=   2066613.3858966427     
 min=   0.0000000000000000     
       n_pass,     n_total
      250000      251275
 max=   2066613.3858966427     
 min=   0.0000000000000000     
       n_pass,     n_total
      260000      261275
 max=   2066613.3858966427     
 min=   0.0000000000000000     
       n_pass,     n_total
      270000      271275
 max=   2066613.3858966427     
 min=   0.0000000000000000     
       n_pass,     n_total
      280000      281275
 max=   2066613.3858966427     
 min=   0.0000000000000000     
       n_pass,     n_total
      290000      291275
 max=   2066613.3858966427     
 min=   0.0000000000000000     
       n_pass,     n_total
      300000      301275
 max=   2066613.3858966427     
 min=   0.0000000000000000     
       n_pass,     n_total
      310000      311275
   239983.32067967847      +\-   9.0265258726306516     
 precision:   3.7613138475898290E-005
 sigma (pb)                   sd (pb)
   239983.32067967847        9.0265258726306516     
