 =======================================================
 |                                                     |
 |         \/\/\/\/\/\___________/\/\/\/\/\/           |
 |                   |     \     |                     |
 |                   |     /     |                     |
 |                   |     \     |                     |
 |         /\/\/\/\/\|_____/_____|/\/\/\/\/\           |
 |                                                     |
 | Light-by-light scattering at next-to-leading order  |
 |                   (VERSION 0.5)                     |
 |                                                     |
 |    Authors:                                         |
 |            Ajjath A.H. (LPTHE Paris)                |
 |            Ekta Chaubey (Bonn)                      |
 |            Mathijs Fraaije (Bern)                   |
 |            Valentin Hirschi (Bern)                  |
 |            Hua-Sheng Shao (LPTHE Paris)             |
 |                                                     |
 |    Please cite                                      |
 |            PLB 851 (2024) 138555 [arXiv:2312.16956] |
 |            JHEP 03 (2024) 121    [arXiv:2312.16966] |
 |                                                     |
 =======================================================
 ---------------------------------------------------
         the cuts in the lab frame                  
 min transverse momentum of photon    0.0000000000000000     
 max (pseudo-)rapidity of photon    5.0000000000000000     
 min (pseudo-)rapidity of photon   -5.0000000000000000     
 min invariant mass of di-photon    0.0000000000000000     
 ---------------------------------------------------
 max=   6.3137434831998308E-006
 min=   0.0000000000000000     
       n_pass,     n_total
       10000       10000
  
 ====================NCALL=20K===========================
  
 ITERATION            1 :
   3.0839831592815284E-006 +\-   1.3056885894868819E-009
 precision:   4.2337734094211672E-004
 max=   6.3137434831998308E-006
 min=   0.0000000000000000     
       n_pass,     n_total
       20000       20001
 max=   6.3137434831998308E-006
 min=   0.0000000000000000     
       n_pass,     n_total
       30000       30001
 ITERATION            2 :
   3.0835630102286496E-006 +\-   7.3626958725979332E-010
 precision:   2.3877235030303405E-004
 max=   6.3140711007544404E-006
 min=   0.0000000000000000     
       n_pass,     n_total
       40000       40002
 max=   6.3140711007544404E-006
 min=   0.0000000000000000     
       n_pass,     n_total
       50000       50002
 ITERATION            3 :
   3.0829282192902212E-006 +\-   5.1935467386237841E-010
 precision:   1.6846148756001489E-004
 max=   6.3141180680203162E-006
 min=   0.0000000000000000     
       n_pass,     n_total
       60000       60004
 max=   6.3141180680203162E-006
 min=   0.0000000000000000     
       n_pass,     n_total
       70000       70004
 ITERATION            4 :
   3.0829873072442222E-006 +\-   3.8794689579360800E-010
 precision:   1.2583473661472209E-004
 max=   6.3141692980969775E-006
 min=   0.0000000000000000     
       n_pass,     n_total
       80000       80007
 max=   6.3141692980969775E-006
 min=   0.0000000000000000     
       n_pass,     n_total
       90000       90007
 ITERATION            5 :
   3.0832291812951015E-006 +\-   4.0048402908184669E-010
 precision:   1.2989109973123196E-004
 max=   6.3142313618403433E-006
 min=   0.0000000000000000     
       n_pass,     n_total
      100000      100012
 max=   6.3142313618403433E-006
 min=   0.0000000000000000     
       n_pass,     n_total
      110000      110012
 ITERATION            6 :
   3.0832750794163791E-006 +\-   3.6426372019144901E-010
 precision:   1.1814181699947416E-004
 max=   6.3144394677495117E-006
 min=   0.0000000000000000     
       n_pass,     n_total
      120000      120020
 max=   6.3144394677495117E-006
 min=   0.0000000000000000     
       n_pass,     n_total
      130000      130020
 ITERATION            7 :
   3.0830379470014341E-006 +\-   3.6600355507283883E-010
 precision:   1.1871522873366325E-004
 max=   6.3144394677495117E-006
 min=   0.0000000000000000     
       n_pass,     n_total
      140000      140032
 max=   6.3144394677495117E-006
 min=   0.0000000000000000     
       n_pass,     n_total
      150000      150032
 ITERATION            8 :
   3.0820845497302371E-006 +\-   4.1633083056158390E-010
 precision:   1.3508092456387147E-004
 max=   6.3144394677495117E-006
 min=   0.0000000000000000     
       n_pass,     n_total
      160000      160047
 max=   6.3144394677495117E-006
 min=   0.0000000000000000     
       n_pass,     n_total
      170000      170047
 ITERATION            9 :
   3.0825261982536225E-006 +\-   4.1945418030122634E-010
 precision:   1.3607481439699176E-004
 max=   6.3144394677495117E-006
 min=   0.0000000000000000     
       n_pass,     n_total
      180000      180060
 max=   6.3144394677495117E-006
 min=   0.0000000000000000     
       n_pass,     n_total
      190000      190060
 ITERATION           10 :
   3.0835157098851430E-006 +\-   3.7642459089527500E-010
 precision:   1.2207643038384143E-004
 ====================NCALL=40K ===========================
  
 max=   6.3144394677495117E-006
 min=   0.0000000000000000     
       n_pass,     n_total
      200000      200076
 max=   6.3144394677495117E-006
 min=   0.0000000000000000     
       n_pass,     n_total
      210000      210076
 max=   6.3144394677495117E-006
 min=   0.0000000000000000     
       n_pass,     n_total
      220000      220076
 max=   6.3144394677495117E-006
 min=   0.0000000000000000     
       n_pass,     n_total
      230000      230076
   3.0832220043040096E-006 +\-   2.3734064827492691E-010
 precision:   7.6978124813462131E-005
 ====================NCALL=80K ===========================
  
 max=   6.3144413470201342E-006
 min=   0.0000000000000000     
       n_pass,     n_total
      240000      240127
 max=   6.3144413470201342E-006
 min=   0.0000000000000000     
       n_pass,     n_total
      250000      250127
 max=   6.3144413470201342E-006
 min=   0.0000000000000000     
       n_pass,     n_total
      260000      260127
 max=   6.3144413470201342E-006
 min=   0.0000000000000000     
       n_pass,     n_total
      270000      270127
 max=   6.3144413470201342E-006
 min=   0.0000000000000000     
       n_pass,     n_total
      280000      280127
 max=   6.3144413470201342E-006
 min=   0.0000000000000000     
       n_pass,     n_total
      290000      290127
 max=   6.3144413470201342E-006
 min=   0.0000000000000000     
       n_pass,     n_total
      300000      300127
 max=   6.3144413470201342E-006
 min=   0.0000000000000000     
       n_pass,     n_total
      310000      310127
   3.0830069027026496E-006 +\-   1.1019354176595830E-010
 precision:   3.5742229986368042E-005
 sigma (pb)                   sd (pb)
   3.0830069027026496E-006   1.1019354176595830E-010
