 =======================================================
 |                                                     |
 |         \/\/\/\/\/\___________/\/\/\/\/\/           |
 |                   |     \     |                     |
 |                   |     /     |                     |
 |                   |     \     |                     |
 |         /\/\/\/\/\|_____/_____|/\/\/\/\/\           |
 |                                                     |
 | Light-by-light scattering at next-to-leading order  |
 |                   (VERSION 0.5)                     |
 |                                                     |
 |    Authors:                                         |
 |            Ajjath A.H. (LPTHE Paris)                |
 |            Ekta Chaubey (Bonn)                      |
 |            Mathijs Fraaije (Bern)                   |
 |            Valentin Hirschi (Bern)                  |
 |            Hua-Sheng Shao (LPTHE Paris)             |
 |                                                     |
 |    Please cite                                      |
 |            PLB 851 (2024) 138555 [arXiv:2312.16956] |
 |            JHEP 03 (2024) 121    [arXiv:2312.16966] |
 |                                                     |
 =======================================================
 ---------------------------------------------------
         the cuts in the lab frame                  
 min transverse momentum of photon    0.0000000000000000     
 max (pseudo-)rapidity of photon    5.0000000000000000     
 min (pseudo-)rapidity of photon   -5.0000000000000000     
 min invariant mass of di-photon    0.0000000000000000     
 ---------------------------------------------------
 WARNING: outside the range of the grid (xs,xt)=   1.9467116665891482       -1.9467116471302979     
 WARNING: set the 2-loop amplitudes to zero
 WARNING: outside the range of the grid (xs,xt)=   1.9465874615752872       -1.9465874421176776     
 WARNING: set the 2-loop amplitudes to zero
 WARNING: outside the range of the grid (xs,xt)=   1.9464936639924297       -1.9464936445357572     
 WARNING: set the 2-loop amplitudes to zero
 WARNING: outside the range of the grid (xs,xt)=   1.9467291363994641       -1.9467291169404390     
 WARNING: set the 2-loop amplitudes to zero
 max=   645058631289840.62     
 min=   0.0000000000000000     
       n_pass,     n_total
       10000       10000
  
 ====================NCALL=20K===========================
  
 ITERATION            1 :
   71938480346.176437      +\-   43061787897.334251     
 precision:  0.59859184806401045     
 WARNING: outside the range of the grid (xs,xt)=   1.9465737226368920       -1.9465737031794199     
 WARNING: set the 2-loop amplitudes to zero
 INFO: will suppress the further warning
 max=   1528466778191346.8     
 min=   0.0000000000000000     
       n_pass,     n_total
       20000       20017
 max=   1528466778191346.8     
 min=   0.0000000000000000     
       n_pass,     n_total
       30000       30017
 ITERATION            2 :
   60511016846.658676      +\-   33993315710.701801     
 precision:  0.56177069039914607     
 max=   1665822349582272.2     
 min=   0.0000000000000000     
       n_pass,     n_total
       40000       40292
 max=   1665822349582272.2     
 min=   0.0000000000000000     
       n_pass,     n_total
       50000       50292
 ITERATION            3 :
   56890129114.255447      +\-   2145068306.3879929     
 precision:   3.7705456812726496E-002
 max=   1670520372845744.0     
 min=   0.0000000000000000     
       n_pass,     n_total
       60000       64821
 max=   1670520372845744.0     
 min=   0.0000000000000000     
       n_pass,     n_total
       70000       74821
 ITERATION            4 :
   58338131248.636589      +\-   76579679.076006413     
 precision:   1.3126865300094120E-003
 max=   1670855843222877.0     
 min=   0.0000000000000000     
       n_pass,     n_total
       80000       90870
 ITERATION            5 :
   58355642820.007629      +\-   26810449.546066128     
 precision:   4.5943199749783205E-004
 max=   1670855843222877.0     
 min=   0.0000000000000000     
       n_pass,     n_total
       90000      103090
 max=   1670855843222877.0     
 min=   0.0000000000000000     
       n_pass,     n_total
      100000      113090
 ITERATION            6 :
   509420470720.72137      +\-   451063101208.77704     
 precision:  0.88544361118943438     
 max=   1670855843222877.0     
 min=   0.0000000000000000     
       n_pass,     n_total
      110000      123673
 max=   1670855843222877.0     
 min=   0.0000000000000000     
       n_pass,     n_total
      120000      133673
 ITERATION            7 :
   457852630362.91345      +\-   293578973536.95398     
 precision:  0.64120844583605607     
 max=   1670855843222877.0     
 min=   0.0000000000000000     
       n_pass,     n_total
      130000      144169
 max=   1670855843222877.0     
 min=   0.0000000000000000     
       n_pass,     n_total
      140000      154169
 ITERATION            8 :
   325845693731.88983      +\-   63730477293.645058     
 precision:  0.19558483822125738     
 max=   5944027694560054.0     
 min=   0.0000000000000000     
       n_pass,     n_total
      150000      164653
 max=   5944027694560054.0     
 min=   0.0000000000000000     
       n_pass,     n_total
      160000      174653
 ITERATION            9 :
   284605200995.34747      +\-   13923734395.489460     
 precision:   4.8922979435351482E-002
 max=   6644375948456925.0     
 min=   0.0000000000000000     
       n_pass,     n_total
      170000      185416
 ITERATION           10 :
   290522545112.20844      +\-   1466738395.7264891     
 precision:   5.0486215971982176E-003
 ====================NCALL=40K ===========================
  
 max=   6688824155005370.0     
 min=   0.0000000000000000     
       n_pass,     n_total
      180000      199009
 max=   6688824155005370.0     
 min=   0.0000000000000000     
       n_pass,     n_total
      190000      209009
 max=   6688824155005370.0     
 min=   0.0000000000000000     
       n_pass,     n_total
      200000      219009
 max=   6688824155005370.0     
 min=   0.0000000000000000     
       n_pass,     n_total
      210000      229009
   290284084693.89172      +\-   339390227.65806633     
 precision:   1.1691658122282441E-003
 ====================NCALL=80K ===========================
  
 max=   6718319150343665.0     
 min=   0.0000000000000000     
       n_pass,     n_total
      220000      257471
 max=   6718319150343665.0     
 min=   0.0000000000000000     
       n_pass,     n_total
      230000      267471
 max=   6718319150343665.0     
 min=   0.0000000000000000     
       n_pass,     n_total
      240000      277471
 max=   6718319150343665.0     
 min=   0.0000000000000000     
       n_pass,     n_total
      250000      287471
 max=   6718319150343665.0     
 min=   0.0000000000000000     
       n_pass,     n_total
      260000      297471
   293893992210.18579      +\-   7561537015.8384991     
 precision:   2.5728790707741561E-002
 sigma (pb)                   sd (pb)
   293893992210.18579        7561537015.8384991     
