 =======================================================
 |                                                     |
 |         \/\/\/\/\/\___________/\/\/\/\/\/           |
 |                   |     \     |                     |
 |                   |     /     |                     |
 |                   |     \     |                     |
 |         /\/\/\/\/\|_____/_____|/\/\/\/\/\           |
 |                                                     |
 | Light-by-light scattering at next-to-leading order  |
 |                   (VERSION 0.5)                     |
 |                                                     |
 |    Authors:                                         |
 |            Ajjath A.H. (LPTHE Paris)                |
 |            Ekta Chaubey (Bonn)                      |
 |            Mathijs Fraaije (Bern)                   |
 |            Valentin Hirschi (Bern)                  |
 |            Hua-Sheng Shao (LPTHE Paris)             |
 |                                                     |
 |    Please cite                                      |
 |            PLB 851 (2024) 138555 [arXiv:2312.16956] |
 |            JHEP 03 (2024) 121    [arXiv:2312.16966] |
 |                                                     |
 =======================================================
 ---------------------------------------------------
         the cuts in the lab frame                  
 min transverse momentum of photon    0.0000000000000000     
 max (pseudo-)rapidity of photon    5.0000000000000000     
 min (pseudo-)rapidity of photon   -5.0000000000000000     
 min invariant mass of di-photon    0.0000000000000000     
 ---------------------------------------------------
 max=   19.009556666875600     
 min=   0.0000000000000000     
       n_pass,     n_total
       10000       10000
  
 ====================NCALL=20K===========================
  
 ITERATION            1 :
   1.9146068711191424E-002 +\-   2.0724666824090358E-003
 precision:  0.10824502479705507     
 max=   21.948079763801172     
 min=   0.0000000000000000     
       n_pass,     n_total
       20000       20011
 max=   21.948079763801172     
 min=   0.0000000000000000     
       n_pass,     n_total
       30000       30011
 ITERATION            2 :
   1.7813889563334396E-002 +\-   6.4120547900092936E-004
 precision:   3.5994692608889670E-002
 WARNING: outside the range of the grid (xs,xt)=   75111111.111111104       -75107480.379578292     
 WARNING: set the 2-loop amplitudes to zero
 WARNING: outside the range of the grid (xs,xt)=   7490304.7091412740       -7489942.6417308003     
 WARNING: set the 2-loop amplitudes to zero
 WARNING: outside the range of the grid (xs,xt)=   5646.6971833338903       -5646.4242324852539     
 WARNING: set the 2-loop amplitudes to zero
 WARNING: outside the range of the grid (xs,xt)=   53519475.547141634       -53516888.515148446     
 WARNING: set the 2-loop amplitudes to zero
 WARNING: outside the range of the grid (xs,xt)=   75111111.111111104       -75107415.520939797     
 WARNING: set the 2-loop amplitudes to zero
 INFO: will suppress the further warning
 max=   22.619420574934260     
 min=   0.0000000000000000     
       n_pass,     n_total
       40000       40070
 max=   22.619420574934260     
 min=   0.0000000000000000     
       n_pass,     n_total
       50000       50070
 ITERATION            3 :
   1.8427003998766969E-002 +\-   1.4804227644064853E-004
 precision:   8.0339851475885442E-003
 max=   22.698540481540022     
 min=   0.0000000000000000     
       n_pass,     n_total
       60000       60400
 max=   22.698540481540022     
 min=   0.0000000000000000     
       n_pass,     n_total
       70000       70400
 ITERATION            4 :
   1.8351449997660304E-002 +\-   3.7607258237721423E-005
 precision:   2.0492799338753132E-003
 max=   22.698540481540022     
 min=   0.0000000000000000     
       n_pass,     n_total
       80000       81657
 max=   22.698540481540022     
 min=   0.0000000000000000     
       n_pass,     n_total
       90000       91657
 ITERATION            5 :
   1.8357094124471160E-002 +\-   1.6461631721725597E-005
 precision:   8.9674496464999909E-004
 max=   22.701365964347968     
 min=   0.0000000000000000     
       n_pass,     n_total
      100000      103326
 max=   22.701365964347968     
 min=   0.0000000000000000     
       n_pass,     n_total
      110000      113326
 ITERATION            6 :
   1.8341461956743712E-002 +\-   1.3833146061476386E-005
 precision:   7.5420084255553436E-004
 max=   22.701365964347968     
 min=   0.0000000000000000     
       n_pass,     n_total
      120000      126442
 ITERATION            7 :
   1.8364097538886882E-002 +\-   1.3476176670666360E-005
 precision:   7.3383277572610858E-004
 max=   22.701365964347968     
 min=   0.0000000000000000     
       n_pass,     n_total
      130000      138814
 max=   22.701365964347968     
 min=   0.0000000000000000     
       n_pass,     n_total
      140000      148814
 ITERATION            8 :
   1.8321159974351735E-002 +\-   1.2219308148397804E-005
 precision:   6.6695057329906678E-004
 max=   22.701365964347968     
 min=   0.0000000000000000     
       n_pass,     n_total
      150000      160452
 max=   22.701365964347968     
 min=   0.0000000000000000     
       n_pass,     n_total
      160000      170452
 ITERATION            9 :
   1.8352100930670009E-002 +\-   1.4174455804773335E-005
 precision:   7.7236147830273764E-004
 max=   22.701365964347968     
 min=   0.0000000000000000     
       n_pass,     n_total
      170000      183753
 max=   22.701365964347968     
 min=   0.0000000000000000     
       n_pass,     n_total
      180000      193753
 ITERATION           10 :
   1.8355104198968918E-002 +\-   1.2451243615809452E-005
 precision:   6.7835319706378405E-004
 ====================NCALL=40K ===========================
  
 max=   22.701474078602210     
 min=   0.0000000000000000     
       n_pass,     n_total
      190000      207065
 max=   22.701474078602210     
 min=   0.0000000000000000     
       n_pass,     n_total
      200000      217065
 max=   22.701474078602210     
 min=   0.0000000000000000     
       n_pass,     n_total
      210000      227065
   1.8356882164259167E-002 +\-   5.9363824723998228E-006
 precision:   3.2338729525419925E-004
 ====================NCALL=80K ===========================
  
 max=   22.701844020643502     
 min=   0.0000000000000000     
       n_pass,     n_total
      220000      240459
 max=   22.701844020643502     
 min=   0.0000000000000000     
       n_pass,     n_total
      230000      250459
 max=   22.701844020643502     
 min=   0.0000000000000000     
       n_pass,     n_total
      240000      260459
 max=   22.701844020643502     
 min=   0.0000000000000000     
       n_pass,     n_total
      250000      270459
 max=   22.701844020643502     
 min=   0.0000000000000000     
       n_pass,     n_total
      260000      280459
 max=   22.701844020643502     
 min=   0.0000000000000000     
       n_pass,     n_total
      270000      290459
 max=   22.701844020643502     
 min=   0.0000000000000000     
       n_pass,     n_total
      280000      300459
 max=   22.701844020643502     
 min=   0.0000000000000000     
       n_pass,     n_total
      290000      310459
   1.8357178418633505E-002 +\-   3.5863326134702641E-006
 precision:   1.9536404406408925E-004
 sigma (pb)                   sd (pb)
   1.8357178418633505E-002   3.5863326134702641E-006
