 =======================================================
 |                                                     |
 |         \/\/\/\/\/\___________/\/\/\/\/\/           |
 |                   |     \     |                     |
 |                   |     /     |                     |
 |                   |     \     |                     |
 |         /\/\/\/\/\|_____/_____|/\/\/\/\/\           |
 |                                                     |
 | Light-by-light scattering at next-to-leading order  |
 |                   (VERSION 0.5)                     |
 |                                                     |
 |    Authors:                                         |
 |            Ajjath A.H. (LPTHE Paris)                |
 |            Ekta Chaubey (Bonn)                      |
 |            Mathijs Fraaije (Bern)                   |
 |            Valentin Hirschi (Bern)                  |
 |            Hua-Sheng Shao (LPTHE Paris)             |
 |                                                     |
 |    Please cite                                      |
 |            PLB 851 (2024) 138555 [arXiv:2312.16956] |
 |            JHEP 03 (2024) 121    [arXiv:2312.16966] |
 |                                                     |
 =======================================================
 ---------------------------------------------------
         the cuts in the lab frame                  
 min transverse momentum of photon    0.0000000000000000     
 max (pseudo-)rapidity of photon    5.0000000000000000     
 min (pseudo-)rapidity of photon   -5.0000000000000000     
 min invariant mass of di-photon    0.0000000000000000     
 ---------------------------------------------------
 max=   1515.9379917685478     
 min=   0.0000000000000000     
       n_pass,     n_total
       10000       10000
  
 ====================NCALL=20K===========================
  
 ITERATION            1 :
   63.854215907700734      +\-  0.17484425176294777     
 precision:   2.7381786664748909E-003
 WARNING: outside the range of the grid (xs,xt)=   14.805266206282019       -14.804533753584902     
 WARNING: set the 2-loop amplitudes to zero
 WARNING: outside the range of the grid (xs,xt)=   14.373019031141864       -14.372307962768733     
 WARNING: set the 2-loop amplitudes to zero
 WARNING: outside the range of the grid (xs,xt)=   6.9201207830070803       -6.9197784277220578     
 WARNING: set the 2-loop amplitudes to zero
 WARNING: outside the range of the grid (xs,xt)=  0.73845377777777765      -0.73841724466491820     
 WARNING: set the 2-loop amplitudes to zero
 WARNING: outside the range of the grid (xs,xt)=   7.3640819944598326E-002  -7.3637176753288236E-002
 WARNING: set the 2-loop amplitudes to zero
 INFO: will suppress the further warning
 max=   1679.4995885696590     
 min=   0.0000000000000000     
       n_pass,     n_total
       20000       20007
 max=   1679.4995885696590     
 min=   0.0000000000000000     
       n_pass,     n_total
       30000       30007
 ITERATION            2 :
   63.623322135670286      +\-   4.5917947372887687E-002
 precision:   7.2171565129799920E-004
 max=   1704.5235438744385     
 min=   0.0000000000000000     
       n_pass,     n_total
       40000       40036
 max=   1704.5235438744385     
 min=   0.0000000000000000     
       n_pass,     n_total
       50000       50036
 ITERATION            3 :
   63.579957468389054      +\-   2.0703508890697039E-002
 precision:   3.2562948632028414E-004
 max=   1704.5235438744385     
 min=   0.0000000000000000     
       n_pass,     n_total
       60000       60120
 max=   1704.5235438744385     
 min=   0.0000000000000000     
       n_pass,     n_total
       70000       70120
 ITERATION            4 :
   63.594006751029802      +\-   1.6057195668467177E-002
 precision:   2.5249542352836823E-004
 max=   1719.6159839778495     
 min=   0.0000000000000000     
       n_pass,     n_total
       80000       80301
 max=   1719.6159839778495     
 min=   0.0000000000000000     
       n_pass,     n_total
       90000       90301
 ITERATION            5 :
   63.581337086750558      +\-   1.3145713579665442E-002
 precision:   2.0675428013930240E-004
 max=   1719.6159839778495     
 min=   0.0000000000000000     
       n_pass,     n_total
      100000      100589
 max=   1719.6159839778495     
 min=   0.0000000000000000     
       n_pass,     n_total
      110000      110589
 ITERATION            6 :
   63.596581975642614      +\-   1.1470107330918689E-002
 precision:   1.8035729239838268E-004
 max=   1719.6159839778495     
 min=   0.0000000000000000     
       n_pass,     n_total
      120000      120878
 max=   1719.6159839778495     
 min=   0.0000000000000000     
       n_pass,     n_total
      130000      130878
 ITERATION            7 :
   63.620544821786325      +\-   1.0786928247286302E-002
 precision:   1.6955101968244083E-004
 max=   1719.6159839778495     
 min=   0.0000000000000000     
       n_pass,     n_total
      140000      141241
 max=   1719.6159839778495     
 min=   0.0000000000000000     
       n_pass,     n_total
      150000      151241
 ITERATION            8 :
   63.580218140223423      +\-   1.0675867237874566E-002
 precision:   1.6791177429321494E-004
 max=   1719.6159839778495     
 min=   0.0000000000000000     
       n_pass,     n_total
      160000      161478
 max=   1719.6159839778495     
 min=   0.0000000000000000     
       n_pass,     n_total
      170000      171478
 ITERATION            9 :
   63.595519228953194      +\-   1.0676388567432568E-002
 precision:   1.6787957228552540E-004
 max=   1719.6159839778495     
 min=   0.0000000000000000     
       n_pass,     n_total
      180000      181873
 max=   1719.6159839778495     
 min=   0.0000000000000000     
       n_pass,     n_total
      190000      191873
 ITERATION           10 :
   63.601683333453238      +\-   1.2480277757875838E-002
 precision:   1.9622558875436960E-004
 ====================NCALL=40K ===========================
  
 max=   1719.6159839778495     
 min=   0.0000000000000000     
       n_pass,     n_total
      200000      202053
 max=   1719.6159839778495     
 min=   0.0000000000000000     
       n_pass,     n_total
      210000      212053
 max=   1719.6159839778495     
 min=   0.0000000000000000     
       n_pass,     n_total
      220000      222053
 max=   1719.6159839778495     
 min=   0.0000000000000000     
       n_pass,     n_total
      230000      232053
   63.599445468733776      +\-   6.9622497389436357E-003
 precision:   1.0947028999437359E-004
 ====================NCALL=80K ===========================
  
 max=   1719.6159839778495     
 min=   0.0000000000000000     
       n_pass,     n_total
      240000      243208
 max=   1719.6159839778495     
 min=   0.0000000000000000     
       n_pass,     n_total
      250000      253208
 max=   1719.6159839778495     
 min=   0.0000000000000000     
       n_pass,     n_total
      260000      263208
 max=   1719.6159839778495     
 min=   0.0000000000000000     
       n_pass,     n_total
      270000      273208
 max=   1719.6159839778495     
 min=   0.0000000000000000     
       n_pass,     n_total
      280000      283208
 max=   1719.6159839778495     
 min=   0.0000000000000000     
       n_pass,     n_total
      290000      293208
 max=   1719.6159839778495     
 min=   0.0000000000000000     
       n_pass,     n_total
      300000      303208
 max=   1719.6159839778495     
 min=   0.0000000000000000     
       n_pass,     n_total
      310000      313208
   63.601779562944444      +\-   2.9481735056323078E-003
 precision:   4.6353632333740038E-005
 sigma (pb)                   sd (pb)
   63.601779562944444        2.9481735056323078E-003
