 =======================================================
 |                                                     |
 |         \/\/\/\/\/\___________/\/\/\/\/\/           |
 |                   |     \     |                     |
 |                   |     /     |                     |
 |                   |     \     |                     |
 |         /\/\/\/\/\|_____/_____|/\/\/\/\/\           |
 |                                                     |
 | Light-by-light scattering at next-to-leading order  |
 |                   (VERSION 0.5)                     |
 |                                                     |
 |    Authors:                                         |
 |            Ajjath A.H. (LPTHE Paris)                |
 |            Ekta Chaubey (Bonn)                      |
 |            Mathijs Fraaije (Bern)                   |
 |            Valentin Hirschi (Bern)                  |
 |            Hua-Sheng Shao (LPTHE Paris)             |
 |                                                     |
 |    Please cite                                      |
 |            PLB 851 (2024) 138555 [arXiv:2312.16956] |
 |            JHEP 03 (2024) 121    [arXiv:2312.16966] |
 |                                                     |
 =======================================================
 ---------------------------------------------------
         the cuts in the lab frame                  
 min transverse momentum of photon    0.0000000000000000     
 max (pseudo-)rapidity of photon    5.0000000000000000     
 min (pseudo-)rapidity of photon   -5.0000000000000000     
 min invariant mass of di-photon    0.0000000000000000     
 ---------------------------------------------------
 max=  0.26436546840350411     
 min=   0.0000000000000000     
       n_pass,     n_total
       10000       10000
  
 ====================NCALL=20K===========================
  
 ITERATION            1 :
   1.7286798390374003E-002 +\-   2.7453982366333838E-005
 precision:   1.5881473102400117E-003
 max=  0.30162614985276542     
 min=   0.0000000000000000     
       n_pass,     n_total
       20000       20007
 max=  0.30162614985276542     
 min=   0.0000000000000000     
       n_pass,     n_total
       30000       30007
 WARNING: outside the range of the grid (xs,xt)=   1571842.2811316550       -72.958382464624648     
 WARNING: set the 2-loop amplitudes to zero
 WARNING: outside the range of the grid (xs,xt)=   1525951.5570934254       -70.828325883153113     
 WARNING: set the 2-loop amplitudes to zero
 WARNING: outside the range of the grid (xs,xt)=   734693.87755102047       -34.101434702592684     
 WARNING: set the 2-loop amplitudes to zero
 WARNING: outside the range of the grid (xs,xt)=   78400.000000000000       -3.6390019875966675     
 WARNING: set the 2-loop amplitudes to zero
 WARNING: outside the range of the grid (xs,xt)=   7818.2825484764544      -0.36289216496808874     
 WARNING: set the 2-loop amplitudes to zero
 INFO: will suppress the further warning
 ITERATION            2 :
   1.7255434200573416E-002 +\-   8.7474583470604920E-006
 precision:   5.0693933548017032E-004
 max=  0.30311928285545320     
 min=   0.0000000000000000     
       n_pass,     n_total
       40000       40030
 max=  0.30311928285545320     
 min=   0.0000000000000000     
       n_pass,     n_total
       50000       50030
 ITERATION            3 :
   1.7244671902870656E-002 +\-   4.1179155616717090E-006
 precision:   2.3879350009472868E-004
 max=  0.30311928285545320     
 min=   0.0000000000000000     
       n_pass,     n_total
       60000       60100
 max=  0.30311928285545320     
 min=   0.0000000000000000     
       n_pass,     n_total
       70000       70100
 ITERATION            4 :
   1.7247075137091453E-002 +\-   3.2733844624092881E-006
 precision:   1.8979359899520397E-004
 max=  0.30332670878949614     
 min=   0.0000000000000000     
       n_pass,     n_total
       80000       80233
 max=  0.30332670878949614     
 min=   0.0000000000000000     
       n_pass,     n_total
       90000       90233
 ITERATION            5 :
   1.7246452411623314E-002 +\-   2.7937832854470103E-006
 precision:   1.6199176611905004E-004
 max=  0.30957835200334777     
 min=   0.0000000000000000     
       n_pass,     n_total
      100000      100439
 max=  0.30957835200334777     
 min=   0.0000000000000000     
       n_pass,     n_total
      110000      110439
 ITERATION            6 :
   1.7246632363093990E-002 +\-   2.5483774270930847E-006
 precision:   1.4776087142359158E-004
 max=  0.31147249092609641     
 min=   0.0000000000000000     
       n_pass,     n_total
      120000      120681
 max=  0.31147249092609641     
 min=   0.0000000000000000     
       n_pass,     n_total
      130000      130681
 ITERATION            7 :
   1.7252059130377556E-002 +\-   2.4324851849635165E-006
 precision:   1.4099680313988595E-004
 max=  0.31147249092609641     
 min=   0.0000000000000000     
       n_pass,     n_total
      140000      140983
 max=  0.31147249092609641     
 min=   0.0000000000000000     
       n_pass,     n_total
      150000      150983
 ITERATION            8 :
   1.7243709173494402E-002 +\-   2.3851532524921497E-006
 precision:   1.3832019715099401E-004
 max=  0.31147249092609641     
 min=   0.0000000000000000     
       n_pass,     n_total
      160000      161237
 max=  0.31147249092609641     
 min=   0.0000000000000000     
       n_pass,     n_total
      170000      171237
 ITERATION            9 :
   1.7247700051198918E-002 +\-   2.3204078433208836E-006
 precision:   1.3453433422617921E-004
 max=  0.31147249092609641     
 min=   0.0000000000000000     
       n_pass,     n_total
      180000      181546
 max=  0.31147249092609641     
 min=   0.0000000000000000     
       n_pass,     n_total
      190000      191546
 ITERATION           10 :
   1.7249913740095404E-002 +\-   2.2943096890715265E-006
 precision:   1.3300412533302544E-004
 ====================NCALL=40K ===========================
  
 max=  0.31147249092609641     
 min=   0.0000000000000000     
       n_pass,     n_total
      200000      201966
 max=  0.31147249092609641     
 min=   0.0000000000000000     
       n_pass,     n_total
      210000      211966
 max=  0.31147249092609641     
 min=   0.0000000000000000     
       n_pass,     n_total
      220000      221966
 max=  0.31147249092609641     
 min=   0.0000000000000000     
       n_pass,     n_total
      230000      231966
   1.7249354267507271E-002 +\-   1.0603137590462667E-006
 precision:   6.1469765337453071E-005
 ====================NCALL=80K ===========================
  
 max=  0.31147249092609641     
 min=   0.0000000000000000     
       n_pass,     n_total
      240000      242546
 max=  0.31147249092609641     
 min=   0.0000000000000000     
       n_pass,     n_total
      250000      252546
 max=  0.31147249092609641     
 min=   0.0000000000000000     
       n_pass,     n_total
      260000      262546
 max=  0.31147249092609641     
 min=   0.0000000000000000     
       n_pass,     n_total
      270000      272546
 max=  0.31147249092609641     
 min=   0.0000000000000000     
       n_pass,     n_total
      280000      282546
 max=  0.31147249092609641     
 min=   0.0000000000000000     
       n_pass,     n_total
      290000      292546
 max=  0.31147249092609641     
 min=   0.0000000000000000     
       n_pass,     n_total
      300000      302546
 max=  0.31147249092609641     
 min=   0.0000000000000000     
       n_pass,     n_total
      310000      312546
   1.7248558907693896E-002 +\-   6.6741390964165182E-007
 precision:   3.8693893977655429E-005
 sigma (pb)                   sd (pb)
   1.7248558907693896E-002   6.6741390964165182E-007
