 =======================================================
 |                                                     |
 |         \/\/\/\/\/\___________/\/\/\/\/\/           |
 |                   |     \     |                     |
 |                   |     /     |                     |
 |                   |     \     |                     |
 |         /\/\/\/\/\|_____/_____|/\/\/\/\/\           |
 |                                                     |
 | Light-by-light scattering at next-to-leading order  |
 |                   (VERSION 0.5)                     |
 |                                                     |
 |    Authors:                                         |
 |            Ajjath A.H. (LPTHE Paris)                |
 |            Ekta Chaubey (Bonn)                      |
 |            Mathijs Fraaije (Bern)                   |
 |            Valentin Hirschi (Bern)                  |
 |            Hua-Sheng Shao (LPTHE Paris)             |
 |                                                     |
 |    Please cite                                      |
 |            PLB 851 (2024) 138555 [arXiv:2312.16956] |
 |            JHEP 03 (2024) 121    [arXiv:2312.16966] |
 |                                                     |
 =======================================================
 ---------------------------------------------------
         the cuts in the lab frame                  
 min transverse momentum of photon    0.0000000000000000     
 max (pseudo-)rapidity of photon    5.0000000000000000     
 min (pseudo-)rapidity of photon   -5.0000000000000000     
 min invariant mass of di-photon    0.0000000000000000     
 ---------------------------------------------------
 WARNING: outside the range of the grid (xs,xt)=  0.14614809659166356      -0.14614809513022925     
 WARNING: set the 2-loop amplitudes to zero
 WARNING: outside the range of the grid (xs,xt)=  0.14626027544184364      -0.14626027397928759     
 WARNING: set the 2-loop amplitudes to zero
 WARNING: outside the range of the grid (xs,xt)=  0.14632610865943332      -0.14632610719621900     
 WARNING: set the 2-loop amplitudes to zero
 WARNING: outside the range of the grid (xs,xt)=  0.14619490813224459      -0.14619490667034213     
 WARNING: set the 2-loop amplitudes to zero
 WARNING: outside the range of the grid (xs,xt)=  0.14610270368190151      -0.14610270222092106     
 WARNING: set the 2-loop amplitudes to zero
 INFO: will suppress the further warning
 max=   10.568327298195486     
 min=   0.0000000000000000     
       n_pass,     n_total
       10000       10000
  
 ====================NCALL=20K===========================
  
 ITERATION            1 :
   7.4942196376029342      +\-   2.3325987310919709E-004
 precision:   3.1125305153693957E-005
 max=   10.590513494807579     
 min=   0.0000000000000000     
       n_pass,     n_total
       20000       20002
 max=   10.590513494807579     
 min=   0.0000000000000000     
       n_pass,     n_total
       30000       30002
 ITERATION            2 :
   7.4936655698387620      +\-   4.2448731890551379E-004
 precision:   5.6646151999901340E-005
 max=   10.607174743984912     
 min=   0.0000000000000000     
       n_pass,     n_total
       40000       40012
 max=   10.607174743984912     
 min=   0.0000000000000000     
       n_pass,     n_total
       50000       50012
 ITERATION            3 :
   7.4937296316303552      +\-   3.7053158935090711E-004
 precision:   4.9445550822507233E-005
 max=   10.614396842414436     
 min=   0.0000000000000000     
       n_pass,     n_total
       60000       60038
 max=   10.614396842414436     
 min=   0.0000000000000000     
       n_pass,     n_total
       70000       70038
 ITERATION            4 :
   7.4932944098190672      +\-   3.7038013270206729E-004
 precision:   4.9428210403254459E-005
 max=   10.614396842414436     
 min=   0.0000000000000000     
       n_pass,     n_total
       80000       80064
 max=   10.614396842414436     
 min=   0.0000000000000000     
       n_pass,     n_total
       90000       90064
 ITERATION            5 :
   7.4932682133553987      +\-   3.0297917056886848E-004
 precision:   4.0433514715096246E-005
 max=   10.614924704232799     
 min=   0.0000000000000000     
       n_pass,     n_total
      100000      100096
 max=   10.614924704232799     
 min=   0.0000000000000000     
       n_pass,     n_total
      110000      110096
 ITERATION            6 :
   7.4931248205135885      +\-   2.5933029947467948E-004
 precision:   3.4609099099046460E-005
 max=   10.614924704232799     
 min=   0.0000000000000000     
       n_pass,     n_total
      120000      120128
 max=   10.614924704232799     
 min=   0.0000000000000000     
       n_pass,     n_total
      130000      130128
 ITERATION            7 :
   7.4934482628075321      +\-   2.4423337109738308E-004
 precision:   3.2592921513796825E-005
 max=   10.614924704232799     
 min=   0.0000000000000000     
       n_pass,     n_total
      140000      140176
 max=   10.614924704232799     
 min=   0.0000000000000000     
       n_pass,     n_total
      150000      150176
 ITERATION            8 :
   7.4926781988076998      +\-   2.4395788596303492E-004
 precision:   3.2559504023788930E-005
 max=   10.614924704232799     
 min=   0.0000000000000000     
       n_pass,     n_total
      160000      160241
 max=   10.614924704232799     
 min=   0.0000000000000000     
       n_pass,     n_total
      170000      170241
 ITERATION            9 :
   7.4932114928776272      +\-   2.3201541165775342E-004
 precision:   3.0963414268806693E-005
 max=   10.614964075396902     
 min=   0.0000000000000000     
       n_pass,     n_total
      180000      180308
 max=   10.614964075396902     
 min=   0.0000000000000000     
       n_pass,     n_total
      190000      190308
 ITERATION           10 :
   7.4933933281797787      +\-   2.3251329048757356E-004
 precision:   3.1029105280404841E-005
 ====================NCALL=40K ===========================
  
 max=   10.614964075396902     
 min=   0.0000000000000000     
       n_pass,     n_total
      200000      200451
 max=   10.614964075396902     
 min=   0.0000000000000000     
       n_pass,     n_total
      210000      210451
 max=   10.614964075396902     
 min=   0.0000000000000000     
       n_pass,     n_total
      220000      220451
 max=   10.614964075396902     
 min=   0.0000000000000000     
       n_pass,     n_total
      230000      230451
   7.4932518604500356      +\-   1.1614115966190514E-004
 precision:   1.5499433600371447E-005
 ====================NCALL=80K ===========================
  
 max=   10.614964075396902     
 min=   0.0000000000000000     
       n_pass,     n_total
      240000      240810
 max=   10.614964075396902     
 min=   0.0000000000000000     
       n_pass,     n_total
      250000      250810
 max=   10.614964075396902     
 min=   0.0000000000000000     
       n_pass,     n_total
      260000      260810
 max=   10.614964075396902     
 min=   0.0000000000000000     
       n_pass,     n_total
      270000      270810
 max=   10.614964075396902     
 min=   0.0000000000000000     
       n_pass,     n_total
      280000      280810
 max=   10.614964075396902     
 min=   0.0000000000000000     
       n_pass,     n_total
      290000      290810
 max=   10.614964075396902     
 min=   0.0000000000000000     
       n_pass,     n_total
      300000      300810
 max=   10.614964075396902     
 min=   0.0000000000000000     
       n_pass,     n_total
      310000      310810
   7.4931087120250019      +\-   5.6539793239465760E-005
 precision:   7.5455722601128476E-006
 sigma (pb)                   sd (pb)
   7.4931087120250019        5.6539793239465760E-005
