 =======================================================
 |                                                     |
 |         \/\/\/\/\/\___________/\/\/\/\/\/           |
 |                   |     \     |                     |
 |                   |     /     |                     |
 |                   |     \     |                     |
 |         /\/\/\/\/\|_____/_____|/\/\/\/\/\           |
 |                                                     |
 | Light-by-light scattering at next-to-leading order  |
 |                   (VERSION 0.5)                     |
 |                                                     |
 |    Authors:                                         |
 |            Ajjath A.H. (LPTHE Paris)                |
 |            Ekta Chaubey (Bonn)                      |
 |            Mathijs Fraaije (Bern)                   |
 |            Valentin Hirschi (Bern)                  |
 |            Hua-Sheng Shao (LPTHE Paris)             |
 |                                                     |
 |    Please cite                                      |
 |            PLB 851 (2024) 138555 [arXiv:2312.16956] |
 |            JHEP 03 (2024) 121    [arXiv:2312.16966] |
 |                                                     |
 =======================================================
 ---------------------------------------------------
         the cuts in the lab frame                  
 min transverse momentum of photon    0.0000000000000000     
 max (pseudo-)rapidity of photon    5.0000000000000000     
 min (pseudo-)rapidity of photon   -5.0000000000000000     
 min invariant mass of di-photon    0.0000000000000000     
 ---------------------------------------------------
 max=   3136777.0820012940     
 min=   0.0000000000000000     
       n_pass,     n_total
       10000       10000
  
 ====================NCALL=20K===========================
  
 ITERATION            1 :
   1806602.3205151286      +\-   70.532952303290315     
 precision:   3.9041770013435380E-005
 max=   3136777.0820012940     
 min=   0.0000000000000000     
       n_pass,     n_total
       20000       20002
 max=   3136777.0820012940     
 min=   0.0000000000000000     
       n_pass,     n_total
       30000       30002
 ITERATION            2 :
   1806379.3095784285      +\-   118.31461603307170     
 precision:   6.5498212587855579E-005
 max=   3585451.6915788292     
 min=   0.0000000000000000     
       n_pass,     n_total
       40000       40012
 max=   3585451.6915788292     
 min=   0.0000000000000000     
       n_pass,     n_total
       50000       50012
 WARNING: outside the range of the grid (xs,xt)=   12.435629459139633       -5.8556529641683468E-004
 WARNING: set the 2-loop amplitudes to zero
 ITERATION            3 :
   1806166.5513930402      +\-   108.58869110848299     
 precision:   6.0121084085369590E-005
 WARNING: outside the range of the grid (xs,xt)=   12.435629459139633       -12.435053730675028     
 WARNING: set the 2-loop amplitudes to zero
 WARNING: outside the range of the grid (xs,xt)=   12.435629459139633       -12.435048987242036     
 WARNING: set the 2-loop amplitudes to zero
 WARNING: outside the range of the grid (xs,xt)=   12.435629459139633       -12.435041944591639     
 WARNING: set the 2-loop amplitudes to zero
 WARNING: outside the range of the grid (xs,xt)=   12.435629459139633       -12.435029266767717     
 WARNING: set the 2-loop amplitudes to zero
 INFO: will suppress the further warning
 max=   5127228.7958018500     
 min=   0.0000000000000000     
       n_pass,     n_total
       60000       60037
 max=   5127228.7958018500     
 min=   0.0000000000000000     
       n_pass,     n_total
       70000       70037
 ITERATION            4 :
   1806266.4558960514      +\-   87.244716871640264     
 precision:   4.8301133305584179E-005
 max=   6034722.7756964117     
 min=   0.0000000000000000     
       n_pass,     n_total
       80000       80072
 max=   6034722.7756964117     
 min=   0.0000000000000000     
       n_pass,     n_total
       90000       90072
 ITERATION            5 :
   1806307.3829111238      +\-   73.204959568323602     
 precision:   4.0527409820106751E-005
 max=   6086146.3038064400     
 min=   0.0000000000000000     
       n_pass,     n_total
      100000      100128
 max=   6086146.3038064400     
 min=   0.0000000000000000     
       n_pass,     n_total
      110000      110128
 ITERATION            6 :
   1806274.3675983949      +\-   64.928042638525667     
 precision:   3.5945836249037501E-005
 max=   6088106.8509937702     
 min=   0.0000000000000000     
       n_pass,     n_total
      120000      120191
 max=   6088106.8509937702     
 min=   0.0000000000000000     
       n_pass,     n_total
      130000      130191
 ITERATION            7 :
   1806403.9919052634      +\-   61.654892277883121     
 precision:   3.4131286552823674E-005
 max=   6088106.8509937702     
 min=   0.0000000000000000     
       n_pass,     n_total
      140000      140275
 max=   6088106.8509937702     
 min=   0.0000000000000000     
       n_pass,     n_total
      150000      150275
 ITERATION            8 :
   1806214.4391393359      +\-   61.279321733592411     
 precision:   3.3926936030249051E-005
 max=   6088106.8509937702     
 min=   0.0000000000000000     
       n_pass,     n_total
      160000      160379
 max=   6088106.8509937702     
 min=   0.0000000000000000     
       n_pass,     n_total
      170000      170379
 ITERATION            9 :
   1806302.0716064635      +\-   59.111636625653858     
 precision:   3.2725222184505375E-005
 max=   6088106.8509937702     
 min=   0.0000000000000000     
       n_pass,     n_total
      180000      180487
 max=   6088106.8509937702     
 min=   0.0000000000000000     
       n_pass,     n_total
      190000      190487
 ITERATION           10 :
   1806354.5095547147      +\-   58.768007702943194     
 precision:   3.2534038801403453E-005
 ====================NCALL=40K ===========================
  
 max=   6088106.8509937702     
 min=   0.0000000000000000     
       n_pass,     n_total
      200000      200696
 max=   6088106.8509937702     
 min=   0.0000000000000000     
       n_pass,     n_total
      210000      210696
 max=   6088106.8509937702     
 min=   0.0000000000000000     
       n_pass,     n_total
      220000      220696
 max=   6088106.8509937702     
 min=   0.0000000000000000     
       n_pass,     n_total
      230000      230696
   1806341.7527074278      +\-   29.900912974685415     
 precision:   1.6553297807498807E-005
 ====================NCALL=80K ===========================
  
 max=   6782313.8970141839     
 min=   0.0000000000000000     
       n_pass,     n_total
      240000      241177
 max=   6782313.8970141839     
 min=   0.0000000000000000     
       n_pass,     n_total
      250000      251177
 max=   6782313.8970141839     
 min=   0.0000000000000000     
       n_pass,     n_total
      260000      261177
 max=   6782313.8970141839     
 min=   0.0000000000000000     
       n_pass,     n_total
      270000      271177
 max=   6782313.8970141839     
 min=   0.0000000000000000     
       n_pass,     n_total
      280000      281177
 max=   6782313.8970141839     
 min=   0.0000000000000000     
       n_pass,     n_total
      290000      291177
 max=   6782313.8970141839     
 min=   0.0000000000000000     
       n_pass,     n_total
      300000      301177
 max=   6782313.8970141839     
 min=   0.0000000000000000     
       n_pass,     n_total
      310000      311177
   1806301.6526347110      +\-   14.229623357949855     
 precision:   7.8777668930293093E-006
 sigma (pb)                   sd (pb)
   1806301.6526347110        14.229623357949855     
