 =======================================================
 |                                                     |
 |         \/\/\/\/\/\___________/\/\/\/\/\/           |
 |                   |     \     |                     |
 |                   |     /     |                     |
 |                   |     \     |                     |
 |         /\/\/\/\/\|_____/_____|/\/\/\/\/\           |
 |                                                     |
 | Light-by-light scattering at next-to-leading order  |
 |                   (VERSION 0.5)                     |
 |                                                     |
 |    Authors:                                         |
 |            Ajjath A.H. (LPTHE Paris)                |
 |            Ekta Chaubey (Bonn)                      |
 |            Mathijs Fraaije (Bern)                   |
 |            Valentin Hirschi (Bern)                  |
 |            Hua-Sheng Shao (LPTHE Paris)             |
 |                                                     |
 |    Please cite                                      |
 |            PLB 851 (2024) 138555 [arXiv:2312.16956] |
 |            JHEP 03 (2024) 121    [arXiv:2312.16966] |
 |                                                     |
 =======================================================
 ---------------------------------------------------
         the cuts in the lab frame                  
 min transverse momentum of photon    0.0000000000000000     
 max (pseudo-)rapidity of photon    5.0000000000000000     
 min (pseudo-)rapidity of photon   -5.0000000000000000     
 min invariant mass of di-photon    0.0000000000000000     
 ---------------------------------------------------
 WARNING: outside the range of the grid (xs,xt)=   9.2761109548587115E-002  -9.2761108620994820E-002
 WARNING: set the 2-loop amplitudes to zero
 WARNING: outside the range of the grid (xs,xt)=   9.2937689301415966E-002  -9.2937688372057931E-002
 WARNING: set the 2-loop amplitudes to zero
 WARNING: outside the range of the grid (xs,xt)=   9.2825539630488271E-002  -9.2825538702251686E-002
 WARNING: set the 2-loop amplitudes to zero
 WARNING: outside the range of the grid (xs,xt)=   9.3009025455408817E-002  -9.3009024525337436E-002
 WARNING: set the 2-loop amplitudes to zero
 WARNING: outside the range of the grid (xs,xt)=   9.3050889751042823E-002  -9.3050888820552818E-002
 WARNING: set the 2-loop amplitudes to zero
 INFO: will suppress the further warning
 max=   2.7074839304965468     
 min=   0.0000000000000000     
       n_pass,     n_total
       10000       10000
  
 ====================NCALL=20K===========================
  
 ITERATION            1 :
   1.9202075222836030      +\-   6.5548394152602433E-005
 precision:   3.4136099037175487E-005
 max=   2.7218728429358952     
 min=   0.0000000000000000     
       n_pass,     n_total
       20000       20002
 max=   2.7218728429358952     
 min=   0.0000000000000000     
       n_pass,     n_total
       30000       30002
 ITERATION            2 :
   1.9200948314067980      +\-   1.2434780332185583E-004
 precision:   6.4761282249142758E-005
 max=   2.7270393629452125     
 min=   0.0000000000000000     
       n_pass,     n_total
       40000       40010
 max=   2.7270393629452125     
 min=   0.0000000000000000     
       n_pass,     n_total
       50000       50010
 ITERATION            3 :
   1.9199296249634361      +\-   1.0672106401063824E-004
 precision:   5.5585924933405139E-005
 max=   2.7281568972104946     
 min=   0.0000000000000000     
       n_pass,     n_total
       60000       60033
 max=   2.7281568972104946     
 min=   0.0000000000000000     
       n_pass,     n_total
       70000       70033
 ITERATION            4 :
   1.9199735158522224      +\-   8.3242535270652699E-005
 precision:   4.3356085166468390E-005
 max=   2.7281568972104946     
 min=   0.0000000000000000     
       n_pass,     n_total
       80000       80065
 max=   2.7281568972104946     
 min=   0.0000000000000000     
       n_pass,     n_total
       90000       90065
 ITERATION            5 :
   1.9200235414335411      +\-   6.9930128149706643E-005
 precision:   3.6421495174738814E-005
 max=   2.7281568972104946     
 min=   0.0000000000000000     
       n_pass,     n_total
      100000      100111
 max=   2.7281568972104946     
 min=   0.0000000000000000     
       n_pass,     n_total
      110000      110111
 ITERATION            6 :
   1.9199886902533609      +\-   6.3070841471381497E-005
 precision:   3.2849590099959751E-005
 max=   2.7281568972104946     
 min=   0.0000000000000000     
       n_pass,     n_total
      120000      120154
 max=   2.7281568972104946     
 min=   0.0000000000000000     
       n_pass,     n_total
      130000      130154
 ITERATION            7 :
   1.9200834653987620      +\-   6.2120644606700952E-005
 precision:   3.2353095959711192E-005
 max=   2.7281568972104946     
 min=   0.0000000000000000     
       n_pass,     n_total
      140000      140211
 max=   2.7281568972104946     
 min=   0.0000000000000000     
       n_pass,     n_total
      150000      150211
 ITERATION            8 :
   1.9198902992016575      +\-   6.2646247676383441E-005
 precision:   3.2630118347091734E-005
 max=   2.7281568972104946     
 min=   0.0000000000000000     
       n_pass,     n_total
      160000      160281
 max=   2.7281568972104946     
 min=   0.0000000000000000     
       n_pass,     n_total
      170000      170281
 ITERATION            9 :
   1.9200310131615468      +\-   6.0519279894330418E-005
 precision:   3.1519949146383120E-005
 max=   2.7281568972104946     
 min=   0.0000000000000000     
       n_pass,     n_total
      180000      180352
 max=   2.7281568972104946     
 min=   0.0000000000000000     
       n_pass,     n_total
      190000      190352
 ITERATION           10 :
   1.9200437215006001      +\-   6.1578986713193030E-005
 precision:   3.2071658589662893E-005
 ====================NCALL=40K ===========================
  
 max=   2.7281568972104946     
 min=   0.0000000000000000     
       n_pass,     n_total
      200000      200495
 max=   2.7281568972104946     
 min=   0.0000000000000000     
       n_pass,     n_total
      210000      210495
 max=   2.7281568972104946     
 min=   0.0000000000000000     
       n_pass,     n_total
      220000      220495
 max=   2.7281568972104946     
 min=   0.0000000000000000     
       n_pass,     n_total
      230000      230495
   1.9200116936740155      +\-   3.1975360255899627E-005
 precision:   1.6653732037805225E-005
 ====================NCALL=80K ===========================
  
 max=   2.7281568972104946     
 min=   0.0000000000000000     
       n_pass,     n_total
      240000      240825
 max=   2.7281568972104946     
 min=   0.0000000000000000     
       n_pass,     n_total
      250000      250825
 max=   2.7281568972104946     
 min=   0.0000000000000000     
       n_pass,     n_total
      260000      260825
 max=   2.7281568972104946     
 min=   0.0000000000000000     
       n_pass,     n_total
      270000      270825
 max=   2.7281568972104946     
 min=   0.0000000000000000     
       n_pass,     n_total
      280000      280825
 max=   2.7281568972104946     
 min=   0.0000000000000000     
       n_pass,     n_total
      290000      290825
 max=   2.7281568972104946     
 min=   0.0000000000000000     
       n_pass,     n_total
      300000      300825
 max=   2.7281568972104946     
 min=   0.0000000000000000     
       n_pass,     n_total
      310000      310825
   1.9199886228750824      +\-   1.6047753157614285E-005
 precision:   8.3582542971445400E-006
 sigma (pb)                   sd (pb)
   1.9199886228750824        1.6047753157614285E-005
