 =======================================================
 |                                                     |
 |         \/\/\/\/\/\___________/\/\/\/\/\/           |
 |                   |     \     |                     |
 |                   |     /     |                     |
 |                   |     \     |                     |
 |         /\/\/\/\/\|_____/_____|/\/\/\/\/\           |
 |                                                     |
 | Light-by-light scattering at next-to-leading order  |
 |                   (VERSION 0.5)                     |
 |                                                     |
 |    Authors:                                         |
 |            Ajjath A.H. (LPTHE Paris)                |
 |            Ekta Chaubey (Bonn)                      |
 |            Mathijs Fraaije (Bern)                   |
 |            Valentin Hirschi (Bern)                  |
 |            Hua-Sheng Shao (LPTHE Paris)             |
 |                                                     |
 |    Please cite                                      |
 |            PLB 851 (2024) 138555 [arXiv:2312.16956] |
 |            JHEP 03 (2024) 121    [arXiv:2312.16966] |
 |                                                     |
 =======================================================
 ---------------------------------------------------
         the cuts in the lab frame                  
 min transverse momentum of photon    0.0000000000000000     
 max (pseudo-)rapidity of photon    5.0000000000000000     
 min (pseudo-)rapidity of photon   -5.0000000000000000     
 min invariant mass of di-photon    0.0000000000000000     
 ---------------------------------------------------
 max=   8.4704624721375326E-006
 min=   0.0000000000000000     
       n_pass,     n_total
       10000       10000
  
 ====================NCALL=20K===========================
  
 ITERATION            1 :
   4.3545282674566555E-006 +\-   1.0511570800521830E-009
 precision:   2.4139401916573874E-004
 max=   8.4705425697001009E-006
 min=   0.0000000000000000     
       n_pass,     n_total
       20000       20001
 max=   8.4705425697001009E-006
 min=   0.0000000000000000     
       n_pass,     n_total
       30000       30001
 ITERATION            2 :
   4.3550236556769468E-006 +\-   7.6052310191736613E-010
 precision:   1.7463122179049338E-004
 max=   8.4711535451666824E-006
 min=   0.0000000000000000     
       n_pass,     n_total
       40000       40002
 max=   8.4711535451666824E-006
 min=   0.0000000000000000     
       n_pass,     n_total
       50000       50002
 ITERATION            3 :
   4.3546752343917550E-006 +\-   6.9687498331609878E-010
 precision:   1.6002915161443393E-004
 max=   8.4711535451666824E-006
 min=   0.0000000000000000     
       n_pass,     n_total
       60000       60005
 max=   8.4711535451666824E-006
 min=   0.0000000000000000     
       n_pass,     n_total
       70000       70005
 ITERATION            4 :
   4.3541792568312094E-006 +\-   6.0225221169253022E-010
 precision:   1.3831589747887970E-004
 max=   8.4711702843231554E-006
 min=   0.0000000000000000     
       n_pass,     n_total
       80000       80009
 max=   8.4711702843231554E-006
 min=   0.0000000000000000     
       n_pass,     n_total
       90000       90009
 ITERATION            5 :
   4.3543890230406659E-006 +\-   5.4106209309058261E-010
 precision:   1.2425671896278102E-004
 max=   8.4712209432582677E-006
 min=   0.0000000000000000     
       n_pass,     n_total
      100000      100016
 max=   8.4712209432582677E-006
 min=   0.0000000000000000     
       n_pass,     n_total
      110000      110016
 ITERATION            6 :
   4.3542767051387818E-006 +\-   5.3701961237835715E-010
 precision:   1.2333153098529161E-004
 max=   8.4712209432582677E-006
 min=   0.0000000000000000     
       n_pass,     n_total
      120000      120026
 max=   8.4712209432582677E-006
 min=   0.0000000000000000     
       n_pass,     n_total
      130000      130026
 ITERATION            7 :
   4.3537857968543008E-006 +\-   5.2946419203032112E-010
 precision:   1.2161006919836750E-004
 max=   8.4713885811532171E-006
 min=   0.0000000000000000     
       n_pass,     n_total
      140000      140038
 max=   8.4713885811532171E-006
 min=   0.0000000000000000     
       n_pass,     n_total
      150000      150038
 ITERATION            8 :
   4.3538383009165660E-006 +\-   5.0831533151551517E-010
 precision:   1.1675108177731476E-004
 max=   8.4713940700089961E-006
 min=   0.0000000000000000     
       n_pass,     n_total
      160000      160053
 max=   8.4713940700089961E-006
 min=   0.0000000000000000     
       n_pass,     n_total
      170000      170053
 ITERATION            9 :
   4.3542406446716067E-006 +\-   4.8009229062909444E-010
 precision:   1.1025855707276891E-004
 max=   8.4713940700089961E-006
 min=   0.0000000000000000     
       n_pass,     n_total
      180000      180066
 max=   8.4713940700089961E-006
 min=   0.0000000000000000     
       n_pass,     n_total
      190000      190066
 ITERATION           10 :
   4.3549262708290134E-006 +\-   4.7845823133884062E-010
 precision:   1.0986597742049954E-004
 ====================NCALL=40K ===========================
  
 max=   8.4713940700089961E-006
 min=   0.0000000000000000     
       n_pass,     n_total
      200000      200083
 max=   8.4713940700089961E-006
 min=   0.0000000000000000     
       n_pass,     n_total
      210000      210083
 max=   8.4713940700089961E-006
 min=   0.0000000000000000     
       n_pass,     n_total
      220000      220083
 max=   8.4713940700089961E-006
 min=   0.0000000000000000     
       n_pass,     n_total
      230000      230083
   4.3546719472262340E-006 +\-   2.5468303348458849E-010
 precision:   5.8485010253599524E-005
 ====================NCALL=80K ===========================
  
 max=   8.4713940700089961E-006
 min=   0.0000000000000000     
       n_pass,     n_total
      240000      240140
 max=   8.4713940700089961E-006
 min=   0.0000000000000000     
       n_pass,     n_total
      250000      250140
 max=   8.4713940700089961E-006
 min=   0.0000000000000000     
       n_pass,     n_total
      260000      260140
 max=   8.4713940700089961E-006
 min=   0.0000000000000000     
       n_pass,     n_total
      270000      270140
 max=   8.4713940700089961E-006
 min=   0.0000000000000000     
       n_pass,     n_total
      280000      280140
 max=   8.4713940700089961E-006
 min=   0.0000000000000000     
       n_pass,     n_total
      290000      290140
 max=   8.4713940700089961E-006
 min=   0.0000000000000000     
       n_pass,     n_total
      300000      300140
 max=   8.4713940700089961E-006
 min=   0.0000000000000000     
       n_pass,     n_total
      310000      310140
   4.3541325105627212E-006 +\-   1.8139111227532650E-010
 precision:   4.1659529615896740E-005
 sigma (pb)                   sd (pb)
   4.3541325105627212E-006   1.8139111227532650E-010
