 =======================================================
 |                                                     |
 |         \/\/\/\/\/\___________/\/\/\/\/\/           |
 |                   |     \     |                     |
 |                   |     /     |                     |
 |                   |     \     |                     |
 |         /\/\/\/\/\|_____/_____|/\/\/\/\/\           |
 |                                                     |
 | Light-by-light scattering at next-to-leading order  |
 |                   (VERSION 0.5)                     |
 |                                                     |
 |    Authors:                                         |
 |            Ajjath A.H. (LPTHE Paris)                |
 |            Ekta Chaubey (Bonn)                      |
 |            Mathijs Fraaije (Bern)                   |
 |            Valentin Hirschi (Bern)                  |
 |            Hua-Sheng Shao (LPTHE Paris)             |
 |                                                     |
 |    Please cite                                      |
 |            PLB 851 (2024) 138555 [arXiv:2312.16956] |
 |            JHEP 03 (2024) 121    [arXiv:2312.16966] |
 |                                                     |
 =======================================================
 ---------------------------------------------------
         the cuts in the lab frame                  
 min transverse momentum of photon    0.0000000000000000     
 max (pseudo-)rapidity of photon    5.0000000000000000     
 min (pseudo-)rapidity of photon   -5.0000000000000000     
 min invariant mass of di-photon    0.0000000000000000     
 ---------------------------------------------------
 max=   274241.80883465131     
 min=   0.0000000000000000     
       n_pass,     n_total
       10000       10000
  
 ====================NCALL=20K===========================
  
 ITERATION            1 :
   5399.9652490323178      +\-   40.233131055824622     
 precision:   7.4506277726573257E-003
 WARNING: outside the range of the grid (xs,xt)=   4.0840187124081072E-002  -4.0838269767997273E-002
 WARNING: set the 2-loop amplitudes to zero
 WARNING: outside the range of the grid (xs,xt)=   3.9647837370242203E-002  -3.9645975992331266E-002
 WARNING: set the 2-loop amplitudes to zero
 WARNING: outside the range of the grid (xs,xt)=   1.9089087880049978E-002  -1.9088191689768826E-002
 WARNING: set the 2-loop amplitudes to zero
 WARNING: outside the range of the grid (xs,xt)=   17552.360782932050       -17551.536738575203     
 WARNING: set the 2-loop amplitudes to zero
 WARNING: outside the range of the grid (xs,xt)=  0.35641110582321628      -0.35639437311334871     
 WARNING: set the 2-loop amplitudes to zero
 INFO: will suppress the further warning
 max=   287684.38059357624     
 min=   0.0000000000000000     
       n_pass,     n_total
       20000       20007
 max=   287684.38059357624     
 min=   0.0000000000000000     
       n_pass,     n_total
       30000       30007
 ITERATION            2 :
   5348.2900487751012      +\-   8.4770993423183949     
 precision:   1.5850111465551262E-003
 max=   287684.38059357624     
 min=   0.0000000000000000     
       n_pass,     n_total
       40000       40040
 max=   287684.38059357624     
 min=   0.0000000000000000     
       n_pass,     n_total
       50000       50040
 ITERATION            3 :
   5342.0728869500317      +\-   3.1755652279243805     
 precision:   5.9444438425425847E-004
 max=   288274.79081623245     
 min=   0.0000000000000000     
       n_pass,     n_total
       60000       60161
 max=   288274.79081623245     
 min=   0.0000000000000000     
       n_pass,     n_total
       70000       70161
 ITERATION            4 :
   5343.3007981043565      +\-   2.0324175558118482     
 precision:   3.8036742317274917E-004
 max=   288274.79081623245     
 min=   0.0000000000000000     
       n_pass,     n_total
       80000       80432
 max=   288274.79081623245     
 min=   0.0000000000000000     
       n_pass,     n_total
       90000       90432
 ITERATION            5 :
   5342.1102071510049      +\-   1.4572627596940932     
 precision:   2.7278785034112285E-004
 max=   288274.79081623245     
 min=   0.0000000000000000     
       n_pass,     n_total
      100000      100763
 max=   288274.79081623245     
 min=   0.0000000000000000     
       n_pass,     n_total
      110000      110763
 ITERATION            6 :
   5342.0659222926379      +\-   1.5611223533235732     
 precision:   2.9223195221327243E-004
 max=   288274.79081623245     
 min=   0.0000000000000000     
       n_pass,     n_total
      120000      121081
 max=   288274.79081623245     
 min=   0.0000000000000000     
       n_pass,     n_total
      130000      131081
 ITERATION            7 :
   5343.5473331853400      +\-   1.3920918320615623     
 precision:   2.6051829342208204E-004
 max=   288274.79081623245     
 min=   0.0000000000000000     
       n_pass,     n_total
      140000      141451
 max=   288274.79081623245     
 min=   0.0000000000000000     
       n_pass,     n_total
      150000      151451
 ITERATION            8 :
   5340.9198800846716      +\-   1.4977366939418013     
 precision:   2.8042672939667036E-004
 max=   288274.79081623245     
 min=   0.0000000000000000     
       n_pass,     n_total
      160000      161981
 max=   288274.79081623245     
 min=   0.0000000000000000     
       n_pass,     n_total
      170000      171981
 ITERATION            9 :
   5342.9300165227078      +\-   1.3371254689484346     
 precision:   2.5026071178425510E-004
 max=   288274.79081623245     
 min=   0.0000000000000000     
       n_pass,     n_total
      180000      182446
 max=   288274.79081623245     
 min=   0.0000000000000000     
       n_pass,     n_total
      190000      192446
 ITERATION           10 :
   5345.6516220205267      +\-   1.2148207581832369     
 precision:   2.2725400831939438E-004
 ====================NCALL=40K ===========================
  
 max=   288274.79081623245     
 min=   0.0000000000000000     
       n_pass,     n_total
      200000      203093
 max=   288274.79081623245     
 min=   0.0000000000000000     
       n_pass,     n_total
      210000      213093
 max=   288274.79081623245     
 min=   0.0000000000000000     
       n_pass,     n_total
      220000      223093
 max=   288274.79081623245     
 min=   0.0000000000000000     
       n_pass,     n_total
      230000      233093
   5343.8627225518303      +\-  0.71614726613625501     
 precision:   1.3401303576044644E-004
 ====================NCALL=80K ===========================
  
 max=   288274.79081623245     
 min=   0.0000000000000000     
       n_pass,     n_total
      240000      244676
 max=   288274.79081623245     
 min=   0.0000000000000000     
       n_pass,     n_total
      250000      254676
 max=   288274.79081623245     
 min=   0.0000000000000000     
       n_pass,     n_total
      260000      264676
 max=   288274.79081623245     
 min=   0.0000000000000000     
       n_pass,     n_total
      270000      274676
 max=   288274.79081623245     
 min=   0.0000000000000000     
       n_pass,     n_total
      280000      284676
 max=   288274.79081623245     
 min=   0.0000000000000000     
       n_pass,     n_total
      290000      294676
 max=   288274.79081623245     
 min=   0.0000000000000000     
       n_pass,     n_total
      300000      304676
   5342.8698939439582      +\-  0.32190268587885856     
 precision:   6.0249022017872672E-005
 sigma (pb)                   sd (pb)
   5342.8698939439582       0.32190268587885856     
