 =======================================================
 |                                                     |
 |         \/\/\/\/\/\___________/\/\/\/\/\/           |
 |                   |     \     |                     |
 |                   |     /     |                     |
 |                   |     \     |                     |
 |         /\/\/\/\/\|_____/_____|/\/\/\/\/\           |
 |                                                     |
 | Light-by-light scattering at next-to-leading order  |
 |                   (VERSION 0.5)                     |
 |                                                     |
 |    Authors:                                         |
 |            Ajjath A.H. (LPTHE Paris)                |
 |            Ekta Chaubey (Bonn)                      |
 |            Mathijs Fraaije (Bern)                   |
 |            Valentin Hirschi (Bern)                  |
 |            Hua-Sheng Shao (LPTHE Paris)             |
 |                                                     |
 |    Please cite                                      |
 |            PLB 851 (2024) 138555 [arXiv:2312.16956] |
 |            JHEP 03 (2024) 121    [arXiv:2312.16966] |
 |                                                     |
 =======================================================
 ---------------------------------------------------
         the cuts in the lab frame                  
 min transverse momentum of photon    0.0000000000000000     
 max (pseudo-)rapidity of photon    5.0000000000000000     
 min (pseudo-)rapidity of photon   -5.0000000000000000     
 min invariant mass of di-photon    0.0000000000000000     
 ---------------------------------------------------
 max=  0.32932016381964335     
 min=   0.0000000000000000     
       n_pass,     n_total
       10000       10000
  
 ====================NCALL=20K===========================
  
 ITERATION            1 :
   1.5314804880340436E-002 +\-   3.6452638777156654E-005
 precision:   2.3802222138625340E-003
 WARNING: outside the range of the grid (xs,xt)=   1085328.5809757183       -1085275.7771321558     
 WARNING: set the 2-loop amplitudes to zero
 WARNING: outside the range of the grid (xs,xt)=   1053641.8685121106       -1053590.6063032541     
 WARNING: set the 2-loop amplitudes to zero
 WARNING: outside the range of the grid (xs,xt)=   507292.79466888803       -507268.11365537782     
 WARNING: set the 2-loop amplitudes to zero
 WARNING: outside the range of the grid (xs,xt)=   54133.777777777781       -54131.144039402752     
 WARNING: set the 2-loop amplitudes to zero
 WARNING: outside the range of the grid (xs,xt)=   5398.3822714681437       -5398.1196271980589     
 WARNING: set the 2-loop amplitudes to zero
 INFO: will suppress the further warning
 max=  0.38662733487797324     
 min=   0.0000000000000000     
       n_pass,     n_total
       20000       20007
 max=  0.38662733487797324     
 min=   0.0000000000000000     
       n_pass,     n_total
       30000       30007
 ITERATION            2 :
   1.5272607914909895E-002 +\-   1.0630629737708699E-005
 precision:   6.9605857735210628E-004
 max=  0.38662733487797324     
 min=   0.0000000000000000     
       n_pass,     n_total
       40000       40035
 max=  0.38662733487797324     
 min=   0.0000000000000000     
       n_pass,     n_total
       50000       50035
 ITERATION            3 :
   1.5263241643132712E-002 +\-   4.4733878793030633E-006
 precision:   2.9308242533890202E-004
 max=  0.38700207215890481     
 min=   0.0000000000000000     
       n_pass,     n_total
       60000       60115
 max=  0.38700207215890481     
 min=   0.0000000000000000     
       n_pass,     n_total
       70000       70115
 ITERATION            4 :
   1.5268439973270464E-002 +\-   3.4632989844722942E-006
 precision:   2.2682729804323706E-004
 max=  0.38723597779427782     
 min=   0.0000000000000000     
       n_pass,     n_total
       80000       80294
 max=  0.38723597779427782     
 min=   0.0000000000000000     
       n_pass,     n_total
       90000       90294
 ITERATION            5 :
   1.5264436859601802E-002 +\-   2.8026028915917089E-006
 precision:   1.8360342522749439E-004
 max=  0.38805511822181532     
 min=   0.0000000000000000     
       n_pass,     n_total
      100000      100585
 max=  0.38805511822181532     
 min=   0.0000000000000000     
       n_pass,     n_total
      110000      110585
 ITERATION            6 :
   1.5267640629013840E-002 +\-   2.4103092846385454E-006
 precision:   1.5787044922043275E-004
 max=  0.40117116928441687     
 min=   0.0000000000000000     
       n_pass,     n_total
      120000      120867
 max=  0.40117116928441687     
 min=   0.0000000000000000     
       n_pass,     n_total
      130000      130867
 ITERATION            7 :
   1.5272307579040263E-002 +\-   2.2813927142365339E-006
 precision:   1.4938100889007243E-004
 max=  0.40117116928441687     
 min=   0.0000000000000000     
       n_pass,     n_total
      140000      141235
 max=  0.40117116928441687     
 min=   0.0000000000000000     
       n_pass,     n_total
      150000      151235
 ITERATION            8 :
   1.5265122467558276E-002 +\-   2.2739097628478537E-006
 precision:   1.4896112151608409E-004
 max=  0.40117116928441687     
 min=   0.0000000000000000     
       n_pass,     n_total
      160000      161443
 max=  0.40117116928441687     
 min=   0.0000000000000000     
       n_pass,     n_total
      170000      171443
 ITERATION            9 :
   1.5267152493245192E-002 +\-   2.3770816181528167E-006
 precision:   1.5569908135813369E-004
 max=  0.40117116928441687     
 min=   0.0000000000000000     
       n_pass,     n_total
      180000      181825
 max=  0.40117116928441687     
 min=   0.0000000000000000     
       n_pass,     n_total
      190000      191825
 ITERATION           10 :
   1.5269311733727376E-002 +\-   2.4299652699825863E-006
 precision:   1.5914045848020746E-004
 ====================NCALL=40K ===========================
  
 max=  0.40117116928441687     
 min=   0.0000000000000000     
       n_pass,     n_total
      200000      202157
 max=  0.40117116928441687     
 min=   0.0000000000000000     
       n_pass,     n_total
      210000      212157
 max=  0.40117116928441687     
 min=   0.0000000000000000     
       n_pass,     n_total
      220000      222157
 max=  0.40117116928441687     
 min=   0.0000000000000000     
       n_pass,     n_total
      230000      232157
   1.5268852663858253E-002 +\-   1.0977621198357852E-006
 precision:   7.1895521163434567E-005
 ====================NCALL=80K ===========================
  
 max=  0.40117116928441687     
 min=   0.0000000000000000     
       n_pass,     n_total
      240000      243056
 max=  0.40117116928441687     
 min=   0.0000000000000000     
       n_pass,     n_total
      250000      253056
 max=  0.40117116928441687     
 min=   0.0000000000000000     
       n_pass,     n_total
      260000      263056
 max=  0.40117116928441687     
 min=   0.0000000000000000     
       n_pass,     n_total
      270000      273056
 max=  0.40117116928441687     
 min=   0.0000000000000000     
       n_pass,     n_total
      280000      283056
 max=  0.40117116928441687     
 min=   0.0000000000000000     
       n_pass,     n_total
      290000      293056
 max=  0.40117116928441687     
 min=   0.0000000000000000     
       n_pass,     n_total
      300000      303056
 max=  0.40117116928441687     
 min=   0.0000000000000000     
       n_pass,     n_total
      310000      313056
   1.5268287832531204E-002 +\-   5.6807338419646085E-007
 precision:   3.7206096088004167E-005
 sigma (pb)                   sd (pb)
   1.5268287832531204E-002   5.6807338419646085E-007
