 =======================================================
 |                                                     |
 |         \/\/\/\/\/\___________/\/\/\/\/\/           |
 |                   |     \     |                     |
 |                   |     /     |                     |
 |                   |     \     |                     |
 |         /\/\/\/\/\|_____/_____|/\/\/\/\/\           |
 |                                                     |
 | Light-by-light scattering at next-to-leading order  |
 |                   (VERSION 0.5)                     |
 |                                                     |
 |    Authors:                                         |
 |            Ajjath A.H. (LPTHE Paris)                |
 |            Ekta Chaubey (Bonn)                      |
 |            Mathijs Fraaije (Bern)                   |
 |            Valentin Hirschi (Bern)                  |
 |            Hua-Sheng Shao (LPTHE Paris)             |
 |                                                     |
 |    Please cite                                      |
 |            PLB 851 (2024) 138555 [arXiv:2312.16956] |
 |            JHEP 03 (2024) 121    [arXiv:2312.16966] |
 |                                                     |
 =======================================================
 ---------------------------------------------------
         the cuts in the lab frame                  
 min transverse momentum of photon    0.0000000000000000     
 max (pseudo-)rapidity of photon    5.0000000000000000     
 min (pseudo-)rapidity of photon   -5.0000000000000000     
 min invariant mass of di-photon    0.0000000000000000     
 ---------------------------------------------------
 WARNING: outside the range of the grid (xs,xt)=   1.7087380755170496       -1.7087380584360377     
 WARNING: set the 2-loop amplitudes to zero
 WARNING: outside the range of the grid (xs,xt)=   1.7086290538062345       -1.7086290367263122     
 WARNING: set the 2-loop amplitudes to zero
 WARNING: outside the range of the grid (xs,xt)=   1.7085375911885117       -1.7085375741095030     
 WARNING: set the 2-loop amplitudes to zero
 WARNING: outside the range of the grid (xs,xt)=   1.7085467224040194       -1.7085467053249195     
 WARNING: set the 2-loop amplitudes to zero
 WARNING: outside the range of the grid (xs,xt)=   1.7087534097499359       -1.7087533926687708     
 WARNING: set the 2-loop amplitudes to zero
 INFO: will suppress the further warning
 max=   546995487530824.12     
 min=   0.0000000000000000     
       n_pass,     n_total
       10000       10000
  
 ====================NCALL=20K===========================
  
 ITERATION            1 :
   78277972982.561569      +\-   38203688847.090454     
 precision:  0.48805158579670055     
 max=   1365446523474260.0     
 min=   0.0000000000000000     
       n_pass,     n_total
       20000       20013
 max=   1365446523474260.0     
 min=   0.0000000000000000     
       n_pass,     n_total
       30000       30013
 ITERATION            2 :
   149986796135.35837      +\-   57696558313.546738     
 precision:  0.38467758362861093     
 max=   3117052035713926.5     
 min=   0.0000000000000000     
       n_pass,     n_total
       40000       40074
 max=   3117052035713926.5     
 min=   0.0000000000000000     
       n_pass,     n_total
       50000       50074
 ITERATION            3 :
   162573365248.16946      +\-   20318471382.237095     
 precision:  0.12498032104595236     
 max=   3655142406087301.5     
 min=   0.0000000000000000     
       n_pass,     n_total
       60000       60274
 max=   3655142406087301.5     
 min=   0.0000000000000000     
       n_pass,     n_total
       70000       70274
 ITERATION            4 :
   209235899336.54129      +\-   2499431556.4730477     
 precision:   1.1945519695226330E-002
 max=   4335780458958755.5     
 min=   0.0000000000000000     
       n_pass,     n_total
       80000       82590
 max=   4335780458958755.5     
 min=   0.0000000000000000     
       n_pass,     n_total
       90000       92590
 ITERATION            5 :
   207791626794.88348      +\-   615522899.90122783     
 precision:   2.9622122382670715E-003
 max=   4335780458958755.5     
 min=   0.0000000000000000     
       n_pass,     n_total
      100000      107245
 ITERATION            6 :
   207297439092.29639      +\-   442439625.88342160     
 precision:   2.1343226805924571E-003
 max=   4335780458958755.5     
 min=   0.0000000000000000     
       n_pass,     n_total
      110000      123008
 max=   4335780458958755.5     
 min=   0.0000000000000000     
       n_pass,     n_total
      120000      133008
 ITERATION            7 :
   206572033031.47620      +\-   384412301.61577541     
 precision:   1.8609116441101249E-003
 max=   4335829121967382.0     
 min=   0.0000000000000000     
       n_pass,     n_total
      130000      144992
 max=   4335829121967382.0     
 min=   0.0000000000000000     
       n_pass,     n_total
      140000      154992
 ITERATION            8 :
   206849988718.48001      +\-   257984821.72452390     
 precision:   1.2472073279909031E-003
 max=   4335932614353722.0     
 min=   0.0000000000000000     
       n_pass,     n_total
      150000      170414
 ITERATION            9 :
   206883484574.30371      +\-   179065565.07904831     
 precision:   8.6553823011781110E-004
 max=   4335932614353722.0     
 min=   0.0000000000000000     
       n_pass,     n_total
      160000      182801
 ITERATION           10 :
   206848576165.89758      +\-   184219673.09165448     
 precision:   8.9060160096971527E-004
 ====================NCALL=40K ===========================
  
 max=   4336436285012155.0     
 min=   0.0000000000000000     
       n_pass,     n_total
      170000      198370
 max=   4336436285012155.0     
 min=   0.0000000000000000     
       n_pass,     n_total
      180000      208370
 max=   4336436285012155.0     
 min=   0.0000000000000000     
       n_pass,     n_total
      190000      218370
 max=   4336436285012155.0     
 min=   0.0000000000000000     
       n_pass,     n_total
      200000      228370
   206539439670.14874      +\-   701904549.45303023     
 precision:   3.3984044431126480E-003
 ====================NCALL=80K ===========================
  
 max=   4336436285012155.0     
 min=   0.0000000000000000     
       n_pass,     n_total
      210000      247724
 max=   4336436285012155.0     
 min=   0.0000000000000000     
       n_pass,     n_total
      220000      257724
 max=   4336436285012155.0     
 min=   0.0000000000000000     
       n_pass,     n_total
      230000      267724
 max=   4336436285012155.0     
 min=   0.0000000000000000     
       n_pass,     n_total
      240000      277724
 max=   4336436285012155.0     
 min=   0.0000000000000000     
       n_pass,     n_total
      250000      287724
 max=   4336436285012155.0     
 min=   0.0000000000000000     
       n_pass,     n_total
      260000      297724
 max=   4336436285012155.0     
 min=   0.0000000000000000     
       n_pass,     n_total
      270000      307724
   207135388737.55548      +\-   345653941.16342288     
 precision:   1.6687343638868636E-003
 sigma (pb)                   sd (pb)
   207135388737.55548        345653941.16342288     
