 =======================================================
 |                                                     |
 |         \/\/\/\/\/\___________/\/\/\/\/\/           |
 |                   |     \     |                     |
 |                   |     /     |                     |
 |                   |     \     |                     |
 |         /\/\/\/\/\|_____/_____|/\/\/\/\/\           |
 |                                                     |
 | Light-by-light scattering at next-to-leading order  |
 |                   (VERSION 0.5)                     |
 |                                                     |
 |    Authors:                                         |
 |            Ajjath A.H. (LPTHE Paris)                |
 |            Ekta Chaubey (Bonn)                      |
 |            Mathijs Fraaije (Bern)                   |
 |            Valentin Hirschi (Bern)                  |
 |            Hua-Sheng Shao (LPTHE Paris)             |
 |                                                     |
 |    Please cite                                      |
 |            PLB 851 (2024) 138555 [arXiv:2312.16956] |
 |            JHEP 03 (2024) 121    [arXiv:2312.16966] |
 |                                                     |
 =======================================================
 ---------------------------------------------------
         the cuts in the lab frame                  
 min transverse momentum of photon    0.0000000000000000     
 max (pseudo-)rapidity of photon    5.0000000000000000     
 min (pseudo-)rapidity of photon   -5.0000000000000000     
 min invariant mass of di-photon    0.0000000000000000     
 ---------------------------------------------------
 max=   4385.5968950902043     
 min=   0.0000000000000000     
       n_pass,     n_total
       10000       10000
  
 ====================NCALL=20K===========================
  
 ITERATION            1 :
   128.13261415379984      +\-  0.50851856598187239     
 precision:   3.9686895435652987E-003
 WARNING: outside the range of the grid (xs,xt)=   3.9761550456671864       -3.9759682781565986     
 WARNING: set the 2-loop amplitudes to zero
 WARNING: outside the range of the grid (xs,xt)=   3.8600692041522491       -3.8598878894128399     
 WARNING: set the 2-loop amplitudes to zero
 WARNING: outside the range of the grid (xs,xt)=   1.8584922948771350       -1.8584049979846915     
 WARNING: set the 2-loop amplitudes to zero
 WARNING: outside the range of the grid (xs,xt)=  0.19832177777777782      -0.19831246222938861     
 WARNING: set the 2-loop amplitudes to zero
 WARNING: outside the range of the grid (xs,xt)=   1.9777240997229918E-002  -1.9776312022875317E-002
 WARNING: set the 2-loop amplitudes to zero
 INFO: will suppress the further warning
 max=   5021.6827467054500     
 min=   0.0000000000000000     
       n_pass,     n_total
       20000       20007
 max=   5021.6827467054500     
 min=   0.0000000000000000     
       n_pass,     n_total
       30000       30007
 ITERATION            2 :
   127.55711209432449      +\-  0.13706932572842273     
 precision:   1.0745721934114049E-003
 max=   5021.6827467054500     
 min=   0.0000000000000000     
       n_pass,     n_total
       40000       40039
 max=   5021.6827467054500     
 min=   0.0000000000000000     
       n_pass,     n_total
       50000       50039
 ITERATION            3 :
   127.43109020284757      +\-   5.3548339477657435E-002
 precision:   4.2021408898266528E-004
 max=   5093.8266901979578     
 min=   0.0000000000000000     
       n_pass,     n_total
       60000       60141
 max=   5093.8266901979578     
 min=   0.0000000000000000     
       n_pass,     n_total
       70000       70141
 ITERATION            4 :
   127.47326317997452      +\-   3.8351631348402040E-002
 precision:   3.0086019916392089E-004
 max=   5093.8266901979578     
 min=   0.0000000000000000     
       n_pass,     n_total
       80000       80368
 max=   5093.8266901979578     
 min=   0.0000000000000000     
       n_pass,     n_total
       90000       90368
 ITERATION            5 :
   127.46145577165099      +\-   2.9402874638163806E-002
 precision:   2.3068051796646253E-004
 max=   5093.8266901979578     
 min=   0.0000000000000000     
       n_pass,     n_total
      100000      100719
 max=   5093.8266901979578     
 min=   0.0000000000000000     
       n_pass,     n_total
      110000      110719
 ITERATION            6 :
   127.47313116692551      +\-   2.4832794133015427E-002
 precision:   1.9480806586995175E-004
 max=   5093.8266901979578     
 min=   0.0000000000000000     
       n_pass,     n_total
      120000      121004
 max=   5093.8266901979578     
 min=   0.0000000000000000     
       n_pass,     n_total
      130000      131004
 ITERATION            7 :
   127.53620658912067      +\-   2.4952898722752147E-002
 precision:   1.9565344924474747E-004
 max=   5093.8266901979578     
 min=   0.0000000000000000     
       n_pass,     n_total
      140000      141451
 max=   5093.8266901979578     
 min=   0.0000000000000000     
       n_pass,     n_total
      150000      151451
 ITERATION            8 :
   127.45411172383831      +\-   2.4624268578213378E-002
 precision:   1.9320105287437181E-004
 max=   5093.8266901979578     
 min=   0.0000000000000000     
       n_pass,     n_total
      160000      161783
 max=   5093.8266901979578     
 min=   0.0000000000000000     
       n_pass,     n_total
      170000      171783
 ITERATION            9 :
   127.48754885825988      +\-   2.2737941277530097E-002
 precision:   1.7835421169490085E-004
 max=   5093.8266901979578     
 min=   0.0000000000000000     
       n_pass,     n_total
      180000      182160
 max=   5093.8266901979578     
 min=   0.0000000000000000     
       n_pass,     n_total
      190000      192160
 ITERATION           10 :
   127.49586706902167      +\-   2.4123940789515508E-002
 precision:   1.8921351212471599E-004
 ====================NCALL=40K ===========================
  
 max=   5093.8266901979578     
 min=   0.0000000000000000     
       n_pass,     n_total
      200000      202788
 max=   5093.8266901979578     
 min=   0.0000000000000000     
       n_pass,     n_total
      210000      212788
 max=   5093.8266901979578     
 min=   0.0000000000000000     
       n_pass,     n_total
      220000      222788
 max=   5093.8266901979578     
 min=   0.0000000000000000     
       n_pass,     n_total
      230000      232788
   127.49450064214795      +\-   1.2150503776843218E-002
 precision:   9.5302179432407819E-005
 ====================NCALL=80K ===========================
  
 max=   5100.3122029242159     
 min=   0.0000000000000000     
       n_pass,     n_total
      240000      244589
 max=   5100.3122029242159     
 min=   0.0000000000000000     
       n_pass,     n_total
      250000      254589
 max=   5100.3122029242159     
 min=   0.0000000000000000     
       n_pass,     n_total
      260000      264589
 max=   5100.3122029242159     
 min=   0.0000000000000000     
       n_pass,     n_total
      270000      274589
 max=   5100.3122029242159     
 min=   0.0000000000000000     
       n_pass,     n_total
      280000      284589
 max=   5100.3122029242159     
 min=   0.0000000000000000     
       n_pass,     n_total
      290000      294589
 max=   5100.3122029242159     
 min=   0.0000000000000000     
       n_pass,     n_total
      300000      304589
   127.47779644785275      +\-   5.8853179059521884E-003
 precision:   4.6167395969694933E-005
 sigma (pb)                   sd (pb)
   127.47779644785275        5.8853179059521884E-003
