 =======================================================
 |                                                     |
 |         \/\/\/\/\/\___________/\/\/\/\/\/           |
 |                   |     \     |                     |
 |                   |     /     |                     |
 |                   |     \     |                     |
 |         /\/\/\/\/\|_____/_____|/\/\/\/\/\           |
 |                                                     |
 | Light-by-light scattering at next-to-leading order  |
 |                   (VERSION 0.5)                     |
 |                                                     |
 |    Authors:                                         |
 |            Ajjath A.H. (LPTHE Paris)                |
 |            Ekta Chaubey (Bonn)                      |
 |            Mathijs Fraaije (Bern)                   |
 |            Valentin Hirschi (Bern)                  |
 |            Hua-Sheng Shao (LPTHE Paris)             |
 |                                                     |
 |    Please cite                                      |
 |            PLB 851 (2024) 138555 [arXiv:2312.16956] |
 |            JHEP 03 (2024) 121    [arXiv:2312.16966] |
 |                                                     |
 =======================================================
 ---------------------------------------------------
         the cuts in the lab frame                  
 min transverse momentum of photon    0.0000000000000000     
 max (pseudo-)rapidity of photon    5.0000000000000000     
 min (pseudo-)rapidity of photon   -5.0000000000000000     
 min invariant mass of di-photon    0.0000000000000000     
 ---------------------------------------------------
 max=   3139088.5497304387     
 min=   0.0000000000000000     
       n_pass,     n_total
       10000       10000
  
 ====================NCALL=20K===========================
  
 ITERATION            1 :
   1796826.6187658093      +\-   72.610142352410477     
 precision:   4.0410210753825756E-005
 max=   3139088.5497304387     
 min=   0.0000000000000000     
       n_pass,     n_total
       20000       20002
 max=   3139088.5497304387     
 min=   0.0000000000000000     
       n_pass,     n_total
       30000       30002
 ITERATION            2 :
   1796601.7609378037      +\-   119.64660878811375     
 precision:   6.6596065633187250E-005
 WARNING: outside the range of the grid (xs,xt)=   12.937465772572869       -12.936874008953744     
 WARNING: set the 2-loop amplitudes to zero
 max=   4173810.9514749958     
 min=   0.0000000000000000     
       n_pass,     n_total
       40000       40011
 max=   4173810.9514749958     
 min=   0.0000000000000000     
       n_pass,     n_total
       50000       50011
 WARNING: outside the range of the grid (xs,xt)=   12.937465772572869       -6.1039731372631700E-004
 WARNING: set the 2-loop amplitudes to zero
 ITERATION            3 :
   1796398.9929760753      +\-   109.96860306584151     
 precision:   6.1216134887527232E-005
 WARNING: outside the range of the grid (xs,xt)=   12.937465772572869       -12.936858043448090     
 WARNING: set the 2-loop amplitudes to zero
 WARNING: outside the range of the grid (xs,xt)=   12.937465772572869       -12.936853036361315     
 WARNING: set the 2-loop amplitudes to zero
 WARNING: outside the range of the grid (xs,xt)=   12.937465772572869       -12.936845602259956     
 WARNING: set the 2-loop amplitudes to zero
 INFO: will suppress the further warning
 max=   4917986.1643046411     
 min=   0.0000000000000000     
       n_pass,     n_total
       60000       60036
 max=   4917986.1643046411     
 min=   0.0000000000000000     
       n_pass,     n_total
       70000       70036
 ITERATION            4 :
   1796497.0220312923      +\-   87.864368056817014     
 precision:   4.8908719012219182E-005
 max=   5439139.7800765298     
 min=   0.0000000000000000     
       n_pass,     n_total
       80000       80069
 max=   5439139.7800765298     
 min=   0.0000000000000000     
       n_pass,     n_total
       90000       90069
 ITERATION            5 :
   1796519.5774670858      +\-   73.833257793004350     
 precision:   4.1097942220647502E-005
 max=   5777107.4007462757     
 min=   0.0000000000000000     
       n_pass,     n_total
      100000      100124
 max=   5777107.4007462757     
 min=   0.0000000000000000     
       n_pass,     n_total
      110000      110124
 ITERATION            6 :
   1796500.6782988682      +\-   66.575093499171075     
 precision:   3.7058206714517895E-005
 max=   5851093.0914959032     
 min=   0.0000000000000000     
       n_pass,     n_total
      120000      120180
 max=   5851093.0914959032     
 min=   0.0000000000000000     
       n_pass,     n_total
      130000      130180
 ITERATION            7 :
   1796634.9433478580      +\-   64.185231718567451     
 precision:   3.5725249559581863E-005
 max=   5945841.2642676663     
 min=   0.0000000000000000     
       n_pass,     n_total
      140000      140257
 max=   5945841.2642676663     
 min=   0.0000000000000000     
       n_pass,     n_total
      150000      150257
 ITERATION            8 :
   1796436.4818678866      +\-   63.661319972059296     
 precision:   3.5437556860271483E-005
 max=   5950126.7334943917     
 min=   0.0000000000000000     
       n_pass,     n_total
      160000      160355
 max=   5950126.7334943917     
 min=   0.0000000000000000     
       n_pass,     n_total
      170000      170355
 ITERATION            9 :
   1796523.0562071167      +\-   61.324396382850111     
 precision:   3.4135045565360212E-005
 max=   5950126.7334943917     
 min=   0.0000000000000000     
       n_pass,     n_total
      180000      180456
 max=   5950126.7334943917     
 min=   0.0000000000000000     
       n_pass,     n_total
      190000      190456
 ITERATION           10 :
   1796585.9167221943      +\-   61.149536192281168     
 precision:   3.4036522062828078E-005
 ====================NCALL=40K ===========================
  
 max=   5950126.7334943917     
 min=   0.0000000000000000     
       n_pass,     n_total
      200000      200655
 max=   5950126.7334943917     
 min=   0.0000000000000000     
       n_pass,     n_total
      210000      210655
 max=   5950126.7334943917     
 min=   0.0000000000000000     
       n_pass,     n_total
      220000      220655
 max=   5950126.7334943917     
 min=   0.0000000000000000     
       n_pass,     n_total
      230000      230655
   1796546.9526728457      +\-   30.712769933201908     
 precision:   1.7095445174704966E-005
 ====================NCALL=80K ===========================
  
 max=   6123137.3390474226     
 min=   0.0000000000000000     
       n_pass,     n_total
      240000      241112
 max=   6123137.3390474226     
 min=   0.0000000000000000     
       n_pass,     n_total
      250000      251112
 max=   6123137.3390474226     
 min=   0.0000000000000000     
       n_pass,     n_total
      260000      261112
 max=   6123137.3390474226     
 min=   0.0000000000000000     
       n_pass,     n_total
      270000      271112
 max=   6123137.3390474226     
 min=   0.0000000000000000     
       n_pass,     n_total
      280000      281112
 max=   6123137.3390474226     
 min=   0.0000000000000000     
       n_pass,     n_total
      290000      291112
 max=   6123137.3390474226     
 min=   0.0000000000000000     
       n_pass,     n_total
      300000      301112
 max=   6123137.3390474226     
 min=   0.0000000000000000     
       n_pass,     n_total
      310000      311112
   1796510.6450146723      +\-   14.799074513826151     
 precision:   8.2376770518413957E-006
 sigma (pb)                   sd (pb)
   1796510.6450146723        14.799074513826151     
