 =======================================================
 |                                                     |
 |         \/\/\/\/\/\___________/\/\/\/\/\/           |
 |                   |     \     |                     |
 |                   |     /     |                     |
 |                   |     \     |                     |
 |         /\/\/\/\/\|_____/_____|/\/\/\/\/\           |
 |                                                     |
 | Light-by-light scattering at next-to-leading order  |
 |                   (VERSION 0.5)                     |
 |                                                     |
 |    Authors:                                         |
 |            Ajjath A.H. (LPTHE Paris)                |
 |            Ekta Chaubey (Bonn)                      |
 |            Mathijs Fraaije (Bern)                   |
 |            Valentin Hirschi (Bern)                  |
 |            Hua-Sheng Shao (LPTHE Paris)             |
 |                                                     |
 |    Please cite                                      |
 |            PLB 851 (2024) 138555 [arXiv:2312.16956] |
 |            JHEP 03 (2024) 121    [arXiv:2312.16966] |
 |                                                     |
 =======================================================
 ---------------------------------------------------
         the cuts in the lab frame                  
 min transverse momentum of photon    0.0000000000000000     
 max (pseudo-)rapidity of photon    5.0000000000000000     
 min (pseudo-)rapidity of photon   -5.0000000000000000     
 min invariant mass of di-photon    0.0000000000000000     
 ---------------------------------------------------
 max=   1499.6788641097023     
 min=   0.0000000000000000     
       n_pass,     n_total
       10000       10000
  
 ====================NCALL=20K===========================
  
 ITERATION            1 :
   63.255225351270411      +\-  0.17298969850472237     
 precision:   2.7347890635765169E-003
 WARNING: outside the range of the grid (xs,xt)=   15.012733348184449       -15.011990331103146     
 WARNING: set the 2-loop amplitudes to zero
 WARNING: outside the range of the grid (xs,xt)=   14.574429065743944       -14.573707741419122     
 WARNING: set the 2-loop amplitudes to zero
 WARNING: outside the range of the grid (xs,xt)=   7.0170928779675146       -7.0167455847898834     
 WARNING: set the 2-loop amplitudes to zero
 WARNING: outside the range of the grid (xs,xt)=  0.74880177777777790      -0.74876471773691156     
 WARNING: set the 2-loop amplitudes to zero
 WARNING: outside the range of the grid (xs,xt)=   7.4672753462603880E-002  -7.4669057724456547E-002
 WARNING: set the 2-loop amplitudes to zero
 INFO: will suppress the further warning
 max=   1660.8262376488608     
 min=   0.0000000000000000     
       n_pass,     n_total
       20000       20007
 max=   1660.8262376488608     
 min=   0.0000000000000000     
       n_pass,     n_total
       30000       30007
 ITERATION            2 :
   63.026465262189070      +\-   4.5396650135768338E-002
 precision:   7.2027917077245270E-004
 max=   1685.4293042177485     
 min=   0.0000000000000000     
       n_pass,     n_total
       40000       40036
 max=   1685.4293042177485     
 min=   0.0000000000000000     
       n_pass,     n_total
       50000       50036
 ITERATION            3 :
   62.983471226601630      +\-   2.0490827389938678E-002
 precision:   3.2533658420027183E-004
 max=   1685.4293042177485     
 min=   0.0000000000000000     
       n_pass,     n_total
       60000       60120
 max=   1685.4293042177485     
 min=   0.0000000000000000     
       n_pass,     n_total
       70000       70120
 ITERATION            4 :
   62.997331733231441      +\-   1.5898573780922933E-002
 precision:   2.5236900267851101E-004
 max=   1700.4565690167938     
 min=   0.0000000000000000     
       n_pass,     n_total
       80000       80301
 max=   1700.4565690167938     
 min=   0.0000000000000000     
       n_pass,     n_total
       90000       90301
 ITERATION            5 :
   62.984731496554616      +\-   1.3021276066977935E-002
 precision:   2.0673702590428959E-004
 max=   1700.4565690167938     
 min=   0.0000000000000000     
       n_pass,     n_total
      100000      100589
 max=   1700.4565690167938     
 min=   0.0000000000000000     
       n_pass,     n_total
      110000      110589
 ITERATION            6 :
   62.999755843625088      +\-   1.1362799042441687E-002
 precision:   1.8036258855742029E-004
 max=   1700.4565690167938     
 min=   0.0000000000000000     
       n_pass,     n_total
      120000      120878
 max=   1700.4565690167938     
 min=   0.0000000000000000     
       n_pass,     n_total
      130000      130878
 ITERATION            7 :
   63.023432824914124      +\-   1.0686609926157858E-002
 precision:   1.6956565910724683E-004
 max=   1700.4565690167938     
 min=   0.0000000000000000     
       n_pass,     n_total
      140000      141241
 max=   1700.4565690167938     
 min=   0.0000000000000000     
       n_pass,     n_total
      150000      151241
 ITERATION            8 :
   62.984007367366615      +\-   1.0593605387250909E-002
 precision:   1.6819516302704623E-004
 max=   1701.8469214104896     
 min=   0.0000000000000000     
       n_pass,     n_total
      160000      161477
 max=   1701.8469214104896     
 min=   0.0000000000000000     
       n_pass,     n_total
      170000      171477
 ITERATION            9 :
   62.998726866483779      +\-   1.0603589298339074E-002
 precision:   1.6831434261857021E-004
 max=   1701.8469214104896     
 min=   0.0000000000000000     
       n_pass,     n_total
      180000      181872
 max=   1701.8469214104896     
 min=   0.0000000000000000     
       n_pass,     n_total
      190000      191872
 ITERATION           10 :
   63.005453531530961      +\-   1.2161772608558479E-002
 precision:   1.9302730044585970E-004
 ====================NCALL=40K ===========================
  
 max=   1701.8469214104896     
 min=   0.0000000000000000     
       n_pass,     n_total
      200000      202071
 max=   1701.8469214104896     
 min=   0.0000000000000000     
       n_pass,     n_total
      210000      212071
 max=   1701.8469214104896     
 min=   0.0000000000000000     
       n_pass,     n_total
      220000      222071
 max=   1701.8469214104896     
 min=   0.0000000000000000     
       n_pass,     n_total
      230000      232071
   63.001891484642080      +\-   6.6191137773252721E-003
 precision:   1.0506214371260279E-004
 ====================NCALL=80K ===========================
  
 max=   1701.8469214104896     
 min=   0.0000000000000000     
       n_pass,     n_total
      240000      243247
 max=   1701.8469214104896     
 min=   0.0000000000000000     
       n_pass,     n_total
      250000      253247
 max=   1701.8469214104896     
 min=   0.0000000000000000     
       n_pass,     n_total
      260000      263247
 max=   1701.8469214104896     
 min=   0.0000000000000000     
       n_pass,     n_total
      270000      273247
 max=   1701.8469214104896     
 min=   0.0000000000000000     
       n_pass,     n_total
      280000      283247
 max=   1701.8469214104896     
 min=   0.0000000000000000     
       n_pass,     n_total
      290000      293247
 max=   1701.8469214104896     
 min=   0.0000000000000000     
       n_pass,     n_total
      300000      303247
 max=   1701.8469214104896     
 min=   0.0000000000000000     
       n_pass,     n_total
      310000      313247
   63.003746763638667      +\-   2.8541438093029350E-003
 precision:   4.5301175817533220E-005
 sigma (pb)                   sd (pb)
   63.003746763638667        2.8541438093029350E-003
