 =======================================================
 |                                                     |
 |         \/\/\/\/\/\___________/\/\/\/\/\/           |
 |                   |     \     |                     |
 |                   |     /     |                     |
 |                   |     \     |                     |
 |         /\/\/\/\/\|_____/_____|/\/\/\/\/\           |
 |                                                     |
 | Light-by-light scattering at next-to-leading order  |
 |                   (VERSION 0.5)                     |
 |                                                     |
 |    Authors:                                         |
 |            Ajjath A.H. (LPTHE Paris)                |
 |            Ekta Chaubey (Bonn)                      |
 |            Mathijs Fraaije (Bern)                   |
 |            Valentin Hirschi (Bern)                  |
 |            Hua-Sheng Shao (LPTHE Paris)             |
 |                                                     |
 |    Please cite                                      |
 |            PLB 851 (2024) 138555 [arXiv:2312.16956] |
 |            JHEP 03 (2024) 121    [arXiv:2312.16966] |
 |                                                     |
 =======================================================
 ---------------------------------------------------
         the cuts in the lab frame                  
 min transverse momentum of photon    0.0000000000000000     
 max (pseudo-)rapidity of photon    5.0000000000000000     
 min (pseudo-)rapidity of photon   -5.0000000000000000     
 min invariant mass of di-photon    0.0000000000000000     
 ---------------------------------------------------
 max=   8062.3735034222236     
 min=   0.0000000000000000     
       n_pass,     n_total
       10000       10000
  
 ====================NCALL=20K===========================
  
 ITERATION            1 :
   216.97314874341967      +\-  0.93534304839824944     
 precision:   4.3108700491982718E-003
 WARNING: outside the range of the grid (xs,xt)=   2.0444731566050338       -2.0443714400372874     
 WARNING: set the 2-loop amplitudes to zero
 WARNING: outside the range of the grid (xs,xt)=   1.9847837370242210       -1.9846849901227039     
 WARNING: set the 2-loop amplitudes to zero
 WARNING: outside the range of the grid (xs,xt)=  0.95560599750104125      -0.95555845421984442     
 WARNING: set the 2-loop amplitudes to zero
 WARNING: outside the range of the grid (xs,xt)=  0.10197377777777777      -0.10196870438141539     
 WARNING: set the 2-loop amplitudes to zero
 WARNING: outside the range of the grid (xs,xt)=   1.0169130193905817E-002  -1.0168624259642533E-002
 WARNING: set the 2-loop amplitudes to zero
 INFO: will suppress the further warning
 max=   9257.7699733722911     
 min=   0.0000000000000000     
       n_pass,     n_total
       20000       20007
 max=   9257.7699733722911     
 min=   0.0000000000000000     
       n_pass,     n_total
       30000       30007
 ITERATION            2 :
   215.96133413358510      +\-  0.25338304285452096     
 precision:   1.1732796700440287E-003
 max=   9395.0940502121703     
 min=   0.0000000000000000     
       n_pass,     n_total
       40000       40040
 max=   9395.0940502121703     
 min=   0.0000000000000000     
       n_pass,     n_total
       50000       50040
 ITERATION            3 :
   215.76515581091931      +\-   9.3652803582203931E-002
 precision:   4.3404971127161213E-004
 max=   9395.0940502121703     
 min=   0.0000000000000000     
       n_pass,     n_total
       60000       60151
 max=   9395.0940502121703     
 min=   0.0000000000000000     
       n_pass,     n_total
       70000       70151
 ITERATION            4 :
   215.80384998145175      +\-   6.3603606895699299E-002
 precision:   2.9472878681805723E-004
 max=   9395.0940502121703     
 min=   0.0000000000000000     
       n_pass,     n_total
       80000       80405
 max=   9395.0940502121703     
 min=   0.0000000000000000     
       n_pass,     n_total
       90000       90405
 ITERATION            5 :
   215.78519124200312      +\-   4.6141338367421063E-002
 precision:   2.1382995794031828E-004
 max=   9395.0940502121703     
 min=   0.0000000000000000     
       n_pass,     n_total
      100000      100760
 max=   9395.0940502121703     
 min=   0.0000000000000000     
       n_pass,     n_total
      110000      110760
 ITERATION            6 :
   215.80271407240147      +\-   4.1350884692534715E-002
 precision:   1.9161429396416933E-004
 max=   9395.0940502121703     
 min=   0.0000000000000000     
       n_pass,     n_total
      120000      121101
 max=   9395.0940502121703     
 min=   0.0000000000000000     
       n_pass,     n_total
      130000      131101
 ITERATION            7 :
   215.85726831116779      +\-   3.9493803763980775E-002
 precision:   1.8296258482734394E-004
 max=   9395.0940502121703     
 min=   0.0000000000000000     
       n_pass,     n_total
      140000      141509
 max=   9395.0940502121703     
 min=   0.0000000000000000     
       n_pass,     n_total
      150000      151509
 ITERATION            8 :
   215.73807572254987      +\-   4.1321243592633332E-002
 precision:   1.9153431054875334E-004
 max=   9395.0940502121703     
 min=   0.0000000000000000     
       n_pass,     n_total
      160000      162056
 max=   9395.0940502121703     
 min=   0.0000000000000000     
       n_pass,     n_total
      170000      172056
 ITERATION            9 :
   215.81464146502611      +\-   3.9400470182064641E-002
 precision:   1.8256625182888573E-004
 max=   9395.0940502121703     
 min=   0.0000000000000000     
       n_pass,     n_total
      180000      182593
 max=   9395.0940502121703     
 min=   0.0000000000000000     
       n_pass,     n_total
      190000      192593
 ITERATION           10 :
   215.87667136130213      +\-   3.8400842395392869E-002
 precision:   1.7788324302593712E-004
 ====================NCALL=40K ===========================
  
 max=   9395.0940502121703     
 min=   0.0000000000000000     
       n_pass,     n_total
      200000      203459
 max=   9395.0940502121703     
 min=   0.0000000000000000     
       n_pass,     n_total
      210000      213459
 max=   9395.0940502121703     
 min=   0.0000000000000000     
       n_pass,     n_total
      220000      223459
 max=   9395.0940502121703     
 min=   0.0000000000000000     
       n_pass,     n_total
      230000      233459
   215.84304630942094      +\-   1.8072247255524147E-002
 precision:   8.3728651742696170E-005
 ====================NCALL=80K ===========================
  
 max=   9395.0940502121703     
 min=   0.0000000000000000     
       n_pass,     n_total
      240000      244936
 max=   9395.0940502121703     
 min=   0.0000000000000000     
       n_pass,     n_total
      250000      254936
 max=   9395.0940502121703     
 min=   0.0000000000000000     
       n_pass,     n_total
      260000      264936
 max=   9395.0940502121703     
 min=   0.0000000000000000     
       n_pass,     n_total
      270000      274936
 max=   9395.0940502121703     
 min=   0.0000000000000000     
       n_pass,     n_total
      280000      284936
 max=   9395.0940502121703     
 min=   0.0000000000000000     
       n_pass,     n_total
      290000      294936
 max=   9395.0940502121703     
 min=   0.0000000000000000     
       n_pass,     n_total
      300000      304936
   215.82329395044437      +\-   9.4813461678119777E-003
 precision:   4.3931060425706454E-005
 sigma (pb)                   sd (pb)
   215.82329395044437        9.4813461678119777E-003
