 =======================================================
 |                                                     |
 |         \/\/\/\/\/\___________/\/\/\/\/\/           |
 |                   |     \     |                     |
 |                   |     /     |                     |
 |                   |     \     |                     |
 |         /\/\/\/\/\|_____/_____|/\/\/\/\/\           |
 |                                                     |
 | Light-by-light scattering at next-to-leading order  |
 |                   (VERSION 0.5)                     |
 |                                                     |
 |    Authors:                                         |
 |            Ajjath A.H. (LPTHE Paris)                |
 |            Ekta Chaubey (Bonn)                      |
 |            Mathijs Fraaije (Bern)                   |
 |            Valentin Hirschi (Bern)                  |
 |            Hua-Sheng Shao (LPTHE Paris)             |
 |                                                     |
 |    Please cite                                      |
 |            PLB 851 (2024) 138555 [arXiv:2312.16956] |
 |            JHEP 03 (2024) 121    [arXiv:2312.16966] |
 |                                                     |
 =======================================================
 ---------------------------------------------------
         the cuts in the lab frame                  
 min transverse momentum of photon    0.0000000000000000     
 max (pseudo-)rapidity of photon    5.0000000000000000     
 min (pseudo-)rapidity of photon   -5.0000000000000000     
 min invariant mass of di-photon    0.0000000000000000     
 ---------------------------------------------------
 max=   1262897.8391464883     
 min=   0.0000000000000000     
       n_pass,     n_total
       10000       10000
  
 ====================NCALL=20K===========================
  
 ITERATION            1 :
   78523.733155668466      +\-   214.35563909083120     
 precision:   2.7298197688319830E-003
 max=   1269146.0630328858     
 min=   0.0000000000000000     
       n_pass,     n_total
       20000       20007
 max=   1269146.0630328858     
 min=   0.0000000000000000     
       n_pass,     n_total
       30000       30007
 ITERATION            2 :
   78098.208007759124      +\-   34.575051743473317     
 precision:   4.4271248502959575E-004
 WARNING: outside the range of the grid (xs,xt)=   1170.1487050064911       -1170.0936374618243     
 WARNING: set the 2-loop amplitudes to zero
 WARNING: outside the range of the grid (xs,xt)=   2.3760564125055596E-002  -2.3759445945869765E-002
 WARNING: set the 2-loop amplitudes to zero
 WARNING: outside the range of the grid (xs,xt)=   1170.1487050064911       -1170.0935451168209     
 WARNING: set the 2-loop amplitudes to zero
 WARNING: outside the range of the grid (xs,xt)=   2.3760564125055596E-002  -2.3759444070749650E-002
 WARNING: set the 2-loop amplitudes to zero
 WARNING: outside the range of the grid (xs,xt)=   1170.1487050064911       -1170.0910688323818     
 WARNING: set the 2-loop amplitudes to zero
 INFO: will suppress the further warning
 max=   1274815.2913256828     
 min=   0.0000000000000000     
       n_pass,     n_total
       40000       40031
 max=   1274815.2913256828     
 min=   0.0000000000000000     
       n_pass,     n_total
       50000       50031
 ITERATION            3 :
   78068.865161573733      +\-   23.803147458633500     
 precision:   3.0489936557127830E-004
 max=   1275308.8090783211     
 min=   0.0000000000000000     
       n_pass,     n_total
       60000       60096
 max=   1275308.8090783211     
 min=   0.0000000000000000     
       n_pass,     n_total
       70000       70096
 ITERATION            4 :
   78060.975335207346      +\-   20.101993080129912     
 precision:   2.5751655028403720E-004
 max=   1275575.6446552835     
 min=   0.0000000000000000     
       n_pass,     n_total
       80000       80206
 max=   1275575.6446552835     
 min=   0.0000000000000000     
       n_pass,     n_total
       90000       90206
 ITERATION            5 :
   78065.024256076009      +\-   17.353191414361980     
 precision:   2.2229150096000048E-004
 max=   1277374.6365321942     
 min=   0.0000000000000000     
       n_pass,     n_total
      100000      100371
 max=   1277374.6365321942     
 min=   0.0000000000000000     
       n_pass,     n_total
      110000      110371
 ITERATION            6 :
   78053.292675774603      +\-   16.198559394570857     
 precision:   2.0753204431564492E-004
 max=   1277374.6365321942     
 min=   0.0000000000000000     
       n_pass,     n_total
      120000      120552
 max=   1277374.6365321942     
 min=   0.0000000000000000     
       n_pass,     n_total
      130000      130552
 ITERATION            7 :
   78093.323853634982      +\-   15.667590125850580     
 precision:   2.0062649856235191E-004
 max=   1278747.8980782125     
 min=   0.0000000000000000     
       n_pass,     n_total
      140000      140752
 max=   1278747.8980782125     
 min=   0.0000000000000000     
       n_pass,     n_total
      150000      150752
 ITERATION            8 :
   78044.088420939515      +\-   15.417403458360095     
 precision:   1.9754735778582748E-004
 max=   1278747.8980782125     
 min=   0.0000000000000000     
       n_pass,     n_total
      160000      160956
 max=   1278747.8980782125     
 min=   0.0000000000000000     
       n_pass,     n_total
      170000      170956
 ITERATION            9 :
   78066.314532039687      +\-   15.143433968775710     
 precision:   1.9398166878443582E-004
 max=   1279205.9166064472     
 min=   0.0000000000000000     
       n_pass,     n_total
      180000      181183
 max=   1279205.9166064472     
 min=   0.0000000000000000     
       n_pass,     n_total
      190000      191183
 ITERATION           10 :
   78080.702773893077      +\-   15.284119020361493     
 precision:   1.9574771329378791E-004
 ====================NCALL=40K ===========================
  
 max=   1279205.9166064472     
 min=   0.0000000000000000     
       n_pass,     n_total
      200000      201536
 max=   1279205.9166064472     
 min=   0.0000000000000000     
       n_pass,     n_total
      210000      211536
 max=   1279205.9166064472     
 min=   0.0000000000000000     
       n_pass,     n_total
      220000      221536
 max=   1279205.9166064472     
 min=   0.0000000000000000     
       n_pass,     n_total
      230000      231536
   78079.634467848606      +\-   7.3249226406346581     
 precision:   9.3813485303275760E-005
 ====================NCALL=80K ===========================
  
 max=   1279294.6838931728     
 min=   0.0000000000000000     
       n_pass,     n_total
      240000      242134
 max=   1279294.6838931728     
 min=   0.0000000000000000     
       n_pass,     n_total
      250000      252134
 max=   1279294.6838931728     
 min=   0.0000000000000000     
       n_pass,     n_total
      260000      262134
 max=   1279294.6838931728     
 min=   0.0000000000000000     
       n_pass,     n_total
      270000      272134
 max=   1279294.6838931728     
 min=   0.0000000000000000     
       n_pass,     n_total
      280000      282134
 max=   1279294.6838931728     
 min=   0.0000000000000000     
       n_pass,     n_total
      290000      292134
 max=   1279294.6838931728     
 min=   0.0000000000000000     
       n_pass,     n_total
      300000      302134
 max=   1279294.6838931728     
 min=   0.0000000000000000     
       n_pass,     n_total
      310000      312134
   78069.825281365105      +\-   3.4409902542064152     
 precision:   4.4075803190349436E-005
 sigma (pb)                   sd (pb)
   78069.825281365105        3.4409902542064152     
