 =======================================================
 |                                                     |
 |         \/\/\/\/\/\___________/\/\/\/\/\/           |
 |                   |     \     |                     |
 |                   |     /     |                     |
 |                   |     \     |                     |
 |         /\/\/\/\/\|_____/_____|/\/\/\/\/\           |
 |                                                     |
 | Light-by-light scattering at next-to-leading order  |
 |                   (VERSION 0.5)                     |
 |                                                     |
 |    Authors:                                         |
 |            Ajjath A.H. (LPTHE Paris)                |
 |            Ekta Chaubey (Bonn)                      |
 |            Mathijs Fraaije (Bern)                   |
 |            Valentin Hirschi (Bern)                  |
 |            Hua-Sheng Shao (LPTHE Paris)             |
 |                                                     |
 |    Please cite                                      |
 |            PLB 851 (2024) 138555 [arXiv:2312.16956] |
 |            JHEP 03 (2024) 121    [arXiv:2312.16966] |
 |                                                     |
 =======================================================
 ---------------------------------------------------
         the cuts in the lab frame                  
 min transverse momentum of photon    0.0000000000000000     
 max (pseudo-)rapidity of photon    5.0000000000000000     
 min (pseudo-)rapidity of photon   -5.0000000000000000     
 min invariant mass of di-photon    0.0000000000000000     
 ---------------------------------------------------
 WARNING: outside the range of the grid (xs,xt)=   4.3207283280769802E-002  -4.3207282848701047E-002
 WARNING: set the 2-loop amplitudes to zero
 WARNING: outside the range of the grid (xs,xt)=   4.3090631071459252E-002  -4.3090630640556994E-002
 WARNING: set the 2-loop amplitudes to zero
 WARNING: outside the range of the grid (xs,xt)=   4.3289532527671343E-002  -4.3289532094780113E-002
 WARNING: set the 2-loop amplitudes to zero
 WARNING: outside the range of the grid (xs,xt)=   4.3237294228397040E-002  -4.3237293796028184E-002
 WARNING: set the 2-loop amplitudes to zero
 WARNING: outside the range of the grid (xs,xt)=   4.3322760261025668E-002  -4.3322759827802163E-002
 WARNING: set the 2-loop amplitudes to zero
 INFO: will suppress the further warning
 max=  0.27100443214467640     
 min=   0.0000000000000000     
       n_pass,     n_total
       10000       10000
  
 ====================NCALL=20K===========================
  
 ITERATION            1 :
  0.19333040710635635      +\-   9.1215464473625329E-006
 precision:   4.7181126776112978E-005
 max=  0.27498731058033032     
 min=   0.0000000000000000     
       n_pass,     n_total
       20000       20002
 max=  0.27498731058033032     
 min=   0.0000000000000000     
       n_pass,     n_total
       30000       30002
 ITERATION            2 :
  0.19331160126545710      +\-   1.2863206010909599E-005
 precision:   6.6541303919187640E-005
 max=  0.27560081565308425     
 min=   0.0000000000000000     
       n_pass,     n_total
       40000       40010
 max=  0.27560081565308425     
 min=   0.0000000000000000     
       n_pass,     n_total
       50000       50010
 ITERATION            3 :
  0.19330513648768810      +\-   1.0526879256693021E-005
 precision:   5.4457317834197821E-005
 max=  0.27561117074800084     
 min=   0.0000000000000000     
       n_pass,     n_total
       60000       60033
 max=  0.27561117074800084     
 min=   0.0000000000000000     
       n_pass,     n_total
       70000       70033
 ITERATION            4 :
  0.19329901359856558      +\-   8.8395161044920522E-006
 precision:   4.5729752780060992E-005
 max=  0.27561983597782513     
 min=   0.0000000000000000     
       n_pass,     n_total
       80000       80063
 max=  0.27561983597782513     
 min=   0.0000000000000000     
       n_pass,     n_total
       90000       90063
 ITERATION            5 :
  0.19330706337882492      +\-   7.7939147157522848E-006
 precision:   4.0318830463419267E-005
 max=  0.27561983597782513     
 min=   0.0000000000000000     
       n_pass,     n_total
      100000      100101
 max=  0.27561983597782513     
 min=   0.0000000000000000     
       n_pass,     n_total
      110000      110101
 ITERATION            6 :
  0.19329781865760395      +\-   6.9415079248430255E-006
 precision:   3.5910948054405062E-005
 max=  0.27561983597782513     
 min=   0.0000000000000000     
       n_pass,     n_total
      120000      120142
 max=  0.27561983597782513     
 min=   0.0000000000000000     
       n_pass,     n_total
      130000      130142
 ITERATION            7 :
  0.19330838707436504      +\-   6.9903950047931694E-006
 precision:   3.6161881595463259E-005
 max=  0.27561983597782513     
 min=   0.0000000000000000     
       n_pass,     n_total
      140000      140190
 max=  0.27561983597782513     
 min=   0.0000000000000000     
       n_pass,     n_total
      150000      150190
 ITERATION            8 :
  0.19329959373571484      +\-   7.1627861327642968E-006
 precision:   3.7055360512332366E-005
 max=  0.27561983597782513     
 min=   0.0000000000000000     
       n_pass,     n_total
      160000      160251
 max=  0.27561983597782513     
 min=   0.0000000000000000     
       n_pass,     n_total
      170000      170251
 ITERATION            9 :
  0.19330386236629288      +\-   6.9019347576610700E-006
 precision:   3.5705105284355593E-005
 max=  0.27561983597782513     
 min=   0.0000000000000000     
       n_pass,     n_total
      180000      180311
 max=  0.27561983597782513     
 min=   0.0000000000000000     
       n_pass,     n_total
      190000      190311
 ITERATION           10 :
  0.19331201635029624      +\-   6.9258196250473756E-006
 precision:   3.5827155268492251E-005
 ====================NCALL=40K ===========================
  
 max=  0.27561983597782513     
 min=   0.0000000000000000     
       n_pass,     n_total
      200000      200427
 max=  0.27561983597782513     
 min=   0.0000000000000000     
       n_pass,     n_total
      210000      210427
 max=  0.27561983597782513     
 min=   0.0000000000000000     
       n_pass,     n_total
      220000      220427
 max=  0.27561983597782513     
 min=   0.0000000000000000     
       n_pass,     n_total
      230000      230427
  0.19330691499938443      +\-   3.5428118124397874E-006
 precision:   1.8327393060155502E-005
 ====================NCALL=80K ===========================
  
 max=  0.27561983597782513     
 min=   0.0000000000000000     
       n_pass,     n_total
      240000      240706
 max=  0.27561983597782513     
 min=   0.0000000000000000     
       n_pass,     n_total
      250000      250706
 max=  0.27561983597782513     
 min=   0.0000000000000000     
       n_pass,     n_total
      260000      260706
 max=  0.27561983597782513     
 min=   0.0000000000000000     
       n_pass,     n_total
      270000      270706
 max=  0.27561983597782513     
 min=   0.0000000000000000     
       n_pass,     n_total
      280000      280706
 max=  0.27561983597782513     
 min=   0.0000000000000000     
       n_pass,     n_total
      290000      290706
 max=  0.27561983597782513     
 min=   0.0000000000000000     
       n_pass,     n_total
      300000      300706
 max=  0.27561983597782513     
 min=   0.0000000000000000     
       n_pass,     n_total
      310000      310706
  0.19330253489134352      +\-   1.7142248477910907E-006
 precision:   8.8680929546768051E-006
 sigma (pb)                   sd (pb)
  0.19330253489134352        1.7142248477910907E-006
