 =======================================================
 |                                                     |
 |         \/\/\/\/\/\___________/\/\/\/\/\/           |
 |                   |     \     |                     |
 |                   |     /     |                     |
 |                   |     \     |                     |
 |         /\/\/\/\/\|_____/_____|/\/\/\/\/\           |
 |                                                     |
 | Light-by-light scattering at next-to-leading order  |
 |                   (VERSION 0.5)                     |
 |                                                     |
 |    Authors:                                         |
 |            Ajjath A.H. (LPTHE Paris)                |
 |            Ekta Chaubey (Bonn)                      |
 |            Mathijs Fraaije (Bern)                   |
 |            Valentin Hirschi (Bern)                  |
 |            Hua-Sheng Shao (LPTHE Paris)             |
 |                                                     |
 |    Please cite                                      |
 |            PLB 851 (2024) 138555 [arXiv:2312.16956] |
 |            JHEP 03 (2024) 121    [arXiv:2312.16966] |
 |                                                     |
 =======================================================
 ---------------------------------------------------
         the cuts in the lab frame                  
 min transverse momentum of photon    0.0000000000000000     
 max (pseudo-)rapidity of photon    5.0000000000000000     
 min (pseudo-)rapidity of photon   -5.0000000000000000     
 min invariant mass of di-photon    0.0000000000000000     
 ---------------------------------------------------
 max=   2897849.8610937754     
 min=   0.0000000000000000     
       n_pass,     n_total
       10000       10000
  
 ====================NCALL=20K===========================
  
 ITERATION            1 :
   823850.93558400020      +\-   190.37116684698884     
 precision:   2.3107477169039217E-004
 max=   2978468.8738470525     
 min=   0.0000000000000000     
       n_pass,     n_total
       20000       20003
 max=   2978468.8738470525     
 min=   0.0000000000000000     
       n_pass,     n_total
       30000       30003
 WARNING: outside the range of the grid (xs,xt)=   75.156345142673331       -3.6805012453608914E-003
 WARNING: set the 2-loop amplitudes to zero
 ITERATION            2 :
   823493.72222508665      +\-   104.37772763024670     
 precision:   1.2674987654819910E-004
 WARNING: outside the range of the grid (xs,xt)=   75.156345142673331       -75.152789907476858     
 WARNING: set the 2-loop amplitudes to zero
 max=   3136538.5642041196     
 min=   0.0000000000000000     
       n_pass,     n_total
       40000       40014
 max=   3136538.5642041196     
 min=   0.0000000000000000     
       n_pass,     n_total
       50000       50014
 WARNING: outside the range of the grid (xs,xt)=   75.156345142673331       -3.5075964439002655E-003
 WARNING: set the 2-loop amplitudes to zero
 ITERATION            3 :
   823303.98359984881      +\-   101.20485019453578     
 precision:   1.2292525265336803E-004
 WARNING: outside the range of the grid (xs,xt)=   75.156345142673331       -75.152866210046980     
 WARNING: set the 2-loop amplitudes to zero
 WARNING: outside the range of the grid (xs,xt)=   75.156345142673331       -75.152651590600343     
 WARNING: set the 2-loop amplitudes to zero
 INFO: will suppress the further warning
 max=   3315576.0082551022     
 min=   0.0000000000000000     
       n_pass,     n_total
       60000       60038
 max=   3315576.0082551022     
 min=   0.0000000000000000     
       n_pass,     n_total
       70000       70038
 ITERATION            4 :
   823308.03030375368      +\-   94.211703461982452     
 precision:   1.1443068692919673E-004
 max=   3315576.0082551022     
 min=   0.0000000000000000     
       n_pass,     n_total
       80000       80065
 max=   3315576.0082551022     
 min=   0.0000000000000000     
       n_pass,     n_total
       90000       90065
 ITERATION            5 :
   823345.48450125882      +\-   85.931965136160926     
 precision:   1.0436926752347974E-004
 max=   3315576.0082551022     
 min=   0.0000000000000000     
       n_pass,     n_total
      100000      100098
 max=   3315576.0082551022     
 min=   0.0000000000000000     
       n_pass,     n_total
      110000      110098
 ITERATION            6 :
   823286.99193005473      +\-   83.179173740718767     
 precision:   1.0103302318152690E-004
 max=   3315576.0082551022     
 min=   0.0000000000000000     
       n_pass,     n_total
      120000      120130
 max=   3315576.0082551022     
 min=   0.0000000000000000     
       n_pass,     n_total
      130000      130130
 ITERATION            7 :
   823411.79527228675      +\-   81.761479349431170     
 precision:   9.9295977807063349E-005
 max=   3315576.0082551022     
 min=   0.0000000000000000     
       n_pass,     n_total
      140000      140168
 max=   3315576.0082551022     
 min=   0.0000000000000000     
       n_pass,     n_total
      150000      150168
 ITERATION            8 :
   823167.79924560839      +\-   80.841019476685304     
 precision:   9.8207217958200022E-005
 max=   3315576.0082551022     
 min=   0.0000000000000000     
       n_pass,     n_total
      160000      160218
 max=   3315576.0082551022     
 min=   0.0000000000000000     
       n_pass,     n_total
      170000      170218
 ITERATION            9 :
   823302.02146952110      +\-   80.117178175618037     
 precision:   9.7312014408292084E-005
 max=   3315576.0082551022     
 min=   0.0000000000000000     
       n_pass,     n_total
      180000      180265
 max=   3315576.0082551022     
 min=   0.0000000000000000     
       n_pass,     n_total
      190000      190265
 ITERATION           10 :
   823411.16316147300      +\-   79.659381946117065     
 precision:   9.6743140620375172E-005
 ====================NCALL=40K ===========================
  
 max=   3315576.0082551022     
 min=   0.0000000000000000     
       n_pass,     n_total
      200000      200356
 max=   3315576.0082551022     
 min=   0.0000000000000000     
       n_pass,     n_total
      210000      210356
 max=   3315576.0082551022     
 min=   0.0000000000000000     
       n_pass,     n_total
      220000      220356
 max=   3315576.0082551022     
 min=   0.0000000000000000     
       n_pass,     n_total
      230000      230356
   823353.64931597817      +\-   40.886544405510321     
 precision:   4.9658545194374074E-005
 ====================NCALL=80K ===========================
  
 max=   3315576.0082551022     
 min=   0.0000000000000000     
       n_pass,     n_total
      240000      240588
 max=   3315576.0082551022     
 min=   0.0000000000000000     
       n_pass,     n_total
      250000      250588
 max=   3315576.0082551022     
 min=   0.0000000000000000     
       n_pass,     n_total
      260000      260588
 max=   3315576.0082551022     
 min=   0.0000000000000000     
       n_pass,     n_total
      270000      270588
 max=   3315576.0082551022     
 min=   0.0000000000000000     
       n_pass,     n_total
      280000      280588
 max=   3315576.0082551022     
 min=   0.0000000000000000     
       n_pass,     n_total
      290000      290588
 max=   3315576.0082551022     
 min=   0.0000000000000000     
       n_pass,     n_total
      300000      300588
 max=   3315576.0082551022     
 min=   0.0000000000000000     
       n_pass,     n_total
      310000      310588
   823285.64837625378      +\-   21.039478654188517     
 precision:   2.5555502753733371E-005
 sigma (pb)                   sd (pb)
   823285.64837625378        21.039478654188517     
