 =======================================================
 |                                                     |
 |         \/\/\/\/\/\___________/\/\/\/\/\/           |
 |                   |     \     |                     |
 |                   |     /     |                     |
 |                   |     \     |                     |
 |         /\/\/\/\/\|_____/_____|/\/\/\/\/\           |
 |                                                     |
 | Light-by-light scattering at next-to-leading order  |
 |                   (VERSION 0.5)                     |
 |                                                     |
 |    Authors:                                         |
 |            Ajjath A.H. (LPTHE Paris)                |
 |            Ekta Chaubey (Bonn)                      |
 |            Mathijs Fraaije (Bern)                   |
 |            Valentin Hirschi (Bern)                  |
 |            Hua-Sheng Shao (LPTHE Paris)             |
 |                                                     |
 |    Please cite                                      |
 |            PLB 851 (2024) 138555 [arXiv:2312.16956] |
 |            JHEP 03 (2024) 121    [arXiv:2312.16966] |
 |                                                     |
 =======================================================
 ---------------------------------------------------
         the cuts in the lab frame                  
 min transverse momentum of photon    0.0000000000000000     
 max (pseudo-)rapidity of photon    5.0000000000000000     
 min (pseudo-)rapidity of photon   -5.0000000000000000     
 min invariant mass of di-photon    0.0000000000000000     
 ---------------------------------------------------
 max=   1855822.2149014557     
 min=   0.0000000000000000     
       n_pass,     n_total
       10000       10000
  
 ====================NCALL=20K===========================
  
 ITERATION            1 :
   195544.87278120345      +\-   250.99277214428662     
 precision:   1.2835558845110924E-003
 WARNING: outside the range of the grid (xs,xt)=   440.91781204882034       -440.89730526390309     
 WARNING: set the 2-loop amplitudes to zero
 max=   1868469.0097437343     
 min=   0.0000000000000000     
       n_pass,     n_total
       20000       20006
 max=   1868469.0097437343     
 min=   0.0000000000000000     
       n_pass,     n_total
       30000       30006
 ITERATION            2 :
   195022.46386520029      +\-   55.252988562899688     
 precision:   2.8331602148709702E-004
 WARNING: outside the range of the grid (xs,xt)=   440.91781204882034       -440.89606625104648     
 WARNING: set the 2-loop amplitudes to zero
 max=   1869276.3201711860     
 min=   0.0000000000000000     
       n_pass,     n_total
       40000       40027
 max=   1869276.3201711860     
 min=   0.0000000000000000     
       n_pass,     n_total
       50000       50027
 WARNING: outside the range of the grid (xs,xt)=   440.91781204882034       -2.0677277099005596E-002
 WARNING: set the 2-loop amplitudes to zero
 WARNING: outside the range of the grid (xs,xt)=   440.91781204882034       -2.1713797638193442E-002
 WARNING: set the 2-loop amplitudes to zero
 ITERATION            3 :
   194933.21436623644      +\-   44.533388304921317     
 precision:   2.2845459379361037E-004
 WARNING: outside the range of the grid (xs,xt)=   440.91781204882034       -440.89636635173235     
 WARNING: set the 2-loop amplitudes to zero
 INFO: will suppress the further warning
 max=   1888052.6263058905     
 min=   0.0000000000000000     
       n_pass,     n_total
       60000       60070
 max=   1888052.6263058905     
 min=   0.0000000000000000     
       n_pass,     n_total
       70000       70070
 ITERATION            4 :
   194934.86679771007      +\-   40.132256706383004     
 precision:   2.0587521034925725E-004
 max=   1888052.6263058905     
 min=   0.0000000000000000     
       n_pass,     n_total
       80000       80134
 max=   1888052.6263058905     
 min=   0.0000000000000000     
       n_pass,     n_total
       90000       90134
 ITERATION            5 :
   194951.54591616301      +\-   35.920658581397333     
 precision:   1.8425428950865903E-004
 max=   1888052.6263058905     
 min=   0.0000000000000000     
       n_pass,     n_total
      100000      100231
 max=   1888052.6263058905     
 min=   0.0000000000000000     
       n_pass,     n_total
      110000      110231
 ITERATION            6 :
   194926.80150759206      +\-   34.453920327820178     
 precision:   1.7675311994732679E-004
 max=   1888052.6263058905     
 min=   0.0000000000000000     
       n_pass,     n_total
      120000      120335
 max=   1888052.6263058905     
 min=   0.0000000000000000     
       n_pass,     n_total
      130000      130335
 ITERATION            7 :
   195003.33764152235      +\-   33.162212729051028     
 precision:   1.7005971861883533E-004
 max=   1888052.6263058905     
 min=   0.0000000000000000     
       n_pass,     n_total
      140000      140454
 max=   1888052.6263058905     
 min=   0.0000000000000000     
       n_pass,     n_total
      150000      150454
 ITERATION            8 :
   194892.01206608332      +\-   32.700904649630054     
 precision:   1.6778986631089807E-004
 max=   1888052.8629057251     
 min=   0.0000000000000000     
       n_pass,     n_total
      160000      160587
 max=   1888052.8629057251     
 min=   0.0000000000000000     
       n_pass,     n_total
      170000      170587
 ITERATION            9 :
   194958.35568890860      +\-   32.230585118352849     
 precision:   1.6532035779878341E-004
 max=   1888052.8629057251     
 min=   0.0000000000000000     
       n_pass,     n_total
      180000      180728
 max=   1888052.8629057251     
 min=   0.0000000000000000     
       n_pass,     n_total
      190000      190728
 ITERATION           10 :
   194980.79549527436      +\-   32.464643541323440     
 precision:   1.6650174935874782E-004
 ====================NCALL=40K ===========================
  
 max=   1888052.8629057251     
 min=   0.0000000000000000     
       n_pass,     n_total
      200000      200966
 max=   1888052.8629057251     
 min=   0.0000000000000000     
       n_pass,     n_total
      210000      210966
 max=   1888052.8629057251     
 min=   0.0000000000000000     
       n_pass,     n_total
      220000      220966
 max=   1888052.8629057251     
 min=   0.0000000000000000     
       n_pass,     n_total
      230000      230966
   194971.73651531566      +\-   16.158316940724092     
 precision:   8.2875175805057288E-005
 ====================NCALL=80K ===========================
  
 max=   1892872.0002671413     
 min=   0.0000000000000000     
       n_pass,     n_total
      240000      241450
 max=   1892872.0002671413     
 min=   0.0000000000000000     
       n_pass,     n_total
      250000      251450
 max=   1892872.0002671413     
 min=   0.0000000000000000     
       n_pass,     n_total
      260000      261450
 max=   1892872.0002671413     
 min=   0.0000000000000000     
       n_pass,     n_total
      270000      271450
 max=   1892872.0002671413     
 min=   0.0000000000000000     
       n_pass,     n_total
      280000      281450
 max=   1892872.0002671413     
 min=   0.0000000000000000     
       n_pass,     n_total
      290000      291450
 max=   1892872.0002671413     
 min=   0.0000000000000000     
       n_pass,     n_total
      300000      301450
 max=   1892872.0002671413     
 min=   0.0000000000000000     
       n_pass,     n_total
      310000      311450
   194949.39442463574      +\-   7.4819970282733061     
 precision:   3.8379175530938742E-005
 sigma (pb)                   sd (pb)
   194949.39442463574        7.4819970282733061     
