 =======================================================
 |                                                     |
 |         \/\/\/\/\/\___________/\/\/\/\/\/           |
 |                   |     \     |                     |
 |                   |     /     |                     |
 |                   |     \     |                     |
 |         /\/\/\/\/\|_____/_____|/\/\/\/\/\           |
 |                                                     |
 | Light-by-light scattering at next-to-leading order  |
 |                   (VERSION 0.5)                     |
 |                                                     |
 |    Authors:                                         |
 |            Ajjath A.H. (LPTHE Paris)                |
 |            Ekta Chaubey (Bonn)                      |
 |            Mathijs Fraaije (Bern)                   |
 |            Valentin Hirschi (Bern)                  |
 |            Hua-Sheng Shao (LPTHE Paris)             |
 |                                                     |
 |    Please cite                                      |
 |            PLB 851 (2024) 138555 [arXiv:2312.16956] |
 |            JHEP 03 (2024) 121    [arXiv:2312.16966] |
 |                                                     |
 =======================================================
 ---------------------------------------------------
         the cuts in the lab frame                  
 min transverse momentum of photon    0.0000000000000000     
 max (pseudo-)rapidity of photon    5.0000000000000000     
 min (pseudo-)rapidity of photon   -5.0000000000000000     
 min invariant mass of di-photon    0.0000000000000000     
 ---------------------------------------------------
 max=   910.03323247626463     
 min=   0.0000000000000000     
       n_pass,     n_total
       10000       10000
  
 ====================NCALL=20K===========================
  
 ITERATION            1 :
   39.243891646420870      +\-  0.10665013868482247     
 precision:   2.7176239208312357E-003
 max=   1017.0771003596454     
 min=   0.0000000000000000     
       n_pass,     n_total
       20000       20007
 max=   1017.0771003596454     
 min=   0.0000000000000000     
       n_pass,     n_total
       30000       30007
 ITERATION            2 :
   39.094731212294022      +\-   2.6866202430373385E-002
 precision:   6.8720775401890570E-004
 WARNING: outside the range of the grid (xs,xt)=   28.646460236132761       -28.645139663978043     
 WARNING: set the 2-loop amplitudes to zero
 WARNING: outside the range of the grid (xs,xt)=   27.810112456747397       -27.808830439359308     
 WARNING: set the 2-loop amplitudes to zero
 WARNING: outside the range of the grid (xs,xt)=   13.389625156184923       -13.389007908329599     
 WARNING: set the 2-loop amplitudes to zero
 WARNING: outside the range of the grid (xs,xt)=   1.4288217777777776       -1.4287559105733052     
 WARNING: set the 2-loop amplitudes to zero
 WARNING: outside the range of the grid (xs,xt)=  0.14248638227146812      -0.14247981379678390     
 WARNING: set the 2-loop amplitudes to zero
 INFO: will suppress the further warning
 max=   1017.8582983242524     
 min=   0.0000000000000000     
       n_pass,     n_total
       40000       40035
 max=   1017.8582983242524     
 min=   0.0000000000000000     
       n_pass,     n_total
       50000       50035
 ITERATION            3 :
   39.071321431121262      +\-   1.2597854448891561E-002
 precision:   3.2243225945404196E-004
 max=   1017.8582983242524     
 min=   0.0000000000000000     
       n_pass,     n_total
       60000       60115
 max=   1017.8582983242524     
 min=   0.0000000000000000     
       n_pass,     n_total
       70000       70115
 ITERATION            4 :
   39.078943236349431      +\-   9.9978218076227192E-003
 precision:   2.5583654468740104E-004
 max=   1020.1071287029569     
 min=   0.0000000000000000     
       n_pass,     n_total
       80000       80285
 max=   1020.1071287029569     
 min=   0.0000000000000000     
       n_pass,     n_total
       90000       90285
 ITERATION            5 :
   39.072190159030399      +\-   8.3264913815888388E-003
 precision:   2.1310531474428784E-004
 max=   1020.1071287029569     
 min=   0.0000000000000000     
       n_pass,     n_total
      100000      100556
 max=   1020.1071287029569     
 min=   0.0000000000000000     
       n_pass,     n_total
      110000      110556
 ITERATION            6 :
   39.077072670168093      +\-   7.2211365364912251E-003
 precision:   1.8479215670635246E-004
 max=   1020.5378827368648     
 min=   0.0000000000000000     
       n_pass,     n_total
      120000      120834
 max=   1020.5378827368648     
 min=   0.0000000000000000     
       n_pass,     n_total
      130000      130834
 ITERATION            7 :
   39.091310210170661      +\-   6.8585142125539116E-003
 precision:   1.7544856326584529E-004
 max=   1020.5378827368648     
 min=   0.0000000000000000     
       n_pass,     n_total
      140000      141186
 max=   1020.5378827368648     
 min=   0.0000000000000000     
       n_pass,     n_total
      150000      151186
 ITERATION            8 :
   39.066898293335186      +\-   6.7225172598064436E-003
 precision:   1.7207706660841578E-004
 max=   1020.5378827368648     
 min=   0.0000000000000000     
       n_pass,     n_total
      160000      161432
 max=   1020.5378827368648     
 min=   0.0000000000000000     
       n_pass,     n_total
      170000      171432
 ITERATION            9 :
   39.078589218392253      +\-   6.6979663720973335E-003
 precision:   1.7139734330391207E-004
 max=   1020.5378827368648     
 min=   0.0000000000000000     
       n_pass,     n_total
      180000      181796
 max=   1020.5378827368648     
 min=   0.0000000000000000     
       n_pass,     n_total
      190000      191796
 ITERATION           10 :
   39.085367943315916      +\-   6.8416833818043792E-003
 precision:   1.7504462006668641E-004
 ====================NCALL=40K ===========================
  
 max=   1020.5378827368648     
 min=   0.0000000000000000     
       n_pass,     n_total
      200000      202096
 max=   1020.5378827368648     
 min=   0.0000000000000000     
       n_pass,     n_total
      210000      212096
 max=   1020.5378827368648     
 min=   0.0000000000000000     
       n_pass,     n_total
      220000      222096
 max=   1020.5378827368648     
 min=   0.0000000000000000     
       n_pass,     n_total
      230000      232096
   39.081539577701179      +\-   3.6155357154157440E-003
 precision:   9.2512622442301800E-005
 ====================NCALL=80K ===========================
  
 max=   1020.6500891795097     
 min=   0.0000000000000000     
       n_pass,     n_total
      240000      243312
 max=   1020.6500891795097     
 min=   0.0000000000000000     
       n_pass,     n_total
      250000      253312
 max=   1020.6500891795097     
 min=   0.0000000000000000     
       n_pass,     n_total
      260000      263312
 max=   1020.6500891795097     
 min=   0.0000000000000000     
       n_pass,     n_total
      270000      273312
 max=   1020.6500891795097     
 min=   0.0000000000000000     
       n_pass,     n_total
      280000      283312
 max=   1020.6500891795097     
 min=   0.0000000000000000     
       n_pass,     n_total
      290000      293312
 max=   1020.6500891795097     
 min=   0.0000000000000000     
       n_pass,     n_total
      300000      303312
 max=   1020.6500891795097     
 min=   0.0000000000000000     
       n_pass,     n_total
      310000      313312
   39.079990575208086      +\-   1.6278122362380679E-003
 precision:   4.1653342600106307E-005
 sigma (pb)                   sd (pb)
   39.079990575208086        1.6278122362380679E-003
