 =======================================================
 |                                                     |
 |         \/\/\/\/\/\___________/\/\/\/\/\/           |
 |                   |     \     |                     |
 |                   |     /     |                     |
 |                   |     \     |                     |
 |         /\/\/\/\/\|_____/_____|/\/\/\/\/\           |
 |                                                     |
 | Light-by-light scattering at next-to-leading order  |
 |                   (VERSION 0.5)                     |
 |                                                     |
 |    Authors:                                         |
 |            Ajjath A.H. (LPTHE Paris)                |
 |            Ekta Chaubey (Bonn)                      |
 |            Mathijs Fraaije (Bern)                   |
 |            Valentin Hirschi (Bern)                  |
 |            Hua-Sheng Shao (LPTHE Paris)             |
 |                                                     |
 |    Please cite                                      |
 |            PLB 851 (2024) 138555 [arXiv:2312.16956] |
 |            JHEP 03 (2024) 121    [arXiv:2312.16966] |
 |                                                     |
 =======================================================
 ---------------------------------------------------
         the cuts in the lab frame                  
 min transverse momentum of photon    0.0000000000000000     
 max (pseudo-)rapidity of photon    5.0000000000000000     
 min (pseudo-)rapidity of photon   -5.0000000000000000     
 min invariant mass of di-photon    0.0000000000000000     
 ---------------------------------------------------
 max=   1.0609276765459708E-005
 min=   0.0000000000000000     
       n_pass,     n_total
       10000       10000
  
 ====================NCALL=20K===========================
  
 ITERATION            1 :
   5.6375904132183692E-006 +\-   1.3025927855629469E-009
 precision:   2.3105488162261276E-004
 max=   1.0609428167605042E-005
 min=   0.0000000000000000     
       n_pass,     n_total
       20000       20001
 max=   1.0609428167605042E-005
 min=   0.0000000000000000     
       n_pass,     n_total
       30000       30001
 ITERATION            2 :
   5.6380689939117081E-006 +\-   1.0933975737551894E-009
 precision:   1.9393121562291969E-004
 max=   1.0609969137316752E-005
 min=   0.0000000000000000     
       n_pass,     n_total
       40000       40003
 max=   1.0609969137316752E-005
 min=   0.0000000000000000     
       n_pass,     n_total
       50000       50003
 ITERATION            3 :
   5.6381983447323875E-006 +\-   8.0165047192197198E-010
 precision:   1.4218202746821276E-004
 max=   1.0610108736401221E-005
 min=   0.0000000000000000     
       n_pass,     n_total
       60000       60006
 max=   1.0610108736401221E-005
 min=   0.0000000000000000     
       n_pass,     n_total
       70000       70006
 ITERATION            4 :
   5.6382384789246276E-006 +\-   6.2851748958282583E-010
 precision:   1.1147408750661820E-004
 max=   1.0610108736401221E-005
 min=   0.0000000000000000     
       n_pass,     n_total
       80000       80011
 max=   1.0610108736401221E-005
 min=   0.0000000000000000     
       n_pass,     n_total
       90000       90011
 ITERATION            5 :
   5.6373390863815942E-006 +\-   6.3002338198133644E-010
 precision:   1.1175900053685184E-004
 max=   1.0610108736401221E-005
 min=   0.0000000000000000     
       n_pass,     n_total
      100000      100019
 max=   1.0610108736401221E-005
 min=   0.0000000000000000     
       n_pass,     n_total
      110000      110019
 ITERATION            6 :
   5.6374360314545903E-006 +\-   6.2541983062529743E-010
 precision:   1.1094047491372146E-004
 max=   1.0610108736401221E-005
 min=   0.0000000000000000     
       n_pass,     n_total
      120000      120030
 max=   1.0610108736401221E-005
 min=   0.0000000000000000     
       n_pass,     n_total
      130000      130030
 ITERATION            7 :
   5.6369315148133667E-006 +\-   6.3651732388159263E-010
 precision:   1.1291911604902070E-004
 max=   1.0610108736401221E-005
 min=   0.0000000000000000     
       n_pass,     n_total
      140000      140043
 max=   1.0610108736401221E-005
 min=   0.0000000000000000     
       n_pass,     n_total
      150000      150043
 ITERATION            8 :
   5.6371433781846399E-006 +\-   6.1290178457901823E-010
 precision:   1.0872559795993593E-004
 max=   1.0610121202453146E-005
 min=   0.0000000000000000     
       n_pass,     n_total
      160000      160059
 max=   1.0610121202453146E-005
 min=   0.0000000000000000     
       n_pass,     n_total
      170000      170059
 ITERATION            9 :
   5.6373177544880960E-006 +\-   6.0866768978383473E-010
 precision:   1.0797115158166307E-004
 max=   1.0610121202453146E-005
 min=   0.0000000000000000     
       n_pass,     n_total
      180000      180072
 max=   1.0610121202453146E-005
 min=   0.0000000000000000     
       n_pass,     n_total
      190000      190072
 ITERATION           10 :
   5.6393051709005293E-006 +\-   5.4577348623171307E-010
 precision:   9.6780271627782758E-005
 ====================NCALL=40K ===========================
  
 max=   1.0610422853297045E-005
 min=   0.0000000000000000     
       n_pass,     n_total
      200000      200090
 max=   1.0610422853297045E-005
 min=   0.0000000000000000     
       n_pass,     n_total
      210000      210090
 max=   1.0610422853297045E-005
 min=   0.0000000000000000     
       n_pass,     n_total
      220000      220090
 max=   1.0610422853297045E-005
 min=   0.0000000000000000     
       n_pass,     n_total
      230000      230090
   5.6379816837820729E-006 +\-   3.4350961381833690E-010
 precision:   6.0927763353055742E-005
 ====================NCALL=80K ===========================
  
 max=   1.0610422853297045E-005
 min=   0.0000000000000000     
       n_pass,     n_total
      240000      240148
 max=   1.0610422853297045E-005
 min=   0.0000000000000000     
       n_pass,     n_total
      250000      250148
 max=   1.0610422853297045E-005
 min=   0.0000000000000000     
       n_pass,     n_total
      260000      260148
 max=   1.0610422853297045E-005
 min=   0.0000000000000000     
       n_pass,     n_total
      270000      270148
 max=   1.0610422853297045E-005
 min=   0.0000000000000000     
       n_pass,     n_total
      280000      280148
 max=   1.0610422853297045E-005
 min=   0.0000000000000000     
       n_pass,     n_total
      290000      290148
 max=   1.0610422853297045E-005
 min=   0.0000000000000000     
       n_pass,     n_total
      300000      300148
 max=   1.0610422853297045E-005
 min=   0.0000000000000000     
       n_pass,     n_total
      310000      310148
   5.6376273172670914E-006 +\-   1.6495375325715936E-010
 precision:   2.9259428474800761E-005
 sigma (pb)                   sd (pb)
   5.6376273172670914E-006   1.6495375325715936E-010
