 =======================================================
 |                                                     |
 |         \/\/\/\/\/\___________/\/\/\/\/\/           |
 |                   |     \     |                     |
 |                   |     /     |                     |
 |                   |     \     |                     |
 |         /\/\/\/\/\|_____/_____|/\/\/\/\/\           |
 |                                                     |
 | Light-by-light scattering at next-to-leading order  |
 |                   (VERSION 0.5)                     |
 |                                                     |
 |    Authors:                                         |
 |            Ajjath A.H. (LPTHE Paris)                |
 |            Ekta Chaubey (Bonn)                      |
 |            Mathijs Fraaije (Bern)                   |
 |            Valentin Hirschi (Bern)                  |
 |            Hua-Sheng Shao (LPTHE Paris)             |
 |                                                     |
 |    Please cite                                      |
 |            PLB 851 (2024) 138555 [arXiv:2312.16956] |
 |            JHEP 03 (2024) 121    [arXiv:2312.16966] |
 |                                                     |
 =======================================================
 ---------------------------------------------------
         the cuts in the lab frame                  
 min transverse momentum of photon    0.0000000000000000     
 max (pseudo-)rapidity of photon    5.0000000000000000     
 min (pseudo-)rapidity of photon   -5.0000000000000000     
 min invariant mass of di-photon    0.0000000000000000     
 ---------------------------------------------------
 WARNING: outside the range of the grid (xs,xt)=   7.7391574620826978E-002  -7.7391573846924314E-002
 WARNING: set the 2-loop amplitudes to zero
 WARNING: outside the range of the grid (xs,xt)=   7.7538896975896693E-002  -7.7538896200520860E-002
 WARNING: set the 2-loop amplitudes to zero
 WARNING: outside the range of the grid (xs,xt)=   7.7445329319488332E-002  -7.7445328545048139E-002
 WARNING: set the 2-loop amplitudes to zero
 WARNING: outside the range of the grid (xs,xt)=   7.7598413483534093E-002  -7.7598412707563111E-002
 WARNING: set the 2-loop amplitudes to zero
 WARNING: outside the range of the grid (xs,xt)=   7.7633341308085482E-002  -7.7633340531765224E-002
 WARNING: set the 2-loop amplitudes to zero
 INFO: will suppress the further warning
 max=   1.5697487386763396     
 min=   0.0000000000000000     
       n_pass,     n_total
       10000       10000
  
 ====================NCALL=20K===========================
  
 ITERATION            1 :
   1.1139934879749365      +\-   3.9669400175948547E-005
 precision:   3.5610082647844941E-005
 max=   1.5805233215190726     
 min=   0.0000000000000000     
       n_pass,     n_total
       20000       20002
 max=   1.5805233215190726     
 min=   0.0000000000000000     
       n_pass,     n_total
       30000       30002
 ITERATION            2 :
   1.1138877086737962      +\-   7.1540480576080676E-005
 precision:   6.4225935899101858E-005
 max=   1.5837056850117786     
 min=   0.0000000000000000     
       n_pass,     n_total
       40000       40010
 max=   1.5837056850117786     
 min=   0.0000000000000000     
       n_pass,     n_total
       50000       50010
 ITERATION            3 :
   1.1138195210108757      +\-   6.1295901897818366E-005
 precision:   5.5032167008697864E-005
 max=   1.5841641496795771     
 min=   0.0000000000000000     
       n_pass,     n_total
       60000       60033
 max=   1.5841641496795771     
 min=   0.0000000000000000     
       n_pass,     n_total
       70000       70033
 ITERATION            4 :
   1.1138402881522940      +\-   4.7754194905661466E-005
 precision:   4.2873467061313637E-005
 max=   1.5841641496795771     
 min=   0.0000000000000000     
       n_pass,     n_total
       80000       80064
 max=   1.5841641496795771     
 min=   0.0000000000000000     
       n_pass,     n_total
       90000       90064
 ITERATION            5 :
   1.1138734380458197      +\-   4.0200714526056677E-005
 precision:   3.6090917650918078E-005
 max=   1.5841641496795771     
 min=   0.0000000000000000     
       n_pass,     n_total
      100000      100107
 max=   1.5841641496795771     
 min=   0.0000000000000000     
       n_pass,     n_total
      110000      110107
 ITERATION            6 :
   1.1138228440235713      +\-   3.7416979220799006E-005
 precision:   3.3593294859740880E-005
 max=   1.5841641496795771     
 min=   0.0000000000000000     
       n_pass,     n_total
      120000      120150
 max=   1.5841641496795771     
 min=   0.0000000000000000     
       n_pass,     n_total
      130000      130150
 ITERATION            7 :
   1.1139057643726196      +\-   3.6571936352424761E-005
 precision:   3.2832163655264877E-005
 max=   1.5841641496795771     
 min=   0.0000000000000000     
       n_pass,     n_total
      140000      140203
 max=   1.5841641496795771     
 min=   0.0000000000000000     
       n_pass,     n_total
      150000      150203
 ITERATION            8 :
   1.1138046417324978      +\-   3.6309634781724845E-005
 precision:   3.2599643978180979E-005
 max=   1.5841664349623565     
 min=   0.0000000000000000     
       n_pass,     n_total
      160000      160269
 max=   1.5841664349623565     
 min=   0.0000000000000000     
       n_pass,     n_total
      170000      170269
 ITERATION            9 :
   1.1138632924764349      +\-   3.5024675478244609E-005
 precision:   3.1444321502304643E-005
 max=   1.5841664349623565     
 min=   0.0000000000000000     
       n_pass,     n_total
      180000      180337
 max=   1.5841664349623565     
 min=   0.0000000000000000     
       n_pass,     n_total
      190000      190337
 ITERATION           10 :
   1.1138756015558755      +\-   3.5903051037378166E-005
 precision:   3.2232550014766756E-005
 ====================NCALL=40K ===========================
  
 max=   1.5841664349623565     
 min=   0.0000000000000000     
       n_pass,     n_total
      200000      200472
 max=   1.5841664349623565     
 min=   0.0000000000000000     
       n_pass,     n_total
      210000      210472
 max=   1.5841664349623565     
 min=   0.0000000000000000     
       n_pass,     n_total
      220000      220472
 max=   1.5841664349623565     
 min=   0.0000000000000000     
       n_pass,     n_total
      230000      230472
   1.1138600873625724      +\-   1.8247574930240328E-005
 precision:   1.6382286372651544E-005
 ====================NCALL=80K ===========================
  
 max=   1.5841664349623565     
 min=   0.0000000000000000     
       n_pass,     n_total
      240000      240793
 max=   1.5841664349623565     
 min=   0.0000000000000000     
       n_pass,     n_total
      250000      250793
 max=   1.5841664349623565     
 min=   0.0000000000000000     
       n_pass,     n_total
      260000      260793
 max=   1.5841664349623565     
 min=   0.0000000000000000     
       n_pass,     n_total
      270000      270793
 max=   1.5841664349623565     
 min=   0.0000000000000000     
       n_pass,     n_total
      280000      280793
 max=   1.5841664349623565     
 min=   0.0000000000000000     
       n_pass,     n_total
      290000      290793
 max=   1.5841664349623565     
 min=   0.0000000000000000     
       n_pass,     n_total
      300000      300793
 max=   1.5841664349623565     
 min=   0.0000000000000000     
       n_pass,     n_total
      310000      310793
   1.1138403220063593      +\-   9.4886568143788013E-006
 precision:   8.5188663284220982E-006
 sigma (pb)                   sd (pb)
   1.1138403220063593        9.4886568143788013E-006
