 =======================================================
 |                                                     |
 |         \/\/\/\/\/\___________/\/\/\/\/\/           |
 |                   |     \     |                     |
 |                   |     /     |                     |
 |                   |     \     |                     |
 |         /\/\/\/\/\|_____/_____|/\/\/\/\/\           |
 |                                                     |
 | Light-by-light scattering at next-to-leading order  |
 |                   (VERSION 0.5)                     |
 |                                                     |
 |    Authors:                                         |
 |            Ajjath A.H. (LPTHE Paris)                |
 |            Ekta Chaubey (Bonn)                      |
 |            Mathijs Fraaije (Bern)                   |
 |            Valentin Hirschi (Bern)                  |
 |            Hua-Sheng Shao (LPTHE Paris)             |
 |                                                     |
 |    Please cite                                      |
 |            PLB 851 (2024) 138555 [arXiv:2312.16956] |
 |            JHEP 03 (2024) 121    [arXiv:2312.16966] |
 |                                                     |
 =======================================================
 ---------------------------------------------------
         the cuts in the lab frame                  
 min transverse momentum of photon    0.0000000000000000     
 max (pseudo-)rapidity of photon    5.0000000000000000     
 min (pseudo-)rapidity of photon   -5.0000000000000000     
 min invariant mass of di-photon    0.0000000000000000     
 ---------------------------------------------------
 max=   1328313.1771809217     
 min=   0.0000000000000000     
       n_pass,     n_total
       10000       10000
  
 ====================NCALL=20K===========================
  
 ITERATION            1 :
   87779.050184810680      +\-   221.57588119725125     
 precision:   2.5242455999551568E-003
 max=   1334818.3984317444     
 min=   0.0000000000000000     
       n_pass,     n_total
       20000       20007
 max=   1334818.3984317444     
 min=   0.0000000000000000     
       n_pass,     n_total
       30000       30007
 ITERATION            2 :
   87334.653920116616      +\-   36.628093899169862     
 precision:   4.1939931350358240E-004
 WARNING: outside the range of the grid (xs,xt)=   1041.3566890445427       -1041.3067747873508     
 WARNING: set the 2-loop amplitudes to zero
 WARNING: outside the range of the grid (xs,xt)=   2.1145365782344029E-002  -2.1144352243719675E-002
 WARNING: set the 2-loop amplitudes to zero
 WARNING: outside the range of the grid (xs,xt)=   1041.3566890445427       -1041.3066910841046     
 WARNING: set the 2-loop amplitudes to zero
 WARNING: outside the range of the grid (xs,xt)=   2.1145365782344029E-002  -2.1144350544075572E-002
 WARNING: set the 2-loop amplitudes to zero
 WARNING: outside the range of the grid (xs,xt)=   1041.3566890445427       -1041.3048807175439     
 WARNING: set the 2-loop amplitudes to zero
 INFO: will suppress the further warning
 max=   1341431.1754150584     
 min=   0.0000000000000000     
       n_pass,     n_total
       40000       40031
 max=   1341431.1754150584     
 min=   0.0000000000000000     
       n_pass,     n_total
       50000       50031
 ITERATION            3 :
   87297.569277964882      +\-   26.082059678507271     
 precision:   2.9877188900253541E-004
 max=   1345393.0794458045     
 min=   0.0000000000000000     
       n_pass,     n_total
       60000       60095
 max=   1345393.0794458045     
 min=   0.0000000000000000     
       n_pass,     n_total
       70000       70095
 ITERATION            4 :
   87296.024538333324      +\-   21.818527769697116     
 precision:   2.4993724382163805E-004
 max=   1346495.9221171110     
 min=   0.0000000000000000     
       n_pass,     n_total
       80000       80199
 max=   1346495.9221171110     
 min=   0.0000000000000000     
       n_pass,     n_total
       90000       90199
 ITERATION            5 :
   87293.422792479570      +\-   19.017973339523412     
 precision:   2.1786261474400373E-004
 max=   1346495.9221171110     
 min=   0.0000000000000000     
       n_pass,     n_total
      100000      100358
 max=   1346495.9221171110     
 min=   0.0000000000000000     
       n_pass,     n_total
      110000      110358
 ITERATION            6 :
   87286.595781811280      +\-   17.933814872488018     
 precision:   2.0545897926088044E-004
 max=   1346495.9221171110     
 min=   0.0000000000000000     
       n_pass,     n_total
      120000      120530
 max=   1346495.9221171110     
 min=   0.0000000000000000     
       n_pass,     n_total
      130000      130530
 ITERATION            7 :
   87331.197909947325      +\-   17.256449695583754     
 precision:   1.9759776699018787E-004
 max=   1346495.9221171110     
 min=   0.0000000000000000     
       n_pass,     n_total
      140000      140714
 max=   1346495.9221171110     
 min=   0.0000000000000000     
       n_pass,     n_total
      150000      150714
 ITERATION            8 :
   87275.240197250256      +\-   16.965830238578370     
 precision:   1.9439454076819492E-004
 max=   1346495.9221171110     
 min=   0.0000000000000000     
       n_pass,     n_total
      160000      160903
 max=   1346495.9221171110     
 min=   0.0000000000000000     
       n_pass,     n_total
      170000      170903
 ITERATION            9 :
   87300.283370354606      +\-   16.633969081769298     
 precision:   1.9053740079173504E-004
 max=   1346495.9221171110     
 min=   0.0000000000000000     
       n_pass,     n_total
      180000      181119
 max=   1346495.9221171110     
 min=   0.0000000000000000     
       n_pass,     n_total
      190000      191119
 ITERATION           10 :
   87318.946596379828      +\-   16.778875615585715     
 precision:   1.9215618453511386E-004
 ====================NCALL=40K ===========================
  
 max=   1346495.9221171110     
 min=   0.0000000000000000     
       n_pass,     n_total
      200000      201446
 max=   1346495.9221171110     
 min=   0.0000000000000000     
       n_pass,     n_total
      210000      211446
 max=   1346495.9221171110     
 min=   0.0000000000000000     
       n_pass,     n_total
      220000      221446
 max=   1346495.9221171110     
 min=   0.0000000000000000     
       n_pass,     n_total
      230000      231446
   87314.608270597106      +\-   8.1040674945117619     
 precision:   9.2814566256730019E-005
 ====================NCALL=80K ===========================
  
 max=   1346495.9221171110     
 min=   0.0000000000000000     
       n_pass,     n_total
      240000      242075
 max=   1346495.9221171110     
 min=   0.0000000000000000     
       n_pass,     n_total
      250000      252075
 max=   1346495.9221171110     
 min=   0.0000000000000000     
       n_pass,     n_total
      260000      262075
 max=   1346495.9221171110     
 min=   0.0000000000000000     
       n_pass,     n_total
      270000      272075
 max=   1346495.9221171110     
 min=   0.0000000000000000     
       n_pass,     n_total
      280000      282075
 max=   1346495.9221171110     
 min=   0.0000000000000000     
       n_pass,     n_total
      290000      292075
 max=   1346495.9221171110     
 min=   0.0000000000000000     
       n_pass,     n_total
      300000      302075
 max=   1346495.9221171110     
 min=   0.0000000000000000     
       n_pass,     n_total
      310000      312075
   87303.694305294863      +\-   3.8551598845244128     
 precision:   4.4158038387736383E-005
 sigma (pb)                   sd (pb)
   87303.694305294863        3.8551598845244128     
