 =======================================================
 |                                                     |
 |         \/\/\/\/\/\___________/\/\/\/\/\/           |
 |                   |     \     |                     |
 |                   |     /     |                     |
 |                   |     \     |                     |
 |         /\/\/\/\/\|_____/_____|/\/\/\/\/\           |
 |                                                     |
 | Light-by-light scattering at next-to-leading order  |
 |                   (VERSION 0.5)                     |
 |                                                     |
 |    Authors:                                         |
 |            Ajjath A.H. (LPTHE Paris)                |
 |            Ekta Chaubey (Bonn)                      |
 |            Mathijs Fraaije (Bern)                   |
 |            Valentin Hirschi (Bern)                  |
 |            Hua-Sheng Shao (LPTHE Paris)             |
 |                                                     |
 |    Please cite                                      |
 |            PLB 851 (2024) 138555 [arXiv:2312.16956] |
 |            JHEP 03 (2024) 121    [arXiv:2312.16966] |
 |                                                     |
 =======================================================
 ---------------------------------------------------
         the cuts in the lab frame                  
 min transverse momentum of photon    0.0000000000000000     
 max (pseudo-)rapidity of photon    5.0000000000000000     
 min (pseudo-)rapidity of photon   -5.0000000000000000     
 min invariant mass of di-photon    0.0000000000000000     
 ---------------------------------------------------
 max=   51687.863312162583     
 min=   0.0000000000000000     
       n_pass,     n_total
       10000       10000
  
 ====================NCALL=20K===========================
  
 ITERATION            1 :
   716.63079109768762      +\-   6.2352643691258089     
 precision:   8.7008044401428019E-003
 WARNING: outside the range of the grid (xs,xt)=  0.28934764981064820      -0.28933392237811834     
 WARNING: set the 2-loop amplitudes to zero
 WARNING: outside the range of the grid (xs,xt)=  0.28089999999999993      -0.28088667334675027     
 WARNING: set the 2-loop amplitudes to zero
 WARNING: outside the range of the grid (xs,xt)=  0.13524381507705124      -0.13523739874587398     
 WARNING: set the 2-loop amplitudes to zero
 WARNING: outside the range of the grid (xs,xt)=   1.4432017777777778E-002  -1.4431333083948596E-002
 WARNING: set the 2-loop amplitudes to zero
 WARNING: outside the range of the grid (xs,xt)=   124356.29459139633       -124350.39479354146     
 WARNING: set the 2-loop amplitudes to zero
 INFO: will suppress the further warning
 max=   57552.552306099606     
 min=   0.0000000000000000     
       n_pass,     n_total
       20000       20009
 max=   57552.552306099606     
 min=   0.0000000000000000     
       n_pass,     n_total
       30000       30009
 ITERATION            2 :
   709.40163564169268      +\-   1.6083246563165183     
 precision:   2.2671566789688896E-003
 max=   58674.778928846623     
 min=   0.0000000000000000     
       n_pass,     n_total
       40000       40044
 max=   58674.778928846623     
 min=   0.0000000000000000     
       n_pass,     n_total
       50000       50044
 ITERATION            3 :
   709.35218880950652      +\-  0.53756849719406730     
 precision:   7.5783018037381292E-004
 max=   58846.686084509100     
 min=   0.0000000000000000     
       n_pass,     n_total
       60000       60180
 max=   58846.686084509100     
 min=   0.0000000000000000     
       n_pass,     n_total
       70000       70180
 ITERATION            4 :
   709.61251669751425      +\-  0.33089443766264015     
 precision:   4.6630298913356139E-004
 max=   58846.686084509100     
 min=   0.0000000000000000     
       n_pass,     n_total
       80000       80511
 max=   58846.686084509100     
 min=   0.0000000000000000     
       n_pass,     n_total
       90000       90511
 ITERATION            5 :
   709.34044936568978      +\-  0.22561228453187540     
 precision:   3.1805924043049234E-004
 max=   58940.807450025211     
 min=   0.0000000000000000     
       n_pass,     n_total
      100000      101014
 max=   58940.807450025211     
 min=   0.0000000000000000     
       n_pass,     n_total
      110000      111014
 ITERATION            6 :
   709.37922142458626      +\-  0.19837843885824766     
 precision:   2.7965076064655659E-004
 max=   58940.807450025211     
 min=   0.0000000000000000     
       n_pass,     n_total
      120000      121598
 max=   58940.807450025211     
 min=   0.0000000000000000     
       n_pass,     n_total
      130000      131598
 ITERATION            7 :
   709.67995285122163      +\-  0.19070456085317936     
 precision:   2.6871910371288019E-004
 max=   58940.807450025211     
 min=   0.0000000000000000     
       n_pass,     n_total
      140000      142309
 max=   58940.807450025211     
 min=   0.0000000000000000     
       n_pass,     n_total
      150000      152309
 ITERATION            8 :
   709.05162951635771      +\-  0.18589006019418194     
 precision:   2.6216717155135385E-004
 max=   58940.807450025211     
 min=   0.0000000000000000     
       n_pass,     n_total
      160000      162963
 max=   58940.807450025211     
 min=   0.0000000000000000     
       n_pass,     n_total
      170000      172963
 ITERATION            9 :
   709.41587185927153      +\-  0.17889198266994605     
 precision:   2.5216800154343496E-004
 max=   58940.807450025211     
 min=   0.0000000000000000     
       n_pass,     n_total
      180000      183753
 max=   58940.807450025211     
 min=   0.0000000000000000     
       n_pass,     n_total
      190000      193753
 ITERATION           10 :
   709.62646319926739      +\-  0.17510919119823290     
 precision:   2.4676248742017554E-004
 ====================NCALL=40K ===========================
  
 max=   58960.502540911431     
 min=   0.0000000000000000     
       n_pass,     n_total
      200000      204407
 max=   58960.502540911431     
 min=   0.0000000000000000     
       n_pass,     n_total
      210000      214407
 max=   58960.502540911431     
 min=   0.0000000000000000     
       n_pass,     n_total
      220000      224407
 max=   58960.502540911431     
 min=   0.0000000000000000     
       n_pass,     n_total
      230000      234407
   709.43592956041334      +\-   9.9045947061923323E-002
 precision:   1.3961225099396222E-004
 ====================NCALL=80K ===========================
  
 max=   58964.985648840673     
 min=   0.0000000000000000     
       n_pass,     n_total
      240000      247165
 max=   58964.985648840673     
 min=   0.0000000000000000     
       n_pass,     n_total
      250000      257165
 max=   58964.985648840673     
 min=   0.0000000000000000     
       n_pass,     n_total
      260000      267165
 max=   58964.985648840673     
 min=   0.0000000000000000     
       n_pass,     n_total
      270000      277165
 max=   58964.985648840673     
 min=   0.0000000000000000     
       n_pass,     n_total
      280000      287165
 max=   58964.985648840673     
 min=   0.0000000000000000     
       n_pass,     n_total
      290000      297165
 max=   58964.985648840673     
 min=   0.0000000000000000     
       n_pass,     n_total
      300000      307165
   709.43505443626418      +\-   4.6513742984467109E-002
 precision:   6.5564483589591099E-005
 sigma (pb)                   sd (pb)
   709.43505443626418        4.6513742984467109E-002
