 =======================================================
 |                                                     |
 |         \/\/\/\/\/\___________/\/\/\/\/\/           |
 |                   |     \     |                     |
 |                   |     /     |                     |
 |                   |     \     |                     |
 |         /\/\/\/\/\|_____/_____|/\/\/\/\/\           |
 |                                                     |
 | Light-by-light scattering at next-to-leading order  |
 |                   (VERSION 0.5)                     |
 |                                                     |
 |    Authors:                                         |
 |            Ajjath A.H. (LPTHE Paris)                |
 |            Ekta Chaubey (Bonn)                      |
 |            Mathijs Fraaije (Bern)                   |
 |            Valentin Hirschi (Bern)                  |
 |            Hua-Sheng Shao (LPTHE Paris)             |
 |                                                     |
 |    Please cite                                      |
 |            PLB 851 (2024) 138555 [arXiv:2312.16956] |
 |            JHEP 03 (2024) 121    [arXiv:2312.16966] |
 |                                                     |
 =======================================================
 ---------------------------------------------------
         the cuts in the lab frame                  
 min transverse momentum of photon    0.0000000000000000     
 max (pseudo-)rapidity of photon    5.0000000000000000     
 min (pseudo-)rapidity of photon   -5.0000000000000000     
 min invariant mass of di-photon    0.0000000000000000     
 ---------------------------------------------------
 WARNING: outside the range of the grid (xs,xt)=   3.2938599703487774E-002  -3.2938599374104149E-002
 WARNING: set the 2-loop amplitudes to zero
 WARNING: outside the range of the grid (xs,xt)=   3.2849671167943441E-002  -3.2849670839449084E-002
 WARNING: set the 2-loop amplitudes to zero
 WARNING: outside the range of the grid (xs,xt)=   3.3001301517022283E-002  -3.3001301187011639E-002
 WARNING: set the 2-loop amplitudes to zero
 WARNING: outside the range of the grid (xs,xt)=   3.2961478221079171E-002  -3.2961477891466757E-002
 WARNING: set the 2-loop amplitudes to zero
 WARNING: outside the range of the grid (xs,xt)=   3.3026632316019745E-002  -3.3026631985755804E-002
 WARNING: set the 2-loop amplitudes to zero
 INFO: will suppress the further warning
 max=  0.11942006846111333     
 min=   0.0000000000000000     
       n_pass,     n_total
       10000       10000
  
 ====================NCALL=20K===========================
  
 ITERATION            1 :
   8.5550260649620291E-002 +\-   5.4956204243874963E-006
 precision:   6.4238500066006389E-005
 max=  0.12182677167023583     
 min=   0.0000000000000000     
       n_pass,     n_total
       20000       20002
 max=  0.12182677167023583     
 min=   0.0000000000000000     
       n_pass,     n_total
       30000       30002
 ITERATION            2 :
   8.5539765865144904E-002 +\-   5.5855513875724684E-006
 precision:   6.5297716577552932E-005
 max=  0.12208476984179577     
 min=   0.0000000000000000     
       n_pass,     n_total
       40000       40012
 max=  0.12208476984179577     
 min=   0.0000000000000000     
       n_pass,     n_total
       50000       50012
 ITERATION            3 :
   8.5537557181878693E-002 +\-   4.3246377167599750E-006
 precision:   5.0558349562923434E-005
 max=  0.12210671562710654     
 min=   0.0000000000000000     
       n_pass,     n_total
       60000       60036
 max=  0.12210671562710654     
 min=   0.0000000000000000     
       n_pass,     n_total
       70000       70036
 ITERATION            4 :
   8.5533018268212621E-002 +\-   4.8872564865470830E-006
 precision:   5.7138828787986036E-005
 max=  0.12210671562710654     
 min=   0.0000000000000000     
       n_pass,     n_total
       80000       80061
 max=  0.12210671562710654     
 min=   0.0000000000000000     
       n_pass,     n_total
       90000       90061
 ITERATION            5 :
   8.5535660974324482E-002 +\-   3.9498685680450575E-006
 precision:   4.6178032916945629E-005
 max=  0.12210671562710654     
 min=   0.0000000000000000     
       n_pass,     n_total
      100000      100093
 max=  0.12210671562710654     
 min=   0.0000000000000000     
       n_pass,     n_total
      110000      110093
 ITERATION            6 :
   8.5533327565480335E-002 +\-   3.3381266008901971E-006
 precision:   3.9027203733359756E-005
 max=  0.12210671562710654     
 min=   0.0000000000000000     
       n_pass,     n_total
      120000      120123
 max=  0.12210671562710654     
 min=   0.0000000000000000     
       n_pass,     n_total
      130000      130123
 ITERATION            7 :
   8.5537253408744282E-002 +\-   3.5314529604311157E-006
 precision:   4.1285554769404171E-005
 max=  0.12210671562710654     
 min=   0.0000000000000000     
       n_pass,     n_total
      140000      140161
 max=  0.12210671562710654     
 min=   0.0000000000000000     
       n_pass,     n_total
      150000      150161
 ITERATION            8 :
   8.5539298881398163E-002 +\-   3.3345748234184462E-006
 precision:   3.8982957155656566E-005
 max=  0.12210678184879235     
 min=   0.0000000000000000     
       n_pass,     n_total
      160000      160211
 max=  0.12210678184879235     
 min=   0.0000000000000000     
       n_pass,     n_total
      170000      170211
 ITERATION            9 :
   8.5537844799236415E-002 +\-   3.1625692989392289E-006
 precision:   3.6972749387852951E-005
 max=  0.12210678184879235     
 min=   0.0000000000000000     
       n_pass,     n_total
      180000      180261
 max=  0.12210678184879235     
 min=   0.0000000000000000     
       n_pass,     n_total
      190000      190261
 ITERATION           10 :
   8.5540843452515267E-002 +\-   3.0607544094396796E-006
 precision:   3.5781204462155447E-005
 ====================NCALL=40K ===========================
  
 max=  0.12210678184879235     
 min=   0.0000000000000000     
       n_pass,     n_total
      200000      200360
 max=  0.12210678184879235     
 min=   0.0000000000000000     
       n_pass,     n_total
      210000      210360
 max=  0.12210678184879235     
 min=   0.0000000000000000     
       n_pass,     n_total
      220000      220360
 max=  0.12210678184879235     
 min=   0.0000000000000000     
       n_pass,     n_total
      230000      230360
   8.5540367091281738E-002 +\-   1.8145468598480763E-006
 precision:   2.1212755118431267E-005
 ====================NCALL=80K ===========================
  
 max=  0.12210678184879235     
 min=   0.0000000000000000     
       n_pass,     n_total
      240000      240602
 max=  0.12210678184879235     
 min=   0.0000000000000000     
       n_pass,     n_total
      250000      250602
 max=  0.12210678184879235     
 min=   0.0000000000000000     
       n_pass,     n_total
      260000      260602
 max=  0.12210678184879235     
 min=   0.0000000000000000     
       n_pass,     n_total
      270000      270602
 max=  0.12210678184879235     
 min=   0.0000000000000000     
       n_pass,     n_total
      280000      280602
 max=  0.12210678184879235     
 min=   0.0000000000000000     
       n_pass,     n_total
      290000      290602
 max=  0.12210678184879235     
 min=   0.0000000000000000     
       n_pass,     n_total
      300000      300602
 max=  0.12210678184879235     
 min=   0.0000000000000000     
       n_pass,     n_total
      310000      310602
   8.5536361332648775E-002 +\-   8.7172836305694108E-007
 precision:   1.0191319217646063E-005
 sigma (pb)                   sd (pb)
   8.5536361332648775E-002   8.7172836305694108E-007
