 =======================================================
 |                                                     |
 |         \/\/\/\/\/\___________/\/\/\/\/\/           |
 |                   |     \     |                     |
 |                   |     /     |                     |
 |                   |     \     |                     |
 |         /\/\/\/\/\|_____/_____|/\/\/\/\/\           |
 |                                                     |
 | Light-by-light scattering at next-to-leading order  |
 |                   (VERSION 0.5)                     |
 |                                                     |
 |    Authors:                                         |
 |            Ajjath A.H. (LPTHE Paris)                |
 |            Ekta Chaubey (Bonn)                      |
 |            Mathijs Fraaije (Bern)                   |
 |            Valentin Hirschi (Bern)                  |
 |            Hua-Sheng Shao (LPTHE Paris)             |
 |                                                     |
 |    Please cite                                      |
 |            PLB 851 (2024) 138555 [arXiv:2312.16956] |
 |            JHEP 03 (2024) 121    [arXiv:2312.16966] |
 |                                                     |
 =======================================================
 ---------------------------------------------------
         the cuts in the lab frame                  
 min transverse momentum of photon    0.0000000000000000     
 max (pseudo-)rapidity of photon    5.0000000000000000     
 min (pseudo-)rapidity of photon   -5.0000000000000000     
 min invariant mass of di-photon    0.0000000000000000     
 ---------------------------------------------------
 max=   1657857.1499905887     
 min=   0.0000000000000000     
       n_pass,     n_total
       10000       10000
  
 ====================NCALL=20K===========================
  
 ITERATION            1 :
   147149.64061857542      +\-   245.69410126701393     
 precision:   1.6696887619581367E-003
 max=   1667207.8148960439     
 min=   0.0000000000000000     
       n_pass,     n_total
       20000       20007
 max=   1667207.8148960439     
 min=   0.0000000000000000     
       n_pass,     n_total
       30000       30007
 ITERATION            2 :
   146638.04866809165      +\-   49.043136941550351     
 precision:   3.3445028344967408E-004
 max=   1672119.1927873979     
 min=   0.0000000000000000     
       n_pass,     n_total
       40000       40030
 max=   1672119.1927873979     
 min=   0.0000000000000000     
       n_pass,     n_total
       50000       50030
 ITERATION            3 :
   146567.74472945149      +\-   38.200759332188845     
 precision:   2.6063551296844604E-004
 WARNING: outside the range of the grid (xs,xt)=   601.25727153312062       -601.22813446816247     
 WARNING: set the 2-loop amplitudes to zero
 WARNING: outside the range of the grid (xs,xt)=   1.2208885840573081E-002  -1.2208294195171610E-002
 WARNING: set the 2-loop amplitudes to zero
 WARNING: outside the range of the grid (xs,xt)=   601.25727153312062       -601.22846729526827     
 WARNING: set the 2-loop amplitudes to zero
 WARNING: outside the range of the grid (xs,xt)=   1.2208885840573081E-002  -1.2208300953423580E-002
 WARNING: set the 2-loop amplitudes to zero
 WARNING: outside the range of the grid (xs,xt)=   601.25727153312062       -601.22778196229842     
 WARNING: set the 2-loop amplitudes to zero
 INFO: will suppress the further warning
 max=   1680036.5601467565     
 min=   0.0000000000000000     
       n_pass,     n_total
       60000       60080
 max=   1680036.5601467565     
 min=   0.0000000000000000     
       n_pass,     n_total
       70000       70080
 ITERATION            4 :
   146574.34885891166      +\-   32.513191699633580     
 precision:   2.2182047508824250E-004
 max=   1680241.4650293516     
 min=   0.0000000000000000     
       n_pass,     n_total
       80000       80154
 max=   1680241.4650293516     
 min=   0.0000000000000000     
       n_pass,     n_total
       90000       90154
 ITERATION            5 :
   146591.85947965019      +\-   28.909313778303559     
 precision:   1.9720954411057688E-004
 max=   1680507.4653559516     
 min=   0.0000000000000000     
       n_pass,     n_total
      100000      100263
 max=   1680507.4653559516     
 min=   0.0000000000000000     
       n_pass,     n_total
      110000      110263
 ITERATION            6 :
   146575.58724084872      +\-   27.553687352708113     
 precision:   1.8798278670671602E-004
 max=   1680507.4653559516     
 min=   0.0000000000000000     
       n_pass,     n_total
      120000      120384
 max=   1680507.4653559516     
 min=   0.0000000000000000     
       n_pass,     n_total
      130000      130384
 ITERATION            7 :
   146630.19066334490      +\-   26.452903492686513     
 precision:   1.8040557250192062E-004
 max=   1680507.4653559516     
 min=   0.0000000000000000     
       n_pass,     n_total
      140000      140529
 max=   1680507.4653559516     
 min=   0.0000000000000000     
       n_pass,     n_total
      150000      150529
 ITERATION            8 :
   146539.76342948919      +\-   26.119153895188330     
 precision:   1.7823936168530891E-004
 max=   1682669.1746531269     
 min=   0.0000000000000000     
       n_pass,     n_total
      160000      160684
 max=   1682669.1746531269     
 min=   0.0000000000000000     
       n_pass,     n_total
      170000      170684
 ITERATION            9 :
   146583.89661605103      +\-   25.434264775017990     
 precision:   1.7351336239640475E-004
 max=   1683212.8069602195     
 min=   0.0000000000000000     
       n_pass,     n_total
      180000      180849
 max=   1683212.8069602195     
 min=   0.0000000000000000     
       n_pass,     n_total
      190000      190849
 ITERATION           10 :
   146609.11357302801      +\-   25.339477732729428     
 precision:   1.7283698888273741E-004
 ====================NCALL=40K ===========================
  
 max=   1685778.5624665360     
 min=   0.0000000000000000     
       n_pass,     n_total
      200000      201125
 max=   1685778.5624665360     
 min=   0.0000000000000000     
       n_pass,     n_total
      210000      211125
 max=   1685778.5624665360     
 min=   0.0000000000000000     
       n_pass,     n_total
      220000      221125
 max=   1685778.5624665360     
 min=   0.0000000000000000     
       n_pass,     n_total
      230000      231125
   146610.20725828581      +\-   12.536835513523487     
 precision:   8.5511341590542339E-005
 ====================NCALL=80K ===========================
  
 max=   1688459.5516474138     
 min=   0.0000000000000000     
       n_pass,     n_total
      240000      241658
 max=   1688459.5516474138     
 min=   0.0000000000000000     
       n_pass,     n_total
      250000      251658
 max=   1688459.5516474138     
 min=   0.0000000000000000     
       n_pass,     n_total
      260000      261658
 max=   1688459.5516474138     
 min=   0.0000000000000000     
       n_pass,     n_total
      270000      271658
 max=   1688459.5516474138     
 min=   0.0000000000000000     
       n_pass,     n_total
      280000      281658
 max=   1688459.5516474138     
 min=   0.0000000000000000     
       n_pass,     n_total
      290000      291658
 max=   1688459.5516474138     
 min=   0.0000000000000000     
       n_pass,     n_total
      300000      301658
 max=   1688459.5516474138     
 min=   0.0000000000000000     
       n_pass,     n_total
      310000      311658
   146588.48111499540      +\-   5.7040347605668105     
 precision:   3.8911889373436659E-005
 sigma (pb)                   sd (pb)
   146588.48111499540        5.7040347605668105     
