 =======================================================
 |                                                     |
 |         \/\/\/\/\/\___________/\/\/\/\/\/           |
 |                   |     \     |                     |
 |                   |     /     |                     |
 |                   |     \     |                     |
 |         /\/\/\/\/\|_____/_____|/\/\/\/\/\           |
 |                                                     |
 | Light-by-light scattering at next-to-leading order  |
 |                   (VERSION 0.5)                     |
 |                                                     |
 |    Authors:                                         |
 |            Ajjath A.H. (LPTHE Paris)                |
 |            Ekta Chaubey (Bonn)                      |
 |            Mathijs Fraaije (Bern)                   |
 |            Valentin Hirschi (Bern)                  |
 |            Hua-Sheng Shao (LPTHE Paris)             |
 |                                                     |
 |    Please cite                                      |
 |            PLB 851 (2024) 138555 [arXiv:2312.16956] |
 |            JHEP 03 (2024) 121    [arXiv:2312.16966] |
 |                                                     |
 =======================================================
 ---------------------------------------------------
         the cuts in the lab frame                  
 min transverse momentum of photon    0.0000000000000000     
 max (pseudo-)rapidity of photon    5.0000000000000000     
 min (pseudo-)rapidity of photon   -5.0000000000000000     
 min invariant mass of di-photon    0.0000000000000000     
 ---------------------------------------------------
 WARNING: outside the range of the grid (xs,xt)=   3.8293280404217294       -3.8293280021604339     
 WARNING: set the 2-loop amplitudes to zero
 WARNING: outside the range of the grid (xs,xt)=   3.8293624048505510       -3.8293623665889118     
 WARNING: set the 2-loop amplitudes to zero
 max=   2815171360357492.0     
 min=   0.0000000000000000     
       n_pass,     n_total
       10000       10000
  
 ====================NCALL=20K===========================
  
 ITERATION            1 :
   257530932319.63989      +\-   183308653349.90112     
 precision:  0.71179276096583133     
 WARNING: outside the range of the grid (xs,xt)=   3.8293408007900358       -3.8293407625286124     
 WARNING: set the 2-loop amplitudes to zero
 WARNING: outside the range of the grid (xs,xt)=   3.8293439208343156       -3.8293438825728616     
 WARNING: set the 2-loop amplitudes to zero
 WARNING: outside the range of the grid (xs,xt)=   3.8293893782692439       -3.8293893400073351     
 WARNING: set the 2-loop amplitudes to zero
 INFO: will suppress the further warning
 max=   6625233906532010.0     
 min=   0.0000000000000000     
       n_pass,     n_total
       20000       20017
 max=   6625233906532010.0     
 min=   0.0000000000000000     
       n_pass,     n_total
       30000       30017
 ITERATION            2 :
   169863684173.31232      +\-   141613299762.71640     
 precision:  0.83368790952531102     
 max=   7257757400291262.0     
 min=   0.0000000000000000     
       n_pass,     n_total
       40000       40290
 max=   7257757400291262.0     
 min=   0.0000000000000000     
       n_pass,     n_total
       50000       50290
 ITERATION            3 :
   176901913448.51050      +\-   14042602515.139458     
 precision:   7.9380727101217768E-002
 max=   7291952414423347.0     
 min=   0.0000000000000000     
       n_pass,     n_total
       60000       64868
 max=   7291952414423347.0     
 min=   0.0000000000000000     
       n_pass,     n_total
       70000       74868
 ITERATION            4 :
   180809662615.88071      +\-   414320597.19957370     
 precision:   2.2914737586772283E-003
 max=   7293105803835968.0     
 min=   0.0000000000000000     
       n_pass,     n_total
       80000       91699
 ITERATION            5 :
   180756810204.25894      +\-   99372647.566646442     
 precision:   5.4975880274913736E-004
 max=   7293451613396307.0     
 min=   0.0000000000000000     
       n_pass,     n_total
       90000      105277
 max=   7293451613396307.0     
 min=   0.0000000000000000     
       n_pass,     n_total
      100000      115277
 ITERATION            6 :
   180818562030.52072      +\-   31964090.718101330     
 precision:   1.7677438842095232E-004
 max=   7293451613396307.0     
 min=   0.0000000000000000     
       n_pass,     n_total
      110000      126116
 max=   7293451613396307.0     
 min=   0.0000000000000000     
       n_pass,     n_total
      120000      136116
 ITERATION            7 :
   180792273926.01599      +\-   17998463.079281252     
 precision:   9.9553275637467793E-005
 max=   7293452540829972.0     
 min=   0.0000000000000000     
       n_pass,     n_total
      130000      148327
 ITERATION            8 :
   180783145890.96082      +\-   13218679.433413081     
 precision:   7.3118981132156612E-005
 max=   7293452540829972.0     
 min=   0.0000000000000000     
       n_pass,     n_total
      140000      159545
 max=   7293452540829972.0     
 min=   0.0000000000000000     
       n_pass,     n_total
      150000      169545
 ITERATION            9 :
   180773657730.01984      +\-   9840689.5966291800     
 precision:   5.4436524215967142E-005
 max=   7293452540829972.0     
 min=   0.0000000000000000     
       n_pass,     n_total
      160000      180694
 max=   7293452540829972.0     
 min=   0.0000000000000000     
       n_pass,     n_total
      170000      190694
 ITERATION           10 :
   180602839176.77206      +\-   30259370.703259252     
 precision:   1.6754648399320963E-004
 ====================NCALL=40K ===========================
  
 max=   7293455215096811.0     
 min=   0.0000000000000000     
       n_pass,     n_total
      180000      212165
 max=   7293455215096811.0     
 min=   0.0000000000000000     
       n_pass,     n_total
      190000      222165
 max=   7293455215096811.0     
 min=   0.0000000000000000     
       n_pass,     n_total
      200000      232165
   174782427049.77594      +\-   7796176.5961257769     
 precision:   4.4605036831909420E-005
 ====================NCALL=80K ===========================
  
 max=   7293470576247889.0     
 min=   0.0000000000000000     
       n_pass,     n_total
      210000      247903
 max=   7293470576247889.0     
 min=   0.0000000000000000     
       n_pass,     n_total
      220000      257903
 max=   7293470576247889.0     
 min=   0.0000000000000000     
       n_pass,     n_total
      230000      267903
 max=   7293470576247889.0     
 min=   0.0000000000000000     
       n_pass,     n_total
      240000      277903
 max=   7293470576247889.0     
 min=   0.0000000000000000     
       n_pass,     n_total
      250000      287903
 max=   7293470576247889.0     
 min=   0.0000000000000000     
       n_pass,     n_total
      260000      297903
 max=   7293470576247889.0     
 min=   0.0000000000000000     
       n_pass,     n_total
      270000      307903
   170022392252.26459      +\-   2058062.3967994947     
 precision:   1.2104654978303793E-005
 sigma (pb)                   sd (pb)
   170022392252.26459        2058062.3967994947     
