 =======================================================
 |                                                     |
 |         \/\/\/\/\/\___________/\/\/\/\/\/           |
 |                   |     \     |                     |
 |                   |     /     |                     |
 |                   |     \     |                     |
 |         /\/\/\/\/\|_____/_____|/\/\/\/\/\           |
 |                                                     |
 | Light-by-light scattering at next-to-leading order  |
 |                   (VERSION 0.5)                     |
 |                                                     |
 |    Authors:                                         |
 |            Ajjath A.H. (LPTHE Paris)                |
 |            Ekta Chaubey (Bonn)                      |
 |            Mathijs Fraaije (Bern)                   |
 |            Valentin Hirschi (Bern)                  |
 |            Hua-Sheng Shao (LPTHE Paris)             |
 |                                                     |
 |    Please cite                                      |
 |            PLB 851 (2024) 138555 [arXiv:2312.16956] |
 |            JHEP 03 (2024) 121    [arXiv:2312.16966] |
 |                                                     |
 =======================================================
 ---------------------------------------------------
         the cuts in the lab frame                  
 min transverse momentum of photon    0.0000000000000000     
 max (pseudo-)rapidity of photon    5.0000000000000000     
 min (pseudo-)rapidity of photon   -5.0000000000000000     
 min invariant mass of di-photon    0.0000000000000000     
 ---------------------------------------------------
 WARNING: outside the range of the grid (xs,xt)=  0.38454873578450643      -0.38454873193934175     
 WARNING: set the 2-loop amplitudes to zero
 WARNING: outside the range of the grid (xs,xt)=  0.38472182502914409      -0.38472182118224868     
 WARNING: set the 2-loop amplitudes to zero
 WARNING: outside the range of the grid (xs,xt)=  0.38452952767116805      -0.38452952382619532     
 WARNING: set the 2-loop amplitudes to zero
 WARNING: outside the range of the grid (xs,xt)=  0.38450976252772134      -0.38450975868294623     
 WARNING: set the 2-loop amplitudes to zero
 WARNING: outside the range of the grid (xs,xt)=  0.38451730287787661      -0.38451729903302612     
 WARNING: set the 2-loop amplitudes to zero
 INFO: will suppress the further warning
 max=   193.80987894861343     
 min=   0.0000000000000000     
       n_pass,     n_total
       10000       10000
  
 ====================NCALL=20K===========================
  
 ITERATION            1 :
   138.72286656176220      +\-   4.0771589976130755E-003
 precision:   2.9390677244964819E-005
 max=   193.81471874260311     
 min=   0.0000000000000000     
       n_pass,     n_total
       20000       20002
 max=   193.81471874260311     
 min=   0.0000000000000000     
       n_pass,     n_total
       30000       30002
 ITERATION            2 :
   138.71304178025534      +\-   7.8744811382578904E-003
 precision:   5.6768138288917246E-005
 max=   193.88675269010125     
 min=   0.0000000000000000     
       n_pass,     n_total
       40000       40012
 max=   193.88675269010125     
 min=   0.0000000000000000     
       n_pass,     n_total
       50000       50012
 ITERATION            3 :
   138.71619357038520      +\-   6.1301670332050782E-003
 precision:   4.4192151438286146E-005
 max=   194.03884549446644     
 min=   0.0000000000000000     
       n_pass,     n_total
       60000       60039
 max=   194.03884549446644     
 min=   0.0000000000000000     
       n_pass,     n_total
       70000       70039
 ITERATION            4 :
   138.70932885053438      +\-   4.2321160892654450E-003
 precision:   3.0510681035921838E-005
 max=   194.03884549446644     
 min=   0.0000000000000000     
       n_pass,     n_total
       80000       80074
 max=   194.03884549446644     
 min=   0.0000000000000000     
       n_pass,     n_total
       90000       90074
 ITERATION            5 :
   138.70812531446958      +\-   6.7718156273581234E-003
 precision:   4.8820612433522017E-005
 max=   194.03884549446644     
 min=   0.0000000000000000     
       n_pass,     n_total
      100000      100114
 max=   194.03884549446644     
 min=   0.0000000000000000     
       n_pass,     n_total
      110000      110114
 ITERATION            6 :
   138.69794917340772      +\-   6.7918217161351754E-003
 precision:   4.8968436495363538E-005
 max=   194.03884549446644     
 min=   0.0000000000000000     
       n_pass,     n_total
      120000      120142
 max=   194.03884549446644     
 min=   0.0000000000000000     
       n_pass,     n_total
      130000      130142
 ITERATION            7 :
   138.70560987066290      +\-   5.0592799355023222E-003
 precision:   3.6474948203031490E-005
 max=   194.03884549446644     
 min=   0.0000000000000000     
       n_pass,     n_total
      140000      140184
 max=   194.03884549446644     
 min=   0.0000000000000000     
       n_pass,     n_total
      150000      150184
 ITERATION            8 :
   138.69742898402518      +\-   4.4110249344580972E-003
 precision:   3.1803220627587468E-005
 max=   194.03884549446644     
 min=   0.0000000000000000     
       n_pass,     n_total
      160000      160249
 max=   194.03884549446644     
 min=   0.0000000000000000     
       n_pass,     n_total
      170000      170249
 ITERATION            9 :
   138.70482565634023      +\-   4.0418887938585054E-003
 precision:   2.9140217542775517E-005
 max=   194.04054553104402     
 min=   0.0000000000000000     
       n_pass,     n_total
      180000      180322
 max=   194.04054553104402     
 min=   0.0000000000000000     
       n_pass,     n_total
      190000      190322
 ITERATION           10 :
   138.70667273712530      +\-   4.0152659865245058E-003
 precision:   2.8947893473979975E-005
 ====================NCALL=40K ===========================
  
 max=   194.04055227087545     
 min=   0.0000000000000000     
       n_pass,     n_total
      200000      200486
 max=   194.04055227087545     
 min=   0.0000000000000000     
       n_pass,     n_total
      210000      210486
 max=   194.04055227087545     
 min=   0.0000000000000000     
       n_pass,     n_total
      220000      220486
 max=   194.04055227087545     
 min=   0.0000000000000000     
       n_pass,     n_total
      230000      230486
   138.70433163650392      +\-   2.0158511510541279E-003
 precision:   1.4533440500884836E-005
 ====================NCALL=80K ===========================
  
 max=   194.04055227087545     
 min=   0.0000000000000000     
       n_pass,     n_total
      240000      240850
 max=   194.04055227087545     
 min=   0.0000000000000000     
       n_pass,     n_total
      250000      250850
 max=   194.04055227087545     
 min=   0.0000000000000000     
       n_pass,     n_total
      260000      260850
 max=   194.04055227087545     
 min=   0.0000000000000000     
       n_pass,     n_total
      270000      270850
 max=   194.04055227087545     
 min=   0.0000000000000000     
       n_pass,     n_total
      280000      280850
 max=   194.04055227087545     
 min=   0.0000000000000000     
       n_pass,     n_total
      290000      290850
 max=   194.04055227087545     
 min=   0.0000000000000000     
       n_pass,     n_total
      300000      300850
 max=   194.04055227087545     
 min=   0.0000000000000000     
       n_pass,     n_total
      310000      310850
   138.70227285452097      +\-   9.6838058267313459E-004
 precision:   6.9817210831781293E-006
 sigma (pb)                   sd (pb)
   138.70227285452097        9.6838058267313459E-004
