 =======================================================
 |                                                     |
 |         \/\/\/\/\/\___________/\/\/\/\/\/           |
 |                   |     \     |                     |
 |                   |     /     |                     |
 |                   |     \     |                     |
 |         /\/\/\/\/\|_____/_____|/\/\/\/\/\           |
 |                                                     |
 | Light-by-light scattering at next-to-leading order  |
 |                   (VERSION 0.5)                     |
 |                                                     |
 |    Authors:                                         |
 |            Ajjath A.H. (LPTHE Paris)                |
 |            Ekta Chaubey (Bonn)                      |
 |            Mathijs Fraaije (Bern)                   |
 |            Valentin Hirschi (Bern)                  |
 |            Hua-Sheng Shao (LPTHE Paris)             |
 |                                                     |
 |    Please cite                                      |
 |            PLB 851 (2024) 138555 [arXiv:2312.16956] |
 |            JHEP 03 (2024) 121    [arXiv:2312.16966] |
 |                                                     |
 =======================================================
 ---------------------------------------------------
         the cuts in the lab frame                  
 min transverse momentum of photon    0.0000000000000000     
 max (pseudo-)rapidity of photon    5.0000000000000000     
 min (pseudo-)rapidity of photon   -5.0000000000000000     
 min invariant mass of di-photon    0.0000000000000000     
 ---------------------------------------------------
 max=   7.1418207045133194E-006
 min=   0.0000000000000000     
       n_pass,     n_total
       10000       10000
  
 ====================NCALL=20K===========================
  
 ITERATION            1 :
   1.8685310628947690E-006 +\-   1.9688771887636951E-009
 precision:   1.0537032152483821E-003
 max=   7.1432577848266822E-006
 min=   0.0000000000000000     
       n_pass,     n_total
       20000       20000
 max=   7.1432577848266822E-006
 min=   0.0000000000000000     
       n_pass,     n_total
       30000       30000
 ITERATION            2 :
   1.8682185311350918E-006 +\-   9.9043836176874632E-010
 precision:   5.3015123512717541E-004
 max=   7.1471061165483838E-006
 min=   0.0000000000000000     
       n_pass,     n_total
       40000       40002
 max=   7.1471061165483838E-006
 min=   0.0000000000000000     
       n_pass,     n_total
       50000       50002
 ITERATION            3 :
   1.8672035629646226E-006 +\-   7.7303904078189383E-010
 precision:   4.1400897905020782E-004
 max=   7.1471451488287891E-006
 min=   0.0000000000000000     
       n_pass,     n_total
       60000       60005
 max=   7.1471451488287891E-006
 min=   0.0000000000000000     
       n_pass,     n_total
       70000       70005
 ITERATION            4 :
   1.8679361717860055E-006 +\-   6.6572003093507111E-010
 precision:   3.5639335058143377E-004
 max=   7.1471451488287891E-006
 min=   0.0000000000000000     
       n_pass,     n_total
       80000       80013
 max=   7.1471451488287891E-006
 min=   0.0000000000000000     
       n_pass,     n_total
       90000       90013
 ITERATION            5 :
   1.8674688083557236E-006 +\-   5.9998860864037483E-010
 precision:   3.2128440697687220E-004
 max=   7.1471451488287891E-006
 min=   0.0000000000000000     
       n_pass,     n_total
      100000      100018
 max=   7.1471451488287891E-006
 min=   0.0000000000000000     
       n_pass,     n_total
      110000      110018
 ITERATION            6 :
   1.8674547947095678E-006 +\-   5.4732919351930353E-010
 precision:   2.9308832271060455E-004
 max=   7.1471622916951570E-006
 min=   0.0000000000000000     
       n_pass,     n_total
      120000      120022
 max=   7.1471622916951570E-006
 min=   0.0000000000000000     
       n_pass,     n_total
      130000      130022
 ITERATION            7 :
   1.8671541471229920E-006 +\-   4.6075979914190538E-010
 precision:   2.4677116233379442E-004
 max=   7.1471622916951570E-006
 min=   0.0000000000000000     
       n_pass,     n_total
      140000      140030
 max=   7.1471622916951570E-006
 min=   0.0000000000000000     
       n_pass,     n_total
      150000      150030
 ITERATION            8 :
   1.8665004662685273E-006 +\-   4.1184768961809224E-010
 precision:   2.2065233685231828E-004
 max=   7.1471622916951570E-006
 min=   0.0000000000000000     
       n_pass,     n_total
      160000      160034
 max=   7.1471622916951570E-006
 min=   0.0000000000000000     
       n_pass,     n_total
      170000      170034
 ITERATION            9 :
   1.8672803071613832E-006 +\-   4.9052269300751835E-010
 precision:   2.6269365725449382E-004
 max=   7.1471622916951570E-006
 min=   0.0000000000000000     
       n_pass,     n_total
      180000      180040
 max=   7.1471622916951570E-006
 min=   0.0000000000000000     
       n_pass,     n_total
      190000      190040
 ITERATION           10 :
   1.8678359208153992E-006 +\-   5.0841354549324354E-010
 precision:   2.7219390088145261E-004
 ====================NCALL=40K ===========================
  
 max=   7.1471622916951570E-006
 min=   0.0000000000000000     
       n_pass,     n_total
      200000      200048
 max=   7.1471622916951570E-006
 min=   0.0000000000000000     
       n_pass,     n_total
      210000      210048
 max=   7.1471622916951570E-006
 min=   0.0000000000000000     
       n_pass,     n_total
      220000      220048
 max=   7.1471622916951570E-006
 min=   0.0000000000000000     
       n_pass,     n_total
      230000      230048
   1.8670499135275626E-006 +\-   3.7470022044735805E-010
 precision:   2.0069105690881492E-004
 ====================NCALL=80K ===========================
  
 max=   7.1471622916951570E-006
 min=   0.0000000000000000     
       n_pass,     n_total
      240000      240055
 max=   7.1471622916951570E-006
 min=   0.0000000000000000     
       n_pass,     n_total
      250000      250055
 max=   7.1471622916951570E-006
 min=   0.0000000000000000     
       n_pass,     n_total
      260000      260055
 max=   7.1471622916951570E-006
 min=   0.0000000000000000     
       n_pass,     n_total
      270000      270055
 max=   7.1471622916951570E-006
 min=   0.0000000000000000     
       n_pass,     n_total
      280000      280055
 max=   7.1471622916951570E-006
 min=   0.0000000000000000     
       n_pass,     n_total
      290000      290055
 max=   7.1471622916951570E-006
 min=   0.0000000000000000     
       n_pass,     n_total
      300000      300055
 max=   7.1471622916951570E-006
 min=   0.0000000000000000     
       n_pass,     n_total
      310000      310055
   1.8667319103141109E-006 +\-   3.4942978852943768E-010
 precision:   1.8718798698343347E-004
 sigma (pb)                   sd (pb)
   1.8667319103141109E-006   3.4942978852943768E-010
