 =======================================================
 |                                                     |
 |         \/\/\/\/\/\___________/\/\/\/\/\/           |
 |                   |     \     |                     |
 |                   |     /     |                     |
 |                   |     \     |                     |
 |         /\/\/\/\/\|_____/_____|/\/\/\/\/\           |
 |                                                     |
 | Light-by-light scattering at next-to-leading order  |
 |                   (VERSION 0.5)                     |
 |                                                     |
 |    Authors:                                         |
 |            Ajjath A.H. (LPTHE Paris)                |
 |            Ekta Chaubey (Bonn)                      |
 |            Mathijs Fraaije (Bern)                   |
 |            Valentin Hirschi (Bern)                  |
 |            Hua-Sheng Shao (LPTHE Paris)             |
 |                                                     |
 |    Please cite                                      |
 |            PLB 851 (2024) 138555 [arXiv:2312.16956] |
 |            JHEP 03 (2024) 121    [arXiv:2312.16966] |
 |                                                     |
 =======================================================
 ---------------------------------------------------
         the cuts in the lab frame                  
 min transverse momentum of photon    0.0000000000000000     
 max (pseudo-)rapidity of photon    5.0000000000000000     
 min (pseudo-)rapidity of photon   -5.0000000000000000     
 min invariant mass of di-photon    0.0000000000000000     
 ---------------------------------------------------
 WARNING: outside the range of the grid (xs,xt)=  0.15158008984377952      -0.15158008832802877     
 WARNING: set the 2-loop amplitudes to zero
 WARNING: outside the range of the grid (xs,xt)=  0.15169643812737280      -0.15169643661045862     
 WARNING: set the 2-loop amplitudes to zero
 WARNING: outside the range of the grid (xs,xt)=  0.15176471821633508      -0.15176471669873814     
 WARNING: set the 2-loop amplitudes to zero
 WARNING: outside the range of the grid (xs,xt)=  0.15162864126314432      -0.15162863974690810     
 WARNING: set the 2-loop amplitudes to zero
 WARNING: outside the range of the grid (xs,xt)=  0.15153300978252329      -0.15153300826724331     
 WARNING: set the 2-loop amplitudes to zero
 INFO: will suppress the further warning
 max=   11.792582558521190     
 min=   0.0000000000000000     
       n_pass,     n_total
       10000       10000
  
 ====================NCALL=20K===========================
  
 ITERATION            1 :
   8.3643544253676918      +\-   2.5988483167184467E-004
 precision:   3.1070518829720715E-005
 max=   11.816676172191125     
 min=   0.0000000000000000     
       n_pass,     n_total
       20000       20002
 max=   11.816676172191125     
 min=   0.0000000000000000     
       n_pass,     n_total
       30000       30002
 ITERATION            2 :
   8.3637520266805119      +\-   4.7432881110824870E-004
 precision:   5.6712443123030391E-005
 max=   11.835285890553724     
 min=   0.0000000000000000     
       n_pass,     n_total
       40000       40012
 max=   11.835285890553724     
 min=   0.0000000000000000     
       n_pass,     n_total
       50000       50012
 ITERATION            3 :
   8.3638737719455314      +\-   4.1413011710355441E-004
 precision:   4.9514151982141052E-005
 max=   11.843211644427438     
 min=   0.0000000000000000     
       n_pass,     n_total
       60000       60038
 max=   11.843211644427438     
 min=   0.0000000000000000     
       n_pass,     n_total
       70000       70038
 ITERATION            4 :
   8.3633459966355499      +\-   4.1438869067776554E-004
 precision:   4.9548194089359446E-005
 max=   11.843211644427438     
 min=   0.0000000000000000     
       n_pass,     n_total
       80000       80064
 max=   11.843211644427438     
 min=   0.0000000000000000     
       n_pass,     n_total
       90000       90064
 ITERATION            5 :
   8.3633442066887902      +\-   3.3832767961756213E-004
 precision:   4.0453635681642308E-005
 max=   11.843917980682916     
 min=   0.0000000000000000     
       n_pass,     n_total
      100000      100096
 max=   11.843917980682916     
 min=   0.0000000000000000     
       n_pass,     n_total
      110000      110096
 ITERATION            6 :
   8.3631700320237155      +\-   2.8920873044278709E-004
 precision:   3.4581232874061810E-005
 max=   11.843917980682916     
 min=   0.0000000000000000     
       n_pass,     n_total
      120000      120128
 max=   11.843917980682916     
 min=   0.0000000000000000     
       n_pass,     n_total
      130000      130128
 ITERATION            7 :
   8.3635707150793035      +\-   2.7151057993546871E-004
 precision:   3.2463476329068647E-005
 max=   11.843917980682916     
 min=   0.0000000000000000     
       n_pass,     n_total
      140000      140176
 max=   11.843917980682916     
 min=   0.0000000000000000     
       n_pass,     n_total
      150000      150176
 ITERATION            8 :
   8.3626954541820790      +\-   2.7122354865568698E-004
 precision:   3.2432551220079581E-005
 max=   11.843917980682916     
 min=   0.0000000000000000     
       n_pass,     n_total
      160000      160241
 max=   11.843917980682916     
 min=   0.0000000000000000     
       n_pass,     n_total
      170000      170241
 ITERATION            9 :
   8.3633179694320621      +\-   2.5871846684777584E-004
 precision:   3.0934907388836844E-005
 max=   11.844002366926306     
 min=   0.0000000000000000     
       n_pass,     n_total
      180000      180308
 max=   11.844002366926306     
 min=   0.0000000000000000     
       n_pass,     n_total
      190000      190308
 ITERATION           10 :
   8.3634754396235493      +\-   2.5851287588479001E-004
 precision:   3.0909742935339569E-005
 ====================NCALL=40K ===========================
  
 max=   11.844002366926306     
 min=   0.0000000000000000     
       n_pass,     n_total
      200000      200451
 max=   11.844002366926306     
 min=   0.0000000000000000     
       n_pass,     n_total
      210000      210451
 max=   11.844002366926306     
 min=   0.0000000000000000     
       n_pass,     n_total
      220000      220451
 max=   11.844002366926306     
 min=   0.0000000000000000     
       n_pass,     n_total
      230000      230451
   8.3633217838479599      +\-   1.2929367728567822E-004
 precision:   1.5459608111143400E-005
 ====================NCALL=80K ===========================
  
 max=   11.844002366926306     
 min=   0.0000000000000000     
       n_pass,     n_total
      240000      240811
 max=   11.844002366926306     
 min=   0.0000000000000000     
       n_pass,     n_total
      250000      250811
 max=   11.844002366926306     
 min=   0.0000000000000000     
       n_pass,     n_total
      260000      260811
 max=   11.844002366926306     
 min=   0.0000000000000000     
       n_pass,     n_total
      270000      270811
 max=   11.844002366926306     
 min=   0.0000000000000000     
       n_pass,     n_total
      280000      280811
 max=   11.844002366926306     
 min=   0.0000000000000000     
       n_pass,     n_total
      290000      290811
 max=   11.844002366926306     
 min=   0.0000000000000000     
       n_pass,     n_total
      300000      300811
 max=   11.844002366926306     
 min=   0.0000000000000000     
       n_pass,     n_total
      310000      310811
   8.3631617189222496      +\-   6.2716638168057855E-005
 precision:   7.4991540610959360E-006
 sigma (pb)                   sd (pb)
   8.3631617189222496        6.2716638168057855E-005
