 =======================================================
 |                                                     |
 |         \/\/\/\/\/\___________/\/\/\/\/\/           |
 |                   |     \     |                     |
 |                   |     /     |                     |
 |                   |     \     |                     |
 |         /\/\/\/\/\|_____/_____|/\/\/\/\/\           |
 |                                                     |
 | Light-by-light scattering at next-to-leading order  |
 |                   (VERSION 0.5)                     |
 |                                                     |
 |    Authors:                                         |
 |            Ajjath A.H. (LPTHE Paris)                |
 |            Ekta Chaubey (Bonn)                      |
 |            Mathijs Fraaije (Bern)                   |
 |            Valentin Hirschi (Bern)                  |
 |            Hua-Sheng Shao (LPTHE Paris)             |
 |                                                     |
 |    Please cite                                      |
 |            PLB 851 (2024) 138555 [arXiv:2312.16956] |
 |            JHEP 03 (2024) 121    [arXiv:2312.16966] |
 |                                                     |
 =======================================================
 ---------------------------------------------------
         the cuts in the lab frame                  
 min transverse momentum of photon    0.0000000000000000     
 max (pseudo-)rapidity of photon    5.0000000000000000     
 min (pseudo-)rapidity of photon   -5.0000000000000000     
 min invariant mass of di-photon    0.0000000000000000     
 ---------------------------------------------------
 max=   70696.526585333922     
 min=   0.0000000000000000     
       n_pass,     n_total
       10000       10000
  
 ====================NCALL=20K===========================
  
 ITERATION            1 :
   1020.6638779958004      +\-   8.6758453554801047     
 precision:   8.5001982949726787E-003
 WARNING: outside the range of the grid (xs,xt)=  0.20913557585208284      -0.20912559744856493     
 WARNING: set the 2-loop amplitudes to zero
 WARNING: outside the range of the grid (xs,xt)=  0.20302975778546709      -0.20302007070644634     
 WARNING: set the 2-loop amplitudes to zero
 WARNING: outside the range of the grid (xs,xt)=   9.7751936693044578E-002  -9.7747272693316137E-002
 WARNING: set the 2-loop amplitudes to zero
 WARNING: outside the range of the grid (xs,xt)=   1.0431217777777778E-002  -1.0430720077184534E-002
 WARNING: set the 2-loop amplitudes to zero
 WARNING: outside the range of the grid (xs,xt)=   89882.621466676384       -89878.332932491860     
 WARNING: set the 2-loop amplitudes to zero
 INFO: will suppress the further warning
 max=   77550.889184335567     
 min=   0.0000000000000000     
       n_pass,     n_total
       20000       20009
 max=   77550.889184335567     
 min=   0.0000000000000000     
       n_pass,     n_total
       30000       30009
 ITERATION            2 :
   1010.4917279148727      +\-   2.2059518089145196     
 precision:   2.1830478646930164E-003
 max=   79076.832837549839     
 min=   0.0000000000000000     
       n_pass,     n_total
       40000       40044
 max=   79076.832837549839     
 min=   0.0000000000000000     
       n_pass,     n_total
       50000       50044
 ITERATION            3 :
   1010.3437915681973      +\-  0.74118975478832028     
 precision:   7.3360153343238579E-004
 max=   79490.604012103067     
 min=   0.0000000000000000     
       n_pass,     n_total
       60000       60180
 max=   79490.604012103067     
 min=   0.0000000000000000     
       n_pass,     n_total
       70000       70180
 ITERATION            4 :
   1010.6900334467637      +\-  0.45934733657320737     
 precision:   4.5448883571819914E-004
 max=   79526.108748613755     
 min=   0.0000000000000000     
       n_pass,     n_total
       80000       80502
 max=   79526.108748613755     
 min=   0.0000000000000000     
       n_pass,     n_total
       90000       90502
 ITERATION            5 :
   1010.3772670730765      +\-  0.31081837007858498     
 precision:   3.0762605237445902E-004
 max=   79593.978917084009     
 min=   0.0000000000000000     
       n_pass,     n_total
      100000      100972
 max=   79593.978917084009     
 min=   0.0000000000000000     
       n_pass,     n_total
      110000      110972
 ITERATION            6 :
   1010.4291991377133      +\-  0.26749027652823010     
 precision:   2.6472936130161586E-004
 max=   79611.641689568380     
 min=   0.0000000000000000     
       n_pass,     n_total
      120000      121490
 max=   79611.641689568380     
 min=   0.0000000000000000     
       n_pass,     n_total
      130000      131490
 ITERATION            7 :
   1010.7409679478797      +\-  0.27049989323843171     
 precision:   2.6762533806028572E-004
 max=   79611.641689568380     
 min=   0.0000000000000000     
       n_pass,     n_total
      140000      142151
 max=   79611.641689568380     
 min=   0.0000000000000000     
       n_pass,     n_total
      150000      152151
 ITERATION            8 :
   1009.9953892632058      +\-  0.25755578719663985     
 precision:   2.5500689402604846E-004
 max=   79611.641689568380     
 min=   0.0000000000000000     
       n_pass,     n_total
      160000      162885
 max=   79611.641689568380     
 min=   0.0000000000000000     
       n_pass,     n_total
      170000      172885
 ITERATION            9 :
   1010.6308448556932      +\-  0.24878424590028897     
 precision:   2.4616727974081633E-004
 max=   79611.641689568380     
 min=   0.0000000000000000     
       n_pass,     n_total
      180000      183443
 max=   79611.641689568380     
 min=   0.0000000000000000     
       n_pass,     n_total
      190000      193443
 ITERATION           10 :
   1010.7189212818796      +\-  0.25993225124090930     
 precision:   2.5717560616283027E-004
 ====================NCALL=40K ===========================
  
 max=   79611.641689568380     
 min=   0.0000000000000000     
       n_pass,     n_total
      200000      204538
 max=   79611.641689568380     
 min=   0.0000000000000000     
       n_pass,     n_total
      210000      214538
 max=   79611.641689568380     
 min=   0.0000000000000000     
       n_pass,     n_total
      220000      224538
 max=   79611.641689568380     
 min=   0.0000000000000000     
       n_pass,     n_total
      230000      234538
   1010.6284043772675      +\-  0.12347175037062594     
 precision:   1.2217324373215810E-004
 ====================NCALL=80K ===========================
  
 max=   79611.641689568380     
 min=   0.0000000000000000     
       n_pass,     n_total
      240000      247066
 max=   79611.641689568380     
 min=   0.0000000000000000     
       n_pass,     n_total
      250000      257066
 max=   79611.641689568380     
 min=   0.0000000000000000     
       n_pass,     n_total
      260000      267066
 max=   79611.641689568380     
 min=   0.0000000000000000     
       n_pass,     n_total
      270000      277066
 max=   79611.641689568380     
 min=   0.0000000000000000     
       n_pass,     n_total
      280000      287066
 max=   79611.641689568380     
 min=   0.0000000000000000     
       n_pass,     n_total
      290000      297066
 max=   79611.641689568380     
 min=   0.0000000000000000     
       n_pass,     n_total
      300000      307066
   1010.4977835486649      +\-   6.3656661708394860E-002
 precision:   6.2995350157865244E-005
 sigma (pb)                   sd (pb)
   1010.4977835486649        6.3656661708394860E-002
