 =======================================================
 |                                                     |
 |         \/\/\/\/\/\___________/\/\/\/\/\/           |
 |                   |     \     |                     |
 |                   |     /     |                     |
 |                   |     \     |                     |
 |         /\/\/\/\/\|_____/_____|/\/\/\/\/\           |
 |                                                     |
 | Light-by-light scattering at next-to-leading order  |
 |                   (VERSION 0.5)                     |
 |                                                     |
 |    Authors:                                         |
 |            Ajjath A.H. (LPTHE Paris)                |
 |            Ekta Chaubey (Bonn)                      |
 |            Mathijs Fraaije (Bern)                   |
 |            Valentin Hirschi (Bern)                  |
 |            Hua-Sheng Shao (LPTHE Paris)             |
 |                                                     |
 |    Please cite                                      |
 |            PLB 851 (2024) 138555 [arXiv:2312.16956] |
 |            JHEP 03 (2024) 121    [arXiv:2312.16966] |
 |                                                     |
 =======================================================
 ---------------------------------------------------
         the cuts in the lab frame                  
 min transverse momentum of photon    0.0000000000000000     
 max (pseudo-)rapidity of photon    5.0000000000000000     
 min (pseudo-)rapidity of photon   -5.0000000000000000     
 min invariant mass of di-photon    0.0000000000000000     
 ---------------------------------------------------
 max=   1.9808508831203153E-006
 min=   0.0000000000000000     
       n_pass,     n_total
       10000       10000
  
 ====================NCALL=20K===========================
  
 ITERATION            1 :
   6.8187063541490763E-007 +\-   4.7145203823550810E-010
 precision:   6.9140979791370086E-004
 max=   1.9808508831203153E-006
 min=   0.0000000000000000     
       n_pass,     n_total
       20000       20001
 max=   1.9808508831203153E-006
 min=   0.0000000000000000     
       n_pass,     n_total
       30000       30001
 ITERATION            2 :
   6.8116132505118634E-007 +\-   4.1044781637238233E-010
 precision:   6.0257064116424840E-004
 max=   1.9808669671577994E-006
 min=   0.0000000000000000     
       n_pass,     n_total
       40000       40001
 max=   1.9808669671577994E-006
 min=   0.0000000000000000     
       n_pass,     n_total
       50000       50001
 ITERATION            3 :
   6.8167073464179412E-007 +\-   3.8044529451523814E-010
 precision:   5.5810712589143992E-004
 max=   1.9808669671577994E-006
 min=   0.0000000000000000     
       n_pass,     n_total
       60000       60001
 max=   1.9808669671577994E-006
 min=   0.0000000000000000     
       n_pass,     n_total
       70000       70001
 ITERATION            4 :
   6.8137072420480531E-007 +\-   2.9457003569557018E-010
 precision:   4.3231977135405774E-004
 max=   1.9808669671577994E-006
 min=   0.0000000000000000     
       n_pass,     n_total
       80000       80002
 max=   1.9808669671577994E-006
 min=   0.0000000000000000     
       n_pass,     n_total
       90000       90002
 ITERATION            5 :
   6.8181112989822741E-007 +\-   4.0151143831074969E-010
 precision:   5.8888953363181755E-004
 max=   1.9808669671577994E-006
 min=   0.0000000000000000     
       n_pass,     n_total
      100000      100003
 max=   1.9808669671577994E-006
 min=   0.0000000000000000     
       n_pass,     n_total
      110000      110003
 ITERATION            6 :
   6.8102292637409831E-007 +\-   4.0591275374243113E-010
 precision:   5.9603390432623384E-004
 max=   1.9808669671577994E-006
 min=   0.0000000000000000     
       n_pass,     n_total
      120000      120006
 max=   1.9808669671577994E-006
 min=   0.0000000000000000     
       n_pass,     n_total
      130000      130006
 ITERATION            7 :
   6.8160036966796693E-007 +\-   3.8756827073904481E-010
 precision:   5.6861511229497103E-004
 max=   1.9808669671577994E-006
 min=   0.0000000000000000     
       n_pass,     n_total
      140000      140008
 max=   1.9808669671577994E-006
 min=   0.0000000000000000     
       n_pass,     n_total
      150000      150008
 ITERATION            8 :
   6.8101783633218179E-007 +\-   4.2826555002259572E-010
 precision:   6.2886098891204304E-004
 max=   1.9808669671577994E-006
 min=   0.0000000000000000     
       n_pass,     n_total
      160000      160012
 max=   1.9808669671577994E-006
 min=   0.0000000000000000     
       n_pass,     n_total
      170000      170012
 ITERATION            9 :
   6.8081042957483069E-007 +\-   3.9981354211815983E-010
 precision:   5.8726118865106878E-004
 max=   1.9808669671577994E-006
 min=   0.0000000000000000     
       n_pass,     n_total
      180000      180015
 max=   1.9808669671577994E-006
 min=   0.0000000000000000     
       n_pass,     n_total
      190000      190015
 ITERATION           10 :
   6.8153696891431438E-007 +\-   4.0264734682905191E-010
 precision:   5.9079311203098415E-004
 ====================NCALL=40K ===========================
  
 max=   1.9808669671577994E-006
 min=   0.0000000000000000     
       n_pass,     n_total
      200000      200018
 max=   1.9808669671577994E-006
 min=   0.0000000000000000     
       n_pass,     n_total
      210000      210018
 max=   1.9808669671577994E-006
 min=   0.0000000000000000     
       n_pass,     n_total
      220000      220018
 max=   1.9808669671577994E-006
 min=   0.0000000000000000     
       n_pass,     n_total
      230000      230018
   6.8131175696660077E-007 +\-   2.1260209347576550E-010
 precision:   3.1204817956222012E-004
 ====================NCALL=80K ===========================
  
 max=   1.9809497900116754E-006
 min=   0.0000000000000000     
       n_pass,     n_total
      240000      240023
 max=   1.9809497900116754E-006
 min=   0.0000000000000000     
       n_pass,     n_total
      250000      250023
 max=   1.9809497900116754E-006
 min=   0.0000000000000000     
       n_pass,     n_total
      260000      260023
 max=   1.9809497900116754E-006
 min=   0.0000000000000000     
       n_pass,     n_total
      270000      270023
 max=   1.9809497900116754E-006
 min=   0.0000000000000000     
       n_pass,     n_total
      280000      280023
 max=   1.9809497900116754E-006
 min=   0.0000000000000000     
       n_pass,     n_total
      290000      290023
 max=   1.9809497900116754E-006
 min=   0.0000000000000000     
       n_pass,     n_total
      300000      300023
 max=   1.9809497900116754E-006
 min=   0.0000000000000000     
       n_pass,     n_total
      310000      310023
   6.8121575653005587E-007 +\-   1.1236414869372648E-010
 precision:   1.6494649105898781E-004
 sigma (pb)                   sd (pb)
   6.8121575653005587E-007   1.1236414869372648E-010
