 =======================================================
 |                                                     |
 |         \/\/\/\/\/\___________/\/\/\/\/\/           |
 |                   |     \     |                     |
 |                   |     /     |                     |
 |                   |     \     |                     |
 |         /\/\/\/\/\|_____/_____|/\/\/\/\/\           |
 |                                                     |
 | Light-by-light scattering at next-to-leading order  |
 |                   (VERSION 0.5)                     |
 |                                                     |
 |    Authors:                                         |
 |            Ajjath A.H. (LPTHE Paris)                |
 |            Ekta Chaubey (Bonn)                      |
 |            Mathijs Fraaije (Bern)                   |
 |            Valentin Hirschi (Bern)                  |
 |            Hua-Sheng Shao (LPTHE Paris)             |
 |                                                     |
 |    Please cite                                      |
 |            PLB 851 (2024) 138555 [arXiv:2312.16956] |
 |            JHEP 03 (2024) 121    [arXiv:2312.16966] |
 |                                                     |
 =======================================================
 ---------------------------------------------------
         the cuts in the lab frame                  
 min transverse momentum of photon    0.0000000000000000     
 max (pseudo-)rapidity of photon    5.0000000000000000     
 min (pseudo-)rapidity of photon   -5.0000000000000000     
 min invariant mass of di-photon    0.0000000000000000     
 ---------------------------------------------------
 WARNING: outside the range of the grid (xs,xt)=   4.8475415076212836E-002  -4.8475414591463817E-002
 WARNING: set the 2-loop amplitudes to zero
 WARNING: outside the range of the grid (xs,xt)=   4.8344539820086671E-002  -4.8344539336646383E-002
 WARNING: set the 2-loop amplitudes to zero
 WARNING: outside the range of the grid (xs,xt)=   4.8567692722028932E-002  -4.8567692236357159E-002
 WARNING: set the 2-loop amplitudes to zero
 WARNING: outside the range of the grid (xs,xt)=   4.8509085166822487E-002  -4.8509084681736772E-002
 WARNING: set the 2-loop amplitudes to zero
 WARNING: outside the range of the grid (xs,xt)=   4.8604971811202970E-002  -4.8604971325158418E-002
 WARNING: set the 2-loop amplitudes to zero
 INFO: will suppress the further warning
 max=  0.38346577289219341     
 min=   0.0000000000000000     
       n_pass,     n_total
       10000       10000
  
 ====================NCALL=20K===========================
  
 ITERATION            1 :
  0.27313720753194581      +\-   1.2521550267201375E-005
 precision:   4.5843443961170576E-005
 max=  0.38834293215991766     
 min=   0.0000000000000000     
       n_pass,     n_total
       20000       20002
 max=  0.38834293215991766     
 min=   0.0000000000000000     
       n_pass,     n_total
       30000       30002
 ITERATION            2 :
  0.27313605097515270      +\-   1.7462710089438367E-005
 precision:   6.3934109126542792E-005
 max=  0.38919744598842598     
 min=   0.0000000000000000     
       n_pass,     n_total
       40000       40011
 max=  0.38919744598842598     
 min=   0.0000000000000000     
       n_pass,     n_total
       50000       50011
 ITERATION            3 :
  0.27312399944216792      +\-   1.4553581082673875E-005
 precision:   5.3285617933240224E-005
 max=  0.38920793872354398     
 min=   0.0000000000000000     
       n_pass,     n_total
       60000       60034
 max=  0.38920793872354398     
 min=   0.0000000000000000     
       n_pass,     n_total
       70000       70034
 ITERATION            4 :
  0.27311523517413755      +\-   1.1932028544942237E-005
 precision:   4.3688622999498384E-005
 max=  0.38920793872354398     
 min=   0.0000000000000000     
       n_pass,     n_total
       80000       80064
 max=  0.38920793872354398     
 min=   0.0000000000000000     
       n_pass,     n_total
       90000       90064
 ITERATION            5 :
  0.27311993596966661      +\-   1.0387766688533975E-005
 precision:   3.8033718233178213E-005
 max=  0.38923639423255357     
 min=   0.0000000000000000     
       n_pass,     n_total
      100000      100101
 max=  0.38923639423255357     
 min=   0.0000000000000000     
       n_pass,     n_total
      110000      110101
 ITERATION            6 :
  0.27310928013381025      +\-   9.7010135334471011E-006
 precision:   3.5520629429706956E-005
 max=  0.38923639423255357     
 min=   0.0000000000000000     
       n_pass,     n_total
      120000      120141
 max=  0.38923639423255357     
 min=   0.0000000000000000     
       n_pass,     n_total
      130000      130141
 ITERATION            7 :
  0.27312609057238918      +\-   9.7316876040231603E-006
 precision:   3.5630750557841270E-005
 max=  0.38923639423255357     
 min=   0.0000000000000000     
       n_pass,     n_total
      140000      140187
 max=  0.38923639423255357     
 min=   0.0000000000000000     
       n_pass,     n_total
      150000      150187
 ITERATION            8 :
  0.27310903345865034      +\-   9.7573928251608004E-006
 precision:   3.5727096616297399E-005
 max=  0.38923639423255357     
 min=   0.0000000000000000     
       n_pass,     n_total
      160000      160246
 max=  0.38923639423255357     
 min=   0.0000000000000000     
       n_pass,     n_total
      170000      170246
 ITERATION            9 :
  0.27311820768179274      +\-   9.7689815422827957E-006
 precision:   3.5768327660031134E-005
 max=  0.38923639423255357     
 min=   0.0000000000000000     
       n_pass,     n_total
      180000      180306
 max=  0.38923639423255357     
 min=   0.0000000000000000     
       n_pass,     n_total
      190000      190306
 ITERATION           10 :
  0.27312934089938951      +\-   9.7771199676561855E-006
 precision:   3.5796666646875209E-005
 ====================NCALL=40K ===========================
  
 max=  0.38923639423255357     
 min=   0.0000000000000000     
       n_pass,     n_total
      200000      200421
 max=  0.38923639423255357     
 min=   0.0000000000000000     
       n_pass,     n_total
      210000      210421
 max=  0.38923639423255357     
 min=   0.0000000000000000     
       n_pass,     n_total
      220000      220421
 max=  0.38923639423255357     
 min=   0.0000000000000000     
       n_pass,     n_total
      230000      230421
  0.27312311936866096      +\-   4.9846573155491155E-006
 precision:   1.8250587233594227E-005
 ====================NCALL=80K ===========================
  
 max=  0.38923639423255357     
 min=   0.0000000000000000     
       n_pass,     n_total
      240000      240708
 max=  0.38923639423255357     
 min=   0.0000000000000000     
       n_pass,     n_total
      250000      250708
 max=  0.38923639423255357     
 min=   0.0000000000000000     
       n_pass,     n_total
      260000      260708
 max=  0.38923639423255357     
 min=   0.0000000000000000     
       n_pass,     n_total
      270000      270708
 max=  0.38923639423255357     
 min=   0.0000000000000000     
       n_pass,     n_total
      280000      280708
 max=  0.38923639423255357     
 min=   0.0000000000000000     
       n_pass,     n_total
      290000      290708
 max=  0.38923639423255357     
 min=   0.0000000000000000     
       n_pass,     n_total
      300000      300708
 max=  0.38923639423255357     
 min=   0.0000000000000000     
       n_pass,     n_total
      310000      310708
  0.27311452677447168      +\-   2.4929988624474041E-006
 precision:   9.1280346449899185E-006
 sigma (pb)                   sd (pb)
  0.27311452677447168        2.4929988624474041E-006
