 =======================================================
 |                                                     |
 |         \/\/\/\/\/\___________/\/\/\/\/\/           |
 |                   |     \     |                     |
 |                   |     /     |                     |
 |                   |     \     |                     |
 |         /\/\/\/\/\|_____/_____|/\/\/\/\/\           |
 |                                                     |
 | Light-by-light scattering at next-to-leading order  |
 |                   (VERSION 0.5)                     |
 |                                                     |
 |    Authors:                                         |
 |            Ajjath A.H. (LPTHE Paris)                |
 |            Ekta Chaubey (Bonn)                      |
 |            Mathijs Fraaije (Bern)                   |
 |            Valentin Hirschi (Bern)                  |
 |            Hua-Sheng Shao (LPTHE Paris)             |
 |                                                     |
 |    Please cite                                      |
 |            PLB 851 (2024) 138555 [arXiv:2312.16956] |
 |            JHEP 03 (2024) 121    [arXiv:2312.16966] |
 |                                                     |
 =======================================================
 ---------------------------------------------------
         the cuts in the lab frame                  
 min transverse momentum of photon    0.0000000000000000     
 max (pseudo-)rapidity of photon    5.0000000000000000     
 min (pseudo-)rapidity of photon   -5.0000000000000000     
 min invariant mass of di-photon    0.0000000000000000     
 ---------------------------------------------------
 max=   308199.18854710914     
 min=   0.0000000000000000     
       n_pass,     n_total
       10000       10000
  
 ====================NCALL=20K===========================
  
 ITERATION            1 :
   6382.1622126666334      +\-   46.299324420479699     
 precision:   7.2544888201979182E-003
 WARNING: outside the range of the grid (xs,xt)=   3.4584896413455107E-002  -3.4583257198130248E-002
 WARNING: set the 2-loop amplitudes to zero
 WARNING: outside the range of the grid (xs,xt)=   3.3575173010380620E-002  -3.3573581652769607E-002
 WARNING: set the 2-loop amplitudes to zero
 WARNING: outside the range of the grid (xs,xt)=   1.6165306122448982E-002  -1.6164539937776626E-002
 WARNING: set the 2-loop amplitudes to zero
 WARNING: outside the range of the grid (xs,xt)=   14863.951960968290       -14863.247456390593     
 WARNING: set the 2-loop amplitudes to zero
 WARNING: outside the range of the grid (xs,xt)=  0.30182136869379667      -0.30180706331011070     
 WARNING: set the 2-loop amplitudes to zero
 INFO: will suppress the further warning
 max=   321263.90117367957     
 min=   0.0000000000000000     
       n_pass,     n_total
       20000       20007
 max=   321263.90117367957     
 min=   0.0000000000000000     
       n_pass,     n_total
       30000       30007
 ITERATION            2 :
   6320.7722421449525      +\-   9.4484578518251325     
 precision:   1.4948265006015785E-003
 max=   321642.64067374787     
 min=   0.0000000000000000     
       n_pass,     n_total
       40000       40040
 max=   321642.64067374787     
 min=   0.0000000000000000     
       n_pass,     n_total
       50000       50040
 ITERATION            3 :
   6313.2487257807225      +\-   3.6649000190071401     
 precision:   5.8050936660252101E-004
 max=   321642.64067374787     
 min=   0.0000000000000000     
       n_pass,     n_total
       60000       60159
 max=   321642.64067374787     
 min=   0.0000000000000000     
       n_pass,     n_total
       70000       70159
 ITERATION            4 :
   6315.1638036680051      +\-   2.3421719336907385     
 precision:   3.7088063057530614E-004
 max=   322177.00050731620     
 min=   0.0000000000000000     
       n_pass,     n_total
       80000       80420
 max=   322177.00050731620     
 min=   0.0000000000000000     
       n_pass,     n_total
       90000       90420
 ITERATION            5 :
   6313.4985802110350      +\-   1.7021687339893472     
 precision:   2.6960784299922191E-004
 max=   322177.00050731620     
 min=   0.0000000000000000     
       n_pass,     n_total
      100000      100757
 max=   322177.00050731620     
 min=   0.0000000000000000     
       n_pass,     n_total
      110000      110757
 ITERATION            6 :
   6313.5995575121160      +\-   1.6501534224094803     
 precision:   2.6136491669733418E-004
 max=   322177.00050731620     
 min=   0.0000000000000000     
       n_pass,     n_total
      120000      121096
 max=   322177.00050731620     
 min=   0.0000000000000000     
       n_pass,     n_total
      130000      131096
 ITERATION            7 :
   6315.9053340901546      +\-   1.5311553420916875     
 precision:   2.4242848191964865E-004
 max=   322177.00050731620     
 min=   0.0000000000000000     
       n_pass,     n_total
      140000      141435
 max=   322177.00050731620     
 min=   0.0000000000000000     
       n_pass,     n_total
      150000      151435
 ITERATION            8 :
   6313.0259330996169      +\-   1.7659075361565448     
 precision:   2.7972442294237597E-004
 max=   322177.00050731620     
 min=   0.0000000000000000     
       n_pass,     n_total
      160000      161941
 max=   322177.00050731620     
 min=   0.0000000000000000     
       n_pass,     n_total
      170000      171941
 ITERATION            9 :
   6314.5485670981834      +\-   1.5639219023489055     
 precision:   2.4766962922697061E-004
 max=   322177.00050731620     
 min=   0.0000000000000000     
       n_pass,     n_total
      180000      182383
 max=   322177.00050731620     
 min=   0.0000000000000000     
       n_pass,     n_total
      190000      192383
 ITERATION           10 :
   6317.3338858073785      +\-   1.4856104651432844     
 precision:   2.3516415183957273E-004
 ====================NCALL=40K ===========================
  
 max=   322177.00050731620     
 min=   0.0000000000000000     
       n_pass,     n_total
      200000      202932
 max=   322177.00050731620     
 min=   0.0000000000000000     
       n_pass,     n_total
      210000      212932
 max=   322177.00050731620     
 min=   0.0000000000000000     
       n_pass,     n_total
      220000      222932
 max=   322177.00050731620     
 min=   0.0000000000000000     
       n_pass,     n_total
      230000      232932
   6315.4047542621784      +\-  0.77959190805398415     
 precision:   1.2344290483168929E-004
 ====================NCALL=80K ===========================
  
 max=   322178.75342432223     
 min=   0.0000000000000000     
       n_pass,     n_total
      240000      244762
 max=   322178.75342432223     
 min=   0.0000000000000000     
       n_pass,     n_total
      250000      254762
 max=   322178.75342432223     
 min=   0.0000000000000000     
       n_pass,     n_total
      260000      264762
 max=   322178.75342432223     
 min=   0.0000000000000000     
       n_pass,     n_total
      270000      274762
 max=   322178.75342432223     
 min=   0.0000000000000000     
       n_pass,     n_total
      280000      284762
 max=   322178.75342432223     
 min=   0.0000000000000000     
       n_pass,     n_total
      290000      294762
 max=   322178.75342432223     
 min=   0.0000000000000000     
       n_pass,     n_total
      300000      304762
   6314.4282407010414      +\-  0.37827888689864125     
 precision:   5.9907068776292550E-005
 sigma (pb)                   sd (pb)
   6314.4282407010414       0.37827888689864125     
