 =======================================================
 |                                                     |
 |         \/\/\/\/\/\___________/\/\/\/\/\/           |
 |                   |     \     |                     |
 |                   |     /     |                     |
 |                   |     \     |                     |
 |         /\/\/\/\/\|_____/_____|/\/\/\/\/\           |
 |                                                     |
 | Light-by-light scattering at next-to-leading order  |
 |                   (VERSION 0.5)                     |
 |                                                     |
 |    Authors:                                         |
 |            Ajjath A.H. (LPTHE Paris)                |
 |            Ekta Chaubey (Bonn)                      |
 |            Mathijs Fraaije (Bern)                   |
 |            Valentin Hirschi (Bern)                  |
 |            Hua-Sheng Shao (LPTHE Paris)             |
 |                                                     |
 |    Please cite                                      |
 |            PLB 851 (2024) 138555 [arXiv:2312.16956] |
 |            JHEP 03 (2024) 121    [arXiv:2312.16966] |
 |                                                     |
 =======================================================
 ---------------------------------------------------
         the cuts in the lab frame                  
 min transverse momentum of photon    0.0000000000000000     
 max (pseudo-)rapidity of photon    5.0000000000000000     
 min (pseudo-)rapidity of photon   -5.0000000000000000     
 min invariant mass of di-photon    0.0000000000000000     
 ---------------------------------------------------
 max=   924.15885051492080     
 min=   0.0000000000000000     
       n_pass,     n_total
       10000       10000
  
 ====================NCALL=20K===========================
  
 ITERATION            1 :
   39.876785258164830      +\-  0.10823489975390600     
 precision:   2.7142333328322838E-003
 max=   1034.4154243009743     
 min=   0.0000000000000000     
       n_pass,     n_total
       20000       20007
 max=   1034.4154243009743     
 min=   0.0000000000000000     
       n_pass,     n_total
       30000       30007
 ITERATION            2 :
   39.725661663996192      +\-   2.7309032494540614E-002
 precision:   6.8744059508745934E-004
 WARNING: outside the range of the grid (xs,xt)=   28.074181332145237       -28.072887636000932     
 WARNING: set the 2-loop amplitudes to zero
 WARNING: outside the range of the grid (xs,xt)=   27.254541522491344       -27.253285596455054     
 WARNING: set the 2-loop amplitudes to zero
 WARNING: outside the range of the grid (xs,xt)=   13.122136609745940       -13.121531923990858     
 WARNING: set the 2-loop amplitudes to zero
 WARNING: outside the range of the grid (xs,xt)=   1.4002777777777777       -1.4002132510889800     
 WARNING: set the 2-loop amplitudes to zero
 WARNING: outside the range of the grid (xs,xt)=  0.13963988919667589      -0.13963345440222516     
 WARNING: set the 2-loop amplitudes to zero
 INFO: will suppress the further warning
 max=   1035.7652777992480     
 min=   0.0000000000000000     
       n_pass,     n_total
       40000       40035
 max=   1035.7652777992480     
 min=   0.0000000000000000     
       n_pass,     n_total
       50000       50035
 ITERATION            3 :
   39.701873871618602      +\-   1.2789231907473570E-002
 precision:   3.2213169456004237E-004
 max=   1035.7652777992480     
 min=   0.0000000000000000     
       n_pass,     n_total
       60000       60115
 max=   1035.7652777992480     
 min=   0.0000000000000000     
       n_pass,     n_total
       70000       70115
 ITERATION            4 :
   39.709675937197602      +\-   1.0146947336918578E-002
 precision:   2.5552833402534865E-004
 max=   1036.9586516110865     
 min=   0.0000000000000000     
       n_pass,     n_total
       80000       80285
 max=   1036.9586516110865     
 min=   0.0000000000000000     
       n_pass,     n_total
       90000       90285
 ITERATION            5 :
   39.702431571213999      +\-   8.4394291379151498E-003
 precision:   2.1256705959627181E-004
 max=   1036.9586516110865     
 min=   0.0000000000000000     
       n_pass,     n_total
      100000      100558
 max=   1036.9586516110865     
 min=   0.0000000000000000     
       n_pass,     n_total
      110000      110558
 ITERATION            6 :
   39.707079913557223      +\-   7.3343924286347522E-003
 precision:   1.8471246046301593E-004
 max=   1037.1456042254092     
 min=   0.0000000000000000     
       n_pass,     n_total
      120000      120837
 max=   1037.1456042254092     
 min=   0.0000000000000000     
       n_pass,     n_total
      130000      130837
 ITERATION            7 :
   39.722424023411953      +\-   6.9552931557451403E-003
 precision:   1.7509739968652889E-004
 max=   1037.1456042254092     
 min=   0.0000000000000000     
       n_pass,     n_total
      140000      141188
 max=   1037.1456042254092     
 min=   0.0000000000000000     
       n_pass,     n_total
      150000      151188
 ITERATION            8 :
   39.697411292271489      +\-   6.8318482562820275E-003
 precision:   1.7209807979625335E-004
 max=   1037.1456042254092     
 min=   0.0000000000000000     
       n_pass,     n_total
      160000      161440
 max=   1037.1456042254092     
 min=   0.0000000000000000     
       n_pass,     n_total
      170000      171440
 ITERATION            9 :
   39.708451634782904      +\-   6.8019999061783272E-003
 precision:   1.7129854290818196E-004
 max=   1037.1456042254092     
 min=   0.0000000000000000     
       n_pass,     n_total
      180000      181808
 max=   1037.1456042254092     
 min=   0.0000000000000000     
       n_pass,     n_total
      190000      191808
 ITERATION           10 :
   39.716397504574402      +\-   6.9408161179971761E-003
 precision:   1.7475945841255507E-004
 ====================NCALL=40K ===========================
  
 max=   1037.4751294864116     
 min=   0.0000000000000000     
       n_pass,     n_total
      200000      202080
 max=   1037.4751294864116     
 min=   0.0000000000000000     
       n_pass,     n_total
      210000      212080
 max=   1037.4751294864116     
 min=   0.0000000000000000     
       n_pass,     n_total
      220000      222080
 max=   1037.4751294864116     
 min=   0.0000000000000000     
       n_pass,     n_total
      230000      232080
   39.713845632738817      +\-   3.8842109559948331E-003
 precision:   9.7804956787987679E-005
 ====================NCALL=80K ===========================
  
 max=   1038.1415032342768     
 min=   0.0000000000000000     
       n_pass,     n_total
      240000      243331
 max=   1038.1415032342768     
 min=   0.0000000000000000     
       n_pass,     n_total
      250000      253331
 max=   1038.1415032342768     
 min=   0.0000000000000000     
       n_pass,     n_total
      260000      263331
 max=   1038.1415032342768     
 min=   0.0000000000000000     
       n_pass,     n_total
      270000      273331
 max=   1038.1415032342768     
 min=   0.0000000000000000     
       n_pass,     n_total
      280000      283331
 max=   1038.1415032342768     
 min=   0.0000000000000000     
       n_pass,     n_total
      290000      293331
 max=   1038.1415032342768     
 min=   0.0000000000000000     
       n_pass,     n_total
      300000      303331
 max=   1038.1415032342768     
 min=   0.0000000000000000     
       n_pass,     n_total
      310000      313331
   39.711434925886621      +\-   1.6797466473427423E-003
 precision:   4.2298815202161553E-005
 sigma (pb)                   sd (pb)
   39.711434925886621        1.6797466473427423E-003
