 =======================================================
 |                                                     |
 |         \/\/\/\/\/\___________/\/\/\/\/\/           |
 |                   |     \     |                     |
 |                   |     /     |                     |
 |                   |     \     |                     |
 |         /\/\/\/\/\|_____/_____|/\/\/\/\/\           |
 |                                                     |
 | Light-by-light scattering at next-to-leading order  |
 |                   (VERSION 0.5)                     |
 |                                                     |
 |    Authors:                                         |
 |            Ajjath A.H. (LPTHE Paris)                |
 |            Ekta Chaubey (Bonn)                      |
 |            Mathijs Fraaije (Bern)                   |
 |            Valentin Hirschi (Bern)                  |
 |            Hua-Sheng Shao (LPTHE Paris)             |
 |                                                     |
 |    Please cite                                      |
 |            PLB 851 (2024) 138555 [arXiv:2312.16956] |
 |            JHEP 03 (2024) 121    [arXiv:2312.16966] |
 |                                                     |
 =======================================================
 ---------------------------------------------------
         the cuts in the lab frame                  
 min transverse momentum of photon    0.0000000000000000     
 max (pseudo-)rapidity of photon    5.0000000000000000     
 min (pseudo-)rapidity of photon   -5.0000000000000000     
 min invariant mass of di-photon    0.0000000000000000     
 ---------------------------------------------------
 max=   2.6940965099360450     
 min=   0.0000000000000000     
       n_pass,     n_total
       10000       10000
  
 ====================NCALL=20K===========================
  
 ITERATION            1 :
   4.5023383791691150E-002 +\-   3.5113641130946364E-004
 precision:   7.7989787025795291E-003
 WARNING: outside the range of the grid (xs,xt)=   89106.705279572270       -89102.291635443500     
 WARNING: set the 2-loop amplitudes to zero
 WARNING: outside the range of the grid (xs,xt)=   86505.190311418672       -86500.905525844704     
 WARNING: set the 2-loop amplitudes to zero
 WARNING: outside the range of the grid (xs,xt)=   41649.312786339025       -41647.249807528737     
 WARNING: set the 2-loop amplitudes to zero
 WARNING: outside the range of the grid (xs,xt)=   4444.4444444444443       -4444.2243016834000     
 WARNING: set the 2-loop amplitudes to zero
 WARNING: outside the range of the grid (xs,xt)=   443.21329639889194       -443.19134310416172     
 WARNING: set the 2-loop amplitudes to zero
 INFO: will suppress the further warning
 max=   2.8419930295564919     
 min=   0.0000000000000000     
       n_pass,     n_total
       20000       20007
 max=   2.8419930295564919     
 min=   0.0000000000000000     
       n_pass,     n_total
       30000       30007
 ITERATION            2 :
   4.4595055485613468E-002 +\-   8.0051067823858491E-005
 precision:   1.7950659989577379E-003
 max=   3.0497274892491451     
 min=   0.0000000000000000     
       n_pass,     n_total
       40000       40040
 max=   3.0497274892491451     
 min=   0.0000000000000000     
       n_pass,     n_total
       50000       50040
 ITERATION            3 :
   4.4540998224190526E-002 +\-   2.9299205661272885E-005
 precision:   6.5780307647798257E-004
 max=   3.0497274892491451     
 min=   0.0000000000000000     
       n_pass,     n_total
       60000       60162
 max=   3.0497274892491451     
 min=   0.0000000000000000     
       n_pass,     n_total
       70000       70162
 ITERATION            4 :
   4.4559567334503475E-002 +\-   1.8754773218657481E-005
 precision:   4.2089217513867642E-004
 max=   3.0497274892491451     
 min=   0.0000000000000000     
       n_pass,     n_total
       80000       80445
 max=   3.0497274892491451     
 min=   0.0000000000000000     
       n_pass,     n_total
       90000       90445
 ITERATION            5 :
   4.4543851622236674E-002 +\-   1.3035778002362346E-005
 precision:   2.9265044506961255E-004
 max=   3.0497274892491451     
 min=   0.0000000000000000     
       n_pass,     n_total
      100000      100749
 max=   3.0497274892491451     
 min=   0.0000000000000000     
       n_pass,     n_total
      110000      110749
 ITERATION            6 :
   4.4535737833006656E-002 +\-   1.4923889967594270E-005
 precision:   3.3509919659473490E-004
 max=   3.0497274892491451     
 min=   0.0000000000000000     
       n_pass,     n_total
      120000      121153
 max=   3.0497274892491451     
 min=   0.0000000000000000     
       n_pass,     n_total
      130000      131153
 ITERATION            7 :
   4.4570391790331988E-002 +\-   1.2995949335601934E-005
 precision:   2.9158256891116126E-004
 max=   3.0497274892491451     
 min=   0.0000000000000000     
       n_pass,     n_total
      140000      141662
 max=   3.0497274892491451     
 min=   0.0000000000000000     
       n_pass,     n_total
      150000      151662
 ITERATION            8 :
   4.4529923887394039E-002 +\-   1.1556556411826191E-005
 precision:   2.5952338119979883E-004
 max=   3.0497274892491451     
 min=   0.0000000000000000     
       n_pass,     n_total
      160000      162224
 max=   3.0497274892491451     
 min=   0.0000000000000000     
       n_pass,     n_total
      170000      172224
 ITERATION            9 :
   4.4544487672483757E-002 +\-   1.1328628706795189E-005
 precision:   2.5432167477353583E-004
 max=   3.0497274892491451     
 min=   0.0000000000000000     
       n_pass,     n_total
      180000      182834
 max=   3.0497274892491451     
 min=   0.0000000000000000     
       n_pass,     n_total
      190000      192834
 ITERATION           10 :
   4.4565682513204738E-002 +\-   1.1292520891845288E-005
 precision:   2.5339050711271693E-004
 ====================NCALL=40K ===========================
  
 max=   3.0497274892491451     
 min=   0.0000000000000000     
       n_pass,     n_total
      200000      203826
 max=   3.0497274892491451     
 min=   0.0000000000000000     
       n_pass,     n_total
      210000      213826
 max=   3.0497274892491451     
 min=   0.0000000000000000     
       n_pass,     n_total
      220000      223826
 max=   3.0497274892491451     
 min=   0.0000000000000000     
       n_pass,     n_total
      230000      233826
   4.4553472353792603E-002 +\-   5.4574921861027689E-006
 precision:   1.2249308298050536E-004
 ====================NCALL=80K ===========================
  
 max=   3.0497274892491451     
 min=   0.0000000000000000     
       n_pass,     n_total
      240000      246058
 max=   3.0497274892491451     
 min=   0.0000000000000000     
       n_pass,     n_total
      250000      256058
 max=   3.0497274892491451     
 min=   0.0000000000000000     
       n_pass,     n_total
      260000      266058
 max=   3.0497274892491451     
 min=   0.0000000000000000     
       n_pass,     n_total
      270000      276058
 max=   3.0497274892491451     
 min=   0.0000000000000000     
       n_pass,     n_total
      280000      286058
 max=   3.0497274892491451     
 min=   0.0000000000000000     
       n_pass,     n_total
      290000      296058
 max=   3.0497274892491451     
 min=   0.0000000000000000     
       n_pass,     n_total
      300000      306058
   4.4548399155364772E-002 +\-   2.6612549413178709E-006
 precision:   5.9738508942523639E-005
 sigma (pb)                   sd (pb)
   4.4548399155364772E-002   2.6612549413178709E-006
