 =======================================================
 |                                                     |
 |         \/\/\/\/\/\___________/\/\/\/\/\/           |
 |                   |     \     |                     |
 |                   |     /     |                     |
 |                   |     \     |                     |
 |         /\/\/\/\/\|_____/_____|/\/\/\/\/\           |
 |                                                     |
 | Light-by-light scattering at next-to-leading order  |
 |                   (VERSION 0.5)                     |
 |                                                     |
 |    Authors:                                         |
 |            Ajjath A.H. (LPTHE Paris)                |
 |            Ekta Chaubey (Bonn)                      |
 |            Mathijs Fraaije (Bern)                   |
 |            Valentin Hirschi (Bern)                  |
 |            Hua-Sheng Shao (LPTHE Paris)             |
 |                                                     |
 |    Please cite                                      |
 |            PLB 851 (2024) 138555 [arXiv:2312.16956] |
 |            JHEP 03 (2024) 121    [arXiv:2312.16966] |
 |                                                     |
 =======================================================
 ---------------------------------------------------
         the cuts in the lab frame                  
 min transverse momentum of photon    0.0000000000000000     
 max (pseudo-)rapidity of photon    5.0000000000000000     
 min (pseudo-)rapidity of photon   -5.0000000000000000     
 min invariant mass of di-photon    0.0000000000000000     
 ---------------------------------------------------
 max=   2018445.1411115148     
 min=   0.0000000000000000     
       n_pass,     n_total
       10000       10000
  
 ====================NCALL=20K===========================
  
 ITERATION            1 :
   244670.07246272493      +\-   250.87126817071808     
 precision:   1.0253451337369343E-003
 WARNING: outside the range of the grid (xs,xt)=   343.44575886274947       -343.42915916825564     
 WARNING: set the 2-loop amplitudes to zero
 max=   2022943.2268457278     
 min=   0.0000000000000000     
       n_pass,     n_total
       20000       20006
 max=   2022943.2268457278     
 min=   0.0000000000000000     
       n_pass,     n_total
       30000       30006
 ITERATION            2 :
   244135.50289217857      +\-   62.548222473019955     
 precision:   2.5620289442557692E-004
 max=   2059979.7330908605     
 min=   0.0000000000000000     
       n_pass,     n_total
       40000       40027
 max=   2059979.7330908605     
 min=   0.0000000000000000     
       n_pass,     n_total
       50000       50027
 WARNING: outside the range of the grid (xs,xt)=   343.44575886274947       -1.5801779986418522E-002
 WARNING: set the 2-loop amplitudes to zero
 ITERATION            3 :
   244046.33592752661      +\-   51.272201947093365     
 precision:   2.1009207842530138E-004
 WARNING: outside the range of the grid (xs,xt)=   343.44575886274947       -343.42919716013250     
 WARNING: set the 2-loop amplitudes to zero
 WARNING: outside the range of the grid (xs,xt)=   343.44575886274947       -343.42905626225985     
 WARNING: set the 2-loop amplitudes to zero
 WARNING: outside the range of the grid (xs,xt)=   343.44575886274947       -343.42913619169695     
 WARNING: set the 2-loop amplitudes to zero
 INFO: will suppress the further warning
 max=   2060889.1032956664     
 min=   0.0000000000000000     
       n_pass,     n_total
       60000       60067
 max=   2060889.1032956664     
 min=   0.0000000000000000     
       n_pass,     n_total
       70000       70067
 ITERATION            4 :
   244055.45268594017      +\-   46.236816365450451     
 precision:   1.8945209318863178E-004
 max=   2060889.1032956664     
 min=   0.0000000000000000     
       n_pass,     n_total
       80000       80121
 max=   2060889.1032956664     
 min=   0.0000000000000000     
       n_pass,     n_total
       90000       90121
 ITERATION            5 :
   244073.69039713746      +\-   42.287029151549874     
 precision:   1.7325517175875759E-004
 max=   2061657.8765177957     
 min=   0.0000000000000000     
       n_pass,     n_total
      100000      100202
 max=   2061657.8765177957     
 min=   0.0000000000000000     
       n_pass,     n_total
      110000      110202
 ITERATION            6 :
   244029.01344944278      +\-   41.132919035895206     
 precision:   1.6855749426867639E-004
 max=   2082587.2745087240     
 min=   0.0000000000000000     
       n_pass,     n_total
      120000      120290
 max=   2082587.2745087240     
 min=   0.0000000000000000     
       n_pass,     n_total
      130000      130290
 ITERATION            7 :
   244120.99369412119      +\-   39.861811187327937     
 precision:   1.6328710851174890E-004
 max=   2082587.2745087240     
 min=   0.0000000000000000     
       n_pass,     n_total
      140000      140389
 max=   2082587.2745087240     
 min=   0.0000000000000000     
       n_pass,     n_total
      150000      150389
 ITERATION            8 :
   243995.58589135853      +\-   39.084354393954236     
 precision:   1.6018467814150103E-004
 max=   2082587.2745087240     
 min=   0.0000000000000000     
       n_pass,     n_total
      160000      160502
 max=   2082587.2745087240     
 min=   0.0000000000000000     
       n_pass,     n_total
      170000      170502
 ITERATION            9 :
   244072.13238104212      +\-   38.419538889567391     
 precision:   1.5741059216702104E-004
 max=   2082587.2745087240     
 min=   0.0000000000000000     
       n_pass,     n_total
      180000      180618
 max=   2082587.2745087240     
 min=   0.0000000000000000     
       n_pass,     n_total
      190000      190618
 ITERATION           10 :
   244098.81248861877      +\-   39.100814032702502     
 precision:   1.6018436810103529E-004
 ====================NCALL=40K ===========================
  
 max=   2082587.2745087240     
 min=   0.0000000000000000     
       n_pass,     n_total
      200000      200827
 max=   2082587.2745087240     
 min=   0.0000000000000000     
       n_pass,     n_total
      210000      210827
 max=   2082587.2745087240     
 min=   0.0000000000000000     
       n_pass,     n_total
      220000      220827
 max=   2082587.2745087240     
 min=   0.0000000000000000     
       n_pass,     n_total
      230000      230827
   244081.57148828811      +\-   19.297173740338852     
 precision:   7.9060347008888372E-005
 ====================NCALL=80K ===========================
  
 max=   2082587.2745087240     
 min=   0.0000000000000000     
       n_pass,     n_total
      240000      241266
 max=   2082587.2745087240     
 min=   0.0000000000000000     
       n_pass,     n_total
      250000      251266
 max=   2082587.2745087240     
 min=   0.0000000000000000     
       n_pass,     n_total
      260000      261266
 max=   2082587.2745087240     
 min=   0.0000000000000000     
       n_pass,     n_total
      270000      271266
 max=   2082587.2745087240     
 min=   0.0000000000000000     
       n_pass,     n_total
      280000      281266
 max=   2082587.2745087240     
 min=   0.0000000000000000     
       n_pass,     n_total
      290000      291266
 max=   2082587.2745087240     
 min=   0.0000000000000000     
       n_pass,     n_total
      300000      301266
 max=   2082587.2745087240     
 min=   0.0000000000000000     
       n_pass,     n_total
      310000      311266
   244057.19006176590      +\-   9.1520006691061155     
 precision:   3.7499410145588954E-005
 sigma (pb)                   sd (pb)
   244057.19006176590        9.1520006691061155     
