 =======================================================
 |                                                     |
 |         \/\/\/\/\/\___________/\/\/\/\/\/           |
 |                   |     \     |                     |
 |                   |     /     |                     |
 |                   |     \     |                     |
 |         /\/\/\/\/\|_____/_____|/\/\/\/\/\           |
 |                                                     |
 | Light-by-light scattering at next-to-leading order  |
 |                   (VERSION 0.5)                     |
 |                                                     |
 |    Authors:                                         |
 |            Ajjath A.H. (LPTHE Paris)                |
 |            Ekta Chaubey (Bonn)                      |
 |            Mathijs Fraaije (Bern)                   |
 |            Valentin Hirschi (Bern)                  |
 |            Hua-Sheng Shao (LPTHE Paris)             |
 |                                                     |
 |    Please cite                                      |
 |            PLB 851 (2024) 138555 [arXiv:2312.16956] |
 |            JHEP 03 (2024) 121    [arXiv:2312.16966] |
 |                                                     |
 =======================================================
 ---------------------------------------------------
         the cuts in the lab frame                  
 min transverse momentum of photon    0.0000000000000000     
 max (pseudo-)rapidity of photon    5.0000000000000000     
 min (pseudo-)rapidity of photon   -5.0000000000000000     
 min invariant mass of di-photon    0.0000000000000000     
 ---------------------------------------------------
 WARNING: outside the range of the grid (xs,xt)=   1.1246745634614645       -1.1246745522174779     
 WARNING: set the 2-loop amplitudes to zero
 WARNING: outside the range of the grid (xs,xt)=   1.1247242486461737       -1.1247242374016906     
 WARNING: set the 2-loop amplitudes to zero
 WARNING: outside the range of the grid (xs,xt)=   1.1246775878869839       -1.1246775766429671     
 WARNING: set the 2-loop amplitudes to zero
 WARNING: outside the range of the grid (xs,xt)=   1.1249187224730848       -1.1249187112266579     
 WARNING: set the 2-loop amplitudes to zero
 WARNING: outside the range of the grid (xs,xt)=   1.1248469498793745       -1.1248469386336648     
 WARNING: set the 2-loop amplitudes to zero
 INFO: will suppress the further warning
 max=   338738342411224.81     
 min=   0.0000000000000000     
       n_pass,     n_total
       10000       10000
  
 ====================NCALL=20K===========================
  
 ITERATION            1 :
   54342552504.067680      +\-   23269541740.916397     
 precision:  0.42820111806810346     
 max=   791863587259279.50     
 min=   0.0000000000000000     
       n_pass,     n_total
       20000       20015
 max=   791863587259279.50     
 min=   0.0000000000000000     
       n_pass,     n_total
       30000       30015
 ITERATION            2 :
   56988802821.202942      +\-   13787340514.232706     
 precision:  0.24193069220087324     
 max=   860584907671491.25     
 min=   0.0000000000000000     
       n_pass,     n_total
       40000       40084
 max=   860584907671491.25     
 min=   0.0000000000000000     
       n_pass,     n_total
       50000       50084
 ITERATION            3 :
   86162193363.645416      +\-   6307559649.7957497     
 precision:   7.3205653240219284E-002
 max=   1016812302836719.9     
 min=   0.0000000000000000     
       n_pass,     n_total
       60000       60491
 max=   1016812302836719.9     
 min=   0.0000000000000000     
       n_pass,     n_total
       70000       70491
 ITERATION            4 :
   78672153287.384933      +\-   966335036.29582596     
 precision:   1.2283063268471357E-002
 max=   1130522025235272.8     
 min=   0.0000000000000000     
       n_pass,     n_total
       80000       82491
 max=   1130522025235272.8     
 min=   0.0000000000000000     
       n_pass,     n_total
       90000       92491
 ITERATION            5 :
   78811498428.461945      +\-   187200153.04456723     
 precision:   2.3752898596959282E-003
 max=   1136853277840143.2     
 min=   0.0000000000000000     
       n_pass,     n_total
      100000      110571
 ITERATION            6 :
   77574401689.364426      +\-   65377778.646572672     
 precision:   8.4277515807815856E-004
 max=   1136953271617327.8     
 min=   0.0000000000000000     
       n_pass,     n_total
      110000      123969
 max=   1136953271617327.8     
 min=   0.0000000000000000     
       n_pass,     n_total
      120000      133969
 ITERATION            7 :
   82949013146.629868      +\-   3848041678.2699614     
 precision:   4.6390445555605786E-002
 max=   1136953271617327.8     
 min=   0.0000000000000000     
       n_pass,     n_total
      130000      146026
 max=   1136953271617327.8     
 min=   0.0000000000000000     
       n_pass,     n_total
      140000      156026
 ITERATION            8 :
   79615386494.895447      +\-   3391557688.8778267     
 precision:   4.2599274313581043E-002
 max=   1136953271617327.8     
 min=   0.0000000000000000     
       n_pass,     n_total
      150000      167474
 ITERATION            9 :
   78499074278.148590      +\-   700761121.42306626     
 precision:   8.9269985393717402E-003
 max=   1136953271617327.8     
 min=   0.0000000000000000     
       n_pass,     n_total
      160000      180551
 max=   1136953271617327.8     
 min=   0.0000000000000000     
       n_pass,     n_total
      170000      190551
 ITERATION           10 :
   79431269534.422714      +\-   287885943.45166099     
 precision:   3.6243402017753393E-003
 ====================NCALL=40K ===========================
  
 max=   1136953271617327.8     
 min=   0.0000000000000000     
       n_pass,     n_total
      180000      205398
 max=   1136953271617327.8     
 min=   0.0000000000000000     
       n_pass,     n_total
      190000      215398
 max=   1136953271617327.8     
 min=   0.0000000000000000     
       n_pass,     n_total
      200000      225398
   77655850418.731827      +\-   63582769.628800370     
 precision:   8.1877629677548668E-004
 ====================NCALL=80K ===========================
  
 max=   1136953271617327.8     
 min=   0.0000000000000000     
       n_pass,     n_total
      210000      246334
 max=   1136953271617327.8     
 min=   0.0000000000000000     
       n_pass,     n_total
      220000      256334
 max=   1136953271617327.8     
 min=   0.0000000000000000     
       n_pass,     n_total
      230000      266334
 max=   1136953271617327.8     
 min=   0.0000000000000000     
       n_pass,     n_total
      240000      276334
 max=   1136953271617327.8     
 min=   0.0000000000000000     
       n_pass,     n_total
      250000      286334
 max=   1136953271617327.8     
 min=   0.0000000000000000     
       n_pass,     n_total
      260000      296334
 max=   1136953271617327.8     
 min=   0.0000000000000000     
       n_pass,     n_total
      270000      306334
   82695874771.867584      +\-   5465106504.9251823     
 precision:   6.6086809287666720E-002
 sigma (pb)                   sd (pb)
   82695874771.867584        5465106504.9251823     
