 =======================================================
 |                                                     |
 |         \/\/\/\/\/\___________/\/\/\/\/\/           |
 |                   |     \     |                     |
 |                   |     /     |                     |
 |                   |     \     |                     |
 |         /\/\/\/\/\|_____/_____|/\/\/\/\/\           |
 |                                                     |
 | Light-by-light scattering at next-to-leading order  |
 |                   (VERSION 0.5)                     |
 |                                                     |
 |    Authors:                                         |
 |            Ajjath A.H. (LPTHE Paris)                |
 |            Ekta Chaubey (Bonn)                      |
 |            Mathijs Fraaije (Bern)                   |
 |            Valentin Hirschi (Bern)                  |
 |            Hua-Sheng Shao (LPTHE Paris)             |
 |                                                     |
 |    Please cite                                      |
 |            PLB 851 (2024) 138555 [arXiv:2312.16956] |
 |            JHEP 03 (2024) 121    [arXiv:2312.16966] |
 |                                                     |
 =======================================================
 ---------------------------------------------------
         the cuts in the lab frame                  
 min transverse momentum of photon    0.0000000000000000     
 max (pseudo-)rapidity of photon    5.0000000000000000     
 min (pseudo-)rapidity of photon   -5.0000000000000000     
 min invariant mass of di-photon    0.0000000000000000     
 ---------------------------------------------------
 max=   3.2022810753343673     
 min=   0.0000000000000000     
       n_pass,     n_total
       10000       10000
  
 ====================NCALL=20K===========================
  
 ITERATION            1 :
   2.1820151611823026E-002 +\-   6.2236948285713742E-004
 precision:   2.8522692872578984E-002
 WARNING: outside the range of the grid (xs,xt)=   73469387.755102053       -73465832.124391705     
 WARNING: set the 2-loop amplitudes to zero
 WARNING: outside the range of the grid (xs,xt)=   7840000.0000000000       -7839620.5746961981     
 WARNING: set the 2-loop amplitudes to zero
 WARNING: outside the range of the grid (xs,xt)=   781828.25484764541       -781790.41742122755     
 WARNING: set the 2-loop amplitudes to zero
 WARNING: outside the range of the grid (xs,xt)=   589.39490126633029       -589.36637686078541     
 WARNING: set the 2-loop amplitudes to zero
 WARNING: outside the range of the grid (xs,xt)=   5586293.1872874461       -5586022.8325693710     
 WARNING: set the 2-loop amplitudes to zero
 INFO: will suppress the further warning
 max=   3.2674224191129828     
 min=   0.0000000000000000     
       n_pass,     n_total
       20000       20009
 max=   3.2674224191129828     
 min=   0.0000000000000000     
       n_pass,     n_total
       30000       30009
 ITERATION            2 :
   2.0896016487779764E-002 +\-   8.9208053889717955E-005
 precision:   4.2691416300273243E-003
 max=   3.2748137323218631     
 min=   0.0000000000000000     
       n_pass,     n_total
       40000       40049
 max=   3.2748137323218631     
 min=   0.0000000000000000     
       n_pass,     n_total
       50000       50049
 ITERATION            3 :
   2.0860135237057292E-002 +\-   3.1831172154289848E-005
 precision:   1.5259331635464615E-003
 max=   3.2748137323218631     
 min=   0.0000000000000000     
       n_pass,     n_total
       60000       60225
 max=   3.2748137323218631     
 min=   0.0000000000000000     
       n_pass,     n_total
       70000       70225
 ITERATION            4 :
   2.0851170642015176E-002 +\-   1.4871587303583159E-005
 precision:   7.1322553342002110E-004
 max=   3.2764220147081167     
 min=   0.0000000000000000     
       n_pass,     n_total
       80000       80649
 max=   3.2764220147081167     
 min=   0.0000000000000000     
       n_pass,     n_total
       90000       90649
 ITERATION            5 :
   2.0846763934684372E-002 +\-   1.0643214252967310E-005
 precision:   5.1054515157910772E-004
 max=   3.2764220147081167     
 min=   0.0000000000000000     
       n_pass,     n_total
      100000      101329
 max=   3.2764220147081167     
 min=   0.0000000000000000     
       n_pass,     n_total
      110000      111329
 ITERATION            6 :
   2.0841821884673050E-002 +\-   9.0742794155184342E-006
 precision:   4.3538801289687659E-004
 max=   3.2764220147081167     
 min=   0.0000000000000000     
       n_pass,     n_total
      120000      121926
 max=   3.2764220147081167     
 min=   0.0000000000000000     
       n_pass,     n_total
      130000      131926
 ITERATION            7 :
   2.0859942268344527E-002 +\-   8.9439309751254399E-006
 precision:   4.2876106079632224E-004
 max=   3.2764239645126092     
 min=   0.0000000000000000     
       n_pass,     n_total
      140000      142653
 max=   3.2764239645126092     
 min=   0.0000000000000000     
       n_pass,     n_total
      150000      152653
 ITERATION            8 :
   2.0829762982826464E-002 +\-   8.7705224977541362E-006
 precision:   4.2105723934473849E-004
 max=   3.2764239645126092     
 min=   0.0000000000000000     
       n_pass,     n_total
      160000      163382
 max=   3.2764239645126092     
 min=   0.0000000000000000     
       n_pass,     n_total
      170000      173382
 ITERATION            9 :
   2.0848438863087074E-002 +\-   7.9292284126445552E-006
 precision:   3.8032720170158856E-004
 max=   3.2764239645126092     
 min=   0.0000000000000000     
       n_pass,     n_total
      180000      184052
 max=   3.2764239645126092     
 min=   0.0000000000000000     
       n_pass,     n_total
      190000      194052
 ITERATION           10 :
   2.0853991341726323E-002 +\-   1.1722538874088988E-005
 precision:   5.6212447209727187E-004
 ====================NCALL=40K ===========================
  
 max=   3.2764513919169360     
 min=   0.0000000000000000     
       n_pass,     n_total
      200000      204969
 max=   3.2764513919169360     
 min=   0.0000000000000000     
       n_pass,     n_total
      210000      214969
 max=   3.2764513919169360     
 min=   0.0000000000000000     
       n_pass,     n_total
      220000      224969
   2.0850743827200383E-002 +\-   4.6117712375621133E-006
 precision:   2.2118017830835982E-004
 ====================NCALL=80K ===========================
  
 max=   3.2764968100535010     
 min=   0.0000000000000000     
       n_pass,     n_total
      230000      237794
 max=   3.2764968100535010     
 min=   0.0000000000000000     
       n_pass,     n_total
      240000      247794
 max=   3.2764968100535010     
 min=   0.0000000000000000     
       n_pass,     n_total
      250000      257794
 max=   3.2764968100535010     
 min=   0.0000000000000000     
       n_pass,     n_total
      260000      267794
 max=   3.2764968100535010     
 min=   0.0000000000000000     
       n_pass,     n_total
      270000      277794
 max=   3.2764968100535010     
 min=   0.0000000000000000     
       n_pass,     n_total
      280000      287794
 max=   3.2764968100535010     
 min=   0.0000000000000000     
       n_pass,     n_total
      290000      297794
 max=   3.2764968100535010     
 min=   0.0000000000000000     
       n_pass,     n_total
      300000      307794
   2.0847116481653969E-002 +\-   2.1683611789165069E-006
 precision:   1.0401252282658486E-004
 sigma (pb)                   sd (pb)
   2.0847116481653969E-002   2.1683611789165069E-006
