 =======================================================
 |                                                     |
 |         \/\/\/\/\/\___________/\/\/\/\/\/           |
 |                   |     \     |                     |
 |                   |     /     |                     |
 |                   |     \     |                     |
 |         /\/\/\/\/\|_____/_____|/\/\/\/\/\           |
 |                                                     |
 | Light-by-light scattering at next-to-leading order  |
 |                   (VERSION 0.5)                     |
 |                                                     |
 |    Authors:                                         |
 |            Ajjath A.H. (LPTHE Paris)                |
 |            Ekta Chaubey (Bonn)                      |
 |            Mathijs Fraaije (Bern)                   |
 |            Valentin Hirschi (Bern)                  |
 |            Hua-Sheng Shao (LPTHE Paris)             |
 |                                                     |
 |    Please cite                                      |
 |            PLB 851 (2024) 138555 [arXiv:2312.16956] |
 |            JHEP 03 (2024) 121    [arXiv:2312.16966] |
 |                                                     |
 =======================================================
 ---------------------------------------------------
         the cuts in the lab frame                  
 min transverse momentum of photon    0.0000000000000000     
 max (pseudo-)rapidity of photon    5.0000000000000000     
 min (pseudo-)rapidity of photon   -5.0000000000000000     
 min invariant mass of di-photon    0.0000000000000000     
 ---------------------------------------------------
 max=   1605218.4780922374     
 min=   0.0000000000000000     
       n_pass,     n_total
       10000       10000
  
 ====================NCALL=20K===========================
  
 ITERATION            1 :
   136056.78865379476      +\-   243.17751130801511     
 precision:   1.7873236147502784E-003
 max=   1612832.1846060902     
 min=   0.0000000000000000     
       n_pass,     n_total
       20000       20007
 max=   1612832.1846060902     
 min=   0.0000000000000000     
       n_pass,     n_total
       30000       30007
 ITERATION            2 :
   135553.39763807843      +\-   46.963764472512942     
 precision:   3.4645951551804044E-004
 WARNING: outside the range of the grid (xs,xt)=   654.19824525794570       -654.16555544671303     
 WARNING: set the 2-loop amplitudes to zero
 WARNING: outside the range of the grid (xs,xt)=   1.3283883740967809E-002  -1.3283219954944112E-002
 WARNING: set the 2-loop amplitudes to zero
 max=   1624064.4914365853     
 min=   0.0000000000000000     
       n_pass,     n_total
       40000       40030
 max=   1624064.4914365853     
 min=   0.0000000000000000     
       n_pass,     n_total
       50000       50030
 WARNING: outside the range of the grid (xs,xt)=   654.19824525794570       -3.2485389965915427E-002
 WARNING: set the 2-loop amplitudes to zero
 WARNING: outside the range of the grid (xs,xt)=   1.3283883740967809E-002  -6.5963512851837861E-007
 WARNING: set the 2-loop amplitudes to zero
 ITERATION            3 :
   135490.95284778814      +\-   35.888282235768870     
 precision:   2.6487585688533843E-004
 WARNING: outside the range of the grid (xs,xt)=   654.19824525794570       -654.16599281819504     
 WARNING: set the 2-loop amplitudes to zero
 INFO: will suppress the further warning
 max=   1625599.0952217591     
 min=   0.0000000000000000     
       n_pass,     n_total
       60000       60080
 max=   1625599.0952217591     
 min=   0.0000000000000000     
       n_pass,     n_total
       70000       70080
 ITERATION            4 :
   135498.28167406068      +\-   30.442257906411179     
 precision:   2.2466895912111732E-004
 max=   1625677.8532503671     
 min=   0.0000000000000000     
       n_pass,     n_total
       80000       80155
 max=   1625677.8532503671     
 min=   0.0000000000000000     
       n_pass,     n_total
       90000       90155
 ITERATION            5 :
   135507.94939664807      +\-   27.087746604613582     
 precision:   1.9989784160429208E-004
 max=   1625879.3313560782     
 min=   0.0000000000000000     
       n_pass,     n_total
      100000      100271
 max=   1625879.3313560782     
 min=   0.0000000000000000     
       n_pass,     n_total
      110000      110271
 ITERATION            6 :
   135493.26745071544      +\-   25.872431022081830     
 precision:   1.9094993802177450E-004
 max=   1625879.3313560782     
 min=   0.0000000000000000     
       n_pass,     n_total
      120000      120394
 max=   1625879.3313560782     
 min=   0.0000000000000000     
       n_pass,     n_total
      130000      130394
 ITERATION            7 :
   135549.89889719972      +\-   24.776586983697243     
 precision:   1.8278572824674452E-004
 max=   1625879.3313560782     
 min=   0.0000000000000000     
       n_pass,     n_total
      140000      140542
 max=   1625879.3313560782     
 min=   0.0000000000000000     
       n_pass,     n_total
      150000      150542
 ITERATION            8 :
   135462.85798439465      +\-   24.469371120541823     
 precision:   1.8063527881096898E-004
 max=   1627378.0827766247     
 min=   0.0000000000000000     
       n_pass,     n_total
      160000      160700
 max=   1627378.0827766247     
 min=   0.0000000000000000     
       n_pass,     n_total
      170000      170700
 ITERATION            9 :
   135504.25719125761      +\-   23.861336490666279     
 precision:   1.7609289173097471E-004
 max=   1627378.0827766247     
 min=   0.0000000000000000     
       n_pass,     n_total
      180000      180871
 max=   1627378.0827766247     
 min=   0.0000000000000000     
       n_pass,     n_total
      190000      190871
 ITERATION           10 :
   135527.98954809367      +\-   23.760637558224758     
 precision:   1.7531904396613971E-004
 ====================NCALL=40K ===========================
  
 max=   1627378.0827766247     
 min=   0.0000000000000000     
       n_pass,     n_total
      200000      201154
 max=   1627378.0827766247     
 min=   0.0000000000000000     
       n_pass,     n_total
      210000      211154
 max=   1627378.0827766247     
 min=   0.0000000000000000     
       n_pass,     n_total
      220000      221154
 max=   1627378.0827766247     
 min=   0.0000000000000000     
       n_pass,     n_total
      230000      231154
   135525.30572970436      +\-   11.747674890977482     
 precision:   8.6682519015359317E-005
 ====================NCALL=80K ===========================
  
 max=   1630662.4576859134     
 min=   0.0000000000000000     
       n_pass,     n_total
      240000      241688
 max=   1630662.4576859134     
 min=   0.0000000000000000     
       n_pass,     n_total
      250000      251688
 max=   1630662.4576859134     
 min=   0.0000000000000000     
       n_pass,     n_total
      260000      261688
 max=   1630662.4576859134     
 min=   0.0000000000000000     
       n_pass,     n_total
      270000      271688
 max=   1630662.4576859134     
 min=   0.0000000000000000     
       n_pass,     n_total
      280000      281688
 max=   1630662.4576859134     
 min=   0.0000000000000000     
       n_pass,     n_total
      290000      291688
 max=   1630662.4576859134     
 min=   0.0000000000000000     
       n_pass,     n_total
      300000      301688
 max=   1630662.4576859134     
 min=   0.0000000000000000     
       n_pass,     n_total
      310000      311688
   135507.54164607974      +\-   5.3721386793063965     
 precision:   3.9644573387195039E-005
 sigma (pb)                   sd (pb)
   135507.54164607974        5.3721386793063965     
