 =======================================================
 |                                                     |
 |         \/\/\/\/\/\___________/\/\/\/\/\/           |
 |                   |     \     |                     |
 |                   |     /     |                     |
 |                   |     \     |                     |
 |         /\/\/\/\/\|_____/_____|/\/\/\/\/\           |
 |                                                     |
 | Light-by-light scattering at next-to-leading order  |
 |                   (VERSION 0.5)                     |
 |                                                     |
 |    Authors:                                         |
 |            Ajjath A.H. (LPTHE Paris)                |
 |            Ekta Chaubey (Bonn)                      |
 |            Mathijs Fraaije (Bern)                   |
 |            Valentin Hirschi (Bern)                  |
 |            Hua-Sheng Shao (LPTHE Paris)             |
 |                                                     |
 |    Please cite                                      |
 |            PLB 851 (2024) 138555 [arXiv:2312.16956] |
 |            JHEP 03 (2024) 121    [arXiv:2312.16966] |
 |                                                     |
 =======================================================
 ---------------------------------------------------
         the cuts in the lab frame                  
 min transverse momentum of photon    0.0000000000000000     
 max (pseudo-)rapidity of photon    5.0000000000000000     
 min (pseudo-)rapidity of photon   -5.0000000000000000     
 min invariant mass of di-photon    0.0000000000000000     
 ---------------------------------------------------
 WARNING: outside the range of the grid (xs,xt)=   1.2790395584868579       -1.2790395457000308     
 WARNING: set the 2-loop amplitudes to zero
 WARNING: outside the range of the grid (xs,xt)=   1.2790960631138664       -1.2790960503264746     
 WARNING: set the 2-loop amplitudes to zero
 WARNING: outside the range of the grid (xs,xt)=   1.2790429980239526       -1.2790429852370913     
 WARNING: set the 2-loop amplitudes to zero
 WARNING: outside the range of the grid (xs,xt)=   1.2793172290633688       -1.2793172162737665     
 WARNING: set the 2-loop amplitudes to zero
 WARNING: outside the range of the grid (xs,xt)=   1.2792356054634819       -1.2792355926746954     
 WARNING: set the 2-loop amplitudes to zero
 INFO: will suppress the further warning
 max=   390370400735006.31     
 min=   0.0000000000000000     
       n_pass,     n_total
       10000       10000
  
 ====================NCALL=20K===========================
  
 ITERATION            1 :
   65103090634.215599      +\-   27051684062.912903     
 precision:  0.41552073487423058     
 max=   859074064023396.88     
 min=   0.0000000000000000     
       n_pass,     n_total
       20000       20015
 max=   859074064023396.88     
 min=   0.0000000000000000     
       n_pass,     n_total
       30000       30015
 ITERATION            2 :
   78613137404.878159      +\-   21569317461.260147     
 precision:  0.27437293782300709     
 max=   944625676636172.88     
 min=   0.0000000000000000     
       n_pass,     n_total
       40000       40065
 max=   944625676636172.88     
 min=   0.0000000000000000     
       n_pass,     n_total
       50000       50065
 ITERATION            3 :
   108145300231.47145      +\-   8145042451.8729534     
 precision:   7.5315732023855969E-002
 max=   1566194001666921.0     
 min=   0.0000000000000000     
       n_pass,     n_total
       60000       60376
 max=   1566194001666921.0     
 min=   0.0000000000000000     
       n_pass,     n_total
       70000       70376
 ITERATION            4 :
   103203512900.54756      +\-   1283945588.5422332     
 precision:   1.2440909737050443E-002
 max=   1700317457076193.8     
 min=   0.0000000000000000     
       n_pass,     n_total
       80000       82838
 max=   1700317457076193.8     
 min=   0.0000000000000000     
       n_pass,     n_total
       90000       92838
 ITERATION            5 :
   104282169775.15344      +\-   196898729.43848136     
 precision:   1.8881341830825139E-003
 max=   1702414174854489.5     
 min=   0.0000000000000000     
       n_pass,     n_total
      100000      107888
 ITERATION            6 :
   104008678276.78288      +\-   86596487.402513787     
 precision:   8.3258905734834342E-004
 max=   1703380041283552.8     
 min=   0.0000000000000000     
       n_pass,     n_total
      110000      122465
 max=   1703380041283552.8     
 min=   0.0000000000000000     
       n_pass,     n_total
      120000      132465
 ITERATION            7 :
   104115641446.80328      +\-   55922467.717503056     
 precision:   5.3711879349152363E-004
 max=   1703613543463411.8     
 min=   0.0000000000000000     
       n_pass,     n_total
      130000      145534
 max=   1703613543463411.8     
 min=   0.0000000000000000     
       n_pass,     n_total
      140000      155534
 ITERATION            8 :
   104120953687.37755      +\-   60682692.962891266     
 precision:   5.8280961529694241E-004
 max=   1703613543463411.8     
 min=   0.0000000000000000     
       n_pass,     n_total
      150000      167184
 ITERATION            9 :
   103281877525.61505      +\-   40972955.587834053     
 precision:   3.9671001892536571E-004
 max=   1703613543463411.8     
 min=   0.0000000000000000     
       n_pass,     n_total
      160000      180230
 max=   1703613543463411.8     
 min=   0.0000000000000000     
       n_pass,     n_total
      170000      190230
 ITERATION           10 :
   102080828638.57968      +\-   72114965.188852757     
 precision:   7.0644964535092098E-004
 ====================NCALL=40K ===========================
  
 max=   1703613543463411.8     
 min=   0.0000000000000000     
       n_pass,     n_total
      180000      206759
 max=   1703613543463411.8     
 min=   0.0000000000000000     
       n_pass,     n_total
      190000      216759
 max=   1703613543463411.8     
 min=   0.0000000000000000     
       n_pass,     n_total
      200000      226759
   98802279286.230560      +\-   23130282.785418272     
 precision:   2.3410677316876223E-004
 ====================NCALL=80K ===========================
  
 max=   1703613543463411.8     
 min=   0.0000000000000000     
       n_pass,     n_total
      210000      248194
 max=   1703613543463411.8     
 min=   0.0000000000000000     
       n_pass,     n_total
      220000      258194
 max=   1703613543463411.8     
 min=   0.0000000000000000     
       n_pass,     n_total
      230000      268194
 max=   1703613543463411.8     
 min=   0.0000000000000000     
       n_pass,     n_total
      240000      278194
 max=   1703613543463411.8     
 min=   0.0000000000000000     
       n_pass,     n_total
      250000      288194
 max=   1703613543463411.8     
 min=   0.0000000000000000     
       n_pass,     n_total
      260000      298194
 max=   1703613543463411.8     
 min=   0.0000000000000000     
       n_pass,     n_total
      270000      308194
   105538298572.89868      +\-   2626967726.8744931     
 precision:   2.4891132057240455E-002
 sigma (pb)                   sd (pb)
   105538298572.89868        2626967726.8744931     
