 =======================================================
 |                                                     |
 |         \/\/\/\/\/\___________/\/\/\/\/\/           |
 |                   |     \     |                     |
 |                   |     /     |                     |
 |                   |     \     |                     |
 |         /\/\/\/\/\|_____/_____|/\/\/\/\/\           |
 |                                                     |
 | Light-by-light scattering at next-to-leading order  |
 |                   (VERSION 0.5)                     |
 |                                                     |
 |    Authors:                                         |
 |            Ajjath A.H. (LPTHE Paris)                |
 |            Ekta Chaubey (Bonn)                      |
 |            Mathijs Fraaije (Bern)                   |
 |            Valentin Hirschi (Bern)                  |
 |            Hua-Sheng Shao (LPTHE Paris)             |
 |                                                     |
 |    Please cite                                      |
 |            PLB 851 (2024) 138555 [arXiv:2312.16956] |
 |            JHEP 03 (2024) 121    [arXiv:2312.16966] |
 |                                                     |
 =======================================================
 ---------------------------------------------------
         the cuts in the lab frame                  
 min transverse momentum of photon    0.0000000000000000     
 max (pseudo-)rapidity of photon    5.0000000000000000     
 min (pseudo-)rapidity of photon   -5.0000000000000000     
 min invariant mass of di-photon    0.0000000000000000     
 ---------------------------------------------------
 max=   1.7084282336318367E-006
 min=   0.0000000000000000     
       n_pass,     n_total
       10000       10000
  
 ====================NCALL=20K===========================
  
 ITERATION            1 :
   5.6539643772781286E-007 +\-   4.5636022184412722E-010
 precision:   8.0715086157621550E-004
 max=   1.7084282336318367E-006
 min=   0.0000000000000000     
       n_pass,     n_total
       20000       20001
 max=   1.7084282336318367E-006
 min=   0.0000000000000000     
       n_pass,     n_total
       30000       30001
 ITERATION            2 :
   5.6553764332799317E-007 +\-   3.8737866467053190E-010
 precision:   6.8497414670921398E-004
 max=   1.7084282336318367E-006
 min=   0.0000000000000000     
       n_pass,     n_total
       40000       40001
 max=   1.7084282336318367E-006
 min=   0.0000000000000000     
       n_pass,     n_total
       50000       50001
 ITERATION            3 :
   5.6532906242859526E-007 +\-   3.4626003865294017E-010
 precision:   6.1249290309867111E-004
 max=   1.7084282336318367E-006
 min=   0.0000000000000000     
       n_pass,     n_total
       60000       60001
 max=   1.7084282336318367E-006
 min=   0.0000000000000000     
       n_pass,     n_total
       70000       70001
 ITERATION            4 :
   5.6520748766127625E-007 +\-   3.5818119016495385E-010
 precision:   6.3371628646860501E-004
 max=   1.7084282336318367E-006
 min=   0.0000000000000000     
       n_pass,     n_total
       80000       80002
 max=   1.7084282336318367E-006
 min=   0.0000000000000000     
       n_pass,     n_total
       90000       90002
 ITERATION            5 :
   5.6497870389070144E-007 +\-   3.6638596811149264E-010
 precision:   6.4849518324919416E-004
 max=   1.7084282336318367E-006
 min=   0.0000000000000000     
       n_pass,     n_total
      100000      100003
 max=   1.7084282336318367E-006
 min=   0.0000000000000000     
       n_pass,     n_total
      110000      110003
 ITERATION            6 :
   5.6541534381809342E-007 +\-   3.6147358762273851E-010
 precision:   6.3930629328487509E-004
 max=   1.7084282336318367E-006
 min=   0.0000000000000000     
       n_pass,     n_total
      120000      120006
 max=   1.7084282336318367E-006
 min=   0.0000000000000000     
       n_pass,     n_total
      130000      130006
 ITERATION            7 :
   5.6519137074255920E-007 +\-   3.8025315135668180E-010
 precision:   6.7278654813341884E-004
 max=   1.7084282336318367E-006
 min=   0.0000000000000000     
       n_pass,     n_total
      140000      140008
 max=   1.7084282336318367E-006
 min=   0.0000000000000000     
       n_pass,     n_total
      150000      150008
 ITERATION            8 :
   5.6509435942367685E-007 +\-   3.9737455142671931E-010
 precision:   7.0320035017158895E-004
 max=   1.7084282336318367E-006
 min=   0.0000000000000000     
       n_pass,     n_total
      160000      160012
 max=   1.7084282336318367E-006
 min=   0.0000000000000000     
       n_pass,     n_total
      170000      170012
 ITERATION            9 :
   5.6531417227717816E-007 +\-   3.6706170274722873E-010
 precision:   6.4930567947490861E-004
 max=   1.7084282336318367E-006
 min=   0.0000000000000000     
       n_pass,     n_total
      180000      180015
 max=   1.7084282336318367E-006
 min=   0.0000000000000000     
       n_pass,     n_total
      190000      190015
 ITERATION           10 :
   5.6458101538985318E-007 +\-   3.9066709386588957E-010
 precision:   6.9195931711612201E-004
 ====================NCALL=40K ===========================
  
 max=   1.7084282336318367E-006
 min=   0.0000000000000000     
       n_pass,     n_total
      200000      200018
 max=   1.7084282336318367E-006
 min=   0.0000000000000000     
       n_pass,     n_total
      210000      210018
 max=   1.7084282336318367E-006
 min=   0.0000000000000000     
       n_pass,     n_total
      220000      220018
 max=   1.7084282336318367E-006
 min=   0.0000000000000000     
       n_pass,     n_total
      230000      230018
   5.6519588886712438E-007 +\-   2.2145391735681400E-010
 precision:   3.9181799039744443E-004
 ====================NCALL=80K ===========================
  
 max=   1.7084391662722536E-006
 min=   0.0000000000000000     
       n_pass,     n_total
      240000      240023
 max=   1.7084391662722536E-006
 min=   0.0000000000000000     
       n_pass,     n_total
      250000      250023
 max=   1.7084391662722536E-006
 min=   0.0000000000000000     
       n_pass,     n_total
      260000      260023
 max=   1.7084391662722536E-006
 min=   0.0000000000000000     
       n_pass,     n_total
      270000      270023
 max=   1.7084391662722536E-006
 min=   0.0000000000000000     
       n_pass,     n_total
      280000      280023
 max=   1.7084391662722536E-006
 min=   0.0000000000000000     
       n_pass,     n_total
      290000      290023
 max=   1.7084391662722536E-006
 min=   0.0000000000000000     
       n_pass,     n_total
      300000      300023
 max=   1.7084391662722536E-006
 min=   0.0000000000000000     
       n_pass,     n_total
      310000      310023
   5.6494619248436736E-007 +\-   1.2041664809490317E-010
 precision:   2.1314710975458998E-004
 sigma (pb)                   sd (pb)
   5.6494619248436736E-007   1.2041664809490317E-010
