 =======================================================
 |                                                     |
 |         \/\/\/\/\/\___________/\/\/\/\/\/           |
 |                   |     \     |                     |
 |                   |     /     |                     |
 |                   |     \     |                     |
 |         /\/\/\/\/\|_____/_____|/\/\/\/\/\           |
 |                                                     |
 | Light-by-light scattering at next-to-leading order  |
 |                   (VERSION 0.5)                     |
 |                                                     |
 |    Authors:                                         |
 |            Ajjath A.H. (LPTHE Paris)                |
 |            Ekta Chaubey (Bonn)                      |
 |            Mathijs Fraaije (Bern)                   |
 |            Valentin Hirschi (Bern)                  |
 |            Hua-Sheng Shao (LPTHE Paris)             |
 |                                                     |
 |    Please cite                                      |
 |            PLB 851 (2024) 138555 [arXiv:2312.16956] |
 |            JHEP 03 (2024) 121    [arXiv:2312.16966] |
 |                                                     |
 =======================================================
 ---------------------------------------------------
         the cuts in the lab frame                  
 min transverse momentum of photon    0.0000000000000000     
 max (pseudo-)rapidity of photon    5.0000000000000000     
 min (pseudo-)rapidity of photon   -5.0000000000000000     
 min invariant mass of di-photon    0.0000000000000000     
 ---------------------------------------------------
 WARNING: outside the range of the grid (xs,xt)=   1.3969615529817944E-002  -1.3969615390122217E-002
 WARNING: set the 2-loop amplitudes to zero
 WARNING: outside the range of the grid (xs,xt)=   1.3931899978386885E-002  -1.3931899839068311E-002
 WARNING: set the 2-loop amplitudes to zero
 WARNING: outside the range of the grid (xs,xt)=   1.3996208045467804E-002  -1.3996207905506153E-002
 WARNING: set the 2-loop amplitudes to zero
 WARNING: outside the range of the grid (xs,xt)=   1.3979318555979383E-002  -1.3979318416186626E-002
 WARNING: set the 2-loop amplitudes to zero
 WARNING: outside the range of the grid (xs,xt)=   1.4006951110632786E-002  -1.4006950970563705E-002
 WARNING: set the 2-loop amplitudes to zero
 INFO: will suppress the further warning
 max=   9.0938936154756986E-003
 min=   0.0000000000000000     
       n_pass,     n_total
       10000       10000
  
 ====================NCALL=20K===========================
  
 ITERATION            1 :
   6.4815666935705138E-003 +\-   8.3603325139520560E-007
 precision:   1.2898629157430736E-004
 max=   9.2931936310887003E-003
 min=   0.0000000000000000     
       n_pass,     n_total
       20000       20002
 max=   9.2931936310887003E-003
 min=   0.0000000000000000     
       n_pass,     n_total
       30000       30002
 ITERATION            2 :
   6.4804991381359972E-003 +\-   5.4241044731727724E-007
 precision:   8.3698868830232135E-005
 max=   9.3143225351323671E-003
 min=   0.0000000000000000     
       n_pass,     n_total
       40000       40012
 max=   9.3143225351323671E-003
 min=   0.0000000000000000     
       n_pass,     n_total
       50000       50012
 ITERATION            3 :
   6.4802692055769742E-003 +\-   3.8861623170993218E-007
 precision:   5.9969149333408216E-005
 max=   9.3143225351323671E-003
 min=   0.0000000000000000     
       n_pass,     n_total
       60000       60032
 max=   9.3143225351323671E-003
 min=   0.0000000000000000     
       n_pass,     n_total
       70000       70032
 ITERATION            4 :
   6.4805593640459873E-003 +\-   3.5161334891505692E-007
 precision:   5.4256635756752836E-005
 max=   9.3143225351323671E-003
 min=   0.0000000000000000     
       n_pass,     n_total
       80000       80053
 max=   9.3143225351323671E-003
 min=   0.0000000000000000     
       n_pass,     n_total
       90000       90053
 ITERATION            5 :
   6.4804075251617211E-003 +\-   3.0862306279086636E-007
 precision:   4.7624020803099813E-005
 max=   9.3143225351323671E-003
 min=   0.0000000000000000     
       n_pass,     n_total
      100000      100078
 max=   9.3143225351323671E-003
 min=   0.0000000000000000     
       n_pass,     n_total
      110000      110078
 ITERATION            6 :
   6.4800261610719742E-003 +\-   3.0807969566006143E-007
 precision:   4.7542970969903709E-005
 max=   9.3143225351323671E-003
 min=   0.0000000000000000     
       n_pass,     n_total
      120000      120102
 max=   9.3143225351323671E-003
 min=   0.0000000000000000     
       n_pass,     n_total
      130000      130102
 ITERATION            7 :
   6.4806862686085463E-003 +\-   3.1000381387897574E-007
 precision:   4.7835028734624420E-005
 max=   9.3143225351323671E-003
 min=   0.0000000000000000     
       n_pass,     n_total
      140000      140132
 max=   9.3143225351323671E-003
 min=   0.0000000000000000     
       n_pass,     n_total
      150000      150132
 ITERATION            8 :
   6.4797861588984582E-003 +\-   2.9743128848640083E-007
 precision:   4.5901404952684910E-005
 max=   9.3143225351323671E-003
 min=   0.0000000000000000     
       n_pass,     n_total
      160000      160171
 max=   9.3143225351323671E-003
 min=   0.0000000000000000     
       n_pass,     n_total
      170000      170171
 ITERATION            9 :
   6.4803446441741921E-003 +\-   2.9766630174466607E-007
 precision:   4.5933714653936976E-005
 max=   9.3143225351323671E-003
 min=   0.0000000000000000     
       n_pass,     n_total
      180000      180204
 max=   9.3143225351323671E-003
 min=   0.0000000000000000     
       n_pass,     n_total
      190000      190204
 ITERATION           10 :
   6.4805769440876926E-003 +\-   3.1629459884907285E-007
 precision:   4.8806549413417918E-005
 ====================NCALL=40K ===========================
  
 max=   9.3143225351323671E-003
 min=   0.0000000000000000     
       n_pass,     n_total
      200000      200272
 max=   9.3143225351323671E-003
 min=   0.0000000000000000     
       n_pass,     n_total
      210000      210272
 max=   9.3143225351323671E-003
 min=   0.0000000000000000     
       n_pass,     n_total
      220000      220272
 max=   9.3143225351323671E-003
 min=   0.0000000000000000     
       n_pass,     n_total
      230000      230272
   6.4803627269535294E-003 +\-   1.5272651448719794E-007
 precision:   2.3567587328401893E-005
 ====================NCALL=80K ===========================
  
 max=   9.3143225351323671E-003
 min=   0.0000000000000000     
       n_pass,     n_total
      240000      240444
 max=   9.3143225351323671E-003
 min=   0.0000000000000000     
       n_pass,     n_total
      250000      250444
 max=   9.3143225351323671E-003
 min=   0.0000000000000000     
       n_pass,     n_total
      260000      260444
 max=   9.3143225351323671E-003
 min=   0.0000000000000000     
       n_pass,     n_total
      270000      270444
 max=   9.3143225351323671E-003
 min=   0.0000000000000000     
       n_pass,     n_total
      280000      280444
 max=   9.3143225351323671E-003
 min=   0.0000000000000000     
       n_pass,     n_total
      290000      290444
 max=   9.3143225351323671E-003
 min=   0.0000000000000000     
       n_pass,     n_total
      300000      300444
 max=   9.3143225351323671E-003
 min=   0.0000000000000000     
       n_pass,     n_total
      310000      310444
   6.4802024901839629E-003 +\-   7.9812424991326628E-008
 precision:   1.2316347384549226E-005
 sigma (pb)                   sd (pb)
   6.4802024901839629E-003   7.9812424991326628E-008
