 =======================================================
 |                                                     |
 |         \/\/\/\/\/\___________/\/\/\/\/\/           |
 |                   |     \     |                     |
 |                   |     /     |                     |
 |                   |     \     |                     |
 |         /\/\/\/\/\|_____/_____|/\/\/\/\/\           |
 |                                                     |
 | Light-by-light scattering at next-to-leading order  |
 |                   (VERSION 0.5)                     |
 |                                                     |
 |    Authors:                                         |
 |            Ajjath A.H. (LPTHE Paris)                |
 |            Ekta Chaubey (Bonn)                      |
 |            Mathijs Fraaije (Bern)                   |
 |            Valentin Hirschi (Bern)                  |
 |            Hua-Sheng Shao (LPTHE Paris)             |
 |                                                     |
 |    Please cite                                      |
 |            PLB 851 (2024) 138555 [arXiv:2312.16956] |
 |            JHEP 03 (2024) 121    [arXiv:2312.16966] |
 |                                                     |
 =======================================================
 ---------------------------------------------------
         the cuts in the lab frame                  
 min transverse momentum of photon    0.0000000000000000     
 max (pseudo-)rapidity of photon    5.0000000000000000     
 min (pseudo-)rapidity of photon   -5.0000000000000000     
 min invariant mass of di-photon    0.0000000000000000     
 ---------------------------------------------------
 WARNING: outside the range of the grid (xs,xt)=   7.5447411749196072E-002  -7.5447410994734385E-002
 WARNING: set the 2-loop amplitudes to zero
 WARNING: outside the range of the grid (xs,xt)=   7.5591033202012603E-002  -7.5591032446114759E-002
 WARNING: set the 2-loop amplitudes to zero
 WARNING: outside the range of the grid (xs,xt)=   7.5499816069733910E-002  -7.5499815314748184E-002
 WARNING: set the 2-loop amplitudes to zero
 WARNING: outside the range of the grid (xs,xt)=   7.5649054588443843E-002  -7.5649053831965796E-002
 WARNING: set the 2-loop amplitudes to zero
 WARNING: outside the range of the grid (xs,xt)=   7.5683104986996166E-002  -7.5683104230177628E-002
 WARNING: set the 2-loop amplitudes to zero
 INFO: will suppress the further warning
 max=   1.4541578491681373     
 min=   0.0000000000000000     
       n_pass,     n_total
       10000       10000
  
 ====================NCALL=20K===========================
  
 ITERATION            1 :
   1.0319916214409619      +\-   3.6850763201221623E-005
 precision:   3.5708393784987505E-005
 max=   1.4643578496881273     
 min=   0.0000000000000000     
       n_pass,     n_total
       20000       20002
 max=   1.4643578496881273     
 min=   0.0000000000000000     
       n_pass,     n_total
       30000       30002
 ITERATION            2 :
   1.0318974598504036      +\-   6.6628928654625312E-005
 precision:   6.4569331011130355E-005
 max=   1.4673214533068524     
 min=   0.0000000000000000     
       n_pass,     n_total
       40000       40010
 max=   1.4673214533068524     
 min=   0.0000000000000000     
       n_pass,     n_total
       50000       50010
 ITERATION            3 :
   1.0318333107475661      +\-   5.7002228949458032E-005
 precision:   5.5243640959952878E-005
 max=   1.4677287333608553     
 min=   0.0000000000000000     
       n_pass,     n_total
       60000       60033
 max=   1.4677287333608553     
 min=   0.0000000000000000     
       n_pass,     n_total
       70000       70033
 ITERATION            4 :
   1.0318503029477832      +\-   4.4598695586299560E-005
 precision:   4.3222059884937084E-005
 max=   1.4677287333608553     
 min=   0.0000000000000000     
       n_pass,     n_total
       80000       80064
 max=   1.4677287333608553     
 min=   0.0000000000000000     
       n_pass,     n_total
       90000       90064
 ITERATION            5 :
   1.0318771557684017      +\-   3.7229984706032059E-005
 precision:   3.6079861345809359E-005
 max=   1.4677331238164868     
 min=   0.0000000000000000     
       n_pass,     n_total
      100000      100107
 max=   1.4677331238164868     
 min=   0.0000000000000000     
       n_pass,     n_total
      110000      110107
 ITERATION            6 :
   1.0318308050662686      +\-   3.4811847230968815E-005
 precision:   3.3737941395084681E-005
 max=   1.4677331238164868     
 min=   0.0000000000000000     
       n_pass,     n_total
      120000      120150
 max=   1.4677331238164868     
 min=   0.0000000000000000     
       n_pass,     n_total
      130000      130150
 ITERATION            7 :
   1.0319133424932887      +\-   3.3914431192789672E-005
 precision:   3.2865580660917025E-005
 max=   1.4677331238164868     
 min=   0.0000000000000000     
       n_pass,     n_total
      140000      140203
 max=   1.4677331238164868     
 min=   0.0000000000000000     
       n_pass,     n_total
      150000      150203
 ITERATION            8 :
   1.0318196318735131      +\-   3.3749860509389342E-005
 precision:   3.2709069944820174E-005
 max=   1.4677331238164868     
 min=   0.0000000000000000     
       n_pass,     n_total
      160000      160269
 max=   1.4677331238164868     
 min=   0.0000000000000000     
       n_pass,     n_total
      170000      170269
 ITERATION            9 :
   1.0318669473220230      +\-   3.2530694250304782E-005
 precision:   3.1526055112755413E-005
 max=   1.4677331670838039     
 min=   0.0000000000000000     
       n_pass,     n_total
      180000      180337
 max=   1.4677331670838039     
 min=   0.0000000000000000     
       n_pass,     n_total
      190000      190337
 ITERATION           10 :
   1.0318773250239395      +\-   3.3535656617833975E-005
 precision:   3.2499654566065740E-005
 ====================NCALL=40K ===========================
  
 max=   1.4677347394927089     
 min=   0.0000000000000000     
       n_pass,     n_total
      200000      200472
 max=   1.4677347394927089     
 min=   0.0000000000000000     
       n_pass,     n_total
      210000      210472
 max=   1.4677347394927089     
 min=   0.0000000000000000     
       n_pass,     n_total
      220000      220472
 max=   1.4677347394927089     
 min=   0.0000000000000000     
       n_pass,     n_total
      230000      230472
   1.0318634491363847      +\-   1.6934965050631788E-005
 precision:   1.6412021440245278E-005
 ====================NCALL=80K ===========================
  
 max=   1.4677347394927089     
 min=   0.0000000000000000     
       n_pass,     n_total
      240000      240797
 max=   1.4677347394927089     
 min=   0.0000000000000000     
       n_pass,     n_total
      250000      250797
 max=   1.4677347394927089     
 min=   0.0000000000000000     
       n_pass,     n_total
      260000      260797
 max=   1.4677347394927089     
 min=   0.0000000000000000     
       n_pass,     n_total
      270000      270797
 max=   1.4677347394927089     
 min=   0.0000000000000000     
       n_pass,     n_total
      280000      280797
 max=   1.4677347394927089     
 min=   0.0000000000000000     
       n_pass,     n_total
      290000      290797
 max=   1.4677347394927089     
 min=   0.0000000000000000     
       n_pass,     n_total
      300000      300797
 max=   1.4677347394927089     
 min=   0.0000000000000000     
       n_pass,     n_total
      310000      310797
   1.0318472890553718      +\-   8.8595278488754770E-006
 precision:   8.5860843390751495E-006
 sigma (pb)                   sd (pb)
   1.0318472890553718        8.8595278488754770E-006
