 =======================================================
 |                                                     |
 |         \/\/\/\/\/\___________/\/\/\/\/\/           |
 |                   |     \     |                     |
 |                   |     /     |                     |
 |                   |     \     |                     |
 |         /\/\/\/\/\|_____/_____|/\/\/\/\/\           |
 |                                                     |
 | Light-by-light scattering at next-to-leading order  |
 |                   (VERSION 0.5)                     |
 |                                                     |
 |    Authors:                                         |
 |            Ajjath A.H. (LPTHE Paris)                |
 |            Ekta Chaubey (Bonn)                      |
 |            Mathijs Fraaije (Bern)                   |
 |            Valentin Hirschi (Bern)                  |
 |            Hua-Sheng Shao (LPTHE Paris)             |
 |                                                     |
 |    Please cite                                      |
 |            PLB 851 (2024) 138555 [arXiv:2312.16956] |
 |            JHEP 03 (2024) 121    [arXiv:2312.16966] |
 |                                                     |
 =======================================================
 ---------------------------------------------------
         the cuts in the lab frame                  
 min transverse momentum of photon    0.0000000000000000     
 max (pseudo-)rapidity of photon    5.0000000000000000     
 min (pseudo-)rapidity of photon   -5.0000000000000000     
 min invariant mass of di-photon    0.0000000000000000     
 ---------------------------------------------------
 WARNING: outside the range of the grid (xs,xt)=   1.0842467334882800E-002  -1.0842467226458385E-002
 WARNING: set the 2-loop amplitudes to zero
 WARNING: outside the range of the grid (xs,xt)=   1.0813194543979178E-002  -1.0813194435847490E-002
 WARNING: set the 2-loop amplitudes to zero
 WARNING: outside the range of the grid (xs,xt)=   1.0863107021184155E-002  -1.0863106912553344E-002
 WARNING: set the 2-loop amplitudes to zero
 WARNING: outside the range of the grid (xs,xt)=   1.0849998304076644E-002  -1.0849998195576921E-002
 WARNING: set the 2-loop amplitudes to zero
 WARNING: outside the range of the grid (xs,xt)=   1.0871445212946069E-002  -1.0871445104231875E-002
 WARNING: set the 2-loop amplitudes to zero
 INFO: will suppress the further warning
 max=   4.2518638309622199E-003
 min=   0.0000000000000000     
       n_pass,     n_total
       10000       10000
  
 ====================NCALL=20K===========================
  
 ITERATION            1 :
   3.0181500655901403E-003 +\-   5.2337954408433045E-007
 precision:   1.7341070944462591E-004
 max=   4.3450501342530987E-003
 min=   0.0000000000000000     
       n_pass,     n_total
       20000       20002
 max=   4.3450501342530987E-003
 min=   0.0000000000000000     
       n_pass,     n_total
       30000       30002
 ITERATION            2 :
   3.0168956738866994E-003 +\-   2.7511662592782102E-007
 precision:   9.1191958777078064E-005
 max=   4.3548058093931296E-003
 min=   0.0000000000000000     
       n_pass,     n_total
       40000       40011
 max=   4.3548058093931296E-003
 min=   0.0000000000000000     
       n_pass,     n_total
       50000       50011
 ITERATION            3 :
   3.0168426299902315E-003 +\-   1.9710729973953064E-007
 precision:   6.5335625325663372E-005
 max=   4.3548058093931296E-003
 min=   0.0000000000000000     
       n_pass,     n_total
       60000       60031
 max=   4.3548058093931296E-003
 min=   0.0000000000000000     
       n_pass,     n_total
       70000       70031
 ITERATION            4 :
   3.0170450311239319E-003 +\-   1.7647853565406191E-007
 precision:   5.8493835469309793E-005
 max=   4.3548058093931296E-003
 min=   0.0000000000000000     
       n_pass,     n_total
       80000       80053
 max=   4.3548058093931296E-003
 min=   0.0000000000000000     
       n_pass,     n_total
       90000       90053
 ITERATION            5 :
   3.0170561862787140E-003 +\-   1.5554384645548496E-007
 precision:   5.1554839171667947E-005
 max=   4.3548058093931296E-003
 min=   0.0000000000000000     
       n_pass,     n_total
      100000      100080
 max=   4.3548058093931296E-003
 min=   0.0000000000000000     
       n_pass,     n_total
      110000      110080
 ITERATION            6 :
   3.0169077884129006E-003 +\-   1.5293636311993940E-007
 precision:   5.0693085054612940E-005
 max=   4.3548058093931296E-003
 min=   0.0000000000000000     
       n_pass,     n_total
      120000      120104
 max=   4.3548058093931296E-003
 min=   0.0000000000000000     
       n_pass,     n_total
      130000      130104
 ITERATION            7 :
   3.0170986078260848E-003 +\-   1.5368812672782052E-007
 precision:   5.0939046648713180E-005
 max=   4.3548058093931296E-003
 min=   0.0000000000000000     
       n_pass,     n_total
      140000      140133
 max=   4.3548058093931296E-003
 min=   0.0000000000000000     
       n_pass,     n_total
      150000      150133
 ITERATION            8 :
   3.0169793904514454E-003 +\-   1.4978543139560615E-007
 precision:   4.9647482468613422E-005
 max=   4.3549075730259972E-003
 min=   0.0000000000000000     
       n_pass,     n_total
      160000      160168
 max=   4.3549075730259972E-003
 min=   0.0000000000000000     
       n_pass,     n_total
      170000      170168
 ITERATION            9 :
   3.0170170475778265E-003 +\-   1.4568776884398644E-007
 precision:   4.8288679363263788E-005
 max=   4.3550182819327753E-003
 min=   0.0000000000000000     
       n_pass,     n_total
      180000      180196
 max=   4.3550182819327753E-003
 min=   0.0000000000000000     
       n_pass,     n_total
      190000      190196
 ITERATION           10 :
   3.0171975972814349E-003 +\-   1.5871609914561110E-007
 precision:   5.2603813316243520E-005
 ====================NCALL=40K ===========================
  
 max=   4.3550182819327753E-003
 min=   0.0000000000000000     
       n_pass,     n_total
      200000      200249
 max=   4.3550182819327753E-003
 min=   0.0000000000000000     
       n_pass,     n_total
      210000      210249
 max=   4.3550182819327753E-003
 min=   0.0000000000000000     
       n_pass,     n_total
      220000      220249
 max=   4.3550182819327753E-003
 min=   0.0000000000000000     
       n_pass,     n_total
      230000      230249
   3.0171182205924953E-003 +\-   8.1446681051711847E-008
 precision:   2.6994859033305470E-005
 ====================NCALL=80K ===========================
  
 max=   4.3550182819327753E-003
 min=   0.0000000000000000     
       n_pass,     n_total
      240000      240396
 max=   4.3550182819327753E-003
 min=   0.0000000000000000     
       n_pass,     n_total
      250000      250396
 max=   4.3550182819327753E-003
 min=   0.0000000000000000     
       n_pass,     n_total
      260000      260396
 max=   4.3550182819327753E-003
 min=   0.0000000000000000     
       n_pass,     n_total
      270000      270396
 max=   4.3550182819327753E-003
 min=   0.0000000000000000     
       n_pass,     n_total
      280000      280396
 max=   4.3550182819327753E-003
 min=   0.0000000000000000     
       n_pass,     n_total
      290000      290396
 max=   4.3550182819327753E-003
 min=   0.0000000000000000     
       n_pass,     n_total
      300000      300396
 max=   4.3550182819327753E-003
 min=   0.0000000000000000     
       n_pass,     n_total
      310000      310396
   3.0169294392863397E-003 +\-   4.2224105092174316E-008
 precision:   1.3995721789954261E-005
 sigma (pb)                   sd (pb)
   3.0169294392863397E-003   4.2224105092174316E-008
