 =======================================================
 |                                                     |
 |         \/\/\/\/\/\___________/\/\/\/\/\/           |
 |                   |     \     |                     |
 |                   |     /     |                     |
 |                   |     \     |                     |
 |         /\/\/\/\/\|_____/_____|/\/\/\/\/\           |
 |                                                     |
 | Light-by-light scattering at next-to-leading order  |
 |                   (VERSION 0.5)                     |
 |                                                     |
 |    Authors:                                         |
 |            Ajjath A.H. (LPTHE Paris)                |
 |            Ekta Chaubey (Bonn)                      |
 |            Mathijs Fraaije (Bern)                   |
 |            Valentin Hirschi (Bern)                  |
 |            Hua-Sheng Shao (LPTHE Paris)             |
 |                                                     |
 |    Please cite                                      |
 |            PLB 851 (2024) 138555 [arXiv:2312.16956] |
 |            JHEP 03 (2024) 121    [arXiv:2312.16966] |
 |                                                     |
 =======================================================
 ---------------------------------------------------
         the cuts in the lab frame                  
 min transverse momentum of photon    0.0000000000000000     
 max (pseudo-)rapidity of photon    5.0000000000000000     
 min (pseudo-)rapidity of photon   -5.0000000000000000     
 min invariant mass of di-photon    0.0000000000000000     
 ---------------------------------------------------
 max=   83940.737391703340     
 min=   0.0000000000000000     
       n_pass,     n_total
       10000       10000
  
 ====================NCALL=20K===========================
  
 ITERATION            1 :
   1238.6650987454395      +\-   10.432553378912621     
 precision:   8.4224165107090292E-003
 WARNING: outside the range of the grid (xs,xt)=  0.17390144798396073      -0.17389311754220910     
 WARNING: set the 2-loop amplitudes to zero
 WARNING: outside the range of the grid (xs,xt)=  0.16882430795847744      -0.16881622072815239     
 WARNING: set the 2-loop amplitudes to zero
 WARNING: outside the range of the grid (xs,xt)=   8.1283173677634310E-002  -8.1279279950747282E-002
 WARNING: set the 2-loop amplitudes to zero
 WARNING: outside the range of the grid (xs,xt)=   74739.641775268930       -74736.061504721656     
 WARNING: set the 2-loop amplitudes to zero
 WARNING: outside the range of the grid (xs,xt)=   1.5176327961454354       -1.5175600966265113     
 WARNING: set the 2-loop amplitudes to zero
 INFO: will suppress the further warning
 max=   91244.631616387836     
 min=   0.0000000000000000     
       n_pass,     n_total
       20000       20009
 max=   91244.631616387836     
 min=   0.0000000000000000     
       n_pass,     n_total
       30000       30009
 ITERATION            2 :
   1226.3375096283048      +\-   2.6241502427941827     
 precision:   2.1398271048477888E-003
 max=   92789.764980161475     
 min=   0.0000000000000000     
       n_pass,     n_total
       40000       40044
 max=   92789.764980161475     
 min=   0.0000000000000000     
       n_pass,     n_total
       50000       50044
 ITERATION            3 :
   1226.0836109221389      +\-  0.88574411034506240     
 precision:   7.2241738039291892E-004
 max=   93234.263827461822     
 min=   0.0000000000000000     
       n_pass,     n_total
       60000       60178
 max=   93234.263827461822     
 min=   0.0000000000000000     
       n_pass,     n_total
       70000       70178
 ITERATION            4 :
   1226.5703061561958      +\-  0.55086870839342439     
 precision:   4.4911303137585890E-004
 max=   93442.657119664742     
 min=   0.0000000000000000     
       n_pass,     n_total
       80000       80494
 max=   93442.657119664742     
 min=   0.0000000000000000     
       n_pass,     n_total
       90000       90494
 ITERATION            5 :
   1226.1447890752247      +\-  0.37196994474111811     
 precision:   3.0336543290426814E-004
 max=   93541.213422807501     
 min=   0.0000000000000000     
       n_pass,     n_total
      100000      100934
 max=   93541.213422807501     
 min=   0.0000000000000000     
       n_pass,     n_total
      110000      110934
 ITERATION            6 :
   1226.3206283872453      +\-  0.30876228195835920     
 precision:   2.5177940810179280E-004
 max=   93546.310922749530     
 min=   0.0000000000000000     
       n_pass,     n_total
      120000      121318
 max=   93546.310922749530     
 min=   0.0000000000000000     
       n_pass,     n_total
      130000      131318
 ITERATION            7 :
   1227.0601945517330      +\-  0.33643444443494525     
 precision:   2.7417925047911016E-004
 max=   93578.802557297706     
 min=   0.0000000000000000     
       n_pass,     n_total
      140000      141921
 max=   93578.802557297706     
 min=   0.0000000000000000     
       n_pass,     n_total
      150000      151921
 ITERATION            8 :
   1225.7401425418191      +\-  0.32135507735205410     
 precision:   2.6217227142912985E-004
 max=   93578.802557297706     
 min=   0.0000000000000000     
       n_pass,     n_total
      160000      162645
 max=   93578.802557297706     
 min=   0.0000000000000000     
       n_pass,     n_total
      170000      172645
 ITERATION            9 :
   1226.2217973164522      +\-  0.30780900751507639     
 precision:   2.5102229318440329E-004
 max=   93578.802557297706     
 min=   0.0000000000000000     
       n_pass,     n_total
      180000      183225
 max=   93578.802557297706     
 min=   0.0000000000000000     
       n_pass,     n_total
      190000      193225
 ITERATION           10 :
   1226.8527202957837      +\-  0.30149163642266874     
 precision:   2.4574395233845320E-004
 ====================NCALL=40K ===========================
  
 max=   93587.809252700215     
 min=   0.0000000000000000     
       n_pass,     n_total
      200000      204401
 max=   93587.809252700215     
 min=   0.0000000000000000     
       n_pass,     n_total
      210000      214401
 max=   93587.809252700215     
 min=   0.0000000000000000     
       n_pass,     n_total
      220000      224401
 max=   93587.809252700215     
 min=   0.0000000000000000     
       n_pass,     n_total
      230000      234401
   1226.4633684375838      +\-  0.16070560020592198     
 precision:   1.3103171634930121E-004
 ====================NCALL=80K ===========================
  
 max=   93591.841274424791     
 min=   0.0000000000000000     
       n_pass,     n_total
      240000      246424
 max=   93591.841274424791     
 min=   0.0000000000000000     
       n_pass,     n_total
      250000      256424
 max=   93591.841274424791     
 min=   0.0000000000000000     
       n_pass,     n_total
      260000      266424
 max=   93591.841274424791     
 min=   0.0000000000000000     
       n_pass,     n_total
      270000      276424
 max=   93591.841274424791     
 min=   0.0000000000000000     
       n_pass,     n_total
      280000      286424
 max=   93591.841274424791     
 min=   0.0000000000000000     
       n_pass,     n_total
      290000      296424
 max=   93591.841274424791     
 min=   0.0000000000000000     
       n_pass,     n_total
      300000      306424
   1226.2734357508325      +\-   7.6562322868805960E-002
 precision:   6.2434951811483842E-005
 sigma (pb)                   sd (pb)
   1226.2734357508325        7.6562322868805960E-002
