 =======================================================
 |                                                     |
 |         \/\/\/\/\/\___________/\/\/\/\/\/           |
 |                   |     \     |                     |
 |                   |     /     |                     |
 |                   |     \     |                     |
 |         /\/\/\/\/\|_____/_____|/\/\/\/\/\           |
 |                                                     |
 | Light-by-light scattering at next-to-leading order  |
 |                   (VERSION 0.5)                     |
 |                                                     |
 |    Authors:                                         |
 |            Ajjath A.H. (LPTHE Paris)                |
 |            Ekta Chaubey (Bonn)                      |
 |            Mathijs Fraaije (Bern)                   |
 |            Valentin Hirschi (Bern)                  |
 |            Hua-Sheng Shao (LPTHE Paris)             |
 |                                                     |
 |    Please cite                                      |
 |            PLB 851 (2024) 138555 [arXiv:2312.16956] |
 |            JHEP 03 (2024) 121    [arXiv:2312.16966] |
 |                                                     |
 =======================================================
 ---------------------------------------------------
         the cuts in the lab frame                  
 min transverse momentum of photon    0.0000000000000000     
 max (pseudo-)rapidity of photon    5.0000000000000000     
 min (pseudo-)rapidity of photon   -5.0000000000000000     
 min invariant mass of di-photon    0.0000000000000000     
 ---------------------------------------------------
 max=   828781.57703730557     
 min=   0.0000000000000000     
       n_pass,     n_total
       10000       10000
  
 ====================NCALL=20K===========================
  
 ITERATION            1 :
   33250.995226527710      +\-   147.53206305735822     
 precision:   4.4369217237641310E-003
 max=   838766.29544125730     
 min=   0.0000000000000000     
       n_pass,     n_total
       20000       20007
 max=   838766.29544125730     
 min=   0.0000000000000000     
       n_pass,     n_total
       30000       30007
 ITERATION            2 :
   32988.120378160085      +\-   22.585833817653853     
 precision:   6.8466567839393759E-004
 WARNING: outside the range of the grid (xs,xt)=   2833.3224826804435       -2833.1815290792588     
 WARNING: set the 2-loop amplitudes to zero
 WARNING: outside the range of the grid (xs,xt)=   5.7532295039643654E-002  -5.7529432893093153E-002
 WARNING: set the 2-loop amplitudes to zero
 WARNING: outside the range of the grid (xs,xt)=   2833.3224826804435       -2833.1929664630643     
 WARNING: set the 2-loop amplitudes to zero
 WARNING: outside the range of the grid (xs,xt)=   5.7532295039643654E-002  -5.7529665135961236E-002
 WARNING: set the 2-loop amplitudes to zero
 WARNING: outside the range of the grid (xs,xt)=   2833.3224826804435       -2833.1821735630574     
 WARNING: set the 2-loop amplitudes to zero
 INFO: will suppress the further warning
 max=   838766.29544125730     
 min=   0.0000000000000000     
       n_pass,     n_total
       40000       40035
 max=   838766.29544125730     
 min=   0.0000000000000000     
       n_pass,     n_total
       50000       50035
 ITERATION            3 :
   32970.260534547422      +\-   12.527824453343525     
 precision:   3.7997347458678467E-004
 max=   839154.61199039756     
 min=   0.0000000000000000     
       n_pass,     n_total
       60000       60118
 max=   839154.61199039756     
 min=   0.0000000000000000     
       n_pass,     n_total
       70000       70118
 ITERATION            4 :
   32968.860695823452      +\-   9.8306661315105366     
 precision:   2.9818034120772337E-004
 max=   839603.68813700415     
 min=   0.0000000000000000     
       n_pass,     n_total
       80000       80281
 max=   839603.68813700415     
 min=   0.0000000000000000     
       n_pass,     n_total
       90000       90281
 ITERATION            5 :
   32963.007704417287      +\-   8.2493025060621523     
 precision:   2.5025939926460913E-004
 max=   840542.29080658616     
 min=   0.0000000000000000     
       n_pass,     n_total
      100000      100532
 max=   840542.29080658616     
 min=   0.0000000000000000     
       n_pass,     n_total
      110000      110532
 ITERATION            6 :
   32965.536274405124      +\-   7.3973032403547609     
 precision:   2.2439505242018842E-004
 max=   840542.29080658616     
 min=   0.0000000000000000     
       n_pass,     n_total
      120000      120781
 max=   840542.29080658616     
 min=   0.0000000000000000     
       n_pass,     n_total
      130000      130781
 ITERATION            7 :
   32981.351733847827      +\-   7.1830420925264562     
 precision:   2.1779101567734422E-004
 max=   840542.29080658616     
 min=   0.0000000000000000     
       n_pass,     n_total
      140000      141092
 max=   840542.29080658616     
 min=   0.0000000000000000     
       n_pass,     n_total
      150000      151092
 ITERATION            8 :
   32956.698616875779      +\-   7.0827258961194275     
 precision:   2.1491005450687505E-004
 max=   840542.29080658616     
 min=   0.0000000000000000     
       n_pass,     n_total
      160000      161336
 max=   840542.29080658616     
 min=   0.0000000000000000     
       n_pass,     n_total
      170000      171336
 ITERATION            9 :
   32969.301665736042      +\-   6.9822217954227925     
 precision:   2.1177948705778006E-004
 max=   840542.29080658616     
 min=   0.0000000000000000     
       n_pass,     n_total
      180000      181641
 max=   840542.29080658616     
 min=   0.0000000000000000     
       n_pass,     n_total
      190000      191641
 ITERATION           10 :
   32976.253660549810      +\-   6.8507924934104150     
 precision:   2.0774926600004181E-004
 ====================NCALL=40K ===========================
  
 max=   840542.29080658616     
 min=   0.0000000000000000     
       n_pass,     n_total
      200000      202047
 max=   840542.29080658616     
 min=   0.0000000000000000     
       n_pass,     n_total
      210000      212047
 max=   840542.29080658616     
 min=   0.0000000000000000     
       n_pass,     n_total
      220000      222047
 max=   840542.29080658616     
 min=   0.0000000000000000     
       n_pass,     n_total
      230000      232047
   32974.231026714886      +\-   3.1742872929681893     
 precision:   9.6265695791251723E-005
 ====================NCALL=80K ===========================
  
 max=   840585.57219316473     
 min=   0.0000000000000000     
       n_pass,     n_total
      240000      242723
 max=   840585.57219316473     
 min=   0.0000000000000000     
       n_pass,     n_total
      250000      252723
 max=   840585.57219316473     
 min=   0.0000000000000000     
       n_pass,     n_total
      260000      262723
 max=   840585.57219316473     
 min=   0.0000000000000000     
       n_pass,     n_total
      270000      272723
 max=   840585.57219316473     
 min=   0.0000000000000000     
       n_pass,     n_total
      280000      282723
 max=   840585.57219316473     
 min=   0.0000000000000000     
       n_pass,     n_total
      290000      292723
 max=   840585.57219316473     
 min=   0.0000000000000000     
       n_pass,     n_total
      300000      302723
 max=   840585.57219316473     
 min=   0.0000000000000000     
       n_pass,     n_total
      310000      312723
   32968.733533056075      +\-   1.9436730909307662     
 precision:   5.8955042630980770E-005
 sigma (pb)                   sd (pb)
   32968.733533056075        1.9436730909307662     
