 =======================================================
 |                                                     |
 |         \/\/\/\/\/\___________/\/\/\/\/\/           |
 |                   |     \     |                     |
 |                   |     /     |                     |
 |                   |     \     |                     |
 |         /\/\/\/\/\|_____/_____|/\/\/\/\/\           |
 |                                                     |
 | Light-by-light scattering at next-to-leading order  |
 |                   (VERSION 0.5)                     |
 |                                                     |
 |    Authors:                                         |
 |            Ajjath A.H. (LPTHE Paris)                |
 |            Ekta Chaubey (Bonn)                      |
 |            Mathijs Fraaije (Bern)                   |
 |            Valentin Hirschi (Bern)                  |
 |            Hua-Sheng Shao (LPTHE Paris)             |
 |                                                     |
 |    Please cite                                      |
 |            PLB 851 (2024) 138555 [arXiv:2312.16956] |
 |            JHEP 03 (2024) 121    [arXiv:2312.16966] |
 |                                                     |
 =======================================================
 ---------------------------------------------------
         the cuts in the lab frame                  
 min transverse momentum of photon    0.0000000000000000     
 max (pseudo-)rapidity of photon    5.0000000000000000     
 min (pseudo-)rapidity of photon   -5.0000000000000000     
 min invariant mass of di-photon    0.0000000000000000     
 ---------------------------------------------------
 WARNING: outside the range of the grid (xs,xt)=   4.1179406654976827       -4.1179406243552634     
 WARNING: set the 2-loop amplitudes to zero
 WARNING: outside the range of the grid (xs,xt)=   4.1179776199391398       -4.1179775787963511     
 WARNING: set the 2-loop amplitudes to zero
 max=   4885224829073749.0     
 min=   0.0000000000000000     
       n_pass,     n_total
       10000       10000
  
 ====================NCALL=20K===========================
  
 ITERATION            1 :
   446912021827.42950      +\-   318107230373.55896     
 precision:  0.71178937875247583     
 WARNING: outside the range of the grid (xs,xt)=   4.1179544642731827       -4.1179544231306258     
 WARNING: set the 2-loop amplitudes to zero
 WARNING: outside the range of the grid (xs,xt)=   4.1179578186784829       -4.1179577775358922     
 WARNING: set the 2-loop amplitudes to zero
 WARNING: outside the range of the grid (xs,xt)=   4.1180066906325354       -4.1180066494894563     
 WARNING: set the 2-loop amplitudes to zero
 INFO: will suppress the further warning
 max=   11500234279724678.     
 min=   0.0000000000000000     
       n_pass,     n_total
       20000       20017
 max=   11500234279724678.     
 min=   0.0000000000000000     
       n_pass,     n_total
       30000       30017
 ITERATION            2 :
   292329111292.25134      +\-   245815159761.16327     
 precision:  0.84088498293765035     
 max=   12604104343006310.     
 min=   0.0000000000000000     
       n_pass,     n_total
       40000       40290
 max=   12604104343006310.     
 min=   0.0000000000000000     
       n_pass,     n_total
       50000       50290
 ITERATION            3 :
   289356209212.70239      +\-   27314908713.570602     
 precision:   9.4398902957329417E-002
 max=   12652116005972150.     
 min=   0.0000000000000000     
       n_pass,     n_total
       60000       65164
 max=   12652116005972150.     
 min=   0.0000000000000000     
       n_pass,     n_total
       70000       75164
 ITERATION            4 :
   293184084943.30194      +\-   1034359170.3877944     
 precision:   3.5280195055192925E-003
 max=   12653356714937010.     
 min=   0.0000000000000000     
       n_pass,     n_total
       80000       90481
 ITERATION            5 :
   294115153865.21936      +\-   137460796.67363948     
 precision:   4.6737067052530042E-004
 max=   12653570843070168.     
 min=   0.0000000000000000     
       n_pass,     n_total
       90000      103888
 max=   12653570843070168.     
 min=   0.0000000000000000     
       n_pass,     n_total
      100000      113888
 ITERATION            6 :
   294121774051.94678      +\-   53324053.186465189     
 precision:   1.8129923688358848E-004
 max=   12653965361959550.     
 min=   0.0000000000000000     
       n_pass,     n_total
      110000      126448
 max=   12653965361959550.     
 min=   0.0000000000000000     
       n_pass,     n_total
      120000      136448
 ITERATION            7 :
   294059807325.29016      +\-   24737717.560401347     
 precision:   8.4124783272527902E-005
 max=   12653965361959550.     
 min=   0.0000000000000000     
       n_pass,     n_total
      130000      147335
 ITERATION            8 :
   294023588565.19659      +\-   21803565.073184803     
 precision:   7.4155836202067493E-005
 max=   12653965361959550.     
 min=   0.0000000000000000     
       n_pass,     n_total
      140000      159635
 max=   12653965361959550.     
 min=   0.0000000000000000     
       n_pass,     n_total
      150000      169635
 ITERATION            9 :
   294042961999.40790      +\-   18496843.891571384     
 precision:   6.2905242709426350E-005
 max=   12653977385218884.     
 min=   0.0000000000000000     
       n_pass,     n_total
      160000      180873
 max=   12653977385218884.     
 min=   0.0000000000000000     
       n_pass,     n_total
      170000      190873
 ITERATION           10 :
   294045170616.76385      +\-   13796291.029442405     
 precision:   4.6918951263523532E-005
 ====================NCALL=40K ===========================
  
 max=   12653977385218884.     
 min=   0.0000000000000000     
       n_pass,     n_total
      180000      203086
 max=   12653977385218884.     
 min=   0.0000000000000000     
       n_pass,     n_total
      190000      213086
 max=   12653977385218884.     
 min=   0.0000000000000000     
       n_pass,     n_total
      200000      223086
 max=   12653977385218884.     
 min=   0.0000000000000000     
       n_pass,     n_total
      210000      233086
   293527426372.61230      +\-   12097735.500454986     
 precision:   4.1215008934455644E-005
 ====================NCALL=80K ===========================
  
 max=   12653983280609144.     
 min=   0.0000000000000000     
       n_pass,     n_total
      220000      254595
 max=   12653983280609144.     
 min=   0.0000000000000000     
       n_pass,     n_total
      230000      264595
 max=   12653983280609144.     
 min=   0.0000000000000000     
       n_pass,     n_total
      240000      274595
 max=   12653983280609144.     
 min=   0.0000000000000000     
       n_pass,     n_total
      250000      284595
 max=   12653983280609144.     
 min=   0.0000000000000000     
       n_pass,     n_total
      260000      294595
 max=   12653983280609144.     
 min=   0.0000000000000000     
       n_pass,     n_total
      270000      304595
 max=   12653983280609144.     
 min=   0.0000000000000000     
       n_pass,     n_total
      280000      314595
   290494930993.94501      +\-   3819195.1466211076     
 precision:   1.3147200653565669E-005
 sigma (pb)                   sd (pb)
   290494930993.94501        3819195.1466211076     
