 =======================================================
 |                                                     |
 |         \/\/\/\/\/\___________/\/\/\/\/\/           |
 |                   |     \     |                     |
 |                   |     /     |                     |
 |                   |     \     |                     |
 |         /\/\/\/\/\|_____/_____|/\/\/\/\/\           |
 |                                                     |
 | Light-by-light scattering at next-to-leading order  |
 |                   (VERSION 0.5)                     |
 |                                                     |
 |    Authors:                                         |
 |            Ajjath A.H. (LPTHE Paris)                |
 |            Ekta Chaubey (Bonn)                      |
 |            Mathijs Fraaije (Bern)                   |
 |            Valentin Hirschi (Bern)                  |
 |            Hua-Sheng Shao (LPTHE Paris)             |
 |                                                     |
 |    Please cite                                      |
 |            PLB 851 (2024) 138555 [arXiv:2312.16956] |
 |            JHEP 03 (2024) 121    [arXiv:2312.16966] |
 |                                                     |
 =======================================================
 ---------------------------------------------------
         the cuts in the lab frame                  
 min transverse momentum of photon    0.0000000000000000     
 max (pseudo-)rapidity of photon    5.0000000000000000     
 min (pseudo-)rapidity of photon   -5.0000000000000000     
 min invariant mass of di-photon    0.0000000000000000     
 ---------------------------------------------------
 max=  0.85445523331407125     
 min=   0.0000000000000000     
       n_pass,     n_total
       10000       10000
  
 ====================NCALL=20K===========================
  
 ITERATION            1 :
   1.3778007471603461E-002 +\-   1.0664461708937648E-004
 precision:   7.7402060718265355E-003
 WARNING: outside the range of the grid (xs,xt)=   321675.20605925593       -321659.41830817383     
 WARNING: set the 2-loop amplitudes to zero
 WARNING: outside the range of the grid (xs,xt)=   312283.73702422139       -312268.41020445339     
 WARNING: set the 2-loop amplitudes to zero
 WARNING: outside the range of the grid (xs,xt)=   150354.01915868389       -150346.63981522206     
 WARNING: set the 2-loop amplitudes to zero
 WARNING: outside the range of the grid (xs,xt)=   16044.444444444445       -16043.656986504364     
 WARNING: set the 2-loop amplitudes to zero
 WARNING: outside the range of the grid (xs,xt)=   1600.0000000000000       -1599.9214723383852     
 WARNING: set the 2-loop amplitudes to zero
 INFO: will suppress the further warning
 max=  0.90824965741127972     
 min=   0.0000000000000000     
       n_pass,     n_total
       20000       20008
 max=  0.90824965741127972     
 min=   0.0000000000000000     
       n_pass,     n_total
       30000       30008
 ITERATION            2 :
   1.3653890073742814E-002 +\-   2.6582187728866043E-005
 precision:   1.9468581909843452E-003
 max=  0.96923620246703202     
 min=   0.0000000000000000     
       n_pass,     n_total
       40000       40041
 max=  0.96923620246703202     
 min=   0.0000000000000000     
       n_pass,     n_total
       50000       50041
 ITERATION            3 :
   1.3646594078210995E-002 +\-   9.4163796165965491E-006
 precision:   6.9001683223151840E-004
 max=  0.96983554120225546     
 min=   0.0000000000000000     
       n_pass,     n_total
       60000       60162
 max=  0.96983554120225546     
 min=   0.0000000000000000     
       n_pass,     n_total
       70000       70162
 ITERATION            4 :
   1.3647705831094408E-002 +\-   5.9713167427002361E-006
 precision:   4.3753263856958417E-004
 max=  0.97063864753657692     
 min=   0.0000000000000000     
       n_pass,     n_total
       80000       80447
 max=  0.97063864753657692     
 min=   0.0000000000000000     
       n_pass,     n_total
       90000       90447
 ITERATION            5 :
   1.3646664437520297E-002 +\-   4.1304926565760808E-006
 precision:   3.0267415715298578E-004
 max=  0.97063864753657692     
 min=   0.0000000000000000     
       n_pass,     n_total
      100000      100767
 max=  0.97063864753657692     
 min=   0.0000000000000000     
       n_pass,     n_total
      110000      110767
 ITERATION            6 :
   1.3644770850485726E-002 +\-   4.4602195476585418E-006
 precision:   3.2688123505568195E-004
 max=  0.97063864753657692     
 min=   0.0000000000000000     
       n_pass,     n_total
      120000      121187
 max=  0.97063864753657692     
 min=   0.0000000000000000     
       n_pass,     n_total
      130000      131187
 ITERATION            7 :
   1.3652687874353598E-002 +\-   4.0079977376851888E-006
 precision:   2.9356840019862767E-004
 max=  0.97071260051316999     
 min=   0.0000000000000000     
       n_pass,     n_total
      140000      141736
 max=  0.97071260051316999     
 min=   0.0000000000000000     
       n_pass,     n_total
      150000      151736
 ITERATION            8 :
   1.3640815907430570E-002 +\-   3.7013848419703286E-006
 precision:   2.7134629387924445E-004
 max=  0.97071260051316999     
 min=   0.0000000000000000     
       n_pass,     n_total
      160000      162340
 max=  0.97071260051316999     
 min=   0.0000000000000000     
       n_pass,     n_total
      170000      172340
 ITERATION            9 :
   1.3647252771368914E-002 +\-   3.5779894237041619E-006
 precision:   2.6217653352259739E-004
 max=  0.97071260051316999     
 min=   0.0000000000000000     
       n_pass,     n_total
      180000      182965
 max=  0.97071260051316999     
 min=   0.0000000000000000     
       n_pass,     n_total
      190000      192965
 ITERATION           10 :
   1.3651227263230458E-002 +\-   3.5654864571222683E-006
 precision:   2.6118431613294548E-004
 ====================NCALL=40K ===========================
  
 max=  0.97071260051316999     
 min=   0.0000000000000000     
       n_pass,     n_total
      200000      203987
 max=  0.97071260051316999     
 min=   0.0000000000000000     
       n_pass,     n_total
      210000      213987
 max=  0.97071260051316999     
 min=   0.0000000000000000     
       n_pass,     n_total
      220000      223987
 max=  0.97071260051316999     
 min=   0.0000000000000000     
       n_pass,     n_total
      230000      233987
   1.3649003147243842E-002 +\-   1.7056961669142123E-006
 precision:   1.2496855253921202E-004
 ====================NCALL=80K ===========================
  
 max=  0.97074136921697107     
 min=   0.0000000000000000     
       n_pass,     n_total
      240000      246305
 max=  0.97074136921697107     
 min=   0.0000000000000000     
       n_pass,     n_total
      250000      256305
 max=  0.97074136921697107     
 min=   0.0000000000000000     
       n_pass,     n_total
      260000      266305
 max=  0.97074136921697107     
 min=   0.0000000000000000     
       n_pass,     n_total
      270000      276305
 max=  0.97074136921697107     
 min=   0.0000000000000000     
       n_pass,     n_total
      280000      286305
 max=  0.97074136921697107     
 min=   0.0000000000000000     
       n_pass,     n_total
      290000      296305
 max=  0.97074136921697107     
 min=   0.0000000000000000     
       n_pass,     n_total
      300000      306305
   1.3647630145136758E-002 +\-   9.1225157396174293E-007
 precision:   6.6843222175596372E-005
 sigma (pb)                   sd (pb)
   1.3647630145136758E-002   9.1225157396174293E-007
