 =======================================================
 |                                                     |
 |         \/\/\/\/\/\___________/\/\/\/\/\/           |
 |                   |     \     |                     |
 |                   |     /     |                     |
 |                   |     \     |                     |
 |         /\/\/\/\/\|_____/_____|/\/\/\/\/\           |
 |                                                     |
 | Light-by-light scattering at next-to-leading order  |
 |                   (VERSION 0.5)                     |
 |                                                     |
 |    Authors:                                         |
 |            Ajjath A.H. (LPTHE Paris)                |
 |            Ekta Chaubey (Bonn)                      |
 |            Mathijs Fraaije (Bern)                   |
 |            Valentin Hirschi (Bern)                  |
 |            Hua-Sheng Shao (LPTHE Paris)             |
 |                                                     |
 |    Please cite                                      |
 |            PLB 851 (2024) 138555 [arXiv:2312.16956] |
 |            JHEP 03 (2024) 121    [arXiv:2312.16966] |
 |                                                     |
 =======================================================
 ---------------------------------------------------
         the cuts in the lab frame                  
 min transverse momentum of photon    0.0000000000000000     
 max (pseudo-)rapidity of photon    5.0000000000000000     
 min (pseudo-)rapidity of photon   -5.0000000000000000     
 min invariant mass of di-photon    0.0000000000000000     
 ---------------------------------------------------
 max=   6.7607436843679939E-007
 min=   0.0000000000000000     
       n_pass,     n_total
       10000       10000
  
 ====================NCALL=20K===========================
  
 ITERATION            1 :
   5.3176611871713574E-007 +\-   4.2976068624606231E-010
 precision:   8.0817613443075805E-004
 max=   2.3271682328415513E-006
 min=   0.0000000000000000     
       n_pass,     n_total
       20000       20002
 max=   2.3271682328415513E-006
 min=   0.0000000000000000     
       n_pass,     n_total
       30000       30002
 ITERATION            2 :
   5.3202828807334719E-007 +\-   2.7075164279827910E-010
 precision:   5.0890459937527307E-004
 max=   2.3279580830778602E-006
 min=   0.0000000000000000     
       n_pass,     n_total
       40000       40002
 max=   2.3279580830778602E-006
 min=   0.0000000000000000     
       n_pass,     n_total
       50000       50002
 ITERATION            3 :
   5.3198226676169998E-007 +\-   2.5614903004995257E-010
 precision:   4.8149918907859732E-004
 max=   2.3285884579276887E-006
 min=   0.0000000000000000     
       n_pass,     n_total
       60000       60003
 max=   2.3285884579276887E-006
 min=   0.0000000000000000     
       n_pass,     n_total
       70000       70003
 ITERATION            4 :
   5.3206929567923367E-007 +\-   2.1018939669556065E-010
 precision:   3.9504139480034313E-004
 max=   2.3285884579276887E-006
 min=   0.0000000000000000     
       n_pass,     n_total
       80000       80004
 max=   2.3285884579276887E-006
 min=   0.0000000000000000     
       n_pass,     n_total
       90000       90004
 ITERATION            5 :
   5.3124003779700227E-007 +\-   2.6762646324028120E-010
 precision:   5.0377690723406429E-004
 max=   2.3285884579276887E-006
 min=   0.0000000000000000     
       n_pass,     n_total
      100000      100006
 max=   2.3285884579276887E-006
 min=   0.0000000000000000     
       n_pass,     n_total
      110000      110006
 ITERATION            6 :
   5.3156900171206705E-007 +\-   2.5827742996605565E-010
 precision:   4.8587752320808917E-004
 max=   2.3285884579276887E-006
 min=   0.0000000000000000     
       n_pass,     n_total
      120000      120009
 max=   2.3285884579276887E-006
 min=   0.0000000000000000     
       n_pass,     n_total
      130000      130009
 ITERATION            7 :
   5.3161367681663852E-007 +\-   2.2262756829833538E-010
 precision:   4.1877697660348747E-004
 max=   2.3286741475023699E-006
 min=   0.0000000000000000     
       n_pass,     n_total
      140000      140011
 max=   2.3286741475023699E-006
 min=   0.0000000000000000     
       n_pass,     n_total
      150000      150011
 ITERATION            8 :
   5.3117620667266706E-007 +\-   2.7529746658728334E-010
 precision:   5.1827898751672275E-004
 max=   2.3286741475023699E-006
 min=   0.0000000000000000     
       n_pass,     n_total
      160000      160017
 max=   2.3286741475023699E-006
 min=   0.0000000000000000     
       n_pass,     n_total
      170000      170017
 ITERATION            9 :
   5.3144997477511299E-007 +\-   2.3977799181249222E-010
 precision:   4.5117697467942502E-004
 max=   2.3286741475023699E-006
 min=   0.0000000000000000     
       n_pass,     n_total
      180000      180020
 max=   2.3286741475023699E-006
 min=   0.0000000000000000     
       n_pass,     n_total
      190000      190020
 ITERATION           10 :
   5.3161578085859578E-007 +\-   2.0789509136608043E-010
 precision:   3.9106267882100051E-004
 ====================NCALL=40K ===========================
  
 max=   2.3286741475023699E-006
 min=   0.0000000000000000     
       n_pass,     n_total
      200000      200023
 max=   2.3286741475023699E-006
 min=   0.0000000000000000     
       n_pass,     n_total
      210000      210023
 max=   2.3286741475023699E-006
 min=   0.0000000000000000     
       n_pass,     n_total
      220000      220023
 max=   2.3286741475023699E-006
 min=   0.0000000000000000     
       n_pass,     n_total
      230000      230023
   5.3154716165998572E-007 +\-   1.1621871878862471E-010
 precision:   2.1864234666531103E-004
 ====================NCALL=80K ===========================
  
 max=   2.3286833400578608E-006
 min=   0.0000000000000000     
       n_pass,     n_total
      240000      240034
 max=   2.3286833400578608E-006
 min=   0.0000000000000000     
       n_pass,     n_total
      250000      250034
 max=   2.3286833400578608E-006
 min=   0.0000000000000000     
       n_pass,     n_total
      260000      260034
 max=   2.3286833400578608E-006
 min=   0.0000000000000000     
       n_pass,     n_total
      270000      270034
 max=   2.3286833400578608E-006
 min=   0.0000000000000000     
       n_pass,     n_total
      280000      280034
 max=   2.3286833400578608E-006
 min=   0.0000000000000000     
       n_pass,     n_total
      290000      290034
 max=   2.3286833400578608E-006
 min=   0.0000000000000000     
       n_pass,     n_total
      300000      300034
 max=   2.3286833400578608E-006
 min=   0.0000000000000000     
       n_pass,     n_total
      310000      310034
   5.3168981666682535E-007 +\-   7.2548483785875640E-011
 precision:   1.3644888713626981E-004
 sigma (pb)                   sd (pb)
   5.3168981666682535E-007   7.2548483785875640E-011
