 =======================================================
 |                                                     |
 |         \/\/\/\/\/\___________/\/\/\/\/\/           |
 |                   |     \     |                     |
 |                   |     /     |                     |
 |                   |     \     |                     |
 |         /\/\/\/\/\|_____/_____|/\/\/\/\/\           |
 |                                                     |
 | Light-by-light scattering at next-to-leading order  |
 |                   (VERSION 0.5)                     |
 |                                                     |
 |    Authors:                                         |
 |            Ajjath A.H. (LPTHE Paris)                |
 |            Ekta Chaubey (Bonn)                      |
 |            Mathijs Fraaije (Bern)                   |
 |            Valentin Hirschi (Bern)                  |
 |            Hua-Sheng Shao (LPTHE Paris)             |
 |                                                     |
 |    Please cite                                      |
 |            PLB 851 (2024) 138555 [arXiv:2312.16956] |
 |            JHEP 03 (2024) 121    [arXiv:2312.16966] |
 |                                                     |
 =======================================================
 ---------------------------------------------------
         the cuts in the lab frame                  
 min transverse momentum of photon    0.0000000000000000     
 max (pseudo-)rapidity of photon    5.0000000000000000     
 min (pseudo-)rapidity of photon   -5.0000000000000000     
 min invariant mass of di-photon    0.0000000000000000     
 ---------------------------------------------------
 max=   704965.51002524747     
 min=   0.0000000000000000     
       n_pass,     n_total
       10000       10000
  
 ====================NCALL=20K===========================
  
 ITERATION            1 :
   24583.548759077999      +\-   123.85960118564174     
 precision:   5.0383125072576817E-003
 max=   715257.16982757254     
 min=   0.0000000000000000     
       n_pass,     n_total
       20000       20007
 max=   715257.16982757254     
 min=   0.0000000000000000     
       n_pass,     n_total
       30000       30007
 ITERATION            2 :
   24373.017119316348      +\-   19.558413536032457     
 precision:   8.0246173218053612E-004
 WARNING: outside the range of the grid (xs,xt)=   3848.3691468706083       -3848.1858254654289     
 WARNING: set the 2-loop amplitudes to zero
 WARNING: outside the range of the grid (xs,xt)=   7.8143420148123269E-002  -7.8139697698160593E-002
 WARNING: set the 2-loop amplitudes to zero
 WARNING: outside the range of the grid (xs,xt)=   3848.3691468706083       -3848.1811231384031     
 WARNING: set the 2-loop amplitudes to zero
 WARNING: outside the range of the grid (xs,xt)=   7.8143420148123269E-002  -7.8139602214618756E-002
 WARNING: set the 2-loop amplitudes to zero
 WARNING: outside the range of the grid (xs,xt)=   3848.3691468706083       -3848.1866636680329     
 WARNING: set the 2-loop amplitudes to zero
 INFO: will suppress the further warning
 max=   715257.16982757254     
 min=   0.0000000000000000     
       n_pass,     n_total
       40000       40036
 max=   715257.16982757254     
 min=   0.0000000000000000     
       n_pass,     n_total
       50000       50036
 ITERATION            3 :
   24355.322130899149      +\-   10.212953172158446     
 precision:   4.1933147577635446E-004
 max=   715257.16982757254     
 min=   0.0000000000000000     
       n_pass,     n_total
       60000       60123
 max=   715257.16982757254     
 min=   0.0000000000000000     
       n_pass,     n_total
       70000       70123
 ITERATION            4 :
   24357.283892135674      +\-   7.6618923363950380     
 precision:   3.1456267333932343E-004
 max=   715267.28394914279     
 min=   0.0000000000000000     
       n_pass,     n_total
       80000       80306
 max=   715267.28394914279     
 min=   0.0000000000000000     
       n_pass,     n_total
       90000       90306
 ITERATION            5 :
   24352.353837197719      +\-   6.3862767572677761     
 precision:   2.6224474233422438E-004
 max=   716473.38892786193     
 min=   0.0000000000000000     
       n_pass,     n_total
      100000      100583
 max=   716473.38892786193     
 min=   0.0000000000000000     
       n_pass,     n_total
      110000      110583
 ITERATION            6 :
   24355.055691352656      +\-   5.6253976581691827     
 precision:   2.3097453479305731E-004
 max=   716473.38892786193     
 min=   0.0000000000000000     
       n_pass,     n_total
      120000      120854
 max=   716473.38892786193     
 min=   0.0000000000000000     
       n_pass,     n_total
      130000      130854
 ITERATION            7 :
   24366.947635576431      +\-   5.4854772685531064     
 precision:   2.2511959029879289E-004
 max=   716473.38892786193     
 min=   0.0000000000000000     
       n_pass,     n_total
      140000      141179
 max=   716473.38892786193     
 min=   0.0000000000000000     
       n_pass,     n_total
      150000      151179
 ITERATION            8 :
   24348.434044200629      +\-   5.4529362543661684     
 precision:   2.2395428981047602E-004
 max=   716473.38892786193     
 min=   0.0000000000000000     
       n_pass,     n_total
      160000      161442
 max=   716473.38892786193     
 min=   0.0000000000000000     
       n_pass,     n_total
      170000      171442
 ITERATION            9 :
   24356.819622008577      +\-   5.2897108400515425     
 precision:   2.1717576112736053E-004
 max=   716473.38892786193     
 min=   0.0000000000000000     
       n_pass,     n_total
      180000      181772
 max=   716473.38892786193     
 min=   0.0000000000000000     
       n_pass,     n_total
      190000      191772
 ITERATION           10 :
   24362.374751154326      +\-   5.2713090009753838     
 precision:   2.1637090204950653E-004
 ====================NCALL=40K ===========================
  
 max=   716540.03540985764     
 min=   0.0000000000000000     
       n_pass,     n_total
      200000      202157
 max=   716540.03540985764     
 min=   0.0000000000000000     
       n_pass,     n_total
      210000      212157
 max=   716540.03540985764     
 min=   0.0000000000000000     
       n_pass,     n_total
      220000      222157
 max=   716540.03540985764     
 min=   0.0000000000000000     
       n_pass,     n_total
      230000      232157
   24360.066964068348      +\-   2.5386989793123029     
 precision:   1.0421559936829983E-004
 ====================NCALL=80K ===========================
  
 max=   716673.33663498831     
 min=   0.0000000000000000     
       n_pass,     n_total
      240000      243055
 max=   716673.33663498831     
 min=   0.0000000000000000     
       n_pass,     n_total
      250000      253055
 max=   716673.33663498831     
 min=   0.0000000000000000     
       n_pass,     n_total
      260000      263055
 max=   716673.33663498831     
 min=   0.0000000000000000     
       n_pass,     n_total
      270000      273055
 max=   716673.33663498831     
 min=   0.0000000000000000     
       n_pass,     n_total
      280000      283055
 max=   716673.33663498831     
 min=   0.0000000000000000     
       n_pass,     n_total
      290000      293055
 max=   716673.33663498831     
 min=   0.0000000000000000     
       n_pass,     n_total
      300000      303055
 max=   716673.33663498831     
 min=   0.0000000000000000     
       n_pass,     n_total
      310000      313055
   24357.753539393183      +\-   1.3143321007043662     
 precision:   5.3959495836868942E-005
 sigma (pb)                   sd (pb)
   24357.753539393183        1.3143321007043662     
