 =======================================================
 |                                                     |
 |         \/\/\/\/\/\___________/\/\/\/\/\/           |
 |                   |     \     |                     |
 |                   |     /     |                     |
 |                   |     \     |                     |
 |         /\/\/\/\/\|_____/_____|/\/\/\/\/\           |
 |                                                     |
 | Light-by-light scattering at next-to-leading order  |
 |                   (VERSION 0.5)                     |
 |                                                     |
 |    Authors:                                         |
 |            Ajjath A.H. (LPTHE Paris)                |
 |            Ekta Chaubey (Bonn)                      |
 |            Mathijs Fraaije (Bern)                   |
 |            Valentin Hirschi (Bern)                  |
 |            Hua-Sheng Shao (LPTHE Paris)             |
 |                                                     |
 |    Please cite                                      |
 |            PLB 851 (2024) 138555 [arXiv:2312.16956] |
 |            JHEP 03 (2024) 121    [arXiv:2312.16966] |
 |                                                     |
 =======================================================
 ---------------------------------------------------
         the cuts in the lab frame                  
 min transverse momentum of photon    0.0000000000000000     
 max (pseudo-)rapidity of photon    5.0000000000000000     
 min (pseudo-)rapidity of photon   -5.0000000000000000     
 min invariant mass of di-photon    0.0000000000000000     
 ---------------------------------------------------
 WARNING: outside the range of the grid (xs,xt)=   2.4061057403609344E-002  -2.4061057163000037E-002
 WARNING: set the 2-loop amplitudes to zero
 WARNING: outside the range of the grid (xs,xt)=   2.3996096700427894E-002  -2.3996096460468189E-002
 WARNING: set the 2-loop amplitudes to zero
 WARNING: outside the range of the grid (xs,xt)=   2.4106859955883748E-002  -2.4106859714816419E-002
 WARNING: set the 2-loop amplitudes to zero
 WARNING: outside the range of the grid (xs,xt)=   2.4077769751129640E-002  -2.4077769510353210E-002
 WARNING: set the 2-loop amplitudes to zero
 WARNING: outside the range of the grid (xs,xt)=   2.4125363651069456E-002  -2.4125363409817090E-002
 WARNING: set the 2-loop amplitudes to zero
 INFO: will suppress the further warning
 max=   4.6467379758147950E-002
 min=   0.0000000000000000     
       n_pass,     n_total
       10000       10000
  
 ====================NCALL=20K===========================
  
 ITERATION            1 :
   3.3288008505157833E-002 +\-   2.8369091019335465E-006
 precision:   8.5223154803447601E-005
 max=   4.7485645324541519E-002
 min=   0.0000000000000000     
       n_pass,     n_total
       20000       20002
 max=   4.7485645324541519E-002
 min=   0.0000000000000000     
       n_pass,     n_total
       30000       30002
 ITERATION            2 :
   3.3283726480573567E-002 +\-   2.3071881961431635E-006
 precision:   6.9318806519149252E-005
 max=   4.7591366929066528E-002
 min=   0.0000000000000000     
       n_pass,     n_total
       40000       40012
 max=   4.7591366929066528E-002
 min=   0.0000000000000000     
       n_pass,     n_total
       50000       50012
 ITERATION            3 :
   3.3282410704120191E-002 +\-   1.8261145654375742E-006
 precision:   5.4867256511906173E-005
 max=   4.7593561710225406E-002
 min=   0.0000000000000000     
       n_pass,     n_total
       60000       60035
 max=   4.7593561710225406E-002
 min=   0.0000000000000000     
       n_pass,     n_total
       70000       70035
 ITERATION            4 :
   3.3284313549652056E-002 +\-   1.6246099205229430E-006
 precision:   4.8810077398754888E-005
 max=   4.7593561710225406E-002
 min=   0.0000000000000000     
       n_pass,     n_total
       80000       80062
 max=   4.7593561710225406E-002
 min=   0.0000000000000000     
       n_pass,     n_total
       90000       90062
 ITERATION            5 :
   3.3286263386758254E-002 +\-   1.4842968473691239E-006
 precision:   4.4591873534221872E-005
 max=   4.7593561710225406E-002
 min=   0.0000000000000000     
       n_pass,     n_total
      100000      100094
 max=   4.7593561710225406E-002
 min=   0.0000000000000000     
       n_pass,     n_total
      110000      110094
 ITERATION            6 :
   3.3282969888233815E-002 +\-   1.3391321965857226E-006
 precision:   4.0234756726416177E-005
 max=   4.7593893893316766E-002
 min=   0.0000000000000000     
       n_pass,     n_total
      120000      120126
 max=   4.7593893893316766E-002
 min=   0.0000000000000000     
       n_pass,     n_total
      130000      130126
 ITERATION            7 :
   3.3286007869594493E-002 +\-   1.3363201270463053E-006
 precision:   4.0146602508827232E-005
 max=   4.7594572987968813E-002
 min=   0.0000000000000000     
       n_pass,     n_total
      140000      140165
 max=   4.7594572987968813E-002
 min=   0.0000000000000000     
       n_pass,     n_total
      150000      150165
 ITERATION            8 :
   3.3283788462744664E-002 +\-   1.3378885765942207E-006
 precision:   4.0196403065466880E-005
 max=   4.7594675936535699E-002
 min=   0.0000000000000000     
       n_pass,     n_total
      160000      160214
 max=   4.7594675936535699E-002
 min=   0.0000000000000000     
       n_pass,     n_total
      170000      170214
 ITERATION            9 :
   3.3284930143072579E-002 +\-   1.2601867384150440E-006
 precision:   3.7860579337202553E-005
 max=   4.7594675936535699E-002
 min=   0.0000000000000000     
       n_pass,     n_total
      180000      180262
 max=   4.7594675936535699E-002
 min=   0.0000000000000000     
       n_pass,     n_total
      190000      190262
 ITERATION           10 :
   3.3284233738276471E-002 +\-   1.4426653912790475E-006
 precision:   4.3343806638997359E-005
 ====================NCALL=40K ===========================
  
 max=   4.7594675936535699E-002
 min=   0.0000000000000000     
       n_pass,     n_total
      200000      200355
 max=   4.7594675936535699E-002
 min=   0.0000000000000000     
       n_pass,     n_total
      210000      210355
 max=   4.7594675936535699E-002
 min=   0.0000000000000000     
       n_pass,     n_total
      220000      220355
 max=   4.7594675936535699E-002
 min=   0.0000000000000000     
       n_pass,     n_total
      230000      230355
   3.3284782859276350E-002 +\-   7.0662146406670149E-007
 precision:   2.1229565085468736E-005
 ====================NCALL=80K ===========================
  
 max=   4.7594675936535699E-002
 min=   0.0000000000000000     
       n_pass,     n_total
      240000      240576
 max=   4.7594675936535699E-002
 min=   0.0000000000000000     
       n_pass,     n_total
      250000      250576
 max=   4.7594675936535699E-002
 min=   0.0000000000000000     
       n_pass,     n_total
      260000      260576
 max=   4.7594675936535699E-002
 min=   0.0000000000000000     
       n_pass,     n_total
      270000      270576
 max=   4.7594675936535699E-002
 min=   0.0000000000000000     
       n_pass,     n_total
      280000      280576
 max=   4.7594675936535699E-002
 min=   0.0000000000000000     
       n_pass,     n_total
      290000      290576
 max=   4.7594675936535699E-002
 min=   0.0000000000000000     
       n_pass,     n_total
      300000      300576
 max=   4.7594675936535699E-002
 min=   0.0000000000000000     
       n_pass,     n_total
      310000      310576
   3.3283800316741032E-002 +\-   3.6648694023839458E-007
 precision:   1.1010970404544206E-005
 sigma (pb)                   sd (pb)
   3.3283800316741032E-002   3.6648694023839458E-007
