 =======================================================
 |                                                     |
 |         \/\/\/\/\/\___________/\/\/\/\/\/           |
 |                   |     \     |                     |
 |                   |     /     |                     |
 |                   |     \     |                     |
 |         /\/\/\/\/\|_____/_____|/\/\/\/\/\           |
 |                                                     |
 | Light-by-light scattering at next-to-leading order  |
 |                   (VERSION 0.5)                     |
 |                                                     |
 |    Authors:                                         |
 |            Ajjath A.H. (LPTHE Paris)                |
 |            Ekta Chaubey (Bonn)                      |
 |            Mathijs Fraaije (Bern)                   |
 |            Valentin Hirschi (Bern)                  |
 |            Hua-Sheng Shao (LPTHE Paris)             |
 |                                                     |
 |    Please cite                                      |
 |            PLB 851 (2024) 138555 [arXiv:2312.16956] |
 |            JHEP 03 (2024) 121    [arXiv:2312.16966] |
 |                                                     |
 =======================================================
 ---------------------------------------------------
         the cuts in the lab frame                  
 min transverse momentum of photon    0.0000000000000000     
 max (pseudo-)rapidity of photon    5.0000000000000000     
 min (pseudo-)rapidity of photon   -5.0000000000000000     
 min invariant mass of di-photon    0.0000000000000000     
 ---------------------------------------------------
 WARNING: outside the range of the grid (xs,xt)=  0.12791664230098254      -0.12791664102185182     
 WARNING: set the 2-loop amplitudes to zero
 WARNING: outside the range of the grid (xs,xt)=  0.12776228286458965      -0.12776228158700245     
 WARNING: set the 2-loop amplitudes to zero
 WARNING: outside the range of the grid (xs,xt)=  0.12801482723932156      -0.12801482595920904     
 WARNING: set the 2-loop amplitudes to zero
 WARNING: outside the range of the grid (xs,xt)=  0.12807244799759573      -0.12807244671690704     
 WARNING: set the 2-loop amplitudes to zero
 WARNING: outside the range of the grid (xs,xt)=  0.12795761426867625      -0.12795761298913585     
 WARNING: set the 2-loop amplitudes to zero
 INFO: will suppress the further warning
 max=   7.0792441504529666     
 min=   0.0000000000000000     
       n_pass,     n_total
       10000       10000
  
 ====================NCALL=20K===========================
  
 ITERATION            1 :
   5.0186342407314859      +\-   1.5863519851055320E-004
 precision:   3.1609236876252508E-005
 max=   7.0994066297682972     
 min=   0.0000000000000000     
       n_pass,     n_total
       20000       20002
 max=   7.0994066297682972     
 min=   0.0000000000000000     
       n_pass,     n_total
       30000       30002
 ITERATION            2 :
   5.0183040365453699      +\-   2.8178655390556509E-004
 precision:   5.6151750044134154E-005
 max=   7.1109908648808657     
 min=   0.0000000000000000     
       n_pass,     n_total
       40000       40012
 max=   7.1109908648808657     
 min=   0.0000000000000000     
       n_pass,     n_total
       50000       50012
 ITERATION            3 :
   5.0183086939999173      +\-   2.4734933718337552E-004
 precision:   4.9289382592010707E-005
 max=   7.1157736618997642     
 min=   0.0000000000000000     
       n_pass,     n_total
       60000       60038
 max=   7.1157736618997642     
 min=   0.0000000000000000     
       n_pass,     n_total
       70000       70038
 ITERATION            4 :
   5.0180646262392239      +\-   2.4070910813231484E-004
 precision:   4.7968514967634784E-005
 max=   7.1157736618997642     
 min=   0.0000000000000000     
       n_pass,     n_total
       80000       80064
 max=   7.1157736618997642     
 min=   0.0000000000000000     
       n_pass,     n_total
       90000       90064
 ITERATION            5 :
   5.0180652357598063      +\-   2.0102064251199773E-004
 precision:   4.0059392030115839E-005
 max=   7.1157736618997642     
 min=   0.0000000000000000     
       n_pass,     n_total
      100000      100096
 max=   7.1157736618997642     
 min=   0.0000000000000000     
       n_pass,     n_total
      110000      110096
 ITERATION            6 :
   5.0179591440903399      +\-   1.7422134038701820E-004
 precision:   3.4719561356373140E-005
 max=   7.1157736618997642     
 min=   0.0000000000000000     
       n_pass,     n_total
      120000      120128
 max=   7.1157736618997642     
 min=   0.0000000000000000     
       n_pass,     n_total
      130000      130128
 ITERATION            7 :
   5.0181874947445460      +\-   1.6445328075697315E-004
 precision:   3.2771450036333241E-005
 max=   7.1157736618997642     
 min=   0.0000000000000000     
       n_pass,     n_total
      140000      140175
 max=   7.1157736618997642     
 min=   0.0000000000000000     
       n_pass,     n_total
      150000      150175
 ITERATION            8 :
   5.0176684035996537      +\-   1.6326381129824012E-004
 precision:   3.2537784119236606E-005
 max=   7.1157736618997642     
 min=   0.0000000000000000     
       n_pass,     n_total
      160000      160239
 max=   7.1157736618997642     
 min=   0.0000000000000000     
       n_pass,     n_total
      170000      170239
 ITERATION            9 :
   5.0179898689051168      +\-   1.5586281418359269E-004
 precision:   3.1060806867990083E-005
 max=   7.1157736618997642     
 min=   0.0000000000000000     
       n_pass,     n_total
      180000      180305
 max=   7.1157736618997642     
 min=   0.0000000000000000     
       n_pass,     n_total
      190000      190305
 ITERATION           10 :
   5.0181334518879641      +\-   1.5671431797439290E-004
 precision:   3.1229603492396669E-005
 ====================NCALL=40K ===========================
  
 max=   7.1157736618997642     
 min=   0.0000000000000000     
       n_pass,     n_total
      200000      200445
 max=   7.1157736618997642     
 min=   0.0000000000000000     
       n_pass,     n_total
      210000      210445
 max=   7.1157736618997642     
 min=   0.0000000000000000     
       n_pass,     n_total
      220000      220445
 max=   7.1157736618997642     
 min=   0.0000000000000000     
       n_pass,     n_total
      230000      230445
   5.0180096062602288      +\-   7.9569709884735681E-005
 precision:   1.5856826935019875E-005
 ====================NCALL=80K ===========================
  
 max=   7.1157736618997642     
 min=   0.0000000000000000     
       n_pass,     n_total
      240000      240793
 max=   7.1157736618997642     
 min=   0.0000000000000000     
       n_pass,     n_total
      250000      250793
 max=   7.1157736618997642     
 min=   0.0000000000000000     
       n_pass,     n_total
      260000      260793
 max=   7.1157736618997642     
 min=   0.0000000000000000     
       n_pass,     n_total
      270000      270793
 max=   7.1157736618997642     
 min=   0.0000000000000000     
       n_pass,     n_total
      280000      280793
 max=   7.1157736618997642     
 min=   0.0000000000000000     
       n_pass,     n_total
      290000      290793
 max=   7.1157736618997642     
 min=   0.0000000000000000     
       n_pass,     n_total
      300000      300793
 max=   7.1157736618997642     
 min=   0.0000000000000000     
       n_pass,     n_total
      310000      310793
   5.0179386768939329      +\-   3.8567567279311882E-005
 precision:   7.6859383429502023E-006
 sigma (pb)                   sd (pb)
   5.0179386768939329        3.8567567279311882E-005
