 =======================================================
 |                                                     |
 |         \/\/\/\/\/\___________/\/\/\/\/\/           |
 |                   |     \     |                     |
 |                   |     /     |                     |
 |                   |     \     |                     |
 |         /\/\/\/\/\|_____/_____|/\/\/\/\/\           |
 |                                                     |
 | Light-by-light scattering at next-to-leading order  |
 |                   (VERSION 0.5)                     |
 |                                                     |
 |    Authors:                                         |
 |            Ajjath A.H. (LPTHE Paris)                |
 |            Ekta Chaubey (Bonn)                      |
 |            Mathijs Fraaije (Bern)                   |
 |            Valentin Hirschi (Bern)                  |
 |            Hua-Sheng Shao (LPTHE Paris)             |
 |                                                     |
 |    Please cite                                      |
 |            PLB 851 (2024) 138555 [arXiv:2312.16956] |
 |            JHEP 03 (2024) 121    [arXiv:2312.16966] |
 |                                                     |
 =======================================================
 ---------------------------------------------------
         the cuts in the lab frame                  
 min transverse momentum of photon    0.0000000000000000     
 max (pseudo-)rapidity of photon    5.0000000000000000     
 min (pseudo-)rapidity of photon   -5.0000000000000000     
 min invariant mass of di-photon    0.0000000000000000     
 ---------------------------------------------------
 max=   7.3059641196568908E-007
 min=   0.0000000000000000     
       n_pass,     n_total
       10000       10000
  
 ====================NCALL=20K===========================
  
 ITERATION            1 :
   4.4635864815559386E-007 +\-   3.2185084831581291E-010
 precision:   7.2105883832594762E-004
 max=   1.8443231570496784E-006
 min=   0.0000000000000000     
       n_pass,     n_total
       20000       20002
 max=   1.8443231570496784E-006
 min=   0.0000000000000000     
       n_pass,     n_total
       30000       30002
 ITERATION            2 :
   4.4675978992302873E-007 +\-   2.7876570183229308E-010
 precision:   6.2397222874583454E-004
 max=   1.8449635935619325E-006
 min=   0.0000000000000000     
       n_pass,     n_total
       40000       40002
 max=   1.8449635935619325E-006
 min=   0.0000000000000000     
       n_pass,     n_total
       50000       50002
 ITERATION            3 :
   4.4621993552742376E-007 +\-   2.3121690045721814E-010
 precision:   5.1816801995617696E-004
 max=   1.8453409436935759E-006
 min=   0.0000000000000000     
       n_pass,     n_total
       60000       60002
 max=   1.8453409436935759E-006
 min=   0.0000000000000000     
       n_pass,     n_total
       70000       70002
 ITERATION            4 :
   4.4589302689736740E-007 +\-   2.6094556977695527E-010
 precision:   5.8522011791186399E-004
 max=   1.8453409436935759E-006
 min=   0.0000000000000000     
       n_pass,     n_total
       80000       80003
 max=   1.8453409436935759E-006
 min=   0.0000000000000000     
       n_pass,     n_total
       90000       90003
 ITERATION            5 :
   4.4599303891024293E-007 +\-   2.3364422361922301E-010
 precision:   5.2387414877621988E-004
 max=   1.8454913882050544E-006
 min=   0.0000000000000000     
       n_pass,     n_total
      100000      100003
 max=   1.8454913882050544E-006
 min=   0.0000000000000000     
       n_pass,     n_total
      110000      110003
 ITERATION            6 :
   4.4591163438891348E-007 +\-   2.6926300945682107E-010
 precision:   6.0384836073143651E-004
 max=   1.8454913882050544E-006
 min=   0.0000000000000000     
       n_pass,     n_total
      120000      120006
 max=   1.8454913882050544E-006
 min=   0.0000000000000000     
       n_pass,     n_total
      130000      130006
 ITERATION            7 :
   4.4584464362536213E-007 +\-   2.5837364849361594E-010
 precision:   5.7951497721866585E-004
 max=   1.8454913882050544E-006
 min=   0.0000000000000000     
       n_pass,     n_total
      140000      140008
 max=   1.8454913882050544E-006
 min=   0.0000000000000000     
       n_pass,     n_total
      150000      150008
 ITERATION            8 :
   4.4571125545304572E-007 +\-   2.4594368338218817E-010
 precision:   5.5180047704246854E-004
 max=   1.8454913882050544E-006
 min=   0.0000000000000000     
       n_pass,     n_total
      160000      160012
 max=   1.8454913882050544E-006
 min=   0.0000000000000000     
       n_pass,     n_total
      170000      170012
 ITERATION            9 :
   4.4595868460551272E-007 +\-   2.2966818641359524E-010
 precision:   5.1499879774009947E-004
 max=   1.8454913882050544E-006
 min=   0.0000000000000000     
       n_pass,     n_total
      180000      180015
 max=   1.8454913882050544E-006
 min=   0.0000000000000000     
       n_pass,     n_total
      190000      190015
 ITERATION           10 :
   4.4638852490173175E-007 +\-   2.0480911715848252E-010
 precision:   4.5881357994937105E-004
 ====================NCALL=40K ===========================
  
 max=   1.8454913882050544E-006
 min=   0.0000000000000000     
       n_pass,     n_total
      200000      200018
 max=   1.8454913882050544E-006
 min=   0.0000000000000000     
       n_pass,     n_total
      210000      210018
 max=   1.8454913882050544E-006
 min=   0.0000000000000000     
       n_pass,     n_total
      220000      220018
 max=   1.8454913882050544E-006
 min=   0.0000000000000000     
       n_pass,     n_total
      230000      230018
   4.4607555959000304E-007 +\-   1.1953723861458070E-010
 precision:   2.6797531504404716E-004
 ====================NCALL=80K ===========================
  
 max=   1.8455276864853573E-006
 min=   0.0000000000000000     
       n_pass,     n_total
      240000      240027
 max=   1.8455276864853573E-006
 min=   0.0000000000000000     
       n_pass,     n_total
      250000      250027
 max=   1.8455276864853573E-006
 min=   0.0000000000000000     
       n_pass,     n_total
      260000      260027
 max=   1.8455276864853573E-006
 min=   0.0000000000000000     
       n_pass,     n_total
      270000      270027
 max=   1.8455276864853573E-006
 min=   0.0000000000000000     
       n_pass,     n_total
      280000      280027
 max=   1.8455276864853573E-006
 min=   0.0000000000000000     
       n_pass,     n_total
      290000      290027
 max=   1.8455276864853573E-006
 min=   0.0000000000000000     
       n_pass,     n_total
      300000      300027
 max=   1.8455276864853573E-006
 min=   0.0000000000000000     
       n_pass,     n_total
      310000      310027
   4.4610892587911536E-007 +\-   6.3821843190696748E-011
 precision:   1.4306336297783675E-004
 sigma (pb)                   sd (pb)
   4.4610892587911536E-007   6.3821843190696748E-011
