 =======================================================
 |                                                     |
 |         \/\/\/\/\/\___________/\/\/\/\/\/           |
 |                   |     \     |                     |
 |                   |     /     |                     |
 |                   |     \     |                     |
 |         /\/\/\/\/\|_____/_____|/\/\/\/\/\           |
 |                                                     |
 | Light-by-light scattering at next-to-leading order  |
 |                   (VERSION 0.5)                     |
 |                                                     |
 |    Authors:                                         |
 |            Ajjath A.H. (LPTHE Paris)                |
 |            Ekta Chaubey (Bonn)                      |
 |            Mathijs Fraaije (Bern)                   |
 |            Valentin Hirschi (Bern)                  |
 |            Hua-Sheng Shao (LPTHE Paris)             |
 |                                                     |
 |    Please cite                                      |
 |            PLB 851 (2024) 138555 [arXiv:2312.16956] |
 |            JHEP 03 (2024) 121    [arXiv:2312.16966] |
 |                                                     |
 =======================================================
 ---------------------------------------------------
         the cuts in the lab frame                  
 min transverse momentum of photon    0.0000000000000000     
 max (pseudo-)rapidity of photon    5.0000000000000000     
 min (pseudo-)rapidity of photon   -5.0000000000000000     
 min invariant mass of di-photon    0.0000000000000000     
 ---------------------------------------------------
 max=   192871.77030068674     
 min=   0.0000000000000000     
       n_pass,     n_total
       10000       10000
  
 ====================NCALL=20K===========================
  
 ITERATION            1 :
   3357.5068254859420      +\-   26.523727055264288     
 precision:   7.8998281861796162E-003
 WARNING: outside the range of the grid (xs,xt)=   6.5444330585876578E-002  -6.5441086241239052E-002
 WARNING: set the 2-loop amplitudes to zero
 WARNING: outside the range of the grid (xs,xt)=   6.3533650519031121E-002  -6.3530500894663083E-002
 WARNING: set the 2-loop amplitudes to zero
 WARNING: outside the range of the grid (xs,xt)=   3.0589296126613912E-002  -3.0587779689392143E-002
 WARNING: set the 2-loop amplitudes to zero
 WARNING: outside the range of the grid (xs,xt)=   28126.768815989522       -28125.374456374837     
 WARNING: set the 2-loop amplitudes to zero
 WARNING: outside the range of the grid (xs,xt)=  0.57113073853226692      -0.57110242523251598     
 WARNING: set the 2-loop amplitudes to zero
 INFO: will suppress the further warning
 max=   201716.54502852552     
 min=   0.0000000000000000     
       n_pass,     n_total
       20000       20007
 max=   201716.54502852552     
 min=   0.0000000000000000     
       n_pass,     n_total
       30000       30007
 ITERATION            2 :
   3326.1724098189893      +\-   6.0591654326160649     
 precision:   1.8216630667517940E-003
 max=   204516.04900745314     
 min=   0.0000000000000000     
       n_pass,     n_total
       40000       40042
 max=   204516.04900745314     
 min=   0.0000000000000000     
       n_pass,     n_total
       50000       50042
 ITERATION            3 :
   3321.6659126070213      +\-   2.2077070006215926     
 precision:   6.6463848523792867E-004
 max=   206385.78248418431     
 min=   0.0000000000000000     
       n_pass,     n_total
       60000       60167
 max=   206385.78248418431     
 min=   0.0000000000000000     
       n_pass,     n_total
       70000       70167
 ITERATION            4 :
   3323.1057759386704      +\-   1.3750794629361662     
 precision:   4.1379346781332912E-004
 max=   206500.56790431467     
 min=   0.0000000000000000     
       n_pass,     n_total
       80000       80449
 max=   206500.56790431467     
 min=   0.0000000000000000     
       n_pass,     n_total
       90000       90449
 ITERATION            5 :
   3322.2252629461132      +\-  0.93228550895468965     
 precision:   2.8062079936384235E-004
 max=   206500.56790431467     
 min=   0.0000000000000000     
       n_pass,     n_total
      100000      100725
 max=   206500.56790431467     
 min=   0.0000000000000000     
       n_pass,     n_total
      110000      110725
 ITERATION            6 :
   3321.4321256383078      +\-   1.2665335806039575     
 precision:   3.8132153020003595E-004
 max=   206500.56790431467     
 min=   0.0000000000000000     
       n_pass,     n_total
      120000      121066
 max=   206500.56790431467     
 min=   0.0000000000000000     
       n_pass,     n_total
      130000      131066
 ITERATION            7 :
   3324.2029750125475      +\-  0.99463323478144039     
 precision:   2.9920953752160279E-004
 max=   206500.56790431467     
 min=   0.0000000000000000     
       n_pass,     n_total
      140000      141506
 max=   206500.56790431467     
 min=   0.0000000000000000     
       n_pass,     n_total
      150000      151506
 ITERATION            8 :
   3320.6977482288767      +\-  0.79952445437365960     
 precision:   2.4077001732545307E-004
 max=   206500.56790431467     
 min=   0.0000000000000000     
       n_pass,     n_total
      160000      161888
 max=   206500.56790431467     
 min=   0.0000000000000000     
       n_pass,     n_total
      170000      171888
 ITERATION            9 :
   3322.5390885899196      +\-  0.92591934653139252     
 precision:   2.7867824029855170E-004
 max=   206508.76840563244     
 min=   0.0000000000000000     
       n_pass,     n_total
      180000      182440
 max=   206508.76840563244     
 min=   0.0000000000000000     
       n_pass,     n_total
      190000      192440
 ITERATION           10 :
   3323.5971845444137      +\-  0.86495541001599530     
 precision:   2.6024676336779367E-004
 ====================NCALL=40K ===========================
  
 max=   206508.76840563244     
 min=   0.0000000000000000     
       n_pass,     n_total
      200000      203376
 max=   206508.76840563244     
 min=   0.0000000000000000     
       n_pass,     n_total
      210000      213376
 max=   206508.76840563244     
 min=   0.0000000000000000     
       n_pass,     n_total
      220000      223376
 max=   206508.76840563244     
 min=   0.0000000000000000     
       n_pass,     n_total
      230000      233376
   3322.7624258817659      +\-  0.39689060434461049     
 precision:   1.1944597701392603E-004
 ====================NCALL=80K ===========================
  
 max=   206510.67837513817     
 min=   0.0000000000000000     
       n_pass,     n_total
      240000      245532
 max=   206510.67837513817     
 min=   0.0000000000000000     
       n_pass,     n_total
      250000      255532
 max=   206510.67837513817     
 min=   0.0000000000000000     
       n_pass,     n_total
      260000      265532
 max=   206510.67837513817     
 min=   0.0000000000000000     
       n_pass,     n_total
      270000      275532
 max=   206510.67837513817     
 min=   0.0000000000000000     
       n_pass,     n_total
      280000      285532
 max=   206510.67837513817     
 min=   0.0000000000000000     
       n_pass,     n_total
      290000      295532
 max=   206510.67837513817     
 min=   0.0000000000000000     
       n_pass,     n_total
      300000      305532
   3322.2682774651557      +\-  0.19983533206453657     
 precision:   6.0150269446935858E-005
 sigma (pb)                   sd (pb)
   3322.2682774651557       0.19983533206453657     
