 =======================================================
 |                                                     |
 |         \/\/\/\/\/\___________/\/\/\/\/\/           |
 |                   |     \     |                     |
 |                   |     /     |                     |
 |                   |     \     |                     |
 |         /\/\/\/\/\|_____/_____|/\/\/\/\/\           |
 |                                                     |
 | Light-by-light scattering at next-to-leading order  |
 |                   (VERSION 0.5)                     |
 |                                                     |
 |    Authors:                                         |
 |            Ajjath A.H. (LPTHE Paris)                |
 |            Ekta Chaubey (Bonn)                      |
 |            Mathijs Fraaije (Bern)                   |
 |            Valentin Hirschi (Bern)                  |
 |            Hua-Sheng Shao (LPTHE Paris)             |
 |                                                     |
 |    Please cite                                      |
 |            PLB 851 (2024) 138555 [arXiv:2312.16956] |
 |            JHEP 03 (2024) 121    [arXiv:2312.16966] |
 |                                                     |
 =======================================================
 ---------------------------------------------------
         the cuts in the lab frame                  
 min transverse momentum of photon    0.0000000000000000     
 max (pseudo-)rapidity of photon    5.0000000000000000     
 min (pseudo-)rapidity of photon   -5.0000000000000000     
 min invariant mass of di-photon    0.0000000000000000     
 ---------------------------------------------------
 max=   2043513.5231638157     
 min=   0.0000000000000000     
       n_pass,     n_total
       10000       10000
  
 ====================NCALL=20K===========================
  
 ITERATION            1 :
   253129.70026591059      +\-   250.52710984689423     
 precision:   9.8971835222701112E-004
 WARNING: outside the range of the grid (xs,xt)=   330.51382309350839       -330.49774465899441     
 WARNING: set the 2-loop amplitudes to zero
 max=   2045549.4601509648     
 min=   0.0000000000000000     
       n_pass,     n_total
       20000       20006
 max=   2045549.4601509648     
 min=   0.0000000000000000     
       n_pass,     n_total
       30000       30006
 ITERATION            2 :
   252594.04010280050      +\-   63.813585563848648     
 precision:   2.5263298190993680E-004
 max=   2088864.6896638523     
 min=   0.0000000000000000     
       n_pass,     n_total
       40000       40027
 max=   2088864.6896638523     
 min=   0.0000000000000000     
       n_pass,     n_total
       50000       50027
 WARNING: outside the range of the grid (xs,xt)=   330.51382309350839       -1.5450621866653851E-002
 WARNING: set the 2-loop amplitudes to zero
 ITERATION            3 :
   252503.18862922137      +\-   52.623388875828596     
 precision:   2.0840682908405324E-004
 WARNING: outside the range of the grid (xs,xt)=   330.51382309350839       -330.49766299653078     
 WARNING: set the 2-loop amplitudes to zero
 WARNING: outside the range of the grid (xs,xt)=   330.51382309350839       -330.49752551529843     
 WARNING: set the 2-loop amplitudes to zero
 WARNING: outside the range of the grid (xs,xt)=   330.51382309350839       -330.49760350652207     
 WARNING: set the 2-loop amplitudes to zero
 INFO: will suppress the further warning
 max=   2089359.3054574134     
 min=   0.0000000000000000     
       n_pass,     n_total
       60000       60067
 max=   2089359.3054574134     
 min=   0.0000000000000000     
       n_pass,     n_total
       70000       70067
 ITERATION            4 :
   252510.16444662790      +\-   47.528822980450045     
 precision:   1.8822538524185242E-004
 max=   2100970.2769282889     
 min=   0.0000000000000000     
       n_pass,     n_total
       80000       80121
 max=   2100970.2769282889     
 min=   0.0000000000000000     
       n_pass,     n_total
       90000       90121
 ITERATION            5 :
   252530.19546439644      +\-   43.422749433265331     
 precision:   1.7195072198559078E-004
 max=   2100970.2769282889     
 min=   0.0000000000000000     
       n_pass,     n_total
      100000      100202
 max=   2100970.2769282889     
 min=   0.0000000000000000     
       n_pass,     n_total
      110000      110202
 ITERATION            6 :
   252483.64755849240      +\-   42.271278089251908     
 precision:   1.6742184493139897E-004
 max=   2100970.2769282889     
 min=   0.0000000000000000     
       n_pass,     n_total
      120000      120290
 max=   2100970.2769282889     
 min=   0.0000000000000000     
       n_pass,     n_total
      130000      130290
 ITERATION            7 :
   252577.68359594667      +\-   41.002976091053107     
 precision:   1.6233807954564326E-004
 max=   2100970.2769282889     
 min=   0.0000000000000000     
       n_pass,     n_total
      140000      140389
 max=   2100970.2769282889     
 min=   0.0000000000000000     
       n_pass,     n_total
      150000      150389
 ITERATION            8 :
   252450.57115395402      +\-   40.136041197603916     
 precision:   1.5898574130429448E-004
 max=   2100970.2769282889     
 min=   0.0000000000000000     
       n_pass,     n_total
      160000      160500
 max=   2100970.2769282889     
 min=   0.0000000000000000     
       n_pass,     n_total
      170000      170500
 ITERATION            9 :
   252530.51594624270      +\-   39.391601459066798     
 precision:   1.5598749050769082E-004
 max=   2100970.2769282889     
 min=   0.0000000000000000     
       n_pass,     n_total
      180000      180612
 max=   2100970.2769282889     
 min=   0.0000000000000000     
       n_pass,     n_total
      190000      190612
 ITERATION           10 :
   252557.83970450723      +\-   40.145491373905429     
 precision:   1.5895563337442096E-004
 ====================NCALL=40K ===========================
  
 max=   2100970.2769282889     
 min=   0.0000000000000000     
       n_pass,     n_total
      200000      200820
 max=   2100970.2769282889     
 min=   0.0000000000000000     
       n_pass,     n_total
      210000      210820
 max=   2100970.2769282889     
 min=   0.0000000000000000     
       n_pass,     n_total
      220000      220820
 max=   2100970.2769282889     
 min=   0.0000000000000000     
       n_pass,     n_total
      230000      230820
   252538.03517530058      +\-   19.841194332539860     
 precision:   7.8567152543049571E-005
 ====================NCALL=80K ===========================
  
 max=   2100970.2769282889     
 min=   0.0000000000000000     
       n_pass,     n_total
      240000      241253
 max=   2100970.2769282889     
 min=   0.0000000000000000     
       n_pass,     n_total
      250000      251253
 max=   2100970.2769282889     
 min=   0.0000000000000000     
       n_pass,     n_total
      260000      261253
 max=   2100970.2769282889     
 min=   0.0000000000000000     
       n_pass,     n_total
      270000      271253
 max=   2100970.2769282889     
 min=   0.0000000000000000     
       n_pass,     n_total
      280000      281253
 max=   2100970.2769282889     
 min=   0.0000000000000000     
       n_pass,     n_total
      290000      291253
 max=   2100970.2769282889     
 min=   0.0000000000000000     
       n_pass,     n_total
      300000      301253
 max=   2100970.2769282889     
 min=   0.0000000000000000     
       n_pass,     n_total
      310000      311253
   252513.90825408100      +\-   9.4234445863088148     
 precision:   3.7318517033235606E-005
 sigma (pb)                   sd (pb)
   252513.90825408100        9.4234445863088148     
