 =======================================================
 |                                                     |
 |         \/\/\/\/\/\___________/\/\/\/\/\/           |
 |                   |     \     |                     |
 |                   |     /     |                     |
 |                   |     \     |                     |
 |         /\/\/\/\/\|_____/_____|/\/\/\/\/\           |
 |                                                     |
 | Light-by-light scattering at next-to-leading order  |
 |                   (VERSION 0.5)                     |
 |                                                     |
 |    Authors:                                         |
 |            Ajjath A.H. (LPTHE Paris)                |
 |            Ekta Chaubey (Bonn)                      |
 |            Mathijs Fraaije (Bern)                   |
 |            Valentin Hirschi (Bern)                  |
 |            Hua-Sheng Shao (LPTHE Paris)             |
 |                                                     |
 |    Please cite                                      |
 |            PLB 851 (2024) 138555 [arXiv:2312.16956] |
 |            JHEP 03 (2024) 121    [arXiv:2312.16966] |
 |                                                     |
 =======================================================
 ---------------------------------------------------
         the cuts in the lab frame                  
 min transverse momentum of photon    0.0000000000000000     
 max (pseudo-)rapidity of photon    5.0000000000000000     
 min (pseudo-)rapidity of photon   -5.0000000000000000     
 min invariant mass of di-photon    0.0000000000000000     
 ---------------------------------------------------
 max=   50194.267417815077     
 min=   0.0000000000000000     
       n_pass,     n_total
       10000       10000
  
 ====================NCALL=20K===========================
  
 ITERATION            1 :
   692.78280778565772      +\-   6.0468579930036457     
 precision:   8.7283603534146909E-003
 WARNING: outside the range of the grid (xs,xt)=  0.29808340387614163      -0.29806926873814715     
 WARNING: set the 2-loop amplitudes to zero
 WARNING: outside the range of the grid (xs,xt)=  0.28938070934256049      -0.28936698688701179     
 WARNING: set the 2-loop amplitudes to zero
 WARNING: outside the range of the grid (xs,xt)=  0.13932698875468558      -0.13932038185813650     
 WARNING: set the 2-loop amplitudes to zero
 WARNING: outside the range of the grid (xs,xt)=   1.4867737777777779E-002  -1.4867032748506030E-002
 WARNING: set the 2-loop amplitudes to zero
 WARNING: outside the range of the grid (xs,xt)=   128110.76091160804       -128104.68588944808     
 WARNING: set the 2-loop amplitudes to zero
 INFO: will suppress the further warning
 max=   55955.928916225836     
 min=   0.0000000000000000     
       n_pass,     n_total
       20000       20009
 max=   55955.928916225836     
 min=   0.0000000000000000     
       n_pass,     n_total
       30000       30009
 ITERATION            2 :
   685.77762618906434      +\-   1.5613196303854193     
 precision:   2.2767141574183899E-003
 max=   57054.133093186720     
 min=   0.0000000000000000     
       n_pass,     n_total
       40000       40044
 max=   57054.133093186720     
 min=   0.0000000000000000     
       n_pass,     n_total
       50000       50044
 ITERATION            3 :
   685.73486774539390      +\-  0.52163668964032106     
 precision:   7.6069733971001637E-004
 max=   57215.236542382983     
 min=   0.0000000000000000     
       n_pass,     n_total
       60000       60180
 max=   57215.236542382983     
 min=   0.0000000000000000     
       n_pass,     n_total
       70000       70180
 ITERATION            4 :
   685.99057504883558      +\-  0.32093519251893543     
 precision:   4.6784198528687963E-004
 max=   57215.236542382983     
 min=   0.0000000000000000     
       n_pass,     n_total
       80000       80512
 max=   57215.236542382983     
 min=   0.0000000000000000     
       n_pass,     n_total
       90000       90512
 ITERATION            5 :
   685.71184112173432      +\-  0.21921453563655219     
 precision:   3.1968900417111957E-004
 max=   57270.462801962974     
 min=   0.0000000000000000     
       n_pass,     n_total
      100000      101018
 max=   57270.462801962974     
 min=   0.0000000000000000     
       n_pass,     n_total
      110000      111018
 ITERATION            6 :
   685.78847232572411      +\-  0.19267989625292664     
 precision:   2.8096111852024660E-004
 max=   57270.462801962974     
 min=   0.0000000000000000     
       n_pass,     n_total
      120000      121611
 max=   57270.462801962974     
 min=   0.0000000000000000     
       n_pass,     n_total
      130000      131611
 ITERATION            7 :
   686.04935263535265      +\-  0.18497038876240046     
 precision:   2.6961673828838299E-004
 max=   57302.070524363669     
 min=   0.0000000000000000     
       n_pass,     n_total
      140000      142335
 max=   57302.070524363669     
 min=   0.0000000000000000     
       n_pass,     n_total
      150000      152335
 ITERATION            8 :
   685.45459161629617      +\-  0.17972343720748055     
 precision:   2.6219597826851546E-004
 max=   57302.070524363669     
 min=   0.0000000000000000     
       n_pass,     n_total
      160000      162965
 max=   57302.070524363669     
 min=   0.0000000000000000     
       n_pass,     n_total
      170000      172965
 ITERATION            9 :
   685.80955533534132      +\-  0.17240660365449331     
 precision:   2.5139136997032858E-004
 max=   57302.070524363669     
 min=   0.0000000000000000     
       n_pass,     n_total
      180000      183769
 max=   57302.070524363669     
 min=   0.0000000000000000     
       n_pass,     n_total
      190000      193769
 ITERATION           10 :
   686.06348030306469      +\-  0.18123251862350881     
 precision:   2.6416290012033631E-004
 ====================NCALL=40K ===========================
  
 max=   57302.070524363669     
 min=   0.0000000000000000     
       n_pass,     n_total
      200000      204365
 max=   57302.070524363669     
 min=   0.0000000000000000     
       n_pass,     n_total
      210000      214365
 max=   57302.070524363669     
 min=   0.0000000000000000     
       n_pass,     n_total
      220000      224365
 max=   57302.070524363669     
 min=   0.0000000000000000     
       n_pass,     n_total
      230000      234365
   685.81927048248974      +\-   9.8254658617833210E-002
 precision:   1.4326610937705030E-004
 ====================NCALL=80K ===========================
  
 max=   57302.720531292252     
 min=   0.0000000000000000     
       n_pass,     n_total
      240000      247091
 max=   57302.720531292252     
 min=   0.0000000000000000     
       n_pass,     n_total
      250000      257091
 max=   57302.720531292252     
 min=   0.0000000000000000     
       n_pass,     n_total
      260000      267091
 max=   57302.720531292252     
 min=   0.0000000000000000     
       n_pass,     n_total
      270000      277091
 max=   57302.720531292252     
 min=   0.0000000000000000     
       n_pass,     n_total
      280000      287091
 max=   57302.720531292252     
 min=   0.0000000000000000     
       n_pass,     n_total
      290000      297091
 max=   57302.720531292252     
 min=   0.0000000000000000     
       n_pass,     n_total
      300000      307091
   685.80106160162597      +\-   4.3379406094100806E-002
 precision:   6.3253629256262967E-005
 sigma (pb)                   sd (pb)
   685.80106160162597        4.3379406094100806E-002
