 =======================================================
 |                                                     |
 |         \/\/\/\/\/\___________/\/\/\/\/\/           |
 |                   |     \     |                     |
 |                   |     /     |                     |
 |                   |     \     |                     |
 |         /\/\/\/\/\|_____/_____|/\/\/\/\/\           |
 |                                                     |
 | Light-by-light scattering at next-to-leading order  |
 |                   (VERSION 0.5)                     |
 |                                                     |
 |    Authors:                                         |
 |            Ajjath A.H. (LPTHE Paris)                |
 |            Ekta Chaubey (Bonn)                      |
 |            Mathijs Fraaije (Bern)                   |
 |            Valentin Hirschi (Bern)                  |
 |            Hua-Sheng Shao (LPTHE Paris)             |
 |                                                     |
 |    Please cite                                      |
 |            PLB 851 (2024) 138555 [arXiv:2312.16956] |
 |            JHEP 03 (2024) 121    [arXiv:2312.16966] |
 |                                                     |
 =======================================================
 ---------------------------------------------------
         the cuts in the lab frame                  
 min transverse momentum of photon    0.0000000000000000     
 max (pseudo-)rapidity of photon    5.0000000000000000     
 min (pseudo-)rapidity of photon   -5.0000000000000000     
 min invariant mass of di-photon    0.0000000000000000     
 ---------------------------------------------------
 max=   3124378.6946325591     
 min=   0.0000000000000000     
       n_pass,     n_total
       10000       10000
  
 ====================NCALL=20K===========================
  
 ITERATION            1 :
   1839887.8438886108      +\-   57.276907080833759     
 precision:   3.1130651398717201E-005
 max=   8697515.4807554148     
 min=   0.0000000000000000     
       n_pass,     n_total
       20000       20002
 max=   8697515.4807554148     
 min=   0.0000000000000000     
       n_pass,     n_total
       30000       30002
 ITERATION            2 :
   1839908.9747308474      +\-   131.38060975746743     
 precision:   7.1406037777867003E-005
 WARNING: outside the range of the grid (xs,xt)=   8.7782905243163132       -8.7778684937670892     
 WARNING: set the 2-loop amplitudes to zero
 WARNING: outside the range of the grid (xs,xt)=   8.7782905243163132       -8.7778776379042753     
 WARNING: set the 2-loop amplitudes to zero
 max=   8697515.4807554148     
 min=   0.0000000000000000     
       n_pass,     n_total
       40000       40020
 max=   8697515.4807554148     
 min=   0.0000000000000000     
       n_pass,     n_total
       50000       50020
 ITERATION            3 :
   1839871.0493266135      +\-   92.732401803071767     
 precision:   5.0401576695829580E-005
 WARNING: outside the range of the grid (xs,xt)=   8.7782905243163132       -8.7778610768116909     
 WARNING: set the 2-loop amplitudes to zero
 WARNING: outside the range of the grid (xs,xt)=   8.7782905243163132       -8.7778574233081095     
 WARNING: set the 2-loop amplitudes to zero
 WARNING: outside the range of the grid (xs,xt)=   8.7782905243163132       -8.7778594958907412     
 WARNING: set the 2-loop amplitudes to zero
 INFO: will suppress the further warning
 max=   8697515.4807554148     
 min=   0.0000000000000000     
       n_pass,     n_total
       60000       60052
 max=   8697515.4807554148     
 min=   0.0000000000000000     
       n_pass,     n_total
       70000       70052
 ITERATION            4 :
   1839771.1662428239      +\-   95.913532274134042     
 precision:   5.2133403346030482E-005
 max=   9250068.2354488280     
 min=   0.0000000000000000     
       n_pass,     n_total
       80000       80089
 max=   9250068.2354488280     
 min=   0.0000000000000000     
       n_pass,     n_total
       90000       90089
 ITERATION            5 :
   1839649.2746666188      +\-   67.849006161733683     
 precision:   3.6881489910096738E-005
 max=   9250068.2354488280     
 min=   0.0000000000000000     
       n_pass,     n_total
      100000      100154
 max=   9250068.2354488280     
 min=   0.0000000000000000     
       n_pass,     n_total
      110000      110154
 ITERATION            6 :
   1839669.9446520468      +\-   55.202110294142372     
 precision:   3.0006529407416743E-005
 max=   9691364.3967736885     
 min=   0.0000000000000000     
       n_pass,     n_total
      120000      120230
 max=   9691364.3967736885     
 min=   0.0000000000000000     
       n_pass,     n_total
      130000      130230
 ITERATION            7 :
   1839699.6495361330      +\-   49.991002642486720     
 precision:   2.7173458806219585E-005
 max=   9691364.3967736885     
 min=   0.0000000000000000     
       n_pass,     n_total
      140000      140342
 max=   9691364.3967736885     
 min=   0.0000000000000000     
       n_pass,     n_total
      150000      150342
 ITERATION            8 :
   1839580.3678203672      +\-   47.637231044695440     
 precision:   2.5895705280405101E-005
 max=   9691364.3967736885     
 min=   0.0000000000000000     
       n_pass,     n_total
      160000      160499
 max=   9691364.3967736885     
 min=   0.0000000000000000     
       n_pass,     n_total
      170000      170499
 ITERATION            9 :
   1839658.2607954282      +\-   46.335468758050297     
 precision:   2.5186997903630127E-005
 max=   9691364.3967736885     
 min=   0.0000000000000000     
       n_pass,     n_total
      180000      180686
 max=   9691364.3967736885     
 min=   0.0000000000000000     
       n_pass,     n_total
      190000      190686
 ITERATION           10 :
   1839693.9888161907      +\-   45.251501012423695     
 precision:   2.4597297859054375E-005
 ====================NCALL=40K ===========================
  
 max=   9691364.3967736885     
 min=   0.0000000000000000     
       n_pass,     n_total
      200000      201009
 max=   9691364.3967736885     
 min=   0.0000000000000000     
       n_pass,     n_total
      210000      211009
 max=   9691364.3967736885     
 min=   0.0000000000000000     
       n_pass,     n_total
      220000      221009
 max=   9691364.3967736885     
 min=   0.0000000000000000     
       n_pass,     n_total
      230000      231009
   1839686.3560865801      +\-   22.399482816902722     
 precision:   1.2175707420340595E-005
 ====================NCALL=80K ===========================
  
 max=   9691364.3967736885     
 min=   0.0000000000000000     
       n_pass,     n_total
      240000      241699
 max=   9691364.3967736885     
 min=   0.0000000000000000     
       n_pass,     n_total
      250000      251699
 max=   9691364.3967736885     
 min=   0.0000000000000000     
       n_pass,     n_total
      260000      261699
 max=   9691364.3967736885     
 min=   0.0000000000000000     
       n_pass,     n_total
      270000      271699
 max=   9691364.3967736885     
 min=   0.0000000000000000     
       n_pass,     n_total
      280000      281699
 max=   9691364.3967736885     
 min=   0.0000000000000000     
       n_pass,     n_total
      290000      291699
 max=   9691364.3967736885     
 min=   0.0000000000000000     
       n_pass,     n_total
      300000      301699
 max=   9691364.3967736885     
 min=   0.0000000000000000     
       n_pass,     n_total
      310000      311699
   1839649.4867749724      +\-   10.823173678159877     
 precision:   5.8832803509399060E-006
 sigma (pb)                   sd (pb)
   1839649.4867749724        10.823173678159877     
