 =======================================================
 |                                                     |
 |         \/\/\/\/\/\___________/\/\/\/\/\/           |
 |                   |     \     |                     |
 |                   |     /     |                     |
 |                   |     \     |                     |
 |         /\/\/\/\/\|_____/_____|/\/\/\/\/\           |
 |                                                     |
 | Light-by-light scattering at next-to-leading order  |
 |                   (VERSION 0.5)                     |
 |                                                     |
 |    Authors:                                         |
 |            Ajjath A.H. (LPTHE Paris)                |
 |            Ekta Chaubey (Bonn)                      |
 |            Mathijs Fraaije (Bern)                   |
 |            Valentin Hirschi (Bern)                  |
 |            Hua-Sheng Shao (LPTHE Paris)             |
 |                                                     |
 |    Please cite                                      |
 |            PLB 851 (2024) 138555 [arXiv:2312.16956] |
 |            JHEP 03 (2024) 121    [arXiv:2312.16966] |
 |                                                     |
 =======================================================
 ---------------------------------------------------
         the cuts in the lab frame                  
 min transverse momentum of photon    0.0000000000000000     
 max (pseudo-)rapidity of photon    5.0000000000000000     
 min (pseudo-)rapidity of photon   -5.0000000000000000     
 min invariant mass of di-photon    0.0000000000000000     
 ---------------------------------------------------
 max=   1801.8393769400682     
 min=   0.0000000000000000     
       n_pass,     n_total
       10000       10000
  
 ====================NCALL=20K===========================
  
 ITERATION            1 :
   73.764722563222506      +\-  0.20745815168463103     
 precision:   2.8124304474516546E-003
 WARNING: outside the range of the grid (xs,xt)=   11.866482512809085       -11.865899539490384     
 WARNING: set the 2-loop amplitudes to zero
 WARNING: outside the range of the grid (xs,xt)=   11.520034602076121       -11.519468648955954     
 WARNING: set the 2-loop amplitudes to zero
 WARNING: outside the range of the grid (xs,xt)=   5.5465056226572260       -5.5462331354406853     
 WARNING: set the 2-loop amplitudes to zero
 WARNING: outside the range of the grid (xs,xt)=  0.59187377777777772      -0.59184470036413706     
 WARNING: set the 2-loop amplitudes to zero
 WARNING: outside the range of the grid (xs,xt)=   5.9023423822714680E-002  -5.9020524136035833E-002
 WARNING: set the 2-loop amplitudes to zero
 INFO: will suppress the further warning
 max=   2007.8055942397286     
 min=   0.0000000000000000     
       n_pass,     n_total
       20000       20007
 max=   2007.8055942397286     
 min=   0.0000000000000000     
       n_pass,     n_total
       30000       30007
 ITERATION            2 :
   73.497564685292758      +\-   5.4945434796679106E-002
 precision:   7.4758170603268944E-004
 max=   2026.7072422063586     
 min=   0.0000000000000000     
       n_pass,     n_total
       40000       40036
 max=   2026.7072422063586     
 min=   0.0000000000000000     
       n_pass,     n_total
       50000       50036
 ITERATION            3 :
   73.444612864829153      +\-   2.4432878531172611E-002
 precision:   3.3267080563335535E-004
 max=   2038.9126405663465     
 min=   0.0000000000000000     
       n_pass,     n_total
       60000       60121
 max=   2038.9126405663465     
 min=   0.0000000000000000     
       n_pass,     n_total
       70000       70121
 ITERATION            4 :
   73.463696715905968      +\-   1.8812660959444789E-002
 precision:   2.5608105500320638E-004
 max=   2040.3806125315168     
 min=   0.0000000000000000     
       n_pass,     n_total
       80000       80303
 max=   2040.3806125315168     
 min=   0.0000000000000000     
       n_pass,     n_total
       90000       90303
 ITERATION            5 :
   73.451799615303671      +\-   1.5234813758835009E-002
 precision:   2.0741239613768206E-004
 max=   2050.9875149943873     
 min=   0.0000000000000000     
       n_pass,     n_total
      100000      100599
 max=   2050.9875149943873     
 min=   0.0000000000000000     
       n_pass,     n_total
      110000      110599
 ITERATION            6 :
   73.465969098046273      +\-   1.3199376987696208E-002
 precision:   1.7966654697061947E-004
 max=   2051.0133662910985     
 min=   0.0000000000000000     
       n_pass,     n_total
      120000      120888
 max=   2051.0133662910985     
 min=   0.0000000000000000     
       n_pass,     n_total
      130000      130888
 ITERATION            7 :
   73.492778226269976      +\-   1.2470849608712736E-002
 precision:   1.6968809602376731E-004
 max=   2051.7704764015789     
 min=   0.0000000000000000     
       n_pass,     n_total
      140000      141257
 max=   2051.7704764015789     
 min=   0.0000000000000000     
       n_pass,     n_total
      150000      151257
 ITERATION            8 :
   73.448371490463089      +\-   1.2262520793033665E-002
 precision:   1.6695429107813363E-004
 max=   2051.7704764015789     
 min=   0.0000000000000000     
       n_pass,     n_total
      160000      161484
 max=   2051.7704764015789     
 min=   0.0000000000000000     
       n_pass,     n_total
      170000      171484
 ITERATION            9 :
   73.460847086286890      +\-   1.2687601848649867E-002
 precision:   1.7271243596942256E-004
 max=   2051.7704764015789     
 min=   0.0000000000000000     
       n_pass,     n_total
      180000      181875
 max=   2051.7704764015789     
 min=   0.0000000000000000     
       n_pass,     n_total
      190000      191875
 ITERATION           10 :
   73.471280540696213      +\-   1.3306769226562565E-002
 precision:   1.8111524841590124E-004
 ====================NCALL=40K ===========================
  
 max=   2051.7704764015789     
 min=   0.0000000000000000     
       n_pass,     n_total
      200000      202196
 max=   2051.7704764015789     
 min=   0.0000000000000000     
       n_pass,     n_total
      210000      212196
 max=   2051.7704764015789     
 min=   0.0000000000000000     
       n_pass,     n_total
      220000      222196
 max=   2051.7704764015789     
 min=   0.0000000000000000     
       n_pass,     n_total
      230000      232196
   73.472439394795771      +\-   6.2081130049530418E-003
 precision:   8.4495806265454923E-005
 ====================NCALL=80K ===========================
  
 max=   2052.2845794265545     
 min=   0.0000000000000000     
       n_pass,     n_total
      240000      243253
 max=   2052.2845794265545     
 min=   0.0000000000000000     
       n_pass,     n_total
      250000      253253
 max=   2052.2845794265545     
 min=   0.0000000000000000     
       n_pass,     n_total
      260000      263253
 max=   2052.2845794265545     
 min=   0.0000000000000000     
       n_pass,     n_total
      270000      273253
 max=   2052.2845794265545     
 min=   0.0000000000000000     
       n_pass,     n_total
      280000      283253
 max=   2052.2845794265545     
 min=   0.0000000000000000     
       n_pass,     n_total
      290000      293253
 max=   2052.2845794265545     
 min=   0.0000000000000000     
       n_pass,     n_total
      300000      303253
 max=   2052.2845794265545     
 min=   0.0000000000000000     
       n_pass,     n_total
      310000      313253
   73.470623470924934      +\-   2.8622788159609661E-003
 precision:   3.8958139739942134E-005
 sigma (pb)                   sd (pb)
   73.470623470924934        2.8622788159609661E-003
