 =======================================================
 |                                                     |
 |         \/\/\/\/\/\___________/\/\/\/\/\/           |
 |                   |     \     |                     |
 |                   |     /     |                     |
 |                   |     \     |                     |
 |         /\/\/\/\/\|_____/_____|/\/\/\/\/\           |
 |                                                     |
 | Light-by-light scattering at next-to-leading order  |
 |                   (VERSION 0.5)                     |
 |                                                     |
 |    Authors:                                         |
 |            Ajjath A.H. (LPTHE Paris)                |
 |            Ekta Chaubey (Bonn)                      |
 |            Mathijs Fraaije (Bern)                   |
 |            Valentin Hirschi (Bern)                  |
 |            Hua-Sheng Shao (LPTHE Paris)             |
 |                                                     |
 |    Please cite                                      |
 |            PLB 851 (2024) 138555 [arXiv:2312.16956] |
 |            JHEP 03 (2024) 121    [arXiv:2312.16966] |
 |                                                     |
 =======================================================
 ---------------------------------------------------
         the cuts in the lab frame                  
 min transverse momentum of photon    0.0000000000000000     
 max (pseudo-)rapidity of photon    5.0000000000000000     
 min (pseudo-)rapidity of photon   -5.0000000000000000     
 min invariant mass of di-photon    0.0000000000000000     
 ---------------------------------------------------
 max=   154845.94718840855     
 min=   0.0000000000000000     
       n_pass,     n_total
       10000       10000
  
 ====================NCALL=20K===========================
  
 ITERATION            1 :
   2543.8101422508635      +\-   20.584635681244897     
 precision:   8.0920487497666786E-003
 WARNING: outside the range of the grid (xs,xt)=   8.6102829137892620E-002  -8.6098611573619310E-002
 WARNING: set the 2-loop amplitudes to zero
 WARNING: outside the range of the grid (xs,xt)=   8.3589013840830437E-002  -8.3584919410462172E-002
 WARNING: set the 2-loop amplitudes to zero
 WARNING: outside the range of the grid (xs,xt)=   4.0245272802998756E-002  -4.0243301473758555E-002
 WARNING: set the 2-loop amplitudes to zero
 WARNING: outside the range of the grid (xs,xt)=   37005.411284423702       -37003.598652921173     
 WARNING: set the 2-loop amplitudes to zero
 WARNING: outside the range of the grid (xs,xt)=  0.75141684474429915      -0.75138003818555443     
 WARNING: set the 2-loop amplitudes to zero
 INFO: will suppress the further warning
 max=   164240.20288010116     
 min=   0.0000000000000000     
       n_pass,     n_total
       20000       20008
 max=   164240.20288010116     
 min=   0.0000000000000000     
       n_pass,     n_total
       30000       30008
 ITERATION            2 :
   2519.1556712384458      +\-   4.8389309737923449     
 precision:   1.9208542882200967E-003
 max=   166057.64963458927     
 min=   0.0000000000000000     
       n_pass,     n_total
       40000       40043
 max=   166057.64963458927     
 min=   0.0000000000000000     
       n_pass,     n_total
       50000       50043
 ITERATION            3 :
   2516.9896002932960      +\-   1.7097105898424572     
 precision:   6.7926803894749130E-004
 max=   167768.25976755004     
 min=   0.0000000000000000     
       n_pass,     n_total
       60000       60173
 max=   167768.25976755004     
 min=   0.0000000000000000     
       n_pass,     n_total
       70000       70173
 ITERATION            4 :
   2518.2534164366007      +\-   1.0654256038556207     
 precision:   4.2308117082323979E-004
 max=   167788.39334366829     
 min=   0.0000000000000000     
       n_pass,     n_total
       80000       80474
 max=   167788.39334366829     
 min=   0.0000000000000000     
       n_pass,     n_total
       90000       90474
 ITERATION            5 :
   2517.1585773822044      +\-  0.74114059615070393     
 precision:   2.9443540141260217E-004
 max=   167788.39334366829     
 min=   0.0000000000000000     
       n_pass,     n_total
      100000      100869
 max=   167788.39334366829     
 min=   0.0000000000000000     
       n_pass,     n_total
      110000      110869
 ITERATION            6 :
   2517.2903625745053      +\-  0.62026111768423864     
 precision:   2.4640030681636574E-004
 max=   167796.59076261756     
 min=   0.0000000000000000     
       n_pass,     n_total
      120000      121256
 max=   167796.59076261756     
 min=   0.0000000000000000     
       n_pass,     n_total
      130000      131256
 ITERATION            7 :
   2518.1301876193115      +\-  0.58161947952765303     
 precision:   2.3097276002140589E-004
 max=   167796.59076261756     
 min=   0.0000000000000000     
       n_pass,     n_total
      140000      141553
 max=   167796.59076261756     
 min=   0.0000000000000000     
       n_pass,     n_total
      150000      151553
 ITERATION            8 :
   2517.4661020162966      +\-  0.81070714435581859     
 precision:   3.2203299329691253E-004
 max=   167796.59076261756     
 min=   0.0000000000000000     
       n_pass,     n_total
      160000      161977
 max=   167796.59076261756     
 min=   0.0000000000000000     
       n_pass,     n_total
      170000      171977
 ITERATION            9 :
   2517.7064586506299      +\-  0.69343116760481116     
 precision:   2.7542176937356592E-004
 max=   167796.59076261756     
 min=   0.0000000000000000     
       n_pass,     n_total
      180000      182531
 max=   167796.59076261756     
 min=   0.0000000000000000     
       n_pass,     n_total
      190000      192531
 ITERATION           10 :
   2518.4801521582194      +\-  0.63750266493864749     
 precision:   2.5312991424305550E-004
 ====================NCALL=40K ===========================
  
 max=   167798.91538212955     
 min=   0.0000000000000000     
       n_pass,     n_total
      200000      203516
 max=   167798.91538212955     
 min=   0.0000000000000000     
       n_pass,     n_total
      210000      213516
 max=   167798.91538212955     
 min=   0.0000000000000000     
       n_pass,     n_total
      220000      223516
 max=   167798.91538212955     
 min=   0.0000000000000000     
       n_pass,     n_total
      230000      233516
   2517.7114609595928      +\-  0.31203531767206638     
 precision:   1.2393609137130359E-004
 ====================NCALL=80K ===========================
  
 max=   167798.91538212955     
 min=   0.0000000000000000     
       n_pass,     n_total
      240000      246003
 max=   167798.91538212955     
 min=   0.0000000000000000     
       n_pass,     n_total
      250000      256003
 max=   167798.91538212955     
 min=   0.0000000000000000     
       n_pass,     n_total
      260000      266003
 max=   167798.91538212955     
 min=   0.0000000000000000     
       n_pass,     n_total
      270000      276003
 max=   167798.91538212955     
 min=   0.0000000000000000     
       n_pass,     n_total
      280000      286003
 max=   167798.91538212955     
 min=   0.0000000000000000     
       n_pass,     n_total
      290000      296003
 max=   167798.91538212955     
 min=   0.0000000000000000     
       n_pass,     n_total
      300000      306003
   2517.6009825139481      +\-  0.15343166078491322     
 precision:   6.0943597436836150E-005
 sigma (pb)                   sd (pb)
   2517.6009825139481       0.15343166078491322     
