 =======================================================
 |                                                     |
 |         \/\/\/\/\/\___________/\/\/\/\/\/           |
 |                   |     \     |                     |
 |                   |     /     |                     |
 |                   |     \     |                     |
 |         /\/\/\/\/\|_____/_____|/\/\/\/\/\           |
 |                                                     |
 | Light-by-light scattering at next-to-leading order  |
 |                   (VERSION 0.5)                     |
 |                                                     |
 |    Authors:                                         |
 |            Ajjath A.H. (LPTHE Paris)                |
 |            Ekta Chaubey (Bonn)                      |
 |            Mathijs Fraaije (Bern)                   |
 |            Valentin Hirschi (Bern)                  |
 |            Hua-Sheng Shao (LPTHE Paris)             |
 |                                                     |
 |    Please cite                                      |
 |            PLB 851 (2024) 138555 [arXiv:2312.16956] |
 |            JHEP 03 (2024) 121    [arXiv:2312.16966] |
 |                                                     |
 =======================================================
 ---------------------------------------------------
         the cuts in the lab frame                  
 min transverse momentum of photon    0.0000000000000000     
 max (pseudo-)rapidity of photon    5.0000000000000000     
 min (pseudo-)rapidity of photon   -5.0000000000000000     
 min invariant mass of di-photon    0.0000000000000000     
 ---------------------------------------------------
 max=   7543.6215272374748     
 min=   0.0000000000000000     
       n_pass,     n_total
       10000       10000
  
 ====================NCALL=20K===========================
  
 ITERATION            1 :
   207.32352906246109      +\-  0.87492561666851609     
 precision:   4.2200980304793294E-003
 WARNING: outside the range of the grid (xs,xt)=   2.2010158164401870       -2.2009059995669924     
 WARNING: set the 2-loop amplitudes to zero
 WARNING: outside the range of the grid (xs,xt)=   2.1367560553633216       -2.1366494446488384     
 WARNING: set the 2-loop amplitudes to zero
 WARNING: outside the range of the grid (xs,xt)=   1.0287755102040816       -1.0287241807638725     
 WARNING: set the 2-loop amplitudes to zero
 WARNING: outside the range of the grid (xs,xt)=  0.10978177777777778      -0.10977630035618033     
 WARNING: set the 2-loop amplitudes to zero
 WARNING: outside the range of the grid (xs,xt)=   1.0947767313019391E-002  -1.0947221088150947E-002
 WARNING: set the 2-loop amplitudes to zero
 INFO: will suppress the further warning
 max=   8647.6569807043124     
 min=   0.0000000000000000     
       n_pass,     n_total
       20000       20007
 max=   8647.6569807043124     
 min=   0.0000000000000000     
       n_pass,     n_total
       30000       30007
 ITERATION            2 :
   206.37111994436708      +\-  0.23683698697782640     
 precision:   1.1476266012495945E-003
 max=   8722.0183363114938     
 min=   0.0000000000000000     
       n_pass,     n_total
       40000       40040
 max=   8722.0183363114938     
 min=   0.0000000000000000     
       n_pass,     n_total
       50000       50040
 ITERATION            3 :
   206.18157252621228      +\-   8.8257577242708676E-002
 precision:   4.2805754249201059E-004
 max=   8722.0183363114938     
 min=   0.0000000000000000     
       n_pass,     n_total
       60000       60151
 max=   8722.0183363114938     
 min=   0.0000000000000000     
       n_pass,     n_total
       70000       70151
 ITERATION            4 :
   206.21803597649955      +\-   6.0484224485279778E-002
 precision:   2.9330230112448803E-004
 max=   8781.4336622230221     
 min=   0.0000000000000000     
       n_pass,     n_total
       80000       80399
 max=   8781.4336622230221     
 min=   0.0000000000000000     
       n_pass,     n_total
       90000       90399
 ITERATION            5 :
   206.20559881293423      +\-   4.4203022529212141E-002
 precision:   2.1436383291082353E-004
 max=   8781.4336622230221     
 min=   0.0000000000000000     
       n_pass,     n_total
      100000      100760
 max=   8781.4336622230221     
 min=   0.0000000000000000     
       n_pass,     n_total
      110000      110760
 ITERATION            6 :
   206.22262817996383      +\-   3.9378776676622408E-002
 precision:   1.9095274376126087E-004
 max=   8781.4336622230221     
 min=   0.0000000000000000     
       n_pass,     n_total
      120000      121061
 max=   8781.4336622230221     
 min=   0.0000000000000000     
       n_pass,     n_total
      130000      131061
 ITERATION            7 :
   206.31076423992113      +\-   3.9482651011155785E-002
 precision:   1.9137465345841559E-004
 max=   8784.1630564862990     
 min=   0.0000000000000000     
       n_pass,     n_total
      140000      141548
 max=   8784.1630564862990     
 min=   0.0000000000000000     
       n_pass,     n_total
      150000      151548
 ITERATION            8 :
   206.17702134008763      +\-   3.6663639649487323E-002
 precision:   1.7782602256636006E-004
 max=   8785.4200230983042     
 min=   0.0000000000000000     
       n_pass,     n_total
      160000      162023
 max=   8785.4200230983042     
 min=   0.0000000000000000     
       n_pass,     n_total
      170000      172023
 ITERATION            9 :
   206.23938005643208      +\-   3.4896282328485510E-002
 precision:   1.6920280849824627E-004
 max=   8785.4200230983042     
 min=   0.0000000000000000     
       n_pass,     n_total
      180000      182399
 max=   8785.4200230983042     
 min=   0.0000000000000000     
       n_pass,     n_total
      190000      192399
 ITERATION           10 :
   206.24051916045218      +\-   4.3554680469024463E-002
 precision:   2.1118391597501528E-004
 ====================NCALL=40K ===========================
  
 max=   8785.4200230983042     
 min=   0.0000000000000000     
       n_pass,     n_total
      200000      203253
 max=   8785.4200230983042     
 min=   0.0000000000000000     
       n_pass,     n_total
      210000      213253
 max=   8785.4200230983042     
 min=   0.0000000000000000     
       n_pass,     n_total
      220000      223253
 max=   8785.4200230983042     
 min=   0.0000000000000000     
       n_pass,     n_total
      230000      233253
   206.27373293152434      +\-   1.8460453093244584E-002
 precision:   8.9494929048347660E-005
 ====================NCALL=80K ===========================
  
 max=   8785.9091925254597     
 min=   0.0000000000000000     
       n_pass,     n_total
      240000      244912
 max=   8785.9091925254597     
 min=   0.0000000000000000     
       n_pass,     n_total
      250000      254912
 max=   8785.9091925254597     
 min=   0.0000000000000000     
       n_pass,     n_total
      260000      264912
 max=   8785.9091925254597     
 min=   0.0000000000000000     
       n_pass,     n_total
      270000      274912
 max=   8785.9091925254597     
 min=   0.0000000000000000     
       n_pass,     n_total
      280000      284912
 max=   8785.9091925254597     
 min=   0.0000000000000000     
       n_pass,     n_total
      290000      294912
 max=   8785.9091925254597     
 min=   0.0000000000000000     
       n_pass,     n_total
      300000      304912
 max=   8785.9091925254597     
 min=   0.0000000000000000     
       n_pass,     n_total
      310000      314912
   206.24141711705795      +\-   1.0260774142366794E-002
 precision:   4.9751278311586713E-005
 sigma (pb)                   sd (pb)
   206.24141711705795        1.0260774142366794E-002
