 =======================================================
 |                                                     |
 |         \/\/\/\/\/\___________/\/\/\/\/\/           |
 |                   |     \     |                     |
 |                   |     /     |                     |
 |                   |     \     |                     |
 |         /\/\/\/\/\|_____/_____|/\/\/\/\/\           |
 |                                                     |
 | Light-by-light scattering at next-to-leading order  |
 |                   (VERSION 0.5)                     |
 |                                                     |
 |    Authors:                                         |
 |            Ajjath A.H. (LPTHE Paris)                |
 |            Ekta Chaubey (Bonn)                      |
 |            Mathijs Fraaije (Bern)                   |
 |            Valentin Hirschi (Bern)                  |
 |            Hua-Sheng Shao (LPTHE Paris)             |
 |                                                     |
 |    Please cite                                      |
 |            PLB 851 (2024) 138555 [arXiv:2312.16956] |
 |            JHEP 03 (2024) 121    [arXiv:2312.16966] |
 |                                                     |
 =======================================================
 ---------------------------------------------------
         the cuts in the lab frame                  
 min transverse momentum of photon    0.0000000000000000     
 max (pseudo-)rapidity of photon    5.0000000000000000     
 min (pseudo-)rapidity of photon   -5.0000000000000000     
 min invariant mass of di-photon    0.0000000000000000     
 ---------------------------------------------------
 max=   2481092.7959900931     
 min=   0.0000000000000000     
       n_pass,     n_total
       10000       10000
  
 ====================NCALL=20K===========================
  
 ITERATION            1 :
   453841.60250631615      +\-   232.15008417246094     
 precision:   5.1152226435484188E-004
 WARNING: outside the range of the grid (xs,xt)=   166.31408427510621       -166.30578792093183     
 WARNING: set the 2-loop amplitudes to zero
 max=   2494142.5608906508     
 min=   0.0000000000000000     
       n_pass,     n_total
       20000       20005
 max=   2494142.5608906508     
 min=   0.0000000000000000     
       n_pass,     n_total
       30000       30005
 WARNING: outside the range of the grid (xs,xt)=   166.31408427510621       -7.8013343085949968E-003
 WARNING: set the 2-loop amplitudes to zero
 ITERATION            2 :
   453353.61826102377      +\-   79.986158660390885     
 precision:   1.7643216120608504E-004
 max=   2564732.7192097669     
 min=   0.0000000000000000     
       n_pass,     n_total
       40000       40024
 max=   2564732.7192097669     
 min=   0.0000000000000000     
       n_pass,     n_total
       50000       50024
 ITERATION            3 :
   453255.17801864923      +\-   82.269429423207242     
 precision:   1.8150797478550210E-004
 max=   2586887.2131355922     
 min=   0.0000000000000000     
       n_pass,     n_total
       60000       60054
 max=   2586887.2131355922     
 min=   0.0000000000000000     
       n_pass,     n_total
       70000       70054
 WARNING: outside the range of the grid (xs,xt)=   166.31408427510621       -8.0059960533176988E-003
 WARNING: set the 2-loop amplitudes to zero
 WARNING: outside the range of the grid (xs,xt)=   166.31408427510621       -7.6820142005441239E-003
 WARNING: set the 2-loop amplitudes to zero
 WARNING: outside the range of the grid (xs,xt)=   166.31408427510621       -7.5504732031726101E-003
 WARNING: set the 2-loop amplitudes to zero
 INFO: will suppress the further warning
 ITERATION            4 :
   453222.47213948530      +\-   73.692301846213439     
 precision:   1.6259631058967801E-004
 max=   2586887.2131355922     
 min=   0.0000000000000000     
       n_pass,     n_total
       80000       80089
 max=   2586887.2131355922     
 min=   0.0000000000000000     
       n_pass,     n_total
       90000       90089
 ITERATION            5 :
   453277.95344595757      +\-   64.686747919800851     
 precision:   1.4270878922752016E-004
 max=   2586887.2131355922     
 min=   0.0000000000000000     
       n_pass,     n_total
      100000      100138
 max=   2586887.2131355922     
 min=   0.0000000000000000     
       n_pass,     n_total
      110000      110138
 ITERATION            6 :
   453215.20898613543      +\-   61.050560905340781     
 precision:   1.3470545492485540E-004
 max=   2591293.9705551434     
 min=   0.0000000000000000     
       n_pass,     n_total
      120000      120182
 max=   2591293.9705551434     
 min=   0.0000000000000000     
       n_pass,     n_total
      130000      130182
 ITERATION            7 :
   453326.43906532024      +\-   59.892321466402926     
 precision:   1.3211742423382676E-004
 max=   2591293.9705551434     
 min=   0.0000000000000000     
       n_pass,     n_total
      140000      140236
 max=   2591293.9705551434     
 min=   0.0000000000000000     
       n_pass,     n_total
      150000      150236
 ITERATION            8 :
   453133.40223099932      +\-   59.673696992009347     
 precision:   1.3169123418888630E-004
 max=   2591293.9705551434     
 min=   0.0000000000000000     
       n_pass,     n_total
      160000      160301
 max=   2591293.9705551434     
 min=   0.0000000000000000     
       n_pass,     n_total
      170000      170301
 ITERATION            9 :
   453266.94345736847      +\-   58.122156636507704     
 precision:   1.2822941861405411E-004
 max=   2591535.6846176470     
 min=   0.0000000000000000     
       n_pass,     n_total
      180000      180362
 max=   2591535.6846176470     
 min=   0.0000000000000000     
       n_pass,     n_total
      190000      190362
 ITERATION           10 :
   453321.22956123319      +\-   58.916330685189642     
 precision:   1.2996596418441377E-004
 ====================NCALL=40K ===========================
  
 max=   2591535.6846176470     
 min=   0.0000000000000000     
       n_pass,     n_total
      200000      200486
 max=   2591535.6846176470     
 min=   0.0000000000000000     
       n_pass,     n_total
      210000      210486
 max=   2591535.6846176470     
 min=   0.0000000000000000     
       n_pass,     n_total
      220000      220486
 max=   2591535.6846176470     
 min=   0.0000000000000000     
       n_pass,     n_total
      230000      230486
   453265.02962572669      +\-   29.883739763804897     
 precision:   6.5929947846364220E-005
 ====================NCALL=80K ===========================
  
 max=   2640731.3951847483     
 min=   0.0000000000000000     
       n_pass,     n_total
      240000      240798
 max=   2640731.3951847483     
 min=   0.0000000000000000     
       n_pass,     n_total
      250000      250798
 max=   2640731.3951847483     
 min=   0.0000000000000000     
       n_pass,     n_total
      260000      260798
 max=   2640731.3951847483     
 min=   0.0000000000000000     
       n_pass,     n_total
      270000      270798
 max=   2640731.3951847483     
 min=   0.0000000000000000     
       n_pass,     n_total
      280000      280798
 max=   2640731.3951847483     
 min=   0.0000000000000000     
       n_pass,     n_total
      290000      290798
 max=   2640731.3951847483     
 min=   0.0000000000000000     
       n_pass,     n_total
      300000      300798
 max=   2640731.3951847483     
 min=   0.0000000000000000     
       n_pass,     n_total
      310000      310798
   453219.49506363162      +\-   14.851950042372184     
 precision:   3.2769883476188472E-005
 sigma (pb)                   sd (pb)
   453219.49506363162        14.851950042372184     
