 =======================================================
 |                                                     |
 |         \/\/\/\/\/\___________/\/\/\/\/\/           |
 |                   |     \     |                     |
 |                   |     /     |                     |
 |                   |     \     |                     |
 |         /\/\/\/\/\|_____/_____|/\/\/\/\/\           |
 |                                                     |
 | Light-by-light scattering at next-to-leading order  |
 |                   (VERSION 0.5)                     |
 |                                                     |
 |    Authors:                                         |
 |            Ajjath A.H. (LPTHE Paris)                |
 |            Ekta Chaubey (Bonn)                      |
 |            Mathijs Fraaije (Bern)                   |
 |            Valentin Hirschi (Bern)                  |
 |            Hua-Sheng Shao (LPTHE Paris)             |
 |                                                     |
 |    Please cite                                      |
 |            PLB 851 (2024) 138555 [arXiv:2312.16956] |
 |            JHEP 03 (2024) 121    [arXiv:2312.16966] |
 |                                                     |
 =======================================================
 ---------------------------------------------------
         the cuts in the lab frame                  
 min transverse momentum of photon    0.0000000000000000     
 max (pseudo-)rapidity of photon    5.0000000000000000     
 min (pseudo-)rapidity of photon   -5.0000000000000000     
 min invariant mass of di-photon    0.0000000000000000     
 ---------------------------------------------------
 WARNING: outside the range of the grid (xs,xt)=   1.0512133649359505       -1.0512133544262274     
 WARNING: set the 2-loop amplitudes to zero
 WARNING: outside the range of the grid (xs,xt)=   1.0512598047967805       -1.0512597942865929     
 WARNING: set the 2-loop amplitudes to zero
 WARNING: outside the range of the grid (xs,xt)=   1.0512161918128364       -1.0512161813030849     
 WARNING: set the 2-loop amplitudes to zero
 WARNING: outside the range of the grid (xs,xt)=   1.0514415760332081       -1.0514415655212039     
 WARNING: set the 2-loop amplitudes to zero
 WARNING: outside the range of the grid (xs,xt)=   1.0513744914629726       -1.0513744809516390     
 WARNING: set the 2-loop amplitudes to zero
 INFO: will suppress the further warning
 max=   314835940768408.12     
 min=   0.0000000000000000     
       n_pass,     n_total
       10000       10000
  
 ====================NCALL=20K===========================
  
 ITERATION            1 :
   49652226571.424538      +\-   21560983753.461227     
 precision:  0.43424001786598299     
 max=   755397167662593.25     
 min=   0.0000000000000000     
       n_pass,     n_total
       20000       20015
 max=   755397167662593.25     
 min=   0.0000000000000000     
       n_pass,     n_total
       30000       30015
 ITERATION            2 :
   49373650372.939980      +\-   11150434975.735079     
 precision:  0.22583776754424975     
 max=   812054612341696.62     
 min=   0.0000000000000000     
       n_pass,     n_total
       40000       40096
 max=   812054612341696.62     
 min=   0.0000000000000000     
       n_pass,     n_total
       50000       50096
 ITERATION            3 :
   67999565061.340538      +\-   4509046512.9184113     
 precision:   6.6309931671635319E-002
 max=   848223684457625.00     
 min=   0.0000000000000000     
       n_pass,     n_total
       60000       60534
 max=   848223684457625.00     
 min=   0.0000000000000000     
       n_pass,     n_total
       70000       70534
 ITERATION            4 :
   68522363094.113121      +\-   927635833.08403289     
 precision:   1.3537709314110443E-002
 max=   918504358767127.25     
 min=   0.0000000000000000     
       n_pass,     n_total
       80000       82344
 max=   918504358767127.25     
 min=   0.0000000000000000     
       n_pass,     n_total
       90000       92344
 ITERATION            5 :
   68321244727.835266      +\-   187037218.60057583     
 precision:   2.7376143298568096E-003
 max=   919874972382100.12     
 min=   0.0000000000000000     
       n_pass,     n_total
      100000      109535
 ITERATION            6 :
   68586668243.470024      +\-   1046246544.5439149     
 precision:   1.5254371896735567E-002
 max=   920545040830868.88     
 min=   0.0000000000000000     
       n_pass,     n_total
      110000      122085
 max=   920545040830868.88     
 min=   0.0000000000000000     
       n_pass,     n_total
      120000      132085
 ITERATION            7 :
   67944610538.113976      +\-   651939873.54378641     
 precision:   9.5951668334028715E-003
 max=   920847280512020.38     
 min=   0.0000000000000000     
       n_pass,     n_total
      130000      145928
 ITERATION            8 :
   82969492893.107086      +\-   14494148947.701344     
 precision:  0.17469250976831610     
 max=   920847280512020.38     
 min=   0.0000000000000000     
       n_pass,     n_total
      140000      158780
 max=   920847280512020.38     
 min=   0.0000000000000000     
       n_pass,     n_total
      150000      168780
 ITERATION            9 :
   67715935300.280136      +\-   2292073750.0450191     
 precision:   3.3848365822328634E-002
 max=   920847280512020.38     
 min=   0.0000000000000000     
       n_pass,     n_total
      160000      180795
 max=   920847280512020.38     
 min=   0.0000000000000000     
       n_pass,     n_total
      170000      190795
 ITERATION           10 :
   69471754558.810928      +\-   1944126376.7351632     
 precision:   2.7984414516109189E-002
 ====================NCALL=40K ===========================
  
 max=   920847280512020.38     
 min=   0.0000000000000000     
       n_pass,     n_total
      180000      203426
 max=   920847280512020.38     
 min=   0.0000000000000000     
       n_pass,     n_total
      190000      213426
 max=   920847280512020.38     
 min=   0.0000000000000000     
       n_pass,     n_total
      200000      223426
 max=   920847280512020.38     
 min=   0.0000000000000000     
       n_pass,     n_total
      210000      233426
   69103439576.224487      +\-   335381540.58435136     
 precision:   4.8533262980985058E-003
 ====================NCALL=80K ===========================
  
 max=   920847280512020.38     
 min=   0.0000000000000000     
       n_pass,     n_total
      220000      256551
 max=   920847280512020.38     
 min=   0.0000000000000000     
       n_pass,     n_total
      230000      266551
 max=   920847280512020.38     
 min=   0.0000000000000000     
       n_pass,     n_total
      240000      276551
 max=   920847280512020.38     
 min=   0.0000000000000000     
       n_pass,     n_total
      250000      286551
 max=   920847280512020.38     
 min=   0.0000000000000000     
       n_pass,     n_total
      260000      296551
 max=   920847280512020.38     
 min=   0.0000000000000000     
       n_pass,     n_total
      270000      306551
   68771201970.411453      +\-   32254262.810407288     
 precision:   4.6900827506671412E-004
 sigma (pb)                   sd (pb)
   68771201970.411453        32254262.810407288     
