 =======================================================
 |                                                     |
 |         \/\/\/\/\/\___________/\/\/\/\/\/           |
 |                   |     \     |                     |
 |                   |     /     |                     |
 |                   |     \     |                     |
 |         /\/\/\/\/\|_____/_____|/\/\/\/\/\           |
 |                                                     |
 | Light-by-light scattering at next-to-leading order  |
 |                   (VERSION 0.5)                     |
 |                                                     |
 |    Authors:                                         |
 |            Ajjath A.H. (LPTHE Paris)                |
 |            Ekta Chaubey (Bonn)                      |
 |            Mathijs Fraaije (Bern)                   |
 |            Valentin Hirschi (Bern)                  |
 |            Hua-Sheng Shao (LPTHE Paris)             |
 |                                                     |
 |    Please cite                                      |
 |            PLB 851 (2024) 138555 [arXiv:2312.16956] |
 |            JHEP 03 (2024) 121    [arXiv:2312.16966] |
 |                                                     |
 =======================================================
 ---------------------------------------------------
         the cuts in the lab frame                  
 min transverse momentum of photon    0.0000000000000000     
 max (pseudo-)rapidity of photon    5.0000000000000000     
 min (pseudo-)rapidity of photon   -5.0000000000000000     
 min invariant mass of di-photon    0.0000000000000000     
 ---------------------------------------------------
 max=   977.04320700258529     
 min=   0.0000000000000000     
       n_pass,     n_total
       10000       10000
  
 ====================NCALL=20K===========================
  
 ITERATION            1 :
   42.205290657508975      +\-  0.11412935000376076     
 precision:   2.7041479450978590E-003
 max=   1095.8326637302787     
 min=   0.0000000000000000     
       n_pass,     n_total
       20000       20007
 max=   1095.8326637302787     
 min=   0.0000000000000000     
       n_pass,     n_total
       30000       30007
 ITERATION            2 :
   42.046918997437210      +\-   2.8959931100946943E-002
 precision:   6.8875275029573683E-004
 WARNING: outside the range of the grid (xs,xt)=   26.116676319893067       -26.115474629546899     
 WARNING: set the 2-loop amplitudes to zero
 WARNING: outside the range of the grid (xs,xt)=   25.354186851211065       -25.353020244817479     
 WARNING: set the 2-loop amplitudes to zero
 WARNING: outside the range of the grid (xs,xt)=   12.207180341524365       -12.206618660145361     
 WARNING: set the 2-loop amplitudes to zero
 WARNING: outside the range of the grid (xs,xt)=   1.3026417777777777       -1.3025818401337339     
 WARNING: set the 2-loop amplitudes to zero
 WARNING: outside the range of the grid (xs,xt)=  0.12990333518005540      -0.12989735801887650     
 WARNING: set the 2-loop amplitudes to zero
 INFO: will suppress the further warning
 max=   1098.3554357231696     
 min=   0.0000000000000000     
       n_pass,     n_total
       40000       40035
 max=   1098.3554357231696     
 min=   0.0000000000000000     
       n_pass,     n_total
       50000       50035
 ITERATION            3 :
   42.021744789723968      +\-   1.3498935285905716E-002
 precision:   3.2123690611739561E-004
 max=   1098.3554357231696     
 min=   0.0000000000000000     
       n_pass,     n_total
       60000       60115
 max=   1098.3554357231696     
 min=   0.0000000000000000     
       n_pass,     n_total
       70000       70115
 ITERATION            4 :
   42.030245271947337      +\-   1.0699043107863095E-002
 precision:   2.5455580948046628E-004
 max=   1098.3554357231696     
 min=   0.0000000000000000     
       n_pass,     n_total
       80000       80285
 max=   1098.3554357231696     
 min=   0.0000000000000000     
       n_pass,     n_total
       90000       90285
 ITERATION            5 :
   42.022720347175429      +\-   8.8937886055921837E-003
 precision:   2.1164238136215716E-004
 max=   1098.3554357231696     
 min=   0.0000000000000000     
       n_pass,     n_total
      100000      100559
 max=   1098.3554357231696     
 min=   0.0000000000000000     
       n_pass,     n_total
      110000      110559
 ITERATION            6 :
   42.027443933658198      +\-   7.7317741706864462E-003
 precision:   1.8396965047151866E-004
 max=   1098.3554357231696     
 min=   0.0000000000000000     
       n_pass,     n_total
      120000      120839
 max=   1098.3554357231696     
 min=   0.0000000000000000     
       n_pass,     n_total
      130000      130839
 ITERATION            7 :
   42.044125377408143      +\-   7.3199644718353078E-003
 precision:   1.7410195612651736E-004
 max=   1098.3554357231696     
 min=   0.0000000000000000     
       n_pass,     n_total
      140000      141190
 max=   1098.3554357231696     
 min=   0.0000000000000000     
       n_pass,     n_total
      150000      151190
 ITERATION            8 :
   42.017356779656545      +\-   7.1967033328357924E-003
 precision:   1.7127929704326868E-004
 max=   1098.3554357231696     
 min=   0.0000000000000000     
       n_pass,     n_total
      160000      161446
 max=   1098.3554357231696     
 min=   0.0000000000000000     
       n_pass,     n_total
      170000      171446
 ITERATION            9 :
   42.027623356692992      +\-   7.1453748564930782E-003
 precision:   1.7001615332490986E-004
 max=   1098.8062917888262     
 min=   0.0000000000000000     
       n_pass,     n_total
      180000      181817
 max=   1098.8062917888262     
 min=   0.0000000000000000     
       n_pass,     n_total
      190000      191817
 ITERATION           10 :
   42.037207279890666      +\-   7.2850082845005238E-003
 precision:   1.7329905471587909E-004
 ====================NCALL=40K ===========================
  
 max=   1098.8062917888262     
 min=   0.0000000000000000     
       n_pass,     n_total
      200000      202078
 max=   1098.8062917888262     
 min=   0.0000000000000000     
       n_pass,     n_total
      210000      212078
 max=   1098.8062917888262     
 min=   0.0000000000000000     
       n_pass,     n_total
      220000      222078
 max=   1098.8062917888262     
 min=   0.0000000000000000     
       n_pass,     n_total
      230000      232078
   42.034038290236857      +\-   4.1504946978825974E-003
 precision:   9.8741278894600579E-005
 ====================NCALL=80K ===========================
  
 max=   1099.2246243246966     
 min=   0.0000000000000000     
       n_pass,     n_total
      240000      243330
 max=   1099.2246243246966     
 min=   0.0000000000000000     
       n_pass,     n_total
      250000      253330
 max=   1099.2246243246966     
 min=   0.0000000000000000     
       n_pass,     n_total
      260000      263330
 max=   1099.2246243246966     
 min=   0.0000000000000000     
       n_pass,     n_total
      270000      273330
 max=   1099.2246243246966     
 min=   0.0000000000000000     
       n_pass,     n_total
      280000      283330
 max=   1099.2246243246966     
 min=   0.0000000000000000     
       n_pass,     n_total
      290000      293330
 max=   1099.2246243246966     
 min=   0.0000000000000000     
       n_pass,     n_total
      300000      303330
 max=   1099.2246243246966     
 min=   0.0000000000000000     
       n_pass,     n_total
      310000      313330
   42.031801830089435      +\-   1.8205872361405585E-003
 precision:   4.3314517980936259E-005
 sigma (pb)                   sd (pb)
   42.031801830089435        1.8205872361405585E-003
