 =======================================================
 |                                                     |
 |         \/\/\/\/\/\___________/\/\/\/\/\/           |
 |                   |     \     |                     |
 |                   |     /     |                     |
 |                   |     \     |                     |
 |         /\/\/\/\/\|_____/_____|/\/\/\/\/\           |
 |                                                     |
 | Light-by-light scattering at next-to-leading order  |
 |                   (VERSION 0.5)                     |
 |                                                     |
 |    Authors:                                         |
 |            Ajjath A.H. (LPTHE Paris)                |
 |            Ekta Chaubey (Bonn)                      |
 |            Mathijs Fraaije (Bern)                   |
 |            Valentin Hirschi (Bern)                  |
 |            Hua-Sheng Shao (LPTHE Paris)             |
 |                                                     |
 |    Please cite                                      |
 |            PLB 851 (2024) 138555 [arXiv:2312.16956] |
 |            JHEP 03 (2024) 121    [arXiv:2312.16966] |
 |                                                     |
 =======================================================
 ---------------------------------------------------
         the cuts in the lab frame                  
 min transverse momentum of photon    0.0000000000000000     
 max (pseudo-)rapidity of photon    5.0000000000000000     
 min (pseudo-)rapidity of photon   -5.0000000000000000     
 min invariant mass of di-photon    0.0000000000000000     
 ---------------------------------------------------
 WARNING: outside the range of the grid (xs,xt)=   6.1654503602492410E-002  -6.1654502985955678E-002
 WARNING: set the 2-loop amplitudes to zero
 WARNING: outside the range of the grid (xs,xt)=   6.1488047081436924E-002  -6.1488046466564708E-002
 WARNING: set the 2-loop amplitudes to zero
 WARNING: outside the range of the grid (xs,xt)=   6.1771868919271090E-002  -6.1771868301560735E-002
 WARNING: set the 2-loop amplitudes to zero
 WARNING: outside the range of the grid (xs,xt)=   6.1697327634417168E-002  -6.1697327017452196E-002
 WARNING: set the 2-loop amplitudes to zero
 WARNING: outside the range of the grid (xs,xt)=   6.1819283133964530E-002  -6.1819282515780047E-002
 WARNING: set the 2-loop amplitudes to zero
 INFO: will suppress the further warning
 max=  0.79159373121969034     
 min=   0.0000000000000000     
       n_pass,     n_total
       10000       10000
  
 ====================NCALL=20K===========================
  
 ITERATION            1 :
  0.56260070540586371      +\-   2.2362598693494032E-005
 precision:   3.9748614743313396E-005
 max=  0.79904748486284005     
 min=   0.0000000000000000     
       n_pass,     n_total
       20000       20002
 max=  0.79904748486284005     
 min=   0.0000000000000000     
       n_pass,     n_total
       30000       30002
 ITERATION            2 :
  0.56255082924766209      +\-   3.6732843864171960E-005
 precision:   6.5296933102555936E-005
 max=  0.80078575931759455     
 min=   0.0000000000000000     
       n_pass,     n_total
       40000       40011
 max=  0.80078575931759455     
 min=   0.0000000000000000     
       n_pass,     n_total
       50000       50011
 ITERATION            3 :
  0.56252839526366016      +\-   3.0941383479048823E-005
 precision:   5.5004127328623872E-005
 max=  0.80087172812618590     
 min=   0.0000000000000000     
       n_pass,     n_total
       60000       60035
 max=  0.80087172812618590     
 min=   0.0000000000000000     
       n_pass,     n_total
       70000       70035
 ITERATION            4 :
  0.56252618305515567      +\-   2.4030948590275304E-005
 precision:   4.2719697881012360E-005
 max=  0.80088139341693854     
 min=   0.0000000000000000     
       n_pass,     n_total
       80000       80066
 max=  0.80088139341693854     
 min=   0.0000000000000000     
       n_pass,     n_total
       90000       90066
 ITERATION            5 :
  0.56252679311283382      +\-   2.0978419489523096E-005
 precision:   3.7293191624590162E-005
 max=  0.80088139341693854     
 min=   0.0000000000000000     
       n_pass,     n_total
      100000      100107
 max=  0.80088139341693854     
 min=   0.0000000000000000     
       n_pass,     n_total
      110000      110107
 ITERATION            6 :
  0.56252370082466563      +\-   1.9971755969572558E-005
 precision:   3.5503847998393235E-005
 max=  0.80088139341693854     
 min=   0.0000000000000000     
       n_pass,     n_total
      120000      120148
 max=  0.80088139341693854     
 min=   0.0000000000000000     
       n_pass,     n_total
      130000      130148
 ITERATION            7 :
  0.56254217740109858      +\-   1.9524830252590990E-005
 precision:   3.4708206845563471E-005
 max=  0.80088376117007765     
 min=   0.0000000000000000     
       n_pass,     n_total
      140000      140197
 max=  0.80088376117007765     
 min=   0.0000000000000000     
       n_pass,     n_total
      150000      150197
 ITERATION            8 :
  0.56251780445089938      +\-   2.0052008036861081E-005
 precision:   3.5646885979786556E-005
 max=  0.80088376117007765     
 min=   0.0000000000000000     
       n_pass,     n_total
      160000      160258
 max=  0.80088376117007765     
 min=   0.0000000000000000     
       n_pass,     n_total
      170000      170258
 ITERATION            9 :
  0.56253733373225523      +\-   1.9193524099108765E-005
 precision:   3.4119556068867239E-005
 max=  0.80088376117007765     
 min=   0.0000000000000000     
       n_pass,     n_total
      180000      180318
 max=  0.80088376117007765     
 min=   0.0000000000000000     
       n_pass,     n_total
      190000      190318
 ITERATION           10 :
  0.56256083648383182      +\-   1.8225396277950598E-005
 precision:   3.2397200615429618E-005
 ====================NCALL=40K ===========================
  
 max=  0.80088376117007765     
 min=   0.0000000000000000     
       n_pass,     n_total
      200000      200444
 max=  0.80088376117007765     
 min=   0.0000000000000000     
       n_pass,     n_total
      210000      210444
 max=  0.80088376117007765     
 min=   0.0000000000000000     
       n_pass,     n_total
      220000      220444
 max=  0.80088376117007765     
 min=   0.0000000000000000     
       n_pass,     n_total
      230000      230444
  0.56253480691713875      +\-   9.5729965282406494E-006
 precision:   1.7017607462733855E-005
 ====================NCALL=80K ===========================
  
 max=  0.80088734298439368     
 min=   0.0000000000000000     
       n_pass,     n_total
      240000      240763
 max=  0.80088734298439368     
 min=   0.0000000000000000     
       n_pass,     n_total
      250000      250763
 max=  0.80088734298439368     
 min=   0.0000000000000000     
       n_pass,     n_total
      260000      260763
 max=  0.80088734298439368     
 min=   0.0000000000000000     
       n_pass,     n_total
      270000      270763
 max=  0.80088734298439368     
 min=   0.0000000000000000     
       n_pass,     n_total
      280000      280763
 max=  0.80088734298439368     
 min=   0.0000000000000000     
       n_pass,     n_total
      290000      290763
 max=  0.80088734298439368     
 min=   0.0000000000000000     
       n_pass,     n_total
      300000      300763
 max=  0.80088734298439368     
 min=   0.0000000000000000     
       n_pass,     n_total
      310000      310763
  0.56252862570777917      +\-   4.9330712649523947E-006
 precision:   8.7694581920085487E-006
 sigma (pb)                   sd (pb)
  0.56252862570777917        4.9330712649523947E-006
