 =======================================================
 |                                                     |
 |         \/\/\/\/\/\___________/\/\/\/\/\/           |
 |                   |     \     |                     |
 |                   |     /     |                     |
 |                   |     \     |                     |
 |         /\/\/\/\/\|_____/_____|/\/\/\/\/\           |
 |                                                     |
 | Light-by-light scattering at next-to-leading order  |
 |                   (VERSION 0.5)                     |
 |                                                     |
 |    Authors:                                         |
 |            Ajjath A.H. (LPTHE Paris)                |
 |            Ekta Chaubey (Bonn)                      |
 |            Mathijs Fraaije (Bern)                   |
 |            Valentin Hirschi (Bern)                  |
 |            Hua-Sheng Shao (LPTHE Paris)             |
 |                                                     |
 |    Please cite                                      |
 |            PLB 851 (2024) 138555 [arXiv:2312.16956] |
 |            JHEP 03 (2024) 121    [arXiv:2312.16966] |
 |                                                     |
 =======================================================
 ---------------------------------------------------
         the cuts in the lab frame                  
 min transverse momentum of photon    0.0000000000000000     
 max (pseudo-)rapidity of photon    5.0000000000000000     
 min (pseudo-)rapidity of photon   -5.0000000000000000     
 min invariant mass of di-photon    0.0000000000000000     
 ---------------------------------------------------
 max=   1225.8659186625093     
 min=   0.0000000000000000     
       n_pass,     n_total
       10000       10000
  
 ====================NCALL=20K===========================
  
 ITERATION            1 :
   52.682032400597997      +\-  0.14202654690180094     
 precision:   2.6959200400967975E-003
 WARNING: outside the range of the grid (xs,xt)=   19.465217197594114       -19.464247051887714     
 WARNING: set the 2-loop amplitudes to zero
 WARNING: outside the range of the grid (xs,xt)=   18.896920415224908       -18.895978593409158     
 WARNING: set the 2-loop amplitudes to zero
 WARNING: outside the range of the grid (xs,xt)=   9.0982257392753016       -9.0977722840403974     
 WARNING: set the 2-loop amplitudes to zero
 WARNING: outside the range of the grid (xs,xt)=  0.97088177777777773      -0.97083338906582184     
 WARNING: set the 2-loop amplitudes to zero
 WARNING: outside the range of the grid (xs,xt)=   9.6819235457063710E-002  -9.6814409989943451E-002
 WARNING: set the 2-loop amplitudes to zero
 INFO: will suppress the further warning
 max=   1378.0899758867395     
 min=   0.0000000000000000     
       n_pass,     n_total
       20000       20007
 max=   1378.0899758867395     
 min=   0.0000000000000000     
       n_pass,     n_total
       30000       30007
 ITERATION            2 :
   52.489766047067612      +\-   3.6731766391799175E-002
 precision:   6.9978910477257173E-004
 max=   1378.0899758867395     
 min=   0.0000000000000000     
       n_pass,     n_total
       40000       40035
 max=   1378.0899758867395     
 min=   0.0000000000000000     
       n_pass,     n_total
       50000       50035
 ITERATION            3 :
   52.458460756291068      +\-   1.6787100024011056E-002
 precision:   3.2000748367360109E-004
 max=   1382.2265148090785     
 min=   0.0000000000000000     
       n_pass,     n_total
       60000       60115
 max=   1382.2265148090785     
 min=   0.0000000000000000     
       n_pass,     n_total
       70000       70115
 ITERATION            4 :
   52.468480935373719      +\-   1.3296242913775694E-002
 precision:   2.5341391015594472E-004
 max=   1385.0472433152490     
 min=   0.0000000000000000     
       n_pass,     n_total
       80000       80291
 max=   1385.0472433152490     
 min=   0.0000000000000000     
       n_pass,     n_total
       90000       90291
 ITERATION            5 :
   52.456534034398203      +\-   1.0952643549448185E-002
 precision:   2.0879464781767748E-004
 max=   1385.0472433152490     
 min=   0.0000000000000000     
       n_pass,     n_total
      100000      100573
 max=   1385.0472433152490     
 min=   0.0000000000000000     
       n_pass,     n_total
      110000      110573
 ITERATION            6 :
   52.467375231929886      +\-   9.5182171311487523E-003
 precision:   1.8141210779220159E-004
 max=   1385.0472433152490     
 min=   0.0000000000000000     
       n_pass,     n_total
      120000      120858
 max=   1385.0472433152490     
 min=   0.0000000000000000     
       n_pass,     n_total
      130000      130858
 ITERATION            7 :
   52.486554873091407      +\-   8.9612539394016109E-003
 precision:   1.7073427587444552E-004
 max=   1385.0472433152490     
 min=   0.0000000000000000     
       n_pass,     n_total
      140000      141216
 max=   1385.0472433152490     
 min=   0.0000000000000000     
       n_pass,     n_total
      150000      151216
 ITERATION            8 :
   52.454718641487808      +\-   8.9477371285518244E-003
 precision:   1.7058021394999583E-004
 max=   1385.1035802114443     
 min=   0.0000000000000000     
       n_pass,     n_total
      160000      161464
 max=   1385.1035802114443     
 min=   0.0000000000000000     
       n_pass,     n_total
      170000      171464
 ITERATION            9 :
   52.464723852659787      +\-   8.8087971420363204E-003
 precision:   1.6789942832396598E-004
 max=   1385.1035802114443     
 min=   0.0000000000000000     
       n_pass,     n_total
      180000      181859
 max=   1385.1035802114443     
 min=   0.0000000000000000     
       n_pass,     n_total
      190000      191859
 ITERATION           10 :
   52.473563490423096      +\-   1.0104357281345499E-002
 precision:   1.9256091275732847E-004
 ====================NCALL=40K ===========================
  
 max=   1385.1035802114443     
 min=   0.0000000000000000     
       n_pass,     n_total
      200000      202026
 max=   1385.1035802114443     
 min=   0.0000000000000000     
       n_pass,     n_total
      210000      212026
 max=   1385.1035802114443     
 min=   0.0000000000000000     
       n_pass,     n_total
      220000      222026
 max=   1385.1035802114443     
 min=   0.0000000000000000     
       n_pass,     n_total
      230000      232026
   52.468337727030075      +\-   5.9267806164230033E-003
 precision:   1.1295918401793980E-004
 ====================NCALL=80K ===========================
  
 max=   1385.1035802114443     
 min=   0.0000000000000000     
       n_pass,     n_total
      240000      243072
 max=   1385.1035802114443     
 min=   0.0000000000000000     
       n_pass,     n_total
      250000      253072
 max=   1385.1035802114443     
 min=   0.0000000000000000     
       n_pass,     n_total
      260000      263072
 max=   1385.1035802114443     
 min=   0.0000000000000000     
       n_pass,     n_total
      270000      273072
 max=   1385.1035802114443     
 min=   0.0000000000000000     
       n_pass,     n_total
      280000      283072
 max=   1385.1035802114443     
 min=   0.0000000000000000     
       n_pass,     n_total
      290000      293072
 max=   1385.1035802114443     
 min=   0.0000000000000000     
       n_pass,     n_total
      300000      303072
 max=   1385.1035802114443     
 min=   0.0000000000000000     
       n_pass,     n_total
      310000      313072
   52.472063376793294      +\-   2.3108850217455189E-003
 precision:   4.4040292548654550E-005
 sigma (pb)                   sd (pb)
   52.472063376793294        2.3108850217455189E-003
