 =======================================================
 |                                                     |
 |         \/\/\/\/\/\___________/\/\/\/\/\/           |
 |                   |     \     |                     |
 |                   |     /     |                     |
 |                   |     \     |                     |
 |         /\/\/\/\/\|_____/_____|/\/\/\/\/\           |
 |                                                     |
 | Light-by-light scattering at next-to-leading order  |
 |                   (VERSION 0.5)                     |
 |                                                     |
 |    Authors:                                         |
 |            Ajjath A.H. (LPTHE Paris)                |
 |            Ekta Chaubey (Bonn)                      |
 |            Mathijs Fraaije (Bern)                   |
 |            Valentin Hirschi (Bern)                  |
 |            Hua-Sheng Shao (LPTHE Paris)             |
 |                                                     |
 |    Please cite                                      |
 |            PLB 851 (2024) 138555 [arXiv:2312.16956] |
 |            JHEP 03 (2024) 121    [arXiv:2312.16966] |
 |                                                     |
 =======================================================
 ---------------------------------------------------
         the cuts in the lab frame                  
 min transverse momentum of photon    0.0000000000000000     
 max (pseudo-)rapidity of photon    5.0000000000000000     
 min (pseudo-)rapidity of photon   -5.0000000000000000     
 min invariant mass of di-photon    0.0000000000000000     
 ---------------------------------------------------
 max=   1182057.5820612458     
 min=   0.0000000000000000     
       n_pass,     n_total
       10000       10000
  
 ====================NCALL=20K===========================
  
 ITERATION            1 :
   68066.662234938616      +\-   204.32073115792403     
 precision:   3.0017739147057249E-003
 max=   1188905.8657839538     
 min=   0.0000000000000000     
       n_pass,     n_total
       20000       20007
 max=   1188905.8657839538     
 min=   0.0000000000000000     
       n_pass,     n_total
       30000       30007
 ITERATION            2 :
   67666.948801325882      +\-   32.186297862045215     
 precision:   4.7565759107220967E-004
 WARNING: outside the range of the grid (xs,xt)=   1357.8720210170763       -1357.8093907369148     
 WARNING: set the 2-loop amplitudes to zero
 WARNING: outside the range of the grid (xs,xt)=   2.7572397500381034E-002  -2.7571125755361296E-002
 WARNING: set the 2-loop amplitudes to zero
 WARNING: outside the range of the grid (xs,xt)=   1357.8720210170763       -1357.8092857096535     
 WARNING: set the 2-loop amplitudes to zero
 WARNING: outside the range of the grid (xs,xt)=   2.7572397500381034E-002  -2.7571123622720402E-002
 WARNING: set the 2-loop amplitudes to zero
 WARNING: outside the range of the grid (xs,xt)=   1357.8720210170763       -1357.8064693431500     
 WARNING: set the 2-loop amplitudes to zero
 INFO: will suppress the further warning
 max=   1191435.4331782940     
 min=   0.0000000000000000     
       n_pass,     n_total
       40000       40031
 max=   1191435.4331782940     
 min=   0.0000000000000000     
       n_pass,     n_total
       50000       50031
 ITERATION            3 :
   67645.011982794385      +\-   21.234582864559869     
 precision:   3.1391202754108341E-004
 max=   1192385.7619514163     
 min=   0.0000000000000000     
       n_pass,     n_total
       60000       60099
 max=   1192385.7619514163     
 min=   0.0000000000000000     
       n_pass,     n_total
       70000       70099
 ITERATION            4 :
   67633.578943868168      +\-   18.034775816334427     
 precision:   2.6665416939272452E-004
 max=   1196628.3721237858     
 min=   0.0000000000000000     
       n_pass,     n_total
       80000       80220
 max=   1196628.3721237858     
 min=   0.0000000000000000     
       n_pass,     n_total
       90000       90220
 ITERATION            5 :
   67633.740845527645      +\-   15.340363973300624     
 precision:   2.2681525199585382E-004
 max=   1196628.3721237858     
 min=   0.0000000000000000     
       n_pass,     n_total
      100000      100401
 max=   1196628.3721237858     
 min=   0.0000000000000000     
       n_pass,     n_total
      110000      110401
 ITERATION            6 :
   67627.285455095713      +\-   14.255328624813520     
 precision:   2.1079255996869799E-004
 max=   1196628.3721237858     
 min=   0.0000000000000000     
       n_pass,     n_total
      120000      120592
 max=   1196628.3721237858     
 min=   0.0000000000000000     
       n_pass,     n_total
      130000      130592
 ITERATION            7 :
   67663.685616011280      +\-   13.812244832729172     
 precision:   2.0413083778961011E-004
 max=   1196628.3721237858     
 min=   0.0000000000000000     
       n_pass,     n_total
      140000      140801
 max=   1196628.3721237858     
 min=   0.0000000000000000     
       n_pass,     n_total
      150000      150801
 ITERATION            8 :
   67620.337235903717      +\-   13.650382357733807     
 precision:   2.0186800178343382E-004
 max=   1196628.3721237858     
 min=   0.0000000000000000     
       n_pass,     n_total
      160000      161020
 max=   1196628.3721237858     
 min=   0.0000000000000000     
       n_pass,     n_total
      170000      171020
 ITERATION            9 :
   67638.104524641225      +\-   13.284299034026201     
 precision:   1.9640259181400628E-004
 max=   1196628.3721237858     
 min=   0.0000000000000000     
       n_pass,     n_total
      180000      181266
 max=   1196628.3721237858     
 min=   0.0000000000000000     
       n_pass,     n_total
      190000      191266
 ITERATION           10 :
   67650.632392231943      +\-   13.431887882455255     
 precision:   1.9854785398868772E-004
 ====================NCALL=40K ===========================
  
 max=   1196628.3721237858     
 min=   0.0000000000000000     
       n_pass,     n_total
      200000      201636
 max=   1196628.3721237858     
 min=   0.0000000000000000     
       n_pass,     n_total
      210000      211636
 max=   1196628.3721237858     
 min=   0.0000000000000000     
       n_pass,     n_total
      220000      221636
 max=   1196628.3721237858     
 min=   0.0000000000000000     
       n_pass,     n_total
      230000      231636
   67650.037167239207      +\-   6.4152747238837895     
 precision:   9.4830320758352901E-005
 ====================NCALL=80K ===========================
  
 max=   1196628.3721237858     
 min=   0.0000000000000000     
       n_pass,     n_total
      240000      242224
 max=   1196628.3721237858     
 min=   0.0000000000000000     
       n_pass,     n_total
      250000      252224
 max=   1196628.3721237858     
 min=   0.0000000000000000     
       n_pass,     n_total
      260000      262224
 max=   1196628.3721237858     
 min=   0.0000000000000000     
       n_pass,     n_total
      270000      272224
 max=   1196628.3721237858     
 min=   0.0000000000000000     
       n_pass,     n_total
      280000      282224
 max=   1196628.3721237858     
 min=   0.0000000000000000     
       n_pass,     n_total
      290000      292224
 max=   1196628.3721237858     
 min=   0.0000000000000000     
       n_pass,     n_total
      300000      302224
 max=   1196628.3721237858     
 min=   0.0000000000000000     
       n_pass,     n_total
      310000      312224
   67641.898076543701      +\-   3.1306336253762019     
 precision:   4.6282462710220977E-005
 sigma (pb)                   sd (pb)
   67641.898076543701        3.1306336253762019     
