 =======================================================
 |                                                     |
 |         \/\/\/\/\/\___________/\/\/\/\/\/           |
 |                   |     \     |                     |
 |                   |     /     |                     |
 |                   |     \     |                     |
 |         /\/\/\/\/\|_____/_____|/\/\/\/\/\           |
 |                                                     |
 | Light-by-light scattering at next-to-leading order  |
 |                   (VERSION 0.5)                     |
 |                                                     |
 |    Authors:                                         |
 |            Ajjath A.H. (LPTHE Paris)                |
 |            Ekta Chaubey (Bonn)                      |
 |            Mathijs Fraaije (Bern)                   |
 |            Valentin Hirschi (Bern)                  |
 |            Hua-Sheng Shao (LPTHE Paris)             |
 |                                                     |
 |    Please cite                                      |
 |            PLB 851 (2024) 138555 [arXiv:2312.16956] |
 |            JHEP 03 (2024) 121    [arXiv:2312.16966] |
 |                                                     |
 =======================================================
 ---------------------------------------------------
         the cuts in the lab frame                  
 min transverse momentum of photon    0.0000000000000000     
 max (pseudo-)rapidity of photon    5.0000000000000000     
 min (pseudo-)rapidity of photon   -5.0000000000000000     
 min invariant mass of di-photon    0.0000000000000000     
 ---------------------------------------------------
 WARNING: outside the range of the grid (xs,xt)=   4.7864119745104317       -4.7864119266962817     
 WARNING: set the 2-loop amplitudes to zero
 max=   4133579861451528.5     
 min=   0.0000000000000000     
       n_pass,     n_total
       10000       10000
  
 ====================NCALL=20K===========================
  
 ITERATION            1 :
   210877046311.60019      +\-   210875413712.60400     
 precision:  0.99999225805262004     
 WARNING: outside the range of the grid (xs,xt)=   4.7863837950676631       -4.7863837472537947     
 WARNING: set the 2-loop amplitudes to zero
 WARNING: outside the range of the grid (xs,xt)=   4.7863877070583714       -4.7863876592444639     
 WARNING: set the 2-loop amplitudes to zero
 WARNING: outside the range of the grid (xs,xt)=   4.7864447027440598       -4.7864446549295847     
 WARNING: set the 2-loop amplitudes to zero
 WARNING: outside the range of the grid (xs,xt)=   4.7865266792762657       -4.7865266314609718     
 WARNING: set the 2-loop amplitudes to zero
 INFO: will suppress the further warning
 max=   9665796921013418.0     
 min=   0.0000000000000000     
       n_pass,     n_total
       20000       20017
 max=   9665796921013418.0     
 min=   0.0000000000000000     
       n_pass,     n_total
       30000       30017
 ITERATION            2 :
   185400950270.69244      +\-   167115225962.33142     
 precision:  0.90137200331679435     
 max=   10587996755415916.     
 min=   0.0000000000000000     
       n_pass,     n_total
       40000       40289
 max=   10587996755415916.     
 min=   0.0000000000000000     
       n_pass,     n_total
       50000       50289
 ITERATION            3 :
   206671058451.52545      +\-   12408971126.345358     
 precision:   6.0042132746205838E-002
 max=   10705165134252318.     
 min=   0.0000000000000000     
       n_pass,     n_total
       60000       65115
 max=   10705165134252318.     
 min=   0.0000000000000000     
       n_pass,     n_total
       70000       75115
 ITERATION            4 :
   210117755138.00632      +\-   727270664.05973423     
 precision:   3.4612527798141544E-003
 max=   10706532242815278.     
 min=   0.0000000000000000     
       n_pass,     n_total
       80000       90506
 ITERATION            5 :
   210349113447.08096      +\-   110139908.35109369     
 precision:   5.2360528906532507E-004
 max=   10706918229815348.     
 min=   0.0000000000000000     
       n_pass,     n_total
       90000      102647
 max=   10706918229815348.     
 min=   0.0000000000000000     
       n_pass,     n_total
      100000      112647
 ITERATION            6 :
   210319053822.28665      +\-   46403201.552182235     
 precision:   2.2063241874124996E-004
 max=   10706964632615692.     
 min=   0.0000000000000000     
       n_pass,     n_total
      110000      124599
 max=   10706964632615692.     
 min=   0.0000000000000000     
       n_pass,     n_total
      120000      134599
 ITERATION            7 :
   210282608948.53027      +\-   20296553.931599963     
 precision:   9.6520363871687749E-005
 max=   10707040715606824.     
 min=   0.0000000000000000     
       n_pass,     n_total
      130000      145900
 max=   10707040715606824.     
 min=   0.0000000000000000     
       n_pass,     n_total
      140000      155900
 ITERATION            8 :
   210291062500.48929      +\-   13013785.488881558     
 precision:   6.1884634249975693E-005
 max=   10707040715606824.     
 min=   0.0000000000000000     
       n_pass,     n_total
      150000      167135
 ITERATION            9 :
   210274391895.24307      +\-   10054146.611311397     
 precision:   4.7814412971030196E-005
 max=   10707040715606824.     
 min=   0.0000000000000000     
       n_pass,     n_total
      160000      177902
 max=   10707040715606824.     
 min=   0.0000000000000000     
       n_pass,     n_total
      170000      187902
 ITERATION           10 :
   210278927223.05725      +\-   8085871.4566995911     
 precision:   3.8453075462584768E-005
 ====================NCALL=40K ===========================
  
 max=   10707040715606824.     
 min=   0.0000000000000000     
       n_pass,     n_total
      180000      200431
 max=   10707040715606824.     
 min=   0.0000000000000000     
       n_pass,     n_total
      190000      210431
 max=   10707040715606824.     
 min=   0.0000000000000000     
       n_pass,     n_total
      200000      220431
 max=   10707040715606824.     
 min=   0.0000000000000000     
       n_pass,     n_total
      210000      230431
   210383293285.82919      +\-   96478724.587189972     
 precision:   4.5858548499910047E-004
 ====================NCALL=80K ===========================
  
 max=   10707040715606824.     
 min=   0.0000000000000000     
       n_pass,     n_total
      220000      269886
 max=   10707040715606824.     
 min=   0.0000000000000000     
       n_pass,     n_total
      230000      279886
 max=   10707040715606824.     
 min=   0.0000000000000000     
       n_pass,     n_total
      240000      289886
 max=   10707040715606824.     
 min=   0.0000000000000000     
       n_pass,     n_total
      250000      299886
 max=   10707040715606824.     
 min=   0.0000000000000000     
       n_pass,     n_total
      260000      309886
   210140449839.28204      +\-   7952010.5129577760     
 precision:   3.7841408063224235E-005
 sigma (pb)                   sd (pb)
   210140449839.28204        7952010.5129577760     
