 =======================================================
 |                                                     |
 |         \/\/\/\/\/\___________/\/\/\/\/\/           |
 |                   |     \     |                     |
 |                   |     /     |                     |
 |                   |     \     |                     |
 |         /\/\/\/\/\|_____/_____|/\/\/\/\/\           |
 |                                                     |
 | Light-by-light scattering at next-to-leading order  |
 |                   (VERSION 0.5)                     |
 |                                                     |
 |    Authors:                                         |
 |            Ajjath A.H. (LPTHE Paris)                |
 |            Ekta Chaubey (Bonn)                      |
 |            Mathijs Fraaije (Bern)                   |
 |            Valentin Hirschi (Bern)                  |
 |            Hua-Sheng Shao (LPTHE Paris)             |
 |                                                     |
 |    Please cite                                      |
 |            PLB 851 (2024) 138555 [arXiv:2312.16956] |
 |            JHEP 03 (2024) 121    [arXiv:2312.16966] |
 |                                                     |
 =======================================================
 ---------------------------------------------------
         the cuts in the lab frame                  
 min transverse momentum of photon    0.0000000000000000     
 max (pseudo-)rapidity of photon    5.0000000000000000     
 min (pseudo-)rapidity of photon   -5.0000000000000000     
 min invariant mass of di-photon    0.0000000000000000     
 ---------------------------------------------------
 max=   2964768.3825550061     
 min=   0.0000000000000000     
       n_pass,     n_total
       10000       10000
  
 ====================NCALL=20K===========================
  
 ITERATION            1 :
   921798.01886648242      +\-   179.57874838357588     
 precision:   1.9481355427992833E-004
 WARNING: outside the range of the grid (xs,xt)=   63.437640021292808       -63.434736541970324     
 WARNING: set the 2-loop amplitudes to zero
 max=   3116417.0456002126     
 min=   0.0000000000000000     
       n_pass,     n_total
       20000       20002
 max=   3116417.0456002126     
 min=   0.0000000000000000     
       n_pass,     n_total
       30000       30002
 ITERATION            2 :
   921500.17856927589      +\-   104.17697508699662     
 precision:   1.1305149744923775E-004
 WARNING: outside the range of the grid (xs,xt)=   63.437640021292808       -63.434668239526481     
 WARNING: set the 2-loop amplitudes to zero
 WARNING: outside the range of the grid (xs,xt)=   63.437640021292808       -63.434712213813540     
 WARNING: set the 2-loop amplitudes to zero
 max=   3347277.8039566106     
 min=   0.0000000000000000     
       n_pass,     n_total
       40000       40010
 max=   3347277.8039566106     
 min=   0.0000000000000000     
       n_pass,     n_total
       50000       50010
 WARNING: outside the range of the grid (xs,xt)=   63.437640021292808       -2.8853157029563206E-003
 WARNING: set the 2-loop amplitudes to zero
 WARNING: outside the range of the grid (xs,xt)=   63.437640021292808       -3.0702910981414019E-003
 WARNING: set the 2-loop amplitudes to zero
 INFO: will suppress the further warning
 ITERATION            3 :
   921267.40156087943      +\-   102.64400861570773     
 precision:   1.1141608662349353E-004
 max=   3347277.8039566106     
 min=   0.0000000000000000     
       n_pass,     n_total
       60000       60034
 max=   3347277.8039566106     
 min=   0.0000000000000000     
       n_pass,     n_total
       70000       70034
 ITERATION            4 :
   921228.59405973682      +\-   100.35960299425416     
 precision:   1.0894104204037155E-004
 max=   3382667.7966953949     
 min=   0.0000000000000000     
       n_pass,     n_total
       80000       80061
 max=   3382667.7966953949     
 min=   0.0000000000000000     
       n_pass,     n_total
       90000       90061
 ITERATION            5 :
   921318.39516799164      +\-   91.077096302845476     
 precision:   9.8855180554859788E-005
 max=   3382667.7966953949     
 min=   0.0000000000000000     
       n_pass,     n_total
      100000      100093
 max=   3382667.7966953949     
 min=   0.0000000000000000     
       n_pass,     n_total
      110000      110093
 ITERATION            6 :
   921261.76171626174      +\-   86.660766617107328     
 precision:   9.4067473782546797E-005
 max=   3490748.3752290523     
 min=   0.0000000000000000     
       n_pass,     n_total
      120000      120124
 max=   3490748.3752290523     
 min=   0.0000000000000000     
       n_pass,     n_total
      130000      130124
 ITERATION            7 :
   921375.58329037938      +\-   85.240660194780460     
 precision:   9.2514563811613555E-005
 max=   3490748.3752290523     
 min=   0.0000000000000000     
       n_pass,     n_total
      140000      140161
 max=   3490748.3752290523     
 min=   0.0000000000000000     
       n_pass,     n_total
      150000      150161
 ITERATION            8 :
   921123.05899745168      +\-   84.498326507384277     
 precision:   9.1734025852476287E-005
 max=   3490748.3752290523     
 min=   0.0000000000000000     
       n_pass,     n_total
      160000      160209
 max=   3490748.3752290523     
 min=   0.0000000000000000     
       n_pass,     n_total
      170000      170209
 ITERATION            9 :
   921269.80466642836      +\-   83.241693009899024     
 precision:   9.0355390557969088E-005
 max=   3490748.3752290523     
 min=   0.0000000000000000     
       n_pass,     n_total
      180000      180251
 max=   3490748.3752290523     
 min=   0.0000000000000000     
       n_pass,     n_total
      190000      190251
 ITERATION           10 :
   921378.72423626052      +\-   82.812830698253691     
 precision:   8.9879252168426207E-005
 ====================NCALL=40K ===========================
  
 max=   3490748.3752290523     
 min=   0.0000000000000000     
       n_pass,     n_total
      200000      200337
 max=   3490748.3752290523     
 min=   0.0000000000000000     
       n_pass,     n_total
      210000      210337
 max=   3490748.3752290523     
 min=   0.0000000000000000     
       n_pass,     n_total
      220000      220337
 max=   3490748.3752290523     
 min=   0.0000000000000000     
       n_pass,     n_total
      230000      230337
   921316.93843851122      +\-   42.457741978507350     
 precision:   4.6083752731678433E-005
 ====================NCALL=80K ===========================
  
 max=   3490748.3752290523     
 min=   0.0000000000000000     
       n_pass,     n_total
      240000      240562
 max=   3490748.3752290523     
 min=   0.0000000000000000     
       n_pass,     n_total
      250000      250562
 max=   3490748.3752290523     
 min=   0.0000000000000000     
       n_pass,     n_total
      260000      260562
 max=   3490748.3752290523     
 min=   0.0000000000000000     
       n_pass,     n_total
      270000      270562
 max=   3490748.3752290523     
 min=   0.0000000000000000     
       n_pass,     n_total
      280000      280562
 max=   3490748.3752290523     
 min=   0.0000000000000000     
       n_pass,     n_total
      290000      290562
 max=   3490748.3752290523     
 min=   0.0000000000000000     
       n_pass,     n_total
      300000      300562
 max=   3490748.3752290523     
 min=   0.0000000000000000     
       n_pass,     n_total
      310000      310562
   921250.41478244180      +\-   21.973051362858140     
 precision:   2.3851334024144992E-005
 sigma (pb)                   sd (pb)
   921250.41478244180        21.973051362858140     
