 =======================================================
 |                                                     |
 |         \/\/\/\/\/\___________/\/\/\/\/\/           |
 |                   |     \     |                     |
 |                   |     /     |                     |
 |                   |     \     |                     |
 |         /\/\/\/\/\|_____/_____|/\/\/\/\/\           |
 |                                                     |
 | Light-by-light scattering at next-to-leading order  |
 |                   (VERSION 0.5)                     |
 |                                                     |
 |    Authors:                                         |
 |            Ajjath A.H. (LPTHE Paris)                |
 |            Ekta Chaubey (Bonn)                      |
 |            Mathijs Fraaije (Bern)                   |
 |            Valentin Hirschi (Bern)                  |
 |            Hua-Sheng Shao (LPTHE Paris)             |
 |                                                     |
 |    Please cite                                      |
 |            PLB 851 (2024) 138555 [arXiv:2312.16956] |
 |            JHEP 03 (2024) 121    [arXiv:2312.16966] |
 |                                                     |
 =======================================================
 ---------------------------------------------------
         the cuts in the lab frame                  
 min transverse momentum of photon    0.0000000000000000     
 max (pseudo-)rapidity of photon    5.0000000000000000     
 min (pseudo-)rapidity of photon   -5.0000000000000000     
 min invariant mass of di-photon    0.0000000000000000     
 ---------------------------------------------------
 WARNING: outside the range of the grid (xs,xt)=   8.3372451638642722E-002  -8.3372450804933398E-002
 WARNING: set the 2-loop amplitudes to zero
 WARNING: outside the range of the grid (xs,xt)=   8.3531159172163250E-002  -8.3531158336866890E-002
 WARNING: set the 2-loop amplitudes to zero
 WARNING: outside the range of the grid (xs,xt)=   8.3430360539404239E-002  -8.3430359705115836E-002
 WARNING: set the 2-loop amplitudes to zero
 WARNING: outside the range of the grid (xs,xt)=   8.3595275158677401E-002  -8.3595274322739915E-002
 WARNING: set the 2-loop amplitudes to zero
 WARNING: outside the range of the grid (xs,xt)=   8.3632902230842868E-002  -8.3632901394529113E-002
 WARNING: set the 2-loop amplitudes to zero
 INFO: will suppress the further warning
 max=   1.9641710565931396     
 min=   0.0000000000000000     
       n_pass,     n_total
       10000       10000
  
 ====================NCALL=20K===========================
  
 ITERATION            1 :
   1.3933085393084395      +\-   4.8712536584397558E-005
 precision:   3.4961772794829593E-005
 max=   1.9760866824014247     
 min=   0.0000000000000000     
       n_pass,     n_total
       20000       20002
 max=   1.9760866824014247     
 min=   0.0000000000000000     
       n_pass,     n_total
       30000       30002
 ITERATION            2 :
   1.3931851003904250      +\-   9.1230684932508516E-005
 precision:   6.5483534748499763E-005
 max=   1.9799680080103605     
 min=   0.0000000000000000     
       n_pass,     n_total
       40000       40010
 max=   1.9799680080103605     
 min=   0.0000000000000000     
       n_pass,     n_total
       50000       50010
 ITERATION            3 :
   1.3930951723592853      +\-   7.7613070577419997E-005
 precision:   5.5712683610824582E-005
 max=   1.9806023027786521     
 min=   0.0000000000000000     
       n_pass,     n_total
       60000       60033
 max=   1.9806023027786521     
 min=   0.0000000000000000     
       n_pass,     n_total
       70000       70033
 ITERATION            4 :
   1.3931365198688033      +\-   5.9517520999938327E-005
 precision:   4.2721958796646366E-005
 max=   1.9806197451928824     
 min=   0.0000000000000000     
       n_pass,     n_total
       80000       80064
 max=   1.9806197451928824     
 min=   0.0000000000000000     
       n_pass,     n_total
       90000       90064
 ITERATION            5 :
   1.3931627402718478      +\-   5.0338704935829909E-005
 precision:   3.6132681043427361E-005
 max=   1.9806301842353047     
 min=   0.0000000000000000     
       n_pass,     n_total
      100000      100107
 max=   1.9806301842353047     
 min=   0.0000000000000000     
       n_pass,     n_total
      110000      110107
 ITERATION            6 :
   1.3931099879780131      +\-   4.6810536883499966E-005
 precision:   3.3601465273708713E-005
 max=   1.9806301842353047     
 min=   0.0000000000000000     
       n_pass,     n_total
      120000      120150
 max=   1.9806301842353047     
 min=   0.0000000000000000     
       n_pass,     n_total
      130000      130150
 ITERATION            7 :
   1.3931951177915802      +\-   4.5536568504914191E-005
 precision:   3.2684990008503881E-005
 max=   1.9806301842353047     
 min=   0.0000000000000000     
       n_pass,     n_total
      140000      140203
 max=   1.9806301842353047     
 min=   0.0000000000000000     
       n_pass,     n_total
      150000      150203
 ITERATION            8 :
   1.3930776581161863      +\-   4.5296489031545044E-005
 precision:   3.2515408432289423E-005
 max=   1.9806301842353047     
 min=   0.0000000000000000     
       n_pass,     n_total
      160000      160269
 max=   1.9806301842353047     
 min=   0.0000000000000000     
       n_pass,     n_total
      170000      170269
 ITERATION            9 :
   1.3931518512940813      +\-   4.3960004578881402E-005
 precision:   3.1554352483577079E-005
 max=   1.9806301842353047     
 min=   0.0000000000000000     
       n_pass,     n_total
      180000      180337
 max=   1.9806301842353047     
 min=   0.0000000000000000     
       n_pass,     n_total
      190000      190337
 ITERATION           10 :
   1.3931687125497367      +\-   4.5204012706457830E-005
 precision:   3.2446904886147465E-005
 ====================NCALL=40K ===========================
  
 max=   1.9806443667546150     
 min=   0.0000000000000000     
       n_pass,     n_total
      200000      200472
 max=   1.9806443667546150     
 min=   0.0000000000000000     
       n_pass,     n_total
      210000      210472
 max=   1.9806443667546150     
 min=   0.0000000000000000     
       n_pass,     n_total
      220000      220472
 max=   1.9806443667546150     
 min=   0.0000000000000000     
       n_pass,     n_total
      230000      230472
   1.3931446884348102      +\-   2.3199348577141350E-005
 precision:   1.6652504775513074E-005
 ====================NCALL=80K ===========================
  
 max=   1.9806443667546150     
 min=   0.0000000000000000     
       n_pass,     n_total
      240000      240796
 max=   1.9806443667546150     
 min=   0.0000000000000000     
       n_pass,     n_total
      250000      250796
 max=   1.9806443667546150     
 min=   0.0000000000000000     
       n_pass,     n_total
      260000      260796
 max=   1.9806443667546150     
 min=   0.0000000000000000     
       n_pass,     n_total
      270000      270796
 max=   1.9806443667546150     
 min=   0.0000000000000000     
       n_pass,     n_total
      280000      280796
 max=   1.9806443667546150     
 min=   0.0000000000000000     
       n_pass,     n_total
      290000      290796
 max=   1.9806443667546150     
 min=   0.0000000000000000     
       n_pass,     n_total
      300000      300796
 max=   1.9806443667546150     
 min=   0.0000000000000000     
       n_pass,     n_total
      310000      310796
   1.3931246002916691      +\-   1.1955231748702495E-005
 precision:   8.5815954626022031E-006
 sigma (pb)                   sd (pb)
   1.3931246002916691        1.1955231748702495E-005
