 =======================================================
 |                                                     |
 |         \/\/\/\/\/\___________/\/\/\/\/\/           |
 |                   |     \     |                     |
 |                   |     /     |                     |
 |                   |     \     |                     |
 |         /\/\/\/\/\|_____/_____|/\/\/\/\/\           |
 |                                                     |
 | Light-by-light scattering at next-to-leading order  |
 |                   (VERSION 0.5)                     |
 |                                                     |
 |    Authors:                                         |
 |            Ajjath A.H. (LPTHE Paris)                |
 |            Ekta Chaubey (Bonn)                      |
 |            Mathijs Fraaije (Bern)                   |
 |            Valentin Hirschi (Bern)                  |
 |            Hua-Sheng Shao (LPTHE Paris)             |
 |                                                     |
 |    Please cite                                      |
 |            PLB 851 (2024) 138555 [arXiv:2312.16956] |
 |            JHEP 03 (2024) 121    [arXiv:2312.16966] |
 |                                                     |
 =======================================================
 ---------------------------------------------------
         the cuts in the lab frame                  
 min transverse momentum of photon    0.0000000000000000     
 max (pseudo-)rapidity of photon    5.0000000000000000     
 min (pseudo-)rapidity of photon   -5.0000000000000000     
 min invariant mass of di-photon    0.0000000000000000     
 ---------------------------------------------------
 max=   371777.35092372907     
 min=   0.0000000000000000     
       n_pass,     n_total
       10000       10000
  
 ====================NCALL=20K===========================
  
 ITERATION            1 :
   8440.4669755564955      +\-   58.093101331123115     
 precision:   6.8826880668285458E-003
 WARNING: outside the range of the grid (xs,xt)=   2.6176342169748266E-002  -2.6175080637459811E-002
 WARNING: set the 2-loop amplitudes to zero
 WARNING: outside the range of the grid (xs,xt)=   2.5412110726643591E-002  -2.5410886025423244E-002
 WARNING: set the 2-loop amplitudes to zero
 WARNING: outside the range of the grid (xs,xt)=   1.2235068721366097E-002  -1.2234479069299991E-002
 WARNING: set the 2-loop amplitudes to zero
 WARNING: outside the range of the grid (xs,xt)=   11250.110102213150       -11249.567918853436     
 WARNING: set the 2-loop amplitudes to zero
 WARNING: outside the range of the grid (xs,xt)=  0.22844016436021133      -0.22842915500522004     
 WARNING: set the 2-loop amplitudes to zero
 INFO: will suppress the further warning
 max=   384054.26070874603     
 min=   0.0000000000000000     
       n_pass,     n_total
       20000       20007
 max=   384054.26070874603     
 min=   0.0000000000000000     
       n_pass,     n_total
       30000       30007
 ITERATION            2 :
   8359.0826783826069      +\-   11.217051159217739     
 precision:   1.3418997742690253E-003
 max=   384495.44520733267     
 min=   0.0000000000000000     
       n_pass,     n_total
       40000       40040
 max=   384495.44520733267     
 min=   0.0000000000000000     
       n_pass,     n_total
       50000       50040
 ITERATION            3 :
   8349.1261098321447      +\-   4.5945745990711702     
 precision:   5.5030604863669284E-004
 max=   384942.62652360479     
 min=   0.0000000000000000     
       n_pass,     n_total
       60000       60155
 max=   384942.62652360479     
 min=   0.0000000000000000     
       n_pass,     n_total
       70000       70155
 ITERATION            4 :
   8352.7218183089517      +\-   2.9655586600719728     
 precision:   3.5504099437042719E-004
 max=   385330.19400880852     
 min=   0.0000000000000000     
       n_pass,     n_total
       80000       80400
 max=   385330.19400880852     
 min=   0.0000000000000000     
       n_pass,     n_total
       90000       90400
 ITERATION            5 :
   8351.1033920828686      +\-   2.2491189425561045     
 precision:   2.6931997329698328E-004
 max=   385330.19400880852     
 min=   0.0000000000000000     
       n_pass,     n_total
      100000      100740
 max=   385330.19400880852     
 min=   0.0000000000000000     
       n_pass,     n_total
      110000      110740
 ITERATION            6 :
   8351.0604959074335      +\-   2.0183800276195245     
 precision:   2.4169146285177347E-004
 max=   385421.18657997093     
 min=   0.0000000000000000     
       n_pass,     n_total
      120000      121036
 max=   385421.18657997093     
 min=   0.0000000000000000     
       n_pass,     n_total
      130000      131036
 ITERATION            7 :
   8356.2093719249315      +\-   2.0126536397401926     
 precision:   2.4085725358944171E-004
 max=   385421.18657997093     
 min=   0.0000000000000000     
       n_pass,     n_total
      140000      141451
 max=   385421.18657997093     
 min=   0.0000000000000000     
       n_pass,     n_total
      150000      151451
 ITERATION            8 :
   8348.7361011112225      +\-   2.2089608674080377     
 precision:   2.6458626080108383E-004
 max=   385421.18657997093     
 min=   0.0000000000000000     
       n_pass,     n_total
      160000      161681
 max=   385421.18657997093     
 min=   0.0000000000000000     
       n_pass,     n_total
      170000      171681
 ITERATION            9 :
   8351.3813445251890      +\-   2.1426750886462553     
 precision:   2.5656535131770772E-004
 max=   385421.18657997093     
 min=   0.0000000000000000     
       n_pass,     n_total
      180000      182121
 max=   385421.18657997093     
 min=   0.0000000000000000     
       n_pass,     n_total
      190000      192121
 ITERATION           10 :
   8355.6037403946157      +\-   1.9226425441870576     
 precision:   2.3010216902605960E-004
 ====================NCALL=40K ===========================
  
 max=   385421.18657997093     
 min=   0.0000000000000000     
       n_pass,     n_total
      200000      202592
 max=   385421.18657997093     
 min=   0.0000000000000000     
       n_pass,     n_total
      210000      212592
 max=   385421.18657997093     
 min=   0.0000000000000000     
       n_pass,     n_total
      220000      222592
 max=   385421.18657997093     
 min=   0.0000000000000000     
       n_pass,     n_total
      230000      232592
   8352.9637971150369      +\-  0.95402469116674926     
 precision:   1.1421391428707643E-004
 ====================NCALL=80K ===========================
  
 max=   385421.18657997093     
 min=   0.0000000000000000     
       n_pass,     n_total
      240000      243660
 max=   385421.18657997093     
 min=   0.0000000000000000     
       n_pass,     n_total
      250000      253660
 max=   385421.18657997093     
 min=   0.0000000000000000     
       n_pass,     n_total
      260000      263660
 max=   385421.18657997093     
 min=   0.0000000000000000     
       n_pass,     n_total
      270000      273660
 max=   385421.18657997093     
 min=   0.0000000000000000     
       n_pass,     n_total
      280000      283660
 max=   385421.18657997093     
 min=   0.0000000000000000     
       n_pass,     n_total
      290000      293660
 max=   385421.18657997093     
 min=   0.0000000000000000     
       n_pass,     n_total
      300000      303660
 max=   385421.18657997093     
 min=   0.0000000000000000     
       n_pass,     n_total
      310000      313660
   8351.7234157126513      +\-  0.50461280863340729     
 precision:   6.0420201138850666E-005
 sigma (pb)                   sd (pb)
   8351.7234157126513       0.50461280863340729     
