 =======================================================
 |                                                     |
 |         \/\/\/\/\/\___________/\/\/\/\/\/           |
 |                   |     \     |                     |
 |                   |     /     |                     |
 |                   |     \     |                     |
 |         /\/\/\/\/\|_____/_____|/\/\/\/\/\           |
 |                                                     |
 | Light-by-light scattering at next-to-leading order  |
 |                   (VERSION 0.5)                     |
 |                                                     |
 |    Authors:                                         |
 |            Ajjath A.H. (LPTHE Paris)                |
 |            Ekta Chaubey (Bonn)                      |
 |            Mathijs Fraaije (Bern)                   |
 |            Valentin Hirschi (Bern)                  |
 |            Hua-Sheng Shao (LPTHE Paris)             |
 |                                                     |
 |    Please cite                                      |
 |            PLB 851 (2024) 138555 [arXiv:2312.16956] |
 |            JHEP 03 (2024) 121    [arXiv:2312.16966] |
 |                                                     |
 =======================================================
 ---------------------------------------------------
         the cuts in the lab frame                  
 min transverse momentum of photon    0.0000000000000000     
 max (pseudo-)rapidity of photon    5.0000000000000000     
 min (pseudo-)rapidity of photon   -5.0000000000000000     
 min invariant mass of di-photon    0.0000000000000000     
 ---------------------------------------------------
 WARNING: outside the range of the grid (xs,xt)=   2.5164352658676472E-002  -2.5164352407034334E-002
 WARNING: set the 2-loop amplitudes to zero
 WARNING: outside the range of the grid (xs,xt)=   2.5096413248683284E-002  -2.5096412997720526E-002
 WARNING: set the 2-loop amplitudes to zero
 WARNING: outside the range of the grid (xs,xt)=   2.5212255440286043E-002  -2.5212255188164879E-002
 WARNING: set the 2-loop amplitudes to zero
 WARNING: outside the range of the grid (xs,xt)=   2.5181831333852728E-002  -2.5181831082035804E-002
 WARNING: set the 2-loop amplitudes to zero
 WARNING: outside the range of the grid (xs,xt)=   2.5231607603548492E-002  -2.5231607351233806E-002
 WARNING: set the 2-loop amplitudes to zero
 INFO: will suppress the further warning
 max=   5.3157238593456162E-002
 min=   0.0000000000000000     
       n_pass,     n_total
       10000       10000
  
 ====================NCALL=20K===========================
  
 ITERATION            1 :
   3.8090922028453621E-002 +\-   3.1669313791298054E-006
 precision:   8.3141368349239018E-005
 max=   5.4322089108938175E-002
 min=   0.0000000000000000     
       n_pass,     n_total
       20000       20002
 max=   5.4322089108938175E-002
 min=   0.0000000000000000     
       n_pass,     n_total
       30000       30002
 ITERATION            2 :
   3.8086374969212106E-002 +\-   2.5553317509312315E-006
 precision:   6.7093068137802193E-005
 max=   5.4442313095734010E-002
 min=   0.0000000000000000     
       n_pass,     n_total
       40000       40012
 max=   5.4442313095734010E-002
 min=   0.0000000000000000     
       n_pass,     n_total
       50000       50012
 ITERATION            3 :
   3.8085354488121503E-002 +\-   2.0098269022525177E-006
 precision:   5.2771647507688696E-005
 max=   5.4445539092719236E-002
 min=   0.0000000000000000     
       n_pass,     n_total
       60000       60035
 max=   5.4445539092719236E-002
 min=   0.0000000000000000     
       n_pass,     n_total
       70000       70035
 ITERATION            4 :
   3.8085037216545194E-002 +\-   1.8896400677196992E-006
 precision:   4.9616337696495341E-005
 max=   5.4445539092719236E-002
 min=   0.0000000000000000     
       n_pass,     n_total
       80000       80062
 max=   5.4445539092719236E-002
 min=   0.0000000000000000     
       n_pass,     n_total
       90000       90062
 ITERATION            5 :
   3.8086444279193145E-002 +\-   1.6340601555169895E-006
 precision:   4.2903982937826685E-005
 max=   5.4445539092719236E-002
 min=   0.0000000000000000     
       n_pass,     n_total
      100000      100095
 max=   5.4445539092719236E-002
 min=   0.0000000000000000     
       n_pass,     n_total
      110000      110095
 ITERATION            6 :
   3.8082904475176524E-002 +\-   1.7111395497434823E-006
 precision:   4.4931960241080085E-005
 max=   5.4445539092719236E-002
 min=   0.0000000000000000     
       n_pass,     n_total
      120000      120128
 max=   5.4445539092719236E-002
 min=   0.0000000000000000     
       n_pass,     n_total
      130000      130128
 ITERATION            7 :
   3.8088787325421251E-002 +\-   1.5941146775884470E-006
 precision:   4.1852597300321547E-005
 max=   5.4445539092719236E-002
 min=   0.0000000000000000     
       n_pass,     n_total
      140000      140166
 max=   5.4445539092719236E-002
 min=   0.0000000000000000     
       n_pass,     n_total
      150000      150166
 ITERATION            8 :
   3.8086064222286810E-002 +\-   1.4734761912414165E-006
 precision:   3.8688066654552950E-005
 max=   5.4446849809326237E-002
 min=   0.0000000000000000     
       n_pass,     n_total
      160000      160216
 max=   5.4446849809326237E-002
 min=   0.0000000000000000     
       n_pass,     n_total
      170000      170216
 ITERATION            9 :
   3.8086423484705152E-002 +\-   1.4705367494274494E-006
 precision:   3.8610523511560265E-005
 max=   5.4446849809326237E-002
 min=   0.0000000000000000     
       n_pass,     n_total
      180000      180266
 max=   5.4446849809326237E-002
 min=   0.0000000000000000     
       n_pass,     n_total
      190000      190266
 ITERATION           10 :
   3.8088742477767633E-002 +\-   1.5710654900394824E-006
 precision:   4.1247502223432871E-005
 ====================NCALL=40K ===========================
  
 max=   5.4446849809326237E-002
 min=   0.0000000000000000     
       n_pass,     n_total
      200000      200360
 max=   5.4446849809326237E-002
 min=   0.0000000000000000     
       n_pass,     n_total
      210000      210360
 max=   5.4446849809326237E-002
 min=   0.0000000000000000     
       n_pass,     n_total
      220000      220360
 max=   5.4446849809326237E-002
 min=   0.0000000000000000     
       n_pass,     n_total
      230000      230360
   3.8087761071763593E-002 +\-   7.5714110288061541E-007
 precision:   1.9878855610704901E-005
 ====================NCALL=80K ===========================
  
 max=   5.4446849809326237E-002
 min=   0.0000000000000000     
       n_pass,     n_total
      240000      240588
 max=   5.4446849809326237E-002
 min=   0.0000000000000000     
       n_pass,     n_total
      250000      250588
 max=   5.4446849809326237E-002
 min=   0.0000000000000000     
       n_pass,     n_total
      260000      260588
 max=   5.4446849809326237E-002
 min=   0.0000000000000000     
       n_pass,     n_total
      270000      270588
 max=   5.4446849809326237E-002
 min=   0.0000000000000000     
       n_pass,     n_total
      280000      280588
 max=   5.4446849809326237E-002
 min=   0.0000000000000000     
       n_pass,     n_total
      290000      290588
 max=   5.4446849809326237E-002
 min=   0.0000000000000000     
       n_pass,     n_total
      300000      300588
 max=   5.4446849809326237E-002
 min=   0.0000000000000000     
       n_pass,     n_total
      310000      310588
   3.8086280286004061E-002 +\-   3.9831780323779800E-007
 precision:   1.0458301526079242E-005
 sigma (pb)                   sd (pb)
   3.8086280286004061E-002   3.9831780323779800E-007
