 =======================================================
 |                                                     |
 |         \/\/\/\/\/\___________/\/\/\/\/\/           |
 |                   |     \     |                     |
 |                   |     /     |                     |
 |                   |     \     |                     |
 |         /\/\/\/\/\|_____/_____|/\/\/\/\/\           |
 |                                                     |
 | Light-by-light scattering at next-to-leading order  |
 |                   (VERSION 0.5)                     |
 |                                                     |
 |    Authors:                                         |
 |            Ajjath A.H. (LPTHE Paris)                |
 |            Ekta Chaubey (Bonn)                      |
 |            Mathijs Fraaije (Bern)                   |
 |            Valentin Hirschi (Bern)                  |
 |            Hua-Sheng Shao (LPTHE Paris)             |
 |                                                     |
 |    Please cite                                      |
 |            PLB 851 (2024) 138555 [arXiv:2312.16956] |
 |            JHEP 03 (2024) 121    [arXiv:2312.16966] |
 |                                                     |
 =======================================================
 ---------------------------------------------------
         the cuts in the lab frame                  
 min transverse momentum of photon    0.0000000000000000     
 max (pseudo-)rapidity of photon    5.0000000000000000     
 min (pseudo-)rapidity of photon   -5.0000000000000000     
 min invariant mass of di-photon    0.0000000000000000     
 ---------------------------------------------------
 max=   953.63296966584187     
 min=   0.0000000000000000     
       n_pass,     n_total
       10000       10000
  
 ====================NCALL=20K===========================
  
 ITERATION            1 :
   41.185141599736241      +\-  0.11153186312752851     
 precision:   2.7080606936226432E-003
 max=   1069.0468267406354     
 min=   0.0000000000000000     
       n_pass,     n_total
       20000       20007
 max=   1069.0468267406354     
 min=   0.0000000000000000     
       n_pass,     n_total
       30000       30007
 ITERATION            2 :
   41.029962665622030      +\-   2.8232442377168519E-002
 precision:   6.8809329921286453E-004
 WARNING: outside the range of the grid (xs,xt)=   26.946945867676543       -26.945705190645668     
 WARNING: set the 2-loop amplitudes to zero
 WARNING: outside the range of the grid (xs,xt)=   26.160216262975776       -26.159011808133307     
 WARNING: set the 2-loop amplitudes to zero
 WARNING: outside the range of the grid (xs,xt)=   12.595256143273639       -12.594676239151234     
 WARNING: set the 2-loop amplitudes to zero
 WARNING: outside the range of the grid (xs,xt)=   1.3440537777777779       -1.3439918955645380     
 WARNING: set the 2-loop amplitudes to zero
 WARNING: outside the range of the grid (xs,xt)=  0.13403306371191137      -0.13402689263247472     
 WARNING: set the 2-loop amplitudes to zero
 INFO: will suppress the further warning
 max=   1070.3463826445877     
 min=   0.0000000000000000     
       n_pass,     n_total
       40000       40035
 max=   1070.3463826445877     
 min=   0.0000000000000000     
       n_pass,     n_total
       50000       50035
 ITERATION            3 :
   41.005395518467729      +\-   1.3187161939546478E-002
 precision:   3.2159577472206882E-004
 max=   1070.3463826445877     
 min=   0.0000000000000000     
       n_pass,     n_total
       60000       60115
 max=   1070.3463826445877     
 min=   0.0000000000000000     
       n_pass,     n_total
       70000       70115
 ITERATION            4 :
   41.013572138946621      +\-   1.0456641574916830E-002
 precision:   2.5495564101297020E-004
 max=   1070.3463826445877     
 min=   0.0000000000000000     
       n_pass,     n_total
       80000       80285
 max=   1070.3463826445877     
 min=   0.0000000000000000     
       n_pass,     n_total
       90000       90285
 ITERATION            5 :
   41.006158915684594      +\-   8.6938461585388468E-003
 precision:   2.1201318017653942E-004
 max=   1070.3463826445877     
 min=   0.0000000000000000     
       n_pass,     n_total
      100000      100558
 max=   1070.3463826445877     
 min=   0.0000000000000000     
       n_pass,     n_total
      110000      110558
 ITERATION            6 :
   41.010999669915456      +\-   7.5543896589726107E-003
 precision:   1.8420398721746603E-004
 max=   1070.3463826445877     
 min=   0.0000000000000000     
       n_pass,     n_total
      120000      120837
 max=   1070.3463826445877     
 min=   0.0000000000000000     
       n_pass,     n_total
      130000      130837
 ITERATION            7 :
   41.026863184050313      +\-   7.1626426780450033E-003
 precision:   1.7458421439418178E-004
 max=   1071.0077784580142     
 min=   0.0000000000000000     
       n_pass,     n_total
      140000      141189
 max=   1071.0077784580142     
 min=   0.0000000000000000     
       n_pass,     n_total
      150000      151189
 ITERATION            8 :
   41.000844281192990      +\-   7.0289921133473866E-003
 precision:   1.7143530179868934E-004
 max=   1072.7235880220230     
 min=   0.0000000000000000     
       n_pass,     n_total
      160000      161438
 max=   1072.7235880220230     
 min=   0.0000000000000000     
       n_pass,     n_total
      170000      171438
 ITERATION            9 :
   41.012389617744113      +\-   7.0035610933996901E-003
 precision:   1.7076695990349175E-004
 max=   1072.7235880220230     
 min=   0.0000000000000000     
       n_pass,     n_total
      180000      181807
 max=   1072.7235880220230     
 min=   0.0000000000000000     
       n_pass,     n_total
      190000      191807
 ITERATION           10 :
   41.019555652097552      +\-   7.1435290150089490E-003
 precision:   1.7414935148483653E-004
 ====================NCALL=40K ===========================
  
 max=   1072.9705565087527     
 min=   0.0000000000000000     
       n_pass,     n_total
      200000      202078
 max=   1072.9705565087527     
 min=   0.0000000000000000     
       n_pass,     n_total
      210000      212078
 max=   1072.9705565087527     
 min=   0.0000000000000000     
       n_pass,     n_total
      220000      222078
 max=   1072.9705565087527     
 min=   0.0000000000000000     
       n_pass,     n_total
      230000      232078
   41.017918271281978      +\-   3.9965373278758607E-003
 precision:   9.7433938539830055E-005
 ====================NCALL=80K ===========================
  
 max=   1072.9705565087527     
 min=   0.0000000000000000     
       n_pass,     n_total
      240000      243333
 max=   1072.9705565087527     
 min=   0.0000000000000000     
       n_pass,     n_total
      250000      253333
 max=   1072.9705565087527     
 min=   0.0000000000000000     
       n_pass,     n_total
      260000      263333
 max=   1072.9705565087527     
 min=   0.0000000000000000     
       n_pass,     n_total
      270000      273333
 max=   1072.9705565087527     
 min=   0.0000000000000000     
       n_pass,     n_total
      280000      283333
 max=   1072.9705565087527     
 min=   0.0000000000000000     
       n_pass,     n_total
      290000      293333
 max=   1072.9705565087527     
 min=   0.0000000000000000     
       n_pass,     n_total
      300000      303333
 max=   1072.9705565087527     
 min=   0.0000000000000000     
       n_pass,     n_total
      310000      313333
   41.015106704195745      +\-   1.7351119400554149E-003
 precision:   4.2304216165257894E-005
 sigma (pb)                   sd (pb)
   41.015106704195745        1.7351119400554149E-003
