 =======================================================
 |                                                     |
 |         \/\/\/\/\/\___________/\/\/\/\/\/           |
 |                   |     \     |                     |
 |                   |     /     |                     |
 |                   |     \     |                     |
 |         /\/\/\/\/\|_____/_____|/\/\/\/\/\           |
 |                                                     |
 | Light-by-light scattering at next-to-leading order  |
 |                   (VERSION 0.5)                     |
 |                                                     |
 |    Authors:                                         |
 |            Ajjath A.H. (LPTHE Paris)                |
 |            Ekta Chaubey (Bonn)                      |
 |            Mathijs Fraaije (Bern)                   |
 |            Valentin Hirschi (Bern)                  |
 |            Hua-Sheng Shao (LPTHE Paris)             |
 |                                                     |
 |    Please cite                                      |
 |            PLB 851 (2024) 138555 [arXiv:2312.16956] |
 |            JHEP 03 (2024) 121    [arXiv:2312.16966] |
 |                                                     |
 =======================================================
 ---------------------------------------------------
         the cuts in the lab frame                  
 min transverse momentum of photon    0.0000000000000000     
 max (pseudo-)rapidity of photon    5.0000000000000000     
 min (pseudo-)rapidity of photon   -5.0000000000000000     
 min invariant mass of di-photon    0.0000000000000000     
 ---------------------------------------------------
 max=   8.2636481840459339     
 min=   0.0000000000000000     
       n_pass,     n_total
       10000       10000
  
 ====================NCALL=20K===========================
  
 ITERATION            1 :
   2.1338174593892503E-002 +\-   1.2502794956220189E-003
 precision:   5.8593554482391334E-002
 max=   8.6731299058432949     
 min=   0.0000000000000000     
       n_pass,     n_total
       20000       20010
 max=   8.6731299058432949     
 min=   0.0000000000000000     
       n_pass,     n_total
       30000       30010
 ITERATION            2 :
   2.0085870863985118E-002 +\-   2.7202624526851034E-004
 precision:   1.3543164103293415E-002
 WARNING: outside the range of the grid (xs,xt)=   23040000.000000000       -23038868.475193221     
 WARNING: set the 2-loop amplitudes to zero
 WARNING: outside the range of the grid (xs,xt)=   2297617.7285318561       -2297504.8894929527     
 WARNING: set the 2-loop amplitudes to zero
 WARNING: outside the range of the grid (xs,xt)=   1732.0993016806442       -1732.0142359980202     
 WARNING: set the 2-loop amplitudes to zero
 WARNING: outside the range of the grid (xs,xt)=   16416861.611620251       -16416055.357880538     
 WARNING: set the 2-loop amplitudes to zero
 WARNING: outside the range of the grid (xs,xt)=   23040000.000000000       -23038933.973152205     
 WARNING: set the 2-loop amplitudes to zero
 INFO: will suppress the further warning
 max=   8.8080565022890003     
 min=   0.0000000000000000     
       n_pass,     n_total
       40000       40055
 max=   8.8080565022890003     
 min=   0.0000000000000000     
       n_pass,     n_total
       50000       50055
 ITERATION            3 :
   2.0165334016014804E-002 +\-   6.8788745755843343E-005
 precision:   3.4112376071337592E-003
 max=   8.8208502390637964     
 min=   0.0000000000000000     
       n_pass,     n_total
       60000       60324
 max=   8.8208502390637964     
 min=   0.0000000000000000     
       n_pass,     n_total
       70000       70324
 ITERATION            4 :
   2.0103575280933119E-002 +\-   1.9649930352639001E-005
 precision:   9.7743461439297476E-004
 max=   8.8252559510800257     
 min=   0.0000000000000000     
       n_pass,     n_total
       80000       81033
 max=   8.8252559510800257     
 min=   0.0000000000000000     
       n_pass,     n_total
       90000       91033
 ITERATION            5 :
   2.0077408347840935E-002 +\-   1.2273569215240268E-005
 precision:   6.1131242651445757E-004
 max=   8.8270007912503559     
 min=   0.0000000000000000     
       n_pass,     n_total
      100000      102301
 max=   8.8270007912503559     
 min=   0.0000000000000000     
       n_pass,     n_total
      110000      112301
 ITERATION            6 :
   2.0078109752995395E-002 +\-   1.1000073476367795E-005
 precision:   5.4786399774145705E-004
 max=   8.8270007912503559     
 min=   0.0000000000000000     
       n_pass,     n_total
      120000      123740
 max=   8.8270007912503559     
 min=   0.0000000000000000     
       n_pass,     n_total
      130000      133740
 ITERATION            7 :
   2.0095696821093724E-002 +\-   1.0717237811313188E-005
 precision:   5.3331008656856780E-004
 max=   8.8270007912503559     
 min=   0.0000000000000000     
       n_pass,     n_total
      140000      145633
 max=   8.8270007912503559     
 min=   0.0000000000000000     
       n_pass,     n_total
      150000      155633
 ITERATION            8 :
   2.0072475614860637E-002 +\-   1.1713038784930567E-005
 precision:   5.8353732791479045E-004
 max=   8.8270007912503559     
 min=   0.0000000000000000     
       n_pass,     n_total
      160000      167415
 ITERATION            9 :
   2.0082084717621688E-002 +\-   1.1258326127689480E-005
 precision:   5.6061540850938104E-004
 max=   8.8270007912503559     
 min=   0.0000000000000000     
       n_pass,     n_total
      170000      179803
 max=   8.8270007912503559     
 min=   0.0000000000000000     
       n_pass,     n_total
      180000      189803
 ITERATION           10 :
   2.0104003867428947E-002 +\-   1.0756678347064345E-005
 precision:   5.3505154585109971E-004
 ====================NCALL=40K ===========================
  
 max=   8.8270033371383736     
 min=   0.0000000000000000     
       n_pass,     n_total
      190000      202821
 max=   8.8270033371383736     
 min=   0.0000000000000000     
       n_pass,     n_total
      200000      212821
 max=   8.8270033371383736     
 min=   0.0000000000000000     
       n_pass,     n_total
      210000      222821
 max=   8.8270033371383736     
 min=   0.0000000000000000     
       n_pass,     n_total
      220000      232821
   2.0096565785066339E-002 +\-   5.3559975895183720E-006
 precision:   2.6651307724916801E-004
 ====================NCALL=80K ===========================
  
 max=   8.8270033371383736     
 min=   0.0000000000000000     
       n_pass,     n_total
      230000      248302
 max=   8.8270033371383736     
 min=   0.0000000000000000     
       n_pass,     n_total
      240000      258302
 max=   8.8270033371383736     
 min=   0.0000000000000000     
       n_pass,     n_total
      250000      268302
 max=   8.8270033371383736     
 min=   0.0000000000000000     
       n_pass,     n_total
      260000      278302
 max=   8.8270033371383736     
 min=   0.0000000000000000     
       n_pass,     n_total
      270000      288302
 max=   8.8270033371383736     
 min=   0.0000000000000000     
       n_pass,     n_total
      280000      298302
 max=   8.8270033371383736     
 min=   0.0000000000000000     
       n_pass,     n_total
      290000      308302
   2.0090846160443904E-002 +\-   2.4988333216136739E-006
 precision:   1.2437670875871474E-004
 sigma (pb)                   sd (pb)
   2.0090846160443904E-002   2.4988333216136739E-006
