 =======================================================
 |                                                     |
 |         \/\/\/\/\/\___________/\/\/\/\/\/           |
 |                   |     \     |                     |
 |                   |     /     |                     |
 |                   |     \     |                     |
 |         /\/\/\/\/\|_____/_____|/\/\/\/\/\           |
 |                                                     |
 | Light-by-light scattering at next-to-leading order  |
 |                   (VERSION 0.5)                     |
 |                                                     |
 |    Authors:                                         |
 |            Ajjath A.H. (LPTHE Paris)                |
 |            Ekta Chaubey (Bonn)                      |
 |            Mathijs Fraaije (Bern)                   |
 |            Valentin Hirschi (Bern)                  |
 |            Hua-Sheng Shao (LPTHE Paris)             |
 |                                                     |
 |    Please cite                                      |
 |            PLB 851 (2024) 138555 [arXiv:2312.16956] |
 |            JHEP 03 (2024) 121    [arXiv:2312.16966] |
 |                                                     |
 =======================================================
 ---------------------------------------------------
         the cuts in the lab frame                  
 min transverse momentum of photon    0.0000000000000000     
 max (pseudo-)rapidity of photon    5.0000000000000000     
 min (pseudo-)rapidity of photon   -5.0000000000000000     
 min invariant mass of di-photon    0.0000000000000000     
 ---------------------------------------------------
 max=   4.3643472299913563E-006
 min=   0.0000000000000000     
       n_pass,     n_total
       10000       10000
  
 ====================NCALL=20K===========================
  
 ITERATION            1 :
   8.6661203751175511E-007 +\-   9.8038394599226909E-010
 precision:   1.1312835542963142E-003
 max=   4.3650164331455960E-006
 min=   0.0000000000000000     
       n_pass,     n_total
       20000       20001
 max=   4.3650164331455960E-006
 min=   0.0000000000000000     
       n_pass,     n_total
       30000       30001
 ITERATION            2 :
   8.6537575269059976E-007 +\-   7.8829769124882187E-010
 precision:   9.1093110570508924E-004
 max=   4.3669920667803686E-006
 min=   0.0000000000000000     
       n_pass,     n_total
       40000       40001
 max=   4.3669920667803686E-006
 min=   0.0000000000000000     
       n_pass,     n_total
       50000       50001
 ITERATION            3 :
   8.6653004121995636E-007 +\-   5.6898602557842868E-010
 precision:   6.5662585082148313E-004
 max=   4.3669920667803686E-006
 min=   0.0000000000000000     
       n_pass,     n_total
       60000       60001
 max=   4.3669920667803686E-006
 min=   0.0000000000000000     
       n_pass,     n_total
       70000       70001
 ITERATION            4 :
   8.6631684258855817E-007 +\-   3.9171098805206726E-010
 precision:   4.5215672695642539E-004
 max=   4.3669920667803686E-006
 min=   0.0000000000000000     
       n_pass,     n_total
       80000       80002
 max=   4.3669920667803686E-006
 min=   0.0000000000000000     
       n_pass,     n_total
       90000       90002
 ITERATION            5 :
   8.6641586369619981E-007 +\-   4.2710559229003555E-010
 precision:   4.9295680075381895E-004
 max=   4.3669920667803686E-006
 min=   0.0000000000000000     
       n_pass,     n_total
      100000      100002
 max=   4.3669920667803686E-006
 min=   0.0000000000000000     
       n_pass,     n_total
      110000      110002
 ITERATION            6 :
   8.6602520177764813E-007 +\-   3.7500771172863989E-010
 precision:   4.3302170763492756E-004
 max=   4.3669920667803686E-006
 min=   0.0000000000000000     
       n_pass,     n_total
      120000      120004
 max=   4.3669920667803686E-006
 min=   0.0000000000000000     
       n_pass,     n_total
      130000      130004
 ITERATION            7 :
   8.6642336326940404E-007 +\-   3.9861932330363408E-010
 precision:   4.6007453192335967E-004
 max=   4.3669920667803686E-006
 min=   0.0000000000000000     
       n_pass,     n_total
      140000      140006
 max=   4.3669920667803686E-006
 min=   0.0000000000000000     
       n_pass,     n_total
      150000      150006
 ITERATION            8 :
   8.6594616868549743E-007 +\-   4.2756748263404318E-010
 precision:   4.9375757765992407E-004
 max=   4.3669920667803686E-006
 min=   0.0000000000000000     
       n_pass,     n_total
      160000      160008
 max=   4.3669920667803686E-006
 min=   0.0000000000000000     
       n_pass,     n_total
      170000      170008
 ITERATION            9 :
   8.6594745122367537E-007 +\-   3.5696315070276008E-010
 precision:   4.1222264722684196E-004
 max=   4.3669920667803686E-006
 min=   0.0000000000000000     
       n_pass,     n_total
      180000      180010
 max=   4.3669920667803686E-006
 min=   0.0000000000000000     
       n_pass,     n_total
      190000      190010
 ITERATION           10 :
   8.6651712265549206E-007 +\-   6.6898522956347108E-010
 precision:   7.7203925008813095E-004
 ====================NCALL=40K ===========================
  
 max=   4.3669920667803686E-006
 min=   0.0000000000000000     
       n_pass,     n_total
      200000      200012
 max=   4.3669920667803686E-006
 min=   0.0000000000000000     
       n_pass,     n_total
      210000      210012
 max=   4.3669920667803686E-006
 min=   0.0000000000000000     
       n_pass,     n_total
      220000      220012
 max=   4.3669920667803686E-006
 min=   0.0000000000000000     
       n_pass,     n_total
      230000      230012
   8.6681738813254210E-007 +\-   6.2527596641786672E-010
 precision:   7.2134681996279698E-004
 ====================NCALL=80K ===========================
  
 max=   4.3669920667803686E-006
 min=   0.0000000000000000     
       n_pass,     n_total
      240000      240014
 max=   4.3669920667803686E-006
 min=   0.0000000000000000     
       n_pass,     n_total
      250000      250014
 max=   4.3669920667803686E-006
 min=   0.0000000000000000     
       n_pass,     n_total
      260000      260014
 max=   4.3669920667803686E-006
 min=   0.0000000000000000     
       n_pass,     n_total
      270000      270014
 max=   4.3669920667803686E-006
 min=   0.0000000000000000     
       n_pass,     n_total
      280000      280014
 max=   4.3669920667803686E-006
 min=   0.0000000000000000     
       n_pass,     n_total
      290000      290014
 max=   4.3669920667803686E-006
 min=   0.0000000000000000     
       n_pass,     n_total
      300000      300014
 max=   4.3669920667803686E-006
 min=   0.0000000000000000     
       n_pass,     n_total
      310000      310014
   8.6620996594533007E-007 +\-   1.3025533356882402E-010
 precision:   1.5037385702053324E-004
 sigma (pb)                   sd (pb)
   8.6620996594533007E-007   1.3025533356882402E-010
