 =======================================================
 |                                                     |
 |         \/\/\/\/\/\___________/\/\/\/\/\/           |
 |                   |     \     |                     |
 |                   |     /     |                     |
 |                   |     \     |                     |
 |         /\/\/\/\/\|_____/_____|/\/\/\/\/\           |
 |                                                     |
 | Light-by-light scattering at next-to-leading order  |
 |                   (VERSION 0.5)                     |
 |                                                     |
 |    Authors:                                         |
 |            Ajjath A.H. (LPTHE Paris)                |
 |            Ekta Chaubey (Bonn)                      |
 |            Mathijs Fraaije (Bern)                   |
 |            Valentin Hirschi (Bern)                  |
 |            Hua-Sheng Shao (LPTHE Paris)             |
 |                                                     |
 |    Please cite                                      |
 |            PLB 851 (2024) 138555 [arXiv:2312.16956] |
 |            JHEP 03 (2024) 121    [arXiv:2312.16966] |
 |                                                     |
 =======================================================
 ---------------------------------------------------
         the cuts in the lab frame                  
 min transverse momentum of photon    0.0000000000000000     
 max (pseudo-)rapidity of photon    5.0000000000000000     
 min (pseudo-)rapidity of photon   -5.0000000000000000     
 min invariant mass of di-photon    0.0000000000000000     
 ---------------------------------------------------
 max=   1.1149650405933976E-006
 min=   0.0000000000000000     
       n_pass,     n_total
       10000       10000
  
 ====================NCALL=20K===========================
  
 ITERATION            1 :
   3.8235875449307993E-007 +\-   4.5165733034638495E-010
 precision:   1.1812396735761395E-003
 max=   1.1149650405933976E-006
 min=   0.0000000000000000     
       n_pass,     n_total
       20000       20001
 max=   1.1149650405933976E-006
 min=   0.0000000000000000     
       n_pass,     n_total
       30000       30001
 ITERATION            2 :
   3.8177739699839784E-007 +\-   4.2468926725854329E-010
 precision:   1.1124002379332204E-003
 max=   1.1149650405933976E-006
 min=   0.0000000000000000     
       n_pass,     n_total
       40000       40001
 max=   1.1149650405933976E-006
 min=   0.0000000000000000     
       n_pass,     n_total
       50000       50001
 ITERATION            3 :
   3.8172900767617202E-007 +\-   3.7811404180192493E-010
 precision:   9.9053002050786309E-004
 max=   1.1149650405933976E-006
 min=   0.0000000000000000     
       n_pass,     n_total
       60000       60001
 max=   1.1149650405933976E-006
 min=   0.0000000000000000     
       n_pass,     n_total
       70000       70001
 ITERATION            4 :
   3.8206248642247239E-007 +\-   4.5041136063633889E-010
 precision:   1.1788944914583644E-003
 max=   1.1149650405933976E-006
 min=   0.0000000000000000     
       n_pass,     n_total
       80000       80002
 max=   1.1149650405933976E-006
 min=   0.0000000000000000     
       n_pass,     n_total
       90000       90002
 ITERATION            5 :
   3.8109931809590282E-007 +\-   4.2527980866179236E-010
 precision:   1.1159290727326141E-003
 max=   1.1149650405933976E-006
 min=   0.0000000000000000     
       n_pass,     n_total
      100000      100002
 max=   1.1149650405933976E-006
 min=   0.0000000000000000     
       n_pass,     n_total
      110000      110002
 ITERATION            6 :
   3.8242622614633022E-007 +\-   4.4575786825509377E-010
 precision:   1.1656048612223853E-003
 max=   1.1149650405933976E-006
 min=   0.0000000000000000     
       n_pass,     n_total
      120000      120005
 max=   1.1149650405933976E-006
 min=   0.0000000000000000     
       n_pass,     n_total
      130000      130005
 ITERATION            7 :
   3.8071831396895535E-007 +\-   4.5175702006297885E-010
 precision:   1.1865912499807302E-003
 max=   1.1149650405933976E-006
 min=   0.0000000000000000     
       n_pass,     n_total
      140000      140007
 max=   1.1149650405933976E-006
 min=   0.0000000000000000     
       n_pass,     n_total
      150000      150007
 ITERATION            8 :
   3.8195123180174254E-007 +\-   4.3757738078667075E-010
 precision:   1.1456367838441788E-003
 max=   1.1149650405933976E-006
 min=   0.0000000000000000     
       n_pass,     n_total
      160000      160011
 max=   1.1149650405933976E-006
 min=   0.0000000000000000     
       n_pass,     n_total
      170000      170011
 ITERATION            9 :
   3.8139626343658636E-007 +\-   4.5172755315349797E-010
 precision:   1.1844047686340414E-003
 max=   1.1149650405933976E-006
 min=   0.0000000000000000     
       n_pass,     n_total
      180000      180011
 max=   1.1149650405933976E-006
 min=   0.0000000000000000     
       n_pass,     n_total
      190000      190011
 ITERATION           10 :
   3.8165338465725519E-007 +\-   4.4828979129625215E-010
 precision:   1.1745992812269698E-003
 ====================NCALL=40K ===========================
  
 max=   1.1149650405933976E-006
 min=   0.0000000000000000     
       n_pass,     n_total
      200000      200012
 max=   1.1149650405933976E-006
 min=   0.0000000000000000     
       n_pass,     n_total
      210000      210012
 max=   1.1149650405933976E-006
 min=   0.0000000000000000     
       n_pass,     n_total
      220000      220012
 max=   1.1149650405933976E-006
 min=   0.0000000000000000     
       n_pass,     n_total
      230000      230012
   3.8205504371437386E-007 +\-   2.4588404641450641E-010
 precision:   6.4358277808349127E-004
 ====================NCALL=80K ===========================
  
 max=   1.1150168159895681E-006
 min=   0.0000000000000000     
       n_pass,     n_total
      240000      240015
 max=   1.1150168159895681E-006
 min=   0.0000000000000000     
       n_pass,     n_total
      250000      250015
 max=   1.1150168159895681E-006
 min=   0.0000000000000000     
       n_pass,     n_total
      260000      260015
 max=   1.1150168159895681E-006
 min=   0.0000000000000000     
       n_pass,     n_total
      270000      270015
 max=   1.1150168159895681E-006
 min=   0.0000000000000000     
       n_pass,     n_total
      280000      280015
 max=   1.1150168159895681E-006
 min=   0.0000000000000000     
       n_pass,     n_total
      290000      290015
 max=   1.1150168159895681E-006
 min=   0.0000000000000000     
       n_pass,     n_total
      300000      300015
 max=   1.1150168159895681E-006
 min=   0.0000000000000000     
       n_pass,     n_total
      310000      310015
   3.8180977493421548E-007 +\-   1.4583486286950174E-010
 precision:   3.8195686030989800E-004
 sigma (pb)                   sd (pb)
   3.8180977493421548E-007   1.4583486286950174E-010
