 =======================================================
 |                                                     |
 |         \/\/\/\/\/\___________/\/\/\/\/\/           |
 |                   |     \     |                     |
 |                   |     /     |                     |
 |                   |     \     |                     |
 |         /\/\/\/\/\|_____/_____|/\/\/\/\/\           |
 |                                                     |
 | Light-by-light scattering at next-to-leading order  |
 |                   (VERSION 0.5)                     |
 |                                                     |
 |    Authors:                                         |
 |            Ajjath A.H. (LPTHE Paris)                |
 |            Ekta Chaubey (Bonn)                      |
 |            Mathijs Fraaije (Bern)                   |
 |            Valentin Hirschi (Bern)                  |
 |            Hua-Sheng Shao (LPTHE Paris)             |
 |                                                     |
 |    Please cite                                      |
 |            PLB 851 (2024) 138555 [arXiv:2312.16956] |
 |            JHEP 03 (2024) 121    [arXiv:2312.16966] |
 |                                                     |
 =======================================================
 ---------------------------------------------------
         the cuts in the lab frame                  
 min transverse momentum of photon    0.0000000000000000     
 max (pseudo-)rapidity of photon    5.0000000000000000     
 min (pseudo-)rapidity of photon   -5.0000000000000000     
 min invariant mass of di-photon    0.0000000000000000     
 ---------------------------------------------------
 max=   81033.168673211287     
 min=   0.0000000000000000     
       n_pass,     n_total
       10000       10000
  
 ====================NCALL=20K===========================
  
 ITERATION            1 :
   1190.2127575727877      +\-   10.042845864047200     
 precision:   8.4378576856524983E-003
 WARNING: outside the range of the grid (xs,xt)=  0.18068843840498994      -0.18067979050541766     
 WARNING: set the 2-loop amplitudes to zero
 WARNING: outside the range of the grid (xs,xt)=  0.17541314878892730      -0.17540475336912192     
 WARNING: set the 2-loop amplitudes to zero
 WARNING: outside the range of the grid (xs,xt)=   8.4455476884631411E-002  -8.4451434774970843E-002
 WARNING: set the 2-loop amplitudes to zero
 WARNING: outside the range of the grid (xs,xt)=   77656.565347099619       -77652.848639023679     
 WARNING: set the 2-loop amplitudes to zero
 WARNING: outside the range of the grid (xs,xt)=   1.5768626609308560       -1.5767871909669147     
 WARNING: set the 2-loop amplitudes to zero
 INFO: will suppress the further warning
 max=   88252.526622497782     
 min=   0.0000000000000000     
       n_pass,     n_total
       20000       20009
 max=   88252.526622497782     
 min=   0.0000000000000000     
       n_pass,     n_total
       30000       30009
 ITERATION            2 :
   1178.3662746582361      +\-   2.5322463365272987     
 precision:   2.1489467163015429E-003
 max=   89839.932148452630     
 min=   0.0000000000000000     
       n_pass,     n_total
       40000       40044
 max=   89839.932148452630     
 min=   0.0000000000000000     
       n_pass,     n_total
       50000       50044
 ITERATION            3 :
   1178.1392795657771      +\-  0.85379700399143010     
 precision:   7.2469954851697271E-004
 max=   90248.202368281985     
 min=   0.0000000000000000     
       n_pass,     n_total
       60000       60178
 max=   90248.202368281985     
 min=   0.0000000000000000     
       n_pass,     n_total
       70000       70178
 ITERATION            4 :
   1178.5758843931053      +\-  0.52924317336504723     
 precision:   4.4905311603043291E-004
 max=   90480.506471163710     
 min=   0.0000000000000000     
       n_pass,     n_total
       80000       80496
 max=   90480.506471163710     
 min=   0.0000000000000000     
       n_pass,     n_total
       90000       90496
 ITERATION            5 :
   1178.2182783496930      +\-  0.35682986329711869     
 precision:   3.0285548090199654E-004
 max=   90480.506471163710     
 min=   0.0000000000000000     
       n_pass,     n_total
      100000      100940
 max=   90480.506471163710     
 min=   0.0000000000000000     
       n_pass,     n_total
      110000      110940
 ITERATION            6 :
   1178.3283249944557      +\-  0.29880508653034321     
 precision:   2.5358389524562193E-004
 max=   90499.241821597621     
 min=   0.0000000000000000     
       n_pass,     n_total
      120000      121368
 max=   90499.241821597621     
 min=   0.0000000000000000     
       n_pass,     n_total
      130000      131368
 ITERATION            7 :
   1178.7089752430109      +\-  0.29427663248640501     
 precision:   2.4966012702646543E-004
 max=   90507.744022958563     
 min=   0.0000000000000000     
       n_pass,     n_total
      140000      141847
 max=   90507.744022958563     
 min=   0.0000000000000000     
       n_pass,     n_total
      150000      151847
 ITERATION            8 :
   1177.6994518801475      +\-  0.29158422921034111     
 precision:   2.4758798074062035E-004
 max=   90526.629847420118     
 min=   0.0000000000000000     
       n_pass,     n_total
      160000      162462
 max=   90526.629847420118     
 min=   0.0000000000000000     
       n_pass,     n_total
      170000      172462
 ITERATION            9 :
   1178.2522785603780      +\-  0.29609874387817781     
 precision:   2.5130334926231555E-004
 max=   90535.526319743876     
 min=   0.0000000000000000     
       n_pass,     n_total
      180000      183027
 max=   90535.526319743876     
 min=   0.0000000000000000     
       n_pass,     n_total
      190000      193027
 ITERATION           10 :
   1178.6782958820052      +\-  0.29418788885253111     
 precision:   2.4959133453152310E-004
 ====================NCALL=40K ===========================
  
 max=   90535.526319743876     
 min=   0.0000000000000000     
       n_pass,     n_total
      200000      204187
 max=   90535.526319743876     
 min=   0.0000000000000000     
       n_pass,     n_total
      210000      214187
 max=   90535.526319743876     
 min=   0.0000000000000000     
       n_pass,     n_total
      220000      224187
 max=   90535.526319743876     
 min=   0.0000000000000000     
       n_pass,     n_total
      230000      234187
   1178.4632272788774      +\-  0.13891509487734111     
 precision:   1.1787817528944206E-004
 ====================NCALL=80K ===========================
  
 max=   90535.526319743876     
 min=   0.0000000000000000     
       n_pass,     n_total
      240000      246506
 max=   90535.526319743876     
 min=   0.0000000000000000     
       n_pass,     n_total
      250000      256506
 max=   90535.526319743876     
 min=   0.0000000000000000     
       n_pass,     n_total
      260000      266506
 max=   90535.526319743876     
 min=   0.0000000000000000     
       n_pass,     n_total
      270000      276506
 max=   90535.526319743876     
 min=   0.0000000000000000     
       n_pass,     n_total
      280000      286506
 max=   90535.526319743876     
 min=   0.0000000000000000     
       n_pass,     n_total
      290000      296506
 max=   90535.526319743876     
 min=   0.0000000000000000     
       n_pass,     n_total
      300000      306506
   1178.3302279829279      +\-   7.0967633393163532E-002
 precision:   6.0227287485144392E-005
 sigma (pb)                   sd (pb)
   1178.3302279829279        7.0967633393163532E-002
