 =======================================================
 |                                                     |
 |         \/\/\/\/\/\___________/\/\/\/\/\/           |
 |                   |     \     |                     |
 |                   |     /     |                     |
 |                   |     \     |                     |
 |         /\/\/\/\/\|_____/_____|/\/\/\/\/\           |
 |                                                     |
 | Light-by-light scattering at next-to-leading order  |
 |                   (VERSION 0.5)                     |
 |                                                     |
 |    Authors:                                         |
 |            Ajjath A.H. (LPTHE Paris)                |
 |            Ekta Chaubey (Bonn)                      |
 |            Mathijs Fraaije (Bern)                   |
 |            Valentin Hirschi (Bern)                  |
 |            Hua-Sheng Shao (LPTHE Paris)             |
 |                                                     |
 |    Please cite                                      |
 |            PLB 851 (2024) 138555 [arXiv:2312.16956] |
 |            JHEP 03 (2024) 121    [arXiv:2312.16966] |
 |                                                     |
 =======================================================
 ---------------------------------------------------
         the cuts in the lab frame                  
 min transverse momentum of photon    0.0000000000000000     
 max (pseudo-)rapidity of photon    5.0000000000000000     
 min (pseudo-)rapidity of photon   -5.0000000000000000     
 min invariant mass of di-photon    0.0000000000000000     
 ---------------------------------------------------
 WARNING: outside the range of the grid (xs,xt)=   6.6097568398348849E-002  -6.6097567737382693E-002
 WARNING: set the 2-loop amplitudes to zero
 WARNING: outside the range of the grid (xs,xt)=   6.6223391519128302E-002  -6.6223390856903944E-002
 WARNING: set the 2-loop amplitudes to zero
 WARNING: outside the range of the grid (xs,xt)=   6.6143478497592986E-002  -6.6143477836167752E-002
 WARNING: set the 2-loop amplitudes to zero
 WARNING: outside the range of the grid (xs,xt)=   6.6274222587673751E-002  -6.6274221924941118E-002
 WARNING: set the 2-loop amplitudes to zero
 WARNING: outside the range of the grid (xs,xt)=   6.6304053280273098E-002  -6.6304052617242162E-002
 WARNING: set the 2-loop amplitudes to zero
 INFO: will suppress the further warning
 max=  0.97630468582271068     
 min=   0.0000000000000000     
       n_pass,     n_total
       10000       10000
  
 ====================NCALL=20K===========================
  
 ITERATION            1 :
  0.69342950975932161      +\-   2.7079700628252246E-005
 precision:   3.9051843406045960E-005
 max=  0.98456728775461111     
 min=   0.0000000000000000     
       n_pass,     n_total
       20000       20002
 max=  0.98456728775461111     
 min=   0.0000000000000000     
       n_pass,     n_total
       30000       30002
 ITERATION            2 :
  0.69337165091001618      +\-   4.6090960583610288E-005
 precision:   6.6473673279139945E-005
 max=  0.98670072287948385     
 min=   0.0000000000000000     
       n_pass,     n_total
       40000       40010
 max=  0.98670072287948385     
 min=   0.0000000000000000     
       n_pass,     n_total
       50000       50010
 ITERATION            3 :
  0.69334857899024238      +\-   3.7833018776117483E-005
 precision:   5.4565654163762144E-005
 max=  0.98681837151475604     
 min=   0.0000000000000000     
       n_pass,     n_total
       60000       60033
 max=  0.98681837151475604     
 min=   0.0000000000000000     
       n_pass,     n_total
       70000       70033
 ITERATION            4 :
  0.69333030971963294      +\-   3.0777361351053213E-005
 precision:   4.4390618612215124E-005
 max=  0.98681837151475604     
 min=   0.0000000000000000     
       n_pass,     n_total
       80000       80066
 max=  0.98681837151475604     
 min=   0.0000000000000000     
       n_pass,     n_total
       90000       90066
 ITERATION            5 :
  0.69335082370511592      +\-   2.6003544563982857E-005
 precision:   3.7504166253132252E-005
 max=  0.98683436216895304     
 min=   0.0000000000000000     
       n_pass,     n_total
      100000      100110
 max=  0.98683436216895304     
 min=   0.0000000000000000     
       n_pass,     n_total
      110000      110110
 ITERATION            6 :
  0.69334418301831047      +\-   2.4094036411574927E-005
 precision:   3.4750470259499721E-005
 max=  0.98683436216895304     
 min=   0.0000000000000000     
       n_pass,     n_total
      120000      120152
 max=  0.98683436216895304     
 min=   0.0000000000000000     
       n_pass,     n_total
      130000      130152
 ITERATION            7 :
  0.69338335469081847      +\-   2.3916331314664579E-005
 precision:   3.4492220144697496E-005
 max=  0.98683436216895304     
 min=   0.0000000000000000     
       n_pass,     n_total
      140000      140204
 max=  0.98683436216895304     
 min=   0.0000000000000000     
       n_pass,     n_total
      150000      150204
 ITERATION            8 :
  0.69332935531914708      +\-   2.4530926018759663E-005
 precision:   3.5381346297486291E-005
 max=  0.98683436216895304     
 min=   0.0000000000000000     
       n_pass,     n_total
      160000      160266
 max=  0.98683436216895304     
 min=   0.0000000000000000     
       n_pass,     n_total
      170000      170266
 ITERATION            9 :
  0.69336977365108032      +\-   2.3711726961555860E-005
 precision:   3.4197808820965632E-005
 max=  0.98683436216895304     
 min=   0.0000000000000000     
       n_pass,     n_total
      180000      180327
 max=  0.98683436216895304     
 min=   0.0000000000000000     
       n_pass,     n_total
      190000      190327
 ITERATION           10 :
  0.69337868621031207      +\-   2.2769898389886242E-005
 precision:   3.2839051506379580E-005
 ====================NCALL=40K ===========================
  
 max=  0.98683436216895304     
 min=   0.0000000000000000     
       n_pass,     n_total
      200000      200453
 max=  0.98683436216895304     
 min=   0.0000000000000000     
       n_pass,     n_total
      210000      210453
 max=  0.98683436216895304     
 min=   0.0000000000000000     
       n_pass,     n_total
      220000      220453
 max=  0.98683436216895304     
 min=   0.0000000000000000     
       n_pass,     n_total
      230000      230453
  0.69336277387982004      +\-   1.1796334710077656E-005
 precision:   1.7013221872396491E-005
 ====================NCALL=80K ===========================
  
 max=  0.98683436216895304     
 min=   0.0000000000000000     
       n_pass,     n_total
      240000      240772
 max=  0.98683436216895304     
 min=   0.0000000000000000     
       n_pass,     n_total
      250000      250772
 max=  0.98683436216895304     
 min=   0.0000000000000000     
       n_pass,     n_total
      260000      260772
 max=  0.98683436216895304     
 min=   0.0000000000000000     
       n_pass,     n_total
      270000      270772
 max=  0.98683436216895304     
 min=   0.0000000000000000     
       n_pass,     n_total
      280000      280772
 max=  0.98683436216895304     
 min=   0.0000000000000000     
       n_pass,     n_total
      290000      290772
 max=  0.98683436216895304     
 min=   0.0000000000000000     
       n_pass,     n_total
      300000      300772
 max=  0.98683436216895304     
 min=   0.0000000000000000     
       n_pass,     n_total
      310000      310772
  0.69334101451002084      +\-   5.8276043399461185E-006
 precision:   8.4051054502587663E-006
 sigma (pb)                   sd (pb)
  0.69334101451002084        5.8276043399461185E-006
