 =======================================================
 |                                                     |
 |         \/\/\/\/\/\___________/\/\/\/\/\/           |
 |                   |     \     |                     |
 |                   |     /     |                     |
 |                   |     \     |                     |
 |         /\/\/\/\/\|_____/_____|/\/\/\/\/\           |
 |                                                     |
 | Light-by-light scattering at next-to-leading order  |
 |                   (VERSION 0.5)                     |
 |                                                     |
 |    Authors:                                         |
 |            Ajjath A.H. (LPTHE Paris)                |
 |            Ekta Chaubey (Bonn)                      |
 |            Mathijs Fraaije (Bern)                   |
 |            Valentin Hirschi (Bern)                  |
 |            Hua-Sheng Shao (LPTHE Paris)             |
 |                                                     |
 |    Please cite                                      |
 |            PLB 851 (2024) 138555 [arXiv:2312.16956] |
 |            JHEP 03 (2024) 121    [arXiv:2312.16966] |
 |                                                     |
 =======================================================
 ---------------------------------------------------
         the cuts in the lab frame                  
 min transverse momentum of photon    0.0000000000000000     
 max (pseudo-)rapidity of photon    5.0000000000000000     
 min (pseudo-)rapidity of photon   -5.0000000000000000     
 min invariant mass of di-photon    0.0000000000000000     
 ---------------------------------------------------
 max=   43122.547101907709     
 min=   0.0000000000000000     
       n_pass,     n_total
       10000       10000
  
 ====================NCALL=20K===========================
  
 ITERATION            1 :
   578.91813003891684      +\-   5.1637673880291279     
 precision:   8.9196850471447518E-003
 WARNING: outside the range of the grid (xs,xt)=  0.34686825573624414      -0.34685184767898963     
 WARNING: set the 2-loop amplitudes to zero
 WARNING: outside the range of the grid (xs,xt)=  0.33674126297577850      -0.33672533395998799     
 WARNING: set the 2-loop amplitudes to zero
 WARNING: outside the range of the grid (xs,xt)=  0.16212948771345276      -0.16212181843304715     
 WARNING: set the 2-loop amplitudes to zero
 WARNING: outside the range of the grid (xs,xt)=   1.7301017777777778E-002  -1.7300199380344276E-002
 WARNING: set the 2-loop amplitudes to zero
 WARNING: outside the range of the grid (xs,xt)=   149077.59238054391       -149070.54049951793     
 WARNING: set the 2-loop amplitudes to zero
 INFO: will suppress the further warning
 max=   48365.088733310928     
 min=   0.0000000000000000     
       n_pass,     n_total
       20000       20009
 max=   48365.088733310928     
 min=   0.0000000000000000     
       n_pass,     n_total
       30000       30009
 ITERATION            2 :
   572.96261997370357      +\-   1.3398442285919343     
 precision:   2.3384496333345921E-003
 max=   49299.549016218269     
 min=   0.0000000000000000     
       n_pass,     n_total
       40000       40044
 max=   49299.549016218269     
 min=   0.0000000000000000     
       n_pass,     n_total
       50000       50044
 ITERATION            3 :
   572.94660329029546      +\-  0.44653547281420547     
 precision:   7.7936664647256643E-004
 max=   49460.132729531244     
 min=   0.0000000000000000     
       n_pass,     n_total
       60000       60180
 max=   49460.132729531244     
 min=   0.0000000000000000     
       n_pass,     n_total
       70000       70180
 ITERATION            4 :
   573.18073068280580      +\-  0.27391816275131170     
 precision:   4.7789143648462268E-004
 max=   49469.876146425093     
 min=   0.0000000000000000     
       n_pass,     n_total
       80000       80514
 max=   49469.876146425093     
 min=   0.0000000000000000     
       n_pass,     n_total
       90000       90514
 ITERATION            5 :
   572.90071091294192      +\-  0.18742645213905085     
 precision:   3.2715346406252268E-004
 max=   49469.876146425093     
 min=   0.0000000000000000     
       n_pass,     n_total
      100000      101031
 max=   49469.876146425093     
 min=   0.0000000000000000     
       n_pass,     n_total
      110000      111031
 ITERATION            6 :
   572.92017393244669      +\-  0.16608059578647810     
 precision:   2.8988435622108281E-004
 max=   49477.901253912314     
 min=   0.0000000000000000     
       n_pass,     n_total
      120000      121644
 max=   49477.901253912314     
 min=   0.0000000000000000     
       n_pass,     n_total
      130000      131644
 ITERATION            7 :
   573.25014742680969      +\-  0.15597625738826468     
 precision:   2.7209108988180260E-004
 max=   49479.731159799565     
 min=   0.0000000000000000     
       n_pass,     n_total
      140000      142399
 max=   49479.731159799565     
 min=   0.0000000000000000     
       n_pass,     n_total
      150000      152399
 ITERATION            8 :
   572.70279867160912      +\-  0.15223046085066450     
 precision:   2.6581057610293652E-004
 max=   49479.731159799565     
 min=   0.0000000000000000     
       n_pass,     n_total
      160000      162952
 max=   49479.731159799565     
 min=   0.0000000000000000     
       n_pass,     n_total
      170000      172952
 ITERATION            9 :
   572.95233995942795      +\-  0.14881850376237846     
 precision:   2.5973976085500697E-004
 max=   49479.731159799565     
 min=   0.0000000000000000     
       n_pass,     n_total
      180000      183712
 max=   49479.731159799565     
 min=   0.0000000000000000     
       n_pass,     n_total
      190000      193712
 ITERATION           10 :
   573.09470434314608      +\-  0.14381980057791210     
 precision:   2.5095293934490555E-004
 ====================NCALL=40K ===========================
  
 max=   49479.731159799565     
 min=   0.0000000000000000     
       n_pass,     n_total
      200000      204362
 max=   49479.731159799565     
 min=   0.0000000000000000     
       n_pass,     n_total
      210000      214362
 max=   49479.731159799565     
 min=   0.0000000000000000     
       n_pass,     n_total
      220000      224362
 max=   49479.731159799565     
 min=   0.0000000000000000     
       n_pass,     n_total
      230000      234362
   573.08796027208882      +\-   7.5074494411770623E-002
 precision:   1.3099995047204796E-004
 ====================NCALL=80K ===========================
  
 max=   49479.731159799565     
 min=   0.0000000000000000     
       n_pass,     n_total
      240000      246620
 max=   49479.731159799565     
 min=   0.0000000000000000     
       n_pass,     n_total
      250000      256620
 max=   49479.731159799565     
 min=   0.0000000000000000     
       n_pass,     n_total
      260000      266620
 max=   49479.731159799565     
 min=   0.0000000000000000     
       n_pass,     n_total
      270000      276620
 max=   49479.731159799565     
 min=   0.0000000000000000     
       n_pass,     n_total
      280000      286620
 max=   49479.731159799565     
 min=   0.0000000000000000     
       n_pass,     n_total
      290000      296620
 max=   49479.731159799565     
 min=   0.0000000000000000     
       n_pass,     n_total
      300000      306620
   572.95372605460534      +\-   4.0048628123427472E-002
 precision:   6.9898538576936738E-005
 sigma (pb)                   sd (pb)
   572.95372605460534        4.0048628123427472E-002
