 =======================================================
 |                                                     |
 |         \/\/\/\/\/\___________/\/\/\/\/\/           |
 |                   |     \     |                     |
 |                   |     /     |                     |
 |                   |     \     |                     |
 |         /\/\/\/\/\|_____/_____|/\/\/\/\/\           |
 |                                                     |
 | Light-by-light scattering at next-to-leading order  |
 |                   (VERSION 0.5)                     |
 |                                                     |
 |    Authors:                                         |
 |            Ajjath A.H. (LPTHE Paris)                |
 |            Ekta Chaubey (Bonn)                      |
 |            Mathijs Fraaije (Bern)                   |
 |            Valentin Hirschi (Bern)                  |
 |            Hua-Sheng Shao (LPTHE Paris)             |
 |                                                     |
 |    Please cite                                      |
 |            PLB 851 (2024) 138555 [arXiv:2312.16956] |
 |            JHEP 03 (2024) 121    [arXiv:2312.16966] |
 |                                                     |
 =======================================================
 ---------------------------------------------------
         the cuts in the lab frame                  
 min transverse momentum of photon    0.0000000000000000     
 max (pseudo-)rapidity of photon    5.0000000000000000     
 min (pseudo-)rapidity of photon   -5.0000000000000000     
 min invariant mass of di-photon    0.0000000000000000     
 ---------------------------------------------------
 max=   8.6371889864789012E-004
 min=   0.0000000000000000     
       n_pass,     n_total
       10000       10000
  
 ====================NCALL=20K===========================
  
 ITERATION            1 :
   5.8870558941060650E-004 +\-   5.5867140426570436E-008
 precision:   9.4898267370797105E-005
 max=   8.6371889864789012E-004
 min=   0.0000000000000000     
       n_pass,     n_total
       20000       20002
 max=   8.6371889864789012E-004
 min=   0.0000000000000000     
       n_pass,     n_total
       30000       30002
 ITERATION            2 :
   5.8858213361395620E-004 +\-   4.4333627424598123E-008
 precision:   7.5322754281352352E-005
 max=   8.6375742372747253E-004
 min=   0.0000000000000000     
       n_pass,     n_total
       40000       40011
 max=   8.6375742372747253E-004
 min=   0.0000000000000000     
       n_pass,     n_total
       50000       50011
 ITERATION            3 :
   5.8856721404332995E-004 +\-   4.9866122327759859E-008
 precision:   8.4724600925679060E-005
 max=   8.6378759514514538E-004
 min=   0.0000000000000000     
       n_pass,     n_total
       60000       60027
 max=   8.6378759514514538E-004
 min=   0.0000000000000000     
       n_pass,     n_total
       70000       70027
 ITERATION            4 :
   5.8865273882240880E-004 +\-   4.4356974728678942E-008
 precision:   7.5353382059199146E-005
 max=   8.6379398973650962E-004
 min=   0.0000000000000000     
       n_pass,     n_total
       80000       80044
 max=   8.6379398973650962E-004
 min=   0.0000000000000000     
       n_pass,     n_total
       90000       90044
 ITERATION            5 :
   5.8860170806383045E-004 +\-   3.6699770250985640E-008
 precision:   6.2350770900253258E-005
 max=   8.6381204528779439E-004
 min=   0.0000000000000000     
       n_pass,     n_total
      100000      100065
 max=   8.6381204528779439E-004
 min=   0.0000000000000000     
       n_pass,     n_total
      110000      110065
 ITERATION            6 :
   5.8865122526832302E-004 +\-   4.2226535880596044E-008
 precision:   7.1734388833299476E-005
 max=   8.6381204528779439E-004
 min=   0.0000000000000000     
       n_pass,     n_total
      120000      120083
 max=   8.6381204528779439E-004
 min=   0.0000000000000000     
       n_pass,     n_total
      130000      130083
 ITERATION            7 :
   5.8863908918548838E-004 +\-   3.6380417326009590E-008
 precision:   6.1804283803764879E-005
 max=   8.6381204528779439E-004
 min=   0.0000000000000000     
       n_pass,     n_total
      140000      140106
 max=   8.6381204528779439E-004
 min=   0.0000000000000000     
       n_pass,     n_total
      150000      150106
 ITERATION            8 :
   5.8857010988516852E-004 +\-   3.5154155487935782E-008
 precision:   5.9728067901365982E-005
 max=   8.6381204528779439E-004
 min=   0.0000000000000000     
       n_pass,     n_total
      160000      160136
 max=   8.6381204528779439E-004
 min=   0.0000000000000000     
       n_pass,     n_total
      170000      170136
 ITERATION            9 :
   5.8864733435664955E-004 +\-   3.3517018588632081E-008
 precision:   5.6939047596747966E-005
 max=   8.6381204528779439E-004
 min=   0.0000000000000000     
       n_pass,     n_total
      180000      180158
 max=   8.6381204528779439E-004
 min=   0.0000000000000000     
       n_pass,     n_total
      190000      190158
 ITERATION           10 :
   5.8860584152799840E-004 +\-   3.4164999692115735E-008
 precision:   5.8043935825415349E-005
 ====================NCALL=40K ===========================
  
 max=   8.6381204528779439E-004
 min=   0.0000000000000000     
       n_pass,     n_total
      200000      200203
 max=   8.6381204528779439E-004
 min=   0.0000000000000000     
       n_pass,     n_total
      210000      210203
 max=   8.6381204528779439E-004
 min=   0.0000000000000000     
       n_pass,     n_total
      220000      220203
 max=   8.6381204528779439E-004
 min=   0.0000000000000000     
       n_pass,     n_total
      230000      230203
   5.8862133097845667E-004 +\-   1.7787551032661974E-008
 precision:   3.0219005150720562E-005
 ====================NCALL=80K ===========================
  
 max=   8.6381204528779439E-004
 min=   0.0000000000000000     
       n_pass,     n_total
      240000      240332
 max=   8.6381204528779439E-004
 min=   0.0000000000000000     
       n_pass,     n_total
      250000      250332
 max=   8.6381204528779439E-004
 min=   0.0000000000000000     
       n_pass,     n_total
      260000      260332
 max=   8.6381204528779439E-004
 min=   0.0000000000000000     
       n_pass,     n_total
      270000      270332
 max=   8.6381204528779439E-004
 min=   0.0000000000000000     
       n_pass,     n_total
      280000      280332
 max=   8.6381204528779439E-004
 min=   0.0000000000000000     
       n_pass,     n_total
      290000      290332
 max=   8.6381204528779439E-004
 min=   0.0000000000000000     
       n_pass,     n_total
      300000      300332
 max=   8.6381204528779439E-004
 min=   0.0000000000000000     
       n_pass,     n_total
      310000      310332
   5.8861001321637509E-004 +\-   9.7651540649712995E-009
 precision:   1.6590193584392174E-005
 sigma (pb)                   sd (pb)
   5.8861001321637509E-004   9.7651540649712995E-009
