 =======================================================
 |                                                     |
 |         \/\/\/\/\/\___________/\/\/\/\/\/           |
 |                   |     \     |                     |
 |                   |     /     |                     |
 |                   |     \     |                     |
 |         /\/\/\/\/\|_____/_____|/\/\/\/\/\           |
 |                                                     |
 | Light-by-light scattering at next-to-leading order  |
 |                   (VERSION 0.5)                     |
 |                                                     |
 |    Authors:                                         |
 |            Ajjath A.H. (LPTHE Paris)                |
 |            Ekta Chaubey (Bonn)                      |
 |            Mathijs Fraaije (Bern)                   |
 |            Valentin Hirschi (Bern)                  |
 |            Hua-Sheng Shao (LPTHE Paris)             |
 |                                                     |
 |    Please cite                                      |
 |            PLB 851 (2024) 138555 [arXiv:2312.16956] |
 |            JHEP 03 (2024) 121    [arXiv:2312.16966] |
 |                                                     |
 =======================================================
 ---------------------------------------------------
         the cuts in the lab frame                  
 min transverse momentum of photon    0.0000000000000000     
 max (pseudo-)rapidity of photon    5.0000000000000000     
 min (pseudo-)rapidity of photon   -5.0000000000000000     
 min invariant mass of di-photon    0.0000000000000000     
 ---------------------------------------------------
 max=   1.5567817785163678E-006
 min=   0.0000000000000000     
       n_pass,     n_total
       10000       10000
  
 ====================NCALL=20K===========================
  
 ITERATION            1 :
   1.4797035830906031E-006 +\-   3.2463750173005927E-009
 precision:   2.1939360385409131E-003
 max=   1.0006815467997087E-005
 min=   0.0000000000000000     
       n_pass,     n_total
       20000       20000
 max=   1.0006815467997087E-005
 min=   0.0000000000000000     
       n_pass,     n_total
       30000       30000
 ITERATION            2 :
   1.4830903747473307E-006 +\-   7.2728503184781051E-010
 precision:   4.9038483711534824E-004
 max=   1.0009529757508343E-005
 min=   0.0000000000000000     
       n_pass,     n_total
       40000       40000
 max=   1.0009529757508343E-005
 min=   0.0000000000000000     
       n_pass,     n_total
       50000       50000
 ITERATION            3 :
   1.4820543323846797E-006 +\-   3.7045481963643826E-010
 precision:   2.4996034999632091E-004
 max=   1.0009902756143342E-005
 min=   0.0000000000000000     
       n_pass,     n_total
       60000       60000
 max=   1.0009902756143342E-005
 min=   0.0000000000000000     
       n_pass,     n_total
       70000       70000
 ITERATION            4 :
   1.4825869954956561E-006 +\-   2.8837474194501127E-010
 precision:   1.9450780481762036E-004
 max=   1.0009902756143342E-005
 min=   0.0000000000000000     
       n_pass,     n_total
       80000       80000
 max=   1.0009902756143342E-005
 min=   0.0000000000000000     
       n_pass,     n_total
       90000       90000
 ITERATION            5 :
   1.4821203738967805E-006 +\-   2.4443436819749231E-010
 precision:   1.6492207549568134E-004
 max=   1.0009902756143342E-005
 min=   0.0000000000000000     
       n_pass,     n_total
      100000      100000
 max=   1.0009902756143342E-005
 min=   0.0000000000000000     
       n_pass,     n_total
      110000      110000
 ITERATION            6 :
   1.4816056094961507E-006 +\-   2.9497496826579949E-010
 precision:   1.9909142242388754E-004
 max=   1.0009902756143342E-005
 min=   0.0000000000000000     
       n_pass,     n_total
      120000      120002
 max=   1.0009902756143342E-005
 min=   0.0000000000000000     
       n_pass,     n_total
      130000      130002
 ITERATION            7 :
   1.4821995895847618E-006 +\-   2.4893050613678089E-010
 precision:   1.6794668402689194E-004
 max=   1.0009902756143342E-005
 min=   0.0000000000000000     
       n_pass,     n_total
      140000      140004
 max=   1.0009902756143342E-005
 min=   0.0000000000000000     
       n_pass,     n_total
      150000      150004
 ITERATION            8 :
   1.4818495390908038E-006 +\-   2.9435185185869370E-010
 precision:   1.9863815056371699E-004
 max=   1.0009902756143342E-005
 min=   0.0000000000000000     
       n_pass,     n_total
      160000      160006
 max=   1.0009902756143342E-005
 min=   0.0000000000000000     
       n_pass,     n_total
      170000      170006
 ITERATION            9 :
   1.4819538967530466E-006 +\-   2.5965185911904106E-010
 precision:   1.7520913416263284E-004
 max=   1.0009908613794804E-005
 min=   0.0000000000000000     
       n_pass,     n_total
      180000      180009
 max=   1.0009908613794804E-005
 min=   0.0000000000000000     
       n_pass,     n_total
      190000      190009
 ITERATION           10 :
   1.4819690184293542E-006 +\-   3.0719594578878321E-010
 precision:   2.0728904718558886E-004
 ====================NCALL=40K ===========================
  
 max=   1.0009908613794804E-005
 min=   0.0000000000000000     
       n_pass,     n_total
      200000      200011
 max=   1.0009908613794804E-005
 min=   0.0000000000000000     
       n_pass,     n_total
      210000      210011
 max=   1.0009908613794804E-005
 min=   0.0000000000000000     
       n_pass,     n_total
      220000      220011
 max=   1.0009908613794804E-005
 min=   0.0000000000000000     
       n_pass,     n_total
      230000      230011
   1.4821442376318565E-006 +\-   1.3426659750197790E-010
 precision:   9.0589427191314830E-005
 ====================NCALL=80K ===========================
  
 max=   1.0009908613794804E-005
 min=   0.0000000000000000     
       n_pass,     n_total
      240000      240013
 max=   1.0009908613794804E-005
 min=   0.0000000000000000     
       n_pass,     n_total
      250000      250013
 max=   1.0009908613794804E-005
 min=   0.0000000000000000     
       n_pass,     n_total
      260000      260013
 max=   1.0009908613794804E-005
 min=   0.0000000000000000     
       n_pass,     n_total
      270000      270013
 max=   1.0009908613794804E-005
 min=   0.0000000000000000     
       n_pass,     n_total
      280000      280013
 max=   1.0009908613794804E-005
 min=   0.0000000000000000     
       n_pass,     n_total
      290000      290013
 max=   1.0009908613794804E-005
 min=   0.0000000000000000     
       n_pass,     n_total
      300000      300013
 max=   1.0009908613794804E-005
 min=   0.0000000000000000     
       n_pass,     n_total
      310000      310013
   1.4821762995999493E-006 +\-   6.0570311737809960E-011
 precision:   4.0865794274377717E-005
 sigma (pb)                   sd (pb)
   1.4821762995999493E-006   6.0570311737809960E-011
