 =======================================================
 |                                                     |
 |         \/\/\/\/\/\___________/\/\/\/\/\/           |
 |                   |     \     |                     |
 |                   |     /     |                     |
 |                   |     \     |                     |
 |         /\/\/\/\/\|_____/_____|/\/\/\/\/\           |
 |                                                     |
 | Light-by-light scattering at next-to-leading order  |
 |                   (VERSION 0.5)                     |
 |                                                     |
 |    Authors:                                         |
 |            Ajjath A.H. (LPTHE Paris)                |
 |            Ekta Chaubey (Bonn)                      |
 |            Mathijs Fraaije (Bern)                   |
 |            Valentin Hirschi (Bern)                  |
 |            Hua-Sheng Shao (LPTHE Paris)             |
 |                                                     |
 |    Please cite                                      |
 |            PLB 851 (2024) 138555 [arXiv:2312.16956] |
 |            JHEP 03 (2024) 121    [arXiv:2312.16966] |
 |                                                     |
 =======================================================
 ---------------------------------------------------
         the cuts in the lab frame                  
 min transverse momentum of photon    0.0000000000000000     
 max (pseudo-)rapidity of photon    5.0000000000000000     
 min (pseudo-)rapidity of photon   -5.0000000000000000     
 min invariant mass of di-photon    0.0000000000000000     
 ---------------------------------------------------
 WARNING: outside the range of the grid (xs,xt)=   4.9252736733191853E-002  -4.9252736240669795E-002
 WARNING: set the 2-loop amplitudes to zero
 WARNING: outside the range of the grid (xs,xt)=   4.9119762842721078E-002  -4.9119762351528720E-002
 WARNING: set the 2-loop amplitudes to zero
 WARNING: outside the range of the grid (xs,xt)=   4.9346494086039541E-002  -4.9346493592579921E-002
 WARNING: set the 2-loop amplitudes to zero
 WARNING: outside the range of the grid (xs,xt)=   4.9286946736468218E-002  -4.9286946243604059E-002
 WARNING: set the 2-loop amplitudes to zero
 WARNING: outside the range of the grid (xs,xt)=   4.9384370959540388E-002  -4.9384370465702009E-002
 WARNING: set the 2-loop amplitudes to zero
 INFO: will suppress the further warning
 max=  0.40230009194433303     
 min=   0.0000000000000000     
       n_pass,     n_total
       10000       10000
  
 ====================NCALL=20K===========================
  
 ITERATION            1 :
  0.28651163386211642      +\-   1.2757578393695897E-005
 precision:   4.4527261325225893E-005
 max=  0.40732711295006302     
 min=   0.0000000000000000     
       n_pass,     n_total
       20000       20002
 max=  0.40732711295006302     
 min=   0.0000000000000000     
       n_pass,     n_total
       30000       30002
 ITERATION            2 :
  0.28650327912115309      +\-   1.8979640391615739E-005
 precision:   6.6245805108533702E-005
 max=  0.40826322990959929     
 min=   0.0000000000000000     
       n_pass,     n_total
       40000       40012
 max=  0.40826322990959929     
 min=   0.0000000000000000     
       n_pass,     n_total
       50000       50012
 ITERATION            3 :
  0.28649285732753776      +\-   1.6110942653018164E-005
 precision:   5.6235058714217989E-005
 max=  0.40826322990959929     
 min=   0.0000000000000000     
       n_pass,     n_total
       60000       60036
 max=  0.40826322990959929     
 min=   0.0000000000000000     
       n_pass,     n_total
       70000       70036
 ITERATION            4 :
  0.28648440174414541      +\-   1.2584773686352061E-005
 precision:   4.3928303285396034E-005
 max=  0.40826322990959929     
 min=   0.0000000000000000     
       n_pass,     n_total
       80000       80067
 max=  0.40826322990959929     
 min=   0.0000000000000000     
       n_pass,     n_total
       90000       90067
 ITERATION            5 :
  0.28649180918457984      +\-   1.0832485696601003E-005
 precision:   3.7810804181217940E-005
 max=  0.40826322990959929     
 min=   0.0000000000000000     
       n_pass,     n_total
      100000      100109
 max=  0.40826322990959929     
 min=   0.0000000000000000     
       n_pass,     n_total
      110000      110109
 ITERATION            6 :
  0.28648259691049516      +\-   1.0103502527572492E-005
 precision:   3.5267421604423309E-005
 max=  0.40826322990959929     
 min=   0.0000000000000000     
       n_pass,     n_total
      120000      120151
 max=  0.40826322990959929     
 min=   0.0000000000000000     
       n_pass,     n_total
      130000      130151
 ITERATION            7 :
  0.28650176296788704      +\-   1.0437475890963098E-005
 precision:   3.6430756246805353E-005
 max=  0.40826322990959929     
 min=   0.0000000000000000     
       n_pass,     n_total
      140000      140202
 max=  0.40826322990959929     
 min=   0.0000000000000000     
       n_pass,     n_total
      150000      150202
 ITERATION            8 :
  0.28648029907789674      +\-   1.0260417206395240E-005
 precision:   3.5815437359639636E-005
 max=  0.40826322990959929     
 min=   0.0000000000000000     
       n_pass,     n_total
      160000      160263
 max=  0.40826322990959929     
 min=   0.0000000000000000     
       n_pass,     n_total
      170000      170263
 ITERATION            9 :
  0.28649200390528151      +\-   9.5635124049428609E-006
 precision:   3.3381428712072188E-005
 max=  0.40826417970423778     
 min=   0.0000000000000000     
       n_pass,     n_total
      180000      180324
 max=  0.40826417970423778     
 min=   0.0000000000000000     
       n_pass,     n_total
      190000      190324
 ITERATION           10 :
  0.28649984772687415      +\-   9.4283649562840370E-006
 precision:   3.2908795697763440E-005
 ====================NCALL=40K ===========================
  
 max=  0.40826417970423778     
 min=   0.0000000000000000     
       n_pass,     n_total
      200000      200451
 max=  0.40826417970423778     
 min=   0.0000000000000000     
       n_pass,     n_total
      210000      210451
 max=  0.40826417970423778     
 min=   0.0000000000000000     
       n_pass,     n_total
      220000      220451
 max=  0.40826417970423778     
 min=   0.0000000000000000     
       n_pass,     n_total
      230000      230451
  0.28649034483819547      +\-   5.0565484638173842E-006
 precision:   1.7649978629029298E-005
 ====================NCALL=80K ===========================
  
 max=  0.40826417970423778     
 min=   0.0000000000000000     
       n_pass,     n_total
      240000      240752
 max=  0.40826417970423778     
 min=   0.0000000000000000     
       n_pass,     n_total
      250000      250752
 max=  0.40826417970423778     
 min=   0.0000000000000000     
       n_pass,     n_total
      260000      260752
 max=  0.40826417970423778     
 min=   0.0000000000000000     
       n_pass,     n_total
      270000      270752
 max=  0.40826417970423778     
 min=   0.0000000000000000     
       n_pass,     n_total
      280000      280752
 max=  0.40826417970423778     
 min=   0.0000000000000000     
       n_pass,     n_total
      290000      290752
 max=  0.40826417970423778     
 min=   0.0000000000000000     
       n_pass,     n_total
      300000      300752
 max=  0.40826417970423778     
 min=   0.0000000000000000     
       n_pass,     n_total
      310000      310752
  0.28648724312649793      +\-   2.7370312740060482E-006
 precision:   9.5537631768040606E-006
 sigma (pb)                   sd (pb)
  0.28648724312649793        2.7370312740060482E-006
