 =======================================================
 |                                                     |
 |         \/\/\/\/\/\___________/\/\/\/\/\/           |
 |                   |     \     |                     |
 |                   |     /     |                     |
 |                   |     \     |                     |
 |         /\/\/\/\/\|_____/_____|/\/\/\/\/\           |
 |                                                     |
 | Light-by-light scattering at next-to-leading order  |
 |                   (VERSION 0.5)                     |
 |                                                     |
 |    Authors:                                         |
 |            Ajjath A.H. (LPTHE Paris)                |
 |            Ekta Chaubey (Bonn)                      |
 |            Mathijs Fraaije (Bern)                   |
 |            Valentin Hirschi (Bern)                  |
 |            Hua-Sheng Shao (LPTHE Paris)             |
 |                                                     |
 |    Please cite                                      |
 |            PLB 851 (2024) 138555 [arXiv:2312.16956] |
 |            JHEP 03 (2024) 121    [arXiv:2312.16966] |
 |                                                     |
 =======================================================
 ---------------------------------------------------
         the cuts in the lab frame                  
 min transverse momentum of photon    0.0000000000000000     
 max (pseudo-)rapidity of photon    5.0000000000000000     
 min (pseudo-)rapidity of photon   -5.0000000000000000     
 min invariant mass of di-photon    0.0000000000000000     
 ---------------------------------------------------
 max=   43920.345010583667     
 min=   0.0000000000000000     
       n_pass,     n_total
       10000       10000
  
 ====================NCALL=20K===========================
  
 ITERATION            1 :
   592.10638145993187      +\-   5.2640674494924591     
 precision:   8.8904082346031622E-003
 WARNING: outside the range of the grid (xs,xt)=  0.34056805524615724      -0.34055194006046646     
 WARNING: set the 2-loop amplitudes to zero
 WARNING: outside the range of the grid (xs,xt)=  0.33062499999999995      -0.33060935530524088     
 WARNING: set the 2-loop amplitudes to zero
 WARNING: outside the range of the grid (xs,xt)=  0.15918471470220744      -0.15917718231272743     
 WARNING: set the 2-loop amplitudes to zero
 WARNING: outside the range of the grid (xs,xt)=   1.6986777777777781E-002  -1.6985973988127047E-002
 WARNING: set the 2-loop amplitudes to zero
 WARNING: outside the range of the grid (xs,xt)=   146369.88216190966       -146362.95615169159     
 WARNING: set the 2-loop amplitudes to zero
 INFO: will suppress the further warning
 max=   49236.705067384159     
 min=   0.0000000000000000     
       n_pass,     n_total
       20000       20009
 max=   49236.705067384159     
 min=   0.0000000000000000     
       n_pass,     n_total
       30000       30009
 ITERATION            2 :
   586.03126803463056      +\-   1.3649815326003185     
 precision:   2.3291957392957011E-003
 max=   50305.025071154996     
 min=   0.0000000000000000     
       n_pass,     n_total
       40000       40044
 max=   50305.025071154996     
 min=   0.0000000000000000     
       n_pass,     n_total
       50000       50044
 ITERATION            3 :
   586.01361587014105      +\-  0.45511099815238865     
 precision:   7.7662188356599545E-004
 max=   50612.926501931826     
 min=   0.0000000000000000     
       n_pass,     n_total
       60000       60180
 max=   50612.926501931826     
 min=   0.0000000000000000     
       n_pass,     n_total
       70000       70180
 ITERATION            4 :
   586.25008094179702      +\-  0.27929282327826882     
 precision:   4.7640560292902892E-004
 max=   50612.926501931826     
 min=   0.0000000000000000     
       n_pass,     n_total
       80000       80514
 max=   50612.926501931826     
 min=   0.0000000000000000     
       n_pass,     n_total
       90000       90514
 ITERATION            5 :
   585.95940540128743      +\-  0.19110030614399018     
 precision:   3.2613232995742659E-004
 max=   50612.926501931826     
 min=   0.0000000000000000     
       n_pass,     n_total
      100000      101031
 max=   50612.926501931826     
 min=   0.0000000000000000     
       n_pass,     n_total
      110000      111031
 ITERATION            6 :
   585.97805648030453      +\-  0.16934231260865037     
 precision:   2.8899087727927948E-004
 max=   50667.460194046856     
 min=   0.0000000000000000     
       n_pass,     n_total
      120000      121642
 max=   50667.460194046856     
 min=   0.0000000000000000     
       n_pass,     n_total
      130000      131642
 ITERATION            7 :
   586.32968245174561      +\-  0.15915637868739674     
 precision:   2.7144520131043370E-004
 max=   50667.460194046856     
 min=   0.0000000000000000     
       n_pass,     n_total
      140000      142397
 max=   50667.460194046856     
 min=   0.0000000000000000     
       n_pass,     n_total
      150000      152397
 ITERATION            8 :
   585.75785536009948      +\-  0.15532778588268192     
 precision:   2.6517405521978509E-004
 max=   50679.206705085438     
 min=   0.0000000000000000     
       n_pass,     n_total
      160000      162949
 max=   50679.206705085438     
 min=   0.0000000000000000     
       n_pass,     n_total
      170000      172949
 ITERATION            9 :
   586.01390871604247      +\-  0.15167600191748482     
 precision:   2.5882662452467588E-004
 max=   50679.206705085438     
 min=   0.0000000000000000     
       n_pass,     n_total
      180000      183706
 max=   50679.206705085438     
 min=   0.0000000000000000     
       n_pass,     n_total
      190000      193706
 ITERATION           10 :
   586.16336851256744      +\-  0.14679946678183461     
 precision:   2.5044121599469621E-004
 ====================NCALL=40K ===========================
  
 max=   50679.206705085438     
 min=   0.0000000000000000     
       n_pass,     n_total
      200000      204401
 max=   50679.206705085438     
 min=   0.0000000000000000     
       n_pass,     n_total
      210000      214401
 max=   50679.206705085438     
 min=   0.0000000000000000     
       n_pass,     n_total
      220000      224401
 max=   50679.206705085438     
 min=   0.0000000000000000     
       n_pass,     n_total
      230000      234401
   586.14177443876417      +\-   8.2668964002597156E-002
 precision:   1.4103919496567772E-004
 ====================NCALL=80K ===========================
  
 max=   50685.242288213383     
 min=   0.0000000000000000     
       n_pass,     n_total
      240000      247164
 max=   50685.242288213383     
 min=   0.0000000000000000     
       n_pass,     n_total
      250000      257164
 max=   50685.242288213383     
 min=   0.0000000000000000     
       n_pass,     n_total
      260000      267164
 max=   50685.242288213383     
 min=   0.0000000000000000     
       n_pass,     n_total
      270000      277164
 max=   50685.242288213383     
 min=   0.0000000000000000     
       n_pass,     n_total
      280000      287164
 max=   50685.242288213383     
 min=   0.0000000000000000     
       n_pass,     n_total
      290000      297164
 max=   50685.242288213383     
 min=   0.0000000000000000     
       n_pass,     n_total
      300000      307164
   586.06493978213166      +\-   3.6642335231003548E-002
 precision:   6.2522653623718310E-005
 sigma (pb)                   sd (pb)
   586.06493978213166        3.6642335231003548E-002
