 =======================================================
 |                                                     |
 |         \/\/\/\/\/\___________/\/\/\/\/\/           |
 |                   |     \     |                     |
 |                   |     /     |                     |
 |                   |     \     |                     |
 |         /\/\/\/\/\|_____/_____|/\/\/\/\/\           |
 |                                                     |
 | Light-by-light scattering at next-to-leading order  |
 |                   (VERSION 0.5)                     |
 |                                                     |
 |    Authors:                                         |
 |            Ajjath A.H. (LPTHE Paris)                |
 |            Ekta Chaubey (Bonn)                      |
 |            Mathijs Fraaije (Bern)                   |
 |            Valentin Hirschi (Bern)                  |
 |            Hua-Sheng Shao (LPTHE Paris)             |
 |                                                     |
 |    Please cite                                      |
 |            PLB 851 (2024) 138555 [arXiv:2312.16956] |
 |            JHEP 03 (2024) 121    [arXiv:2312.16966] |
 |                                                     |
 =======================================================
 ---------------------------------------------------
         the cuts in the lab frame                  
 min transverse momentum of photon    0.0000000000000000     
 max (pseudo-)rapidity of photon    5.0000000000000000     
 min (pseudo-)rapidity of photon   -5.0000000000000000     
 min invariant mass of di-photon    0.0000000000000000     
 ---------------------------------------------------
 WARNING: outside the range of the grid (xs,xt)=   4.7704276269355597E-002  -4.7704275792317806E-002
 WARNING: set the 2-loop amplitudes to zero
 WARNING: outside the range of the grid (xs,xt)=   4.7575482954945604E-002  -4.7575482479195727E-002
 WARNING: set the 2-loop amplitudes to zero
 WARNING: outside the range of the grid (xs,xt)=   4.7795085977793896E-002  -4.7795085499848025E-002
 WARNING: set the 2-loop amplitudes to zero
 WARNING: outside the range of the grid (xs,xt)=   4.7737410741787278E-002  -4.7737410264418148E-002
 WARNING: set the 2-loop amplitudes to zero
 WARNING: outside the range of the grid (xs,xt)=   4.7831772037443557E-002  -4.7831771559130834E-002
 WARNING: set the 2-loop amplitudes to zero
 INFO: will suppress the further warning
 max=  0.36538561727889873     
 min=   0.0000000000000000     
       n_pass,     n_total
       10000       10000
  
 ====================NCALL=20K===========================
  
 ITERATION            1 :
  0.26029331900338082      +\-   1.2026373404557442E-005
 precision:   4.6203158231661096E-005
 max=  0.37010192395124719     
 min=   0.0000000000000000     
       n_pass,     n_total
       20000       20002
 max=  0.37010192395124719     
 min=   0.0000000000000000     
       n_pass,     n_total
       30000       30002
 ITERATION            2 :
  0.26028703314751911      +\-   1.7100638161933754E-005
 precision:   6.5699155102520504E-005
 max=  0.37092031230206512     
 min=   0.0000000000000000     
       n_pass,     n_total
       40000       40010
 max=  0.37092031230206512     
 min=   0.0000000000000000     
       n_pass,     n_total
       50000       50010
 ITERATION            3 :
  0.26028057950137712      +\-   1.3613261232013912E-005
 precision:   5.2302254966901536E-005
 max=  0.37094001805803056     
 min=   0.0000000000000000     
       n_pass,     n_total
       60000       60032
 max=  0.37094001805803056     
 min=   0.0000000000000000     
       n_pass,     n_total
       70000       70032
 ITERATION            4 :
  0.26026801452257931      +\-   1.1599189705776597E-005
 precision:   4.4566328010199351E-005
 max=  0.37094001805803056     
 min=   0.0000000000000000     
       n_pass,     n_total
       80000       80063
 max=  0.37094001805803056     
 min=   0.0000000000000000     
       n_pass,     n_total
       90000       90063
 ITERATION            5 :
  0.26027901520226104      +\-   1.0370287289697386E-005
 precision:   3.9842963450736538E-005
 max=  0.37094988165071752     
 min=   0.0000000000000000     
       n_pass,     n_total
      100000      100100
 max=  0.37094988165071752     
 min=   0.0000000000000000     
       n_pass,     n_total
      110000      110100
 ITERATION            6 :
  0.26025846417575521      +\-   9.6883339963272056E-006
 precision:   3.7225817139167369E-005
 max=  0.37094988165071752     
 min=   0.0000000000000000     
       n_pass,     n_total
      120000      120140
 max=  0.37094988165071752     
 min=   0.0000000000000000     
       n_pass,     n_total
      130000      130140
 ITERATION            7 :
  0.26028232064664031      +\-   9.5970177849169901E-006
 precision:   3.6871569920977910E-005
 max=  0.37094988165071752     
 min=   0.0000000000000000     
       n_pass,     n_total
      140000      140185
 max=  0.37094988165071752     
 min=   0.0000000000000000     
       n_pass,     n_total
      150000      150185
 ITERATION            8 :
  0.26026773735202091      +\-   9.7622150949028272E-006
 precision:   3.7508356564759700E-005
 max=  0.37094988165071752     
 min=   0.0000000000000000     
       n_pass,     n_total
      160000      160242
 max=  0.37094988165071752     
 min=   0.0000000000000000     
       n_pass,     n_total
      170000      170242
 ITERATION            9 :
  0.26026839988637496      +\-   9.2604541371295110E-006
 precision:   3.5580401390150841E-005
 max=  0.37094988165071752     
 min=   0.0000000000000000     
       n_pass,     n_total
      180000      180300
 max=  0.37094988165071752     
 min=   0.0000000000000000     
       n_pass,     n_total
      190000      190300
 ITERATION           10 :
  0.26028231042092637      +\-   9.1560907122503555E-006
 precision:   3.5177537410987333E-005
 ====================NCALL=40K ===========================
  
 max=  0.37094988165071752     
 min=   0.0000000000000000     
       n_pass,     n_total
      200000      200416
 max=  0.37094988165071752     
 min=   0.0000000000000000     
       n_pass,     n_total
      210000      210416
 max=  0.37094988165071752     
 min=   0.0000000000000000     
       n_pass,     n_total
      220000      220416
 max=  0.37094988165071752     
 min=   0.0000000000000000     
       n_pass,     n_total
      230000      230416
  0.26027270835029287      +\-   4.9233218734490706E-006
 precision:   1.8916012764668842E-005
 ====================NCALL=80K ===========================
  
 max=  0.37095157352524288     
 min=   0.0000000000000000     
       n_pass,     n_total
      240000      240685
 max=  0.37095157352524288     
 min=   0.0000000000000000     
       n_pass,     n_total
      250000      250685
 max=  0.37095157352524288     
 min=   0.0000000000000000     
       n_pass,     n_total
      260000      260685
 max=  0.37095157352524288     
 min=   0.0000000000000000     
       n_pass,     n_total
      270000      270685
 max=  0.37095157352524288     
 min=   0.0000000000000000     
       n_pass,     n_total
      280000      280685
 max=  0.37095157352524288     
 min=   0.0000000000000000     
       n_pass,     n_total
      290000      290685
 max=  0.37095157352524288     
 min=   0.0000000000000000     
       n_pass,     n_total
      300000      300685
 max=  0.37095157352524288     
 min=   0.0000000000000000     
       n_pass,     n_total
      310000      310685
  0.26027118224812368      +\-   2.4320417547101920E-006
 precision:   9.3442606042787309E-006
 sigma (pb)                   sd (pb)
  0.26027118224812368        2.4320417547101920E-006
