 =======================================================
 |                                                     |
 |         \/\/\/\/\/\___________/\/\/\/\/\/           |
 |                   |     \     |                     |
 |                   |     /     |                     |
 |                   |     \     |                     |
 |         /\/\/\/\/\|_____/_____|/\/\/\/\/\           |
 |                                                     |
 | Light-by-light scattering at next-to-leading order  |
 |                   (VERSION 0.5)                     |
 |                                                     |
 |    Authors:                                         |
 |            Ajjath A.H. (LPTHE Paris)                |
 |            Ekta Chaubey (Bonn)                      |
 |            Mathijs Fraaije (Bern)                   |
 |            Valentin Hirschi (Bern)                  |
 |            Hua-Sheng Shao (LPTHE Paris)             |
 |                                                     |
 |    Please cite                                      |
 |            PLB 851 (2024) 138555 [arXiv:2312.16956] |
 |            JHEP 03 (2024) 121    [arXiv:2312.16966] |
 |                                                     |
 =======================================================
 ---------------------------------------------------
         the cuts in the lab frame                  
 min transverse momentum of photon    0.0000000000000000     
 max (pseudo-)rapidity of photon    5.0000000000000000     
 min (pseudo-)rapidity of photon   -5.0000000000000000     
 min invariant mass of di-photon    0.0000000000000000     
 ---------------------------------------------------
 max=   2.0395961991726923E-005
 min=   0.0000000000000000     
       n_pass,     n_total
       10000       10000
  
 ====================NCALL=20K===========================
  
 ITERATION            1 :
   1.1701781260576652E-005 +\-   2.9829701292300810E-009
 precision:   2.5491590235750852E-004
 max=   2.0395961991726923E-005
 min=   0.0000000000000000     
       n_pass,     n_total
       20000       20001
 max=   2.0395961991726923E-005
 min=   0.0000000000000000     
       n_pass,     n_total
       30000       30001
 ITERATION            2 :
   1.1707291094122221E-005 +\-   2.0285135919449801E-009
 precision:   1.7326925380401777E-004
 max=   2.0397666397194725E-005
 min=   0.0000000000000000     
       n_pass,     n_total
       40000       40002
 max=   2.0397666397194725E-005
 min=   0.0000000000000000     
       n_pass,     n_total
       50000       50002
 ITERATION            3 :
   1.1702833424816303E-005 +\-   1.6332505956360913E-009
 precision:   1.3956027026520957E-004
 max=   2.0397893109319869E-005
 min=   0.0000000000000000     
       n_pass,     n_total
       60000       60005
 max=   2.0397893109319869E-005
 min=   0.0000000000000000     
       n_pass,     n_total
       70000       70005
 ITERATION            4 :
   1.1705969001362091E-005 +\-   1.1543424937777007E-009
 precision:   9.8611442900915157E-005
 max=   2.0397893109319869E-005
 min=   0.0000000000000000     
       n_pass,     n_total
       80000       80008
 max=   2.0397893109319869E-005
 min=   0.0000000000000000     
       n_pass,     n_total
       90000       90008
 ITERATION            5 :
   1.1704796125457911E-005 +\-   1.1583664597588160E-009
 precision:   9.8965112022700752E-005
 max=   2.0398078771060330E-005
 min=   0.0000000000000000     
       n_pass,     n_total
      100000      100015
 max=   2.0398078771060330E-005
 min=   0.0000000000000000     
       n_pass,     n_total
      110000      110015
 ITERATION            6 :
   1.1704663577834749E-005 +\-   1.0660736143502929E-009
 precision:   9.1081098338369028E-005
 max=   2.0398078771060330E-005
 min=   0.0000000000000000     
       n_pass,     n_total
      120000      120025
 max=   2.0398078771060330E-005
 min=   0.0000000000000000     
       n_pass,     n_total
      130000      130025
 ITERATION            7 :
   1.1704076836574535E-005 +\-   1.0912019634097102E-009
 precision:   9.3232638391416733E-005
 max=   2.0398078771060330E-005
 min=   0.0000000000000000     
       n_pass,     n_total
      140000      140041
 max=   2.0398078771060330E-005
 min=   0.0000000000000000     
       n_pass,     n_total
      150000      150041
 ITERATION            8 :
   1.1702105540149896E-005 +\-   9.9571501970190551E-010
 precision:   8.5088535245696570E-005
 max=   2.0398078771060330E-005
 min=   0.0000000000000000     
       n_pass,     n_total
      160000      160060
 max=   2.0398078771060330E-005
 min=   0.0000000000000000     
       n_pass,     n_total
      170000      170060
 ITERATION            9 :
   1.1703504963512285E-005 +\-   1.0887569608318655E-009
 precision:   9.3028282059627002E-005
 max=   2.0398078771060330E-005
 min=   0.0000000000000000     
       n_pass,     n_total
      180000      180075
 max=   2.0398078771060330E-005
 min=   0.0000000000000000     
       n_pass,     n_total
      190000      190075
 ITERATION           10 :
   1.1704001538737330E-005 +\-   1.0759951403615111E-009
 precision:   9.1933954109646625E-005
 ====================NCALL=40K ===========================
  
 max=   2.0398138412739837E-005
 min=   0.0000000000000000     
       n_pass,     n_total
      200000      200094
 max=   2.0398138412739837E-005
 min=   0.0000000000000000     
       n_pass,     n_total
      210000      210094
 max=   2.0398138412739837E-005
 min=   0.0000000000000000     
       n_pass,     n_total
      220000      220094
 max=   2.0398138412739837E-005
 min=   0.0000000000000000     
       n_pass,     n_total
      230000      230094
   1.1704461512256669E-005 +\-   5.8028978759300902E-010
 precision:   4.9578512175493218E-005
 ====================NCALL=80K ===========================
  
 max=   2.0398168069789426E-005
 min=   0.0000000000000000     
       n_pass,     n_total
      240000      240154
 max=   2.0398168069789426E-005
 min=   0.0000000000000000     
       n_pass,     n_total
      250000      250154
 max=   2.0398168069789426E-005
 min=   0.0000000000000000     
       n_pass,     n_total
      260000      260154
 max=   2.0398168069789426E-005
 min=   0.0000000000000000     
       n_pass,     n_total
      270000      270154
 max=   2.0398168069789426E-005
 min=   0.0000000000000000     
       n_pass,     n_total
      280000      280154
 max=   2.0398168069789426E-005
 min=   0.0000000000000000     
       n_pass,     n_total
      290000      290154
 max=   2.0398168069789426E-005
 min=   0.0000000000000000     
       n_pass,     n_total
      300000      300154
 max=   2.0398168069789426E-005
 min=   0.0000000000000000     
       n_pass,     n_total
      310000      310154
   1.1703761821966740E-005 +\-   3.1003196202018889E-010
 precision:   2.6489941160481516E-005
 sigma (pb)                   sd (pb)
   1.1703761821966740E-005   3.1003196202018889E-010
