 =======================================================
 |                                                     |
 |         \/\/\/\/\/\___________/\/\/\/\/\/           |
 |                   |     \     |                     |
 |                   |     /     |                     |
 |                   |     \     |                     |
 |         /\/\/\/\/\|_____/_____|/\/\/\/\/\           |
 |                                                     |
 | Light-by-light scattering at next-to-leading order  |
 |                   (VERSION 0.5)                     |
 |                                                     |
 |    Authors:                                         |
 |            Ajjath A.H. (LPTHE Paris)                |
 |            Ekta Chaubey (Bonn)                      |
 |            Mathijs Fraaije (Bern)                   |
 |            Valentin Hirschi (Bern)                  |
 |            Hua-Sheng Shao (LPTHE Paris)             |
 |                                                     |
 |    Please cite                                      |
 |            PLB 851 (2024) 138555 [arXiv:2312.16956] |
 |            JHEP 03 (2024) 121    [arXiv:2312.16966] |
 |                                                     |
 =======================================================
 ---------------------------------------------------
         the cuts in the lab frame                  
 min transverse momentum of photon    0.0000000000000000     
 max (pseudo-)rapidity of photon    5.0000000000000000     
 min (pseudo-)rapidity of photon   -5.0000000000000000     
 min invariant mass of di-photon    0.0000000000000000     
 ---------------------------------------------------
 max=   31706.938611336482     
 min=   0.0000000000000000     
       n_pass,     n_total
       10000       10000
  
 ====================NCALL=20K===========================
  
 ITERATION            1 :
   359.03901020810855      +\-   3.7648336919808427     
 precision:   1.0485862496664763E-002
 WARNING: outside the range of the grid (xs,xt)=  0.45915794163510804      -0.45913642953855388     
 WARNING: set the 2-loop amplitudes to zero
 WARNING: outside the range of the grid (xs,xt)=  0.44575259515570931      -0.44573171111560733     
 WARNING: set the 2-loop amplitudes to zero
 WARNING: outside the range of the grid (xs,xt)=  0.21461474385672641      -0.21460468890030915     
 WARNING: set the 2-loop amplitudes to zero
 WARNING: outside the range of the grid (xs,xt)=   2.2901777777777781E-002  -2.2900704802206320E-002
 WARNING: set the 2-loop amplitudes to zero
 WARNING: outside the range of the grid (xs,xt)=   197337.63274497268       -197328.38724179298     
 WARNING: set the 2-loop amplitudes to zero
 INFO: will suppress the further warning
 max=   36041.574420279467     
 min=   0.0000000000000000     
       n_pass,     n_total
       20000       20009
 max=   36041.574420279467     
 min=   0.0000000000000000     
       n_pass,     n_total
       30000       30009
 ITERATION            2 :
   354.77023620041263      +\-  0.98472873855788234     
 precision:   2.7756802518281182E-003
 max=   36996.447074148418     
 min=   0.0000000000000000     
       n_pass,     n_total
       40000       40045
 max=   36996.447074148418     
 min=   0.0000000000000000     
       n_pass,     n_total
       50000       50045
 ITERATION            3 :
   354.77017353557420      +\-  0.32046470433353691     
 precision:   9.0330227352498297E-004
 max=   37002.277917564003     
 min=   0.0000000000000000     
       n_pass,     n_total
       60000       60181
 max=   37002.277917564003     
 min=   0.0000000000000000     
       n_pass,     n_total
       70000       70181
 ITERATION            4 :
   354.92713737589230      +\-  0.19390272823944266     
 precision:   5.4631699811132312E-004
 max=   37002.277917564003     
 min=   0.0000000000000000     
       n_pass,     n_total
       80000       80540
 max=   37002.277917564003     
 min=   0.0000000000000000     
       n_pass,     n_total
       90000       90540
 ITERATION            5 :
   354.72714918302000      +\-  0.13517039830513722     
 precision:   3.8105456155935953E-004
 max=   37002.277917564003     
 min=   0.0000000000000000     
       n_pass,     n_total
      100000      101123
 max=   37002.277917564003     
 min=   0.0000000000000000     
       n_pass,     n_total
      110000      111123
 ITERATION            6 :
   354.75269736405488      +\-  0.11468800898013527     
 precision:   3.2329002663633013E-004
 max=   37059.457134523895     
 min=   0.0000000000000000     
       n_pass,     n_total
      120000      121811
 max=   37059.457134523895     
 min=   0.0000000000000000     
       n_pass,     n_total
      130000      131811
 ITERATION            7 :
   354.95562060140730      +\-  0.10584390937685625     
 precision:   2.9818913473612035E-004
 max=   37059.457134523895     
 min=   0.0000000000000000     
       n_pass,     n_total
      140000      142460
 max=   37059.457134523895     
 min=   0.0000000000000000     
       n_pass,     n_total
      150000      152460
 ITERATION            8 :
   354.68638507662672      +\-  0.10442755624664918     
 precision:   2.9442222944105559E-004
 max=   37059.457134523895     
 min=   0.0000000000000000     
       n_pass,     n_total
      160000      163064
 max=   37059.457134523895     
 min=   0.0000000000000000     
       n_pass,     n_total
      170000      173064
 ITERATION            9 :
   354.80799719510628      +\-   9.8040984383588228E-002
 precision:   2.7632123615769637E-004
 max=   37059.457134523895     
 min=   0.0000000000000000     
       n_pass,     n_total
      180000      183430
 max=   37059.457134523895     
 min=   0.0000000000000000     
       n_pass,     n_total
      190000      193430
 ITERATION           10 :
   354.88393040132286      +\-  0.11123980833010369     
 precision:   3.1345405863913707E-004
 ====================NCALL=40K ===========================
  
 max=   37059.457134523895     
 min=   0.0000000000000000     
       n_pass,     n_total
      200000      204366
 max=   37059.457134523895     
 min=   0.0000000000000000     
       n_pass,     n_total
      210000      214366
 max=   37059.457134523895     
 min=   0.0000000000000000     
       n_pass,     n_total
      220000      224366
 max=   37059.457134523895     
 min=   0.0000000000000000     
       n_pass,     n_total
      230000      234366
   354.91461000725900      +\-   6.0619183900449972E-002
 precision:   1.7079934776201560E-004
 ====================NCALL=80K ===========================
  
 max=   37059.457134523895     
 min=   0.0000000000000000     
       n_pass,     n_total
      240000      246886
 max=   37059.457134523895     
 min=   0.0000000000000000     
       n_pass,     n_total
      250000      256886
 max=   37059.457134523895     
 min=   0.0000000000000000     
       n_pass,     n_total
      260000      266886
 max=   37059.457134523895     
 min=   0.0000000000000000     
       n_pass,     n_total
      270000      276886
 max=   37059.457134523895     
 min=   0.0000000000000000     
       n_pass,     n_total
      280000      286886
 max=   37059.457134523895     
 min=   0.0000000000000000     
       n_pass,     n_total
      290000      296886
 max=   37059.457134523895     
 min=   0.0000000000000000     
       n_pass,     n_total
      300000      306886
   354.81199046624675      +\-   2.6847134489510462E-002
 precision:   7.5665803893018181E-005
 sigma (pb)                   sd (pb)
   354.81199046624675        2.6847134489510462E-002
