 =======================================================
 |                                                     |
 |         \/\/\/\/\/\___________/\/\/\/\/\/           |
 |                   |     \     |                     |
 |                   |     /     |                     |
 |                   |     \     |                     |
 |         /\/\/\/\/\|_____/_____|/\/\/\/\/\           |
 |                                                     |
 | Light-by-light scattering at next-to-leading order  |
 |                   (VERSION 0.5)                     |
 |                                                     |
 |    Authors:                                         |
 |            Ajjath A.H. (LPTHE Paris)                |
 |            Ekta Chaubey (Bonn)                      |
 |            Mathijs Fraaije (Bern)                   |
 |            Valentin Hirschi (Bern)                  |
 |            Hua-Sheng Shao (LPTHE Paris)             |
 |                                                     |
 |    Please cite                                      |
 |            PLB 851 (2024) 138555 [arXiv:2312.16956] |
 |            JHEP 03 (2024) 121    [arXiv:2312.16966] |
 |                                                     |
 =======================================================
 ---------------------------------------------------
         the cuts in the lab frame                  
 min transverse momentum of photon    0.0000000000000000     
 max (pseudo-)rapidity of photon    5.0000000000000000     
 min (pseudo-)rapidity of photon   -5.0000000000000000     
 min invariant mass of di-photon    0.0000000000000000     
 ---------------------------------------------------
 WARNING: outside the range of the grid (xs,xt)=   1.2395179849837148       -1.2395179725918863     
 WARNING: set the 2-loop amplitudes to zero
 WARNING: outside the range of the grid (xs,xt)=   1.2395727436508310       -1.2395727312584552     
 WARNING: set the 2-loop amplitudes to zero
 WARNING: outside the range of the grid (xs,xt)=   1.2395213182411271       -1.2395213058492653     
 WARNING: set the 2-loop amplitudes to zero
 WARNING: outside the range of the grid (xs,xt)=   1.2397870757019822       -1.2397870633074644     
 WARNING: set the 2-loop amplitudes to zero
 WARNING: outside the range of the grid (xs,xt)=   1.2397079742235431       -1.2397079618298157     
 WARNING: set the 2-loop amplitudes to zero
 INFO: will suppress the further warning
 max=   376955885336727.88     
 min=   0.0000000000000000     
       n_pass,     n_total
       10000       10000
  
 ====================NCALL=20K===========================
  
 ITERATION            1 :
   62222262987.561958      +\-   26055363800.345741     
 precision:  0.41874664387494442     
 max=   843141659974770.62     
 min=   0.0000000000000000     
       n_pass,     n_total
       20000       20015
 max=   843141659974770.62     
 min=   0.0000000000000000     
       n_pass,     n_total
       30000       30015
 ITERATION            2 :
   72178960921.490967      +\-   19241635746.087711     
 precision:  0.26658233230895123     
 max=   947733121350049.25     
 min=   0.0000000000000000     
       n_pass,     n_total
       40000       40069
 max=   947733121350049.25     
 min=   0.0000000000000000     
       n_pass,     n_total
       50000       50069
 ITERATION            3 :
   103677445014.69852      +\-   7647416530.8459225     
 precision:   7.3761622209746164E-002
 max=   1413430592386941.2     
 min=   0.0000000000000000     
       n_pass,     n_total
       60000       60395
 max=   1413430592386941.2     
 min=   0.0000000000000000     
       n_pass,     n_total
       70000       70395
 ITERATION            4 :
   95239840170.694168      +\-   1156686351.2219882     
 precision:   1.2144984169953564E-002
 max=   1518433189140195.0     
 min=   0.0000000000000000     
       n_pass,     n_total
       80000       82922
 max=   1518433189140195.0     
 min=   0.0000000000000000     
       n_pass,     n_total
       90000       92922
 ITERATION            5 :
   97260971720.527145      +\-   224900896.75730479     
 precision:   2.3123447440309601E-003
 max=   1542558755826142.0     
 min=   0.0000000000000000     
       n_pass,     n_total
      100000      109066
 ITERATION            6 :
   96466879518.418427      +\-   83507592.639673546     
 precision:   8.6566076415615207E-004
 max=   1542558755826142.0     
 min=   0.0000000000000000     
       n_pass,     n_total
      110000      123874
 max=   1542558755826142.0     
 min=   0.0000000000000000     
       n_pass,     n_total
      120000      133874
 ITERATION            7 :
   95831961102.705338      +\-   41681801.578979023     
 precision:   4.3494676618698920E-004
 max=   1542851069659068.5     
 min=   0.0000000000000000     
       n_pass,     n_total
      130000      147273
 ITERATION            8 :
   94429988363.530197      +\-   30020657.766161148     
 precision:   3.1791444949235456E-004
 max=   1542851069659068.5     
 min=   0.0000000000000000     
       n_pass,     n_total
      140000      160109
 max=   1542851069659068.5     
 min=   0.0000000000000000     
       n_pass,     n_total
      150000      170109
 ITERATION            9 :
   90689771069.223068      +\-   23990364.952648006     
 precision:   2.6453220324413739E-004
 max=   1542851069659068.5     
 min=   0.0000000000000000     
       n_pass,     n_total
      160000      181821
 max=   1542851069659068.5     
 min=   0.0000000000000000     
       n_pass,     n_total
      170000      191821
 ITERATION           10 :
   94421456685.872894      +\-   1361121365.2042458     
 precision:   1.4415381979675531E-002
 ====================NCALL=40K ===========================
  
 max=   1542851069659068.5     
 min=   0.0000000000000000     
       n_pass,     n_total
      180000      204450
 max=   1542851069659068.5     
 min=   0.0000000000000000     
       n_pass,     n_total
      190000      214450
 max=   1542851069659068.5     
 min=   0.0000000000000000     
       n_pass,     n_total
      200000      224450
   100040250278.24495      +\-   2618909064.3633461     
 precision:   2.6178553702927529E-002
 ====================NCALL=80K ===========================
  
 max=   1542851069659068.5     
 min=   0.0000000000000000     
       n_pass,     n_total
      210000      241695
 max=   1542851069659068.5     
 min=   0.0000000000000000     
       n_pass,     n_total
      220000      251695
 max=   1542851069659068.5     
 min=   0.0000000000000000     
       n_pass,     n_total
      230000      261695
 max=   1542851069659068.5     
 min=   0.0000000000000000     
       n_pass,     n_total
      240000      271695
 max=   1542851069659068.5     
 min=   0.0000000000000000     
       n_pass,     n_total
      250000      281695
 max=   1542851069659068.5     
 min=   0.0000000000000000     
       n_pass,     n_total
      260000      291695
 max=   1542851069659068.5     
 min=   0.0000000000000000     
       n_pass,     n_total
      270000      301695
 max=   1542851069659068.5     
 min=   0.0000000000000000     
       n_pass,     n_total
      280000      311695
   97603834204.849472      +\-   270528005.66260821     
 precision:   2.7716944510072020E-003
 sigma (pb)                   sd (pb)
   97603834204.849472        270528005.66260821     
