 =======================================================
 |                                                     |
 |         \/\/\/\/\/\___________/\/\/\/\/\/           |
 |                   |     \     |                     |
 |                   |     /     |                     |
 |                   |     \     |                     |
 |         /\/\/\/\/\|_____/_____|/\/\/\/\/\           |
 |                                                     |
 | Light-by-light scattering at next-to-leading order  |
 |                   (VERSION 0.5)                     |
 |                                                     |
 |    Authors:                                         |
 |            Ajjath A.H. (LPTHE Paris)                |
 |            Ekta Chaubey (Bonn)                      |
 |            Mathijs Fraaije (Bern)                   |
 |            Valentin Hirschi (Bern)                  |
 |            Hua-Sheng Shao (LPTHE Paris)             |
 |                                                     |
 |    Please cite                                      |
 |            PLB 851 (2024) 138555 [arXiv:2312.16956] |
 |            JHEP 03 (2024) 121    [arXiv:2312.16966] |
 |                                                     |
 =======================================================
 ---------------------------------------------------
         the cuts in the lab frame                  
 min transverse momentum of photon    0.0000000000000000     
 max (pseudo-)rapidity of photon    5.0000000000000000     
 min (pseudo-)rapidity of photon   -5.0000000000000000     
 min invariant mass of di-photon    0.0000000000000000     
 ---------------------------------------------------
 max=   1249.3142626849126     
 min=   0.0000000000000000     
       n_pass,     n_total
       10000       10000
  
 ====================NCALL=20K===========================
  
 ITERATION            1 :
   53.628293553881740      +\-  0.14467071120189656     
 precision:   2.6976564349664072E-003
 WARNING: outside the range of the grid (xs,xt)=   18.993985297393625       -18.993039208692679     
 WARNING: set the 2-loop amplitudes to zero
 WARNING: outside the range of the grid (xs,xt)=   18.439446366782001       -18.438527899615362     
 WARNING: set the 2-loop amplitudes to zero
 WARNING: outside the range of the grid (xs,xt)=   8.8779675135360261       -8.8775253027719128     
 WARNING: set the 2-loop amplitudes to zero
 WARNING: outside the range of the grid (xs,xt)=  0.94737777777777765      -0.94733058897579392     
 WARNING: set the 2-loop amplitudes to zero
 WARNING: outside the range of the grid (xs,xt)=   9.4475346260387796E-002  -9.4470640451879723E-002
 WARNING: set the 2-loop amplitudes to zero
 INFO: will suppress the further warning
 max=   1405.7655180657791     
 min=   0.0000000000000000     
       n_pass,     n_total
       20000       20007
 max=   1405.7655180657791     
 min=   0.0000000000000000     
       n_pass,     n_total
       30000       30007
 ITERATION            2 :
   53.432907017760336      +\-   3.7475426535340771E-002
 precision:   7.0135481348384198E-004
 max=   1405.7655180657791     
 min=   0.0000000000000000     
       n_pass,     n_total
       40000       40035
 max=   1405.7655180657791     
 min=   0.0000000000000000     
       n_pass,     n_total
       50000       50035
 ITERATION            3 :
   53.401068567106400      +\-   1.7096885052358287E-002
 precision:   3.2015998014859015E-004
 max=   1410.4483943837361     
 min=   0.0000000000000000     
       n_pass,     n_total
       60000       60115
 max=   1410.4483943837361     
 min=   0.0000000000000000     
       n_pass,     n_total
       70000       70115
 ITERATION            4 :
   53.411365110279313      +\-   1.3533720928363942E-002
 precision:   2.5338653862189532E-004
 max=   1410.5309320572169     
 min=   0.0000000000000000     
       n_pass,     n_total
       80000       80292
 max=   1410.5309320572169     
 min=   0.0000000000000000     
       n_pass,     n_total
       90000       90292
 ITERATION            5 :
   53.398730513298716      +\-   1.1155172629568151E-002
 precision:   2.0890333014171573E-004
 max=   1410.9467538567869     
 min=   0.0000000000000000     
       n_pass,     n_total
      100000      100576
 max=   1410.9467538567869     
 min=   0.0000000000000000     
       n_pass,     n_total
      110000      110576
 ITERATION            6 :
   53.409960735658970      +\-   9.6639161282479156E-003
 precision:   1.8093846157418792E-004
 max=   1410.9467538567869     
 min=   0.0000000000000000     
       n_pass,     n_total
      120000      120859
 max=   1410.9467538567869     
 min=   0.0000000000000000     
       n_pass,     n_total
      130000      130859
 ITERATION            7 :
   53.429421112733465      +\-   9.0991761559768743E-003
 precision:   1.7030272771958465E-004
 max=   1410.9467538567869     
 min=   0.0000000000000000     
       n_pass,     n_total
      140000      141217
 max=   1410.9467538567869     
 min=   0.0000000000000000     
       n_pass,     n_total
      150000      151217
 ITERATION            8 :
   53.397151678363841      +\-   9.0715005583340558E-003
 precision:   1.6988734929113767E-004
 max=   1410.9467538567869     
 min=   0.0000000000000000     
       n_pass,     n_total
      160000      161459
 max=   1410.9467538567869     
 min=   0.0000000000000000     
       n_pass,     n_total
      170000      171459
 ITERATION            9 :
   53.409481717002592      +\-   8.9592245187298629E-003
 precision:   1.6774595503849923E-004
 max=   1410.9467538567869     
 min=   0.0000000000000000     
       n_pass,     n_total
      180000      181849
 max=   1410.9467538567869     
 min=   0.0000000000000000     
       n_pass,     n_total
      190000      191849
 ITERATION           10 :
   53.416599055027120      +\-   1.0314610078980494E-002
 precision:   1.9309746897878873E-004
 ====================NCALL=40K ===========================
  
 max=   1410.9467538567869     
 min=   0.0000000000000000     
       n_pass,     n_total
      200000      202057
 max=   1410.9467538567869     
 min=   0.0000000000000000     
       n_pass,     n_total
      210000      212057
 max=   1410.9467538567869     
 min=   0.0000000000000000     
       n_pass,     n_total
      220000      222057
 max=   1410.9467538567869     
 min=   0.0000000000000000     
       n_pass,     n_total
      230000      232057
   53.414016423493180      +\-   5.4722546432150257E-003
 precision:   1.0244978770793493E-004
 ====================NCALL=80K ===========================
  
 max=   1411.3853271897372     
 min=   0.0000000000000000     
       n_pass,     n_total
      240000      243245
 max=   1411.3853271897372     
 min=   0.0000000000000000     
       n_pass,     n_total
      250000      253245
 max=   1411.3853271897372     
 min=   0.0000000000000000     
       n_pass,     n_total
      260000      263245
 max=   1411.3853271897372     
 min=   0.0000000000000000     
       n_pass,     n_total
      270000      273245
 max=   1411.3853271897372     
 min=   0.0000000000000000     
       n_pass,     n_total
      280000      283245
 max=   1411.3853271897372     
 min=   0.0000000000000000     
       n_pass,     n_total
      290000      293245
 max=   1411.3853271897372     
 min=   0.0000000000000000     
       n_pass,     n_total
      300000      303245
 max=   1411.3853271897372     
 min=   0.0000000000000000     
       n_pass,     n_total
      310000      313245
   53.414379055508988      +\-   2.4106150868291837E-003
 precision:   4.5130452313674521E-005
 sigma (pb)                   sd (pb)
   53.414379055508988        2.4106150868291837E-003
