 =======================================================
 |                                                     |
 |         \/\/\/\/\/\___________/\/\/\/\/\/           |
 |                   |     \     |                     |
 |                   |     /     |                     |
 |                   |     \     |                     |
 |         /\/\/\/\/\|_____/_____|/\/\/\/\/\           |
 |                                                     |
 | Light-by-light scattering at next-to-leading order  |
 |                   (VERSION 0.5)                     |
 |                                                     |
 |    Authors:                                         |
 |            Ajjath A.H. (LPTHE Paris)                |
 |            Ekta Chaubey (Bonn)                      |
 |            Mathijs Fraaije (Bern)                   |
 |            Valentin Hirschi (Bern)                  |
 |            Hua-Sheng Shao (LPTHE Paris)             |
 |                                                     |
 |    Please cite                                      |
 |            PLB 851 (2024) 138555 [arXiv:2312.16956] |
 |            JHEP 03 (2024) 121    [arXiv:2312.16966] |
 |                                                     |
 =======================================================
 ---------------------------------------------------
         the cuts in the lab frame                  
 min transverse momentum of photon    0.0000000000000000     
 max (pseudo-)rapidity of photon    5.0000000000000000     
 min (pseudo-)rapidity of photon   -5.0000000000000000     
 min invariant mass of di-photon    0.0000000000000000     
 ---------------------------------------------------
 max=   1176979.5351482229     
 min=   0.0000000000000000     
       n_pass,     n_total
       10000       10000
  
 ====================NCALL=20K===========================
  
 ITERATION            1 :
   67444.224041568581      +\-   203.65002583572681     
 precision:   3.0195324911768445E-003
 max=   1183888.3043297096     
 min=   0.0000000000000000     
       n_pass,     n_total
       20000       20007
 max=   1183888.3043297096     
 min=   0.0000000000000000     
       n_pass,     n_total
       30000       30007
 ITERATION            2 :
   67046.214951259768      +\-   32.041101231977748     
 precision:   4.7789575079324760E-004
 WARNING: outside the range of the grid (xs,xt)=   1370.8832303797856       -1370.8200743215536     
 WARNING: set the 2-loop amplitudes to zero
 WARNING: outside the range of the grid (xs,xt)=   2.7836597830718932E-002  -2.7835315409463338E-002
 WARNING: set the 2-loop amplitudes to zero
 WARNING: outside the range of the grid (xs,xt)=   1370.8832303797856       -1370.8199684125934     
 WARNING: set the 2-loop amplitudes to zero
 WARNING: outside the range of the grid (xs,xt)=   2.7836597830718932E-002  -2.7835313258919026E-002
 WARNING: set the 2-loop amplitudes to zero
 WARNING: outside the range of the grid (xs,xt)=   1370.8832303797856       -1370.8171284028344     
 WARNING: set the 2-loop amplitudes to zero
 INFO: will suppress the further warning
 max=   1186395.1040849171     
 min=   0.0000000000000000     
       n_pass,     n_total
       40000       40031
 max=   1186395.1040849171     
 min=   0.0000000000000000     
       n_pass,     n_total
       50000       50031
 ITERATION            3 :
   67024.680178204639      +\-   21.083430190952463     
 precision:   3.1456219014989735E-004
 max=   1186741.9203421294     
 min=   0.0000000000000000     
       n_pass,     n_total
       60000       60099
 max=   1186741.9203421294     
 min=   0.0000000000000000     
       n_pass,     n_total
       70000       70099
 ITERATION            4 :
   67013.368355485072      +\-   17.900095655814134     
 precision:   2.6711231049989453E-004
 max=   1188590.6354471729     
 min=   0.0000000000000000     
       n_pass,     n_total
       80000       80221
 max=   1188590.6354471729     
 min=   0.0000000000000000     
       n_pass,     n_total
       90000       90221
 ITERATION            5 :
   67012.867352721689      +\-   15.230909272591413     
 precision:   2.2728335429110418E-004
 max=   1188590.6354471729     
 min=   0.0000000000000000     
       n_pass,     n_total
      100000      100403
 max=   1188590.6354471729     
 min=   0.0000000000000000     
       n_pass,     n_total
      110000      110403
 ITERATION            6 :
   67007.071523977647      +\-   14.151755038524190     
 precision:   2.1119793354138988E-004
 max=   1188590.6354471729     
 min=   0.0000000000000000     
       n_pass,     n_total
      120000      120596
 max=   1188590.6354471729     
 min=   0.0000000000000000     
       n_pass,     n_total
      130000      130596
 ITERATION            7 :
   67042.804399022047      +\-   13.704696069328905     
 precision:   2.0441710623800839E-004
 max=   1190745.6489630397     
 min=   0.0000000000000000     
       n_pass,     n_total
      140000      140806
 max=   1190745.6489630397     
 min=   0.0000000000000000     
       n_pass,     n_total
      150000      150806
 ITERATION            8 :
   66999.958532497709      +\-   13.525136809438040     
 precision:   2.0186783851332979E-004
 max=   1191363.0943187203     
 min=   0.0000000000000000     
       n_pass,     n_total
      160000      161025
 max=   1191363.0943187203     
 min=   0.0000000000000000     
       n_pass,     n_total
      170000      171025
 ITERATION            9 :
   67017.603765839376      +\-   13.175931916406464     
 precision:   1.9660404395303941E-004
 max=   1191363.0943187203     
 min=   0.0000000000000000     
       n_pass,     n_total
      180000      181271
 max=   1191363.0943187203     
 min=   0.0000000000000000     
       n_pass,     n_total
      190000      191271
 ITERATION           10 :
   67030.328233752080      +\-   13.349317034188365     
 precision:   1.9915338900976058E-004
 ====================NCALL=40K ===========================
  
 max=   1191363.0943187203     
 min=   0.0000000000000000     
       n_pass,     n_total
      200000      201643
 max=   1191363.0943187203     
 min=   0.0000000000000000     
       n_pass,     n_total
      210000      211643
 max=   1191363.0943187203     
 min=   0.0000000000000000     
       n_pass,     n_total
      220000      221643
 max=   1191363.0943187203     
 min=   0.0000000000000000     
       n_pass,     n_total
      230000      231643
   67029.156543763995      +\-   6.3681514725043735     
 precision:   9.5005693057565848E-005
 ====================NCALL=80K ===========================
  
 max=   1191363.0943187203     
 min=   0.0000000000000000     
       n_pass,     n_total
      240000      242234
 max=   1191363.0943187203     
 min=   0.0000000000000000     
       n_pass,     n_total
      250000      252234
 max=   1191363.0943187203     
 min=   0.0000000000000000     
       n_pass,     n_total
      260000      262234
 max=   1191363.0943187203     
 min=   0.0000000000000000     
       n_pass,     n_total
      270000      272234
 max=   1191363.0943187203     
 min=   0.0000000000000000     
       n_pass,     n_total
      280000      282234
 max=   1191363.0943187203     
 min=   0.0000000000000000     
       n_pass,     n_total
      290000      292234
 max=   1191363.0943187203     
 min=   0.0000000000000000     
       n_pass,     n_total
      300000      302234
 max=   1191363.0943187203     
 min=   0.0000000000000000     
       n_pass,     n_total
      310000      312234
   67021.204882736231      +\-   3.1027507632651150     
 precision:   4.6295060924282820E-005
 sigma (pb)                   sd (pb)
   67021.204882736231        3.1027507632651150     
