 =======================================================
 |                                                     |
 |         \/\/\/\/\/\___________/\/\/\/\/\/           |
 |                   |     \     |                     |
 |                   |     /     |                     |
 |                   |     \     |                     |
 |         /\/\/\/\/\|_____/_____|/\/\/\/\/\           |
 |                                                     |
 | Light-by-light scattering at next-to-leading order  |
 |                   (VERSION 0.5)                     |
 |                                                     |
 |    Authors:                                         |
 |            Ajjath A.H. (LPTHE Paris)                |
 |            Ekta Chaubey (Bonn)                      |
 |            Mathijs Fraaije (Bern)                   |
 |            Valentin Hirschi (Bern)                  |
 |            Hua-Sheng Shao (LPTHE Paris)             |
 |                                                     |
 |    Please cite                                      |
 |            PLB 851 (2024) 138555 [arXiv:2312.16956] |
 |            JHEP 03 (2024) 121    [arXiv:2312.16966] |
 |                                                     |
 =======================================================
 ---------------------------------------------------
         the cuts in the lab frame                  
 min transverse momentum of photon    0.0000000000000000     
 max (pseudo-)rapidity of photon    5.0000000000000000     
 min (pseudo-)rapidity of photon   -5.0000000000000000     
 min invariant mass of di-photon    0.0000000000000000     
 ---------------------------------------------------
 max=   9.7599453011047401E-006
 min=   0.0000000000000000     
       n_pass,     n_total
       10000       10000
  
 ====================NCALL=20K===========================
  
 ITERATION            1 :
   5.1279457342683305E-006 +\-   1.9484266803296577E-009
 precision:   3.7996242185422903E-004
 max=   9.7599453011047401E-006
 min=   0.0000000000000000     
       n_pass,     n_total
       20000       20001
 max=   9.7599453011047401E-006
 min=   0.0000000000000000     
       n_pass,     n_total
       30000       30001
 ITERATION            2 :
   5.1274663788853022E-006 +\-   1.1448458921808959E-009
 precision:   2.2327711340932915E-004
 max=   9.7610026393721415E-006
 min=   0.0000000000000000     
       n_pass,     n_total
       40000       40002
 max=   9.7610026393721415E-006
 min=   0.0000000000000000     
       n_pass,     n_total
       50000       50002
 ITERATION            3 :
   5.1267416861616836E-006 +\-   7.2732996904670720E-010
 precision:   1.4186982952738711E-004
 max=   9.7610026393721415E-006
 min=   0.0000000000000000     
       n_pass,     n_total
       60000       60005
 max=   9.7610026393721415E-006
 min=   0.0000000000000000     
       n_pass,     n_total
       70000       70005
 ITERATION            4 :
   5.1267515138869379E-006 +\-   5.1213084265614352E-010
 precision:   9.9893829702673144E-005
 max=   9.7610026393721415E-006
 min=   0.0000000000000000     
       n_pass,     n_total
       80000       80009
 max=   9.7610026393721415E-006
 min=   0.0000000000000000     
       n_pass,     n_total
       90000       90009
 ITERATION            5 :
   5.1248604198351367E-006 +\-   6.8849555746873077E-010
 precision:   1.3434425546576725E-004
 max=   9.7610026393721415E-006
 min=   0.0000000000000000     
       n_pass,     n_total
      100000      100017
 max=   9.7610026393721415E-006
 min=   0.0000000000000000     
       n_pass,     n_total
      110000      110017
 ITERATION            6 :
   5.1260729008760560E-006 +\-   6.1342934887226912E-010
 precision:   1.1966847930848444E-004
 max=   9.7610026393721415E-006
 min=   0.0000000000000000     
       n_pass,     n_total
      120000      120028
 max=   9.7610026393721415E-006
 min=   0.0000000000000000     
       n_pass,     n_total
      130000      130028
 ITERATION            7 :
   5.1256602280032671E-006 +\-   6.7735382707851465E-010
 precision:   1.3214957623954368E-004
 max=   9.7610026393721415E-006
 min=   0.0000000000000000     
       n_pass,     n_total
      140000      140041
 max=   9.7610026393721415E-006
 min=   0.0000000000000000     
       n_pass,     n_total
      150000      150041
 ITERATION            8 :
   5.1255968280196033E-006 +\-   6.3946407402698314E-010
 precision:   1.2475894914935309E-004
 max=   9.7610026393721415E-006
 min=   0.0000000000000000     
       n_pass,     n_total
      160000      160056
 max=   9.7610026393721415E-006
 min=   0.0000000000000000     
       n_pass,     n_total
      170000      170056
 ITERATION            9 :
   5.1265677010094086E-006 +\-   6.3958681182055041E-010
 precision:   1.2475926372621928E-004
 max=   9.7610026393721415E-006
 min=   0.0000000000000000     
       n_pass,     n_total
      180000      180068
 max=   9.7610026393721415E-006
 min=   0.0000000000000000     
       n_pass,     n_total
      190000      190068
 ITERATION           10 :
   5.1261764704274337E-006 +\-   5.7730458572975716E-010
 precision:   1.1261894495052763E-004
 ====================NCALL=40K ===========================
  
 max=   9.7610026393721415E-006
 min=   0.0000000000000000     
       n_pass,     n_total
      200000      200084
 max=   9.7610026393721415E-006
 min=   0.0000000000000000     
       n_pass,     n_total
      210000      210084
 max=   9.7610026393721415E-006
 min=   0.0000000000000000     
       n_pass,     n_total
      220000      220084
 max=   9.7610026393721415E-006
 min=   0.0000000000000000     
       n_pass,     n_total
      230000      230084
   5.1263122697696564E-006 +\-   2.9350442832106872E-010
 precision:   5.7254496580688581E-005
 ====================NCALL=80K ===========================
  
 max=   9.7610026393721415E-006
 min=   0.0000000000000000     
       n_pass,     n_total
      240000      240140
 max=   9.7610026393721415E-006
 min=   0.0000000000000000     
       n_pass,     n_total
      250000      250140
 max=   9.7610026393721415E-006
 min=   0.0000000000000000     
       n_pass,     n_total
      260000      260140
 max=   9.7610026393721415E-006
 min=   0.0000000000000000     
       n_pass,     n_total
      270000      270140
 max=   9.7610026393721415E-006
 min=   0.0000000000000000     
       n_pass,     n_total
      280000      280140
 max=   9.7610026393721415E-006
 min=   0.0000000000000000     
       n_pass,     n_total
      290000      290140
 max=   9.7610026393721415E-006
 min=   0.0000000000000000     
       n_pass,     n_total
      300000      300140
 max=   9.7610026393721415E-006
 min=   0.0000000000000000     
       n_pass,     n_total
      310000      310140
   5.1261050401105628E-006 +\-   1.7691092338090613E-010
 precision:   3.4511763219173213E-005
 sigma (pb)                   sd (pb)
   5.1261050401105628E-006   1.7691092338090613E-010
